[2024-02-13T12:12:32.168+0000] {taskinstance.py:1956} INFO - Dependencies all met for dep_context=non-requeueable deps ti=<TaskInstance: baserowdata.consumer_task scheduled__2024-02-12T01:50:00+00:00 [queued]>
[2024-02-13T12:12:32.292+0000] {taskinstance.py:1956} INFO - Dependencies all met for dep_context=requeueable deps ti=<TaskInstance: baserowdata.consumer_task scheduled__2024-02-12T01:50:00+00:00 [queued]>
[2024-02-13T12:12:32.293+0000] {taskinstance.py:2170} INFO - Starting attempt 1 of 1
[2024-02-13T12:12:32.408+0000] {taskinstance.py:2191} INFO - Executing <Task(PythonOperator): consumer_task> on 2024-02-12 01:50:00+00:00
[2024-02-13T12:12:32.424+0000] {standard_task_runner.py:60} INFO - Started process 118 to run task
[2024-02-13T12:12:32.473+0000] {standard_task_runner.py:87} INFO - Running: ['***', 'tasks', 'run', 'baserowdata', 'consumer_task', 'scheduled__2024-02-12T01:50:00+00:00', '--job-id', '18', '--raw', '--subdir', 'DAGS_FOLDER/consumer_dag.py', '--cfg-path', '/tmp/tmp84_vjca6']
[2024-02-13T12:12:32.552+0000] {standard_task_runner.py:88} INFO - Job 18: Subtask consumer_task
[2024-02-13T12:12:32.906+0000] {task_command.py:423} INFO - Running <TaskInstance: baserowdata.consumer_task scheduled__2024-02-12T01:50:00+00:00 [running]> on host b9c9154d9bc2
[2024-02-13T12:12:33.219+0000] {taskinstance.py:2480} INFO - Exporting env vars: AIRFLOW_CTX_DAG_OWNER='***' AIRFLOW_CTX_DAG_ID='baserowdata' AIRFLOW_CTX_TASK_ID='consumer_task' AIRFLOW_CTX_EXECUTION_DATE='2024-02-12T01:50:00+00:00' AIRFLOW_CTX_TRY_NUMBER='1' AIRFLOW_CTX_DAG_RUN_ID='scheduled__2024-02-12T01:50:00+00:00'
[2024-02-13T12:12:34.077+0000] {logging_mixin.py:188} INFO - İstek başarılı.
[2024-02-13T12:12:34.707+0000] {logging_mixin.py:188} INFO - İstek başarılı.
[2024-02-13T12:12:35.341+0000] {logging_mixin.py:188} INFO - İstek başarılı.
[2024-02-13T12:12:35.893+0000] {logging_mixin.py:188} INFO - İstek başarılı.
[2024-02-13T12:12:36.529+0000] {logging_mixin.py:188} INFO - İstek başarılı.
[2024-02-13T12:12:37.163+0000] {logging_mixin.py:188} INFO - İstek başarılı.
[2024-02-13T12:12:37.907+0000] {logging_mixin.py:188} INFO - İstek başarılı.
[2024-02-13T12:12:38.576+0000] {logging_mixin.py:188} INFO - İstek başarılı.
[2024-02-13T12:12:39.872+0000] {logging_mixin.py:188} INFO - İstek başarılı.
[2024-02-13T12:12:40.625+0000] {logging_mixin.py:188} INFO - İstek başarılı.
[2024-02-13T12:12:41.291+0000] {logging_mixin.py:188} INFO - İstek başarılı.
[2024-02-13T12:12:41.303+0000] {logging_mixin.py:188} INFO - CSV dosyasında veri bulunmuyor. 10 dakika sonra tekrar kontrol edilecek.
[2024-02-13T12:12:41.304+0000] {logging_mixin.py:188} INFO - CSV dosyasında veri bulunmuyor. 10 dakika sonra tekrar kontrol edilecek.
[2024-02-13T12:12:41.305+0000] {logging_mixin.py:188} INFO - CSV dosyasında veri bulunmuyor. 10 dakika sonra tekrar kontrol edilecek.
[2024-02-13T12:12:41.305+0000] {logging_mixin.py:188} INFO - CSV dosyasında veri bulunmuyor. 10 dakika sonra tekrar kontrol edilecek.
[2024-02-13T12:12:41.865+0000] {logging_mixin.py:188} INFO - İstek başarılı.
[2024-02-13T12:12:42.472+0000] {logging_mixin.py:188} INFO - İstek başarılı.
[2024-02-13T12:12:43.045+0000] {logging_mixin.py:188} INFO - İstek başarılı.
[2024-02-13T12:12:43.846+0000] {logging_mixin.py:188} INFO - İstek başarılı.
[2024-02-13T12:12:44.519+0000] {logging_mixin.py:188} INFO - İstek başarılı.
[2024-02-13T12:12:45.209+0000] {logging_mixin.py:188} INFO - İstek başarılı.
[2024-02-13T12:12:45.840+0000] {logging_mixin.py:188} INFO - İstek başarılı.
[2024-02-13T12:12:46.391+0000] {logging_mixin.py:188} INFO - İstek başarılı.
[2024-02-13T12:12:46.938+0000] {logging_mixin.py:188} INFO - İstek başarılı.
[2024-02-13T12:12:47.488+0000] {logging_mixin.py:188} INFO - İstek başarılı.
[2024-02-13T12:12:48.018+0000] {logging_mixin.py:188} INFO - İstek başarılı.
[2024-02-13T12:12:48.490+0000] {logging_mixin.py:188} INFO - İstek başarılı.
[2024-02-13T12:12:49.084+0000] {logging_mixin.py:188} INFO - İstek başarılı.
[2024-02-13T12:12:49.667+0000] {logging_mixin.py:188} INFO - İstek başarılı.
[2024-02-13T12:12:50.237+0000] {logging_mixin.py:188} INFO - İstek başarılı.
[2024-02-13T12:12:50.758+0000] {logging_mixin.py:188} INFO - İstek başarılı.
[2024-02-13T12:12:51.261+0000] {logging_mixin.py:188} INFO - İstek başarılı.
[2024-02-13T12:12:51.786+0000] {logging_mixin.py:188} INFO - İstek başarılı.
[2024-02-13T12:12:52.297+0000] {logging_mixin.py:188} INFO - İstek başarılı.
[2024-02-13T12:12:53.028+0000] {logging_mixin.py:188} INFO - İstek başarılı.
[2024-02-13T12:12:53.547+0000] {logging_mixin.py:188} INFO - İstek başarılı.
[2024-02-13T12:12:54.141+0000] {logging_mixin.py:188} INFO - İstek başarılı.
[2024-02-13T12:12:54.669+0000] {logging_mixin.py:188} INFO - İstek başarılı.
[2024-02-13T12:12:55.135+0000] {logging_mixin.py:188} INFO - İstek başarılı.
[2024-02-13T12:12:55.594+0000] {logging_mixin.py:188} INFO - İstek başarılı.
[2024-02-13T12:12:56.137+0000] {logging_mixin.py:188} INFO - İstek başarılı.
[2024-02-13T12:12:56.634+0000] {logging_mixin.py:188} INFO - İstek başarılı.
[2024-02-13T12:12:57.141+0000] {logging_mixin.py:188} INFO - İstek başarılı.
[2024-02-13T12:12:57.661+0000] {logging_mixin.py:188} INFO - İstek başarılı.
[2024-02-13T12:12:58.202+0000] {logging_mixin.py:188} INFO - İstek başarılı.
[2024-02-13T12:12:59.063+0000] {logging_mixin.py:188} INFO - İstek başarılı.
[2024-02-13T12:13:00.077+0000] {logging_mixin.py:188} INFO - İstek başarılı.
[2024-02-13T12:13:00.854+0000] {logging_mixin.py:188} INFO - İstek başarılı.
[2024-02-13T12:13:01.582+0000] {logging_mixin.py:188} INFO - İstek başarılı.
[2024-02-13T12:13:02.370+0000] {logging_mixin.py:188} INFO - İstek başarılı.
[2024-02-13T12:13:02.962+0000] {logging_mixin.py:188} INFO - İstek başarılı.
[2024-02-13T12:13:03.888+0000] {logging_mixin.py:188} INFO - İstek başarılı.
[2024-02-13T12:13:04.775+0000] {logging_mixin.py:188} INFO - İstek başarılı.
[2024-02-13T12:13:06.417+0000] {logging_mixin.py:188} INFO - İstek başarılı.
[2024-02-13T12:13:07.262+0000] {logging_mixin.py:188} INFO - İstek başarılı.
[2024-02-13T12:13:08.009+0000] {logging_mixin.py:188} INFO - İstek başarılı.
[2024-02-13T12:13:08.961+0000] {logging_mixin.py:188} INFO - İstek başarılı.
[2024-02-13T12:13:09.613+0000] {logging_mixin.py:188} INFO - İstek başarılı.
[2024-02-13T12:13:10.237+0000] {logging_mixin.py:188} INFO - İstek başarılı.
[2024-02-13T12:13:10.961+0000] {logging_mixin.py:188} INFO - İstek başarılı.
[2024-02-13T12:13:11.593+0000] {logging_mixin.py:188} INFO - İstek başarılı.
[2024-02-13T12:13:11.950+0000] {logging_mixin.py:188} INFO - İstek başarısız. HTTP yanıt kodu: 429
[2024-02-13T12:13:11.952+0000] {logging_mixin.py:188} INFO - {"detail":"Request was throttled. Expected available in 29 seconds."}
[2024-02-13T12:13:12.602+0000] {logging_mixin.py:188} INFO - İstek başarılı.
[2024-02-13T12:13:13.253+0000] {logging_mixin.py:188} INFO - İstek başarılı.
[2024-02-13T12:13:13.904+0000] {logging_mixin.py:188} INFO - İstek başarılı.
[2024-02-13T12:13:13.913+0000] {taskinstance.py:2698} ERROR - Task failed with exception
Traceback (most recent call last):
  File "/home/airflow/.local/lib/python3.8/site-packages/airflow/models/taskinstance.py", line 433, in _execute_task
    result = execute_callable(context=context, **execute_callable_kwargs)
  File "/home/airflow/.local/lib/python3.8/site-packages/airflow/operators/python.py", line 199, in execute
    return_value = self.execute_callable()
  File "/home/airflow/.local/lib/python3.8/site-packages/airflow/operators/python.py", line 216, in execute_callable
    return self.python_callable(*self.op_args, **self.op_kwargs)
  File "/opt/airflow/dags/consumer_dag.py", line 66, in main
    writer.writerows(rows)
  File "/usr/local/lib/python3.8/csv.py", line 157, in writerows
    return self.writer.writerows(map(self._dict_to_list, rowdicts))
  File "/usr/local/lib/python3.8/csv.py", line 149, in _dict_to_list
    raise ValueError("dict contains fields not in fieldnames: "
ValueError: dict contains fields not in fieldnames: None
[2024-02-13T12:13:13.934+0000] {taskinstance.py:1138} INFO - Marking task as FAILED. dag_id=baserowdata, task_id=consumer_task, execution_date=20240212T015000, start_date=20240213T121232, end_date=20240213T121313
[2024-02-13T12:13:13.968+0000] {standard_task_runner.py:107} ERROR - Failed to execute job 18 for task consumer_task (dict contains fields not in fieldnames: None; 118)
[2024-02-13T12:13:14.001+0000] {local_task_job_runner.py:234} INFO - Task exited with return code 1
[2024-02-13T12:13:14.037+0000] {taskinstance.py:3280} INFO - 0 downstream tasks scheduled from follow-on schedule check
