[2024-02-12T10:43:11.979+0000] {processor.py:161} INFO - Started process (PID=58) to work on /home/airflow/.local/lib/python3.8/site-packages/airflow/example_dags/example_complex.py
[2024-02-12T10:43:11.981+0000] {processor.py:830} INFO - Processing file /home/airflow/.local/lib/python3.8/site-packages/airflow/example_dags/example_complex.py for tasks to queue
[2024-02-12T10:43:11.983+0000] {logging_mixin.py:188} INFO - [2024-02-12T10:43:11.982+0000] {dagbag.py:538} INFO - Filling up the DagBag from /home/airflow/.local/lib/python3.8/site-packages/airflow/example_dags/example_complex.py
[2024-02-12T10:43:12.005+0000] {processor.py:840} INFO - DAG(s) 'example_complex' retrieved from /home/airflow/.local/lib/python3.8/site-packages/airflow/example_dags/example_complex.py
[2024-02-12T10:43:12.281+0000] {logging_mixin.py:188} INFO - [2024-02-12T10:43:12.280+0000] {dag.py:3036} INFO - Sync 1 DAGs
[2024-02-12T10:43:12.297+0000] {logging_mixin.py:188} INFO - [2024-02-12T10:43:12.296+0000] {dag.py:3823} INFO - Setting next_dagrun for example_complex to None, run_after=None
[2024-02-12T10:43:12.340+0000] {processor.py:183} INFO - Processing /home/airflow/.local/lib/python3.8/site-packages/airflow/example_dags/example_complex.py took 0.366 seconds
[2024-02-12T10:43:42.724+0000] {processor.py:161} INFO - Started process (PID=113) to work on /home/airflow/.local/lib/python3.8/site-packages/airflow/example_dags/example_complex.py
[2024-02-12T10:43:42.725+0000] {processor.py:830} INFO - Processing file /home/airflow/.local/lib/python3.8/site-packages/airflow/example_dags/example_complex.py for tasks to queue
[2024-02-12T10:43:42.731+0000] {logging_mixin.py:188} INFO - [2024-02-12T10:43:42.729+0000] {dagbag.py:538} INFO - Filling up the DagBag from /home/airflow/.local/lib/python3.8/site-packages/airflow/example_dags/example_complex.py
[2024-02-12T10:43:42.755+0000] {processor.py:840} INFO - DAG(s) 'example_complex' retrieved from /home/airflow/.local/lib/python3.8/site-packages/airflow/example_dags/example_complex.py
[2024-02-12T10:43:42.823+0000] {logging_mixin.py:188} INFO - [2024-02-12T10:43:42.822+0000] {dag.py:3036} INFO - Sync 1 DAGs
[2024-02-12T10:43:42.851+0000] {logging_mixin.py:188} INFO - [2024-02-12T10:43:42.851+0000] {dag.py:3823} INFO - Setting next_dagrun for example_complex to None, run_after=None
[2024-02-12T10:43:42.898+0000] {processor.py:183} INFO - Processing /home/airflow/.local/lib/python3.8/site-packages/airflow/example_dags/example_complex.py took 0.180 seconds
[2024-02-12T10:44:13.126+0000] {processor.py:161} INFO - Started process (PID=168) to work on /home/airflow/.local/lib/python3.8/site-packages/airflow/example_dags/example_complex.py
[2024-02-12T10:44:13.127+0000] {processor.py:830} INFO - Processing file /home/airflow/.local/lib/python3.8/site-packages/airflow/example_dags/example_complex.py for tasks to queue
[2024-02-12T10:44:13.129+0000] {logging_mixin.py:188} INFO - [2024-02-12T10:44:13.128+0000] {dagbag.py:538} INFO - Filling up the DagBag from /home/airflow/.local/lib/python3.8/site-packages/airflow/example_dags/example_complex.py
[2024-02-12T10:44:13.142+0000] {processor.py:840} INFO - DAG(s) 'example_complex' retrieved from /home/airflow/.local/lib/python3.8/site-packages/airflow/example_dags/example_complex.py
[2024-02-12T10:44:13.173+0000] {logging_mixin.py:188} INFO - [2024-02-12T10:44:13.173+0000] {dag.py:3036} INFO - Sync 1 DAGs
[2024-02-12T10:44:13.185+0000] {logging_mixin.py:188} INFO - [2024-02-12T10:44:13.185+0000] {dag.py:3823} INFO - Setting next_dagrun for example_complex to None, run_after=None
[2024-02-12T10:44:13.209+0000] {processor.py:183} INFO - Processing /home/airflow/.local/lib/python3.8/site-packages/airflow/example_dags/example_complex.py took 0.086 seconds
[2024-02-12T10:44:44.153+0000] {processor.py:161} INFO - Started process (PID=230) to work on /home/airflow/.local/lib/python3.8/site-packages/airflow/example_dags/example_complex.py
[2024-02-12T10:44:44.154+0000] {processor.py:830} INFO - Processing file /home/airflow/.local/lib/python3.8/site-packages/airflow/example_dags/example_complex.py for tasks to queue
[2024-02-12T10:44:44.156+0000] {logging_mixin.py:188} INFO - [2024-02-12T10:44:44.156+0000] {dagbag.py:538} INFO - Filling up the DagBag from /home/airflow/.local/lib/python3.8/site-packages/airflow/example_dags/example_complex.py
[2024-02-12T10:44:44.170+0000] {processor.py:840} INFO - DAG(s) 'example_complex' retrieved from /home/airflow/.local/lib/python3.8/site-packages/airflow/example_dags/example_complex.py
[2024-02-12T10:44:44.212+0000] {logging_mixin.py:188} INFO - [2024-02-12T10:44:44.211+0000] {dag.py:3036} INFO - Sync 1 DAGs
[2024-02-12T10:44:44.229+0000] {logging_mixin.py:188} INFO - [2024-02-12T10:44:44.229+0000] {dag.py:3823} INFO - Setting next_dagrun for example_complex to None, run_after=None
[2024-02-12T10:44:44.255+0000] {processor.py:183} INFO - Processing /home/airflow/.local/lib/python3.8/site-packages/airflow/example_dags/example_complex.py took 0.104 seconds
[2024-02-12T10:45:14.985+0000] {processor.py:161} INFO - Started process (PID=286) to work on /home/airflow/.local/lib/python3.8/site-packages/airflow/example_dags/example_complex.py
[2024-02-12T10:45:14.986+0000] {processor.py:830} INFO - Processing file /home/airflow/.local/lib/python3.8/site-packages/airflow/example_dags/example_complex.py for tasks to queue
[2024-02-12T10:45:14.988+0000] {logging_mixin.py:188} INFO - [2024-02-12T10:45:14.988+0000] {dagbag.py:538} INFO - Filling up the DagBag from /home/airflow/.local/lib/python3.8/site-packages/airflow/example_dags/example_complex.py
[2024-02-12T10:45:15.005+0000] {processor.py:840} INFO - DAG(s) 'example_complex' retrieved from /home/airflow/.local/lib/python3.8/site-packages/airflow/example_dags/example_complex.py
[2024-02-12T10:45:15.053+0000] {logging_mixin.py:188} INFO - [2024-02-12T10:45:15.052+0000] {dag.py:3036} INFO - Sync 1 DAGs
[2024-02-12T10:45:15.071+0000] {logging_mixin.py:188} INFO - [2024-02-12T10:45:15.070+0000] {dag.py:3823} INFO - Setting next_dagrun for example_complex to None, run_after=None
[2024-02-12T10:45:15.100+0000] {processor.py:183} INFO - Processing /home/airflow/.local/lib/python3.8/site-packages/airflow/example_dags/example_complex.py took 0.120 seconds
[2024-02-12T10:45:45.804+0000] {processor.py:161} INFO - Started process (PID=341) to work on /home/airflow/.local/lib/python3.8/site-packages/airflow/example_dags/example_complex.py
[2024-02-12T10:45:45.805+0000] {processor.py:830} INFO - Processing file /home/airflow/.local/lib/python3.8/site-packages/airflow/example_dags/example_complex.py for tasks to queue
[2024-02-12T10:45:45.807+0000] {logging_mixin.py:188} INFO - [2024-02-12T10:45:45.806+0000] {dagbag.py:538} INFO - Filling up the DagBag from /home/airflow/.local/lib/python3.8/site-packages/airflow/example_dags/example_complex.py
[2024-02-12T10:45:45.821+0000] {processor.py:840} INFO - DAG(s) 'example_complex' retrieved from /home/airflow/.local/lib/python3.8/site-packages/airflow/example_dags/example_complex.py
[2024-02-12T10:45:45.871+0000] {logging_mixin.py:188} INFO - [2024-02-12T10:45:45.871+0000] {dag.py:3036} INFO - Sync 1 DAGs
[2024-02-12T10:45:45.896+0000] {logging_mixin.py:188} INFO - [2024-02-12T10:45:45.895+0000] {dag.py:3823} INFO - Setting next_dagrun for example_complex to None, run_after=None
[2024-02-12T10:45:45.987+0000] {processor.py:183} INFO - Processing /home/airflow/.local/lib/python3.8/site-packages/airflow/example_dags/example_complex.py took 0.186 seconds
[2024-02-12T10:46:16.053+0000] {processor.py:161} INFO - Started process (PID=394) to work on /home/airflow/.local/lib/python3.8/site-packages/airflow/example_dags/example_complex.py
[2024-02-12T10:46:16.054+0000] {processor.py:830} INFO - Processing file /home/airflow/.local/lib/python3.8/site-packages/airflow/example_dags/example_complex.py for tasks to queue
[2024-02-12T10:46:16.055+0000] {logging_mixin.py:188} INFO - [2024-02-12T10:46:16.055+0000] {dagbag.py:538} INFO - Filling up the DagBag from /home/airflow/.local/lib/python3.8/site-packages/airflow/example_dags/example_complex.py
[2024-02-12T10:46:16.068+0000] {processor.py:840} INFO - DAG(s) 'example_complex' retrieved from /home/airflow/.local/lib/python3.8/site-packages/airflow/example_dags/example_complex.py
[2024-02-12T10:46:16.102+0000] {logging_mixin.py:188} INFO - [2024-02-12T10:46:16.102+0000] {dag.py:3036} INFO - Sync 1 DAGs
[2024-02-12T10:46:16.117+0000] {logging_mixin.py:188} INFO - [2024-02-12T10:46:16.117+0000] {dag.py:3823} INFO - Setting next_dagrun for example_complex to None, run_after=None
[2024-02-12T10:46:16.140+0000] {processor.py:183} INFO - Processing /home/airflow/.local/lib/python3.8/site-packages/airflow/example_dags/example_complex.py took 0.091 seconds
[2024-02-12T10:46:46.352+0000] {processor.py:161} INFO - Started process (PID=450) to work on /home/airflow/.local/lib/python3.8/site-packages/airflow/example_dags/example_complex.py
[2024-02-12T10:46:46.354+0000] {processor.py:830} INFO - Processing file /home/airflow/.local/lib/python3.8/site-packages/airflow/example_dags/example_complex.py for tasks to queue
[2024-02-12T10:46:46.360+0000] {logging_mixin.py:188} INFO - [2024-02-12T10:46:46.359+0000] {dagbag.py:538} INFO - Filling up the DagBag from /home/airflow/.local/lib/python3.8/site-packages/airflow/example_dags/example_complex.py
[2024-02-12T10:46:46.402+0000] {processor.py:840} INFO - DAG(s) 'example_complex' retrieved from /home/airflow/.local/lib/python3.8/site-packages/airflow/example_dags/example_complex.py
[2024-02-12T10:46:46.491+0000] {logging_mixin.py:188} INFO - [2024-02-12T10:46:46.491+0000] {dag.py:3036} INFO - Sync 1 DAGs
[2024-02-12T10:46:46.530+0000] {logging_mixin.py:188} INFO - [2024-02-12T10:46:46.529+0000] {dag.py:3823} INFO - Setting next_dagrun for example_complex to None, run_after=None
[2024-02-12T10:46:46.601+0000] {processor.py:183} INFO - Processing /home/airflow/.local/lib/python3.8/site-packages/airflow/example_dags/example_complex.py took 0.257 seconds
[2024-02-12T10:47:16.650+0000] {processor.py:161} INFO - Started process (PID=504) to work on /home/airflow/.local/lib/python3.8/site-packages/airflow/example_dags/example_complex.py
[2024-02-12T10:47:16.651+0000] {processor.py:830} INFO - Processing file /home/airflow/.local/lib/python3.8/site-packages/airflow/example_dags/example_complex.py for tasks to queue
[2024-02-12T10:47:16.654+0000] {logging_mixin.py:188} INFO - [2024-02-12T10:47:16.653+0000] {dagbag.py:538} INFO - Filling up the DagBag from /home/airflow/.local/lib/python3.8/site-packages/airflow/example_dags/example_complex.py
[2024-02-12T10:47:16.669+0000] {processor.py:840} INFO - DAG(s) 'example_complex' retrieved from /home/airflow/.local/lib/python3.8/site-packages/airflow/example_dags/example_complex.py
[2024-02-12T10:47:16.711+0000] {logging_mixin.py:188} INFO - [2024-02-12T10:47:16.711+0000] {dag.py:3036} INFO - Sync 1 DAGs
[2024-02-12T10:47:16.738+0000] {logging_mixin.py:188} INFO - [2024-02-12T10:47:16.737+0000] {dag.py:3823} INFO - Setting next_dagrun for example_complex to None, run_after=None
[2024-02-12T10:47:16.795+0000] {processor.py:183} INFO - Processing /home/airflow/.local/lib/python3.8/site-packages/airflow/example_dags/example_complex.py took 0.148 seconds
[2024-02-12T10:47:47.384+0000] {processor.py:161} INFO - Started process (PID=560) to work on /home/airflow/.local/lib/python3.8/site-packages/airflow/example_dags/example_complex.py
[2024-02-12T10:47:47.385+0000] {processor.py:830} INFO - Processing file /home/airflow/.local/lib/python3.8/site-packages/airflow/example_dags/example_complex.py for tasks to queue
[2024-02-12T10:47:47.387+0000] {logging_mixin.py:188} INFO - [2024-02-12T10:47:47.386+0000] {dagbag.py:538} INFO - Filling up the DagBag from /home/airflow/.local/lib/python3.8/site-packages/airflow/example_dags/example_complex.py
[2024-02-12T10:47:47.401+0000] {processor.py:840} INFO - DAG(s) 'example_complex' retrieved from /home/airflow/.local/lib/python3.8/site-packages/airflow/example_dags/example_complex.py
[2024-02-12T10:47:47.433+0000] {logging_mixin.py:188} INFO - [2024-02-12T10:47:47.433+0000] {dag.py:3036} INFO - Sync 1 DAGs
[2024-02-12T10:47:47.447+0000] {logging_mixin.py:188} INFO - [2024-02-12T10:47:47.447+0000] {dag.py:3823} INFO - Setting next_dagrun for example_complex to None, run_after=None
[2024-02-12T10:47:47.467+0000] {processor.py:183} INFO - Processing /home/airflow/.local/lib/python3.8/site-packages/airflow/example_dags/example_complex.py took 0.087 seconds
[2024-02-12T10:48:18.150+0000] {processor.py:161} INFO - Started process (PID=615) to work on /home/airflow/.local/lib/python3.8/site-packages/airflow/example_dags/example_complex.py
[2024-02-12T10:48:18.150+0000] {processor.py:830} INFO - Processing file /home/airflow/.local/lib/python3.8/site-packages/airflow/example_dags/example_complex.py for tasks to queue
[2024-02-12T10:48:18.152+0000] {logging_mixin.py:188} INFO - [2024-02-12T10:48:18.152+0000] {dagbag.py:538} INFO - Filling up the DagBag from /home/airflow/.local/lib/python3.8/site-packages/airflow/example_dags/example_complex.py
[2024-02-12T10:48:18.165+0000] {processor.py:840} INFO - DAG(s) 'example_complex' retrieved from /home/airflow/.local/lib/python3.8/site-packages/airflow/example_dags/example_complex.py
[2024-02-12T10:48:18.199+0000] {logging_mixin.py:188} INFO - [2024-02-12T10:48:18.199+0000] {dag.py:3036} INFO - Sync 1 DAGs
[2024-02-12T10:48:18.213+0000] {logging_mixin.py:188} INFO - [2024-02-12T10:48:18.213+0000] {dag.py:3823} INFO - Setting next_dagrun for example_complex to None, run_after=None
[2024-02-12T10:48:18.234+0000] {processor.py:183} INFO - Processing /home/airflow/.local/lib/python3.8/site-packages/airflow/example_dags/example_complex.py took 0.088 seconds
[2024-02-12T10:48:48.565+0000] {processor.py:161} INFO - Started process (PID=670) to work on /home/airflow/.local/lib/python3.8/site-packages/airflow/example_dags/example_complex.py
[2024-02-12T10:48:48.566+0000] {processor.py:830} INFO - Processing file /home/airflow/.local/lib/python3.8/site-packages/airflow/example_dags/example_complex.py for tasks to queue
[2024-02-12T10:48:48.567+0000] {logging_mixin.py:188} INFO - [2024-02-12T10:48:48.567+0000] {dagbag.py:538} INFO - Filling up the DagBag from /home/airflow/.local/lib/python3.8/site-packages/airflow/example_dags/example_complex.py
[2024-02-12T10:48:48.579+0000] {processor.py:840} INFO - DAG(s) 'example_complex' retrieved from /home/airflow/.local/lib/python3.8/site-packages/airflow/example_dags/example_complex.py
[2024-02-12T10:48:48.611+0000] {logging_mixin.py:188} INFO - [2024-02-12T10:48:48.611+0000] {dag.py:3036} INFO - Sync 1 DAGs
[2024-02-12T10:48:48.624+0000] {logging_mixin.py:188} INFO - [2024-02-12T10:48:48.623+0000] {dag.py:3823} INFO - Setting next_dagrun for example_complex to None, run_after=None
[2024-02-12T10:48:48.647+0000] {processor.py:183} INFO - Processing /home/airflow/.local/lib/python3.8/site-packages/airflow/example_dags/example_complex.py took 0.084 seconds
[2024-02-12T10:49:18.820+0000] {processor.py:161} INFO - Started process (PID=725) to work on /home/airflow/.local/lib/python3.8/site-packages/airflow/example_dags/example_complex.py
[2024-02-12T10:49:18.821+0000] {processor.py:830} INFO - Processing file /home/airflow/.local/lib/python3.8/site-packages/airflow/example_dags/example_complex.py for tasks to queue
[2024-02-12T10:49:18.823+0000] {logging_mixin.py:188} INFO - [2024-02-12T10:49:18.823+0000] {dagbag.py:538} INFO - Filling up the DagBag from /home/airflow/.local/lib/python3.8/site-packages/airflow/example_dags/example_complex.py
[2024-02-12T10:49:18.844+0000] {processor.py:840} INFO - DAG(s) 'example_complex' retrieved from /home/airflow/.local/lib/python3.8/site-packages/airflow/example_dags/example_complex.py
[2024-02-12T10:49:18.907+0000] {logging_mixin.py:188} INFO - [2024-02-12T10:49:18.906+0000] {dag.py:3036} INFO - Sync 1 DAGs
[2024-02-12T10:49:18.929+0000] {logging_mixin.py:188} INFO - [2024-02-12T10:49:18.929+0000] {dag.py:3823} INFO - Setting next_dagrun for example_complex to None, run_after=None
[2024-02-12T10:49:18.962+0000] {processor.py:183} INFO - Processing /home/airflow/.local/lib/python3.8/site-packages/airflow/example_dags/example_complex.py took 0.147 seconds
[2024-02-12T10:49:49.046+0000] {processor.py:161} INFO - Started process (PID=781) to work on /home/airflow/.local/lib/python3.8/site-packages/airflow/example_dags/example_complex.py
[2024-02-12T10:49:49.048+0000] {processor.py:830} INFO - Processing file /home/airflow/.local/lib/python3.8/site-packages/airflow/example_dags/example_complex.py for tasks to queue
[2024-02-12T10:49:49.053+0000] {logging_mixin.py:188} INFO - [2024-02-12T10:49:49.052+0000] {dagbag.py:538} INFO - Filling up the DagBag from /home/airflow/.local/lib/python3.8/site-packages/airflow/example_dags/example_complex.py
[2024-02-12T10:49:49.072+0000] {processor.py:840} INFO - DAG(s) 'example_complex' retrieved from /home/airflow/.local/lib/python3.8/site-packages/airflow/example_dags/example_complex.py
[2024-02-12T10:49:49.126+0000] {logging_mixin.py:188} INFO - [2024-02-12T10:49:49.126+0000] {dag.py:3036} INFO - Sync 1 DAGs
[2024-02-12T10:49:49.144+0000] {logging_mixin.py:188} INFO - [2024-02-12T10:49:49.144+0000] {dag.py:3823} INFO - Setting next_dagrun for example_complex to None, run_after=None
[2024-02-12T10:49:49.177+0000] {processor.py:183} INFO - Processing /home/airflow/.local/lib/python3.8/site-packages/airflow/example_dags/example_complex.py took 0.136 seconds
[2024-02-12T10:50:19.768+0000] {processor.py:161} INFO - Started process (PID=836) to work on /home/airflow/.local/lib/python3.8/site-packages/airflow/example_dags/example_complex.py
[2024-02-12T10:50:19.770+0000] {processor.py:830} INFO - Processing file /home/airflow/.local/lib/python3.8/site-packages/airflow/example_dags/example_complex.py for tasks to queue
[2024-02-12T10:50:19.773+0000] {logging_mixin.py:188} INFO - [2024-02-12T10:50:19.772+0000] {dagbag.py:538} INFO - Filling up the DagBag from /home/airflow/.local/lib/python3.8/site-packages/airflow/example_dags/example_complex.py
[2024-02-12T10:50:19.797+0000] {processor.py:840} INFO - DAG(s) 'example_complex' retrieved from /home/airflow/.local/lib/python3.8/site-packages/airflow/example_dags/example_complex.py
[2024-02-12T10:50:19.842+0000] {logging_mixin.py:188} INFO - [2024-02-12T10:50:19.841+0000] {dag.py:3036} INFO - Sync 1 DAGs
[2024-02-12T10:50:19.860+0000] {logging_mixin.py:188} INFO - [2024-02-12T10:50:19.859+0000] {dag.py:3823} INFO - Setting next_dagrun for example_complex to None, run_after=None
[2024-02-12T10:50:19.892+0000] {processor.py:183} INFO - Processing /home/airflow/.local/lib/python3.8/site-packages/airflow/example_dags/example_complex.py took 0.129 seconds
[2024-02-12T10:50:50.016+0000] {processor.py:161} INFO - Started process (PID=891) to work on /home/airflow/.local/lib/python3.8/site-packages/airflow/example_dags/example_complex.py
[2024-02-12T10:50:50.017+0000] {processor.py:830} INFO - Processing file /home/airflow/.local/lib/python3.8/site-packages/airflow/example_dags/example_complex.py for tasks to queue
[2024-02-12T10:50:50.019+0000] {logging_mixin.py:188} INFO - [2024-02-12T10:50:50.018+0000] {dagbag.py:538} INFO - Filling up the DagBag from /home/airflow/.local/lib/python3.8/site-packages/airflow/example_dags/example_complex.py
[2024-02-12T10:50:50.032+0000] {processor.py:840} INFO - DAG(s) 'example_complex' retrieved from /home/airflow/.local/lib/python3.8/site-packages/airflow/example_dags/example_complex.py
[2024-02-12T10:50:50.068+0000] {logging_mixin.py:188} INFO - [2024-02-12T10:50:50.067+0000] {dag.py:3036} INFO - Sync 1 DAGs
[2024-02-12T10:50:50.092+0000] {logging_mixin.py:188} INFO - [2024-02-12T10:50:50.091+0000] {dag.py:3823} INFO - Setting next_dagrun for example_complex to None, run_after=None
[2024-02-12T10:50:50.125+0000] {processor.py:183} INFO - Processing /home/airflow/.local/lib/python3.8/site-packages/airflow/example_dags/example_complex.py took 0.113 seconds
[2024-02-12T10:51:20.268+0000] {processor.py:161} INFO - Started process (PID=946) to work on /home/airflow/.local/lib/python3.8/site-packages/airflow/example_dags/example_complex.py
[2024-02-12T10:51:20.269+0000] {processor.py:830} INFO - Processing file /home/airflow/.local/lib/python3.8/site-packages/airflow/example_dags/example_complex.py for tasks to queue
[2024-02-12T10:51:20.271+0000] {logging_mixin.py:188} INFO - [2024-02-12T10:51:20.271+0000] {dagbag.py:538} INFO - Filling up the DagBag from /home/airflow/.local/lib/python3.8/site-packages/airflow/example_dags/example_complex.py
[2024-02-12T10:51:20.282+0000] {processor.py:840} INFO - DAG(s) 'example_complex' retrieved from /home/airflow/.local/lib/python3.8/site-packages/airflow/example_dags/example_complex.py
[2024-02-12T10:51:20.312+0000] {logging_mixin.py:188} INFO - [2024-02-12T10:51:20.312+0000] {dag.py:3036} INFO - Sync 1 DAGs
[2024-02-12T10:51:20.324+0000] {logging_mixin.py:188} INFO - [2024-02-12T10:51:20.324+0000] {dag.py:3823} INFO - Setting next_dagrun for example_complex to None, run_after=None
[2024-02-12T10:51:20.343+0000] {processor.py:183} INFO - Processing /home/airflow/.local/lib/python3.8/site-packages/airflow/example_dags/example_complex.py took 0.078 seconds
[2024-02-12T10:51:51.607+0000] {processor.py:161} INFO - Started process (PID=1001) to work on /home/airflow/.local/lib/python3.8/site-packages/airflow/example_dags/example_complex.py
[2024-02-12T10:51:51.608+0000] {processor.py:830} INFO - Processing file /home/airflow/.local/lib/python3.8/site-packages/airflow/example_dags/example_complex.py for tasks to queue
[2024-02-12T10:51:51.611+0000] {logging_mixin.py:188} INFO - [2024-02-12T10:51:51.610+0000] {dagbag.py:538} INFO - Filling up the DagBag from /home/airflow/.local/lib/python3.8/site-packages/airflow/example_dags/example_complex.py
[2024-02-12T10:51:51.635+0000] {processor.py:840} INFO - DAG(s) 'example_complex' retrieved from /home/airflow/.local/lib/python3.8/site-packages/airflow/example_dags/example_complex.py
[2024-02-12T10:51:51.696+0000] {logging_mixin.py:188} INFO - [2024-02-12T10:51:51.695+0000] {dag.py:3036} INFO - Sync 1 DAGs
[2024-02-12T10:51:51.723+0000] {logging_mixin.py:188} INFO - [2024-02-12T10:51:51.722+0000] {dag.py:3823} INFO - Setting next_dagrun for example_complex to None, run_after=None
[2024-02-12T10:51:51.761+0000] {processor.py:183} INFO - Processing /home/airflow/.local/lib/python3.8/site-packages/airflow/example_dags/example_complex.py took 0.159 seconds
[2024-02-12T10:53:34.525+0000] {processor.py:161} INFO - Started process (PID=59) to work on /home/airflow/.local/lib/python3.8/site-packages/airflow/example_dags/example_complex.py
[2024-02-12T10:53:34.526+0000] {processor.py:830} INFO - Processing file /home/airflow/.local/lib/python3.8/site-packages/airflow/example_dags/example_complex.py for tasks to queue
[2024-02-12T10:53:34.528+0000] {logging_mixin.py:188} INFO - [2024-02-12T10:53:34.528+0000] {dagbag.py:538} INFO - Filling up the DagBag from /home/airflow/.local/lib/python3.8/site-packages/airflow/example_dags/example_complex.py
[2024-02-12T10:53:34.545+0000] {processor.py:840} INFO - DAG(s) 'example_complex' retrieved from /home/airflow/.local/lib/python3.8/site-packages/airflow/example_dags/example_complex.py
[2024-02-12T10:53:34.562+0000] {logging_mixin.py:188} INFO - [2024-02-12T10:53:34.561+0000] {dag.py:3036} INFO - Sync 1 DAGs
[2024-02-12T10:53:34.587+0000] {logging_mixin.py:188} INFO - [2024-02-12T10:53:34.587+0000] {dag.py:3823} INFO - Setting next_dagrun for example_complex to None, run_after=None
[2024-02-12T10:53:34.628+0000] {processor.py:183} INFO - Processing /home/airflow/.local/lib/python3.8/site-packages/airflow/example_dags/example_complex.py took 0.107 seconds
[2024-02-12T10:54:05.851+0000] {processor.py:161} INFO - Started process (PID=115) to work on /home/airflow/.local/lib/python3.8/site-packages/airflow/example_dags/example_complex.py
[2024-02-12T10:54:05.853+0000] {processor.py:830} INFO - Processing file /home/airflow/.local/lib/python3.8/site-packages/airflow/example_dags/example_complex.py for tasks to queue
[2024-02-12T10:54:05.856+0000] {logging_mixin.py:188} INFO - [2024-02-12T10:54:05.855+0000] {dagbag.py:538} INFO - Filling up the DagBag from /home/airflow/.local/lib/python3.8/site-packages/airflow/example_dags/example_complex.py
[2024-02-12T10:54:05.871+0000] {processor.py:840} INFO - DAG(s) 'example_complex' retrieved from /home/airflow/.local/lib/python3.8/site-packages/airflow/example_dags/example_complex.py
[2024-02-12T10:54:06.000+0000] {logging_mixin.py:188} INFO - [2024-02-12T10:54:06.000+0000] {dag.py:3036} INFO - Sync 1 DAGs
[2024-02-12T10:54:06.012+0000] {logging_mixin.py:188} INFO - [2024-02-12T10:54:06.011+0000] {dag.py:3823} INFO - Setting next_dagrun for example_complex to None, run_after=None
[2024-02-12T10:54:06.033+0000] {processor.py:183} INFO - Processing /home/airflow/.local/lib/python3.8/site-packages/airflow/example_dags/example_complex.py took 0.187 seconds
[2024-02-12T10:54:36.945+0000] {processor.py:161} INFO - Started process (PID=171) to work on /home/airflow/.local/lib/python3.8/site-packages/airflow/example_dags/example_complex.py
[2024-02-12T10:54:36.946+0000] {processor.py:830} INFO - Processing file /home/airflow/.local/lib/python3.8/site-packages/airflow/example_dags/example_complex.py for tasks to queue
[2024-02-12T10:54:36.950+0000] {logging_mixin.py:188} INFO - [2024-02-12T10:54:36.949+0000] {dagbag.py:538} INFO - Filling up the DagBag from /home/airflow/.local/lib/python3.8/site-packages/airflow/example_dags/example_complex.py
[2024-02-12T10:54:36.964+0000] {processor.py:840} INFO - DAG(s) 'example_complex' retrieved from /home/airflow/.local/lib/python3.8/site-packages/airflow/example_dags/example_complex.py
[2024-02-12T10:54:37.000+0000] {logging_mixin.py:188} INFO - [2024-02-12T10:54:37.000+0000] {dag.py:3036} INFO - Sync 1 DAGs
[2024-02-12T10:54:37.012+0000] {logging_mixin.py:188} INFO - [2024-02-12T10:54:37.012+0000] {dag.py:3823} INFO - Setting next_dagrun for example_complex to None, run_after=None
[2024-02-12T10:54:37.039+0000] {processor.py:183} INFO - Processing /home/airflow/.local/lib/python3.8/site-packages/airflow/example_dags/example_complex.py took 0.099 seconds
[2024-02-12T10:55:07.503+0000] {processor.py:161} INFO - Started process (PID=228) to work on /home/airflow/.local/lib/python3.8/site-packages/airflow/example_dags/example_complex.py
[2024-02-12T10:55:07.504+0000] {processor.py:830} INFO - Processing file /home/airflow/.local/lib/python3.8/site-packages/airflow/example_dags/example_complex.py for tasks to queue
[2024-02-12T10:55:07.506+0000] {logging_mixin.py:188} INFO - [2024-02-12T10:55:07.506+0000] {dagbag.py:538} INFO - Filling up the DagBag from /home/airflow/.local/lib/python3.8/site-packages/airflow/example_dags/example_complex.py
[2024-02-12T10:55:07.521+0000] {processor.py:840} INFO - DAG(s) 'example_complex' retrieved from /home/airflow/.local/lib/python3.8/site-packages/airflow/example_dags/example_complex.py
[2024-02-12T10:55:07.561+0000] {logging_mixin.py:188} INFO - [2024-02-12T10:55:07.560+0000] {dag.py:3036} INFO - Sync 1 DAGs
[2024-02-12T10:55:07.576+0000] {logging_mixin.py:188} INFO - [2024-02-12T10:55:07.576+0000] {dag.py:3823} INFO - Setting next_dagrun for example_complex to None, run_after=None
[2024-02-12T10:55:07.599+0000] {processor.py:183} INFO - Processing /home/airflow/.local/lib/python3.8/site-packages/airflow/example_dags/example_complex.py took 0.102 seconds
[2024-02-12T10:55:37.674+0000] {processor.py:161} INFO - Started process (PID=284) to work on /home/airflow/.local/lib/python3.8/site-packages/airflow/example_dags/example_complex.py
[2024-02-12T10:55:37.675+0000] {processor.py:830} INFO - Processing file /home/airflow/.local/lib/python3.8/site-packages/airflow/example_dags/example_complex.py for tasks to queue
[2024-02-12T10:55:37.676+0000] {logging_mixin.py:188} INFO - [2024-02-12T10:55:37.676+0000] {dagbag.py:538} INFO - Filling up the DagBag from /home/airflow/.local/lib/python3.8/site-packages/airflow/example_dags/example_complex.py
[2024-02-12T10:55:37.695+0000] {processor.py:840} INFO - DAG(s) 'example_complex' retrieved from /home/airflow/.local/lib/python3.8/site-packages/airflow/example_dags/example_complex.py
[2024-02-12T10:55:37.735+0000] {logging_mixin.py:188} INFO - [2024-02-12T10:55:37.734+0000] {dag.py:3036} INFO - Sync 1 DAGs
[2024-02-12T10:55:37.747+0000] {logging_mixin.py:188} INFO - [2024-02-12T10:55:37.746+0000] {dag.py:3823} INFO - Setting next_dagrun for example_complex to None, run_after=None
[2024-02-12T10:55:37.770+0000] {processor.py:183} INFO - Processing /home/airflow/.local/lib/python3.8/site-packages/airflow/example_dags/example_complex.py took 0.100 seconds
[2024-02-12T10:56:07.904+0000] {processor.py:161} INFO - Started process (PID=340) to work on /home/airflow/.local/lib/python3.8/site-packages/airflow/example_dags/example_complex.py
[2024-02-12T10:56:07.906+0000] {processor.py:830} INFO - Processing file /home/airflow/.local/lib/python3.8/site-packages/airflow/example_dags/example_complex.py for tasks to queue
[2024-02-12T10:56:07.908+0000] {logging_mixin.py:188} INFO - [2024-02-12T10:56:07.907+0000] {dagbag.py:538} INFO - Filling up the DagBag from /home/airflow/.local/lib/python3.8/site-packages/airflow/example_dags/example_complex.py
[2024-02-12T10:56:07.924+0000] {processor.py:840} INFO - DAG(s) 'example_complex' retrieved from /home/airflow/.local/lib/python3.8/site-packages/airflow/example_dags/example_complex.py
[2024-02-12T10:56:07.970+0000] {logging_mixin.py:188} INFO - [2024-02-12T10:56:07.970+0000] {dag.py:3036} INFO - Sync 1 DAGs
[2024-02-12T10:56:07.989+0000] {logging_mixin.py:188} INFO - [2024-02-12T10:56:07.988+0000] {dag.py:3823} INFO - Setting next_dagrun for example_complex to None, run_after=None
[2024-02-12T10:56:08.019+0000] {processor.py:183} INFO - Processing /home/airflow/.local/lib/python3.8/site-packages/airflow/example_dags/example_complex.py took 0.121 seconds
[2024-02-12T10:56:38.390+0000] {processor.py:161} INFO - Started process (PID=395) to work on /home/airflow/.local/lib/python3.8/site-packages/airflow/example_dags/example_complex.py
[2024-02-12T10:56:38.391+0000] {processor.py:830} INFO - Processing file /home/airflow/.local/lib/python3.8/site-packages/airflow/example_dags/example_complex.py for tasks to queue
[2024-02-12T10:56:38.392+0000] {logging_mixin.py:188} INFO - [2024-02-12T10:56:38.392+0000] {dagbag.py:538} INFO - Filling up the DagBag from /home/airflow/.local/lib/python3.8/site-packages/airflow/example_dags/example_complex.py
[2024-02-12T10:56:38.403+0000] {processor.py:840} INFO - DAG(s) 'example_complex' retrieved from /home/airflow/.local/lib/python3.8/site-packages/airflow/example_dags/example_complex.py
[2024-02-12T10:56:38.434+0000] {logging_mixin.py:188} INFO - [2024-02-12T10:56:38.434+0000] {dag.py:3036} INFO - Sync 1 DAGs
[2024-02-12T10:56:38.446+0000] {logging_mixin.py:188} INFO - [2024-02-12T10:56:38.446+0000] {dag.py:3823} INFO - Setting next_dagrun for example_complex to None, run_after=None
[2024-02-12T10:56:38.468+0000] {processor.py:183} INFO - Processing /home/airflow/.local/lib/python3.8/site-packages/airflow/example_dags/example_complex.py took 0.081 seconds
[2024-02-12T10:57:08.673+0000] {processor.py:161} INFO - Started process (PID=452) to work on /home/airflow/.local/lib/python3.8/site-packages/airflow/example_dags/example_complex.py
[2024-02-12T10:57:08.673+0000] {processor.py:830} INFO - Processing file /home/airflow/.local/lib/python3.8/site-packages/airflow/example_dags/example_complex.py for tasks to queue
[2024-02-12T10:57:08.675+0000] {logging_mixin.py:188} INFO - [2024-02-12T10:57:08.675+0000] {dagbag.py:538} INFO - Filling up the DagBag from /home/airflow/.local/lib/python3.8/site-packages/airflow/example_dags/example_complex.py
[2024-02-12T10:57:08.687+0000] {processor.py:840} INFO - DAG(s) 'example_complex' retrieved from /home/airflow/.local/lib/python3.8/site-packages/airflow/example_dags/example_complex.py
[2024-02-12T10:57:08.727+0000] {logging_mixin.py:188} INFO - [2024-02-12T10:57:08.727+0000] {dag.py:3036} INFO - Sync 1 DAGs
[2024-02-12T10:57:08.744+0000] {logging_mixin.py:188} INFO - [2024-02-12T10:57:08.743+0000] {dag.py:3823} INFO - Setting next_dagrun for example_complex to None, run_after=None
[2024-02-12T10:57:08.768+0000] {processor.py:183} INFO - Processing /home/airflow/.local/lib/python3.8/site-packages/airflow/example_dags/example_complex.py took 0.098 seconds
[2024-02-12T10:57:39.315+0000] {processor.py:161} INFO - Started process (PID=508) to work on /home/airflow/.local/lib/python3.8/site-packages/airflow/example_dags/example_complex.py
[2024-02-12T10:57:39.316+0000] {processor.py:830} INFO - Processing file /home/airflow/.local/lib/python3.8/site-packages/airflow/example_dags/example_complex.py for tasks to queue
[2024-02-12T10:57:39.318+0000] {logging_mixin.py:188} INFO - [2024-02-12T10:57:39.317+0000] {dagbag.py:538} INFO - Filling up the DagBag from /home/airflow/.local/lib/python3.8/site-packages/airflow/example_dags/example_complex.py
[2024-02-12T10:57:39.334+0000] {processor.py:840} INFO - DAG(s) 'example_complex' retrieved from /home/airflow/.local/lib/python3.8/site-packages/airflow/example_dags/example_complex.py
[2024-02-12T10:57:39.378+0000] {logging_mixin.py:188} INFO - [2024-02-12T10:57:39.377+0000] {dag.py:3036} INFO - Sync 1 DAGs
[2024-02-12T10:57:39.396+0000] {logging_mixin.py:188} INFO - [2024-02-12T10:57:39.395+0000] {dag.py:3823} INFO - Setting next_dagrun for example_complex to None, run_after=None
[2024-02-12T10:57:39.423+0000] {processor.py:183} INFO - Processing /home/airflow/.local/lib/python3.8/site-packages/airflow/example_dags/example_complex.py took 0.113 seconds
[2024-02-12T10:58:10.392+0000] {processor.py:161} INFO - Started process (PID=564) to work on /home/airflow/.local/lib/python3.8/site-packages/airflow/example_dags/example_complex.py
[2024-02-12T10:58:10.393+0000] {processor.py:830} INFO - Processing file /home/airflow/.local/lib/python3.8/site-packages/airflow/example_dags/example_complex.py for tasks to queue
[2024-02-12T10:58:10.395+0000] {logging_mixin.py:188} INFO - [2024-02-12T10:58:10.395+0000] {dagbag.py:538} INFO - Filling up the DagBag from /home/airflow/.local/lib/python3.8/site-packages/airflow/example_dags/example_complex.py
[2024-02-12T10:58:10.413+0000] {processor.py:840} INFO - DAG(s) 'example_complex' retrieved from /home/airflow/.local/lib/python3.8/site-packages/airflow/example_dags/example_complex.py
[2024-02-12T10:58:10.449+0000] {logging_mixin.py:188} INFO - [2024-02-12T10:58:10.449+0000] {dag.py:3036} INFO - Sync 1 DAGs
[2024-02-12T10:58:10.462+0000] {logging_mixin.py:188} INFO - [2024-02-12T10:58:10.462+0000] {dag.py:3823} INFO - Setting next_dagrun for example_complex to None, run_after=None
[2024-02-12T10:58:10.484+0000] {processor.py:183} INFO - Processing /home/airflow/.local/lib/python3.8/site-packages/airflow/example_dags/example_complex.py took 0.095 seconds
[2024-02-12T10:58:41.288+0000] {processor.py:161} INFO - Started process (PID=620) to work on /home/airflow/.local/lib/python3.8/site-packages/airflow/example_dags/example_complex.py
[2024-02-12T10:58:41.289+0000] {processor.py:830} INFO - Processing file /home/airflow/.local/lib/python3.8/site-packages/airflow/example_dags/example_complex.py for tasks to queue
[2024-02-12T10:58:41.293+0000] {logging_mixin.py:188} INFO - [2024-02-12T10:58:41.292+0000] {dagbag.py:538} INFO - Filling up the DagBag from /home/airflow/.local/lib/python3.8/site-packages/airflow/example_dags/example_complex.py
[2024-02-12T10:58:41.320+0000] {processor.py:840} INFO - DAG(s) 'example_complex' retrieved from /home/airflow/.local/lib/python3.8/site-packages/airflow/example_dags/example_complex.py
[2024-02-12T10:58:41.388+0000] {logging_mixin.py:188} INFO - [2024-02-12T10:58:41.387+0000] {dag.py:3036} INFO - Sync 1 DAGs
[2024-02-12T10:58:41.413+0000] {logging_mixin.py:188} INFO - [2024-02-12T10:58:41.412+0000] {dag.py:3823} INFO - Setting next_dagrun for example_complex to None, run_after=None
[2024-02-12T10:58:41.469+0000] {processor.py:183} INFO - Processing /home/airflow/.local/lib/python3.8/site-packages/airflow/example_dags/example_complex.py took 0.190 seconds
[2024-02-12T10:59:12.023+0000] {processor.py:161} INFO - Started process (PID=676) to work on /home/airflow/.local/lib/python3.8/site-packages/airflow/example_dags/example_complex.py
[2024-02-12T10:59:12.024+0000] {processor.py:830} INFO - Processing file /home/airflow/.local/lib/python3.8/site-packages/airflow/example_dags/example_complex.py for tasks to queue
[2024-02-12T10:59:12.026+0000] {logging_mixin.py:188} INFO - [2024-02-12T10:59:12.026+0000] {dagbag.py:538} INFO - Filling up the DagBag from /home/airflow/.local/lib/python3.8/site-packages/airflow/example_dags/example_complex.py
[2024-02-12T10:59:12.045+0000] {processor.py:840} INFO - DAG(s) 'example_complex' retrieved from /home/airflow/.local/lib/python3.8/site-packages/airflow/example_dags/example_complex.py
[2024-02-12T10:59:12.095+0000] {logging_mixin.py:188} INFO - [2024-02-12T10:59:12.094+0000] {dag.py:3036} INFO - Sync 1 DAGs
[2024-02-12T10:59:12.114+0000] {logging_mixin.py:188} INFO - [2024-02-12T10:59:12.114+0000] {dag.py:3823} INFO - Setting next_dagrun for example_complex to None, run_after=None
[2024-02-12T10:59:12.150+0000] {processor.py:183} INFO - Processing /home/airflow/.local/lib/python3.8/site-packages/airflow/example_dags/example_complex.py took 0.131 seconds
[2024-02-12T10:59:43.110+0000] {processor.py:161} INFO - Started process (PID=732) to work on /home/airflow/.local/lib/python3.8/site-packages/airflow/example_dags/example_complex.py
[2024-02-12T10:59:43.111+0000] {processor.py:830} INFO - Processing file /home/airflow/.local/lib/python3.8/site-packages/airflow/example_dags/example_complex.py for tasks to queue
[2024-02-12T10:59:43.113+0000] {logging_mixin.py:188} INFO - [2024-02-12T10:59:43.113+0000] {dagbag.py:538} INFO - Filling up the DagBag from /home/airflow/.local/lib/python3.8/site-packages/airflow/example_dags/example_complex.py
[2024-02-12T10:59:43.126+0000] {processor.py:840} INFO - DAG(s) 'example_complex' retrieved from /home/airflow/.local/lib/python3.8/site-packages/airflow/example_dags/example_complex.py
[2024-02-12T10:59:43.156+0000] {logging_mixin.py:188} INFO - [2024-02-12T10:59:43.156+0000] {dag.py:3036} INFO - Sync 1 DAGs
[2024-02-12T10:59:43.168+0000] {logging_mixin.py:188} INFO - [2024-02-12T10:59:43.167+0000] {dag.py:3823} INFO - Setting next_dagrun for example_complex to None, run_after=None
[2024-02-12T10:59:43.186+0000] {processor.py:183} INFO - Processing /home/airflow/.local/lib/python3.8/site-packages/airflow/example_dags/example_complex.py took 0.079 seconds
[2024-02-12T11:00:13.262+0000] {processor.py:161} INFO - Started process (PID=788) to work on /home/airflow/.local/lib/python3.8/site-packages/airflow/example_dags/example_complex.py
[2024-02-12T11:00:13.263+0000] {processor.py:830} INFO - Processing file /home/airflow/.local/lib/python3.8/site-packages/airflow/example_dags/example_complex.py for tasks to queue
[2024-02-12T11:00:13.265+0000] {logging_mixin.py:188} INFO - [2024-02-12T11:00:13.265+0000] {dagbag.py:538} INFO - Filling up the DagBag from /home/airflow/.local/lib/python3.8/site-packages/airflow/example_dags/example_complex.py
[2024-02-12T11:00:13.280+0000] {processor.py:840} INFO - DAG(s) 'example_complex' retrieved from /home/airflow/.local/lib/python3.8/site-packages/airflow/example_dags/example_complex.py
[2024-02-12T11:00:13.312+0000] {logging_mixin.py:188} INFO - [2024-02-12T11:00:13.312+0000] {dag.py:3036} INFO - Sync 1 DAGs
[2024-02-12T11:00:13.325+0000] {logging_mixin.py:188} INFO - [2024-02-12T11:00:13.325+0000] {dag.py:3823} INFO - Setting next_dagrun for example_complex to None, run_after=None
[2024-02-12T11:00:13.342+0000] {processor.py:183} INFO - Processing /home/airflow/.local/lib/python3.8/site-packages/airflow/example_dags/example_complex.py took 0.085 seconds
[2024-02-12T11:00:43.809+0000] {processor.py:161} INFO - Started process (PID=844) to work on /home/airflow/.local/lib/python3.8/site-packages/airflow/example_dags/example_complex.py
[2024-02-12T11:00:43.810+0000] {processor.py:830} INFO - Processing file /home/airflow/.local/lib/python3.8/site-packages/airflow/example_dags/example_complex.py for tasks to queue
[2024-02-12T11:00:43.813+0000] {logging_mixin.py:188} INFO - [2024-02-12T11:00:43.812+0000] {dagbag.py:538} INFO - Filling up the DagBag from /home/airflow/.local/lib/python3.8/site-packages/airflow/example_dags/example_complex.py
[2024-02-12T11:00:43.825+0000] {processor.py:840} INFO - DAG(s) 'example_complex' retrieved from /home/airflow/.local/lib/python3.8/site-packages/airflow/example_dags/example_complex.py
[2024-02-12T11:00:43.863+0000] {logging_mixin.py:188} INFO - [2024-02-12T11:00:43.863+0000] {dag.py:3036} INFO - Sync 1 DAGs
[2024-02-12T11:00:43.876+0000] {logging_mixin.py:188} INFO - [2024-02-12T11:00:43.875+0000] {dag.py:3823} INFO - Setting next_dagrun for example_complex to None, run_after=None
[2024-02-12T11:00:43.898+0000] {processor.py:183} INFO - Processing /home/airflow/.local/lib/python3.8/site-packages/airflow/example_dags/example_complex.py took 0.092 seconds
[2024-02-12T11:01:14.401+0000] {processor.py:161} INFO - Started process (PID=901) to work on /home/airflow/.local/lib/python3.8/site-packages/airflow/example_dags/example_complex.py
[2024-02-12T11:01:14.402+0000] {processor.py:830} INFO - Processing file /home/airflow/.local/lib/python3.8/site-packages/airflow/example_dags/example_complex.py for tasks to queue
[2024-02-12T11:01:14.405+0000] {logging_mixin.py:188} INFO - [2024-02-12T11:01:14.404+0000] {dagbag.py:538} INFO - Filling up the DagBag from /home/airflow/.local/lib/python3.8/site-packages/airflow/example_dags/example_complex.py
[2024-02-12T11:01:14.423+0000] {processor.py:840} INFO - DAG(s) 'example_complex' retrieved from /home/airflow/.local/lib/python3.8/site-packages/airflow/example_dags/example_complex.py
[2024-02-12T11:01:14.472+0000] {logging_mixin.py:188} INFO - [2024-02-12T11:01:14.471+0000] {dag.py:3036} INFO - Sync 1 DAGs
[2024-02-12T11:01:14.491+0000] {logging_mixin.py:188} INFO - [2024-02-12T11:01:14.490+0000] {dag.py:3823} INFO - Setting next_dagrun for example_complex to None, run_after=None
[2024-02-12T11:01:14.520+0000] {processor.py:183} INFO - Processing /home/airflow/.local/lib/python3.8/site-packages/airflow/example_dags/example_complex.py took 0.124 seconds
[2024-02-12T11:01:44.747+0000] {processor.py:161} INFO - Started process (PID=957) to work on /home/airflow/.local/lib/python3.8/site-packages/airflow/example_dags/example_complex.py
[2024-02-12T11:01:44.749+0000] {processor.py:830} INFO - Processing file /home/airflow/.local/lib/python3.8/site-packages/airflow/example_dags/example_complex.py for tasks to queue
[2024-02-12T11:01:44.751+0000] {logging_mixin.py:188} INFO - [2024-02-12T11:01:44.750+0000] {dagbag.py:538} INFO - Filling up the DagBag from /home/airflow/.local/lib/python3.8/site-packages/airflow/example_dags/example_complex.py
[2024-02-12T11:01:44.765+0000] {processor.py:840} INFO - DAG(s) 'example_complex' retrieved from /home/airflow/.local/lib/python3.8/site-packages/airflow/example_dags/example_complex.py
[2024-02-12T11:01:44.797+0000] {logging_mixin.py:188} INFO - [2024-02-12T11:01:44.797+0000] {dag.py:3036} INFO - Sync 1 DAGs
[2024-02-12T11:01:44.808+0000] {logging_mixin.py:188} INFO - [2024-02-12T11:01:44.808+0000] {dag.py:3823} INFO - Setting next_dagrun for example_complex to None, run_after=None
[2024-02-12T11:01:44.827+0000] {processor.py:183} INFO - Processing /home/airflow/.local/lib/python3.8/site-packages/airflow/example_dags/example_complex.py took 0.083 seconds
[2024-02-12T11:02:14.895+0000] {processor.py:161} INFO - Started process (PID=1013) to work on /home/airflow/.local/lib/python3.8/site-packages/airflow/example_dags/example_complex.py
[2024-02-12T11:02:14.896+0000] {processor.py:830} INFO - Processing file /home/airflow/.local/lib/python3.8/site-packages/airflow/example_dags/example_complex.py for tasks to queue
[2024-02-12T11:02:14.897+0000] {logging_mixin.py:188} INFO - [2024-02-12T11:02:14.897+0000] {dagbag.py:538} INFO - Filling up the DagBag from /home/airflow/.local/lib/python3.8/site-packages/airflow/example_dags/example_complex.py
[2024-02-12T11:02:14.908+0000] {processor.py:840} INFO - DAG(s) 'example_complex' retrieved from /home/airflow/.local/lib/python3.8/site-packages/airflow/example_dags/example_complex.py
[2024-02-12T11:02:14.939+0000] {logging_mixin.py:188} INFO - [2024-02-12T11:02:14.938+0000] {dag.py:3036} INFO - Sync 1 DAGs
[2024-02-12T11:02:14.951+0000] {logging_mixin.py:188} INFO - [2024-02-12T11:02:14.950+0000] {dag.py:3823} INFO - Setting next_dagrun for example_complex to None, run_after=None
[2024-02-12T11:02:14.970+0000] {processor.py:183} INFO - Processing /home/airflow/.local/lib/python3.8/site-packages/airflow/example_dags/example_complex.py took 0.078 seconds
[2024-02-12T11:02:46.142+0000] {processor.py:161} INFO - Started process (PID=1069) to work on /home/airflow/.local/lib/python3.8/site-packages/airflow/example_dags/example_complex.py
[2024-02-12T11:02:46.143+0000] {processor.py:830} INFO - Processing file /home/airflow/.local/lib/python3.8/site-packages/airflow/example_dags/example_complex.py for tasks to queue
[2024-02-12T11:02:46.144+0000] {logging_mixin.py:188} INFO - [2024-02-12T11:02:46.144+0000] {dagbag.py:538} INFO - Filling up the DagBag from /home/airflow/.local/lib/python3.8/site-packages/airflow/example_dags/example_complex.py
[2024-02-12T11:02:46.155+0000] {processor.py:840} INFO - DAG(s) 'example_complex' retrieved from /home/airflow/.local/lib/python3.8/site-packages/airflow/example_dags/example_complex.py
[2024-02-12T11:02:46.187+0000] {logging_mixin.py:188} INFO - [2024-02-12T11:02:46.186+0000] {dag.py:3036} INFO - Sync 1 DAGs
[2024-02-12T11:02:46.200+0000] {logging_mixin.py:188} INFO - [2024-02-12T11:02:46.199+0000] {dag.py:3823} INFO - Setting next_dagrun for example_complex to None, run_after=None
[2024-02-12T11:02:46.219+0000] {processor.py:183} INFO - Processing /home/airflow/.local/lib/python3.8/site-packages/airflow/example_dags/example_complex.py took 0.080 seconds
[2024-02-12T11:03:16.957+0000] {processor.py:161} INFO - Started process (PID=1125) to work on /home/airflow/.local/lib/python3.8/site-packages/airflow/example_dags/example_complex.py
[2024-02-12T11:03:16.958+0000] {processor.py:830} INFO - Processing file /home/airflow/.local/lib/python3.8/site-packages/airflow/example_dags/example_complex.py for tasks to queue
[2024-02-12T11:03:16.959+0000] {logging_mixin.py:188} INFO - [2024-02-12T11:03:16.959+0000] {dagbag.py:538} INFO - Filling up the DagBag from /home/airflow/.local/lib/python3.8/site-packages/airflow/example_dags/example_complex.py
[2024-02-12T11:03:16.971+0000] {processor.py:840} INFO - DAG(s) 'example_complex' retrieved from /home/airflow/.local/lib/python3.8/site-packages/airflow/example_dags/example_complex.py
[2024-02-12T11:03:17.011+0000] {logging_mixin.py:188} INFO - [2024-02-12T11:03:17.011+0000] {dag.py:3036} INFO - Sync 1 DAGs
[2024-02-12T11:03:17.033+0000] {logging_mixin.py:188} INFO - [2024-02-12T11:03:17.032+0000] {dag.py:3823} INFO - Setting next_dagrun for example_complex to None, run_after=None
[2024-02-12T11:03:17.091+0000] {processor.py:183} INFO - Processing /home/airflow/.local/lib/python3.8/site-packages/airflow/example_dags/example_complex.py took 0.136 seconds
[2024-02-12T11:03:47.229+0000] {processor.py:161} INFO - Started process (PID=1181) to work on /home/airflow/.local/lib/python3.8/site-packages/airflow/example_dags/example_complex.py
[2024-02-12T11:03:47.230+0000] {processor.py:830} INFO - Processing file /home/airflow/.local/lib/python3.8/site-packages/airflow/example_dags/example_complex.py for tasks to queue
[2024-02-12T11:03:47.231+0000] {logging_mixin.py:188} INFO - [2024-02-12T11:03:47.231+0000] {dagbag.py:538} INFO - Filling up the DagBag from /home/airflow/.local/lib/python3.8/site-packages/airflow/example_dags/example_complex.py
[2024-02-12T11:03:47.242+0000] {processor.py:840} INFO - DAG(s) 'example_complex' retrieved from /home/airflow/.local/lib/python3.8/site-packages/airflow/example_dags/example_complex.py
[2024-02-12T11:03:47.275+0000] {logging_mixin.py:188} INFO - [2024-02-12T11:03:47.274+0000] {dag.py:3036} INFO - Sync 1 DAGs
[2024-02-12T11:03:47.288+0000] {logging_mixin.py:188} INFO - [2024-02-12T11:03:47.287+0000] {dag.py:3823} INFO - Setting next_dagrun for example_complex to None, run_after=None
[2024-02-12T11:03:47.307+0000] {processor.py:183} INFO - Processing /home/airflow/.local/lib/python3.8/site-packages/airflow/example_dags/example_complex.py took 0.080 seconds
[2024-02-12T11:04:18.533+0000] {processor.py:161} INFO - Started process (PID=1243) to work on /home/airflow/.local/lib/python3.8/site-packages/airflow/example_dags/example_complex.py
[2024-02-12T11:04:18.534+0000] {processor.py:830} INFO - Processing file /home/airflow/.local/lib/python3.8/site-packages/airflow/example_dags/example_complex.py for tasks to queue
[2024-02-12T11:04:18.536+0000] {logging_mixin.py:188} INFO - [2024-02-12T11:04:18.535+0000] {dagbag.py:538} INFO - Filling up the DagBag from /home/airflow/.local/lib/python3.8/site-packages/airflow/example_dags/example_complex.py
[2024-02-12T11:04:18.547+0000] {processor.py:840} INFO - DAG(s) 'example_complex' retrieved from /home/airflow/.local/lib/python3.8/site-packages/airflow/example_dags/example_complex.py
[2024-02-12T11:04:18.578+0000] {logging_mixin.py:188} INFO - [2024-02-12T11:04:18.578+0000] {dag.py:3036} INFO - Sync 1 DAGs
[2024-02-12T11:04:18.590+0000] {logging_mixin.py:188} INFO - [2024-02-12T11:04:18.590+0000] {dag.py:3823} INFO - Setting next_dagrun for example_complex to None, run_after=None
[2024-02-12T11:04:18.610+0000] {processor.py:183} INFO - Processing /home/airflow/.local/lib/python3.8/site-packages/airflow/example_dags/example_complex.py took 0.079 seconds
[2024-02-12T11:04:49.208+0000] {processor.py:161} INFO - Started process (PID=1299) to work on /home/airflow/.local/lib/python3.8/site-packages/airflow/example_dags/example_complex.py
[2024-02-12T11:04:49.209+0000] {processor.py:830} INFO - Processing file /home/airflow/.local/lib/python3.8/site-packages/airflow/example_dags/example_complex.py for tasks to queue
[2024-02-12T11:04:49.210+0000] {logging_mixin.py:188} INFO - [2024-02-12T11:04:49.210+0000] {dagbag.py:538} INFO - Filling up the DagBag from /home/airflow/.local/lib/python3.8/site-packages/airflow/example_dags/example_complex.py
[2024-02-12T11:04:49.221+0000] {processor.py:840} INFO - DAG(s) 'example_complex' retrieved from /home/airflow/.local/lib/python3.8/site-packages/airflow/example_dags/example_complex.py
[2024-02-12T11:04:49.253+0000] {logging_mixin.py:188} INFO - [2024-02-12T11:04:49.253+0000] {dag.py:3036} INFO - Sync 1 DAGs
[2024-02-12T11:04:49.267+0000] {logging_mixin.py:188} INFO - [2024-02-12T11:04:49.267+0000] {dag.py:3823} INFO - Setting next_dagrun for example_complex to None, run_after=None
[2024-02-12T11:04:49.287+0000] {processor.py:183} INFO - Processing /home/airflow/.local/lib/python3.8/site-packages/airflow/example_dags/example_complex.py took 0.082 seconds
[2024-02-12T11:05:19.578+0000] {processor.py:161} INFO - Started process (PID=1354) to work on /home/airflow/.local/lib/python3.8/site-packages/airflow/example_dags/example_complex.py
[2024-02-12T11:05:19.578+0000] {processor.py:830} INFO - Processing file /home/airflow/.local/lib/python3.8/site-packages/airflow/example_dags/example_complex.py for tasks to queue
[2024-02-12T11:05:19.580+0000] {logging_mixin.py:188} INFO - [2024-02-12T11:05:19.580+0000] {dagbag.py:538} INFO - Filling up the DagBag from /home/airflow/.local/lib/python3.8/site-packages/airflow/example_dags/example_complex.py
[2024-02-12T11:05:19.591+0000] {processor.py:840} INFO - DAG(s) 'example_complex' retrieved from /home/airflow/.local/lib/python3.8/site-packages/airflow/example_dags/example_complex.py
[2024-02-12T11:05:19.623+0000] {logging_mixin.py:188} INFO - [2024-02-12T11:05:19.623+0000] {dag.py:3036} INFO - Sync 1 DAGs
[2024-02-12T11:05:19.635+0000] {logging_mixin.py:188} INFO - [2024-02-12T11:05:19.635+0000] {dag.py:3823} INFO - Setting next_dagrun for example_complex to None, run_after=None
[2024-02-12T11:05:19.654+0000] {processor.py:183} INFO - Processing /home/airflow/.local/lib/python3.8/site-packages/airflow/example_dags/example_complex.py took 0.079 seconds
[2024-02-12T11:05:50.190+0000] {processor.py:161} INFO - Started process (PID=1410) to work on /home/airflow/.local/lib/python3.8/site-packages/airflow/example_dags/example_complex.py
[2024-02-12T11:05:50.191+0000] {processor.py:830} INFO - Processing file /home/airflow/.local/lib/python3.8/site-packages/airflow/example_dags/example_complex.py for tasks to queue
[2024-02-12T11:05:50.193+0000] {logging_mixin.py:188} INFO - [2024-02-12T11:05:50.193+0000] {dagbag.py:538} INFO - Filling up the DagBag from /home/airflow/.local/lib/python3.8/site-packages/airflow/example_dags/example_complex.py
[2024-02-12T11:05:50.206+0000] {processor.py:840} INFO - DAG(s) 'example_complex' retrieved from /home/airflow/.local/lib/python3.8/site-packages/airflow/example_dags/example_complex.py
[2024-02-12T11:05:50.240+0000] {logging_mixin.py:188} INFO - [2024-02-12T11:05:50.240+0000] {dag.py:3036} INFO - Sync 1 DAGs
[2024-02-12T11:05:50.252+0000] {logging_mixin.py:188} INFO - [2024-02-12T11:05:50.252+0000] {dag.py:3823} INFO - Setting next_dagrun for example_complex to None, run_after=None
[2024-02-12T11:05:50.271+0000] {processor.py:183} INFO - Processing /home/airflow/.local/lib/python3.8/site-packages/airflow/example_dags/example_complex.py took 0.084 seconds
[2024-02-12T11:06:20.944+0000] {processor.py:161} INFO - Started process (PID=1466) to work on /home/airflow/.local/lib/python3.8/site-packages/airflow/example_dags/example_complex.py
[2024-02-12T11:06:20.945+0000] {processor.py:830} INFO - Processing file /home/airflow/.local/lib/python3.8/site-packages/airflow/example_dags/example_complex.py for tasks to queue
[2024-02-12T11:06:20.946+0000] {logging_mixin.py:188} INFO - [2024-02-12T11:06:20.946+0000] {dagbag.py:538} INFO - Filling up the DagBag from /home/airflow/.local/lib/python3.8/site-packages/airflow/example_dags/example_complex.py
[2024-02-12T11:06:20.957+0000] {processor.py:840} INFO - DAG(s) 'example_complex' retrieved from /home/airflow/.local/lib/python3.8/site-packages/airflow/example_dags/example_complex.py
[2024-02-12T11:06:20.987+0000] {logging_mixin.py:188} INFO - [2024-02-12T11:06:20.987+0000] {dag.py:3036} INFO - Sync 1 DAGs
[2024-02-12T11:06:21.000+0000] {logging_mixin.py:188} INFO - [2024-02-12T11:06:21.000+0000] {dag.py:3823} INFO - Setting next_dagrun for example_complex to None, run_after=None
[2024-02-12T11:06:21.022+0000] {processor.py:183} INFO - Processing /home/airflow/.local/lib/python3.8/site-packages/airflow/example_dags/example_complex.py took 0.081 seconds
[2024-02-12T11:06:51.899+0000] {processor.py:161} INFO - Started process (PID=1523) to work on /home/airflow/.local/lib/python3.8/site-packages/airflow/example_dags/example_complex.py
[2024-02-12T11:06:51.900+0000] {processor.py:830} INFO - Processing file /home/airflow/.local/lib/python3.8/site-packages/airflow/example_dags/example_complex.py for tasks to queue
[2024-02-12T11:06:51.901+0000] {logging_mixin.py:188} INFO - [2024-02-12T11:06:51.901+0000] {dagbag.py:538} INFO - Filling up the DagBag from /home/airflow/.local/lib/python3.8/site-packages/airflow/example_dags/example_complex.py
[2024-02-12T11:06:51.912+0000] {processor.py:840} INFO - DAG(s) 'example_complex' retrieved from /home/airflow/.local/lib/python3.8/site-packages/airflow/example_dags/example_complex.py
[2024-02-12T11:06:51.943+0000] {logging_mixin.py:188} INFO - [2024-02-12T11:06:51.942+0000] {dag.py:3036} INFO - Sync 1 DAGs
[2024-02-12T11:06:51.955+0000] {logging_mixin.py:188} INFO - [2024-02-12T11:06:51.955+0000] {dag.py:3823} INFO - Setting next_dagrun for example_complex to None, run_after=None
[2024-02-12T11:06:51.976+0000] {processor.py:183} INFO - Processing /home/airflow/.local/lib/python3.8/site-packages/airflow/example_dags/example_complex.py took 0.080 seconds
[2024-02-12T11:07:22.408+0000] {processor.py:161} INFO - Started process (PID=1581) to work on /home/airflow/.local/lib/python3.8/site-packages/airflow/example_dags/example_complex.py
[2024-02-12T11:07:22.409+0000] {processor.py:830} INFO - Processing file /home/airflow/.local/lib/python3.8/site-packages/airflow/example_dags/example_complex.py for tasks to queue
[2024-02-12T11:07:22.410+0000] {logging_mixin.py:188} INFO - [2024-02-12T11:07:22.410+0000] {dagbag.py:538} INFO - Filling up the DagBag from /home/airflow/.local/lib/python3.8/site-packages/airflow/example_dags/example_complex.py
[2024-02-12T11:07:22.422+0000] {processor.py:840} INFO - DAG(s) 'example_complex' retrieved from /home/airflow/.local/lib/python3.8/site-packages/airflow/example_dags/example_complex.py
[2024-02-12T11:07:22.451+0000] {logging_mixin.py:188} INFO - [2024-02-12T11:07:22.451+0000] {dag.py:3036} INFO - Sync 1 DAGs
[2024-02-12T11:07:22.463+0000] {logging_mixin.py:188} INFO - [2024-02-12T11:07:22.463+0000] {dag.py:3823} INFO - Setting next_dagrun for example_complex to None, run_after=None
[2024-02-12T11:07:22.486+0000] {processor.py:183} INFO - Processing /home/airflow/.local/lib/python3.8/site-packages/airflow/example_dags/example_complex.py took 0.080 seconds
[2024-02-12T11:07:52.726+0000] {processor.py:161} INFO - Started process (PID=1638) to work on /home/airflow/.local/lib/python3.8/site-packages/airflow/example_dags/example_complex.py
[2024-02-12T11:07:52.727+0000] {processor.py:830} INFO - Processing file /home/airflow/.local/lib/python3.8/site-packages/airflow/example_dags/example_complex.py for tasks to queue
[2024-02-12T11:07:52.728+0000] {logging_mixin.py:188} INFO - [2024-02-12T11:07:52.728+0000] {dagbag.py:538} INFO - Filling up the DagBag from /home/airflow/.local/lib/python3.8/site-packages/airflow/example_dags/example_complex.py
[2024-02-12T11:07:52.739+0000] {processor.py:840} INFO - DAG(s) 'example_complex' retrieved from /home/airflow/.local/lib/python3.8/site-packages/airflow/example_dags/example_complex.py
[2024-02-12T11:07:52.768+0000] {logging_mixin.py:188} INFO - [2024-02-12T11:07:52.768+0000] {dag.py:3036} INFO - Sync 1 DAGs
[2024-02-12T11:07:52.780+0000] {logging_mixin.py:188} INFO - [2024-02-12T11:07:52.780+0000] {dag.py:3823} INFO - Setting next_dagrun for example_complex to None, run_after=None
[2024-02-12T11:07:52.799+0000] {processor.py:183} INFO - Processing /home/airflow/.local/lib/python3.8/site-packages/airflow/example_dags/example_complex.py took 0.075 seconds
[2024-02-12T11:08:23.523+0000] {processor.py:161} INFO - Started process (PID=1694) to work on /home/airflow/.local/lib/python3.8/site-packages/airflow/example_dags/example_complex.py
[2024-02-12T11:08:23.523+0000] {processor.py:830} INFO - Processing file /home/airflow/.local/lib/python3.8/site-packages/airflow/example_dags/example_complex.py for tasks to queue
[2024-02-12T11:08:23.525+0000] {logging_mixin.py:188} INFO - [2024-02-12T11:08:23.524+0000] {dagbag.py:538} INFO - Filling up the DagBag from /home/airflow/.local/lib/python3.8/site-packages/airflow/example_dags/example_complex.py
[2024-02-12T11:08:23.536+0000] {processor.py:840} INFO - DAG(s) 'example_complex' retrieved from /home/airflow/.local/lib/python3.8/site-packages/airflow/example_dags/example_complex.py
[2024-02-12T11:08:23.566+0000] {logging_mixin.py:188} INFO - [2024-02-12T11:08:23.565+0000] {dag.py:3036} INFO - Sync 1 DAGs
[2024-02-12T11:08:23.578+0000] {logging_mixin.py:188} INFO - [2024-02-12T11:08:23.577+0000] {dag.py:3823} INFO - Setting next_dagrun for example_complex to None, run_after=None
[2024-02-12T11:08:23.596+0000] {processor.py:183} INFO - Processing /home/airflow/.local/lib/python3.8/site-packages/airflow/example_dags/example_complex.py took 0.076 seconds
[2024-02-12T11:08:54.412+0000] {processor.py:161} INFO - Started process (PID=1750) to work on /home/airflow/.local/lib/python3.8/site-packages/airflow/example_dags/example_complex.py
[2024-02-12T11:08:54.412+0000] {processor.py:830} INFO - Processing file /home/airflow/.local/lib/python3.8/site-packages/airflow/example_dags/example_complex.py for tasks to queue
[2024-02-12T11:08:54.413+0000] {logging_mixin.py:188} INFO - [2024-02-12T11:08:54.413+0000] {dagbag.py:538} INFO - Filling up the DagBag from /home/airflow/.local/lib/python3.8/site-packages/airflow/example_dags/example_complex.py
[2024-02-12T11:08:54.424+0000] {processor.py:840} INFO - DAG(s) 'example_complex' retrieved from /home/airflow/.local/lib/python3.8/site-packages/airflow/example_dags/example_complex.py
[2024-02-12T11:08:54.456+0000] {logging_mixin.py:188} INFO - [2024-02-12T11:08:54.456+0000] {dag.py:3036} INFO - Sync 1 DAGs
[2024-02-12T11:08:54.468+0000] {logging_mixin.py:188} INFO - [2024-02-12T11:08:54.468+0000] {dag.py:3823} INFO - Setting next_dagrun for example_complex to None, run_after=None
[2024-02-12T11:08:54.488+0000] {processor.py:183} INFO - Processing /home/airflow/.local/lib/python3.8/site-packages/airflow/example_dags/example_complex.py took 0.080 seconds
[2024-02-12T11:09:24.672+0000] {processor.py:161} INFO - Started process (PID=1806) to work on /home/airflow/.local/lib/python3.8/site-packages/airflow/example_dags/example_complex.py
[2024-02-12T11:09:24.673+0000] {processor.py:830} INFO - Processing file /home/airflow/.local/lib/python3.8/site-packages/airflow/example_dags/example_complex.py for tasks to queue
[2024-02-12T11:09:24.675+0000] {logging_mixin.py:188} INFO - [2024-02-12T11:09:24.674+0000] {dagbag.py:538} INFO - Filling up the DagBag from /home/airflow/.local/lib/python3.8/site-packages/airflow/example_dags/example_complex.py
[2024-02-12T11:09:24.697+0000] {processor.py:840} INFO - DAG(s) 'example_complex' retrieved from /home/airflow/.local/lib/python3.8/site-packages/airflow/example_dags/example_complex.py
[2024-02-12T11:09:24.763+0000] {logging_mixin.py:188} INFO - [2024-02-12T11:09:24.763+0000] {dag.py:3036} INFO - Sync 1 DAGs
[2024-02-12T11:09:24.786+0000] {logging_mixin.py:188} INFO - [2024-02-12T11:09:24.785+0000] {dag.py:3823} INFO - Setting next_dagrun for example_complex to None, run_after=None
[2024-02-12T11:09:24.828+0000] {processor.py:183} INFO - Processing /home/airflow/.local/lib/python3.8/site-packages/airflow/example_dags/example_complex.py took 0.160 seconds
[2024-02-12T11:09:54.860+0000] {processor.py:161} INFO - Started process (PID=1861) to work on /home/airflow/.local/lib/python3.8/site-packages/airflow/example_dags/example_complex.py
[2024-02-12T11:09:54.861+0000] {processor.py:830} INFO - Processing file /home/airflow/.local/lib/python3.8/site-packages/airflow/example_dags/example_complex.py for tasks to queue
[2024-02-12T11:09:54.862+0000] {logging_mixin.py:188} INFO - [2024-02-12T11:09:54.862+0000] {dagbag.py:538} INFO - Filling up the DagBag from /home/airflow/.local/lib/python3.8/site-packages/airflow/example_dags/example_complex.py
[2024-02-12T11:09:54.874+0000] {processor.py:840} INFO - DAG(s) 'example_complex' retrieved from /home/airflow/.local/lib/python3.8/site-packages/airflow/example_dags/example_complex.py
[2024-02-12T11:09:54.912+0000] {logging_mixin.py:188} INFO - [2024-02-12T11:09:54.912+0000] {dag.py:3036} INFO - Sync 1 DAGs
[2024-02-12T11:09:54.926+0000] {logging_mixin.py:188} INFO - [2024-02-12T11:09:54.925+0000] {dag.py:3823} INFO - Setting next_dagrun for example_complex to None, run_after=None
[2024-02-12T11:09:54.944+0000] {processor.py:183} INFO - Processing /home/airflow/.local/lib/python3.8/site-packages/airflow/example_dags/example_complex.py took 0.090 seconds
[2024-02-12T11:10:25.252+0000] {processor.py:161} INFO - Started process (PID=1917) to work on /home/airflow/.local/lib/python3.8/site-packages/airflow/example_dags/example_complex.py
[2024-02-12T11:10:25.254+0000] {processor.py:830} INFO - Processing file /home/airflow/.local/lib/python3.8/site-packages/airflow/example_dags/example_complex.py for tasks to queue
[2024-02-12T11:10:25.257+0000] {logging_mixin.py:188} INFO - [2024-02-12T11:10:25.256+0000] {dagbag.py:538} INFO - Filling up the DagBag from /home/airflow/.local/lib/python3.8/site-packages/airflow/example_dags/example_complex.py
[2024-02-12T11:10:25.279+0000] {processor.py:840} INFO - DAG(s) 'example_complex' retrieved from /home/airflow/.local/lib/python3.8/site-packages/airflow/example_dags/example_complex.py
[2024-02-12T11:10:25.330+0000] {logging_mixin.py:188} INFO - [2024-02-12T11:10:25.330+0000] {dag.py:3036} INFO - Sync 1 DAGs
[2024-02-12T11:10:25.346+0000] {logging_mixin.py:188} INFO - [2024-02-12T11:10:25.346+0000] {dag.py:3823} INFO - Setting next_dagrun for example_complex to None, run_after=None
[2024-02-12T11:10:25.369+0000] {processor.py:183} INFO - Processing /home/airflow/.local/lib/python3.8/site-packages/airflow/example_dags/example_complex.py took 0.122 seconds
[2024-02-12T11:10:56.309+0000] {processor.py:161} INFO - Started process (PID=1973) to work on /home/airflow/.local/lib/python3.8/site-packages/airflow/example_dags/example_complex.py
[2024-02-12T11:10:56.312+0000] {processor.py:830} INFO - Processing file /home/airflow/.local/lib/python3.8/site-packages/airflow/example_dags/example_complex.py for tasks to queue
[2024-02-12T11:10:56.313+0000] {logging_mixin.py:188} INFO - [2024-02-12T11:10:56.313+0000] {dagbag.py:538} INFO - Filling up the DagBag from /home/airflow/.local/lib/python3.8/site-packages/airflow/example_dags/example_complex.py
[2024-02-12T11:10:56.333+0000] {processor.py:840} INFO - DAG(s) 'example_complex' retrieved from /home/airflow/.local/lib/python3.8/site-packages/airflow/example_dags/example_complex.py
[2024-02-12T11:10:56.386+0000] {logging_mixin.py:188} INFO - [2024-02-12T11:10:56.386+0000] {dag.py:3036} INFO - Sync 1 DAGs
[2024-02-12T11:10:56.402+0000] {logging_mixin.py:188} INFO - [2024-02-12T11:10:56.401+0000] {dag.py:3823} INFO - Setting next_dagrun for example_complex to None, run_after=None
[2024-02-12T11:10:56.432+0000] {processor.py:183} INFO - Processing /home/airflow/.local/lib/python3.8/site-packages/airflow/example_dags/example_complex.py took 0.130 seconds
[2024-02-12T11:11:26.526+0000] {processor.py:161} INFO - Started process (PID=2028) to work on /home/airflow/.local/lib/python3.8/site-packages/airflow/example_dags/example_complex.py
[2024-02-12T11:11:26.528+0000] {processor.py:830} INFO - Processing file /home/airflow/.local/lib/python3.8/site-packages/airflow/example_dags/example_complex.py for tasks to queue
[2024-02-12T11:11:26.529+0000] {logging_mixin.py:188} INFO - [2024-02-12T11:11:26.529+0000] {dagbag.py:538} INFO - Filling up the DagBag from /home/airflow/.local/lib/python3.8/site-packages/airflow/example_dags/example_complex.py
[2024-02-12T11:11:26.551+0000] {processor.py:840} INFO - DAG(s) 'example_complex' retrieved from /home/airflow/.local/lib/python3.8/site-packages/airflow/example_dags/example_complex.py
[2024-02-12T11:11:26.604+0000] {logging_mixin.py:188} INFO - [2024-02-12T11:11:26.604+0000] {dag.py:3036} INFO - Sync 1 DAGs
[2024-02-12T11:11:26.623+0000] {logging_mixin.py:188} INFO - [2024-02-12T11:11:26.622+0000] {dag.py:3823} INFO - Setting next_dagrun for example_complex to None, run_after=None
[2024-02-12T11:11:26.660+0000] {processor.py:183} INFO - Processing /home/airflow/.local/lib/python3.8/site-packages/airflow/example_dags/example_complex.py took 0.140 seconds
[2024-02-12T11:11:56.767+0000] {processor.py:161} INFO - Started process (PID=2085) to work on /home/airflow/.local/lib/python3.8/site-packages/airflow/example_dags/example_complex.py
[2024-02-12T11:11:56.768+0000] {processor.py:830} INFO - Processing file /home/airflow/.local/lib/python3.8/site-packages/airflow/example_dags/example_complex.py for tasks to queue
[2024-02-12T11:11:56.769+0000] {logging_mixin.py:188} INFO - [2024-02-12T11:11:56.769+0000] {dagbag.py:538} INFO - Filling up the DagBag from /home/airflow/.local/lib/python3.8/site-packages/airflow/example_dags/example_complex.py
[2024-02-12T11:11:56.790+0000] {processor.py:840} INFO - DAG(s) 'example_complex' retrieved from /home/airflow/.local/lib/python3.8/site-packages/airflow/example_dags/example_complex.py
[2024-02-12T11:11:56.865+0000] {logging_mixin.py:188} INFO - [2024-02-12T11:11:56.864+0000] {dag.py:3036} INFO - Sync 1 DAGs
[2024-02-12T11:11:56.885+0000] {logging_mixin.py:188} INFO - [2024-02-12T11:11:56.884+0000] {dag.py:3823} INFO - Setting next_dagrun for example_complex to None, run_after=None
[2024-02-12T11:11:56.920+0000] {processor.py:183} INFO - Processing /home/airflow/.local/lib/python3.8/site-packages/airflow/example_dags/example_complex.py took 0.159 seconds
[2024-02-12T11:12:27.131+0000] {processor.py:161} INFO - Started process (PID=2141) to work on /home/airflow/.local/lib/python3.8/site-packages/airflow/example_dags/example_complex.py
[2024-02-12T11:12:27.133+0000] {processor.py:830} INFO - Processing file /home/airflow/.local/lib/python3.8/site-packages/airflow/example_dags/example_complex.py for tasks to queue
[2024-02-12T11:12:27.134+0000] {logging_mixin.py:188} INFO - [2024-02-12T11:12:27.134+0000] {dagbag.py:538} INFO - Filling up the DagBag from /home/airflow/.local/lib/python3.8/site-packages/airflow/example_dags/example_complex.py
[2024-02-12T11:12:27.148+0000] {processor.py:840} INFO - DAG(s) 'example_complex' retrieved from /home/airflow/.local/lib/python3.8/site-packages/airflow/example_dags/example_complex.py
[2024-02-12T11:12:27.181+0000] {logging_mixin.py:188} INFO - [2024-02-12T11:12:27.181+0000] {dag.py:3036} INFO - Sync 1 DAGs
[2024-02-12T11:12:27.194+0000] {logging_mixin.py:188} INFO - [2024-02-12T11:12:27.194+0000] {dag.py:3823} INFO - Setting next_dagrun for example_complex to None, run_after=None
[2024-02-12T11:12:27.212+0000] {processor.py:183} INFO - Processing /home/airflow/.local/lib/python3.8/site-packages/airflow/example_dags/example_complex.py took 0.084 seconds
[2024-02-12T11:12:57.498+0000] {processor.py:161} INFO - Started process (PID=2197) to work on /home/airflow/.local/lib/python3.8/site-packages/airflow/example_dags/example_complex.py
[2024-02-12T11:12:57.499+0000] {processor.py:830} INFO - Processing file /home/airflow/.local/lib/python3.8/site-packages/airflow/example_dags/example_complex.py for tasks to queue
[2024-02-12T11:12:57.501+0000] {logging_mixin.py:188} INFO - [2024-02-12T11:12:57.500+0000] {dagbag.py:538} INFO - Filling up the DagBag from /home/airflow/.local/lib/python3.8/site-packages/airflow/example_dags/example_complex.py
[2024-02-12T11:12:57.516+0000] {processor.py:840} INFO - DAG(s) 'example_complex' retrieved from /home/airflow/.local/lib/python3.8/site-packages/airflow/example_dags/example_complex.py
[2024-02-12T11:12:57.551+0000] {logging_mixin.py:188} INFO - [2024-02-12T11:12:57.551+0000] {dag.py:3036} INFO - Sync 1 DAGs
[2024-02-12T11:12:57.568+0000] {logging_mixin.py:188} INFO - [2024-02-12T11:12:57.568+0000] {dag.py:3823} INFO - Setting next_dagrun for example_complex to None, run_after=None
[2024-02-12T11:12:57.611+0000] {processor.py:183} INFO - Processing /home/airflow/.local/lib/python3.8/site-packages/airflow/example_dags/example_complex.py took 0.118 seconds
[2024-02-12T11:13:28.257+0000] {processor.py:161} INFO - Started process (PID=2252) to work on /home/airflow/.local/lib/python3.8/site-packages/airflow/example_dags/example_complex.py
[2024-02-12T11:13:28.259+0000] {processor.py:830} INFO - Processing file /home/airflow/.local/lib/python3.8/site-packages/airflow/example_dags/example_complex.py for tasks to queue
[2024-02-12T11:13:28.261+0000] {logging_mixin.py:188} INFO - [2024-02-12T11:13:28.260+0000] {dagbag.py:538} INFO - Filling up the DagBag from /home/airflow/.local/lib/python3.8/site-packages/airflow/example_dags/example_complex.py
[2024-02-12T11:13:28.278+0000] {processor.py:840} INFO - DAG(s) 'example_complex' retrieved from /home/airflow/.local/lib/python3.8/site-packages/airflow/example_dags/example_complex.py
[2024-02-12T11:13:28.326+0000] {logging_mixin.py:188} INFO - [2024-02-12T11:13:28.326+0000] {dag.py:3036} INFO - Sync 1 DAGs
[2024-02-12T11:13:28.341+0000] {logging_mixin.py:188} INFO - [2024-02-12T11:13:28.341+0000] {dag.py:3823} INFO - Setting next_dagrun for example_complex to None, run_after=None
[2024-02-12T11:13:28.361+0000] {processor.py:183} INFO - Processing /home/airflow/.local/lib/python3.8/site-packages/airflow/example_dags/example_complex.py took 0.108 seconds
[2024-02-12T11:13:58.523+0000] {processor.py:161} INFO - Started process (PID=2308) to work on /home/airflow/.local/lib/python3.8/site-packages/airflow/example_dags/example_complex.py
[2024-02-12T11:13:58.524+0000] {processor.py:830} INFO - Processing file /home/airflow/.local/lib/python3.8/site-packages/airflow/example_dags/example_complex.py for tasks to queue
[2024-02-12T11:13:58.524+0000] {logging_mixin.py:188} INFO - [2024-02-12T11:13:58.524+0000] {dagbag.py:538} INFO - Filling up the DagBag from /home/airflow/.local/lib/python3.8/site-packages/airflow/example_dags/example_complex.py
[2024-02-12T11:13:58.536+0000] {processor.py:840} INFO - DAG(s) 'example_complex' retrieved from /home/airflow/.local/lib/python3.8/site-packages/airflow/example_dags/example_complex.py
[2024-02-12T11:13:58.579+0000] {logging_mixin.py:188} INFO - [2024-02-12T11:13:58.579+0000] {dag.py:3036} INFO - Sync 1 DAGs
[2024-02-12T11:13:58.597+0000] {logging_mixin.py:188} INFO - [2024-02-12T11:13:58.597+0000] {dag.py:3823} INFO - Setting next_dagrun for example_complex to None, run_after=None
[2024-02-12T11:13:58.618+0000] {processor.py:183} INFO - Processing /home/airflow/.local/lib/python3.8/site-packages/airflow/example_dags/example_complex.py took 0.099 seconds
[2024-02-12T11:14:30.249+0000] {processor.py:161} INFO - Started process (PID=2364) to work on /home/airflow/.local/lib/python3.8/site-packages/airflow/example_dags/example_complex.py
[2024-02-12T11:14:30.252+0000] {processor.py:830} INFO - Processing file /home/airflow/.local/lib/python3.8/site-packages/airflow/example_dags/example_complex.py for tasks to queue
[2024-02-12T11:14:30.254+0000] {logging_mixin.py:188} INFO - [2024-02-12T11:14:30.253+0000] {dagbag.py:538} INFO - Filling up the DagBag from /home/airflow/.local/lib/python3.8/site-packages/airflow/example_dags/example_complex.py
[2024-02-12T11:14:30.285+0000] {processor.py:840} INFO - DAG(s) 'example_complex' retrieved from /home/airflow/.local/lib/python3.8/site-packages/airflow/example_dags/example_complex.py
[2024-02-12T11:14:30.357+0000] {logging_mixin.py:188} INFO - [2024-02-12T11:14:30.357+0000] {dag.py:3036} INFO - Sync 1 DAGs
[2024-02-12T11:14:30.388+0000] {logging_mixin.py:188} INFO - [2024-02-12T11:14:30.388+0000] {dag.py:3823} INFO - Setting next_dagrun for example_complex to None, run_after=None
[2024-02-12T11:14:30.436+0000] {processor.py:183} INFO - Processing /home/airflow/.local/lib/python3.8/site-packages/airflow/example_dags/example_complex.py took 0.196 seconds
[2024-02-12T11:15:01.189+0000] {processor.py:161} INFO - Started process (PID=2420) to work on /home/airflow/.local/lib/python3.8/site-packages/airflow/example_dags/example_complex.py
[2024-02-12T11:15:01.191+0000] {processor.py:830} INFO - Processing file /home/airflow/.local/lib/python3.8/site-packages/airflow/example_dags/example_complex.py for tasks to queue
[2024-02-12T11:15:01.194+0000] {logging_mixin.py:188} INFO - [2024-02-12T11:15:01.193+0000] {dagbag.py:538} INFO - Filling up the DagBag from /home/airflow/.local/lib/python3.8/site-packages/airflow/example_dags/example_complex.py
[2024-02-12T11:15:01.228+0000] {processor.py:840} INFO - DAG(s) 'example_complex' retrieved from /home/airflow/.local/lib/python3.8/site-packages/airflow/example_dags/example_complex.py
[2024-02-12T11:15:01.320+0000] {logging_mixin.py:188} INFO - [2024-02-12T11:15:01.320+0000] {dag.py:3036} INFO - Sync 1 DAGs
[2024-02-12T11:15:01.348+0000] {logging_mixin.py:188} INFO - [2024-02-12T11:15:01.347+0000] {dag.py:3823} INFO - Setting next_dagrun for example_complex to None, run_after=None
[2024-02-12T11:15:01.389+0000] {processor.py:183} INFO - Processing /home/airflow/.local/lib/python3.8/site-packages/airflow/example_dags/example_complex.py took 0.205 seconds
[2024-02-12T11:15:31.975+0000] {processor.py:161} INFO - Started process (PID=2476) to work on /home/airflow/.local/lib/python3.8/site-packages/airflow/example_dags/example_complex.py
[2024-02-12T11:15:31.976+0000] {processor.py:830} INFO - Processing file /home/airflow/.local/lib/python3.8/site-packages/airflow/example_dags/example_complex.py for tasks to queue
[2024-02-12T11:15:31.977+0000] {logging_mixin.py:188} INFO - [2024-02-12T11:15:31.977+0000] {dagbag.py:538} INFO - Filling up the DagBag from /home/airflow/.local/lib/python3.8/site-packages/airflow/example_dags/example_complex.py
[2024-02-12T11:15:31.990+0000] {processor.py:840} INFO - DAG(s) 'example_complex' retrieved from /home/airflow/.local/lib/python3.8/site-packages/airflow/example_dags/example_complex.py
[2024-02-12T11:15:32.025+0000] {logging_mixin.py:188} INFO - [2024-02-12T11:15:32.025+0000] {dag.py:3036} INFO - Sync 1 DAGs
[2024-02-12T11:15:32.039+0000] {logging_mixin.py:188} INFO - [2024-02-12T11:15:32.038+0000] {dag.py:3823} INFO - Setting next_dagrun for example_complex to None, run_after=None
[2024-02-12T11:15:32.075+0000] {processor.py:183} INFO - Processing /home/airflow/.local/lib/python3.8/site-packages/airflow/example_dags/example_complex.py took 0.103 seconds
[2024-02-12T11:16:02.579+0000] {processor.py:161} INFO - Started process (PID=2532) to work on /home/airflow/.local/lib/python3.8/site-packages/airflow/example_dags/example_complex.py
[2024-02-12T11:16:02.580+0000] {processor.py:830} INFO - Processing file /home/airflow/.local/lib/python3.8/site-packages/airflow/example_dags/example_complex.py for tasks to queue
[2024-02-12T11:16:02.581+0000] {logging_mixin.py:188} INFO - [2024-02-12T11:16:02.581+0000] {dagbag.py:538} INFO - Filling up the DagBag from /home/airflow/.local/lib/python3.8/site-packages/airflow/example_dags/example_complex.py
[2024-02-12T11:16:02.593+0000] {processor.py:840} INFO - DAG(s) 'example_complex' retrieved from /home/airflow/.local/lib/python3.8/site-packages/airflow/example_dags/example_complex.py
[2024-02-12T11:16:02.625+0000] {logging_mixin.py:188} INFO - [2024-02-12T11:16:02.624+0000] {dag.py:3036} INFO - Sync 1 DAGs
[2024-02-12T11:16:02.804+0000] {logging_mixin.py:188} INFO - [2024-02-12T11:16:02.804+0000] {dag.py:3823} INFO - Setting next_dagrun for example_complex to None, run_after=None
[2024-02-12T11:16:02.833+0000] {processor.py:183} INFO - Processing /home/airflow/.local/lib/python3.8/site-packages/airflow/example_dags/example_complex.py took 0.256 seconds
[2024-02-12T11:16:33.489+0000] {processor.py:161} INFO - Started process (PID=2588) to work on /home/airflow/.local/lib/python3.8/site-packages/airflow/example_dags/example_complex.py
[2024-02-12T11:16:33.490+0000] {processor.py:830} INFO - Processing file /home/airflow/.local/lib/python3.8/site-packages/airflow/example_dags/example_complex.py for tasks to queue
[2024-02-12T11:16:33.491+0000] {logging_mixin.py:188} INFO - [2024-02-12T11:16:33.491+0000] {dagbag.py:538} INFO - Filling up the DagBag from /home/airflow/.local/lib/python3.8/site-packages/airflow/example_dags/example_complex.py
[2024-02-12T11:16:33.502+0000] {processor.py:840} INFO - DAG(s) 'example_complex' retrieved from /home/airflow/.local/lib/python3.8/site-packages/airflow/example_dags/example_complex.py
[2024-02-12T11:16:33.534+0000] {logging_mixin.py:188} INFO - [2024-02-12T11:16:33.534+0000] {dag.py:3036} INFO - Sync 1 DAGs
[2024-02-12T11:16:33.546+0000] {logging_mixin.py:188} INFO - [2024-02-12T11:16:33.546+0000] {dag.py:3823} INFO - Setting next_dagrun for example_complex to None, run_after=None
[2024-02-12T11:16:33.748+0000] {processor.py:183} INFO - Processing /home/airflow/.local/lib/python3.8/site-packages/airflow/example_dags/example_complex.py took 0.261 seconds
[2024-02-12T11:17:04.071+0000] {processor.py:161} INFO - Started process (PID=2644) to work on /home/airflow/.local/lib/python3.8/site-packages/airflow/example_dags/example_complex.py
[2024-02-12T11:17:04.072+0000] {processor.py:830} INFO - Processing file /home/airflow/.local/lib/python3.8/site-packages/airflow/example_dags/example_complex.py for tasks to queue
[2024-02-12T11:17:04.073+0000] {logging_mixin.py:188} INFO - [2024-02-12T11:17:04.073+0000] {dagbag.py:538} INFO - Filling up the DagBag from /home/airflow/.local/lib/python3.8/site-packages/airflow/example_dags/example_complex.py
[2024-02-12T11:17:04.089+0000] {processor.py:840} INFO - DAG(s) 'example_complex' retrieved from /home/airflow/.local/lib/python3.8/site-packages/airflow/example_dags/example_complex.py
[2024-02-12T11:17:04.129+0000] {logging_mixin.py:188} INFO - [2024-02-12T11:17:04.128+0000] {dag.py:3036} INFO - Sync 1 DAGs
[2024-02-12T11:17:04.141+0000] {logging_mixin.py:188} INFO - [2024-02-12T11:17:04.141+0000] {dag.py:3823} INFO - Setting next_dagrun for example_complex to None, run_after=None
[2024-02-12T11:17:04.162+0000] {processor.py:183} INFO - Processing /home/airflow/.local/lib/python3.8/site-packages/airflow/example_dags/example_complex.py took 0.095 seconds
[2024-02-12T11:17:34.430+0000] {processor.py:161} INFO - Started process (PID=2700) to work on /home/airflow/.local/lib/python3.8/site-packages/airflow/example_dags/example_complex.py
[2024-02-12T11:17:34.432+0000] {processor.py:830} INFO - Processing file /home/airflow/.local/lib/python3.8/site-packages/airflow/example_dags/example_complex.py for tasks to queue
[2024-02-12T11:17:34.433+0000] {logging_mixin.py:188} INFO - [2024-02-12T11:17:34.433+0000] {dagbag.py:538} INFO - Filling up the DagBag from /home/airflow/.local/lib/python3.8/site-packages/airflow/example_dags/example_complex.py
[2024-02-12T11:17:34.452+0000] {processor.py:840} INFO - DAG(s) 'example_complex' retrieved from /home/airflow/.local/lib/python3.8/site-packages/airflow/example_dags/example_complex.py
[2024-02-12T11:17:34.498+0000] {logging_mixin.py:188} INFO - [2024-02-12T11:17:34.497+0000] {dag.py:3036} INFO - Sync 1 DAGs
[2024-02-12T11:17:34.516+0000] {logging_mixin.py:188} INFO - [2024-02-12T11:17:34.515+0000] {dag.py:3823} INFO - Setting next_dagrun for example_complex to None, run_after=None
[2024-02-12T11:17:34.544+0000] {processor.py:183} INFO - Processing /home/airflow/.local/lib/python3.8/site-packages/airflow/example_dags/example_complex.py took 0.120 seconds
[2024-02-12T11:18:04.999+0000] {processor.py:161} INFO - Started process (PID=2756) to work on /home/airflow/.local/lib/python3.8/site-packages/airflow/example_dags/example_complex.py
[2024-02-12T11:18:05.000+0000] {processor.py:830} INFO - Processing file /home/airflow/.local/lib/python3.8/site-packages/airflow/example_dags/example_complex.py for tasks to queue
[2024-02-12T11:18:05.002+0000] {logging_mixin.py:188} INFO - [2024-02-12T11:18:05.001+0000] {dagbag.py:538} INFO - Filling up the DagBag from /home/airflow/.local/lib/python3.8/site-packages/airflow/example_dags/example_complex.py
[2024-02-12T11:18:05.019+0000] {processor.py:840} INFO - DAG(s) 'example_complex' retrieved from /home/airflow/.local/lib/python3.8/site-packages/airflow/example_dags/example_complex.py
[2024-02-12T11:18:05.050+0000] {logging_mixin.py:188} INFO - [2024-02-12T11:18:05.050+0000] {dag.py:3036} INFO - Sync 1 DAGs
[2024-02-12T11:18:05.062+0000] {logging_mixin.py:188} INFO - [2024-02-12T11:18:05.062+0000] {dag.py:3823} INFO - Setting next_dagrun for example_complex to None, run_after=None
[2024-02-12T11:18:05.080+0000] {processor.py:183} INFO - Processing /home/airflow/.local/lib/python3.8/site-packages/airflow/example_dags/example_complex.py took 0.086 seconds
[2024-02-12T11:18:35.520+0000] {processor.py:161} INFO - Started process (PID=2812) to work on /home/airflow/.local/lib/python3.8/site-packages/airflow/example_dags/example_complex.py
[2024-02-12T11:18:35.521+0000] {processor.py:830} INFO - Processing file /home/airflow/.local/lib/python3.8/site-packages/airflow/example_dags/example_complex.py for tasks to queue
[2024-02-12T11:18:35.522+0000] {logging_mixin.py:188} INFO - [2024-02-12T11:18:35.521+0000] {dagbag.py:538} INFO - Filling up the DagBag from /home/airflow/.local/lib/python3.8/site-packages/airflow/example_dags/example_complex.py
[2024-02-12T11:18:35.536+0000] {processor.py:840} INFO - DAG(s) 'example_complex' retrieved from /home/airflow/.local/lib/python3.8/site-packages/airflow/example_dags/example_complex.py
[2024-02-12T11:18:35.570+0000] {logging_mixin.py:188} INFO - [2024-02-12T11:18:35.569+0000] {dag.py:3036} INFO - Sync 1 DAGs
[2024-02-12T11:18:35.581+0000] {logging_mixin.py:188} INFO - [2024-02-12T11:18:35.581+0000] {dag.py:3823} INFO - Setting next_dagrun for example_complex to None, run_after=None
[2024-02-12T11:18:35.598+0000] {processor.py:183} INFO - Processing /home/airflow/.local/lib/python3.8/site-packages/airflow/example_dags/example_complex.py took 0.082 seconds
[2024-02-12T11:19:06.221+0000] {processor.py:161} INFO - Started process (PID=2895) to work on /home/airflow/.local/lib/python3.8/site-packages/airflow/example_dags/example_complex.py
[2024-02-12T11:19:06.222+0000] {processor.py:830} INFO - Processing file /home/airflow/.local/lib/python3.8/site-packages/airflow/example_dags/example_complex.py for tasks to queue
[2024-02-12T11:19:06.223+0000] {logging_mixin.py:188} INFO - [2024-02-12T11:19:06.222+0000] {dagbag.py:538} INFO - Filling up the DagBag from /home/airflow/.local/lib/python3.8/site-packages/airflow/example_dags/example_complex.py
[2024-02-12T11:19:06.237+0000] {processor.py:840} INFO - DAG(s) 'example_complex' retrieved from /home/airflow/.local/lib/python3.8/site-packages/airflow/example_dags/example_complex.py
[2024-02-12T11:19:06.273+0000] {logging_mixin.py:188} INFO - [2024-02-12T11:19:06.273+0000] {dag.py:3036} INFO - Sync 1 DAGs
[2024-02-12T11:19:06.285+0000] {logging_mixin.py:188} INFO - [2024-02-12T11:19:06.285+0000] {dag.py:3823} INFO - Setting next_dagrun for example_complex to None, run_after=None
[2024-02-12T11:19:06.304+0000] {processor.py:183} INFO - Processing /home/airflow/.local/lib/python3.8/site-packages/airflow/example_dags/example_complex.py took 0.088 seconds
[2024-02-12T11:19:36.341+0000] {processor.py:161} INFO - Started process (PID=2968) to work on /home/airflow/.local/lib/python3.8/site-packages/airflow/example_dags/example_complex.py
[2024-02-12T11:19:36.341+0000] {processor.py:830} INFO - Processing file /home/airflow/.local/lib/python3.8/site-packages/airflow/example_dags/example_complex.py for tasks to queue
[2024-02-12T11:19:36.342+0000] {logging_mixin.py:188} INFO - [2024-02-12T11:19:36.342+0000] {dagbag.py:538} INFO - Filling up the DagBag from /home/airflow/.local/lib/python3.8/site-packages/airflow/example_dags/example_complex.py
[2024-02-12T11:19:36.353+0000] {processor.py:840} INFO - DAG(s) 'example_complex' retrieved from /home/airflow/.local/lib/python3.8/site-packages/airflow/example_dags/example_complex.py
[2024-02-12T11:19:36.388+0000] {logging_mixin.py:188} INFO - [2024-02-12T11:19:36.387+0000] {dag.py:3036} INFO - Sync 1 DAGs
[2024-02-12T11:19:36.403+0000] {logging_mixin.py:188} INFO - [2024-02-12T11:19:36.403+0000] {dag.py:3823} INFO - Setting next_dagrun for example_complex to None, run_after=None
[2024-02-12T11:19:36.430+0000] {processor.py:183} INFO - Processing /home/airflow/.local/lib/python3.8/site-packages/airflow/example_dags/example_complex.py took 0.092 seconds
[2024-02-12T11:20:06.856+0000] {processor.py:161} INFO - Started process (PID=3024) to work on /home/airflow/.local/lib/python3.8/site-packages/airflow/example_dags/example_complex.py
[2024-02-12T11:20:06.857+0000] {processor.py:830} INFO - Processing file /home/airflow/.local/lib/python3.8/site-packages/airflow/example_dags/example_complex.py for tasks to queue
[2024-02-12T11:20:06.858+0000] {logging_mixin.py:188} INFO - [2024-02-12T11:20:06.857+0000] {dagbag.py:538} INFO - Filling up the DagBag from /home/airflow/.local/lib/python3.8/site-packages/airflow/example_dags/example_complex.py
[2024-02-12T11:20:06.873+0000] {processor.py:840} INFO - DAG(s) 'example_complex' retrieved from /home/airflow/.local/lib/python3.8/site-packages/airflow/example_dags/example_complex.py
[2024-02-12T11:20:06.907+0000] {logging_mixin.py:188} INFO - [2024-02-12T11:20:06.907+0000] {dag.py:3036} INFO - Sync 1 DAGs
[2024-02-12T11:20:06.922+0000] {logging_mixin.py:188} INFO - [2024-02-12T11:20:06.922+0000] {dag.py:3823} INFO - Setting next_dagrun for example_complex to None, run_after=None
[2024-02-12T11:20:06.941+0000] {processor.py:183} INFO - Processing /home/airflow/.local/lib/python3.8/site-packages/airflow/example_dags/example_complex.py took 0.090 seconds
[2024-02-12T11:20:37.768+0000] {processor.py:161} INFO - Started process (PID=3118) to work on /home/airflow/.local/lib/python3.8/site-packages/airflow/example_dags/example_complex.py
[2024-02-12T11:20:37.771+0000] {processor.py:830} INFO - Processing file /home/airflow/.local/lib/python3.8/site-packages/airflow/example_dags/example_complex.py for tasks to queue
[2024-02-12T11:20:37.775+0000] {logging_mixin.py:188} INFO - [2024-02-12T11:20:37.773+0000] {dagbag.py:538} INFO - Filling up the DagBag from /home/airflow/.local/lib/python3.8/site-packages/airflow/example_dags/example_complex.py
[2024-02-12T11:20:37.818+0000] {processor.py:840} INFO - DAG(s) 'example_complex' retrieved from /home/airflow/.local/lib/python3.8/site-packages/airflow/example_dags/example_complex.py
[2024-02-12T11:20:37.951+0000] {logging_mixin.py:188} INFO - [2024-02-12T11:20:37.950+0000] {dag.py:3036} INFO - Sync 1 DAGs
[2024-02-12T11:20:37.995+0000] {logging_mixin.py:188} INFO - [2024-02-12T11:20:37.993+0000] {dag.py:3823} INFO - Setting next_dagrun for example_complex to None, run_after=None
[2024-02-12T11:20:38.060+0000] {processor.py:183} INFO - Processing /home/airflow/.local/lib/python3.8/site-packages/airflow/example_dags/example_complex.py took 0.302 seconds
[2024-02-12T11:21:08.903+0000] {processor.py:161} INFO - Started process (PID=3173) to work on /home/airflow/.local/lib/python3.8/site-packages/airflow/example_dags/example_complex.py
[2024-02-12T11:21:08.904+0000] {processor.py:830} INFO - Processing file /home/airflow/.local/lib/python3.8/site-packages/airflow/example_dags/example_complex.py for tasks to queue
[2024-02-12T11:21:08.905+0000] {logging_mixin.py:188} INFO - [2024-02-12T11:21:08.905+0000] {dagbag.py:538} INFO - Filling up the DagBag from /home/airflow/.local/lib/python3.8/site-packages/airflow/example_dags/example_complex.py
[2024-02-12T11:21:08.920+0000] {processor.py:840} INFO - DAG(s) 'example_complex' retrieved from /home/airflow/.local/lib/python3.8/site-packages/airflow/example_dags/example_complex.py
[2024-02-12T11:21:08.954+0000] {logging_mixin.py:188} INFO - [2024-02-12T11:21:08.954+0000] {dag.py:3036} INFO - Sync 1 DAGs
[2024-02-12T11:21:08.968+0000] {logging_mixin.py:188} INFO - [2024-02-12T11:21:08.968+0000] {dag.py:3823} INFO - Setting next_dagrun for example_complex to None, run_after=None
[2024-02-12T11:21:08.990+0000] {processor.py:183} INFO - Processing /home/airflow/.local/lib/python3.8/site-packages/airflow/example_dags/example_complex.py took 0.091 seconds
[2024-02-12T11:21:39.222+0000] {processor.py:161} INFO - Started process (PID=3229) to work on /home/airflow/.local/lib/python3.8/site-packages/airflow/example_dags/example_complex.py
[2024-02-12T11:21:39.224+0000] {processor.py:830} INFO - Processing file /home/airflow/.local/lib/python3.8/site-packages/airflow/example_dags/example_complex.py for tasks to queue
[2024-02-12T11:21:39.225+0000] {logging_mixin.py:188} INFO - [2024-02-12T11:21:39.224+0000] {dagbag.py:538} INFO - Filling up the DagBag from /home/airflow/.local/lib/python3.8/site-packages/airflow/example_dags/example_complex.py
[2024-02-12T11:21:39.255+0000] {processor.py:840} INFO - DAG(s) 'example_complex' retrieved from /home/airflow/.local/lib/python3.8/site-packages/airflow/example_dags/example_complex.py
[2024-02-12T11:21:39.326+0000] {logging_mixin.py:188} INFO - [2024-02-12T11:21:39.325+0000] {dag.py:3036} INFO - Sync 1 DAGs
[2024-02-12T11:21:39.356+0000] {logging_mixin.py:188} INFO - [2024-02-12T11:21:39.355+0000] {dag.py:3823} INFO - Setting next_dagrun for example_complex to None, run_after=None
[2024-02-12T11:21:39.403+0000] {processor.py:183} INFO - Processing /home/airflow/.local/lib/python3.8/site-packages/airflow/example_dags/example_complex.py took 0.190 seconds
[2024-02-12T11:22:10.080+0000] {processor.py:161} INFO - Started process (PID=3285) to work on /home/airflow/.local/lib/python3.8/site-packages/airflow/example_dags/example_complex.py
[2024-02-12T11:22:10.082+0000] {processor.py:830} INFO - Processing file /home/airflow/.local/lib/python3.8/site-packages/airflow/example_dags/example_complex.py for tasks to queue
[2024-02-12T11:22:10.083+0000] {logging_mixin.py:188} INFO - [2024-02-12T11:22:10.082+0000] {dagbag.py:538} INFO - Filling up the DagBag from /home/airflow/.local/lib/python3.8/site-packages/airflow/example_dags/example_complex.py
[2024-02-12T11:22:10.099+0000] {processor.py:840} INFO - DAG(s) 'example_complex' retrieved from /home/airflow/.local/lib/python3.8/site-packages/airflow/example_dags/example_complex.py
[2024-02-12T11:22:10.131+0000] {logging_mixin.py:188} INFO - [2024-02-12T11:22:10.130+0000] {dag.py:3036} INFO - Sync 1 DAGs
[2024-02-12T11:22:10.145+0000] {logging_mixin.py:188} INFO - [2024-02-12T11:22:10.144+0000] {dag.py:3823} INFO - Setting next_dagrun for example_complex to None, run_after=None
[2024-02-12T11:22:10.169+0000] {processor.py:183} INFO - Processing /home/airflow/.local/lib/python3.8/site-packages/airflow/example_dags/example_complex.py took 0.094 seconds
[2024-02-12T11:23:01.370+0000] {processor.py:161} INFO - Started process (PID=3349) to work on /home/airflow/.local/lib/python3.8/site-packages/airflow/example_dags/example_complex.py
[2024-02-12T11:23:01.384+0000] {processor.py:830} INFO - Processing file /home/airflow/.local/lib/python3.8/site-packages/airflow/example_dags/example_complex.py for tasks to queue
[2024-02-12T11:23:01.390+0000] {logging_mixin.py:188} INFO - [2024-02-12T11:23:01.386+0000] {dagbag.py:538} INFO - Filling up the DagBag from /home/airflow/.local/lib/python3.8/site-packages/airflow/example_dags/example_complex.py
[2024-02-12T11:23:01.462+0000] {processor.py:840} INFO - DAG(s) 'example_complex' retrieved from /home/airflow/.local/lib/python3.8/site-packages/airflow/example_dags/example_complex.py
[2024-02-12T11:23:02.305+0000] {logging_mixin.py:188} INFO - [2024-02-12T11:23:02.304+0000] {dag.py:3036} INFO - Sync 1 DAGs
[2024-02-12T11:23:02.367+0000] {logging_mixin.py:188} INFO - [2024-02-12T11:23:02.367+0000] {dag.py:3823} INFO - Setting next_dagrun for example_complex to None, run_after=None
[2024-02-12T11:23:02.454+0000] {processor.py:183} INFO - Processing /home/airflow/.local/lib/python3.8/site-packages/airflow/example_dags/example_complex.py took 1.104 seconds
[2024-02-12T11:30:29.589+0000] {processor.py:161} INFO - Started process (PID=58) to work on /home/airflow/.local/lib/python3.8/site-packages/airflow/example_dags/example_complex.py
[2024-02-12T11:30:29.591+0000] {processor.py:830} INFO - Processing file /home/airflow/.local/lib/python3.8/site-packages/airflow/example_dags/example_complex.py for tasks to queue
[2024-02-12T11:30:29.592+0000] {logging_mixin.py:188} INFO - [2024-02-12T11:30:29.592+0000] {dagbag.py:538} INFO - Filling up the DagBag from /home/airflow/.local/lib/python3.8/site-packages/airflow/example_dags/example_complex.py
[2024-02-12T11:30:29.606+0000] {processor.py:840} INFO - DAG(s) 'example_complex' retrieved from /home/airflow/.local/lib/python3.8/site-packages/airflow/example_dags/example_complex.py
[2024-02-12T11:30:29.638+0000] {logging_mixin.py:188} INFO - [2024-02-12T11:30:29.637+0000] {dag.py:3036} INFO - Sync 1 DAGs
[2024-02-12T11:30:29.650+0000] {logging_mixin.py:188} INFO - [2024-02-12T11:30:29.650+0000] {dag.py:3823} INFO - Setting next_dagrun for example_complex to None, run_after=None
[2024-02-12T11:30:29.670+0000] {processor.py:183} INFO - Processing /home/airflow/.local/lib/python3.8/site-packages/airflow/example_dags/example_complex.py took 0.083 seconds
[2024-02-12T11:31:00.559+0000] {processor.py:161} INFO - Started process (PID=113) to work on /home/airflow/.local/lib/python3.8/site-packages/airflow/example_dags/example_complex.py
[2024-02-12T11:31:00.562+0000] {processor.py:830} INFO - Processing file /home/airflow/.local/lib/python3.8/site-packages/airflow/example_dags/example_complex.py for tasks to queue
[2024-02-12T11:31:00.564+0000] {logging_mixin.py:188} INFO - [2024-02-12T11:31:00.563+0000] {dagbag.py:538} INFO - Filling up the DagBag from /home/airflow/.local/lib/python3.8/site-packages/airflow/example_dags/example_complex.py
[2024-02-12T11:31:00.588+0000] {processor.py:840} INFO - DAG(s) 'example_complex' retrieved from /home/airflow/.local/lib/python3.8/site-packages/airflow/example_dags/example_complex.py
[2024-02-12T11:31:00.629+0000] {logging_mixin.py:188} INFO - [2024-02-12T11:31:00.628+0000] {dag.py:3036} INFO - Sync 1 DAGs
[2024-02-12T11:31:00.642+0000] {logging_mixin.py:188} INFO - [2024-02-12T11:31:00.641+0000] {dag.py:3823} INFO - Setting next_dagrun for example_complex to None, run_after=None
[2024-02-12T11:31:00.665+0000] {processor.py:183} INFO - Processing /home/airflow/.local/lib/python3.8/site-packages/airflow/example_dags/example_complex.py took 0.114 seconds
