[2024-02-12T10:43:10.036+0000] {processor.py:161} INFO - Started process (PID=50) to work on /home/airflow/.local/lib/python3.8/site-packages/airflow/example_dags/example_sensors.py
[2024-02-12T10:43:10.038+0000] {processor.py:830} INFO - Processing file /home/airflow/.local/lib/python3.8/site-packages/airflow/example_dags/example_sensors.py for tasks to queue
[2024-02-12T10:43:10.042+0000] {logging_mixin.py:188} INFO - [2024-02-12T10:43:10.041+0000] {dagbag.py:538} INFO - Filling up the DagBag from /home/airflow/.local/lib/python3.8/site-packages/airflow/example_dags/example_sensors.py
[2024-02-12T10:43:10.071+0000] {processor.py:840} INFO - DAG(s) 'example_sensors' retrieved from /home/airflow/.local/lib/python3.8/site-packages/airflow/example_dags/example_sensors.py
[2024-02-12T10:43:10.412+0000] {logging_mixin.py:188} INFO - [2024-02-12T10:43:10.411+0000] {dag.py:3036} INFO - Sync 1 DAGs
[2024-02-12T10:43:10.437+0000] {logging_mixin.py:188} INFO - [2024-02-12T10:43:10.437+0000] {dag.py:3823} INFO - Setting next_dagrun for example_sensors to None, run_after=None
[2024-02-12T10:43:10.489+0000] {processor.py:183} INFO - Processing /home/airflow/.local/lib/python3.8/site-packages/airflow/example_dags/example_sensors.py took 0.460 seconds
[2024-02-12T10:43:40.724+0000] {processor.py:161} INFO - Started process (PID=105) to work on /home/airflow/.local/lib/python3.8/site-packages/airflow/example_dags/example_sensors.py
[2024-02-12T10:43:40.725+0000] {processor.py:830} INFO - Processing file /home/airflow/.local/lib/python3.8/site-packages/airflow/example_dags/example_sensors.py for tasks to queue
[2024-02-12T10:43:40.728+0000] {logging_mixin.py:188} INFO - [2024-02-12T10:43:40.727+0000] {dagbag.py:538} INFO - Filling up the DagBag from /home/airflow/.local/lib/python3.8/site-packages/airflow/example_dags/example_sensors.py
[2024-02-12T10:43:40.741+0000] {processor.py:840} INFO - DAG(s) 'example_sensors' retrieved from /home/airflow/.local/lib/python3.8/site-packages/airflow/example_dags/example_sensors.py
[2024-02-12T10:43:40.774+0000] {logging_mixin.py:188} INFO - [2024-02-12T10:43:40.774+0000] {dag.py:3036} INFO - Sync 1 DAGs
[2024-02-12T10:43:40.787+0000] {logging_mixin.py:188} INFO - [2024-02-12T10:43:40.787+0000] {dag.py:3823} INFO - Setting next_dagrun for example_sensors to None, run_after=None
[2024-02-12T10:43:40.812+0000] {processor.py:183} INFO - Processing /home/airflow/.local/lib/python3.8/site-packages/airflow/example_dags/example_sensors.py took 0.092 seconds
[2024-02-12T10:44:11.209+0000] {processor.py:161} INFO - Started process (PID=160) to work on /home/airflow/.local/lib/python3.8/site-packages/airflow/example_dags/example_sensors.py
[2024-02-12T10:44:11.210+0000] {processor.py:830} INFO - Processing file /home/airflow/.local/lib/python3.8/site-packages/airflow/example_dags/example_sensors.py for tasks to queue
[2024-02-12T10:44:11.212+0000] {logging_mixin.py:188} INFO - [2024-02-12T10:44:11.211+0000] {dagbag.py:538} INFO - Filling up the DagBag from /home/airflow/.local/lib/python3.8/site-packages/airflow/example_dags/example_sensors.py
[2024-02-12T10:44:11.226+0000] {processor.py:840} INFO - DAG(s) 'example_sensors' retrieved from /home/airflow/.local/lib/python3.8/site-packages/airflow/example_dags/example_sensors.py
[2024-02-12T10:44:11.279+0000] {logging_mixin.py:188} INFO - [2024-02-12T10:44:11.279+0000] {dag.py:3036} INFO - Sync 1 DAGs
[2024-02-12T10:44:11.299+0000] {logging_mixin.py:188} INFO - [2024-02-12T10:44:11.299+0000] {dag.py:3823} INFO - Setting next_dagrun for example_sensors to None, run_after=None
[2024-02-12T10:44:11.327+0000] {processor.py:183} INFO - Processing /home/airflow/.local/lib/python3.8/site-packages/airflow/example_dags/example_sensors.py took 0.122 seconds
[2024-02-12T10:44:41.724+0000] {processor.py:161} INFO - Started process (PID=216) to work on /home/airflow/.local/lib/python3.8/site-packages/airflow/example_dags/example_sensors.py
[2024-02-12T10:44:41.725+0000] {processor.py:830} INFO - Processing file /home/airflow/.local/lib/python3.8/site-packages/airflow/example_dags/example_sensors.py for tasks to queue
[2024-02-12T10:44:41.727+0000] {logging_mixin.py:188} INFO - [2024-02-12T10:44:41.727+0000] {dagbag.py:538} INFO - Filling up the DagBag from /home/airflow/.local/lib/python3.8/site-packages/airflow/example_dags/example_sensors.py
[2024-02-12T10:44:41.737+0000] {processor.py:840} INFO - DAG(s) 'example_sensors' retrieved from /home/airflow/.local/lib/python3.8/site-packages/airflow/example_dags/example_sensors.py
[2024-02-12T10:44:41.763+0000] {logging_mixin.py:188} INFO - [2024-02-12T10:44:41.763+0000] {dag.py:3036} INFO - Sync 1 DAGs
[2024-02-12T10:44:41.775+0000] {logging_mixin.py:188} INFO - [2024-02-12T10:44:41.775+0000] {dag.py:3823} INFO - Setting next_dagrun for example_sensors to None, run_after=None
[2024-02-12T10:44:41.796+0000] {processor.py:183} INFO - Processing /home/airflow/.local/lib/python3.8/site-packages/airflow/example_dags/example_sensors.py took 0.075 seconds
[2024-02-12T10:45:12.393+0000] {processor.py:161} INFO - Started process (PID=271) to work on /home/airflow/.local/lib/python3.8/site-packages/airflow/example_dags/example_sensors.py
[2024-02-12T10:45:12.394+0000] {processor.py:830} INFO - Processing file /home/airflow/.local/lib/python3.8/site-packages/airflow/example_dags/example_sensors.py for tasks to queue
[2024-02-12T10:45:12.396+0000] {logging_mixin.py:188} INFO - [2024-02-12T10:45:12.396+0000] {dagbag.py:538} INFO - Filling up the DagBag from /home/airflow/.local/lib/python3.8/site-packages/airflow/example_dags/example_sensors.py
[2024-02-12T10:45:12.407+0000] {processor.py:840} INFO - DAG(s) 'example_sensors' retrieved from /home/airflow/.local/lib/python3.8/site-packages/airflow/example_dags/example_sensors.py
[2024-02-12T10:45:12.433+0000] {logging_mixin.py:188} INFO - [2024-02-12T10:45:12.432+0000] {dag.py:3036} INFO - Sync 1 DAGs
[2024-02-12T10:45:12.450+0000] {logging_mixin.py:188} INFO - [2024-02-12T10:45:12.450+0000] {dag.py:3823} INFO - Setting next_dagrun for example_sensors to None, run_after=None
[2024-02-12T10:45:12.479+0000] {processor.py:183} INFO - Processing /home/airflow/.local/lib/python3.8/site-packages/airflow/example_dags/example_sensors.py took 0.090 seconds
[2024-02-12T10:45:42.789+0000] {processor.py:161} INFO - Started process (PID=327) to work on /home/airflow/.local/lib/python3.8/site-packages/airflow/example_dags/example_sensors.py
[2024-02-12T10:45:42.790+0000] {processor.py:830} INFO - Processing file /home/airflow/.local/lib/python3.8/site-packages/airflow/example_dags/example_sensors.py for tasks to queue
[2024-02-12T10:45:42.792+0000] {logging_mixin.py:188} INFO - [2024-02-12T10:45:42.792+0000] {dagbag.py:538} INFO - Filling up the DagBag from /home/airflow/.local/lib/python3.8/site-packages/airflow/example_dags/example_sensors.py
[2024-02-12T10:45:42.808+0000] {processor.py:840} INFO - DAG(s) 'example_sensors' retrieved from /home/airflow/.local/lib/python3.8/site-packages/airflow/example_dags/example_sensors.py
[2024-02-12T10:45:42.852+0000] {logging_mixin.py:188} INFO - [2024-02-12T10:45:42.852+0000] {dag.py:3036} INFO - Sync 1 DAGs
[2024-02-12T10:45:42.874+0000] {logging_mixin.py:188} INFO - [2024-02-12T10:45:42.873+0000] {dag.py:3823} INFO - Setting next_dagrun for example_sensors to None, run_after=None
[2024-02-12T10:45:42.912+0000] {processor.py:183} INFO - Processing /home/airflow/.local/lib/python3.8/site-packages/airflow/example_dags/example_sensors.py took 0.128 seconds
[2024-02-12T10:46:13.157+0000] {processor.py:161} INFO - Started process (PID=382) to work on /home/airflow/.local/lib/python3.8/site-packages/airflow/example_dags/example_sensors.py
[2024-02-12T10:46:13.159+0000] {processor.py:830} INFO - Processing file /home/airflow/.local/lib/python3.8/site-packages/airflow/example_dags/example_sensors.py for tasks to queue
[2024-02-12T10:46:13.165+0000] {logging_mixin.py:188} INFO - [2024-02-12T10:46:13.164+0000] {dagbag.py:538} INFO - Filling up the DagBag from /home/airflow/.local/lib/python3.8/site-packages/airflow/example_dags/example_sensors.py
[2024-02-12T10:46:13.189+0000] {processor.py:840} INFO - DAG(s) 'example_sensors' retrieved from /home/airflow/.local/lib/python3.8/site-packages/airflow/example_dags/example_sensors.py
[2024-02-12T10:46:13.259+0000] {logging_mixin.py:188} INFO - [2024-02-12T10:46:13.259+0000] {dag.py:3036} INFO - Sync 1 DAGs
[2024-02-12T10:46:13.296+0000] {logging_mixin.py:188} INFO - [2024-02-12T10:46:13.295+0000] {dag.py:3823} INFO - Setting next_dagrun for example_sensors to None, run_after=None
[2024-02-12T10:46:13.348+0000] {processor.py:183} INFO - Processing /home/airflow/.local/lib/python3.8/site-packages/airflow/example_dags/example_sensors.py took 0.196 seconds
[2024-02-12T10:46:43.464+0000] {processor.py:161} INFO - Started process (PID=436) to work on /home/airflow/.local/lib/python3.8/site-packages/airflow/example_dags/example_sensors.py
[2024-02-12T10:46:43.465+0000] {processor.py:830} INFO - Processing file /home/airflow/.local/lib/python3.8/site-packages/airflow/example_dags/example_sensors.py for tasks to queue
[2024-02-12T10:46:43.467+0000] {logging_mixin.py:188} INFO - [2024-02-12T10:46:43.466+0000] {dagbag.py:538} INFO - Filling up the DagBag from /home/airflow/.local/lib/python3.8/site-packages/airflow/example_dags/example_sensors.py
[2024-02-12T10:46:43.495+0000] {processor.py:840} INFO - DAG(s) 'example_sensors' retrieved from /home/airflow/.local/lib/python3.8/site-packages/airflow/example_dags/example_sensors.py
[2024-02-12T10:46:43.536+0000] {logging_mixin.py:188} INFO - [2024-02-12T10:46:43.536+0000] {dag.py:3036} INFO - Sync 1 DAGs
[2024-02-12T10:46:43.568+0000] {logging_mixin.py:188} INFO - [2024-02-12T10:46:43.567+0000] {dag.py:3823} INFO - Setting next_dagrun for example_sensors to None, run_after=None
[2024-02-12T10:46:43.607+0000] {processor.py:183} INFO - Processing /home/airflow/.local/lib/python3.8/site-packages/airflow/example_dags/example_sensors.py took 0.149 seconds
[2024-02-12T10:47:13.710+0000] {processor.py:161} INFO - Started process (PID=491) to work on /home/airflow/.local/lib/python3.8/site-packages/airflow/example_dags/example_sensors.py
[2024-02-12T10:47:13.712+0000] {processor.py:830} INFO - Processing file /home/airflow/.local/lib/python3.8/site-packages/airflow/example_dags/example_sensors.py for tasks to queue
[2024-02-12T10:47:13.715+0000] {logging_mixin.py:188} INFO - [2024-02-12T10:47:13.714+0000] {dagbag.py:538} INFO - Filling up the DagBag from /home/airflow/.local/lib/python3.8/site-packages/airflow/example_dags/example_sensors.py
[2024-02-12T10:47:13.733+0000] {processor.py:840} INFO - DAG(s) 'example_sensors' retrieved from /home/airflow/.local/lib/python3.8/site-packages/airflow/example_dags/example_sensors.py
[2024-02-12T10:47:13.794+0000] {logging_mixin.py:188} INFO - [2024-02-12T10:47:13.794+0000] {dag.py:3036} INFO - Sync 1 DAGs
[2024-02-12T10:47:13.826+0000] {logging_mixin.py:188} INFO - [2024-02-12T10:47:13.826+0000] {dag.py:3823} INFO - Setting next_dagrun for example_sensors to None, run_after=None
[2024-02-12T10:47:13.870+0000] {processor.py:183} INFO - Processing /home/airflow/.local/lib/python3.8/site-packages/airflow/example_dags/example_sensors.py took 0.170 seconds
[2024-02-12T10:47:44.931+0000] {processor.py:161} INFO - Started process (PID=552) to work on /home/airflow/.local/lib/python3.8/site-packages/airflow/example_dags/example_sensors.py
[2024-02-12T10:47:44.932+0000] {processor.py:830} INFO - Processing file /home/airflow/.local/lib/python3.8/site-packages/airflow/example_dags/example_sensors.py for tasks to queue
[2024-02-12T10:47:44.934+0000] {logging_mixin.py:188} INFO - [2024-02-12T10:47:44.934+0000] {dagbag.py:538} INFO - Filling up the DagBag from /home/airflow/.local/lib/python3.8/site-packages/airflow/example_dags/example_sensors.py
[2024-02-12T10:47:44.949+0000] {processor.py:840} INFO - DAG(s) 'example_sensors' retrieved from /home/airflow/.local/lib/python3.8/site-packages/airflow/example_dags/example_sensors.py
[2024-02-12T10:47:44.976+0000] {logging_mixin.py:188} INFO - [2024-02-12T10:47:44.976+0000] {dag.py:3036} INFO - Sync 1 DAGs
[2024-02-12T10:47:44.994+0000] {logging_mixin.py:188} INFO - [2024-02-12T10:47:44.994+0000] {dag.py:3823} INFO - Setting next_dagrun for example_sensors to None, run_after=None
[2024-02-12T10:47:45.019+0000] {processor.py:183} INFO - Processing /home/airflow/.local/lib/python3.8/site-packages/airflow/example_dags/example_sensors.py took 0.092 seconds
[2024-02-12T10:48:15.730+0000] {processor.py:161} INFO - Started process (PID=607) to work on /home/airflow/.local/lib/python3.8/site-packages/airflow/example_dags/example_sensors.py
[2024-02-12T10:48:15.731+0000] {processor.py:830} INFO - Processing file /home/airflow/.local/lib/python3.8/site-packages/airflow/example_dags/example_sensors.py for tasks to queue
[2024-02-12T10:48:15.732+0000] {logging_mixin.py:188} INFO - [2024-02-12T10:48:15.732+0000] {dagbag.py:538} INFO - Filling up the DagBag from /home/airflow/.local/lib/python3.8/site-packages/airflow/example_dags/example_sensors.py
[2024-02-12T10:48:15.741+0000] {processor.py:840} INFO - DAG(s) 'example_sensors' retrieved from /home/airflow/.local/lib/python3.8/site-packages/airflow/example_dags/example_sensors.py
[2024-02-12T10:48:15.764+0000] {logging_mixin.py:188} INFO - [2024-02-12T10:48:15.764+0000] {dag.py:3036} INFO - Sync 1 DAGs
[2024-02-12T10:48:15.775+0000] {logging_mixin.py:188} INFO - [2024-02-12T10:48:15.775+0000] {dag.py:3823} INFO - Setting next_dagrun for example_sensors to None, run_after=None
[2024-02-12T10:48:15.796+0000] {processor.py:183} INFO - Processing /home/airflow/.local/lib/python3.8/site-packages/airflow/example_dags/example_sensors.py took 0.068 seconds
[2024-02-12T10:48:46.837+0000] {processor.py:161} INFO - Started process (PID=662) to work on /home/airflow/.local/lib/python3.8/site-packages/airflow/example_dags/example_sensors.py
[2024-02-12T10:48:46.842+0000] {processor.py:830} INFO - Processing file /home/airflow/.local/lib/python3.8/site-packages/airflow/example_dags/example_sensors.py for tasks to queue
[2024-02-12T10:48:46.846+0000] {logging_mixin.py:188} INFO - [2024-02-12T10:48:46.845+0000] {dagbag.py:538} INFO - Filling up the DagBag from /home/airflow/.local/lib/python3.8/site-packages/airflow/example_dags/example_sensors.py
[2024-02-12T10:48:46.868+0000] {processor.py:840} INFO - DAG(s) 'example_sensors' retrieved from /home/airflow/.local/lib/python3.8/site-packages/airflow/example_dags/example_sensors.py
[2024-02-12T10:48:46.937+0000] {logging_mixin.py:188} INFO - [2024-02-12T10:48:46.937+0000] {dag.py:3036} INFO - Sync 1 DAGs
[2024-02-12T10:48:46.971+0000] {logging_mixin.py:188} INFO - [2024-02-12T10:48:46.970+0000] {dag.py:3823} INFO - Setting next_dagrun for example_sensors to None, run_after=None
[2024-02-12T10:48:47.017+0000] {processor.py:183} INFO - Processing /home/airflow/.local/lib/python3.8/site-packages/airflow/example_dags/example_sensors.py took 0.185 seconds
[2024-02-12T10:49:17.140+0000] {processor.py:161} INFO - Started process (PID=717) to work on /home/airflow/.local/lib/python3.8/site-packages/airflow/example_dags/example_sensors.py
[2024-02-12T10:49:17.141+0000] {processor.py:830} INFO - Processing file /home/airflow/.local/lib/python3.8/site-packages/airflow/example_dags/example_sensors.py for tasks to queue
[2024-02-12T10:49:17.143+0000] {logging_mixin.py:188} INFO - [2024-02-12T10:49:17.142+0000] {dagbag.py:538} INFO - Filling up the DagBag from /home/airflow/.local/lib/python3.8/site-packages/airflow/example_dags/example_sensors.py
[2024-02-12T10:49:17.151+0000] {processor.py:840} INFO - DAG(s) 'example_sensors' retrieved from /home/airflow/.local/lib/python3.8/site-packages/airflow/example_dags/example_sensors.py
[2024-02-12T10:49:17.175+0000] {logging_mixin.py:188} INFO - [2024-02-12T10:49:17.175+0000] {dag.py:3036} INFO - Sync 1 DAGs
[2024-02-12T10:49:17.187+0000] {logging_mixin.py:188} INFO - [2024-02-12T10:49:17.187+0000] {dag.py:3823} INFO - Setting next_dagrun for example_sensors to None, run_after=None
[2024-02-12T10:49:17.204+0000] {processor.py:183} INFO - Processing /home/airflow/.local/lib/python3.8/site-packages/airflow/example_dags/example_sensors.py took 0.066 seconds
[2024-02-12T10:49:47.497+0000] {processor.py:161} INFO - Started process (PID=773) to work on /home/airflow/.local/lib/python3.8/site-packages/airflow/example_dags/example_sensors.py
[2024-02-12T10:49:47.502+0000] {processor.py:830} INFO - Processing file /home/airflow/.local/lib/python3.8/site-packages/airflow/example_dags/example_sensors.py for tasks to queue
[2024-02-12T10:49:47.507+0000] {logging_mixin.py:188} INFO - [2024-02-12T10:49:47.506+0000] {dagbag.py:538} INFO - Filling up the DagBag from /home/airflow/.local/lib/python3.8/site-packages/airflow/example_dags/example_sensors.py
[2024-02-12T10:49:47.528+0000] {processor.py:840} INFO - DAG(s) 'example_sensors' retrieved from /home/airflow/.local/lib/python3.8/site-packages/airflow/example_dags/example_sensors.py
[2024-02-12T10:49:47.563+0000] {logging_mixin.py:188} INFO - [2024-02-12T10:49:47.562+0000] {dag.py:3036} INFO - Sync 1 DAGs
[2024-02-12T10:49:47.575+0000] {logging_mixin.py:188} INFO - [2024-02-12T10:49:47.575+0000] {dag.py:3823} INFO - Setting next_dagrun for example_sensors to None, run_after=None
[2024-02-12T10:49:47.593+0000] {processor.py:183} INFO - Processing /home/airflow/.local/lib/python3.8/site-packages/airflow/example_dags/example_sensors.py took 0.099 seconds
[2024-02-12T10:50:18.141+0000] {processor.py:161} INFO - Started process (PID=828) to work on /home/airflow/.local/lib/python3.8/site-packages/airflow/example_dags/example_sensors.py
[2024-02-12T10:50:18.142+0000] {processor.py:830} INFO - Processing file /home/airflow/.local/lib/python3.8/site-packages/airflow/example_dags/example_sensors.py for tasks to queue
[2024-02-12T10:50:18.144+0000] {logging_mixin.py:188} INFO - [2024-02-12T10:50:18.143+0000] {dagbag.py:538} INFO - Filling up the DagBag from /home/airflow/.local/lib/python3.8/site-packages/airflow/example_dags/example_sensors.py
[2024-02-12T10:50:18.153+0000] {processor.py:840} INFO - DAG(s) 'example_sensors' retrieved from /home/airflow/.local/lib/python3.8/site-packages/airflow/example_dags/example_sensors.py
[2024-02-12T10:50:18.176+0000] {logging_mixin.py:188} INFO - [2024-02-12T10:50:18.176+0000] {dag.py:3036} INFO - Sync 1 DAGs
[2024-02-12T10:50:18.187+0000] {logging_mixin.py:188} INFO - [2024-02-12T10:50:18.187+0000] {dag.py:3823} INFO - Setting next_dagrun for example_sensors to None, run_after=None
[2024-02-12T10:50:18.209+0000] {processor.py:183} INFO - Processing /home/airflow/.local/lib/python3.8/site-packages/airflow/example_dags/example_sensors.py took 0.071 seconds
[2024-02-12T10:50:48.420+0000] {processor.py:161} INFO - Started process (PID=882) to work on /home/airflow/.local/lib/python3.8/site-packages/airflow/example_dags/example_sensors.py
[2024-02-12T10:50:48.422+0000] {processor.py:830} INFO - Processing file /home/airflow/.local/lib/python3.8/site-packages/airflow/example_dags/example_sensors.py for tasks to queue
[2024-02-12T10:50:48.424+0000] {logging_mixin.py:188} INFO - [2024-02-12T10:50:48.423+0000] {dagbag.py:538} INFO - Filling up the DagBag from /home/airflow/.local/lib/python3.8/site-packages/airflow/example_dags/example_sensors.py
[2024-02-12T10:50:48.435+0000] {processor.py:840} INFO - DAG(s) 'example_sensors' retrieved from /home/airflow/.local/lib/python3.8/site-packages/airflow/example_dags/example_sensors.py
[2024-02-12T10:50:48.466+0000] {logging_mixin.py:188} INFO - [2024-02-12T10:50:48.465+0000] {dag.py:3036} INFO - Sync 1 DAGs
[2024-02-12T10:50:48.477+0000] {logging_mixin.py:188} INFO - [2024-02-12T10:50:48.477+0000] {dag.py:3823} INFO - Setting next_dagrun for example_sensors to None, run_after=None
[2024-02-12T10:50:48.497+0000] {processor.py:183} INFO - Processing /home/airflow/.local/lib/python3.8/site-packages/airflow/example_dags/example_sensors.py took 0.080 seconds
[2024-02-12T10:51:18.656+0000] {processor.py:161} INFO - Started process (PID=937) to work on /home/airflow/.local/lib/python3.8/site-packages/airflow/example_dags/example_sensors.py
[2024-02-12T10:51:18.657+0000] {processor.py:830} INFO - Processing file /home/airflow/.local/lib/python3.8/site-packages/airflow/example_dags/example_sensors.py for tasks to queue
[2024-02-12T10:51:18.659+0000] {logging_mixin.py:188} INFO - [2024-02-12T10:51:18.659+0000] {dagbag.py:538} INFO - Filling up the DagBag from /home/airflow/.local/lib/python3.8/site-packages/airflow/example_dags/example_sensors.py
[2024-02-12T10:51:18.674+0000] {processor.py:840} INFO - DAG(s) 'example_sensors' retrieved from /home/airflow/.local/lib/python3.8/site-packages/airflow/example_dags/example_sensors.py
[2024-02-12T10:51:18.720+0000] {logging_mixin.py:188} INFO - [2024-02-12T10:51:18.719+0000] {dag.py:3036} INFO - Sync 1 DAGs
[2024-02-12T10:51:18.738+0000] {logging_mixin.py:188} INFO - [2024-02-12T10:51:18.738+0000] {dag.py:3823} INFO - Setting next_dagrun for example_sensors to None, run_after=None
[2024-02-12T10:51:18.762+0000] {processor.py:183} INFO - Processing /home/airflow/.local/lib/python3.8/site-packages/airflow/example_dags/example_sensors.py took 0.109 seconds
[2024-02-12T10:51:50.075+0000] {processor.py:161} INFO - Started process (PID=992) to work on /home/airflow/.local/lib/python3.8/site-packages/airflow/example_dags/example_sensors.py
[2024-02-12T10:51:50.077+0000] {processor.py:830} INFO - Processing file /home/airflow/.local/lib/python3.8/site-packages/airflow/example_dags/example_sensors.py for tasks to queue
[2024-02-12T10:51:50.082+0000] {logging_mixin.py:188} INFO - [2024-02-12T10:51:50.081+0000] {dagbag.py:538} INFO - Filling up the DagBag from /home/airflow/.local/lib/python3.8/site-packages/airflow/example_dags/example_sensors.py
[2024-02-12T10:51:50.109+0000] {processor.py:840} INFO - DAG(s) 'example_sensors' retrieved from /home/airflow/.local/lib/python3.8/site-packages/airflow/example_dags/example_sensors.py
[2024-02-12T10:51:50.181+0000] {logging_mixin.py:188} INFO - [2024-02-12T10:51:50.179+0000] {dag.py:3036} INFO - Sync 1 DAGs
[2024-02-12T10:51:50.242+0000] {logging_mixin.py:188} INFO - [2024-02-12T10:51:50.241+0000] {dag.py:3823} INFO - Setting next_dagrun for example_sensors to None, run_after=None
[2024-02-12T10:51:50.314+0000] {processor.py:183} INFO - Processing /home/airflow/.local/lib/python3.8/site-packages/airflow/example_dags/example_sensors.py took 0.250 seconds
[2024-02-12T10:53:33.870+0000] {processor.py:161} INFO - Started process (PID=51) to work on /home/airflow/.local/lib/python3.8/site-packages/airflow/example_dags/example_sensors.py
[2024-02-12T10:53:33.871+0000] {processor.py:830} INFO - Processing file /home/airflow/.local/lib/python3.8/site-packages/airflow/example_dags/example_sensors.py for tasks to queue
[2024-02-12T10:53:33.874+0000] {logging_mixin.py:188} INFO - [2024-02-12T10:53:33.873+0000] {dagbag.py:538} INFO - Filling up the DagBag from /home/airflow/.local/lib/python3.8/site-packages/airflow/example_dags/example_sensors.py
[2024-02-12T10:53:33.894+0000] {processor.py:840} INFO - DAG(s) 'example_sensors' retrieved from /home/airflow/.local/lib/python3.8/site-packages/airflow/example_dags/example_sensors.py
[2024-02-12T10:53:33.908+0000] {logging_mixin.py:188} INFO - [2024-02-12T10:53:33.907+0000] {dag.py:3036} INFO - Sync 1 DAGs
[2024-02-12T10:53:33.927+0000] {logging_mixin.py:188} INFO - [2024-02-12T10:53:33.927+0000] {dag.py:3823} INFO - Setting next_dagrun for example_sensors to None, run_after=None
[2024-02-12T10:53:33.963+0000] {processor.py:183} INFO - Processing /home/airflow/.local/lib/python3.8/site-packages/airflow/example_dags/example_sensors.py took 0.096 seconds
[2024-02-12T10:54:05.066+0000] {processor.py:161} INFO - Started process (PID=107) to work on /home/airflow/.local/lib/python3.8/site-packages/airflow/example_dags/example_sensors.py
[2024-02-12T10:54:05.067+0000] {processor.py:830} INFO - Processing file /home/airflow/.local/lib/python3.8/site-packages/airflow/example_dags/example_sensors.py for tasks to queue
[2024-02-12T10:54:05.069+0000] {logging_mixin.py:188} INFO - [2024-02-12T10:54:05.069+0000] {dagbag.py:538} INFO - Filling up the DagBag from /home/airflow/.local/lib/python3.8/site-packages/airflow/example_dags/example_sensors.py
[2024-02-12T10:54:05.079+0000] {processor.py:840} INFO - DAG(s) 'example_sensors' retrieved from /home/airflow/.local/lib/python3.8/site-packages/airflow/example_dags/example_sensors.py
[2024-02-12T10:54:05.188+0000] {logging_mixin.py:188} INFO - [2024-02-12T10:54:05.188+0000] {dag.py:3036} INFO - Sync 1 DAGs
[2024-02-12T10:54:05.200+0000] {logging_mixin.py:188} INFO - [2024-02-12T10:54:05.200+0000] {dag.py:3823} INFO - Setting next_dagrun for example_sensors to None, run_after=None
[2024-02-12T10:54:05.220+0000] {processor.py:183} INFO - Processing /home/airflow/.local/lib/python3.8/site-packages/airflow/example_dags/example_sensors.py took 0.159 seconds
[2024-02-12T10:54:35.318+0000] {processor.py:161} INFO - Started process (PID=163) to work on /home/airflow/.local/lib/python3.8/site-packages/airflow/example_dags/example_sensors.py
[2024-02-12T10:54:35.319+0000] {processor.py:830} INFO - Processing file /home/airflow/.local/lib/python3.8/site-packages/airflow/example_dags/example_sensors.py for tasks to queue
[2024-02-12T10:54:35.321+0000] {logging_mixin.py:188} INFO - [2024-02-12T10:54:35.321+0000] {dagbag.py:538} INFO - Filling up the DagBag from /home/airflow/.local/lib/python3.8/site-packages/airflow/example_dags/example_sensors.py
[2024-02-12T10:54:35.334+0000] {processor.py:840} INFO - DAG(s) 'example_sensors' retrieved from /home/airflow/.local/lib/python3.8/site-packages/airflow/example_dags/example_sensors.py
[2024-02-12T10:54:35.364+0000] {logging_mixin.py:188} INFO - [2024-02-12T10:54:35.364+0000] {dag.py:3036} INFO - Sync 1 DAGs
[2024-02-12T10:54:35.376+0000] {logging_mixin.py:188} INFO - [2024-02-12T10:54:35.375+0000] {dag.py:3823} INFO - Setting next_dagrun for example_sensors to None, run_after=None
[2024-02-12T10:54:35.393+0000] {processor.py:183} INFO - Processing /home/airflow/.local/lib/python3.8/site-packages/airflow/example_dags/example_sensors.py took 0.080 seconds
[2024-02-12T10:55:06.031+0000] {processor.py:161} INFO - Started process (PID=220) to work on /home/airflow/.local/lib/python3.8/site-packages/airflow/example_dags/example_sensors.py
[2024-02-12T10:55:06.035+0000] {processor.py:830} INFO - Processing file /home/airflow/.local/lib/python3.8/site-packages/airflow/example_dags/example_sensors.py for tasks to queue
[2024-02-12T10:55:06.036+0000] {logging_mixin.py:188} INFO - [2024-02-12T10:55:06.036+0000] {dagbag.py:538} INFO - Filling up the DagBag from /home/airflow/.local/lib/python3.8/site-packages/airflow/example_dags/example_sensors.py
[2024-02-12T10:55:06.046+0000] {processor.py:840} INFO - DAG(s) 'example_sensors' retrieved from /home/airflow/.local/lib/python3.8/site-packages/airflow/example_dags/example_sensors.py
[2024-02-12T10:55:06.077+0000] {logging_mixin.py:188} INFO - [2024-02-12T10:55:06.077+0000] {dag.py:3036} INFO - Sync 1 DAGs
[2024-02-12T10:55:06.094+0000] {logging_mixin.py:188} INFO - [2024-02-12T10:55:06.094+0000] {dag.py:3823} INFO - Setting next_dagrun for example_sensors to None, run_after=None
[2024-02-12T10:55:06.115+0000] {processor.py:183} INFO - Processing /home/airflow/.local/lib/python3.8/site-packages/airflow/example_dags/example_sensors.py took 0.087 seconds
[2024-02-12T10:55:36.228+0000] {processor.py:161} INFO - Started process (PID=276) to work on /home/airflow/.local/lib/python3.8/site-packages/airflow/example_dags/example_sensors.py
[2024-02-12T10:55:36.229+0000] {processor.py:830} INFO - Processing file /home/airflow/.local/lib/python3.8/site-packages/airflow/example_dags/example_sensors.py for tasks to queue
[2024-02-12T10:55:36.231+0000] {logging_mixin.py:188} INFO - [2024-02-12T10:55:36.230+0000] {dagbag.py:538} INFO - Filling up the DagBag from /home/airflow/.local/lib/python3.8/site-packages/airflow/example_dags/example_sensors.py
[2024-02-12T10:55:36.240+0000] {processor.py:840} INFO - DAG(s) 'example_sensors' retrieved from /home/airflow/.local/lib/python3.8/site-packages/airflow/example_dags/example_sensors.py
[2024-02-12T10:55:36.276+0000] {logging_mixin.py:188} INFO - [2024-02-12T10:55:36.275+0000] {dag.py:3036} INFO - Sync 1 DAGs
[2024-02-12T10:55:36.292+0000] {logging_mixin.py:188} INFO - [2024-02-12T10:55:36.291+0000] {dag.py:3823} INFO - Setting next_dagrun for example_sensors to None, run_after=None
[2024-02-12T10:55:36.316+0000] {processor.py:183} INFO - Processing /home/airflow/.local/lib/python3.8/site-packages/airflow/example_dags/example_sensors.py took 0.091 seconds
[2024-02-12T10:56:06.479+0000] {processor.py:161} INFO - Started process (PID=332) to work on /home/airflow/.local/lib/python3.8/site-packages/airflow/example_dags/example_sensors.py
[2024-02-12T10:56:06.482+0000] {processor.py:830} INFO - Processing file /home/airflow/.local/lib/python3.8/site-packages/airflow/example_dags/example_sensors.py for tasks to queue
[2024-02-12T10:56:06.484+0000] {logging_mixin.py:188} INFO - [2024-02-12T10:56:06.483+0000] {dagbag.py:538} INFO - Filling up the DagBag from /home/airflow/.local/lib/python3.8/site-packages/airflow/example_dags/example_sensors.py
[2024-02-12T10:56:06.495+0000] {processor.py:840} INFO - DAG(s) 'example_sensors' retrieved from /home/airflow/.local/lib/python3.8/site-packages/airflow/example_dags/example_sensors.py
[2024-02-12T10:56:06.525+0000] {logging_mixin.py:188} INFO - [2024-02-12T10:56:06.525+0000] {dag.py:3036} INFO - Sync 1 DAGs
[2024-02-12T10:56:06.542+0000] {logging_mixin.py:188} INFO - [2024-02-12T10:56:06.542+0000] {dag.py:3823} INFO - Setting next_dagrun for example_sensors to None, run_after=None
[2024-02-12T10:56:06.565+0000] {processor.py:183} INFO - Processing /home/airflow/.local/lib/python3.8/site-packages/airflow/example_dags/example_sensors.py took 0.089 seconds
[2024-02-12T10:56:37.787+0000] {processor.py:161} INFO - Started process (PID=387) to work on /home/airflow/.local/lib/python3.8/site-packages/airflow/example_dags/example_sensors.py
[2024-02-12T10:56:37.788+0000] {processor.py:830} INFO - Processing file /home/airflow/.local/lib/python3.8/site-packages/airflow/example_dags/example_sensors.py for tasks to queue
[2024-02-12T10:56:37.791+0000] {logging_mixin.py:188} INFO - [2024-02-12T10:56:37.790+0000] {dagbag.py:538} INFO - Filling up the DagBag from /home/airflow/.local/lib/python3.8/site-packages/airflow/example_dags/example_sensors.py
[2024-02-12T10:56:37.805+0000] {processor.py:840} INFO - DAG(s) 'example_sensors' retrieved from /home/airflow/.local/lib/python3.8/site-packages/airflow/example_dags/example_sensors.py
[2024-02-12T10:56:37.844+0000] {logging_mixin.py:188} INFO - [2024-02-12T10:56:37.844+0000] {dag.py:3036} INFO - Sync 1 DAGs
[2024-02-12T10:56:37.866+0000] {logging_mixin.py:188} INFO - [2024-02-12T10:56:37.866+0000] {dag.py:3823} INFO - Setting next_dagrun for example_sensors to None, run_after=None
[2024-02-12T10:56:37.905+0000] {processor.py:183} INFO - Processing /home/airflow/.local/lib/python3.8/site-packages/airflow/example_dags/example_sensors.py took 0.124 seconds
[2024-02-12T10:57:08.232+0000] {processor.py:161} INFO - Started process (PID=444) to work on /home/airflow/.local/lib/python3.8/site-packages/airflow/example_dags/example_sensors.py
[2024-02-12T10:57:08.232+0000] {processor.py:830} INFO - Processing file /home/airflow/.local/lib/python3.8/site-packages/airflow/example_dags/example_sensors.py for tasks to queue
[2024-02-12T10:57:08.234+0000] {logging_mixin.py:188} INFO - [2024-02-12T10:57:08.234+0000] {dagbag.py:538} INFO - Filling up the DagBag from /home/airflow/.local/lib/python3.8/site-packages/airflow/example_dags/example_sensors.py
[2024-02-12T10:57:08.243+0000] {processor.py:840} INFO - DAG(s) 'example_sensors' retrieved from /home/airflow/.local/lib/python3.8/site-packages/airflow/example_dags/example_sensors.py
[2024-02-12T10:57:08.268+0000] {logging_mixin.py:188} INFO - [2024-02-12T10:57:08.267+0000] {dag.py:3036} INFO - Sync 1 DAGs
[2024-02-12T10:57:08.281+0000] {logging_mixin.py:188} INFO - [2024-02-12T10:57:08.281+0000] {dag.py:3823} INFO - Setting next_dagrun for example_sensors to None, run_after=None
[2024-02-12T10:57:08.301+0000] {processor.py:183} INFO - Processing /home/airflow/.local/lib/python3.8/site-packages/airflow/example_dags/example_sensors.py took 0.072 seconds
[2024-02-12T10:57:38.837+0000] {processor.py:161} INFO - Started process (PID=500) to work on /home/airflow/.local/lib/python3.8/site-packages/airflow/example_dags/example_sensors.py
[2024-02-12T10:57:38.838+0000] {processor.py:830} INFO - Processing file /home/airflow/.local/lib/python3.8/site-packages/airflow/example_dags/example_sensors.py for tasks to queue
[2024-02-12T10:57:38.840+0000] {logging_mixin.py:188} INFO - [2024-02-12T10:57:38.839+0000] {dagbag.py:538} INFO - Filling up the DagBag from /home/airflow/.local/lib/python3.8/site-packages/airflow/example_dags/example_sensors.py
[2024-02-12T10:57:38.851+0000] {processor.py:840} INFO - DAG(s) 'example_sensors' retrieved from /home/airflow/.local/lib/python3.8/site-packages/airflow/example_dags/example_sensors.py
[2024-02-12T10:57:38.883+0000] {logging_mixin.py:188} INFO - [2024-02-12T10:57:38.883+0000] {dag.py:3036} INFO - Sync 1 DAGs
[2024-02-12T10:57:38.900+0000] {logging_mixin.py:188} INFO - [2024-02-12T10:57:38.899+0000] {dag.py:3823} INFO - Setting next_dagrun for example_sensors to None, run_after=None
[2024-02-12T10:57:38.922+0000] {processor.py:183} INFO - Processing /home/airflow/.local/lib/python3.8/site-packages/airflow/example_dags/example_sensors.py took 0.089 seconds
[2024-02-12T10:58:08.969+0000] {processor.py:161} INFO - Started process (PID=556) to work on /home/airflow/.local/lib/python3.8/site-packages/airflow/example_dags/example_sensors.py
[2024-02-12T10:58:08.970+0000] {processor.py:830} INFO - Processing file /home/airflow/.local/lib/python3.8/site-packages/airflow/example_dags/example_sensors.py for tasks to queue
[2024-02-12T10:58:08.971+0000] {logging_mixin.py:188} INFO - [2024-02-12T10:58:08.971+0000] {dagbag.py:538} INFO - Filling up the DagBag from /home/airflow/.local/lib/python3.8/site-packages/airflow/example_dags/example_sensors.py
[2024-02-12T10:58:08.982+0000] {processor.py:840} INFO - DAG(s) 'example_sensors' retrieved from /home/airflow/.local/lib/python3.8/site-packages/airflow/example_dags/example_sensors.py
[2024-02-12T10:58:09.011+0000] {logging_mixin.py:188} INFO - [2024-02-12T10:58:09.011+0000] {dag.py:3036} INFO - Sync 1 DAGs
[2024-02-12T10:58:09.027+0000] {logging_mixin.py:188} INFO - [2024-02-12T10:58:09.027+0000] {dag.py:3823} INFO - Setting next_dagrun for example_sensors to None, run_after=None
[2024-02-12T10:58:09.047+0000] {processor.py:183} INFO - Processing /home/airflow/.local/lib/python3.8/site-packages/airflow/example_dags/example_sensors.py took 0.081 seconds
[2024-02-12T10:58:39.916+0000] {processor.py:161} INFO - Started process (PID=612) to work on /home/airflow/.local/lib/python3.8/site-packages/airflow/example_dags/example_sensors.py
[2024-02-12T10:58:39.917+0000] {processor.py:830} INFO - Processing file /home/airflow/.local/lib/python3.8/site-packages/airflow/example_dags/example_sensors.py for tasks to queue
[2024-02-12T10:58:39.918+0000] {logging_mixin.py:188} INFO - [2024-02-12T10:58:39.918+0000] {dagbag.py:538} INFO - Filling up the DagBag from /home/airflow/.local/lib/python3.8/site-packages/airflow/example_dags/example_sensors.py
[2024-02-12T10:58:39.926+0000] {processor.py:840} INFO - DAG(s) 'example_sensors' retrieved from /home/airflow/.local/lib/python3.8/site-packages/airflow/example_dags/example_sensors.py
[2024-02-12T10:58:39.950+0000] {logging_mixin.py:188} INFO - [2024-02-12T10:58:39.950+0000] {dag.py:3036} INFO - Sync 1 DAGs
[2024-02-12T10:58:39.962+0000] {logging_mixin.py:188} INFO - [2024-02-12T10:58:39.962+0000] {dag.py:3823} INFO - Setting next_dagrun for example_sensors to None, run_after=None
[2024-02-12T10:58:39.980+0000] {processor.py:183} INFO - Processing /home/airflow/.local/lib/python3.8/site-packages/airflow/example_dags/example_sensors.py took 0.067 seconds
[2024-02-12T10:59:11.392+0000] {processor.py:161} INFO - Started process (PID=668) to work on /home/airflow/.local/lib/python3.8/site-packages/airflow/example_dags/example_sensors.py
[2024-02-12T10:59:11.393+0000] {processor.py:830} INFO - Processing file /home/airflow/.local/lib/python3.8/site-packages/airflow/example_dags/example_sensors.py for tasks to queue
[2024-02-12T10:59:11.394+0000] {logging_mixin.py:188} INFO - [2024-02-12T10:59:11.394+0000] {dagbag.py:538} INFO - Filling up the DagBag from /home/airflow/.local/lib/python3.8/site-packages/airflow/example_dags/example_sensors.py
[2024-02-12T10:59:11.407+0000] {processor.py:840} INFO - DAG(s) 'example_sensors' retrieved from /home/airflow/.local/lib/python3.8/site-packages/airflow/example_dags/example_sensors.py
[2024-02-12T10:59:11.443+0000] {logging_mixin.py:188} INFO - [2024-02-12T10:59:11.442+0000] {dag.py:3036} INFO - Sync 1 DAGs
[2024-02-12T10:59:11.464+0000] {logging_mixin.py:188} INFO - [2024-02-12T10:59:11.464+0000] {dag.py:3823} INFO - Setting next_dagrun for example_sensors to None, run_after=None
[2024-02-12T10:59:11.494+0000] {processor.py:183} INFO - Processing /home/airflow/.local/lib/python3.8/site-packages/airflow/example_dags/example_sensors.py took 0.106 seconds
[2024-02-12T10:59:41.553+0000] {processor.py:161} INFO - Started process (PID=724) to work on /home/airflow/.local/lib/python3.8/site-packages/airflow/example_dags/example_sensors.py
[2024-02-12T10:59:41.554+0000] {processor.py:830} INFO - Processing file /home/airflow/.local/lib/python3.8/site-packages/airflow/example_dags/example_sensors.py for tasks to queue
[2024-02-12T10:59:41.555+0000] {logging_mixin.py:188} INFO - [2024-02-12T10:59:41.555+0000] {dagbag.py:538} INFO - Filling up the DagBag from /home/airflow/.local/lib/python3.8/site-packages/airflow/example_dags/example_sensors.py
[2024-02-12T10:59:41.563+0000] {processor.py:840} INFO - DAG(s) 'example_sensors' retrieved from /home/airflow/.local/lib/python3.8/site-packages/airflow/example_dags/example_sensors.py
[2024-02-12T10:59:41.586+0000] {logging_mixin.py:188} INFO - [2024-02-12T10:59:41.585+0000] {dag.py:3036} INFO - Sync 1 DAGs
[2024-02-12T10:59:41.597+0000] {logging_mixin.py:188} INFO - [2024-02-12T10:59:41.596+0000] {dag.py:3823} INFO - Setting next_dagrun for example_sensors to None, run_after=None
[2024-02-12T10:59:41.613+0000] {processor.py:183} INFO - Processing /home/airflow/.local/lib/python3.8/site-packages/airflow/example_dags/example_sensors.py took 0.062 seconds
[2024-02-12T11:00:11.860+0000] {processor.py:161} INFO - Started process (PID=780) to work on /home/airflow/.local/lib/python3.8/site-packages/airflow/example_dags/example_sensors.py
[2024-02-12T11:00:11.861+0000] {processor.py:830} INFO - Processing file /home/airflow/.local/lib/python3.8/site-packages/airflow/example_dags/example_sensors.py for tasks to queue
[2024-02-12T11:00:11.862+0000] {logging_mixin.py:188} INFO - [2024-02-12T11:00:11.862+0000] {dagbag.py:538} INFO - Filling up the DagBag from /home/airflow/.local/lib/python3.8/site-packages/airflow/example_dags/example_sensors.py
[2024-02-12T11:00:11.871+0000] {processor.py:840} INFO - DAG(s) 'example_sensors' retrieved from /home/airflow/.local/lib/python3.8/site-packages/airflow/example_dags/example_sensors.py
[2024-02-12T11:00:11.895+0000] {logging_mixin.py:188} INFO - [2024-02-12T11:00:11.895+0000] {dag.py:3036} INFO - Sync 1 DAGs
[2024-02-12T11:00:11.907+0000] {logging_mixin.py:188} INFO - [2024-02-12T11:00:11.907+0000] {dag.py:3823} INFO - Setting next_dagrun for example_sensors to None, run_after=None
[2024-02-12T11:00:11.925+0000] {processor.py:183} INFO - Processing /home/airflow/.local/lib/python3.8/site-packages/airflow/example_dags/example_sensors.py took 0.068 seconds
[2024-02-12T11:00:42.434+0000] {processor.py:161} INFO - Started process (PID=836) to work on /home/airflow/.local/lib/python3.8/site-packages/airflow/example_dags/example_sensors.py
[2024-02-12T11:00:42.435+0000] {processor.py:830} INFO - Processing file /home/airflow/.local/lib/python3.8/site-packages/airflow/example_dags/example_sensors.py for tasks to queue
[2024-02-12T11:00:42.437+0000] {logging_mixin.py:188} INFO - [2024-02-12T11:00:42.436+0000] {dagbag.py:538} INFO - Filling up the DagBag from /home/airflow/.local/lib/python3.8/site-packages/airflow/example_dags/example_sensors.py
[2024-02-12T11:00:42.445+0000] {processor.py:840} INFO - DAG(s) 'example_sensors' retrieved from /home/airflow/.local/lib/python3.8/site-packages/airflow/example_dags/example_sensors.py
[2024-02-12T11:00:42.474+0000] {logging_mixin.py:188} INFO - [2024-02-12T11:00:42.474+0000] {dag.py:3036} INFO - Sync 1 DAGs
[2024-02-12T11:00:42.487+0000] {logging_mixin.py:188} INFO - [2024-02-12T11:00:42.487+0000] {dag.py:3823} INFO - Setting next_dagrun for example_sensors to None, run_after=None
[2024-02-12T11:00:42.507+0000] {processor.py:183} INFO - Processing /home/airflow/.local/lib/python3.8/site-packages/airflow/example_dags/example_sensors.py took 0.075 seconds
[2024-02-12T11:01:13.015+0000] {processor.py:161} INFO - Started process (PID=893) to work on /home/airflow/.local/lib/python3.8/site-packages/airflow/example_dags/example_sensors.py
[2024-02-12T11:01:13.016+0000] {processor.py:830} INFO - Processing file /home/airflow/.local/lib/python3.8/site-packages/airflow/example_dags/example_sensors.py for tasks to queue
[2024-02-12T11:01:13.018+0000] {logging_mixin.py:188} INFO - [2024-02-12T11:01:13.018+0000] {dagbag.py:538} INFO - Filling up the DagBag from /home/airflow/.local/lib/python3.8/site-packages/airflow/example_dags/example_sensors.py
[2024-02-12T11:01:13.026+0000] {processor.py:840} INFO - DAG(s) 'example_sensors' retrieved from /home/airflow/.local/lib/python3.8/site-packages/airflow/example_dags/example_sensors.py
[2024-02-12T11:01:13.052+0000] {logging_mixin.py:188} INFO - [2024-02-12T11:01:13.051+0000] {dag.py:3036} INFO - Sync 1 DAGs
[2024-02-12T11:01:13.064+0000] {logging_mixin.py:188} INFO - [2024-02-12T11:01:13.063+0000] {dag.py:3823} INFO - Setting next_dagrun for example_sensors to None, run_after=None
[2024-02-12T11:01:13.082+0000] {processor.py:183} INFO - Processing /home/airflow/.local/lib/python3.8/site-packages/airflow/example_dags/example_sensors.py took 0.069 seconds
[2024-02-12T11:01:43.391+0000] {processor.py:161} INFO - Started process (PID=949) to work on /home/airflow/.local/lib/python3.8/site-packages/airflow/example_dags/example_sensors.py
[2024-02-12T11:01:43.392+0000] {processor.py:830} INFO - Processing file /home/airflow/.local/lib/python3.8/site-packages/airflow/example_dags/example_sensors.py for tasks to queue
[2024-02-12T11:01:43.395+0000] {logging_mixin.py:188} INFO - [2024-02-12T11:01:43.394+0000] {dagbag.py:538} INFO - Filling up the DagBag from /home/airflow/.local/lib/python3.8/site-packages/airflow/example_dags/example_sensors.py
[2024-02-12T11:01:43.407+0000] {processor.py:840} INFO - DAG(s) 'example_sensors' retrieved from /home/airflow/.local/lib/python3.8/site-packages/airflow/example_dags/example_sensors.py
[2024-02-12T11:01:43.433+0000] {logging_mixin.py:188} INFO - [2024-02-12T11:01:43.433+0000] {dag.py:3036} INFO - Sync 1 DAGs
[2024-02-12T11:01:43.445+0000] {logging_mixin.py:188} INFO - [2024-02-12T11:01:43.444+0000] {dag.py:3823} INFO - Setting next_dagrun for example_sensors to None, run_after=None
[2024-02-12T11:01:43.462+0000] {processor.py:183} INFO - Processing /home/airflow/.local/lib/python3.8/site-packages/airflow/example_dags/example_sensors.py took 0.075 seconds
[2024-02-12T11:02:14.499+0000] {processor.py:161} INFO - Started process (PID=1005) to work on /home/airflow/.local/lib/python3.8/site-packages/airflow/example_dags/example_sensors.py
[2024-02-12T11:02:14.499+0000] {processor.py:830} INFO - Processing file /home/airflow/.local/lib/python3.8/site-packages/airflow/example_dags/example_sensors.py for tasks to queue
[2024-02-12T11:02:14.501+0000] {logging_mixin.py:188} INFO - [2024-02-12T11:02:14.501+0000] {dagbag.py:538} INFO - Filling up the DagBag from /home/airflow/.local/lib/python3.8/site-packages/airflow/example_dags/example_sensors.py
[2024-02-12T11:02:14.510+0000] {processor.py:840} INFO - DAG(s) 'example_sensors' retrieved from /home/airflow/.local/lib/python3.8/site-packages/airflow/example_dags/example_sensors.py
[2024-02-12T11:02:14.539+0000] {logging_mixin.py:188} INFO - [2024-02-12T11:02:14.539+0000] {dag.py:3036} INFO - Sync 1 DAGs
[2024-02-12T11:02:14.553+0000] {logging_mixin.py:188} INFO - [2024-02-12T11:02:14.553+0000] {dag.py:3823} INFO - Setting next_dagrun for example_sensors to None, run_after=None
[2024-02-12T11:02:14.574+0000] {processor.py:183} INFO - Processing /home/airflow/.local/lib/python3.8/site-packages/airflow/example_dags/example_sensors.py took 0.079 seconds
[2024-02-12T11:02:45.649+0000] {processor.py:161} INFO - Started process (PID=1061) to work on /home/airflow/.local/lib/python3.8/site-packages/airflow/example_dags/example_sensors.py
[2024-02-12T11:02:45.651+0000] {processor.py:830} INFO - Processing file /home/airflow/.local/lib/python3.8/site-packages/airflow/example_dags/example_sensors.py for tasks to queue
[2024-02-12T11:02:45.654+0000] {logging_mixin.py:188} INFO - [2024-02-12T11:02:45.653+0000] {dagbag.py:538} INFO - Filling up the DagBag from /home/airflow/.local/lib/python3.8/site-packages/airflow/example_dags/example_sensors.py
[2024-02-12T11:02:45.672+0000] {processor.py:840} INFO - DAG(s) 'example_sensors' retrieved from /home/airflow/.local/lib/python3.8/site-packages/airflow/example_dags/example_sensors.py
[2024-02-12T11:02:45.712+0000] {logging_mixin.py:188} INFO - [2024-02-12T11:02:45.711+0000] {dag.py:3036} INFO - Sync 1 DAGs
[2024-02-12T11:02:45.731+0000] {logging_mixin.py:188} INFO - [2024-02-12T11:02:45.731+0000] {dag.py:3823} INFO - Setting next_dagrun for example_sensors to None, run_after=None
[2024-02-12T11:02:45.757+0000] {processor.py:183} INFO - Processing /home/airflow/.local/lib/python3.8/site-packages/airflow/example_dags/example_sensors.py took 0.112 seconds
[2024-02-12T11:03:16.230+0000] {processor.py:161} INFO - Started process (PID=1117) to work on /home/airflow/.local/lib/python3.8/site-packages/airflow/example_dags/example_sensors.py
[2024-02-12T11:03:16.234+0000] {processor.py:830} INFO - Processing file /home/airflow/.local/lib/python3.8/site-packages/airflow/example_dags/example_sensors.py for tasks to queue
[2024-02-12T11:03:16.238+0000] {logging_mixin.py:188} INFO - [2024-02-12T11:03:16.237+0000] {dagbag.py:538} INFO - Filling up the DagBag from /home/airflow/.local/lib/python3.8/site-packages/airflow/example_dags/example_sensors.py
[2024-02-12T11:03:16.259+0000] {processor.py:840} INFO - DAG(s) 'example_sensors' retrieved from /home/airflow/.local/lib/python3.8/site-packages/airflow/example_dags/example_sensors.py
[2024-02-12T11:03:16.305+0000] {logging_mixin.py:188} INFO - [2024-02-12T11:03:16.304+0000] {dag.py:3036} INFO - Sync 1 DAGs
[2024-02-12T11:03:16.325+0000] {logging_mixin.py:188} INFO - [2024-02-12T11:03:16.324+0000] {dag.py:3823} INFO - Setting next_dagrun for example_sensors to None, run_after=None
[2024-02-12T11:03:16.359+0000] {processor.py:183} INFO - Processing /home/airflow/.local/lib/python3.8/site-packages/airflow/example_dags/example_sensors.py took 0.140 seconds
[2024-02-12T11:03:46.706+0000] {processor.py:161} INFO - Started process (PID=1173) to work on /home/airflow/.local/lib/python3.8/site-packages/airflow/example_dags/example_sensors.py
[2024-02-12T11:03:46.707+0000] {processor.py:830} INFO - Processing file /home/airflow/.local/lib/python3.8/site-packages/airflow/example_dags/example_sensors.py for tasks to queue
[2024-02-12T11:03:46.710+0000] {logging_mixin.py:188} INFO - [2024-02-12T11:03:46.709+0000] {dagbag.py:538} INFO - Filling up the DagBag from /home/airflow/.local/lib/python3.8/site-packages/airflow/example_dags/example_sensors.py
[2024-02-12T11:03:46.723+0000] {processor.py:840} INFO - DAG(s) 'example_sensors' retrieved from /home/airflow/.local/lib/python3.8/site-packages/airflow/example_dags/example_sensors.py
[2024-02-12T11:03:46.761+0000] {logging_mixin.py:188} INFO - [2024-02-12T11:03:46.760+0000] {dag.py:3036} INFO - Sync 1 DAGs
[2024-02-12T11:03:46.776+0000] {logging_mixin.py:188} INFO - [2024-02-12T11:03:46.776+0000] {dag.py:3823} INFO - Setting next_dagrun for example_sensors to None, run_after=None
[2024-02-12T11:03:46.801+0000] {processor.py:183} INFO - Processing /home/airflow/.local/lib/python3.8/site-packages/airflow/example_dags/example_sensors.py took 0.100 seconds
[2024-02-12T11:04:17.909+0000] {processor.py:161} INFO - Started process (PID=1235) to work on /home/airflow/.local/lib/python3.8/site-packages/airflow/example_dags/example_sensors.py
[2024-02-12T11:04:17.911+0000] {processor.py:830} INFO - Processing file /home/airflow/.local/lib/python3.8/site-packages/airflow/example_dags/example_sensors.py for tasks to queue
[2024-02-12T11:04:17.914+0000] {logging_mixin.py:188} INFO - [2024-02-12T11:04:17.914+0000] {dagbag.py:538} INFO - Filling up the DagBag from /home/airflow/.local/lib/python3.8/site-packages/airflow/example_dags/example_sensors.py
[2024-02-12T11:04:17.931+0000] {processor.py:840} INFO - DAG(s) 'example_sensors' retrieved from /home/airflow/.local/lib/python3.8/site-packages/airflow/example_dags/example_sensors.py
[2024-02-12T11:04:17.990+0000] {logging_mixin.py:188} INFO - [2024-02-12T11:04:17.989+0000] {dag.py:3036} INFO - Sync 1 DAGs
[2024-02-12T11:04:18.023+0000] {logging_mixin.py:188} INFO - [2024-02-12T11:04:18.022+0000] {dag.py:3823} INFO - Setting next_dagrun for example_sensors to None, run_after=None
[2024-02-12T11:04:18.075+0000] {processor.py:183} INFO - Processing /home/airflow/.local/lib/python3.8/site-packages/airflow/example_dags/example_sensors.py took 0.171 seconds
[2024-02-12T11:04:48.798+0000] {processor.py:161} INFO - Started process (PID=1291) to work on /home/airflow/.local/lib/python3.8/site-packages/airflow/example_dags/example_sensors.py
[2024-02-12T11:04:48.799+0000] {processor.py:830} INFO - Processing file /home/airflow/.local/lib/python3.8/site-packages/airflow/example_dags/example_sensors.py for tasks to queue
[2024-02-12T11:04:48.800+0000] {logging_mixin.py:188} INFO - [2024-02-12T11:04:48.800+0000] {dagbag.py:538} INFO - Filling up the DagBag from /home/airflow/.local/lib/python3.8/site-packages/airflow/example_dags/example_sensors.py
[2024-02-12T11:04:48.809+0000] {processor.py:840} INFO - DAG(s) 'example_sensors' retrieved from /home/airflow/.local/lib/python3.8/site-packages/airflow/example_dags/example_sensors.py
[2024-02-12T11:04:48.838+0000] {logging_mixin.py:188} INFO - [2024-02-12T11:04:48.837+0000] {dag.py:3036} INFO - Sync 1 DAGs
[2024-02-12T11:04:48.853+0000] {logging_mixin.py:188} INFO - [2024-02-12T11:04:48.853+0000] {dag.py:3823} INFO - Setting next_dagrun for example_sensors to None, run_after=None
[2024-02-12T11:04:48.875+0000] {processor.py:183} INFO - Processing /home/airflow/.local/lib/python3.8/site-packages/airflow/example_dags/example_sensors.py took 0.080 seconds
[2024-02-12T11:05:19.039+0000] {processor.py:161} INFO - Started process (PID=1346) to work on /home/airflow/.local/lib/python3.8/site-packages/airflow/example_dags/example_sensors.py
[2024-02-12T11:05:19.040+0000] {processor.py:830} INFO - Processing file /home/airflow/.local/lib/python3.8/site-packages/airflow/example_dags/example_sensors.py for tasks to queue
[2024-02-12T11:05:19.042+0000] {logging_mixin.py:188} INFO - [2024-02-12T11:05:19.041+0000] {dagbag.py:538} INFO - Filling up the DagBag from /home/airflow/.local/lib/python3.8/site-packages/airflow/example_dags/example_sensors.py
[2024-02-12T11:05:19.050+0000] {processor.py:840} INFO - DAG(s) 'example_sensors' retrieved from /home/airflow/.local/lib/python3.8/site-packages/airflow/example_dags/example_sensors.py
[2024-02-12T11:05:19.073+0000] {logging_mixin.py:188} INFO - [2024-02-12T11:05:19.073+0000] {dag.py:3036} INFO - Sync 1 DAGs
[2024-02-12T11:05:19.085+0000] {logging_mixin.py:188} INFO - [2024-02-12T11:05:19.085+0000] {dag.py:3823} INFO - Setting next_dagrun for example_sensors to None, run_after=None
[2024-02-12T11:05:19.107+0000] {processor.py:183} INFO - Processing /home/airflow/.local/lib/python3.8/site-packages/airflow/example_dags/example_sensors.py took 0.070 seconds
[2024-02-12T11:05:49.189+0000] {processor.py:161} INFO - Started process (PID=1401) to work on /home/airflow/.local/lib/python3.8/site-packages/airflow/example_dags/example_sensors.py
[2024-02-12T11:05:49.191+0000] {processor.py:830} INFO - Processing file /home/airflow/.local/lib/python3.8/site-packages/airflow/example_dags/example_sensors.py for tasks to queue
[2024-02-12T11:05:49.192+0000] {logging_mixin.py:188} INFO - [2024-02-12T11:05:49.192+0000] {dagbag.py:538} INFO - Filling up the DagBag from /home/airflow/.local/lib/python3.8/site-packages/airflow/example_dags/example_sensors.py
[2024-02-12T11:05:49.200+0000] {processor.py:840} INFO - DAG(s) 'example_sensors' retrieved from /home/airflow/.local/lib/python3.8/site-packages/airflow/example_dags/example_sensors.py
[2024-02-12T11:05:49.223+0000] {logging_mixin.py:188} INFO - [2024-02-12T11:05:49.223+0000] {dag.py:3036} INFO - Sync 1 DAGs
[2024-02-12T11:05:49.234+0000] {logging_mixin.py:188} INFO - [2024-02-12T11:05:49.234+0000] {dag.py:3823} INFO - Setting next_dagrun for example_sensors to None, run_after=None
[2024-02-12T11:05:49.251+0000] {processor.py:183} INFO - Processing /home/airflow/.local/lib/python3.8/site-packages/airflow/example_dags/example_sensors.py took 0.066 seconds
[2024-02-12T11:06:19.310+0000] {processor.py:161} INFO - Started process (PID=1457) to work on /home/airflow/.local/lib/python3.8/site-packages/airflow/example_dags/example_sensors.py
[2024-02-12T11:06:19.311+0000] {processor.py:830} INFO - Processing file /home/airflow/.local/lib/python3.8/site-packages/airflow/example_dags/example_sensors.py for tasks to queue
[2024-02-12T11:06:19.313+0000] {logging_mixin.py:188} INFO - [2024-02-12T11:06:19.312+0000] {dagbag.py:538} INFO - Filling up the DagBag from /home/airflow/.local/lib/python3.8/site-packages/airflow/example_dags/example_sensors.py
[2024-02-12T11:06:19.321+0000] {processor.py:840} INFO - DAG(s) 'example_sensors' retrieved from /home/airflow/.local/lib/python3.8/site-packages/airflow/example_dags/example_sensors.py
[2024-02-12T11:06:19.345+0000] {logging_mixin.py:188} INFO - [2024-02-12T11:06:19.345+0000] {dag.py:3036} INFO - Sync 1 DAGs
[2024-02-12T11:06:19.357+0000] {logging_mixin.py:188} INFO - [2024-02-12T11:06:19.357+0000] {dag.py:3823} INFO - Setting next_dagrun for example_sensors to None, run_after=None
[2024-02-12T11:06:19.374+0000] {processor.py:183} INFO - Processing /home/airflow/.local/lib/python3.8/site-packages/airflow/example_dags/example_sensors.py took 0.067 seconds
[2024-02-12T11:06:50.401+0000] {processor.py:161} INFO - Started process (PID=1514) to work on /home/airflow/.local/lib/python3.8/site-packages/airflow/example_dags/example_sensors.py
[2024-02-12T11:06:50.401+0000] {processor.py:830} INFO - Processing file /home/airflow/.local/lib/python3.8/site-packages/airflow/example_dags/example_sensors.py for tasks to queue
[2024-02-12T11:06:50.403+0000] {logging_mixin.py:188} INFO - [2024-02-12T11:06:50.403+0000] {dagbag.py:538} INFO - Filling up the DagBag from /home/airflow/.local/lib/python3.8/site-packages/airflow/example_dags/example_sensors.py
[2024-02-12T11:06:50.412+0000] {processor.py:840} INFO - DAG(s) 'example_sensors' retrieved from /home/airflow/.local/lib/python3.8/site-packages/airflow/example_dags/example_sensors.py
[2024-02-12T11:06:50.437+0000] {logging_mixin.py:188} INFO - [2024-02-12T11:06:50.437+0000] {dag.py:3036} INFO - Sync 1 DAGs
[2024-02-12T11:06:50.450+0000] {logging_mixin.py:188} INFO - [2024-02-12T11:06:50.450+0000] {dag.py:3823} INFO - Setting next_dagrun for example_sensors to None, run_after=None
[2024-02-12T11:06:50.469+0000] {processor.py:183} INFO - Processing /home/airflow/.local/lib/python3.8/site-packages/airflow/example_dags/example_sensors.py took 0.071 seconds
[2024-02-12T11:07:20.674+0000] {processor.py:161} INFO - Started process (PID=1572) to work on /home/airflow/.local/lib/python3.8/site-packages/airflow/example_dags/example_sensors.py
[2024-02-12T11:07:20.675+0000] {processor.py:830} INFO - Processing file /home/airflow/.local/lib/python3.8/site-packages/airflow/example_dags/example_sensors.py for tasks to queue
[2024-02-12T11:07:20.676+0000] {logging_mixin.py:188} INFO - [2024-02-12T11:07:20.676+0000] {dagbag.py:538} INFO - Filling up the DagBag from /home/airflow/.local/lib/python3.8/site-packages/airflow/example_dags/example_sensors.py
[2024-02-12T11:07:20.686+0000] {processor.py:840} INFO - DAG(s) 'example_sensors' retrieved from /home/airflow/.local/lib/python3.8/site-packages/airflow/example_dags/example_sensors.py
[2024-02-12T11:07:20.719+0000] {logging_mixin.py:188} INFO - [2024-02-12T11:07:20.719+0000] {dag.py:3036} INFO - Sync 1 DAGs
[2024-02-12T11:07:20.736+0000] {logging_mixin.py:188} INFO - [2024-02-12T11:07:20.736+0000] {dag.py:3823} INFO - Setting next_dagrun for example_sensors to None, run_after=None
[2024-02-12T11:07:20.758+0000] {processor.py:183} INFO - Processing /home/airflow/.local/lib/python3.8/site-packages/airflow/example_dags/example_sensors.py took 0.088 seconds
[2024-02-12T11:07:50.950+0000] {processor.py:161} INFO - Started process (PID=1629) to work on /home/airflow/.local/lib/python3.8/site-packages/airflow/example_dags/example_sensors.py
[2024-02-12T11:07:50.951+0000] {processor.py:830} INFO - Processing file /home/airflow/.local/lib/python3.8/site-packages/airflow/example_dags/example_sensors.py for tasks to queue
[2024-02-12T11:07:50.953+0000] {logging_mixin.py:188} INFO - [2024-02-12T11:07:50.952+0000] {dagbag.py:538} INFO - Filling up the DagBag from /home/airflow/.local/lib/python3.8/site-packages/airflow/example_dags/example_sensors.py
[2024-02-12T11:07:50.963+0000] {processor.py:840} INFO - DAG(s) 'example_sensors' retrieved from /home/airflow/.local/lib/python3.8/site-packages/airflow/example_dags/example_sensors.py
[2024-02-12T11:07:50.991+0000] {logging_mixin.py:188} INFO - [2024-02-12T11:07:50.991+0000] {dag.py:3036} INFO - Sync 1 DAGs
[2024-02-12T11:07:51.006+0000] {logging_mixin.py:188} INFO - [2024-02-12T11:07:51.005+0000] {dag.py:3823} INFO - Setting next_dagrun for example_sensors to None, run_after=None
[2024-02-12T11:07:51.025+0000] {processor.py:183} INFO - Processing /home/airflow/.local/lib/python3.8/site-packages/airflow/example_dags/example_sensors.py took 0.078 seconds
[2024-02-12T11:08:21.767+0000] {processor.py:161} INFO - Started process (PID=1685) to work on /home/airflow/.local/lib/python3.8/site-packages/airflow/example_dags/example_sensors.py
[2024-02-12T11:08:21.768+0000] {processor.py:830} INFO - Processing file /home/airflow/.local/lib/python3.8/site-packages/airflow/example_dags/example_sensors.py for tasks to queue
[2024-02-12T11:08:21.771+0000] {logging_mixin.py:188} INFO - [2024-02-12T11:08:21.770+0000] {dagbag.py:538} INFO - Filling up the DagBag from /home/airflow/.local/lib/python3.8/site-packages/airflow/example_dags/example_sensors.py
[2024-02-12T11:08:21.784+0000] {processor.py:840} INFO - DAG(s) 'example_sensors' retrieved from /home/airflow/.local/lib/python3.8/site-packages/airflow/example_dags/example_sensors.py
[2024-02-12T11:08:21.816+0000] {logging_mixin.py:188} INFO - [2024-02-12T11:08:21.815+0000] {dag.py:3036} INFO - Sync 1 DAGs
[2024-02-12T11:08:21.830+0000] {logging_mixin.py:188} INFO - [2024-02-12T11:08:21.830+0000] {dag.py:3823} INFO - Setting next_dagrun for example_sensors to None, run_after=None
[2024-02-12T11:08:21.853+0000] {processor.py:183} INFO - Processing /home/airflow/.local/lib/python3.8/site-packages/airflow/example_dags/example_sensors.py took 0.090 seconds
[2024-02-12T11:08:52.672+0000] {processor.py:161} INFO - Started process (PID=1741) to work on /home/airflow/.local/lib/python3.8/site-packages/airflow/example_dags/example_sensors.py
[2024-02-12T11:08:52.673+0000] {processor.py:830} INFO - Processing file /home/airflow/.local/lib/python3.8/site-packages/airflow/example_dags/example_sensors.py for tasks to queue
[2024-02-12T11:08:52.674+0000] {logging_mixin.py:188} INFO - [2024-02-12T11:08:52.673+0000] {dagbag.py:538} INFO - Filling up the DagBag from /home/airflow/.local/lib/python3.8/site-packages/airflow/example_dags/example_sensors.py
[2024-02-12T11:08:52.683+0000] {processor.py:840} INFO - DAG(s) 'example_sensors' retrieved from /home/airflow/.local/lib/python3.8/site-packages/airflow/example_dags/example_sensors.py
[2024-02-12T11:08:52.709+0000] {logging_mixin.py:188} INFO - [2024-02-12T11:08:52.709+0000] {dag.py:3036} INFO - Sync 1 DAGs
[2024-02-12T11:08:52.721+0000] {logging_mixin.py:188} INFO - [2024-02-12T11:08:52.720+0000] {dag.py:3823} INFO - Setting next_dagrun for example_sensors to None, run_after=None
[2024-02-12T11:08:52.739+0000] {processor.py:183} INFO - Processing /home/airflow/.local/lib/python3.8/site-packages/airflow/example_dags/example_sensors.py took 0.070 seconds
[2024-02-12T11:09:22.901+0000] {processor.py:161} INFO - Started process (PID=1797) to work on /home/airflow/.local/lib/python3.8/site-packages/airflow/example_dags/example_sensors.py
[2024-02-12T11:09:22.902+0000] {processor.py:830} INFO - Processing file /home/airflow/.local/lib/python3.8/site-packages/airflow/example_dags/example_sensors.py for tasks to queue
[2024-02-12T11:09:22.903+0000] {logging_mixin.py:188} INFO - [2024-02-12T11:09:22.903+0000] {dagbag.py:538} INFO - Filling up the DagBag from /home/airflow/.local/lib/python3.8/site-packages/airflow/example_dags/example_sensors.py
[2024-02-12T11:09:22.914+0000] {processor.py:840} INFO - DAG(s) 'example_sensors' retrieved from /home/airflow/.local/lib/python3.8/site-packages/airflow/example_dags/example_sensors.py
[2024-02-12T11:09:22.949+0000] {logging_mixin.py:188} INFO - [2024-02-12T11:09:22.948+0000] {dag.py:3036} INFO - Sync 1 DAGs
[2024-02-12T11:09:22.968+0000] {logging_mixin.py:188} INFO - [2024-02-12T11:09:22.967+0000] {dag.py:3823} INFO - Setting next_dagrun for example_sensors to None, run_after=None
[2024-02-12T11:09:22.998+0000] {processor.py:183} INFO - Processing /home/airflow/.local/lib/python3.8/site-packages/airflow/example_dags/example_sensors.py took 0.100 seconds
[2024-02-12T11:09:53.200+0000] {processor.py:161} INFO - Started process (PID=1853) to work on /home/airflow/.local/lib/python3.8/site-packages/airflow/example_dags/example_sensors.py
[2024-02-12T11:09:53.201+0000] {processor.py:830} INFO - Processing file /home/airflow/.local/lib/python3.8/site-packages/airflow/example_dags/example_sensors.py for tasks to queue
[2024-02-12T11:09:53.202+0000] {logging_mixin.py:188} INFO - [2024-02-12T11:09:53.202+0000] {dagbag.py:538} INFO - Filling up the DagBag from /home/airflow/.local/lib/python3.8/site-packages/airflow/example_dags/example_sensors.py
[2024-02-12T11:09:53.214+0000] {processor.py:840} INFO - DAG(s) 'example_sensors' retrieved from /home/airflow/.local/lib/python3.8/site-packages/airflow/example_dags/example_sensors.py
[2024-02-12T11:09:53.247+0000] {logging_mixin.py:188} INFO - [2024-02-12T11:09:53.247+0000] {dag.py:3036} INFO - Sync 1 DAGs
[2024-02-12T11:09:53.263+0000] {logging_mixin.py:188} INFO - [2024-02-12T11:09:53.263+0000] {dag.py:3823} INFO - Setting next_dagrun for example_sensors to None, run_after=None
[2024-02-12T11:09:53.288+0000] {processor.py:183} INFO - Processing /home/airflow/.local/lib/python3.8/site-packages/airflow/example_dags/example_sensors.py took 0.092 seconds
[2024-02-12T11:10:23.475+0000] {processor.py:161} INFO - Started process (PID=1909) to work on /home/airflow/.local/lib/python3.8/site-packages/airflow/example_dags/example_sensors.py
[2024-02-12T11:10:23.478+0000] {processor.py:830} INFO - Processing file /home/airflow/.local/lib/python3.8/site-packages/airflow/example_dags/example_sensors.py for tasks to queue
[2024-02-12T11:10:23.479+0000] {logging_mixin.py:188} INFO - [2024-02-12T11:10:23.478+0000] {dagbag.py:538} INFO - Filling up the DagBag from /home/airflow/.local/lib/python3.8/site-packages/airflow/example_dags/example_sensors.py
[2024-02-12T11:10:23.493+0000] {processor.py:840} INFO - DAG(s) 'example_sensors' retrieved from /home/airflow/.local/lib/python3.8/site-packages/airflow/example_dags/example_sensors.py
[2024-02-12T11:10:23.534+0000] {logging_mixin.py:188} INFO - [2024-02-12T11:10:23.533+0000] {dag.py:3036} INFO - Sync 1 DAGs
[2024-02-12T11:10:23.556+0000] {logging_mixin.py:188} INFO - [2024-02-12T11:10:23.556+0000] {dag.py:3823} INFO - Setting next_dagrun for example_sensors to None, run_after=None
[2024-02-12T11:10:23.586+0000] {processor.py:183} INFO - Processing /home/airflow/.local/lib/python3.8/site-packages/airflow/example_dags/example_sensors.py took 0.115 seconds
[2024-02-12T11:10:53.685+0000] {processor.py:161} INFO - Started process (PID=1965) to work on /home/airflow/.local/lib/python3.8/site-packages/airflow/example_dags/example_sensors.py
[2024-02-12T11:10:53.686+0000] {processor.py:830} INFO - Processing file /home/airflow/.local/lib/python3.8/site-packages/airflow/example_dags/example_sensors.py for tasks to queue
[2024-02-12T11:10:53.687+0000] {logging_mixin.py:188} INFO - [2024-02-12T11:10:53.687+0000] {dagbag.py:538} INFO - Filling up the DagBag from /home/airflow/.local/lib/python3.8/site-packages/airflow/example_dags/example_sensors.py
[2024-02-12T11:10:53.698+0000] {processor.py:840} INFO - DAG(s) 'example_sensors' retrieved from /home/airflow/.local/lib/python3.8/site-packages/airflow/example_dags/example_sensors.py
[2024-02-12T11:10:53.735+0000] {logging_mixin.py:188} INFO - [2024-02-12T11:10:53.734+0000] {dag.py:3036} INFO - Sync 1 DAGs
[2024-02-12T11:10:53.753+0000] {logging_mixin.py:188} INFO - [2024-02-12T11:10:53.753+0000] {dag.py:3823} INFO - Setting next_dagrun for example_sensors to None, run_after=None
[2024-02-12T11:10:53.778+0000] {processor.py:183} INFO - Processing /home/airflow/.local/lib/python3.8/site-packages/airflow/example_dags/example_sensors.py took 0.096 seconds
[2024-02-12T11:11:23.943+0000] {processor.py:161} INFO - Started process (PID=2020) to work on /home/airflow/.local/lib/python3.8/site-packages/airflow/example_dags/example_sensors.py
[2024-02-12T11:11:23.944+0000] {processor.py:830} INFO - Processing file /home/airflow/.local/lib/python3.8/site-packages/airflow/example_dags/example_sensors.py for tasks to queue
[2024-02-12T11:11:23.945+0000] {logging_mixin.py:188} INFO - [2024-02-12T11:11:23.944+0000] {dagbag.py:538} INFO - Filling up the DagBag from /home/airflow/.local/lib/python3.8/site-packages/airflow/example_dags/example_sensors.py
[2024-02-12T11:11:23.954+0000] {processor.py:840} INFO - DAG(s) 'example_sensors' retrieved from /home/airflow/.local/lib/python3.8/site-packages/airflow/example_dags/example_sensors.py
[2024-02-12T11:11:23.980+0000] {logging_mixin.py:188} INFO - [2024-02-12T11:11:23.979+0000] {dag.py:3036} INFO - Sync 1 DAGs
[2024-02-12T11:11:23.992+0000] {logging_mixin.py:188} INFO - [2024-02-12T11:11:23.992+0000] {dag.py:3823} INFO - Setting next_dagrun for example_sensors to None, run_after=None
[2024-02-12T11:11:24.010+0000] {processor.py:183} INFO - Processing /home/airflow/.local/lib/python3.8/site-packages/airflow/example_dags/example_sensors.py took 0.070 seconds
[2024-02-12T11:11:54.211+0000] {processor.py:161} INFO - Started process (PID=2077) to work on /home/airflow/.local/lib/python3.8/site-packages/airflow/example_dags/example_sensors.py
[2024-02-12T11:11:54.212+0000] {processor.py:830} INFO - Processing file /home/airflow/.local/lib/python3.8/site-packages/airflow/example_dags/example_sensors.py for tasks to queue
[2024-02-12T11:11:54.213+0000] {logging_mixin.py:188} INFO - [2024-02-12T11:11:54.212+0000] {dagbag.py:538} INFO - Filling up the DagBag from /home/airflow/.local/lib/python3.8/site-packages/airflow/example_dags/example_sensors.py
[2024-02-12T11:11:54.227+0000] {processor.py:840} INFO - DAG(s) 'example_sensors' retrieved from /home/airflow/.local/lib/python3.8/site-packages/airflow/example_dags/example_sensors.py
[2024-02-12T11:11:54.261+0000] {logging_mixin.py:188} INFO - [2024-02-12T11:11:54.261+0000] {dag.py:3036} INFO - Sync 1 DAGs
[2024-02-12T11:11:54.279+0000] {logging_mixin.py:188} INFO - [2024-02-12T11:11:54.278+0000] {dag.py:3823} INFO - Setting next_dagrun for example_sensors to None, run_after=None
[2024-02-12T11:11:54.302+0000] {processor.py:183} INFO - Processing /home/airflow/.local/lib/python3.8/site-packages/airflow/example_dags/example_sensors.py took 0.094 seconds
[2024-02-12T11:12:24.679+0000] {processor.py:161} INFO - Started process (PID=2133) to work on /home/airflow/.local/lib/python3.8/site-packages/airflow/example_dags/example_sensors.py
[2024-02-12T11:12:24.680+0000] {processor.py:830} INFO - Processing file /home/airflow/.local/lib/python3.8/site-packages/airflow/example_dags/example_sensors.py for tasks to queue
[2024-02-12T11:12:24.680+0000] {logging_mixin.py:188} INFO - [2024-02-12T11:12:24.680+0000] {dagbag.py:538} INFO - Filling up the DagBag from /home/airflow/.local/lib/python3.8/site-packages/airflow/example_dags/example_sensors.py
[2024-02-12T11:12:24.690+0000] {processor.py:840} INFO - DAG(s) 'example_sensors' retrieved from /home/airflow/.local/lib/python3.8/site-packages/airflow/example_dags/example_sensors.py
[2024-02-12T11:12:24.723+0000] {logging_mixin.py:188} INFO - [2024-02-12T11:12:24.722+0000] {dag.py:3036} INFO - Sync 1 DAGs
[2024-02-12T11:12:24.738+0000] {logging_mixin.py:188} INFO - [2024-02-12T11:12:24.738+0000] {dag.py:3823} INFO - Setting next_dagrun for example_sensors to None, run_after=None
[2024-02-12T11:12:24.758+0000] {processor.py:183} INFO - Processing /home/airflow/.local/lib/python3.8/site-packages/airflow/example_dags/example_sensors.py took 0.082 seconds
[2024-02-12T11:12:55.529+0000] {processor.py:161} INFO - Started process (PID=2189) to work on /home/airflow/.local/lib/python3.8/site-packages/airflow/example_dags/example_sensors.py
[2024-02-12T11:12:55.532+0000] {processor.py:830} INFO - Processing file /home/airflow/.local/lib/python3.8/site-packages/airflow/example_dags/example_sensors.py for tasks to queue
[2024-02-12T11:12:55.534+0000] {logging_mixin.py:188} INFO - [2024-02-12T11:12:55.533+0000] {dagbag.py:538} INFO - Filling up the DagBag from /home/airflow/.local/lib/python3.8/site-packages/airflow/example_dags/example_sensors.py
[2024-02-12T11:12:55.561+0000] {processor.py:840} INFO - DAG(s) 'example_sensors' retrieved from /home/airflow/.local/lib/python3.8/site-packages/airflow/example_dags/example_sensors.py
[2024-02-12T11:12:55.631+0000] {logging_mixin.py:188} INFO - [2024-02-12T11:12:55.629+0000] {dag.py:3036} INFO - Sync 1 DAGs
[2024-02-12T11:12:55.670+0000] {logging_mixin.py:188} INFO - [2024-02-12T11:12:55.670+0000] {dag.py:3823} INFO - Setting next_dagrun for example_sensors to None, run_after=None
[2024-02-12T11:12:55.721+0000] {processor.py:183} INFO - Processing /home/airflow/.local/lib/python3.8/site-packages/airflow/example_dags/example_sensors.py took 0.202 seconds
[2024-02-12T11:13:26.575+0000] {processor.py:161} INFO - Started process (PID=2244) to work on /home/airflow/.local/lib/python3.8/site-packages/airflow/example_dags/example_sensors.py
[2024-02-12T11:13:26.576+0000] {processor.py:830} INFO - Processing file /home/airflow/.local/lib/python3.8/site-packages/airflow/example_dags/example_sensors.py for tasks to queue
[2024-02-12T11:13:26.579+0000] {logging_mixin.py:188} INFO - [2024-02-12T11:13:26.578+0000] {dagbag.py:538} INFO - Filling up the DagBag from /home/airflow/.local/lib/python3.8/site-packages/airflow/example_dags/example_sensors.py
[2024-02-12T11:13:26.596+0000] {processor.py:840} INFO - DAG(s) 'example_sensors' retrieved from /home/airflow/.local/lib/python3.8/site-packages/airflow/example_dags/example_sensors.py
[2024-02-12T11:13:26.649+0000] {logging_mixin.py:188} INFO - [2024-02-12T11:13:26.648+0000] {dag.py:3036} INFO - Sync 1 DAGs
[2024-02-12T11:13:26.677+0000] {logging_mixin.py:188} INFO - [2024-02-12T11:13:26.676+0000] {dag.py:3823} INFO - Setting next_dagrun for example_sensors to None, run_after=None
[2024-02-12T11:13:26.721+0000] {processor.py:183} INFO - Processing /home/airflow/.local/lib/python3.8/site-packages/airflow/example_dags/example_sensors.py took 0.153 seconds
[2024-02-12T11:13:56.798+0000] {processor.py:161} INFO - Started process (PID=2300) to work on /home/airflow/.local/lib/python3.8/site-packages/airflow/example_dags/example_sensors.py
[2024-02-12T11:13:56.801+0000] {processor.py:830} INFO - Processing file /home/airflow/.local/lib/python3.8/site-packages/airflow/example_dags/example_sensors.py for tasks to queue
[2024-02-12T11:13:56.805+0000] {logging_mixin.py:188} INFO - [2024-02-12T11:13:56.804+0000] {dagbag.py:538} INFO - Filling up the DagBag from /home/airflow/.local/lib/python3.8/site-packages/airflow/example_dags/example_sensors.py
[2024-02-12T11:13:56.832+0000] {processor.py:840} INFO - DAG(s) 'example_sensors' retrieved from /home/airflow/.local/lib/python3.8/site-packages/airflow/example_dags/example_sensors.py
[2024-02-12T11:13:56.879+0000] {logging_mixin.py:188} INFO - [2024-02-12T11:13:56.878+0000] {dag.py:3036} INFO - Sync 1 DAGs
[2024-02-12T11:13:56.903+0000] {logging_mixin.py:188} INFO - [2024-02-12T11:13:56.902+0000] {dag.py:3823} INFO - Setting next_dagrun for example_sensors to None, run_after=None
[2024-02-12T11:13:56.945+0000] {processor.py:183} INFO - Processing /home/airflow/.local/lib/python3.8/site-packages/airflow/example_dags/example_sensors.py took 0.156 seconds
[2024-02-12T11:14:27.646+0000] {processor.py:161} INFO - Started process (PID=2356) to work on /home/airflow/.local/lib/python3.8/site-packages/airflow/example_dags/example_sensors.py
[2024-02-12T11:14:27.649+0000] {processor.py:830} INFO - Processing file /home/airflow/.local/lib/python3.8/site-packages/airflow/example_dags/example_sensors.py for tasks to queue
[2024-02-12T11:14:27.651+0000] {logging_mixin.py:188} INFO - [2024-02-12T11:14:27.650+0000] {dagbag.py:538} INFO - Filling up the DagBag from /home/airflow/.local/lib/python3.8/site-packages/airflow/example_dags/example_sensors.py
[2024-02-12T11:14:27.668+0000] {processor.py:840} INFO - DAG(s) 'example_sensors' retrieved from /home/airflow/.local/lib/python3.8/site-packages/airflow/example_dags/example_sensors.py
[2024-02-12T11:14:27.721+0000] {logging_mixin.py:188} INFO - [2024-02-12T11:14:27.720+0000] {dag.py:3036} INFO - Sync 1 DAGs
[2024-02-12T11:14:27.753+0000] {logging_mixin.py:188} INFO - [2024-02-12T11:14:27.753+0000] {dag.py:3823} INFO - Setting next_dagrun for example_sensors to None, run_after=None
[2024-02-12T11:14:27.799+0000] {processor.py:183} INFO - Processing /home/airflow/.local/lib/python3.8/site-packages/airflow/example_dags/example_sensors.py took 0.160 seconds
[2024-02-12T11:14:57.967+0000] {processor.py:161} INFO - Started process (PID=2410) to work on /home/airflow/.local/lib/python3.8/site-packages/airflow/example_dags/example_sensors.py
[2024-02-12T11:14:57.968+0000] {processor.py:830} INFO - Processing file /home/airflow/.local/lib/python3.8/site-packages/airflow/example_dags/example_sensors.py for tasks to queue
[2024-02-12T11:14:57.969+0000] {logging_mixin.py:188} INFO - [2024-02-12T11:14:57.968+0000] {dagbag.py:538} INFO - Filling up the DagBag from /home/airflow/.local/lib/python3.8/site-packages/airflow/example_dags/example_sensors.py
[2024-02-12T11:14:57.979+0000] {processor.py:840} INFO - DAG(s) 'example_sensors' retrieved from /home/airflow/.local/lib/python3.8/site-packages/airflow/example_dags/example_sensors.py
[2024-02-12T11:14:58.002+0000] {logging_mixin.py:188} INFO - [2024-02-12T11:14:58.002+0000] {dag.py:3036} INFO - Sync 1 DAGs
[2024-02-12T11:14:58.013+0000] {logging_mixin.py:188} INFO - [2024-02-12T11:14:58.013+0000] {dag.py:3823} INFO - Setting next_dagrun for example_sensors to None, run_after=None
[2024-02-12T11:14:58.030+0000] {processor.py:183} INFO - Processing /home/airflow/.local/lib/python3.8/site-packages/airflow/example_dags/example_sensors.py took 0.067 seconds
[2024-02-12T11:15:29.318+0000] {processor.py:161} INFO - Started process (PID=2466) to work on /home/airflow/.local/lib/python3.8/site-packages/airflow/example_dags/example_sensors.py
[2024-02-12T11:15:29.319+0000] {processor.py:830} INFO - Processing file /home/airflow/.local/lib/python3.8/site-packages/airflow/example_dags/example_sensors.py for tasks to queue
[2024-02-12T11:15:29.320+0000] {logging_mixin.py:188} INFO - [2024-02-12T11:15:29.320+0000] {dagbag.py:538} INFO - Filling up the DagBag from /home/airflow/.local/lib/python3.8/site-packages/airflow/example_dags/example_sensors.py
[2024-02-12T11:15:29.337+0000] {processor.py:840} INFO - DAG(s) 'example_sensors' retrieved from /home/airflow/.local/lib/python3.8/site-packages/airflow/example_dags/example_sensors.py
[2024-02-12T11:15:29.384+0000] {logging_mixin.py:188} INFO - [2024-02-12T11:15:29.384+0000] {dag.py:3036} INFO - Sync 1 DAGs
[2024-02-12T11:15:29.650+0000] {logging_mixin.py:188} INFO - [2024-02-12T11:15:29.649+0000] {dag.py:3823} INFO - Setting next_dagrun for example_sensors to None, run_after=None
[2024-02-12T11:15:29.701+0000] {processor.py:183} INFO - Processing /home/airflow/.local/lib/python3.8/site-packages/airflow/example_dags/example_sensors.py took 0.388 seconds
[2024-02-12T11:16:00.201+0000] {processor.py:161} INFO - Started process (PID=2522) to work on /home/airflow/.local/lib/python3.8/site-packages/airflow/example_dags/example_sensors.py
[2024-02-12T11:16:00.202+0000] {processor.py:830} INFO - Processing file /home/airflow/.local/lib/python3.8/site-packages/airflow/example_dags/example_sensors.py for tasks to queue
[2024-02-12T11:16:00.203+0000] {logging_mixin.py:188} INFO - [2024-02-12T11:16:00.202+0000] {dagbag.py:538} INFO - Filling up the DagBag from /home/airflow/.local/lib/python3.8/site-packages/airflow/example_dags/example_sensors.py
[2024-02-12T11:16:00.215+0000] {processor.py:840} INFO - DAG(s) 'example_sensors' retrieved from /home/airflow/.local/lib/python3.8/site-packages/airflow/example_dags/example_sensors.py
[2024-02-12T11:16:00.248+0000] {logging_mixin.py:188} INFO - [2024-02-12T11:16:00.247+0000] {dag.py:3036} INFO - Sync 1 DAGs
[2024-02-12T11:16:00.265+0000] {logging_mixin.py:188} INFO - [2024-02-12T11:16:00.264+0000] {dag.py:3823} INFO - Setting next_dagrun for example_sensors to None, run_after=None
[2024-02-12T11:16:00.428+0000] {processor.py:183} INFO - Processing /home/airflow/.local/lib/python3.8/site-packages/airflow/example_dags/example_sensors.py took 0.231 seconds
[2024-02-12T11:16:30.557+0000] {processor.py:161} INFO - Started process (PID=2578) to work on /home/airflow/.local/lib/python3.8/site-packages/airflow/example_dags/example_sensors.py
[2024-02-12T11:16:30.558+0000] {processor.py:830} INFO - Processing file /home/airflow/.local/lib/python3.8/site-packages/airflow/example_dags/example_sensors.py for tasks to queue
[2024-02-12T11:16:30.559+0000] {logging_mixin.py:188} INFO - [2024-02-12T11:16:30.559+0000] {dagbag.py:538} INFO - Filling up the DagBag from /home/airflow/.local/lib/python3.8/site-packages/airflow/example_dags/example_sensors.py
[2024-02-12T11:16:30.568+0000] {processor.py:840} INFO - DAG(s) 'example_sensors' retrieved from /home/airflow/.local/lib/python3.8/site-packages/airflow/example_dags/example_sensors.py
[2024-02-12T11:16:30.592+0000] {logging_mixin.py:188} INFO - [2024-02-12T11:16:30.592+0000] {dag.py:3036} INFO - Sync 1 DAGs
[2024-02-12T11:16:30.604+0000] {logging_mixin.py:188} INFO - [2024-02-12T11:16:30.603+0000] {dag.py:3823} INFO - Setting next_dagrun for example_sensors to None, run_after=None
[2024-02-12T11:16:30.622+0000] {processor.py:183} INFO - Processing /home/airflow/.local/lib/python3.8/site-packages/airflow/example_dags/example_sensors.py took 0.067 seconds
[2024-02-12T11:17:01.292+0000] {processor.py:161} INFO - Started process (PID=2634) to work on /home/airflow/.local/lib/python3.8/site-packages/airflow/example_dags/example_sensors.py
[2024-02-12T11:17:01.297+0000] {processor.py:830} INFO - Processing file /home/airflow/.local/lib/python3.8/site-packages/airflow/example_dags/example_sensors.py for tasks to queue
[2024-02-12T11:17:01.297+0000] {logging_mixin.py:188} INFO - [2024-02-12T11:17:01.297+0000] {dagbag.py:538} INFO - Filling up the DagBag from /home/airflow/.local/lib/python3.8/site-packages/airflow/example_dags/example_sensors.py
[2024-02-12T11:17:01.306+0000] {processor.py:840} INFO - DAG(s) 'example_sensors' retrieved from /home/airflow/.local/lib/python3.8/site-packages/airflow/example_dags/example_sensors.py
[2024-02-12T11:17:01.332+0000] {logging_mixin.py:188} INFO - [2024-02-12T11:17:01.331+0000] {dag.py:3036} INFO - Sync 1 DAGs
[2024-02-12T11:17:01.344+0000] {logging_mixin.py:188} INFO - [2024-02-12T11:17:01.343+0000] {dag.py:3823} INFO - Setting next_dagrun for example_sensors to None, run_after=None
[2024-02-12T11:17:01.368+0000] {processor.py:183} INFO - Processing /home/airflow/.local/lib/python3.8/site-packages/airflow/example_dags/example_sensors.py took 0.079 seconds
[2024-02-12T11:17:31.979+0000] {processor.py:161} INFO - Started process (PID=2690) to work on /home/airflow/.local/lib/python3.8/site-packages/airflow/example_dags/example_sensors.py
[2024-02-12T11:17:31.980+0000] {processor.py:830} INFO - Processing file /home/airflow/.local/lib/python3.8/site-packages/airflow/example_dags/example_sensors.py for tasks to queue
[2024-02-12T11:17:31.981+0000] {logging_mixin.py:188} INFO - [2024-02-12T11:17:31.981+0000] {dagbag.py:538} INFO - Filling up the DagBag from /home/airflow/.local/lib/python3.8/site-packages/airflow/example_dags/example_sensors.py
[2024-02-12T11:17:31.990+0000] {processor.py:840} INFO - DAG(s) 'example_sensors' retrieved from /home/airflow/.local/lib/python3.8/site-packages/airflow/example_dags/example_sensors.py
[2024-02-12T11:17:32.014+0000] {logging_mixin.py:188} INFO - [2024-02-12T11:17:32.013+0000] {dag.py:3036} INFO - Sync 1 DAGs
[2024-02-12T11:17:32.026+0000] {logging_mixin.py:188} INFO - [2024-02-12T11:17:32.026+0000] {dag.py:3823} INFO - Setting next_dagrun for example_sensors to None, run_after=None
[2024-02-12T11:17:32.053+0000] {processor.py:183} INFO - Processing /home/airflow/.local/lib/python3.8/site-packages/airflow/example_dags/example_sensors.py took 0.076 seconds
[2024-02-12T11:18:02.333+0000] {processor.py:161} INFO - Started process (PID=2746) to work on /home/airflow/.local/lib/python3.8/site-packages/airflow/example_dags/example_sensors.py
[2024-02-12T11:18:02.334+0000] {processor.py:830} INFO - Processing file /home/airflow/.local/lib/python3.8/site-packages/airflow/example_dags/example_sensors.py for tasks to queue
[2024-02-12T11:18:02.335+0000] {logging_mixin.py:188} INFO - [2024-02-12T11:18:02.335+0000] {dagbag.py:538} INFO - Filling up the DagBag from /home/airflow/.local/lib/python3.8/site-packages/airflow/example_dags/example_sensors.py
[2024-02-12T11:18:02.350+0000] {processor.py:840} INFO - DAG(s) 'example_sensors' retrieved from /home/airflow/.local/lib/python3.8/site-packages/airflow/example_dags/example_sensors.py
[2024-02-12T11:18:02.390+0000] {logging_mixin.py:188} INFO - [2024-02-12T11:18:02.390+0000] {dag.py:3036} INFO - Sync 1 DAGs
[2024-02-12T11:18:02.409+0000] {logging_mixin.py:188} INFO - [2024-02-12T11:18:02.409+0000] {dag.py:3823} INFO - Setting next_dagrun for example_sensors to None, run_after=None
[2024-02-12T11:18:02.441+0000] {processor.py:183} INFO - Processing /home/airflow/.local/lib/python3.8/site-packages/airflow/example_dags/example_sensors.py took 0.114 seconds
[2024-02-12T11:18:32.819+0000] {processor.py:161} INFO - Started process (PID=2802) to work on /home/airflow/.local/lib/python3.8/site-packages/airflow/example_dags/example_sensors.py
[2024-02-12T11:18:32.820+0000] {processor.py:830} INFO - Processing file /home/airflow/.local/lib/python3.8/site-packages/airflow/example_dags/example_sensors.py for tasks to queue
[2024-02-12T11:18:32.821+0000] {logging_mixin.py:188} INFO - [2024-02-12T11:18:32.821+0000] {dagbag.py:538} INFO - Filling up the DagBag from /home/airflow/.local/lib/python3.8/site-packages/airflow/example_dags/example_sensors.py
[2024-02-12T11:18:32.835+0000] {processor.py:840} INFO - DAG(s) 'example_sensors' retrieved from /home/airflow/.local/lib/python3.8/site-packages/airflow/example_dags/example_sensors.py
[2024-02-12T11:18:32.872+0000] {logging_mixin.py:188} INFO - [2024-02-12T11:18:32.871+0000] {dag.py:3036} INFO - Sync 1 DAGs
[2024-02-12T11:18:32.888+0000] {logging_mixin.py:188} INFO - [2024-02-12T11:18:32.887+0000] {dag.py:3823} INFO - Setting next_dagrun for example_sensors to None, run_after=None
[2024-02-12T11:18:32.917+0000] {processor.py:183} INFO - Processing /home/airflow/.local/lib/python3.8/site-packages/airflow/example_dags/example_sensors.py took 0.103 seconds
[2024-02-12T11:19:03.568+0000] {processor.py:161} INFO - Started process (PID=2885) to work on /home/airflow/.local/lib/python3.8/site-packages/airflow/example_dags/example_sensors.py
[2024-02-12T11:19:03.569+0000] {processor.py:830} INFO - Processing file /home/airflow/.local/lib/python3.8/site-packages/airflow/example_dags/example_sensors.py for tasks to queue
[2024-02-12T11:19:03.570+0000] {logging_mixin.py:188} INFO - [2024-02-12T11:19:03.570+0000] {dagbag.py:538} INFO - Filling up the DagBag from /home/airflow/.local/lib/python3.8/site-packages/airflow/example_dags/example_sensors.py
[2024-02-12T11:19:03.590+0000] {processor.py:840} INFO - DAG(s) 'example_sensors' retrieved from /home/airflow/.local/lib/python3.8/site-packages/airflow/example_dags/example_sensors.py
[2024-02-12T11:19:03.654+0000] {logging_mixin.py:188} INFO - [2024-02-12T11:19:03.653+0000] {dag.py:3036} INFO - Sync 1 DAGs
[2024-02-12T11:19:03.692+0000] {logging_mixin.py:188} INFO - [2024-02-12T11:19:03.691+0000] {dag.py:3823} INFO - Setting next_dagrun for example_sensors to None, run_after=None
[2024-02-12T11:19:03.732+0000] {processor.py:183} INFO - Processing /home/airflow/.local/lib/python3.8/site-packages/airflow/example_dags/example_sensors.py took 0.170 seconds
[2024-02-12T11:19:33.937+0000] {processor.py:161} INFO - Started process (PID=2960) to work on /home/airflow/.local/lib/python3.8/site-packages/airflow/example_dags/example_sensors.py
[2024-02-12T11:19:33.938+0000] {processor.py:830} INFO - Processing file /home/airflow/.local/lib/python3.8/site-packages/airflow/example_dags/example_sensors.py for tasks to queue
[2024-02-12T11:19:33.939+0000] {logging_mixin.py:188} INFO - [2024-02-12T11:19:33.939+0000] {dagbag.py:538} INFO - Filling up the DagBag from /home/airflow/.local/lib/python3.8/site-packages/airflow/example_dags/example_sensors.py
[2024-02-12T11:19:33.954+0000] {processor.py:840} INFO - DAG(s) 'example_sensors' retrieved from /home/airflow/.local/lib/python3.8/site-packages/airflow/example_dags/example_sensors.py
[2024-02-12T11:19:33.996+0000] {logging_mixin.py:188} INFO - [2024-02-12T11:19:33.995+0000] {dag.py:3036} INFO - Sync 1 DAGs
[2024-02-12T11:19:34.018+0000] {logging_mixin.py:188} INFO - [2024-02-12T11:19:34.018+0000] {dag.py:3823} INFO - Setting next_dagrun for example_sensors to None, run_after=None
[2024-02-12T11:19:34.052+0000] {processor.py:183} INFO - Processing /home/airflow/.local/lib/python3.8/site-packages/airflow/example_dags/example_sensors.py took 0.120 seconds
[2024-02-12T11:20:04.424+0000] {processor.py:161} INFO - Started process (PID=3016) to work on /home/airflow/.local/lib/python3.8/site-packages/airflow/example_dags/example_sensors.py
[2024-02-12T11:20:04.425+0000] {processor.py:830} INFO - Processing file /home/airflow/.local/lib/python3.8/site-packages/airflow/example_dags/example_sensors.py for tasks to queue
[2024-02-12T11:20:04.426+0000] {logging_mixin.py:188} INFO - [2024-02-12T11:20:04.425+0000] {dagbag.py:538} INFO - Filling up the DagBag from /home/airflow/.local/lib/python3.8/site-packages/airflow/example_dags/example_sensors.py
[2024-02-12T11:20:04.435+0000] {processor.py:840} INFO - DAG(s) 'example_sensors' retrieved from /home/airflow/.local/lib/python3.8/site-packages/airflow/example_dags/example_sensors.py
[2024-02-12T11:20:04.460+0000] {logging_mixin.py:188} INFO - [2024-02-12T11:20:04.459+0000] {dag.py:3036} INFO - Sync 1 DAGs
[2024-02-12T11:20:04.473+0000] {logging_mixin.py:188} INFO - [2024-02-12T11:20:04.473+0000] {dag.py:3823} INFO - Setting next_dagrun for example_sensors to None, run_after=None
[2024-02-12T11:20:04.492+0000] {processor.py:183} INFO - Processing /home/airflow/.local/lib/python3.8/site-packages/airflow/example_dags/example_sensors.py took 0.071 seconds
[2024-02-12T11:20:35.706+0000] {processor.py:161} INFO - Started process (PID=3110) to work on /home/airflow/.local/lib/python3.8/site-packages/airflow/example_dags/example_sensors.py
[2024-02-12T11:20:35.712+0000] {processor.py:830} INFO - Processing file /home/airflow/.local/lib/python3.8/site-packages/airflow/example_dags/example_sensors.py for tasks to queue
[2024-02-12T11:20:35.714+0000] {logging_mixin.py:188} INFO - [2024-02-12T11:20:35.713+0000] {dagbag.py:538} INFO - Filling up the DagBag from /home/airflow/.local/lib/python3.8/site-packages/airflow/example_dags/example_sensors.py
[2024-02-12T11:20:35.736+0000] {processor.py:840} INFO - DAG(s) 'example_sensors' retrieved from /home/airflow/.local/lib/python3.8/site-packages/airflow/example_dags/example_sensors.py
[2024-02-12T11:20:35.791+0000] {logging_mixin.py:188} INFO - [2024-02-12T11:20:35.791+0000] {dag.py:3036} INFO - Sync 1 DAGs
[2024-02-12T11:20:35.815+0000] {logging_mixin.py:188} INFO - [2024-02-12T11:20:35.815+0000] {dag.py:3823} INFO - Setting next_dagrun for example_sensors to None, run_after=None
[2024-02-12T11:20:35.847+0000] {processor.py:183} INFO - Processing /home/airflow/.local/lib/python3.8/site-packages/airflow/example_dags/example_sensors.py took 0.147 seconds
[2024-02-12T11:21:05.980+0000] {processor.py:161} INFO - Started process (PID=3165) to work on /home/airflow/.local/lib/python3.8/site-packages/airflow/example_dags/example_sensors.py
[2024-02-12T11:21:05.981+0000] {processor.py:830} INFO - Processing file /home/airflow/.local/lib/python3.8/site-packages/airflow/example_dags/example_sensors.py for tasks to queue
[2024-02-12T11:21:05.983+0000] {logging_mixin.py:188} INFO - [2024-02-12T11:21:05.982+0000] {dagbag.py:538} INFO - Filling up the DagBag from /home/airflow/.local/lib/python3.8/site-packages/airflow/example_dags/example_sensors.py
[2024-02-12T11:21:05.997+0000] {processor.py:840} INFO - DAG(s) 'example_sensors' retrieved from /home/airflow/.local/lib/python3.8/site-packages/airflow/example_dags/example_sensors.py
[2024-02-12T11:21:06.033+0000] {logging_mixin.py:188} INFO - [2024-02-12T11:21:06.032+0000] {dag.py:3036} INFO - Sync 1 DAGs
[2024-02-12T11:21:06.050+0000] {logging_mixin.py:188} INFO - [2024-02-12T11:21:06.050+0000] {dag.py:3823} INFO - Setting next_dagrun for example_sensors to None, run_after=None
[2024-02-12T11:21:06.076+0000] {processor.py:183} INFO - Processing /home/airflow/.local/lib/python3.8/site-packages/airflow/example_dags/example_sensors.py took 0.101 seconds
[2024-02-12T11:21:36.618+0000] {processor.py:161} INFO - Started process (PID=3221) to work on /home/airflow/.local/lib/python3.8/site-packages/airflow/example_dags/example_sensors.py
[2024-02-12T11:21:36.622+0000] {processor.py:830} INFO - Processing file /home/airflow/.local/lib/python3.8/site-packages/airflow/example_dags/example_sensors.py for tasks to queue
[2024-02-12T11:21:36.623+0000] {logging_mixin.py:188} INFO - [2024-02-12T11:21:36.623+0000] {dagbag.py:538} INFO - Filling up the DagBag from /home/airflow/.local/lib/python3.8/site-packages/airflow/example_dags/example_sensors.py
[2024-02-12T11:21:36.639+0000] {processor.py:840} INFO - DAG(s) 'example_sensors' retrieved from /home/airflow/.local/lib/python3.8/site-packages/airflow/example_dags/example_sensors.py
[2024-02-12T11:21:36.680+0000] {logging_mixin.py:188} INFO - [2024-02-12T11:21:36.679+0000] {dag.py:3036} INFO - Sync 1 DAGs
[2024-02-12T11:21:36.703+0000] {logging_mixin.py:188} INFO - [2024-02-12T11:21:36.703+0000] {dag.py:3823} INFO - Setting next_dagrun for example_sensors to None, run_after=None
[2024-02-12T11:21:36.736+0000] {processor.py:183} INFO - Processing /home/airflow/.local/lib/python3.8/site-packages/airflow/example_dags/example_sensors.py took 0.125 seconds
[2024-02-12T11:22:07.444+0000] {processor.py:161} INFO - Started process (PID=3277) to work on /home/airflow/.local/lib/python3.8/site-packages/airflow/example_dags/example_sensors.py
[2024-02-12T11:22:07.446+0000] {processor.py:830} INFO - Processing file /home/airflow/.local/lib/python3.8/site-packages/airflow/example_dags/example_sensors.py for tasks to queue
[2024-02-12T11:22:07.448+0000] {logging_mixin.py:188} INFO - [2024-02-12T11:22:07.447+0000] {dagbag.py:538} INFO - Filling up the DagBag from /home/airflow/.local/lib/python3.8/site-packages/airflow/example_dags/example_sensors.py
[2024-02-12T11:22:07.469+0000] {processor.py:840} INFO - DAG(s) 'example_sensors' retrieved from /home/airflow/.local/lib/python3.8/site-packages/airflow/example_dags/example_sensors.py
[2024-02-12T11:22:07.523+0000] {logging_mixin.py:188} INFO - [2024-02-12T11:22:07.522+0000] {dag.py:3036} INFO - Sync 1 DAGs
[2024-02-12T11:22:07.546+0000] {logging_mixin.py:188} INFO - [2024-02-12T11:22:07.546+0000] {dag.py:3823} INFO - Setting next_dagrun for example_sensors to None, run_after=None
[2024-02-12T11:22:07.589+0000] {processor.py:183} INFO - Processing /home/airflow/.local/lib/python3.8/site-packages/airflow/example_dags/example_sensors.py took 0.150 seconds
[2024-02-12T11:22:58.834+0000] {processor.py:161} INFO - Started process (PID=3341) to work on /home/airflow/.local/lib/python3.8/site-packages/airflow/example_dags/example_sensors.py
[2024-02-12T11:22:58.838+0000] {processor.py:830} INFO - Processing file /home/airflow/.local/lib/python3.8/site-packages/airflow/example_dags/example_sensors.py for tasks to queue
[2024-02-12T11:22:58.841+0000] {logging_mixin.py:188} INFO - [2024-02-12T11:22:58.839+0000] {dagbag.py:538} INFO - Filling up the DagBag from /home/airflow/.local/lib/python3.8/site-packages/airflow/example_dags/example_sensors.py
[2024-02-12T11:22:58.881+0000] {processor.py:840} INFO - DAG(s) 'example_sensors' retrieved from /home/airflow/.local/lib/python3.8/site-packages/airflow/example_dags/example_sensors.py
[2024-02-12T11:22:59.058+0000] {logging_mixin.py:188} INFO - [2024-02-12T11:22:59.057+0000] {dag.py:3036} INFO - Sync 1 DAGs
[2024-02-12T11:22:59.120+0000] {logging_mixin.py:188} INFO - [2024-02-12T11:22:59.119+0000] {dag.py:3823} INFO - Setting next_dagrun for example_sensors to None, run_after=None
[2024-02-12T11:22:59.214+0000] {processor.py:183} INFO - Processing /home/airflow/.local/lib/python3.8/site-packages/airflow/example_dags/example_sensors.py took 0.387 seconds
[2024-02-12T11:30:28.907+0000] {processor.py:161} INFO - Started process (PID=50) to work on /home/airflow/.local/lib/python3.8/site-packages/airflow/example_dags/example_sensors.py
[2024-02-12T11:30:28.908+0000] {processor.py:830} INFO - Processing file /home/airflow/.local/lib/python3.8/site-packages/airflow/example_dags/example_sensors.py for tasks to queue
[2024-02-12T11:30:28.910+0000] {logging_mixin.py:188} INFO - [2024-02-12T11:30:28.910+0000] {dagbag.py:538} INFO - Filling up the DagBag from /home/airflow/.local/lib/python3.8/site-packages/airflow/example_dags/example_sensors.py
[2024-02-12T11:30:28.926+0000] {processor.py:840} INFO - DAG(s) 'example_sensors' retrieved from /home/airflow/.local/lib/python3.8/site-packages/airflow/example_dags/example_sensors.py
[2024-02-12T11:30:28.958+0000] {logging_mixin.py:188} INFO - [2024-02-12T11:30:28.958+0000] {dag.py:3036} INFO - Sync 1 DAGs
[2024-02-12T11:30:28.973+0000] {logging_mixin.py:188} INFO - [2024-02-12T11:30:28.973+0000] {dag.py:3823} INFO - Setting next_dagrun for example_sensors to None, run_after=None
[2024-02-12T11:30:29.007+0000] {processor.py:183} INFO - Processing /home/airflow/.local/lib/python3.8/site-packages/airflow/example_dags/example_sensors.py took 0.104 seconds
[2024-02-12T11:30:59.809+0000] {processor.py:161} INFO - Started process (PID=105) to work on /home/airflow/.local/lib/python3.8/site-packages/airflow/example_dags/example_sensors.py
[2024-02-12T11:30:59.810+0000] {processor.py:830} INFO - Processing file /home/airflow/.local/lib/python3.8/site-packages/airflow/example_dags/example_sensors.py for tasks to queue
[2024-02-12T11:30:59.811+0000] {logging_mixin.py:188} INFO - [2024-02-12T11:30:59.810+0000] {dagbag.py:538} INFO - Filling up the DagBag from /home/airflow/.local/lib/python3.8/site-packages/airflow/example_dags/example_sensors.py
[2024-02-12T11:30:59.826+0000] {processor.py:840} INFO - DAG(s) 'example_sensors' retrieved from /home/airflow/.local/lib/python3.8/site-packages/airflow/example_dags/example_sensors.py
[2024-02-12T11:30:59.854+0000] {logging_mixin.py:188} INFO - [2024-02-12T11:30:59.854+0000] {dag.py:3036} INFO - Sync 1 DAGs
[2024-02-12T11:30:59.874+0000] {logging_mixin.py:188} INFO - [2024-02-12T11:30:59.873+0000] {dag.py:3823} INFO - Setting next_dagrun for example_sensors to None, run_after=None
[2024-02-12T11:30:59.911+0000] {processor.py:183} INFO - Processing /home/airflow/.local/lib/python3.8/site-packages/airflow/example_dags/example_sensors.py took 0.107 seconds
