[2024-02-13T12:12:50.115+0000] {taskinstance.py:1956} INFO - Dependencies all met for dep_context=non-requeueable deps ti=<TaskInstance: baserowdata.consumer_task scheduled__2024-02-12T02:50:00+00:00 [queued]>
[2024-02-13T12:12:50.124+0000] {taskinstance.py:1956} INFO - Dependencies all met for dep_context=requeueable deps ti=<TaskInstance: baserowdata.consumer_task scheduled__2024-02-12T02:50:00+00:00 [queued]>
[2024-02-13T12:12:50.125+0000] {taskinstance.py:2170} INFO - Starting attempt 1 of 1
[2024-02-13T12:12:50.138+0000] {taskinstance.py:2191} INFO - Executing <Task(PythonOperator): consumer_task> on 2024-02-12 02:50:00+00:00
[2024-02-13T12:12:50.144+0000] {standard_task_runner.py:60} INFO - Started process 139 to run task
[2024-02-13T12:12:50.147+0000] {standard_task_runner.py:87} INFO - Running: ['***', 'tasks', 'run', 'baserowdata', 'consumer_task', 'scheduled__2024-02-12T02:50:00+00:00', '--job-id', '26', '--raw', '--subdir', 'DAGS_FOLDER/consumer_dag.py', '--cfg-path', '/tmp/tmpdk8ro1co']
[2024-02-13T12:12:50.149+0000] {standard_task_runner.py:88} INFO - Job 26: Subtask consumer_task
[2024-02-13T12:12:50.198+0000] {task_command.py:423} INFO - Running <TaskInstance: baserowdata.consumer_task scheduled__2024-02-12T02:50:00+00:00 [running]> on host b9c9154d9bc2
[2024-02-13T12:12:50.294+0000] {taskinstance.py:2480} INFO - Exporting env vars: AIRFLOW_CTX_DAG_OWNER='***' AIRFLOW_CTX_DAG_ID='baserowdata' AIRFLOW_CTX_TASK_ID='consumer_task' AIRFLOW_CTX_EXECUTION_DATE='2024-02-12T02:50:00+00:00' AIRFLOW_CTX_TRY_NUMBER='1' AIRFLOW_CTX_DAG_RUN_ID='scheduled__2024-02-12T02:50:00+00:00'
[2024-02-13T12:12:50.960+0000] {logging_mixin.py:188} INFO - İstek başarılı.
[2024-02-13T12:12:51.464+0000] {logging_mixin.py:188} INFO - İstek başarılı.
[2024-02-13T12:12:52.044+0000] {logging_mixin.py:188} INFO - İstek başarılı.
[2024-02-13T12:12:52.610+0000] {logging_mixin.py:188} INFO - İstek başarılı.
[2024-02-13T12:12:53.159+0000] {logging_mixin.py:188} INFO - İstek başarılı.
[2024-02-13T12:12:53.779+0000] {logging_mixin.py:188} INFO - İstek başarılı.
[2024-02-13T12:12:54.415+0000] {logging_mixin.py:188} INFO - İstek başarılı.
[2024-02-13T12:12:55.003+0000] {logging_mixin.py:188} INFO - İstek başarılı.
[2024-02-13T12:12:55.440+0000] {logging_mixin.py:188} INFO - İstek başarılı.
[2024-02-13T12:12:55.941+0000] {logging_mixin.py:188} INFO - İstek başarılı.
[2024-02-13T12:12:56.465+0000] {logging_mixin.py:188} INFO - İstek başarılı.
[2024-02-13T12:12:56.930+0000] {logging_mixin.py:188} INFO - İstek başarılı.
[2024-02-13T12:12:57.560+0000] {logging_mixin.py:188} INFO - İstek başarılı.
[2024-02-13T12:12:58.109+0000] {logging_mixin.py:188} INFO - İstek başarılı.
[2024-02-13T12:12:58.941+0000] {logging_mixin.py:188} INFO - İstek başarılı.
[2024-02-13T12:12:59.641+0000] {logging_mixin.py:188} INFO - İstek başarılı.
[2024-02-13T12:13:00.529+0000] {logging_mixin.py:188} INFO - İstek başarılı.
[2024-02-13T12:13:01.199+0000] {logging_mixin.py:188} INFO - İstek başarılı.
[2024-02-13T12:13:01.827+0000] {logging_mixin.py:188} INFO - İstek başarılı.
[2024-02-13T12:13:02.769+0000] {logging_mixin.py:188} INFO - İstek başarılı.
[2024-02-13T12:13:03.435+0000] {logging_mixin.py:188} INFO - İstek başarılı.
[2024-02-13T12:13:04.157+0000] {logging_mixin.py:188} INFO - İstek başarılı.
[2024-02-13T12:13:05.867+0000] {logging_mixin.py:188} INFO - İstek başarılı.
[2024-02-13T12:13:06.834+0000] {logging_mixin.py:188} INFO - İstek başarılı.
[2024-02-13T12:13:07.579+0000] {logging_mixin.py:188} INFO - İstek başarılı.
[2024-02-13T12:13:08.500+0000] {logging_mixin.py:188} INFO - İstek başarılı.
[2024-02-13T12:13:09.262+0000] {logging_mixin.py:188} INFO - İstek başarılı.
[2024-02-13T12:13:09.876+0000] {logging_mixin.py:188} INFO - İstek başarılı.
[2024-02-13T12:13:10.558+0000] {logging_mixin.py:188} INFO - İstek başarılı.
[2024-02-13T12:13:11.202+0000] {logging_mixin.py:188} INFO - İstek başarılı.
[2024-02-13T12:13:11.885+0000] {logging_mixin.py:188} INFO - İstek başarılı.
[2024-02-13T12:13:12.546+0000] {logging_mixin.py:188} INFO - İstek başarılı.
[2024-02-13T12:13:13.253+0000] {logging_mixin.py:188} INFO - İstek başarılı.
[2024-02-13T12:13:13.873+0000] {logging_mixin.py:188} INFO - İstek başarılı.
[2024-02-13T12:13:13.884+0000] {taskinstance.py:2698} ERROR - Task failed with exception
Traceback (most recent call last):
  File "/home/airflow/.local/lib/python3.8/site-packages/airflow/models/taskinstance.py", line 433, in _execute_task
    result = execute_callable(context=context, **execute_callable_kwargs)
  File "/home/airflow/.local/lib/python3.8/site-packages/airflow/operators/python.py", line 199, in execute
    return_value = self.execute_callable()
  File "/home/airflow/.local/lib/python3.8/site-packages/airflow/operators/python.py", line 216, in execute_callable
    return self.python_callable(*self.op_args, **self.op_kwargs)
  File "/opt/airflow/dags/consumer_dag.py", line 66, in main
    writer.writerows(rows)
  File "/usr/local/lib/python3.8/csv.py", line 157, in writerows
    return self.writer.writerows(map(self._dict_to_list, rowdicts))
  File "/usr/local/lib/python3.8/csv.py", line 149, in _dict_to_list
    raise ValueError("dict contains fields not in fieldnames: "
ValueError: dict contains fields not in fieldnames: None
[2024-02-13T12:13:13.900+0000] {taskinstance.py:1138} INFO - Marking task as FAILED. dag_id=baserowdata, task_id=consumer_task, execution_date=20240212T025000, start_date=20240213T121250, end_date=20240213T121313
[2024-02-13T12:13:13.933+0000] {standard_task_runner.py:107} ERROR - Failed to execute job 26 for task consumer_task (dict contains fields not in fieldnames: None; 139)
[2024-02-13T12:13:13.981+0000] {local_task_job_runner.py:234} INFO - Task exited with return code 1
[2024-02-13T12:13:14.011+0000] {taskinstance.py:3280} INFO - 0 downstream tasks scheduled from follow-on schedule check
