[2024-02-13T12:12:34.239+0000] {taskinstance.py:1956} INFO - Dependencies all met for dep_context=non-requeueable deps ti=<TaskInstance: baserowdata.consumer_task scheduled__2024-02-12T02:20:00+00:00 [queued]>
[2024-02-13T12:12:34.353+0000] {taskinstance.py:1956} INFO - Dependencies all met for dep_context=requeueable deps ti=<TaskInstance: baserowdata.consumer_task scheduled__2024-02-12T02:20:00+00:00 [queued]>
[2024-02-13T12:12:34.354+0000] {taskinstance.py:2170} INFO - Starting attempt 1 of 1
[2024-02-13T12:12:34.404+0000] {taskinstance.py:2191} INFO - Executing <Task(PythonOperator): consumer_task> on 2024-02-12 02:20:00+00:00
[2024-02-13T12:12:34.432+0000] {standard_task_runner.py:60} INFO - Started process 124 to run task
[2024-02-13T12:12:34.443+0000] {standard_task_runner.py:87} INFO - Running: ['***', 'tasks', 'run', 'baserowdata', 'consumer_task', 'scheduled__2024-02-12T02:20:00+00:00', '--job-id', '24', '--raw', '--subdir', 'DAGS_FOLDER/consumer_dag.py', '--cfg-path', '/tmp/tmplsjukunb']
[2024-02-13T12:12:34.448+0000] {standard_task_runner.py:88} INFO - Job 24: Subtask consumer_task
[2024-02-13T12:12:34.630+0000] {task_command.py:423} INFO - Running <TaskInstance: baserowdata.consumer_task scheduled__2024-02-12T02:20:00+00:00 [running]> on host b9c9154d9bc2
[2024-02-13T12:12:34.907+0000] {taskinstance.py:2480} INFO - Exporting env vars: AIRFLOW_CTX_DAG_OWNER='***' AIRFLOW_CTX_DAG_ID='baserowdata' AIRFLOW_CTX_TASK_ID='consumer_task' AIRFLOW_CTX_EXECUTION_DATE='2024-02-12T02:20:00+00:00' AIRFLOW_CTX_TRY_NUMBER='1' AIRFLOW_CTX_DAG_RUN_ID='scheduled__2024-02-12T02:20:00+00:00'
[2024-02-13T12:12:35.397+0000] {logging_mixin.py:188} INFO - İstek başarısız. HTTP yanıt kodu: 429
[2024-02-13T12:12:35.398+0000] {logging_mixin.py:188} INFO - {"detail":"Request was throttled. Expected available in 29 seconds."}
[2024-02-13T12:12:36.014+0000] {logging_mixin.py:188} INFO - İstek başarılı.
[2024-02-13T12:12:36.637+0000] {logging_mixin.py:188} INFO - İstek başarılı.
[2024-02-13T12:12:37.276+0000] {logging_mixin.py:188} INFO - İstek başarılı.
[2024-02-13T12:12:38.026+0000] {logging_mixin.py:188} INFO - İstek başarılı.
[2024-02-13T12:12:38.707+0000] {logging_mixin.py:188} INFO - İstek başarılı.
[2024-02-13T12:12:39.652+0000] {logging_mixin.py:188} INFO - İstek başarılı.
[2024-02-13T12:12:40.480+0000] {logging_mixin.py:188} INFO - İstek başarılı.
[2024-02-13T12:12:40.493+0000] {logging_mixin.py:188} INFO - CSV dosyasında veri bulunmuyor. 10 dakika sonra tekrar kontrol edilecek.
[2024-02-13T12:12:40.494+0000] {logging_mixin.py:188} INFO - CSV dosyasında veri bulunmuyor. 10 dakika sonra tekrar kontrol edilecek.
[2024-02-13T12:12:41.105+0000] {logging_mixin.py:188} INFO - İstek başarılı.
[2024-02-13T12:12:41.698+0000] {logging_mixin.py:188} INFO - İstek başarılı.
[2024-02-13T12:12:42.344+0000] {logging_mixin.py:188} INFO - İstek başarılı.
[2024-02-13T12:12:42.961+0000] {logging_mixin.py:188} INFO - İstek başarılı.
[2024-02-13T12:12:43.776+0000] {logging_mixin.py:188} INFO - İstek başarılı.
[2024-02-13T12:12:44.548+0000] {logging_mixin.py:188} INFO - İstek başarılı.
[2024-02-13T12:12:45.191+0000] {logging_mixin.py:188} INFO - İstek başarılı.
[2024-02-13T12:12:45.933+0000] {logging_mixin.py:188} INFO - İstek başarılı.
[2024-02-13T12:12:46.555+0000] {logging_mixin.py:188} INFO - İstek başarılı.
[2024-02-13T12:12:47.038+0000] {logging_mixin.py:188} INFO - İstek başarılı.
[2024-02-13T12:12:47.939+0000] {logging_mixin.py:188} INFO - İstek başarılı.
[2024-02-13T12:12:48.542+0000] {logging_mixin.py:188} INFO - İstek başarılı.
[2024-02-13T12:12:49.022+0000] {logging_mixin.py:188} INFO - İstek başarılı.
[2024-02-13T12:12:49.563+0000] {logging_mixin.py:188} INFO - İstek başarılı.
[2024-02-13T12:12:50.187+0000] {logging_mixin.py:188} INFO - İstek başarılı.
[2024-02-13T12:12:50.629+0000] {logging_mixin.py:188} INFO - İstek başarılı.
[2024-02-13T12:12:51.258+0000] {logging_mixin.py:188} INFO - İstek başarılı.
[2024-02-13T12:12:52.134+0000] {logging_mixin.py:188} INFO - İstek başarılı.
[2024-02-13T12:12:52.681+0000] {logging_mixin.py:188} INFO - İstek başarılı.
[2024-02-13T12:12:53.221+0000] {logging_mixin.py:188} INFO - İstek başarılı.
[2024-02-13T12:12:53.877+0000] {logging_mixin.py:188} INFO - İstek başarılı.
[2024-02-13T12:12:54.466+0000] {logging_mixin.py:188} INFO - İstek başarılı.
[2024-02-13T12:12:55.156+0000] {logging_mixin.py:188} INFO - İstek başarılı.
[2024-02-13T12:12:55.698+0000] {logging_mixin.py:188} INFO - İstek başarılı.
[2024-02-13T12:12:56.162+0000] {logging_mixin.py:188} INFO - İstek başarılı.
[2024-02-13T12:12:56.733+0000] {logging_mixin.py:188} INFO - İstek başarılı.
[2024-02-13T12:12:57.290+0000] {logging_mixin.py:188} INFO - İstek başarılı.
[2024-02-13T12:12:57.939+0000] {logging_mixin.py:188} INFO - İstek başarılı.
[2024-02-13T12:12:59.040+0000] {logging_mixin.py:188} INFO - İstek başarılı.
[2024-02-13T12:13:00.120+0000] {logging_mixin.py:188} INFO - İstek başarılı.
[2024-02-13T12:13:00.851+0000] {logging_mixin.py:188} INFO - İstek başarılı.
[2024-02-13T12:13:01.708+0000] {logging_mixin.py:188} INFO - İstek başarılı.
[2024-02-13T12:13:02.380+0000] {logging_mixin.py:188} INFO - İstek başarılı.
[2024-02-13T12:13:02.990+0000] {logging_mixin.py:188} INFO - İstek başarılı.
[2024-02-13T12:13:03.637+0000] {logging_mixin.py:188} INFO - İstek başarılı.
[2024-02-13T12:13:04.202+0000] {logging_mixin.py:188} INFO - İstek başarılı.
[2024-02-13T12:13:06.190+0000] {logging_mixin.py:188} INFO - İstek başarılı.
[2024-02-13T12:13:06.862+0000] {logging_mixin.py:188} INFO - İstek başarılı.
[2024-02-13T12:13:07.451+0000] {logging_mixin.py:188} INFO - İstek başarılı.
[2024-02-13T12:13:08.210+0000] {logging_mixin.py:188} INFO - İstek başarılı.
[2024-02-13T12:13:10.274+0000] {logging_mixin.py:188} INFO - İstek başarılı.
[2024-02-13T12:13:11.118+0000] {logging_mixin.py:188} INFO - İstek başarılı.
[2024-02-13T12:13:11.767+0000] {logging_mixin.py:188} INFO - İstek başarılı.
[2024-02-13T12:13:12.303+0000] {logging_mixin.py:188} INFO - İstek başarılı.
[2024-02-13T12:13:12.963+0000] {logging_mixin.py:188} INFO - İstek başarılı.
[2024-02-13T12:13:13.792+0000] {logging_mixin.py:188} INFO - İstek başarılı.
[2024-02-13T12:13:14.319+0000] {logging_mixin.py:188} INFO - İstek başarılı.
[2024-02-13T12:13:14.925+0000] {logging_mixin.py:188} INFO - İstek başarılı.
[2024-02-13T12:13:15.467+0000] {logging_mixin.py:188} INFO - İstek başarılı.
[2024-02-13T12:13:16.018+0000] {logging_mixin.py:188} INFO - İstek başarılı.
[2024-02-13T12:13:16.723+0000] {logging_mixin.py:188} INFO - İstek başarılı.
[2024-02-13T12:13:17.298+0000] {logging_mixin.py:188} INFO - İstek başarılı.
[2024-02-13T12:13:17.320+0000] {logging_mixin.py:188} INFO - CSV dosyasında veri bulunmuyor. 10 dakika sonra tekrar kontrol edilecek.
[2024-02-13T12:13:17.321+0000] {logging_mixin.py:188} INFO - CSV dosyasında veri bulunmuyor. 10 dakika sonra tekrar kontrol edilecek.
[2024-02-13T12:13:17.323+0000] {logging_mixin.py:188} INFO - CSV dosyasında veri bulunmuyor. 10 dakika sonra tekrar kontrol edilecek.
[2024-02-13T12:13:18.115+0000] {logging_mixin.py:188} INFO - İstek başarılı.
[2024-02-13T12:13:18.706+0000] {logging_mixin.py:188} INFO - İstek başarılı.
[2024-02-13T12:13:19.234+0000] {logging_mixin.py:188} INFO - İstek başarılı.
[2024-02-13T12:13:19.841+0000] {logging_mixin.py:188} INFO - İstek başarılı.
[2024-02-13T12:13:20.356+0000] {logging_mixin.py:188} INFO - İstek başarılı.
[2024-02-13T12:13:20.868+0000] {logging_mixin.py:188} INFO - İstek başarılı.
[2024-02-13T12:13:21.471+0000] {logging_mixin.py:188} INFO - İstek başarılı.
[2024-02-13T12:13:22.148+0000] {logging_mixin.py:188} INFO - İstek başarılı.
[2024-02-13T12:13:22.745+0000] {logging_mixin.py:188} INFO - İstek başarılı.
[2024-02-13T12:13:23.480+0000] {logging_mixin.py:188} INFO - İstek başarılı.
[2024-02-13T12:13:24.164+0000] {logging_mixin.py:188} INFO - İstek başarılı.
[2024-02-13T12:13:24.943+0000] {logging_mixin.py:188} INFO - İstek başarılı.
[2024-02-13T12:13:26.841+0000] {logging_mixin.py:188} INFO - İstek başarılı.
[2024-02-13T12:13:28.321+0000] {logging_mixin.py:188} INFO - İstek başarılı.
[2024-02-13T12:13:29.353+0000] {logging_mixin.py:188} INFO - İstek başarılı.
[2024-02-13T12:13:30.695+0000] {logging_mixin.py:188} INFO - İstek başarılı.
[2024-02-13T12:13:31.743+0000] {logging_mixin.py:188} INFO - İstek başarılı.
[2024-02-13T12:13:32.840+0000] {logging_mixin.py:188} INFO - İstek başarılı.
[2024-02-13T12:13:33.960+0000] {logging_mixin.py:188} INFO - İstek başarılı.
[2024-02-13T12:13:36.006+0000] {logging_mixin.py:188} INFO - İstek başarılı.
[2024-02-13T12:13:36.991+0000] {logging_mixin.py:188} INFO - İstek başarılı.
[2024-02-13T12:13:38.067+0000] {logging_mixin.py:188} INFO - İstek başarılı.
[2024-02-13T12:13:38.837+0000] {logging_mixin.py:188} INFO - İstek başarılı.
[2024-02-13T12:13:39.440+0000] {logging_mixin.py:188} INFO - İstek başarılı.
[2024-02-13T12:13:39.962+0000] {logging_mixin.py:188} INFO - İstek başarılı.
[2024-02-13T12:13:40.425+0000] {logging_mixin.py:188} INFO - İstek başarılı.
[2024-02-13T12:13:40.928+0000] {logging_mixin.py:188} INFO - İstek başarılı.
[2024-02-13T12:13:41.439+0000] {logging_mixin.py:188} INFO - İstek başarılı.
[2024-02-13T12:13:42.016+0000] {logging_mixin.py:188} INFO - İstek başarılı.
[2024-02-13T12:13:42.604+0000] {logging_mixin.py:188} INFO - İstek başarılı.
[2024-02-13T12:13:43.176+0000] {logging_mixin.py:188} INFO - İstek başarılı.
[2024-02-13T12:13:43.998+0000] {logging_mixin.py:188} INFO - İstek başarılı.
[2024-02-13T12:13:45.114+0000] {logging_mixin.py:188} INFO - İstek başarılı.
[2024-02-13T12:13:45.865+0000] {logging_mixin.py:188} INFO - İstek başarılı.
[2024-02-13T12:13:46.488+0000] {logging_mixin.py:188} INFO - İstek başarılı.
[2024-02-13T12:13:47.192+0000] {logging_mixin.py:188} INFO - İstek başarılı.
[2024-02-13T12:13:47.817+0000] {logging_mixin.py:188} INFO - İstek başarılı.
[2024-02-13T12:13:48.543+0000] {logging_mixin.py:188} INFO - İstek başarılı.
[2024-02-13T12:13:49.101+0000] {logging_mixin.py:188} INFO - İstek başarılı.
[2024-02-13T12:13:50.065+0000] {logging_mixin.py:188} INFO - İstek başarılı.
[2024-02-13T12:13:50.750+0000] {logging_mixin.py:188} INFO - İstek başarılı.
[2024-02-13T12:13:51.791+0000] {logging_mixin.py:188} INFO - İstek başarılı.
[2024-02-13T12:13:52.591+0000] {logging_mixin.py:188} INFO - İstek başarılı.
[2024-02-13T12:13:53.136+0000] {logging_mixin.py:188} INFO - İstek başarılı.
[2024-02-13T12:13:53.672+0000] {logging_mixin.py:188} INFO - İstek başarılı.
[2024-02-13T12:13:54.373+0000] {logging_mixin.py:188} INFO - İstek başarılı.
[2024-02-13T12:13:55.115+0000] {logging_mixin.py:188} INFO - İstek başarılı.
[2024-02-13T12:13:55.812+0000] {logging_mixin.py:188} INFO - İstek başarılı.
[2024-02-13T12:13:56.348+0000] {logging_mixin.py:188} INFO - İstek başarılı.
[2024-02-13T12:13:57.049+0000] {logging_mixin.py:188} INFO - İstek başarılı.
[2024-02-13T12:13:57.665+0000] {logging_mixin.py:188} INFO - İstek başarılı.
[2024-02-13T12:13:58.623+0000] {logging_mixin.py:188} INFO - İstek başarılı.
[2024-02-13T12:13:59.149+0000] {logging_mixin.py:188} INFO - İstek başarılı.
[2024-02-13T12:13:59.746+0000] {logging_mixin.py:188} INFO - İstek başarılı.
[2024-02-13T12:14:00.451+0000] {logging_mixin.py:188} INFO - İstek başarılı.
[2024-02-13T12:14:01.094+0000] {logging_mixin.py:188} INFO - İstek başarılı.
[2024-02-13T12:14:01.872+0000] {logging_mixin.py:188} INFO - İstek başarılı.
[2024-02-13T12:14:02.632+0000] {logging_mixin.py:188} INFO - İstek başarılı.
[2024-02-13T12:14:03.594+0000] {logging_mixin.py:188} INFO - İstek başarılı.
[2024-02-13T12:14:04.135+0000] {logging_mixin.py:188} INFO - İstek başarılı.
[2024-02-13T12:14:04.723+0000] {logging_mixin.py:188} INFO - İstek başarılı.
[2024-02-13T12:14:05.425+0000] {logging_mixin.py:188} INFO - İstek başarılı.
[2024-02-13T12:14:06.433+0000] {logging_mixin.py:188} INFO - İstek başarılı.
[2024-02-13T12:14:07.153+0000] {logging_mixin.py:188} INFO - CSV dosyasında veri bulunmuyor. 10 dakika sonra tekrar kontrol edilecek.
[2024-02-13T12:14:07.156+0000] {logging_mixin.py:188} INFO - CSV dosyasında veri bulunmuyor. 10 dakika sonra tekrar kontrol edilecek.
[2024-02-13T12:14:07.160+0000] {logging_mixin.py:188} INFO - CSV dosyasında veri bulunmuyor. 10 dakika sonra tekrar kontrol edilecek.
[2024-02-13T12:14:07.163+0000] {logging_mixin.py:188} INFO - CSV dosyasında veri bulunmuyor. 10 dakika sonra tekrar kontrol edilecek.
[2024-02-13T12:14:07.165+0000] {logging_mixin.py:188} INFO - CSV dosyasında veri bulunmuyor. 10 dakika sonra tekrar kontrol edilecek.
[2024-02-13T12:14:07.166+0000] {logging_mixin.py:188} INFO - CSV dosyasında veri bulunmuyor. 10 dakika sonra tekrar kontrol edilecek.
[2024-02-13T12:14:07.167+0000] {logging_mixin.py:188} INFO - CSV dosyasında veri bulunmuyor. 10 dakika sonra tekrar kontrol edilecek.
[2024-02-13T12:14:07.167+0000] {logging_mixin.py:188} INFO - CSV dosyasında veri bulunmuyor. 10 dakika sonra tekrar kontrol edilecek.
[2024-02-13T12:14:07.168+0000] {logging_mixin.py:188} INFO - CSV dosyasında veri bulunmuyor. 10 dakika sonra tekrar kontrol edilecek.
[2024-02-13T12:14:07.169+0000] {logging_mixin.py:188} INFO - CSV dosyasında veri bulunmuyor. 10 dakika sonra tekrar kontrol edilecek.
[2024-02-13T12:14:07.170+0000] {logging_mixin.py:188} INFO - CSV dosyasında veri bulunmuyor. 10 dakika sonra tekrar kontrol edilecek.
[2024-02-13T12:14:07.172+0000] {logging_mixin.py:188} INFO - CSV dosyasında veri bulunmuyor. 10 dakika sonra tekrar kontrol edilecek.
[2024-02-13T12:14:07.174+0000] {logging_mixin.py:188} INFO - CSV dosyasında veri bulunmuyor. 10 dakika sonra tekrar kontrol edilecek.
[2024-02-13T12:14:07.177+0000] {logging_mixin.py:188} INFO - CSV dosyasında veri bulunmuyor. 10 dakika sonra tekrar kontrol edilecek.
[2024-02-13T12:14:07.178+0000] {logging_mixin.py:188} INFO - CSV dosyasında veri bulunmuyor. 10 dakika sonra tekrar kontrol edilecek.
[2024-02-13T12:14:07.180+0000] {logging_mixin.py:188} INFO - CSV dosyasında veri bulunmuyor. 10 dakika sonra tekrar kontrol edilecek.
[2024-02-13T12:14:07.182+0000] {logging_mixin.py:188} INFO - CSV dosyasında veri bulunmuyor. 10 dakika sonra tekrar kontrol edilecek.
[2024-02-13T12:14:07.183+0000] {logging_mixin.py:188} INFO - CSV dosyasında veri bulunmuyor. 10 dakika sonra tekrar kontrol edilecek.
[2024-02-13T12:14:07.184+0000] {logging_mixin.py:188} INFO - CSV dosyasında veri bulunmuyor. 10 dakika sonra tekrar kontrol edilecek.
[2024-02-13T12:14:08.269+0000] {logging_mixin.py:188} INFO - İstek başarılı.
[2024-02-13T12:14:09.968+0000] {logging_mixin.py:188} INFO - İstek başarılı.
[2024-02-13T12:14:10.830+0000] {logging_mixin.py:188} INFO - İstek başarılı.
[2024-02-13T12:14:11.473+0000] {logging_mixin.py:188} INFO - İstek başarılı.
[2024-02-13T12:14:12.105+0000] {logging_mixin.py:188} INFO - İstek başarılı.
[2024-02-13T12:14:12.717+0000] {logging_mixin.py:188} INFO - İstek başarılı.
[2024-02-13T12:14:13.543+0000] {logging_mixin.py:188} INFO - İstek başarılı.
[2024-02-13T12:14:14.295+0000] {logging_mixin.py:188} INFO - İstek başarılı.
[2024-02-13T12:14:14.961+0000] {logging_mixin.py:188} INFO - İstek başarılı.
[2024-02-13T12:14:15.610+0000] {logging_mixin.py:188} INFO - İstek başarılı.
[2024-02-13T12:14:16.228+0000] {logging_mixin.py:188} INFO - İstek başarılı.
[2024-02-13T12:14:16.988+0000] {logging_mixin.py:188} INFO - İstek başarılı.
[2024-02-13T12:14:17.903+0000] {logging_mixin.py:188} INFO - İstek başarılı.
[2024-02-13T12:14:18.785+0000] {logging_mixin.py:188} INFO - İstek başarılı.
[2024-02-13T12:14:19.391+0000] {logging_mixin.py:188} INFO - İstek başarılı.
[2024-02-13T12:14:19.967+0000] {logging_mixin.py:188} INFO - İstek başarılı.
[2024-02-13T12:14:20.596+0000] {logging_mixin.py:188} INFO - İstek başarılı.
[2024-02-13T12:14:21.175+0000] {logging_mixin.py:188} INFO - İstek başarılı.
[2024-02-13T12:14:21.701+0000] {logging_mixin.py:188} INFO - İstek başarılı.
[2024-02-13T12:14:22.310+0000] {logging_mixin.py:188} INFO - İstek başarılı.
[2024-02-13T12:14:23.119+0000] {logging_mixin.py:188} INFO - İstek başarılı.
[2024-02-13T12:14:23.772+0000] {logging_mixin.py:188} INFO - İstek başarısız. HTTP yanıt kodu: 429
[2024-02-13T12:14:23.774+0000] {logging_mixin.py:188} INFO - {"detail":"Request was throttled. Expected available in 29 seconds."}
[2024-02-13T12:14:24.278+0000] {logging_mixin.py:188} INFO - İstek başarılı.
[2024-02-13T12:14:24.867+0000] {logging_mixin.py:188} INFO - İstek başarılı.
[2024-02-13T12:14:25.790+0000] {logging_mixin.py:188} INFO - İstek başarılı.
[2024-02-13T12:14:26.321+0000] {logging_mixin.py:188} INFO - İstek başarılı.
[2024-02-13T12:14:26.890+0000] {logging_mixin.py:188} INFO - İstek başarılı.
[2024-02-13T12:14:27.551+0000] {logging_mixin.py:188} INFO - İstek başarılı.
[2024-02-13T12:14:28.118+0000] {logging_mixin.py:188} INFO - İstek başarılı.
[2024-02-13T12:14:28.122+0000] {logging_mixin.py:188} INFO - CSV dosyasında veri bulunmuyor. 10 dakika sonra tekrar kontrol edilecek.
[2024-02-13T12:14:28.122+0000] {logging_mixin.py:188} INFO - CSV dosyasında veri bulunmuyor. 10 dakika sonra tekrar kontrol edilecek.
[2024-02-13T12:14:28.793+0000] {logging_mixin.py:188} INFO - İstek başarılı.
[2024-02-13T12:14:29.481+0000] {logging_mixin.py:188} INFO - İstek başarılı.
[2024-02-13T12:14:31.100+0000] {logging_mixin.py:188} INFO - İstek başarılı.
[2024-02-13T12:14:31.693+0000] {logging_mixin.py:188} INFO - İstek başarılı.
[2024-02-13T12:14:32.229+0000] {logging_mixin.py:188} INFO - İstek başarılı.
[2024-02-13T12:14:32.694+0000] {logging_mixin.py:188} INFO - İstek başarılı.
[2024-02-13T12:14:32.775+0000] {local_task_job_runner.py:302} WARNING - State of this instance has been externally set to None. Terminating instance.
[2024-02-13T12:14:32.778+0000] {process_utils.py:131} INFO - Sending 15 to group 124. PIDs of all processes in the group: [124]
[2024-02-13T12:14:32.778+0000] {process_utils.py:86} INFO - Sending the signal 15 to group 124
[2024-02-13T12:14:32.779+0000] {taskinstance.py:2450} ERROR - Received SIGTERM. Terminating subprocesses.
[2024-02-13T12:14:32.788+0000] {taskinstance.py:2698} ERROR - Task failed with exception
Traceback (most recent call last):
  File "/home/airflow/.local/lib/python3.8/site-packages/airflow/models/taskinstance.py", line 433, in _execute_task
    result = execute_callable(context=context, **execute_callable_kwargs)
  File "/home/airflow/.local/lib/python3.8/site-packages/airflow/operators/python.py", line 199, in execute
    return_value = self.execute_callable()
  File "/home/airflow/.local/lib/python3.8/site-packages/airflow/operators/python.py", line 216, in execute_callable
    return self.python_callable(*self.op_args, **self.op_kwargs)
  File "/opt/airflow/dags/consumer_dag.py", line 57, in main
    add_row_to_baserow(record, token)
  File "/opt/airflow/dags/consumer_dag.py", line 16, in add_row_to_baserow
    response = requests.post(
  File "/home/airflow/.local/lib/python3.8/site-packages/requests/api.py", line 115, in post
    return request("post", url, data=data, json=json, **kwargs)
  File "/home/airflow/.local/lib/python3.8/site-packages/requests/api.py", line 59, in request
    return session.request(method=method, url=url, **kwargs)
  File "/home/airflow/.local/lib/python3.8/site-packages/requests/sessions.py", line 589, in request
    resp = self.send(prep, **send_kwargs)
  File "/home/airflow/.local/lib/python3.8/site-packages/requests/sessions.py", line 703, in send
    r = adapter.send(request, **kwargs)
  File "/home/airflow/.local/lib/python3.8/site-packages/requests/adapters.py", line 486, in send
    resp = conn.urlopen(
  File "/home/airflow/.local/lib/python3.8/site-packages/urllib3/connectionpool.py", line 715, in urlopen
    httplib_response = self._make_request(
  File "/home/airflow/.local/lib/python3.8/site-packages/urllib3/connectionpool.py", line 404, in _make_request
    self._validate_conn(conn)
  File "/home/airflow/.local/lib/python3.8/site-packages/urllib3/connectionpool.py", line 1058, in _validate_conn
    conn.connect()
  File "/home/airflow/.local/lib/python3.8/site-packages/urllib3/connection.py", line 363, in connect
    self.sock = conn = self._new_conn()
  File "/home/airflow/.local/lib/python3.8/site-packages/urllib3/connection.py", line 174, in _new_conn
    conn = connection.create_connection(
  File "/home/airflow/.local/lib/python3.8/site-packages/urllib3/util/connection.py", line 85, in create_connection
    sock.connect(sa)
  File "/home/airflow/.local/lib/python3.8/site-packages/airflow/models/taskinstance.py", line 2452, in signal_handler
    raise AirflowException("Task received SIGTERM signal")
airflow.exceptions.AirflowException: Task received SIGTERM signal
[2024-02-13T12:14:32.793+0000] {taskinstance.py:1138} INFO - Marking task as FAILED. dag_id=baserowdata, task_id=consumer_task, execution_date=20240212T022000, start_date=20240213T121234, end_date=20240213T121432
[2024-02-13T12:14:32.813+0000] {standard_task_runner.py:107} ERROR - Failed to execute job 24 for task consumer_task ((psycopg2.errors.ForeignKeyViolation) insert or update on table "task_fail" violates foreign key constraint "task_fail_ti_fkey"
DETAIL:  Key (dag_id, task_id, run_id, map_index)=(baserowdata, consumer_task, scheduled__2024-02-12T02:20:00+00:00, -1) is not present in table "task_instance".

[SQL: INSERT INTO task_fail (task_id, dag_id, run_id, map_index, start_date, end_date, duration) VALUES (%(task_id)s, %(dag_id)s, %(run_id)s, %(map_index)s, %(start_date)s, %(end_date)s, %(duration)s) RETURNING task_fail.id]
[parameters: {'task_id': 'consumer_task', 'dag_id': 'baserowdata', 'run_id': 'scheduled__2024-02-12T02:20:00+00:00', 'map_index': -1, 'start_date': datetime.datetime(2024, 2, 13, 12, 12, 34, 260475, tzinfo=Timezone('UTC')), 'end_date': datetime.datetime(2024, 2, 13, 12, 14, 32, 793043, tzinfo=Timezone('UTC')), 'duration': 118}]
(Background on this error at: https://sqlalche.me/e/14/gkpj); 124)
[2024-02-13T12:14:32.871+0000] {process_utils.py:79} INFO - Process psutil.Process(pid=124, status='terminated', exitcode=1, started='12:12:34') (124) terminated with exit code 1
