[2024-02-13T12:10:57.748+0000] {processor.py:161} INFO - Started process (PID=78) to work on /home/airflow/.local/lib/python3.8/site-packages/airflow/example_dags/example_latest_only.py
[2024-02-13T12:10:57.749+0000] {processor.py:830} INFO - Processing file /home/airflow/.local/lib/python3.8/site-packages/airflow/example_dags/example_latest_only.py for tasks to queue
[2024-02-13T12:10:57.750+0000] {logging_mixin.py:188} INFO - [2024-02-13T12:10:57.749+0000] {dagbag.py:538} INFO - Filling up the DagBag from /home/airflow/.local/lib/python3.8/site-packages/airflow/example_dags/example_latest_only.py
[2024-02-13T12:10:57.758+0000] {processor.py:840} INFO - DAG(s) 'latest_only' retrieved from /home/airflow/.local/lib/python3.8/site-packages/airflow/example_dags/example_latest_only.py
[2024-02-13T12:10:57.958+0000] {logging_mixin.py:188} INFO - [2024-02-13T12:10:57.957+0000] {dag.py:3036} INFO - Sync 1 DAGs
[2024-02-13T12:10:58.010+0000] {logging_mixin.py:188} INFO - [2024-02-13T12:10:58.009+0000] {dag.py:3823} INFO - Setting next_dagrun for latest_only to 2024-02-13 08:00:00+00:00, run_after=2024-02-13 12:00:00+00:00
[2024-02-13T12:10:58.049+0000] {processor.py:183} INFO - Processing /home/airflow/.local/lib/python3.8/site-packages/airflow/example_dags/example_latest_only.py took 0.305 seconds
[2024-02-13T12:11:28.415+0000] {processor.py:161} INFO - Started process (PID=134) to work on /home/airflow/.local/lib/python3.8/site-packages/airflow/example_dags/example_latest_only.py
[2024-02-13T12:11:28.420+0000] {processor.py:830} INFO - Processing file /home/airflow/.local/lib/python3.8/site-packages/airflow/example_dags/example_latest_only.py for tasks to queue
[2024-02-13T12:11:28.422+0000] {logging_mixin.py:188} INFO - [2024-02-13T12:11:28.421+0000] {dagbag.py:538} INFO - Filling up the DagBag from /home/airflow/.local/lib/python3.8/site-packages/airflow/example_dags/example_latest_only.py
[2024-02-13T12:11:28.434+0000] {processor.py:840} INFO - DAG(s) 'latest_only' retrieved from /home/airflow/.local/lib/python3.8/site-packages/airflow/example_dags/example_latest_only.py
[2024-02-13T12:11:28.477+0000] {logging_mixin.py:188} INFO - [2024-02-13T12:11:28.476+0000] {dag.py:3036} INFO - Sync 1 DAGs
[2024-02-13T12:11:28.534+0000] {logging_mixin.py:188} INFO - [2024-02-13T12:11:28.532+0000] {dag.py:3823} INFO - Setting next_dagrun for latest_only to 2024-02-13 08:00:00+00:00, run_after=2024-02-13 12:00:00+00:00
[2024-02-13T12:11:28.589+0000] {processor.py:183} INFO - Processing /home/airflow/.local/lib/python3.8/site-packages/airflow/example_dags/example_latest_only.py took 0.179 seconds
[2024-02-13T12:11:59.331+0000] {processor.py:161} INFO - Started process (PID=190) to work on /home/airflow/.local/lib/python3.8/site-packages/airflow/example_dags/example_latest_only.py
[2024-02-13T12:11:59.334+0000] {processor.py:830} INFO - Processing file /home/airflow/.local/lib/python3.8/site-packages/airflow/example_dags/example_latest_only.py for tasks to queue
[2024-02-13T12:11:59.336+0000] {logging_mixin.py:188} INFO - [2024-02-13T12:11:59.334+0000] {dagbag.py:538} INFO - Filling up the DagBag from /home/airflow/.local/lib/python3.8/site-packages/airflow/example_dags/example_latest_only.py
[2024-02-13T12:11:59.343+0000] {processor.py:840} INFO - DAG(s) 'latest_only' retrieved from /home/airflow/.local/lib/python3.8/site-packages/airflow/example_dags/example_latest_only.py
[2024-02-13T12:11:59.385+0000] {logging_mixin.py:188} INFO - [2024-02-13T12:11:59.385+0000] {dag.py:3036} INFO - Sync 1 DAGs
[2024-02-13T12:11:59.439+0000] {logging_mixin.py:188} INFO - [2024-02-13T12:11:59.438+0000] {dag.py:3823} INFO - Setting next_dagrun for latest_only to 2024-02-13 08:00:00+00:00, run_after=2024-02-13 12:00:00+00:00
[2024-02-13T12:11:59.486+0000] {processor.py:183} INFO - Processing /home/airflow/.local/lib/python3.8/site-packages/airflow/example_dags/example_latest_only.py took 0.158 seconds
[2024-02-13T12:12:34.234+0000] {processor.py:161} INFO - Started process (PID=253) to work on /home/airflow/.local/lib/python3.8/site-packages/airflow/example_dags/example_latest_only.py
[2024-02-13T12:12:34.240+0000] {processor.py:830} INFO - Processing file /home/airflow/.local/lib/python3.8/site-packages/airflow/example_dags/example_latest_only.py for tasks to queue
[2024-02-13T12:12:34.242+0000] {logging_mixin.py:188} INFO - [2024-02-13T12:12:34.241+0000] {dagbag.py:538} INFO - Filling up the DagBag from /home/airflow/.local/lib/python3.8/site-packages/airflow/example_dags/example_latest_only.py
[2024-02-13T12:12:34.261+0000] {processor.py:840} INFO - DAG(s) 'latest_only' retrieved from /home/airflow/.local/lib/python3.8/site-packages/airflow/example_dags/example_latest_only.py
[2024-02-13T12:12:34.324+0000] {logging_mixin.py:188} INFO - [2024-02-13T12:12:34.324+0000] {dag.py:3036} INFO - Sync 1 DAGs
[2024-02-13T12:12:34.373+0000] {logging_mixin.py:188} INFO - [2024-02-13T12:12:34.372+0000] {dag.py:3823} INFO - Setting next_dagrun for latest_only to 2024-02-13 08:00:00+00:00, run_after=2024-02-13 12:00:00+00:00
[2024-02-13T12:12:34.453+0000] {processor.py:183} INFO - Processing /home/airflow/.local/lib/python3.8/site-packages/airflow/example_dags/example_latest_only.py took 0.228 seconds
[2024-02-13T12:13:05.927+0000] {processor.py:161} INFO - Started process (PID=308) to work on /home/airflow/.local/lib/python3.8/site-packages/airflow/example_dags/example_latest_only.py
[2024-02-13T12:13:05.929+0000] {processor.py:830} INFO - Processing file /home/airflow/.local/lib/python3.8/site-packages/airflow/example_dags/example_latest_only.py for tasks to queue
[2024-02-13T12:13:05.936+0000] {logging_mixin.py:188} INFO - [2024-02-13T12:13:05.931+0000] {dagbag.py:538} INFO - Filling up the DagBag from /home/airflow/.local/lib/python3.8/site-packages/airflow/example_dags/example_latest_only.py
[2024-02-13T12:13:05.970+0000] {processor.py:840} INFO - DAG(s) 'latest_only' retrieved from /home/airflow/.local/lib/python3.8/site-packages/airflow/example_dags/example_latest_only.py
[2024-02-13T12:13:06.078+0000] {logging_mixin.py:188} INFO - [2024-02-13T12:13:06.078+0000] {dag.py:3036} INFO - Sync 1 DAGs
[2024-02-13T12:13:06.150+0000] {logging_mixin.py:188} INFO - [2024-02-13T12:13:06.150+0000] {dag.py:3823} INFO - Setting next_dagrun for latest_only to 2024-02-13 08:00:00+00:00, run_after=2024-02-13 12:00:00+00:00
[2024-02-13T12:13:06.211+0000] {processor.py:183} INFO - Processing /home/airflow/.local/lib/python3.8/site-packages/airflow/example_dags/example_latest_only.py took 0.307 seconds
[2024-02-13T12:13:39.258+0000] {processor.py:161} INFO - Started process (PID=363) to work on /home/airflow/.local/lib/python3.8/site-packages/airflow/example_dags/example_latest_only.py
[2024-02-13T12:13:39.265+0000] {processor.py:830} INFO - Processing file /home/airflow/.local/lib/python3.8/site-packages/airflow/example_dags/example_latest_only.py for tasks to queue
[2024-02-13T12:13:39.270+0000] {logging_mixin.py:188} INFO - [2024-02-13T12:13:39.268+0000] {dagbag.py:538} INFO - Filling up the DagBag from /home/airflow/.local/lib/python3.8/site-packages/airflow/example_dags/example_latest_only.py
[2024-02-13T12:13:39.309+0000] {processor.py:840} INFO - DAG(s) 'latest_only' retrieved from /home/airflow/.local/lib/python3.8/site-packages/airflow/example_dags/example_latest_only.py
[2024-02-13T12:13:39.385+0000] {logging_mixin.py:188} INFO - [2024-02-13T12:13:39.383+0000] {dag.py:3036} INFO - Sync 1 DAGs
[2024-02-13T12:13:39.433+0000] {logging_mixin.py:188} INFO - [2024-02-13T12:13:39.432+0000] {dag.py:3823} INFO - Setting next_dagrun for latest_only to 2024-02-13 08:00:00+00:00, run_after=2024-02-13 12:00:00+00:00
[2024-02-13T12:13:39.473+0000] {processor.py:183} INFO - Processing /home/airflow/.local/lib/python3.8/site-packages/airflow/example_dags/example_latest_only.py took 0.237 seconds
[2024-02-13T12:14:11.231+0000] {processor.py:161} INFO - Started process (PID=420) to work on /home/airflow/.local/lib/python3.8/site-packages/airflow/example_dags/example_latest_only.py
[2024-02-13T12:14:11.232+0000] {processor.py:830} INFO - Processing file /home/airflow/.local/lib/python3.8/site-packages/airflow/example_dags/example_latest_only.py for tasks to queue
[2024-02-13T12:14:11.233+0000] {logging_mixin.py:188} INFO - [2024-02-13T12:14:11.233+0000] {dagbag.py:538} INFO - Filling up the DagBag from /home/airflow/.local/lib/python3.8/site-packages/airflow/example_dags/example_latest_only.py
[2024-02-13T12:14:11.240+0000] {processor.py:840} INFO - DAG(s) 'latest_only' retrieved from /home/airflow/.local/lib/python3.8/site-packages/airflow/example_dags/example_latest_only.py
[2024-02-13T12:14:11.274+0000] {logging_mixin.py:188} INFO - [2024-02-13T12:14:11.273+0000] {dag.py:3036} INFO - Sync 1 DAGs
[2024-02-13T12:14:11.326+0000] {logging_mixin.py:188} INFO - [2024-02-13T12:14:11.326+0000] {dag.py:3823} INFO - Setting next_dagrun for latest_only to 2024-02-13 08:00:00+00:00, run_after=2024-02-13 12:00:00+00:00
[2024-02-13T12:14:11.353+0000] {processor.py:183} INFO - Processing /home/airflow/.local/lib/python3.8/site-packages/airflow/example_dags/example_latest_only.py took 0.126 seconds
[2024-02-13T12:14:42.669+0000] {processor.py:161} INFO - Started process (PID=475) to work on /home/airflow/.local/lib/python3.8/site-packages/airflow/example_dags/example_latest_only.py
[2024-02-13T12:14:42.670+0000] {processor.py:830} INFO - Processing file /home/airflow/.local/lib/python3.8/site-packages/airflow/example_dags/example_latest_only.py for tasks to queue
[2024-02-13T12:14:42.673+0000] {logging_mixin.py:188} INFO - [2024-02-13T12:14:42.673+0000] {dagbag.py:538} INFO - Filling up the DagBag from /home/airflow/.local/lib/python3.8/site-packages/airflow/example_dags/example_latest_only.py
[2024-02-13T12:14:42.683+0000] {processor.py:840} INFO - DAG(s) 'latest_only' retrieved from /home/airflow/.local/lib/python3.8/site-packages/airflow/example_dags/example_latest_only.py
[2024-02-13T12:14:42.725+0000] {logging_mixin.py:188} INFO - [2024-02-13T12:14:42.725+0000] {dag.py:3036} INFO - Sync 1 DAGs
[2024-02-13T12:14:42.770+0000] {logging_mixin.py:188} INFO - [2024-02-13T12:14:42.769+0000] {dag.py:3823} INFO - Setting next_dagrun for latest_only to 2024-02-13 08:00:00+00:00, run_after=2024-02-13 12:00:00+00:00
[2024-02-13T12:14:42.810+0000] {processor.py:183} INFO - Processing /home/airflow/.local/lib/python3.8/site-packages/airflow/example_dags/example_latest_only.py took 0.150 seconds
[2024-02-13T12:15:13.604+0000] {processor.py:161} INFO - Started process (PID=531) to work on /home/airflow/.local/lib/python3.8/site-packages/airflow/example_dags/example_latest_only.py
[2024-02-13T12:15:13.607+0000] {processor.py:830} INFO - Processing file /home/airflow/.local/lib/python3.8/site-packages/airflow/example_dags/example_latest_only.py for tasks to queue
[2024-02-13T12:15:13.609+0000] {logging_mixin.py:188} INFO - [2024-02-13T12:15:13.608+0000] {dagbag.py:538} INFO - Filling up the DagBag from /home/airflow/.local/lib/python3.8/site-packages/airflow/example_dags/example_latest_only.py
[2024-02-13T12:15:13.618+0000] {processor.py:840} INFO - DAG(s) 'latest_only' retrieved from /home/airflow/.local/lib/python3.8/site-packages/airflow/example_dags/example_latest_only.py
[2024-02-13T12:15:13.659+0000] {logging_mixin.py:188} INFO - [2024-02-13T12:15:13.658+0000] {dag.py:3036} INFO - Sync 1 DAGs
[2024-02-13T12:15:13.720+0000] {logging_mixin.py:188} INFO - [2024-02-13T12:15:13.720+0000] {dag.py:3823} INFO - Setting next_dagrun for latest_only to 2024-02-13 08:00:00+00:00, run_after=2024-02-13 12:00:00+00:00
[2024-02-13T12:15:13.754+0000] {processor.py:183} INFO - Processing /home/airflow/.local/lib/python3.8/site-packages/airflow/example_dags/example_latest_only.py took 0.169 seconds
[2024-02-13T12:15:44.462+0000] {processor.py:161} INFO - Started process (PID=586) to work on /home/airflow/.local/lib/python3.8/site-packages/airflow/example_dags/example_latest_only.py
[2024-02-13T12:15:44.463+0000] {processor.py:830} INFO - Processing file /home/airflow/.local/lib/python3.8/site-packages/airflow/example_dags/example_latest_only.py for tasks to queue
[2024-02-13T12:15:44.464+0000] {logging_mixin.py:188} INFO - [2024-02-13T12:15:44.463+0000] {dagbag.py:538} INFO - Filling up the DagBag from /home/airflow/.local/lib/python3.8/site-packages/airflow/example_dags/example_latest_only.py
[2024-02-13T12:15:44.468+0000] {processor.py:840} INFO - DAG(s) 'latest_only' retrieved from /home/airflow/.local/lib/python3.8/site-packages/airflow/example_dags/example_latest_only.py
[2024-02-13T12:15:44.486+0000] {logging_mixin.py:188} INFO - [2024-02-13T12:15:44.486+0000] {dag.py:3036} INFO - Sync 1 DAGs
[2024-02-13T12:15:44.508+0000] {logging_mixin.py:188} INFO - [2024-02-13T12:15:44.508+0000] {dag.py:3823} INFO - Setting next_dagrun for latest_only to 2024-02-13 08:00:00+00:00, run_after=2024-02-13 12:00:00+00:00
[2024-02-13T12:15:44.528+0000] {processor.py:183} INFO - Processing /home/airflow/.local/lib/python3.8/site-packages/airflow/example_dags/example_latest_only.py took 0.068 seconds
[2024-02-13T12:16:14.972+0000] {processor.py:161} INFO - Started process (PID=641) to work on /home/airflow/.local/lib/python3.8/site-packages/airflow/example_dags/example_latest_only.py
[2024-02-13T12:16:14.973+0000] {processor.py:830} INFO - Processing file /home/airflow/.local/lib/python3.8/site-packages/airflow/example_dags/example_latest_only.py for tasks to queue
[2024-02-13T12:16:14.974+0000] {logging_mixin.py:188} INFO - [2024-02-13T12:16:14.974+0000] {dagbag.py:538} INFO - Filling up the DagBag from /home/airflow/.local/lib/python3.8/site-packages/airflow/example_dags/example_latest_only.py
[2024-02-13T12:16:14.978+0000] {processor.py:840} INFO - DAG(s) 'latest_only' retrieved from /home/airflow/.local/lib/python3.8/site-packages/airflow/example_dags/example_latest_only.py
[2024-02-13T12:16:15.000+0000] {logging_mixin.py:188} INFO - [2024-02-13T12:16:15.000+0000] {dag.py:3036} INFO - Sync 1 DAGs
[2024-02-13T12:16:15.023+0000] {logging_mixin.py:188} INFO - [2024-02-13T12:16:15.022+0000] {dag.py:3823} INFO - Setting next_dagrun for latest_only to 2024-02-13 08:00:00+00:00, run_after=2024-02-13 12:00:00+00:00
[2024-02-13T12:16:15.042+0000] {processor.py:183} INFO - Processing /home/airflow/.local/lib/python3.8/site-packages/airflow/example_dags/example_latest_only.py took 0.072 seconds
[2024-02-13T12:16:45.946+0000] {processor.py:161} INFO - Started process (PID=698) to work on /home/airflow/.local/lib/python3.8/site-packages/airflow/example_dags/example_latest_only.py
[2024-02-13T12:16:45.947+0000] {processor.py:830} INFO - Processing file /home/airflow/.local/lib/python3.8/site-packages/airflow/example_dags/example_latest_only.py for tasks to queue
[2024-02-13T12:16:45.948+0000] {logging_mixin.py:188} INFO - [2024-02-13T12:16:45.948+0000] {dagbag.py:538} INFO - Filling up the DagBag from /home/airflow/.local/lib/python3.8/site-packages/airflow/example_dags/example_latest_only.py
[2024-02-13T12:16:45.954+0000] {processor.py:840} INFO - DAG(s) 'latest_only' retrieved from /home/airflow/.local/lib/python3.8/site-packages/airflow/example_dags/example_latest_only.py
[2024-02-13T12:16:45.980+0000] {logging_mixin.py:188} INFO - [2024-02-13T12:16:45.979+0000] {dag.py:3036} INFO - Sync 1 DAGs
[2024-02-13T12:16:46.006+0000] {logging_mixin.py:188} INFO - [2024-02-13T12:16:46.006+0000] {dag.py:3823} INFO - Setting next_dagrun for latest_only to 2024-02-13 08:00:00+00:00, run_after=2024-02-13 12:00:00+00:00
[2024-02-13T12:16:46.023+0000] {processor.py:183} INFO - Processing /home/airflow/.local/lib/python3.8/site-packages/airflow/example_dags/example_latest_only.py took 0.081 seconds
[2024-02-13T12:17:17.274+0000] {processor.py:161} INFO - Started process (PID=758) to work on /home/airflow/.local/lib/python3.8/site-packages/airflow/example_dags/example_latest_only.py
[2024-02-13T12:17:17.276+0000] {processor.py:830} INFO - Processing file /home/airflow/.local/lib/python3.8/site-packages/airflow/example_dags/example_latest_only.py for tasks to queue
[2024-02-13T12:17:17.278+0000] {logging_mixin.py:188} INFO - [2024-02-13T12:17:17.278+0000] {dagbag.py:538} INFO - Filling up the DagBag from /home/airflow/.local/lib/python3.8/site-packages/airflow/example_dags/example_latest_only.py
[2024-02-13T12:17:17.297+0000] {processor.py:840} INFO - DAG(s) 'latest_only' retrieved from /home/airflow/.local/lib/python3.8/site-packages/airflow/example_dags/example_latest_only.py
[2024-02-13T12:17:17.372+0000] {logging_mixin.py:188} INFO - [2024-02-13T12:17:17.371+0000] {dag.py:3036} INFO - Sync 1 DAGs
[2024-02-13T12:17:17.457+0000] {logging_mixin.py:188} INFO - [2024-02-13T12:17:17.457+0000] {dag.py:3823} INFO - Setting next_dagrun for latest_only to 2024-02-13 08:00:00+00:00, run_after=2024-02-13 12:00:00+00:00
[2024-02-13T12:17:17.541+0000] {processor.py:183} INFO - Processing /home/airflow/.local/lib/python3.8/site-packages/airflow/example_dags/example_latest_only.py took 0.278 seconds
[2024-02-13T12:17:48.923+0000] {processor.py:161} INFO - Started process (PID=818) to work on /home/airflow/.local/lib/python3.8/site-packages/airflow/example_dags/example_latest_only.py
[2024-02-13T12:17:48.954+0000] {processor.py:830} INFO - Processing file /home/airflow/.local/lib/python3.8/site-packages/airflow/example_dags/example_latest_only.py for tasks to queue
[2024-02-13T12:17:48.955+0000] {logging_mixin.py:188} INFO - [2024-02-13T12:17:48.955+0000] {dagbag.py:538} INFO - Filling up the DagBag from /home/airflow/.local/lib/python3.8/site-packages/airflow/example_dags/example_latest_only.py
[2024-02-13T12:17:48.964+0000] {processor.py:840} INFO - DAG(s) 'latest_only' retrieved from /home/airflow/.local/lib/python3.8/site-packages/airflow/example_dags/example_latest_only.py
[2024-02-13T12:17:49.002+0000] {logging_mixin.py:188} INFO - [2024-02-13T12:17:49.001+0000] {dag.py:3036} INFO - Sync 1 DAGs
[2024-02-13T12:17:49.046+0000] {logging_mixin.py:188} INFO - [2024-02-13T12:17:49.046+0000] {dag.py:3823} INFO - Setting next_dagrun for latest_only to 2024-02-13 08:00:00+00:00, run_after=2024-02-13 12:00:00+00:00
[2024-02-13T12:17:49.072+0000] {processor.py:183} INFO - Processing /home/airflow/.local/lib/python3.8/site-packages/airflow/example_dags/example_latest_only.py took 0.153 seconds
[2024-02-13T12:18:19.195+0000] {processor.py:161} INFO - Started process (PID=874) to work on /home/airflow/.local/lib/python3.8/site-packages/airflow/example_dags/example_latest_only.py
[2024-02-13T12:18:19.197+0000] {processor.py:830} INFO - Processing file /home/airflow/.local/lib/python3.8/site-packages/airflow/example_dags/example_latest_only.py for tasks to queue
[2024-02-13T12:18:19.199+0000] {logging_mixin.py:188} INFO - [2024-02-13T12:18:19.198+0000] {dagbag.py:538} INFO - Filling up the DagBag from /home/airflow/.local/lib/python3.8/site-packages/airflow/example_dags/example_latest_only.py
[2024-02-13T12:18:19.215+0000] {processor.py:840} INFO - DAG(s) 'latest_only' retrieved from /home/airflow/.local/lib/python3.8/site-packages/airflow/example_dags/example_latest_only.py
[2024-02-13T12:18:19.267+0000] {logging_mixin.py:188} INFO - [2024-02-13T12:18:19.267+0000] {dag.py:3036} INFO - Sync 1 DAGs
[2024-02-13T12:18:19.347+0000] {logging_mixin.py:188} INFO - [2024-02-13T12:18:19.346+0000] {dag.py:3823} INFO - Setting next_dagrun for latest_only to 2024-02-13 08:00:00+00:00, run_after=2024-02-13 12:00:00+00:00
[2024-02-13T12:18:19.406+0000] {processor.py:183} INFO - Processing /home/airflow/.local/lib/python3.8/site-packages/airflow/example_dags/example_latest_only.py took 0.222 seconds
[2024-02-13T12:18:50.108+0000] {processor.py:161} INFO - Started process (PID=931) to work on /home/airflow/.local/lib/python3.8/site-packages/airflow/example_dags/example_latest_only.py
[2024-02-13T12:18:50.111+0000] {processor.py:830} INFO - Processing file /home/airflow/.local/lib/python3.8/site-packages/airflow/example_dags/example_latest_only.py for tasks to queue
[2024-02-13T12:18:50.115+0000] {logging_mixin.py:188} INFO - [2024-02-13T12:18:50.114+0000] {dagbag.py:538} INFO - Filling up the DagBag from /home/airflow/.local/lib/python3.8/site-packages/airflow/example_dags/example_latest_only.py
[2024-02-13T12:18:50.134+0000] {processor.py:840} INFO - DAG(s) 'latest_only' retrieved from /home/airflow/.local/lib/python3.8/site-packages/airflow/example_dags/example_latest_only.py
[2024-02-13T12:18:50.243+0000] {logging_mixin.py:188} INFO - [2024-02-13T12:18:50.242+0000] {dag.py:3036} INFO - Sync 1 DAGs
[2024-02-13T12:18:50.409+0000] {logging_mixin.py:188} INFO - [2024-02-13T12:18:50.408+0000] {dag.py:3823} INFO - Setting next_dagrun for latest_only to 2024-02-13 08:00:00+00:00, run_after=2024-02-13 12:00:00+00:00
[2024-02-13T12:18:50.542+0000] {processor.py:183} INFO - Processing /home/airflow/.local/lib/python3.8/site-packages/airflow/example_dags/example_latest_only.py took 0.448 seconds
[2024-02-13T12:19:20.870+0000] {processor.py:161} INFO - Started process (PID=987) to work on /home/airflow/.local/lib/python3.8/site-packages/airflow/example_dags/example_latest_only.py
[2024-02-13T12:19:20.872+0000] {processor.py:830} INFO - Processing file /home/airflow/.local/lib/python3.8/site-packages/airflow/example_dags/example_latest_only.py for tasks to queue
[2024-02-13T12:19:20.874+0000] {logging_mixin.py:188} INFO - [2024-02-13T12:19:20.873+0000] {dagbag.py:538} INFO - Filling up the DagBag from /home/airflow/.local/lib/python3.8/site-packages/airflow/example_dags/example_latest_only.py
[2024-02-13T12:19:20.897+0000] {processor.py:840} INFO - DAG(s) 'latest_only' retrieved from /home/airflow/.local/lib/python3.8/site-packages/airflow/example_dags/example_latest_only.py
[2024-02-13T12:19:20.961+0000] {logging_mixin.py:188} INFO - [2024-02-13T12:19:20.960+0000] {dag.py:3036} INFO - Sync 1 DAGs
[2024-02-13T12:19:21.010+0000] {logging_mixin.py:188} INFO - [2024-02-13T12:19:21.009+0000] {dag.py:3823} INFO - Setting next_dagrun for latest_only to 2024-02-13 08:00:00+00:00, run_after=2024-02-13 12:00:00+00:00
[2024-02-13T12:19:21.070+0000] {processor.py:183} INFO - Processing /home/airflow/.local/lib/python3.8/site-packages/airflow/example_dags/example_latest_only.py took 0.214 seconds
[2024-02-13T12:19:52.201+0000] {processor.py:161} INFO - Started process (PID=1043) to work on /home/airflow/.local/lib/python3.8/site-packages/airflow/example_dags/example_latest_only.py
[2024-02-13T12:19:52.204+0000] {processor.py:830} INFO - Processing file /home/airflow/.local/lib/python3.8/site-packages/airflow/example_dags/example_latest_only.py for tasks to queue
[2024-02-13T12:19:52.208+0000] {logging_mixin.py:188} INFO - [2024-02-13T12:19:52.207+0000] {dagbag.py:538} INFO - Filling up the DagBag from /home/airflow/.local/lib/python3.8/site-packages/airflow/example_dags/example_latest_only.py
[2024-02-13T12:19:52.223+0000] {processor.py:840} INFO - DAG(s) 'latest_only' retrieved from /home/airflow/.local/lib/python3.8/site-packages/airflow/example_dags/example_latest_only.py
[2024-02-13T12:19:52.299+0000] {logging_mixin.py:188} INFO - [2024-02-13T12:19:52.298+0000] {dag.py:3036} INFO - Sync 1 DAGs
[2024-02-13T12:19:52.397+0000] {logging_mixin.py:188} INFO - [2024-02-13T12:19:52.396+0000] {dag.py:3823} INFO - Setting next_dagrun for latest_only to 2024-02-13 08:00:00+00:00, run_after=2024-02-13 12:00:00+00:00
[2024-02-13T12:19:52.518+0000] {processor.py:183} INFO - Processing /home/airflow/.local/lib/python3.8/site-packages/airflow/example_dags/example_latest_only.py took 0.329 seconds
[2024-02-13T12:20:22.811+0000] {processor.py:161} INFO - Started process (PID=1099) to work on /home/airflow/.local/lib/python3.8/site-packages/airflow/example_dags/example_latest_only.py
[2024-02-13T12:20:22.812+0000] {processor.py:830} INFO - Processing file /home/airflow/.local/lib/python3.8/site-packages/airflow/example_dags/example_latest_only.py for tasks to queue
[2024-02-13T12:20:22.814+0000] {logging_mixin.py:188} INFO - [2024-02-13T12:20:22.813+0000] {dagbag.py:538} INFO - Filling up the DagBag from /home/airflow/.local/lib/python3.8/site-packages/airflow/example_dags/example_latest_only.py
[2024-02-13T12:20:22.823+0000] {processor.py:840} INFO - DAG(s) 'latest_only' retrieved from /home/airflow/.local/lib/python3.8/site-packages/airflow/example_dags/example_latest_only.py
[2024-02-13T12:20:22.880+0000] {logging_mixin.py:188} INFO - [2024-02-13T12:20:22.879+0000] {dag.py:3036} INFO - Sync 1 DAGs
[2024-02-13T12:20:22.921+0000] {logging_mixin.py:188} INFO - [2024-02-13T12:20:22.920+0000] {dag.py:3823} INFO - Setting next_dagrun for latest_only to 2024-02-13 08:00:00+00:00, run_after=2024-02-13 12:00:00+00:00
[2024-02-13T12:20:22.964+0000] {processor.py:183} INFO - Processing /home/airflow/.local/lib/python3.8/site-packages/airflow/example_dags/example_latest_only.py took 0.157 seconds
[2024-02-13T12:20:53.425+0000] {processor.py:161} INFO - Started process (PID=1155) to work on /home/airflow/.local/lib/python3.8/site-packages/airflow/example_dags/example_latest_only.py
[2024-02-13T12:20:53.427+0000] {processor.py:830} INFO - Processing file /home/airflow/.local/lib/python3.8/site-packages/airflow/example_dags/example_latest_only.py for tasks to queue
[2024-02-13T12:20:53.428+0000] {logging_mixin.py:188} INFO - [2024-02-13T12:20:53.427+0000] {dagbag.py:538} INFO - Filling up the DagBag from /home/airflow/.local/lib/python3.8/site-packages/airflow/example_dags/example_latest_only.py
[2024-02-13T12:20:53.433+0000] {processor.py:840} INFO - DAG(s) 'latest_only' retrieved from /home/airflow/.local/lib/python3.8/site-packages/airflow/example_dags/example_latest_only.py
[2024-02-13T12:20:53.460+0000] {logging_mixin.py:188} INFO - [2024-02-13T12:20:53.459+0000] {dag.py:3036} INFO - Sync 1 DAGs
[2024-02-13T12:20:53.483+0000] {logging_mixin.py:188} INFO - [2024-02-13T12:20:53.483+0000] {dag.py:3823} INFO - Setting next_dagrun for latest_only to 2024-02-13 08:00:00+00:00, run_after=2024-02-13 12:00:00+00:00
[2024-02-13T12:20:53.502+0000] {processor.py:183} INFO - Processing /home/airflow/.local/lib/python3.8/site-packages/airflow/example_dags/example_latest_only.py took 0.079 seconds
[2024-02-13T12:21:23.659+0000] {processor.py:161} INFO - Started process (PID=1211) to work on /home/airflow/.local/lib/python3.8/site-packages/airflow/example_dags/example_latest_only.py
[2024-02-13T12:21:23.660+0000] {processor.py:830} INFO - Processing file /home/airflow/.local/lib/python3.8/site-packages/airflow/example_dags/example_latest_only.py for tasks to queue
[2024-02-13T12:21:23.661+0000] {logging_mixin.py:188} INFO - [2024-02-13T12:21:23.661+0000] {dagbag.py:538} INFO - Filling up the DagBag from /home/airflow/.local/lib/python3.8/site-packages/airflow/example_dags/example_latest_only.py
[2024-02-13T12:21:23.665+0000] {processor.py:840} INFO - DAG(s) 'latest_only' retrieved from /home/airflow/.local/lib/python3.8/site-packages/airflow/example_dags/example_latest_only.py
[2024-02-13T12:21:23.684+0000] {logging_mixin.py:188} INFO - [2024-02-13T12:21:23.683+0000] {dag.py:3036} INFO - Sync 1 DAGs
[2024-02-13T12:21:23.709+0000] {logging_mixin.py:188} INFO - [2024-02-13T12:21:23.709+0000] {dag.py:3823} INFO - Setting next_dagrun for latest_only to 2024-02-13 08:00:00+00:00, run_after=2024-02-13 12:00:00+00:00
[2024-02-13T12:21:23.727+0000] {processor.py:183} INFO - Processing /home/airflow/.local/lib/python3.8/site-packages/airflow/example_dags/example_latest_only.py took 0.071 seconds
[2024-02-13T12:21:53.869+0000] {processor.py:161} INFO - Started process (PID=1268) to work on /home/airflow/.local/lib/python3.8/site-packages/airflow/example_dags/example_latest_only.py
[2024-02-13T12:21:53.870+0000] {processor.py:830} INFO - Processing file /home/airflow/.local/lib/python3.8/site-packages/airflow/example_dags/example_latest_only.py for tasks to queue
[2024-02-13T12:21:53.870+0000] {logging_mixin.py:188} INFO - [2024-02-13T12:21:53.870+0000] {dagbag.py:538} INFO - Filling up the DagBag from /home/airflow/.local/lib/python3.8/site-packages/airflow/example_dags/example_latest_only.py
[2024-02-13T12:21:53.875+0000] {processor.py:840} INFO - DAG(s) 'latest_only' retrieved from /home/airflow/.local/lib/python3.8/site-packages/airflow/example_dags/example_latest_only.py
[2024-02-13T12:21:53.894+0000] {logging_mixin.py:188} INFO - [2024-02-13T12:21:53.894+0000] {dag.py:3036} INFO - Sync 1 DAGs
[2024-02-13T12:21:53.915+0000] {logging_mixin.py:188} INFO - [2024-02-13T12:21:53.915+0000] {dag.py:3823} INFO - Setting next_dagrun for latest_only to 2024-02-13 08:00:00+00:00, run_after=2024-02-13 12:00:00+00:00
[2024-02-13T12:21:53.934+0000] {processor.py:183} INFO - Processing /home/airflow/.local/lib/python3.8/site-packages/airflow/example_dags/example_latest_only.py took 0.068 seconds
[2024-02-13T12:22:24.259+0000] {processor.py:161} INFO - Started process (PID=1326) to work on /home/airflow/.local/lib/python3.8/site-packages/airflow/example_dags/example_latest_only.py
[2024-02-13T12:22:24.260+0000] {processor.py:830} INFO - Processing file /home/airflow/.local/lib/python3.8/site-packages/airflow/example_dags/example_latest_only.py for tasks to queue
[2024-02-13T12:22:24.261+0000] {logging_mixin.py:188} INFO - [2024-02-13T12:22:24.261+0000] {dagbag.py:538} INFO - Filling up the DagBag from /home/airflow/.local/lib/python3.8/site-packages/airflow/example_dags/example_latest_only.py
[2024-02-13T12:22:24.266+0000] {processor.py:840} INFO - DAG(s) 'latest_only' retrieved from /home/airflow/.local/lib/python3.8/site-packages/airflow/example_dags/example_latest_only.py
[2024-02-13T12:22:24.285+0000] {logging_mixin.py:188} INFO - [2024-02-13T12:22:24.285+0000] {dag.py:3036} INFO - Sync 1 DAGs
[2024-02-13T12:22:24.306+0000] {logging_mixin.py:188} INFO - [2024-02-13T12:22:24.305+0000] {dag.py:3823} INFO - Setting next_dagrun for latest_only to 2024-02-13 08:00:00+00:00, run_after=2024-02-13 12:00:00+00:00
[2024-02-13T12:22:24.323+0000] {processor.py:183} INFO - Processing /home/airflow/.local/lib/python3.8/site-packages/airflow/example_dags/example_latest_only.py took 0.067 seconds
[2024-02-13T12:22:54.822+0000] {processor.py:161} INFO - Started process (PID=1381) to work on /home/airflow/.local/lib/python3.8/site-packages/airflow/example_dags/example_latest_only.py
[2024-02-13T12:22:54.823+0000] {processor.py:830} INFO - Processing file /home/airflow/.local/lib/python3.8/site-packages/airflow/example_dags/example_latest_only.py for tasks to queue
[2024-02-13T12:22:54.824+0000] {logging_mixin.py:188} INFO - [2024-02-13T12:22:54.824+0000] {dagbag.py:538} INFO - Filling up the DagBag from /home/airflow/.local/lib/python3.8/site-packages/airflow/example_dags/example_latest_only.py
[2024-02-13T12:22:54.830+0000] {processor.py:840} INFO - DAG(s) 'latest_only' retrieved from /home/airflow/.local/lib/python3.8/site-packages/airflow/example_dags/example_latest_only.py
[2024-02-13T12:22:54.866+0000] {logging_mixin.py:188} INFO - [2024-02-13T12:22:54.866+0000] {dag.py:3036} INFO - Sync 1 DAGs
[2024-02-13T12:22:54.901+0000] {logging_mixin.py:188} INFO - [2024-02-13T12:22:54.900+0000] {dag.py:3823} INFO - Setting next_dagrun for latest_only to 2024-02-13 08:00:00+00:00, run_after=2024-02-13 12:00:00+00:00
[2024-02-13T12:22:54.926+0000] {processor.py:183} INFO - Processing /home/airflow/.local/lib/python3.8/site-packages/airflow/example_dags/example_latest_only.py took 0.107 seconds
[2024-02-13T12:23:25.885+0000] {processor.py:161} INFO - Started process (PID=1437) to work on /home/airflow/.local/lib/python3.8/site-packages/airflow/example_dags/example_latest_only.py
[2024-02-13T12:23:25.886+0000] {processor.py:830} INFO - Processing file /home/airflow/.local/lib/python3.8/site-packages/airflow/example_dags/example_latest_only.py for tasks to queue
[2024-02-13T12:23:25.887+0000] {logging_mixin.py:188} INFO - [2024-02-13T12:23:25.886+0000] {dagbag.py:538} INFO - Filling up the DagBag from /home/airflow/.local/lib/python3.8/site-packages/airflow/example_dags/example_latest_only.py
[2024-02-13T12:23:25.893+0000] {processor.py:840} INFO - DAG(s) 'latest_only' retrieved from /home/airflow/.local/lib/python3.8/site-packages/airflow/example_dags/example_latest_only.py
[2024-02-13T12:23:25.915+0000] {logging_mixin.py:188} INFO - [2024-02-13T12:23:25.915+0000] {dag.py:3036} INFO - Sync 1 DAGs
[2024-02-13T12:23:25.965+0000] {logging_mixin.py:188} INFO - [2024-02-13T12:23:25.965+0000] {dag.py:3823} INFO - Setting next_dagrun for latest_only to 2024-02-13 08:00:00+00:00, run_after=2024-02-13 12:00:00+00:00
[2024-02-13T12:23:25.996+0000] {processor.py:183} INFO - Processing /home/airflow/.local/lib/python3.8/site-packages/airflow/example_dags/example_latest_only.py took 0.115 seconds
[2024-02-13T12:23:56.194+0000] {processor.py:161} INFO - Started process (PID=1493) to work on /home/airflow/.local/lib/python3.8/site-packages/airflow/example_dags/example_latest_only.py
[2024-02-13T12:23:56.195+0000] {processor.py:830} INFO - Processing file /home/airflow/.local/lib/python3.8/site-packages/airflow/example_dags/example_latest_only.py for tasks to queue
[2024-02-13T12:23:56.195+0000] {logging_mixin.py:188} INFO - [2024-02-13T12:23:56.195+0000] {dagbag.py:538} INFO - Filling up the DagBag from /home/airflow/.local/lib/python3.8/site-packages/airflow/example_dags/example_latest_only.py
[2024-02-13T12:23:56.200+0000] {processor.py:840} INFO - DAG(s) 'latest_only' retrieved from /home/airflow/.local/lib/python3.8/site-packages/airflow/example_dags/example_latest_only.py
[2024-02-13T12:23:56.218+0000] {logging_mixin.py:188} INFO - [2024-02-13T12:23:56.217+0000] {dag.py:3036} INFO - Sync 1 DAGs
[2024-02-13T12:23:56.239+0000] {logging_mixin.py:188} INFO - [2024-02-13T12:23:56.239+0000] {dag.py:3823} INFO - Setting next_dagrun for latest_only to 2024-02-13 08:00:00+00:00, run_after=2024-02-13 12:00:00+00:00
[2024-02-13T12:23:56.257+0000] {processor.py:183} INFO - Processing /home/airflow/.local/lib/python3.8/site-packages/airflow/example_dags/example_latest_only.py took 0.066 seconds
[2024-02-13T12:24:26.603+0000] {processor.py:161} INFO - Started process (PID=1549) to work on /home/airflow/.local/lib/python3.8/site-packages/airflow/example_dags/example_latest_only.py
[2024-02-13T12:24:26.604+0000] {processor.py:830} INFO - Processing file /home/airflow/.local/lib/python3.8/site-packages/airflow/example_dags/example_latest_only.py for tasks to queue
[2024-02-13T12:24:26.606+0000] {logging_mixin.py:188} INFO - [2024-02-13T12:24:26.605+0000] {dagbag.py:538} INFO - Filling up the DagBag from /home/airflow/.local/lib/python3.8/site-packages/airflow/example_dags/example_latest_only.py
[2024-02-13T12:24:26.616+0000] {processor.py:840} INFO - DAG(s) 'latest_only' retrieved from /home/airflow/.local/lib/python3.8/site-packages/airflow/example_dags/example_latest_only.py
[2024-02-13T12:24:26.662+0000] {logging_mixin.py:188} INFO - [2024-02-13T12:24:26.661+0000] {dag.py:3036} INFO - Sync 1 DAGs
[2024-02-13T12:24:26.699+0000] {logging_mixin.py:188} INFO - [2024-02-13T12:24:26.699+0000] {dag.py:3823} INFO - Setting next_dagrun for latest_only to 2024-02-13 08:00:00+00:00, run_after=2024-02-13 12:00:00+00:00
[2024-02-13T12:24:26.722+0000] {processor.py:183} INFO - Processing /home/airflow/.local/lib/python3.8/site-packages/airflow/example_dags/example_latest_only.py took 0.123 seconds
[2024-02-13T12:24:57.662+0000] {processor.py:161} INFO - Started process (PID=1605) to work on /home/airflow/.local/lib/python3.8/site-packages/airflow/example_dags/example_latest_only.py
[2024-02-13T12:24:57.663+0000] {processor.py:830} INFO - Processing file /home/airflow/.local/lib/python3.8/site-packages/airflow/example_dags/example_latest_only.py for tasks to queue
[2024-02-13T12:24:57.663+0000] {logging_mixin.py:188} INFO - [2024-02-13T12:24:57.663+0000] {dagbag.py:538} INFO - Filling up the DagBag from /home/airflow/.local/lib/python3.8/site-packages/airflow/example_dags/example_latest_only.py
[2024-02-13T12:24:57.668+0000] {processor.py:840} INFO - DAG(s) 'latest_only' retrieved from /home/airflow/.local/lib/python3.8/site-packages/airflow/example_dags/example_latest_only.py
[2024-02-13T12:24:57.688+0000] {logging_mixin.py:188} INFO - [2024-02-13T12:24:57.688+0000] {dag.py:3036} INFO - Sync 1 DAGs
[2024-02-13T12:24:57.714+0000] {logging_mixin.py:188} INFO - [2024-02-13T12:24:57.714+0000] {dag.py:3823} INFO - Setting next_dagrun for latest_only to 2024-02-13 08:00:00+00:00, run_after=2024-02-13 12:00:00+00:00
[2024-02-13T12:24:57.736+0000] {processor.py:183} INFO - Processing /home/airflow/.local/lib/python3.8/site-packages/airflow/example_dags/example_latest_only.py took 0.077 seconds
[2024-02-13T12:25:27.931+0000] {processor.py:161} INFO - Started process (PID=1661) to work on /home/airflow/.local/lib/python3.8/site-packages/airflow/example_dags/example_latest_only.py
[2024-02-13T12:25:27.932+0000] {processor.py:830} INFO - Processing file /home/airflow/.local/lib/python3.8/site-packages/airflow/example_dags/example_latest_only.py for tasks to queue
[2024-02-13T12:25:27.932+0000] {logging_mixin.py:188} INFO - [2024-02-13T12:25:27.932+0000] {dagbag.py:538} INFO - Filling up the DagBag from /home/airflow/.local/lib/python3.8/site-packages/airflow/example_dags/example_latest_only.py
[2024-02-13T12:25:27.937+0000] {processor.py:840} INFO - DAG(s) 'latest_only' retrieved from /home/airflow/.local/lib/python3.8/site-packages/airflow/example_dags/example_latest_only.py
[2024-02-13T12:25:27.955+0000] {logging_mixin.py:188} INFO - [2024-02-13T12:25:27.954+0000] {dag.py:3036} INFO - Sync 1 DAGs
[2024-02-13T12:25:27.976+0000] {logging_mixin.py:188} INFO - [2024-02-13T12:25:27.976+0000] {dag.py:3823} INFO - Setting next_dagrun for latest_only to 2024-02-13 08:00:00+00:00, run_after=2024-02-13 12:00:00+00:00
[2024-02-13T12:25:27.994+0000] {processor.py:183} INFO - Processing /home/airflow/.local/lib/python3.8/site-packages/airflow/example_dags/example_latest_only.py took 0.066 seconds
[2024-02-13T12:25:58.190+0000] {processor.py:161} INFO - Started process (PID=1717) to work on /home/airflow/.local/lib/python3.8/site-packages/airflow/example_dags/example_latest_only.py
[2024-02-13T12:25:58.190+0000] {processor.py:830} INFO - Processing file /home/airflow/.local/lib/python3.8/site-packages/airflow/example_dags/example_latest_only.py for tasks to queue
[2024-02-13T12:25:58.191+0000] {logging_mixin.py:188} INFO - [2024-02-13T12:25:58.191+0000] {dagbag.py:538} INFO - Filling up the DagBag from /home/airflow/.local/lib/python3.8/site-packages/airflow/example_dags/example_latest_only.py
[2024-02-13T12:25:58.196+0000] {processor.py:840} INFO - DAG(s) 'latest_only' retrieved from /home/airflow/.local/lib/python3.8/site-packages/airflow/example_dags/example_latest_only.py
[2024-02-13T12:25:58.213+0000] {logging_mixin.py:188} INFO - [2024-02-13T12:25:58.213+0000] {dag.py:3036} INFO - Sync 1 DAGs
[2024-02-13T12:25:58.235+0000] {logging_mixin.py:188} INFO - [2024-02-13T12:25:58.234+0000] {dag.py:3823} INFO - Setting next_dagrun for latest_only to 2024-02-13 08:00:00+00:00, run_after=2024-02-13 12:00:00+00:00
[2024-02-13T12:25:58.252+0000] {processor.py:183} INFO - Processing /home/airflow/.local/lib/python3.8/site-packages/airflow/example_dags/example_latest_only.py took 0.065 seconds
[2024-02-13T12:26:28.593+0000] {processor.py:161} INFO - Started process (PID=1773) to work on /home/airflow/.local/lib/python3.8/site-packages/airflow/example_dags/example_latest_only.py
[2024-02-13T12:26:28.593+0000] {processor.py:830} INFO - Processing file /home/airflow/.local/lib/python3.8/site-packages/airflow/example_dags/example_latest_only.py for tasks to queue
[2024-02-13T12:26:28.594+0000] {logging_mixin.py:188} INFO - [2024-02-13T12:26:28.594+0000] {dagbag.py:538} INFO - Filling up the DagBag from /home/airflow/.local/lib/python3.8/site-packages/airflow/example_dags/example_latest_only.py
[2024-02-13T12:26:28.599+0000] {processor.py:840} INFO - DAG(s) 'latest_only' retrieved from /home/airflow/.local/lib/python3.8/site-packages/airflow/example_dags/example_latest_only.py
[2024-02-13T12:26:28.618+0000] {logging_mixin.py:188} INFO - [2024-02-13T12:26:28.617+0000] {dag.py:3036} INFO - Sync 1 DAGs
[2024-02-13T12:26:28.639+0000] {logging_mixin.py:188} INFO - [2024-02-13T12:26:28.639+0000] {dag.py:3823} INFO - Setting next_dagrun for latest_only to 2024-02-13 08:00:00+00:00, run_after=2024-02-13 12:00:00+00:00
[2024-02-13T12:26:28.657+0000] {processor.py:183} INFO - Processing /home/airflow/.local/lib/python3.8/site-packages/airflow/example_dags/example_latest_only.py took 0.068 seconds
[2024-02-13T12:26:59.157+0000] {processor.py:161} INFO - Started process (PID=1829) to work on /home/airflow/.local/lib/python3.8/site-packages/airflow/example_dags/example_latest_only.py
[2024-02-13T12:26:59.158+0000] {processor.py:830} INFO - Processing file /home/airflow/.local/lib/python3.8/site-packages/airflow/example_dags/example_latest_only.py for tasks to queue
[2024-02-13T12:26:59.159+0000] {logging_mixin.py:188} INFO - [2024-02-13T12:26:59.159+0000] {dagbag.py:538} INFO - Filling up the DagBag from /home/airflow/.local/lib/python3.8/site-packages/airflow/example_dags/example_latest_only.py
[2024-02-13T12:26:59.164+0000] {processor.py:840} INFO - DAG(s) 'latest_only' retrieved from /home/airflow/.local/lib/python3.8/site-packages/airflow/example_dags/example_latest_only.py
[2024-02-13T12:26:59.198+0000] {logging_mixin.py:188} INFO - [2024-02-13T12:26:59.196+0000] {dag.py:3036} INFO - Sync 1 DAGs
[2024-02-13T12:26:59.260+0000] {logging_mixin.py:188} INFO - [2024-02-13T12:26:59.260+0000] {dag.py:3823} INFO - Setting next_dagrun for latest_only to 2024-02-13 08:00:00+00:00, run_after=2024-02-13 12:00:00+00:00
[2024-02-13T12:26:59.291+0000] {processor.py:183} INFO - Processing /home/airflow/.local/lib/python3.8/site-packages/airflow/example_dags/example_latest_only.py took 0.137 seconds
[2024-02-13T12:27:30.092+0000] {processor.py:161} INFO - Started process (PID=1885) to work on /home/airflow/.local/lib/python3.8/site-packages/airflow/example_dags/example_latest_only.py
[2024-02-13T12:27:30.093+0000] {processor.py:830} INFO - Processing file /home/airflow/.local/lib/python3.8/site-packages/airflow/example_dags/example_latest_only.py for tasks to queue
[2024-02-13T12:27:30.093+0000] {logging_mixin.py:188} INFO - [2024-02-13T12:27:30.093+0000] {dagbag.py:538} INFO - Filling up the DagBag from /home/airflow/.local/lib/python3.8/site-packages/airflow/example_dags/example_latest_only.py
[2024-02-13T12:27:30.098+0000] {processor.py:840} INFO - DAG(s) 'latest_only' retrieved from /home/airflow/.local/lib/python3.8/site-packages/airflow/example_dags/example_latest_only.py
[2024-02-13T12:27:30.115+0000] {logging_mixin.py:188} INFO - [2024-02-13T12:27:30.115+0000] {dag.py:3036} INFO - Sync 1 DAGs
[2024-02-13T12:27:30.137+0000] {logging_mixin.py:188} INFO - [2024-02-13T12:27:30.137+0000] {dag.py:3823} INFO - Setting next_dagrun for latest_only to 2024-02-13 08:00:00+00:00, run_after=2024-02-13 12:00:00+00:00
[2024-02-13T12:27:30.155+0000] {processor.py:183} INFO - Processing /home/airflow/.local/lib/python3.8/site-packages/airflow/example_dags/example_latest_only.py took 0.066 seconds
[2024-02-13T12:28:01.145+0000] {processor.py:161} INFO - Started process (PID=1941) to work on /home/airflow/.local/lib/python3.8/site-packages/airflow/example_dags/example_latest_only.py
[2024-02-13T12:28:01.146+0000] {processor.py:830} INFO - Processing file /home/airflow/.local/lib/python3.8/site-packages/airflow/example_dags/example_latest_only.py for tasks to queue
[2024-02-13T12:28:01.147+0000] {logging_mixin.py:188} INFO - [2024-02-13T12:28:01.147+0000] {dagbag.py:538} INFO - Filling up the DagBag from /home/airflow/.local/lib/python3.8/site-packages/airflow/example_dags/example_latest_only.py
[2024-02-13T12:28:01.152+0000] {processor.py:840} INFO - DAG(s) 'latest_only' retrieved from /home/airflow/.local/lib/python3.8/site-packages/airflow/example_dags/example_latest_only.py
[2024-02-13T12:28:01.170+0000] {logging_mixin.py:188} INFO - [2024-02-13T12:28:01.170+0000] {dag.py:3036} INFO - Sync 1 DAGs
[2024-02-13T12:28:01.199+0000] {logging_mixin.py:188} INFO - [2024-02-13T12:28:01.198+0000] {dag.py:3823} INFO - Setting next_dagrun for latest_only to 2024-02-13 08:00:00+00:00, run_after=2024-02-13 12:00:00+00:00
[2024-02-13T12:28:01.219+0000] {processor.py:183} INFO - Processing /home/airflow/.local/lib/python3.8/site-packages/airflow/example_dags/example_latest_only.py took 0.077 seconds
[2024-02-13T12:28:31.298+0000] {processor.py:161} INFO - Started process (PID=1997) to work on /home/airflow/.local/lib/python3.8/site-packages/airflow/example_dags/example_latest_only.py
[2024-02-13T12:28:31.298+0000] {processor.py:830} INFO - Processing file /home/airflow/.local/lib/python3.8/site-packages/airflow/example_dags/example_latest_only.py for tasks to queue
[2024-02-13T12:28:31.299+0000] {logging_mixin.py:188} INFO - [2024-02-13T12:28:31.299+0000] {dagbag.py:538} INFO - Filling up the DagBag from /home/airflow/.local/lib/python3.8/site-packages/airflow/example_dags/example_latest_only.py
[2024-02-13T12:28:31.303+0000] {processor.py:840} INFO - DAG(s) 'latest_only' retrieved from /home/airflow/.local/lib/python3.8/site-packages/airflow/example_dags/example_latest_only.py
[2024-02-13T12:28:31.321+0000] {logging_mixin.py:188} INFO - [2024-02-13T12:28:31.321+0000] {dag.py:3036} INFO - Sync 1 DAGs
[2024-02-13T12:28:31.343+0000] {logging_mixin.py:188} INFO - [2024-02-13T12:28:31.343+0000] {dag.py:3823} INFO - Setting next_dagrun for latest_only to 2024-02-13 08:00:00+00:00, run_after=2024-02-13 12:00:00+00:00
[2024-02-13T12:28:31.360+0000] {processor.py:183} INFO - Processing /home/airflow/.local/lib/python3.8/site-packages/airflow/example_dags/example_latest_only.py took 0.065 seconds
[2024-02-13T12:29:01.559+0000] {processor.py:161} INFO - Started process (PID=2053) to work on /home/airflow/.local/lib/python3.8/site-packages/airflow/example_dags/example_latest_only.py
[2024-02-13T12:29:01.559+0000] {processor.py:830} INFO - Processing file /home/airflow/.local/lib/python3.8/site-packages/airflow/example_dags/example_latest_only.py for tasks to queue
[2024-02-13T12:29:01.560+0000] {logging_mixin.py:188} INFO - [2024-02-13T12:29:01.560+0000] {dagbag.py:538} INFO - Filling up the DagBag from /home/airflow/.local/lib/python3.8/site-packages/airflow/example_dags/example_latest_only.py
[2024-02-13T12:29:01.565+0000] {processor.py:840} INFO - DAG(s) 'latest_only' retrieved from /home/airflow/.local/lib/python3.8/site-packages/airflow/example_dags/example_latest_only.py
[2024-02-13T12:29:01.583+0000] {logging_mixin.py:188} INFO - [2024-02-13T12:29:01.582+0000] {dag.py:3036} INFO - Sync 1 DAGs
[2024-02-13T12:29:01.605+0000] {logging_mixin.py:188} INFO - [2024-02-13T12:29:01.605+0000] {dag.py:3823} INFO - Setting next_dagrun for latest_only to 2024-02-13 08:00:00+00:00, run_after=2024-02-13 12:00:00+00:00
[2024-02-13T12:29:01.626+0000] {processor.py:183} INFO - Processing /home/airflow/.local/lib/python3.8/site-packages/airflow/example_dags/example_latest_only.py took 0.070 seconds
[2024-02-13T12:29:32.190+0000] {processor.py:161} INFO - Started process (PID=2109) to work on /home/airflow/.local/lib/python3.8/site-packages/airflow/example_dags/example_latest_only.py
[2024-02-13T12:29:32.191+0000] {processor.py:830} INFO - Processing file /home/airflow/.local/lib/python3.8/site-packages/airflow/example_dags/example_latest_only.py for tasks to queue
[2024-02-13T12:29:32.192+0000] {logging_mixin.py:188} INFO - [2024-02-13T12:29:32.192+0000] {dagbag.py:538} INFO - Filling up the DagBag from /home/airflow/.local/lib/python3.8/site-packages/airflow/example_dags/example_latest_only.py
[2024-02-13T12:29:32.198+0000] {processor.py:840} INFO - DAG(s) 'latest_only' retrieved from /home/airflow/.local/lib/python3.8/site-packages/airflow/example_dags/example_latest_only.py
[2024-02-13T12:29:32.229+0000] {logging_mixin.py:188} INFO - [2024-02-13T12:29:32.229+0000] {dag.py:3036} INFO - Sync 1 DAGs
[2024-02-13T12:29:32.259+0000] {logging_mixin.py:188} INFO - [2024-02-13T12:29:32.258+0000] {dag.py:3823} INFO - Setting next_dagrun for latest_only to 2024-02-13 08:00:00+00:00, run_after=2024-02-13 12:00:00+00:00
[2024-02-13T12:29:32.280+0000] {processor.py:183} INFO - Processing /home/airflow/.local/lib/python3.8/site-packages/airflow/example_dags/example_latest_only.py took 0.098 seconds
[2024-02-13T12:30:02.580+0000] {processor.py:161} INFO - Started process (PID=2165) to work on /home/airflow/.local/lib/python3.8/site-packages/airflow/example_dags/example_latest_only.py
[2024-02-13T12:30:02.581+0000] {processor.py:830} INFO - Processing file /home/airflow/.local/lib/python3.8/site-packages/airflow/example_dags/example_latest_only.py for tasks to queue
[2024-02-13T12:30:02.582+0000] {logging_mixin.py:188} INFO - [2024-02-13T12:30:02.582+0000] {dagbag.py:538} INFO - Filling up the DagBag from /home/airflow/.local/lib/python3.8/site-packages/airflow/example_dags/example_latest_only.py
[2024-02-13T12:30:02.588+0000] {processor.py:840} INFO - DAG(s) 'latest_only' retrieved from /home/airflow/.local/lib/python3.8/site-packages/airflow/example_dags/example_latest_only.py
[2024-02-13T12:30:02.617+0000] {logging_mixin.py:188} INFO - [2024-02-13T12:30:02.617+0000] {dag.py:3036} INFO - Sync 1 DAGs
[2024-02-13T12:30:02.659+0000] {logging_mixin.py:188} INFO - [2024-02-13T12:30:02.659+0000] {dag.py:3823} INFO - Setting next_dagrun for latest_only to 2024-02-13 08:00:00+00:00, run_after=2024-02-13 12:00:00+00:00
[2024-02-13T12:30:02.682+0000] {processor.py:183} INFO - Processing /home/airflow/.local/lib/python3.8/site-packages/airflow/example_dags/example_latest_only.py took 0.105 seconds
[2024-02-13T12:30:32.881+0000] {processor.py:161} INFO - Started process (PID=2221) to work on /home/airflow/.local/lib/python3.8/site-packages/airflow/example_dags/example_latest_only.py
[2024-02-13T12:30:32.882+0000] {processor.py:830} INFO - Processing file /home/airflow/.local/lib/python3.8/site-packages/airflow/example_dags/example_latest_only.py for tasks to queue
[2024-02-13T12:30:32.883+0000] {logging_mixin.py:188} INFO - [2024-02-13T12:30:32.883+0000] {dagbag.py:538} INFO - Filling up the DagBag from /home/airflow/.local/lib/python3.8/site-packages/airflow/example_dags/example_latest_only.py
[2024-02-13T12:30:32.888+0000] {processor.py:840} INFO - DAG(s) 'latest_only' retrieved from /home/airflow/.local/lib/python3.8/site-packages/airflow/example_dags/example_latest_only.py
[2024-02-13T12:30:32.907+0000] {logging_mixin.py:188} INFO - [2024-02-13T12:30:32.907+0000] {dag.py:3036} INFO - Sync 1 DAGs
[2024-02-13T12:30:32.928+0000] {logging_mixin.py:188} INFO - [2024-02-13T12:30:32.928+0000] {dag.py:3823} INFO - Setting next_dagrun for latest_only to 2024-02-13 08:00:00+00:00, run_after=2024-02-13 12:00:00+00:00
[2024-02-13T12:30:32.946+0000] {processor.py:183} INFO - Processing /home/airflow/.local/lib/python3.8/site-packages/airflow/example_dags/example_latest_only.py took 0.068 seconds
[2024-02-13T12:31:03.358+0000] {processor.py:161} INFO - Started process (PID=2277) to work on /home/airflow/.local/lib/python3.8/site-packages/airflow/example_dags/example_latest_only.py
[2024-02-13T12:31:03.358+0000] {processor.py:830} INFO - Processing file /home/airflow/.local/lib/python3.8/site-packages/airflow/example_dags/example_latest_only.py for tasks to queue
[2024-02-13T12:31:03.359+0000] {logging_mixin.py:188} INFO - [2024-02-13T12:31:03.359+0000] {dagbag.py:538} INFO - Filling up the DagBag from /home/airflow/.local/lib/python3.8/site-packages/airflow/example_dags/example_latest_only.py
[2024-02-13T12:31:03.364+0000] {processor.py:840} INFO - DAG(s) 'latest_only' retrieved from /home/airflow/.local/lib/python3.8/site-packages/airflow/example_dags/example_latest_only.py
[2024-02-13T12:31:03.383+0000] {logging_mixin.py:188} INFO - [2024-02-13T12:31:03.383+0000] {dag.py:3036} INFO - Sync 1 DAGs
[2024-02-13T12:31:03.406+0000] {logging_mixin.py:188} INFO - [2024-02-13T12:31:03.406+0000] {dag.py:3823} INFO - Setting next_dagrun for latest_only to 2024-02-13 08:00:00+00:00, run_after=2024-02-13 12:00:00+00:00
[2024-02-13T12:31:03.426+0000] {processor.py:183} INFO - Processing /home/airflow/.local/lib/python3.8/site-packages/airflow/example_dags/example_latest_only.py took 0.071 seconds
[2024-02-13T12:31:34.056+0000] {processor.py:161} INFO - Started process (PID=2333) to work on /home/airflow/.local/lib/python3.8/site-packages/airflow/example_dags/example_latest_only.py
[2024-02-13T12:31:34.057+0000] {processor.py:830} INFO - Processing file /home/airflow/.local/lib/python3.8/site-packages/airflow/example_dags/example_latest_only.py for tasks to queue
[2024-02-13T12:31:34.059+0000] {logging_mixin.py:188} INFO - [2024-02-13T12:31:34.058+0000] {dagbag.py:538} INFO - Filling up the DagBag from /home/airflow/.local/lib/python3.8/site-packages/airflow/example_dags/example_latest_only.py
[2024-02-13T12:31:34.069+0000] {processor.py:840} INFO - DAG(s) 'latest_only' retrieved from /home/airflow/.local/lib/python3.8/site-packages/airflow/example_dags/example_latest_only.py
[2024-02-13T12:31:34.119+0000] {logging_mixin.py:188} INFO - [2024-02-13T12:31:34.119+0000] {dag.py:3036} INFO - Sync 1 DAGs
[2024-02-13T12:31:34.176+0000] {logging_mixin.py:188} INFO - [2024-02-13T12:31:34.175+0000] {dag.py:3823} INFO - Setting next_dagrun for latest_only to 2024-02-13 08:00:00+00:00, run_after=2024-02-13 12:00:00+00:00
[2024-02-13T12:31:34.227+0000] {processor.py:183} INFO - Processing /home/airflow/.local/lib/python3.8/site-packages/airflow/example_dags/example_latest_only.py took 0.175 seconds
[2024-02-13T12:32:04.280+0000] {processor.py:161} INFO - Started process (PID=2390) to work on /home/airflow/.local/lib/python3.8/site-packages/airflow/example_dags/example_latest_only.py
[2024-02-13T12:32:04.281+0000] {processor.py:830} INFO - Processing file /home/airflow/.local/lib/python3.8/site-packages/airflow/example_dags/example_latest_only.py for tasks to queue
[2024-02-13T12:32:04.282+0000] {logging_mixin.py:188} INFO - [2024-02-13T12:32:04.281+0000] {dagbag.py:538} INFO - Filling up the DagBag from /home/airflow/.local/lib/python3.8/site-packages/airflow/example_dags/example_latest_only.py
[2024-02-13T12:32:04.289+0000] {processor.py:840} INFO - DAG(s) 'latest_only' retrieved from /home/airflow/.local/lib/python3.8/site-packages/airflow/example_dags/example_latest_only.py
[2024-02-13T12:32:04.313+0000] {logging_mixin.py:188} INFO - [2024-02-13T12:32:04.313+0000] {dag.py:3036} INFO - Sync 1 DAGs
[2024-02-13T12:32:04.336+0000] {logging_mixin.py:188} INFO - [2024-02-13T12:32:04.336+0000] {dag.py:3823} INFO - Setting next_dagrun for latest_only to 2024-02-13 08:00:00+00:00, run_after=2024-02-13 12:00:00+00:00
[2024-02-13T12:32:04.355+0000] {processor.py:183} INFO - Processing /home/airflow/.local/lib/python3.8/site-packages/airflow/example_dags/example_latest_only.py took 0.078 seconds
[2024-02-13T12:32:34.866+0000] {processor.py:161} INFO - Started process (PID=2446) to work on /home/airflow/.local/lib/python3.8/site-packages/airflow/example_dags/example_latest_only.py
[2024-02-13T12:32:34.867+0000] {processor.py:830} INFO - Processing file /home/airflow/.local/lib/python3.8/site-packages/airflow/example_dags/example_latest_only.py for tasks to queue
[2024-02-13T12:32:34.868+0000] {logging_mixin.py:188} INFO - [2024-02-13T12:32:34.868+0000] {dagbag.py:538} INFO - Filling up the DagBag from /home/airflow/.local/lib/python3.8/site-packages/airflow/example_dags/example_latest_only.py
[2024-02-13T12:32:34.873+0000] {processor.py:840} INFO - DAG(s) 'latest_only' retrieved from /home/airflow/.local/lib/python3.8/site-packages/airflow/example_dags/example_latest_only.py
[2024-02-13T12:32:35.079+0000] {logging_mixin.py:188} INFO - [2024-02-13T12:32:35.078+0000] {dag.py:3036} INFO - Sync 1 DAGs
[2024-02-13T12:32:35.135+0000] {logging_mixin.py:188} INFO - [2024-02-13T12:32:35.135+0000] {dag.py:3823} INFO - Setting next_dagrun for latest_only to 2024-02-13 08:00:00+00:00, run_after=2024-02-13 12:00:00+00:00
[2024-02-13T12:32:35.166+0000] {processor.py:183} INFO - Processing /home/airflow/.local/lib/python3.8/site-packages/airflow/example_dags/example_latest_only.py took 0.303 seconds
[2024-02-13T12:33:05.283+0000] {processor.py:161} INFO - Started process (PID=2509) to work on /home/airflow/.local/lib/python3.8/site-packages/airflow/example_dags/example_latest_only.py
[2024-02-13T12:33:05.284+0000] {processor.py:830} INFO - Processing file /home/airflow/.local/lib/python3.8/site-packages/airflow/example_dags/example_latest_only.py for tasks to queue
[2024-02-13T12:33:05.285+0000] {logging_mixin.py:188} INFO - [2024-02-13T12:33:05.285+0000] {dagbag.py:538} INFO - Filling up the DagBag from /home/airflow/.local/lib/python3.8/site-packages/airflow/example_dags/example_latest_only.py
[2024-02-13T12:33:05.291+0000] {processor.py:840} INFO - DAG(s) 'latest_only' retrieved from /home/airflow/.local/lib/python3.8/site-packages/airflow/example_dags/example_latest_only.py
[2024-02-13T12:33:05.310+0000] {logging_mixin.py:188} INFO - [2024-02-13T12:33:05.310+0000] {dag.py:3036} INFO - Sync 1 DAGs
[2024-02-13T12:33:05.494+0000] {logging_mixin.py:188} INFO - [2024-02-13T12:33:05.494+0000] {dag.py:3823} INFO - Setting next_dagrun for latest_only to 2024-02-13 08:00:00+00:00, run_after=2024-02-13 12:00:00+00:00
[2024-02-13T12:33:05.516+0000] {processor.py:183} INFO - Processing /home/airflow/.local/lib/python3.8/site-packages/airflow/example_dags/example_latest_only.py took 0.236 seconds
[2024-02-13T12:33:35.556+0000] {processor.py:161} INFO - Started process (PID=2565) to work on /home/airflow/.local/lib/python3.8/site-packages/airflow/example_dags/example_latest_only.py
[2024-02-13T12:33:35.557+0000] {processor.py:830} INFO - Processing file /home/airflow/.local/lib/python3.8/site-packages/airflow/example_dags/example_latest_only.py for tasks to queue
[2024-02-13T12:33:35.558+0000] {logging_mixin.py:188} INFO - [2024-02-13T12:33:35.557+0000] {dagbag.py:538} INFO - Filling up the DagBag from /home/airflow/.local/lib/python3.8/site-packages/airflow/example_dags/example_latest_only.py
[2024-02-13T12:33:35.562+0000] {processor.py:840} INFO - DAG(s) 'latest_only' retrieved from /home/airflow/.local/lib/python3.8/site-packages/airflow/example_dags/example_latest_only.py
[2024-02-13T12:33:35.580+0000] {logging_mixin.py:188} INFO - [2024-02-13T12:33:35.580+0000] {dag.py:3036} INFO - Sync 1 DAGs
[2024-02-13T12:33:35.748+0000] {logging_mixin.py:188} INFO - [2024-02-13T12:33:35.748+0000] {dag.py:3823} INFO - Setting next_dagrun for latest_only to 2024-02-13 08:00:00+00:00, run_after=2024-02-13 12:00:00+00:00
[2024-02-13T12:33:35.771+0000] {processor.py:183} INFO - Processing /home/airflow/.local/lib/python3.8/site-packages/airflow/example_dags/example_latest_only.py took 0.218 seconds
[2024-02-13T12:34:05.826+0000] {processor.py:161} INFO - Started process (PID=2621) to work on /home/airflow/.local/lib/python3.8/site-packages/airflow/example_dags/example_latest_only.py
[2024-02-13T12:34:05.827+0000] {processor.py:830} INFO - Processing file /home/airflow/.local/lib/python3.8/site-packages/airflow/example_dags/example_latest_only.py for tasks to queue
[2024-02-13T12:34:05.828+0000] {logging_mixin.py:188} INFO - [2024-02-13T12:34:05.827+0000] {dagbag.py:538} INFO - Filling up the DagBag from /home/airflow/.local/lib/python3.8/site-packages/airflow/example_dags/example_latest_only.py
[2024-02-13T12:34:05.832+0000] {processor.py:840} INFO - DAG(s) 'latest_only' retrieved from /home/airflow/.local/lib/python3.8/site-packages/airflow/example_dags/example_latest_only.py
[2024-02-13T12:34:05.851+0000] {logging_mixin.py:188} INFO - [2024-02-13T12:34:05.851+0000] {dag.py:3036} INFO - Sync 1 DAGs
[2024-02-13T12:34:05.880+0000] {logging_mixin.py:188} INFO - [2024-02-13T12:34:05.879+0000] {dag.py:3823} INFO - Setting next_dagrun for latest_only to 2024-02-13 08:00:00+00:00, run_after=2024-02-13 12:00:00+00:00
[2024-02-13T12:34:05.897+0000] {processor.py:183} INFO - Processing /home/airflow/.local/lib/python3.8/site-packages/airflow/example_dags/example_latest_only.py took 0.074 seconds
[2024-02-13T12:34:35.976+0000] {processor.py:161} INFO - Started process (PID=2677) to work on /home/airflow/.local/lib/python3.8/site-packages/airflow/example_dags/example_latest_only.py
[2024-02-13T12:34:35.977+0000] {processor.py:830} INFO - Processing file /home/airflow/.local/lib/python3.8/site-packages/airflow/example_dags/example_latest_only.py for tasks to queue
[2024-02-13T12:34:35.978+0000] {logging_mixin.py:188} INFO - [2024-02-13T12:34:35.978+0000] {dagbag.py:538} INFO - Filling up the DagBag from /home/airflow/.local/lib/python3.8/site-packages/airflow/example_dags/example_latest_only.py
[2024-02-13T12:34:35.982+0000] {processor.py:840} INFO - DAG(s) 'latest_only' retrieved from /home/airflow/.local/lib/python3.8/site-packages/airflow/example_dags/example_latest_only.py
[2024-02-13T12:34:36.000+0000] {logging_mixin.py:188} INFO - [2024-02-13T12:34:35.999+0000] {dag.py:3036} INFO - Sync 1 DAGs
[2024-02-13T12:34:36.022+0000] {logging_mixin.py:188} INFO - [2024-02-13T12:34:36.022+0000] {dag.py:3823} INFO - Setting next_dagrun for latest_only to 2024-02-13 08:00:00+00:00, run_after=2024-02-13 12:00:00+00:00
[2024-02-13T12:34:36.039+0000] {processor.py:183} INFO - Processing /home/airflow/.local/lib/python3.8/site-packages/airflow/example_dags/example_latest_only.py took 0.066 seconds
[2024-02-13T12:35:06.269+0000] {processor.py:161} INFO - Started process (PID=2734) to work on /home/airflow/.local/lib/python3.8/site-packages/airflow/example_dags/example_latest_only.py
[2024-02-13T12:35:06.270+0000] {processor.py:830} INFO - Processing file /home/airflow/.local/lib/python3.8/site-packages/airflow/example_dags/example_latest_only.py for tasks to queue
[2024-02-13T12:35:06.270+0000] {logging_mixin.py:188} INFO - [2024-02-13T12:35:06.270+0000] {dagbag.py:538} INFO - Filling up the DagBag from /home/airflow/.local/lib/python3.8/site-packages/airflow/example_dags/example_latest_only.py
[2024-02-13T12:35:06.274+0000] {processor.py:840} INFO - DAG(s) 'latest_only' retrieved from /home/airflow/.local/lib/python3.8/site-packages/airflow/example_dags/example_latest_only.py
[2024-02-13T12:35:06.292+0000] {logging_mixin.py:188} INFO - [2024-02-13T12:35:06.292+0000] {dag.py:3036} INFO - Sync 1 DAGs
[2024-02-13T12:35:06.314+0000] {logging_mixin.py:188} INFO - [2024-02-13T12:35:06.314+0000] {dag.py:3823} INFO - Setting next_dagrun for latest_only to 2024-02-13 08:00:00+00:00, run_after=2024-02-13 12:00:00+00:00
[2024-02-13T12:35:06.333+0000] {processor.py:183} INFO - Processing /home/airflow/.local/lib/python3.8/site-packages/airflow/example_dags/example_latest_only.py took 0.067 seconds
[2024-02-13T12:35:37.423+0000] {processor.py:161} INFO - Started process (PID=2790) to work on /home/airflow/.local/lib/python3.8/site-packages/airflow/example_dags/example_latest_only.py
[2024-02-13T12:35:37.424+0000] {processor.py:830} INFO - Processing file /home/airflow/.local/lib/python3.8/site-packages/airflow/example_dags/example_latest_only.py for tasks to queue
[2024-02-13T12:35:37.425+0000] {logging_mixin.py:188} INFO - [2024-02-13T12:35:37.425+0000] {dagbag.py:538} INFO - Filling up the DagBag from /home/airflow/.local/lib/python3.8/site-packages/airflow/example_dags/example_latest_only.py
[2024-02-13T12:35:37.432+0000] {processor.py:840} INFO - DAG(s) 'latest_only' retrieved from /home/airflow/.local/lib/python3.8/site-packages/airflow/example_dags/example_latest_only.py
[2024-02-13T12:35:37.457+0000] {logging_mixin.py:188} INFO - [2024-02-13T12:35:37.457+0000] {dag.py:3036} INFO - Sync 1 DAGs
[2024-02-13T12:35:37.492+0000] {logging_mixin.py:188} INFO - [2024-02-13T12:35:37.491+0000] {dag.py:3823} INFO - Setting next_dagrun for latest_only to 2024-02-13 08:00:00+00:00, run_after=2024-02-13 12:00:00+00:00
[2024-02-13T12:35:37.531+0000] {processor.py:183} INFO - Processing /home/airflow/.local/lib/python3.8/site-packages/airflow/example_dags/example_latest_only.py took 0.111 seconds
[2024-02-13T12:36:07.669+0000] {processor.py:161} INFO - Started process (PID=2847) to work on /home/airflow/.local/lib/python3.8/site-packages/airflow/example_dags/example_latest_only.py
[2024-02-13T12:36:07.670+0000] {processor.py:830} INFO - Processing file /home/airflow/.local/lib/python3.8/site-packages/airflow/example_dags/example_latest_only.py for tasks to queue
[2024-02-13T12:36:07.671+0000] {logging_mixin.py:188} INFO - [2024-02-13T12:36:07.670+0000] {dagbag.py:538} INFO - Filling up the DagBag from /home/airflow/.local/lib/python3.8/site-packages/airflow/example_dags/example_latest_only.py
[2024-02-13T12:36:07.675+0000] {processor.py:840} INFO - DAG(s) 'latest_only' retrieved from /home/airflow/.local/lib/python3.8/site-packages/airflow/example_dags/example_latest_only.py
[2024-02-13T12:36:07.693+0000] {logging_mixin.py:188} INFO - [2024-02-13T12:36:07.692+0000] {dag.py:3036} INFO - Sync 1 DAGs
[2024-02-13T12:36:07.714+0000] {logging_mixin.py:188} INFO - [2024-02-13T12:36:07.714+0000] {dag.py:3823} INFO - Setting next_dagrun for latest_only to 2024-02-13 08:00:00+00:00, run_after=2024-02-13 12:00:00+00:00
[2024-02-13T12:36:07.732+0000] {processor.py:183} INFO - Processing /home/airflow/.local/lib/python3.8/site-packages/airflow/example_dags/example_latest_only.py took 0.066 seconds
[2024-02-13T12:36:38.668+0000] {processor.py:161} INFO - Started process (PID=2903) to work on /home/airflow/.local/lib/python3.8/site-packages/airflow/example_dags/example_latest_only.py
[2024-02-13T12:36:38.669+0000] {processor.py:830} INFO - Processing file /home/airflow/.local/lib/python3.8/site-packages/airflow/example_dags/example_latest_only.py for tasks to queue
[2024-02-13T12:36:38.670+0000] {logging_mixin.py:188} INFO - [2024-02-13T12:36:38.670+0000] {dagbag.py:538} INFO - Filling up the DagBag from /home/airflow/.local/lib/python3.8/site-packages/airflow/example_dags/example_latest_only.py
[2024-02-13T12:36:38.680+0000] {processor.py:840} INFO - DAG(s) 'latest_only' retrieved from /home/airflow/.local/lib/python3.8/site-packages/airflow/example_dags/example_latest_only.py
[2024-02-13T12:36:38.712+0000] {logging_mixin.py:188} INFO - [2024-02-13T12:36:38.711+0000] {dag.py:3036} INFO - Sync 1 DAGs
[2024-02-13T12:36:38.753+0000] {logging_mixin.py:188} INFO - [2024-02-13T12:36:38.753+0000] {dag.py:3823} INFO - Setting next_dagrun for latest_only to 2024-02-13 08:00:00+00:00, run_after=2024-02-13 12:00:00+00:00
[2024-02-13T12:36:38.785+0000] {processor.py:183} INFO - Processing /home/airflow/.local/lib/python3.8/site-packages/airflow/example_dags/example_latest_only.py took 0.122 seconds
[2024-02-13T12:37:09.622+0000] {processor.py:161} INFO - Started process (PID=2959) to work on /home/airflow/.local/lib/python3.8/site-packages/airflow/example_dags/example_latest_only.py
[2024-02-13T12:37:09.623+0000] {processor.py:830} INFO - Processing file /home/airflow/.local/lib/python3.8/site-packages/airflow/example_dags/example_latest_only.py for tasks to queue
[2024-02-13T12:37:09.626+0000] {logging_mixin.py:188} INFO - [2024-02-13T12:37:09.625+0000] {dagbag.py:538} INFO - Filling up the DagBag from /home/airflow/.local/lib/python3.8/site-packages/airflow/example_dags/example_latest_only.py
[2024-02-13T12:37:09.634+0000] {processor.py:840} INFO - DAG(s) 'latest_only' retrieved from /home/airflow/.local/lib/python3.8/site-packages/airflow/example_dags/example_latest_only.py
[2024-02-13T12:37:09.681+0000] {logging_mixin.py:188} INFO - [2024-02-13T12:37:09.680+0000] {dag.py:3036} INFO - Sync 1 DAGs
[2024-02-13T12:37:09.724+0000] {logging_mixin.py:188} INFO - [2024-02-13T12:37:09.724+0000] {dag.py:3823} INFO - Setting next_dagrun for latest_only to 2024-02-13 08:00:00+00:00, run_after=2024-02-13 12:00:00+00:00
[2024-02-13T12:37:09.763+0000] {processor.py:183} INFO - Processing /home/airflow/.local/lib/python3.8/site-packages/airflow/example_dags/example_latest_only.py took 0.149 seconds
[2024-02-13T12:37:40.307+0000] {processor.py:161} INFO - Started process (PID=3015) to work on /home/airflow/.local/lib/python3.8/site-packages/airflow/example_dags/example_latest_only.py
[2024-02-13T12:37:40.308+0000] {processor.py:830} INFO - Processing file /home/airflow/.local/lib/python3.8/site-packages/airflow/example_dags/example_latest_only.py for tasks to queue
[2024-02-13T12:37:40.309+0000] {logging_mixin.py:188} INFO - [2024-02-13T12:37:40.309+0000] {dagbag.py:538} INFO - Filling up the DagBag from /home/airflow/.local/lib/python3.8/site-packages/airflow/example_dags/example_latest_only.py
[2024-02-13T12:37:40.313+0000] {processor.py:840} INFO - DAG(s) 'latest_only' retrieved from /home/airflow/.local/lib/python3.8/site-packages/airflow/example_dags/example_latest_only.py
[2024-02-13T12:37:40.331+0000] {logging_mixin.py:188} INFO - [2024-02-13T12:37:40.331+0000] {dag.py:3036} INFO - Sync 1 DAGs
[2024-02-13T12:37:40.352+0000] {logging_mixin.py:188} INFO - [2024-02-13T12:37:40.352+0000] {dag.py:3823} INFO - Setting next_dagrun for latest_only to 2024-02-13 08:00:00+00:00, run_after=2024-02-13 12:00:00+00:00
[2024-02-13T12:37:40.371+0000] {processor.py:183} INFO - Processing /home/airflow/.local/lib/python3.8/site-packages/airflow/example_dags/example_latest_only.py took 0.067 seconds
[2024-02-13T12:38:10.917+0000] {processor.py:161} INFO - Started process (PID=3071) to work on /home/airflow/.local/lib/python3.8/site-packages/airflow/example_dags/example_latest_only.py
[2024-02-13T12:38:10.918+0000] {processor.py:830} INFO - Processing file /home/airflow/.local/lib/python3.8/site-packages/airflow/example_dags/example_latest_only.py for tasks to queue
[2024-02-13T12:38:10.919+0000] {logging_mixin.py:188} INFO - [2024-02-13T12:38:10.919+0000] {dagbag.py:538} INFO - Filling up the DagBag from /home/airflow/.local/lib/python3.8/site-packages/airflow/example_dags/example_latest_only.py
[2024-02-13T12:38:10.926+0000] {processor.py:840} INFO - DAG(s) 'latest_only' retrieved from /home/airflow/.local/lib/python3.8/site-packages/airflow/example_dags/example_latest_only.py
[2024-02-13T12:38:10.951+0000] {logging_mixin.py:188} INFO - [2024-02-13T12:38:10.951+0000] {dag.py:3036} INFO - Sync 1 DAGs
[2024-02-13T12:38:10.979+0000] {logging_mixin.py:188} INFO - [2024-02-13T12:38:10.979+0000] {dag.py:3823} INFO - Setting next_dagrun for latest_only to 2024-02-13 08:00:00+00:00, run_after=2024-02-13 12:00:00+00:00
[2024-02-13T12:38:11.003+0000] {processor.py:183} INFO - Processing /home/airflow/.local/lib/python3.8/site-packages/airflow/example_dags/example_latest_only.py took 0.091 seconds
[2024-02-13T12:38:41.300+0000] {processor.py:161} INFO - Started process (PID=3127) to work on /home/airflow/.local/lib/python3.8/site-packages/airflow/example_dags/example_latest_only.py
[2024-02-13T12:38:41.301+0000] {processor.py:830} INFO - Processing file /home/airflow/.local/lib/python3.8/site-packages/airflow/example_dags/example_latest_only.py for tasks to queue
[2024-02-13T12:38:41.302+0000] {logging_mixin.py:188} INFO - [2024-02-13T12:38:41.301+0000] {dagbag.py:538} INFO - Filling up the DagBag from /home/airflow/.local/lib/python3.8/site-packages/airflow/example_dags/example_latest_only.py
[2024-02-13T12:38:41.306+0000] {processor.py:840} INFO - DAG(s) 'latest_only' retrieved from /home/airflow/.local/lib/python3.8/site-packages/airflow/example_dags/example_latest_only.py
[2024-02-13T12:38:41.325+0000] {logging_mixin.py:188} INFO - [2024-02-13T12:38:41.325+0000] {dag.py:3036} INFO - Sync 1 DAGs
[2024-02-13T12:38:41.350+0000] {logging_mixin.py:188} INFO - [2024-02-13T12:38:41.350+0000] {dag.py:3823} INFO - Setting next_dagrun for latest_only to 2024-02-13 08:00:00+00:00, run_after=2024-02-13 12:00:00+00:00
[2024-02-13T12:38:41.372+0000] {processor.py:183} INFO - Processing /home/airflow/.local/lib/python3.8/site-packages/airflow/example_dags/example_latest_only.py took 0.075 seconds
[2024-02-13T12:39:11.399+0000] {processor.py:161} INFO - Started process (PID=3184) to work on /home/airflow/.local/lib/python3.8/site-packages/airflow/example_dags/example_latest_only.py
[2024-02-13T12:39:11.400+0000] {processor.py:830} INFO - Processing file /home/airflow/.local/lib/python3.8/site-packages/airflow/example_dags/example_latest_only.py for tasks to queue
[2024-02-13T12:39:11.401+0000] {logging_mixin.py:188} INFO - [2024-02-13T12:39:11.401+0000] {dagbag.py:538} INFO - Filling up the DagBag from /home/airflow/.local/lib/python3.8/site-packages/airflow/example_dags/example_latest_only.py
[2024-02-13T12:39:11.405+0000] {processor.py:840} INFO - DAG(s) 'latest_only' retrieved from /home/airflow/.local/lib/python3.8/site-packages/airflow/example_dags/example_latest_only.py
[2024-02-13T12:39:11.423+0000] {logging_mixin.py:188} INFO - [2024-02-13T12:39:11.423+0000] {dag.py:3036} INFO - Sync 1 DAGs
[2024-02-13T12:39:11.445+0000] {logging_mixin.py:188} INFO - [2024-02-13T12:39:11.445+0000] {dag.py:3823} INFO - Setting next_dagrun for latest_only to 2024-02-13 08:00:00+00:00, run_after=2024-02-13 12:00:00+00:00
[2024-02-13T12:39:11.462+0000] {processor.py:183} INFO - Processing /home/airflow/.local/lib/python3.8/site-packages/airflow/example_dags/example_latest_only.py took 0.065 seconds
[2024-02-13T12:39:41.676+0000] {processor.py:161} INFO - Started process (PID=3240) to work on /home/airflow/.local/lib/python3.8/site-packages/airflow/example_dags/example_latest_only.py
[2024-02-13T12:39:41.677+0000] {processor.py:830} INFO - Processing file /home/airflow/.local/lib/python3.8/site-packages/airflow/example_dags/example_latest_only.py for tasks to queue
[2024-02-13T12:39:41.678+0000] {logging_mixin.py:188} INFO - [2024-02-13T12:39:41.677+0000] {dagbag.py:538} INFO - Filling up the DagBag from /home/airflow/.local/lib/python3.8/site-packages/airflow/example_dags/example_latest_only.py
[2024-02-13T12:39:41.682+0000] {processor.py:840} INFO - DAG(s) 'latest_only' retrieved from /home/airflow/.local/lib/python3.8/site-packages/airflow/example_dags/example_latest_only.py
[2024-02-13T12:39:41.700+0000] {logging_mixin.py:188} INFO - [2024-02-13T12:39:41.700+0000] {dag.py:3036} INFO - Sync 1 DAGs
[2024-02-13T12:39:41.722+0000] {logging_mixin.py:188} INFO - [2024-02-13T12:39:41.722+0000] {dag.py:3823} INFO - Setting next_dagrun for latest_only to 2024-02-13 08:00:00+00:00, run_after=2024-02-13 12:00:00+00:00
[2024-02-13T12:39:41.741+0000] {processor.py:183} INFO - Processing /home/airflow/.local/lib/python3.8/site-packages/airflow/example_dags/example_latest_only.py took 0.068 seconds
[2024-02-13T12:40:11.992+0000] {processor.py:161} INFO - Started process (PID=3296) to work on /home/airflow/.local/lib/python3.8/site-packages/airflow/example_dags/example_latest_only.py
[2024-02-13T12:40:11.993+0000] {processor.py:830} INFO - Processing file /home/airflow/.local/lib/python3.8/site-packages/airflow/example_dags/example_latest_only.py for tasks to queue
[2024-02-13T12:40:11.993+0000] {logging_mixin.py:188} INFO - [2024-02-13T12:40:11.993+0000] {dagbag.py:538} INFO - Filling up the DagBag from /home/airflow/.local/lib/python3.8/site-packages/airflow/example_dags/example_latest_only.py
[2024-02-13T12:40:11.998+0000] {processor.py:840} INFO - DAG(s) 'latest_only' retrieved from /home/airflow/.local/lib/python3.8/site-packages/airflow/example_dags/example_latest_only.py
[2024-02-13T12:40:12.016+0000] {logging_mixin.py:188} INFO - [2024-02-13T12:40:12.016+0000] {dag.py:3036} INFO - Sync 1 DAGs
[2024-02-13T12:40:12.040+0000] {logging_mixin.py:188} INFO - [2024-02-13T12:40:12.040+0000] {dag.py:3823} INFO - Setting next_dagrun for latest_only to 2024-02-13 08:00:00+00:00, run_after=2024-02-13 12:00:00+00:00
[2024-02-13T12:40:12.066+0000] {processor.py:183} INFO - Processing /home/airflow/.local/lib/python3.8/site-packages/airflow/example_dags/example_latest_only.py took 0.076 seconds
[2024-02-13T12:40:42.525+0000] {processor.py:161} INFO - Started process (PID=3352) to work on /home/airflow/.local/lib/python3.8/site-packages/airflow/example_dags/example_latest_only.py
[2024-02-13T12:40:42.527+0000] {processor.py:830} INFO - Processing file /home/airflow/.local/lib/python3.8/site-packages/airflow/example_dags/example_latest_only.py for tasks to queue
[2024-02-13T12:40:42.528+0000] {logging_mixin.py:188} INFO - [2024-02-13T12:40:42.528+0000] {dagbag.py:538} INFO - Filling up the DagBag from /home/airflow/.local/lib/python3.8/site-packages/airflow/example_dags/example_latest_only.py
[2024-02-13T12:40:42.537+0000] {processor.py:840} INFO - DAG(s) 'latest_only' retrieved from /home/airflow/.local/lib/python3.8/site-packages/airflow/example_dags/example_latest_only.py
[2024-02-13T12:40:42.572+0000] {logging_mixin.py:188} INFO - [2024-02-13T12:40:42.572+0000] {dag.py:3036} INFO - Sync 1 DAGs
[2024-02-13T12:40:42.617+0000] {logging_mixin.py:188} INFO - [2024-02-13T12:40:42.616+0000] {dag.py:3823} INFO - Setting next_dagrun for latest_only to 2024-02-13 08:00:00+00:00, run_after=2024-02-13 12:00:00+00:00
[2024-02-13T12:40:42.645+0000] {processor.py:183} INFO - Processing /home/airflow/.local/lib/python3.8/site-packages/airflow/example_dags/example_latest_only.py took 0.125 seconds
[2024-02-13T12:41:13.091+0000] {processor.py:161} INFO - Started process (PID=3409) to work on /home/airflow/.local/lib/python3.8/site-packages/airflow/example_dags/example_latest_only.py
[2024-02-13T12:41:13.092+0000] {processor.py:830} INFO - Processing file /home/airflow/.local/lib/python3.8/site-packages/airflow/example_dags/example_latest_only.py for tasks to queue
[2024-02-13T12:41:13.092+0000] {logging_mixin.py:188} INFO - [2024-02-13T12:41:13.092+0000] {dagbag.py:538} INFO - Filling up the DagBag from /home/airflow/.local/lib/python3.8/site-packages/airflow/example_dags/example_latest_only.py
[2024-02-13T12:41:13.097+0000] {processor.py:840} INFO - DAG(s) 'latest_only' retrieved from /home/airflow/.local/lib/python3.8/site-packages/airflow/example_dags/example_latest_only.py
[2024-02-13T12:41:13.114+0000] {logging_mixin.py:188} INFO - [2024-02-13T12:41:13.114+0000] {dag.py:3036} INFO - Sync 1 DAGs
[2024-02-13T12:41:13.136+0000] {logging_mixin.py:188} INFO - [2024-02-13T12:41:13.135+0000] {dag.py:3823} INFO - Setting next_dagrun for latest_only to 2024-02-13 08:00:00+00:00, run_after=2024-02-13 12:00:00+00:00
[2024-02-13T12:41:13.153+0000] {processor.py:183} INFO - Processing /home/airflow/.local/lib/python3.8/site-packages/airflow/example_dags/example_latest_only.py took 0.065 seconds
[2024-02-13T12:41:43.867+0000] {processor.py:161} INFO - Started process (PID=3463) to work on /home/airflow/.local/lib/python3.8/site-packages/airflow/example_dags/example_latest_only.py
[2024-02-13T12:41:43.868+0000] {processor.py:830} INFO - Processing file /home/airflow/.local/lib/python3.8/site-packages/airflow/example_dags/example_latest_only.py for tasks to queue
[2024-02-13T12:41:43.869+0000] {logging_mixin.py:188} INFO - [2024-02-13T12:41:43.869+0000] {dagbag.py:538} INFO - Filling up the DagBag from /home/airflow/.local/lib/python3.8/site-packages/airflow/example_dags/example_latest_only.py
[2024-02-13T12:41:43.876+0000] {processor.py:840} INFO - DAG(s) 'latest_only' retrieved from /home/airflow/.local/lib/python3.8/site-packages/airflow/example_dags/example_latest_only.py
[2024-02-13T12:41:43.918+0000] {logging_mixin.py:188} INFO - [2024-02-13T12:41:43.918+0000] {dag.py:3036} INFO - Sync 1 DAGs
[2024-02-13T12:41:43.956+0000] {logging_mixin.py:188} INFO - [2024-02-13T12:41:43.956+0000] {dag.py:3823} INFO - Setting next_dagrun for latest_only to 2024-02-13 08:00:00+00:00, run_after=2024-02-13 12:00:00+00:00
[2024-02-13T12:41:43.997+0000] {processor.py:183} INFO - Processing /home/airflow/.local/lib/python3.8/site-packages/airflow/example_dags/example_latest_only.py took 0.137 seconds
[2024-02-13T12:42:14.681+0000] {processor.py:161} INFO - Started process (PID=3519) to work on /home/airflow/.local/lib/python3.8/site-packages/airflow/example_dags/example_latest_only.py
[2024-02-13T12:42:14.681+0000] {processor.py:830} INFO - Processing file /home/airflow/.local/lib/python3.8/site-packages/airflow/example_dags/example_latest_only.py for tasks to queue
[2024-02-13T12:42:14.682+0000] {logging_mixin.py:188} INFO - [2024-02-13T12:42:14.682+0000] {dagbag.py:538} INFO - Filling up the DagBag from /home/airflow/.local/lib/python3.8/site-packages/airflow/example_dags/example_latest_only.py
[2024-02-13T12:42:14.687+0000] {processor.py:840} INFO - DAG(s) 'latest_only' retrieved from /home/airflow/.local/lib/python3.8/site-packages/airflow/example_dags/example_latest_only.py
[2024-02-13T12:42:14.704+0000] {logging_mixin.py:188} INFO - [2024-02-13T12:42:14.704+0000] {dag.py:3036} INFO - Sync 1 DAGs
[2024-02-13T12:42:14.727+0000] {logging_mixin.py:188} INFO - [2024-02-13T12:42:14.727+0000] {dag.py:3823} INFO - Setting next_dagrun for latest_only to 2024-02-13 08:00:00+00:00, run_after=2024-02-13 12:00:00+00:00
[2024-02-13T12:42:14.746+0000] {processor.py:183} INFO - Processing /home/airflow/.local/lib/python3.8/site-packages/airflow/example_dags/example_latest_only.py took 0.068 seconds
[2024-02-13T12:42:45.536+0000] {processor.py:161} INFO - Started process (PID=3575) to work on /home/airflow/.local/lib/python3.8/site-packages/airflow/example_dags/example_latest_only.py
[2024-02-13T12:42:45.537+0000] {processor.py:830} INFO - Processing file /home/airflow/.local/lib/python3.8/site-packages/airflow/example_dags/example_latest_only.py for tasks to queue
[2024-02-13T12:42:45.538+0000] {logging_mixin.py:188} INFO - [2024-02-13T12:42:45.538+0000] {dagbag.py:538} INFO - Filling up the DagBag from /home/airflow/.local/lib/python3.8/site-packages/airflow/example_dags/example_latest_only.py
[2024-02-13T12:42:45.550+0000] {processor.py:840} INFO - DAG(s) 'latest_only' retrieved from /home/airflow/.local/lib/python3.8/site-packages/airflow/example_dags/example_latest_only.py
[2024-02-13T12:42:45.584+0000] {logging_mixin.py:188} INFO - [2024-02-13T12:42:45.584+0000] {dag.py:3036} INFO - Sync 1 DAGs
[2024-02-13T12:42:45.633+0000] {logging_mixin.py:188} INFO - [2024-02-13T12:42:45.633+0000] {dag.py:3823} INFO - Setting next_dagrun for latest_only to 2024-02-13 08:00:00+00:00, run_after=2024-02-13 12:00:00+00:00
[2024-02-13T12:42:45.669+0000] {processor.py:183} INFO - Processing /home/airflow/.local/lib/python3.8/site-packages/airflow/example_dags/example_latest_only.py took 0.140 seconds
