[2024-02-13T12:10:53.568+0000] {processor.py:161} INFO - Started process (PID=50) to work on /home/airflow/.local/lib/python3.8/site-packages/airflow/example_dags/example_sensor_decorator.py
[2024-02-13T12:10:53.569+0000] {processor.py:830} INFO - Processing file /home/airflow/.local/lib/python3.8/site-packages/airflow/example_dags/example_sensor_decorator.py for tasks to queue
[2024-02-13T12:10:53.571+0000] {logging_mixin.py:188} INFO - [2024-02-13T12:10:53.570+0000] {dagbag.py:538} INFO - Filling up the DagBag from /home/airflow/.local/lib/python3.8/site-packages/airflow/example_dags/example_sensor_decorator.py
[2024-02-13T12:10:53.585+0000] {processor.py:840} INFO - DAG(s) 'example_sensor_decorator' retrieved from /home/airflow/.local/lib/python3.8/site-packages/airflow/example_dags/example_sensor_decorator.py
[2024-02-13T12:10:53.796+0000] {logging_mixin.py:188} INFO - [2024-02-13T12:10:53.796+0000] {dag.py:3036} INFO - Sync 1 DAGs
[2024-02-13T12:10:53.813+0000] {logging_mixin.py:188} INFO - [2024-02-13T12:10:53.813+0000] {dag.py:3823} INFO - Setting next_dagrun for example_sensor_decorator to None, run_after=None
[2024-02-13T12:10:53.881+0000] {processor.py:183} INFO - Processing /home/airflow/.local/lib/python3.8/site-packages/airflow/example_dags/example_sensor_decorator.py took 0.317 seconds
[2024-02-13T12:11:24.435+0000] {processor.py:161} INFO - Started process (PID=106) to work on /home/airflow/.local/lib/python3.8/site-packages/airflow/example_dags/example_sensor_decorator.py
[2024-02-13T12:11:24.436+0000] {processor.py:830} INFO - Processing file /home/airflow/.local/lib/python3.8/site-packages/airflow/example_dags/example_sensor_decorator.py for tasks to queue
[2024-02-13T12:11:24.437+0000] {logging_mixin.py:188} INFO - [2024-02-13T12:11:24.437+0000] {dagbag.py:538} INFO - Filling up the DagBag from /home/airflow/.local/lib/python3.8/site-packages/airflow/example_dags/example_sensor_decorator.py
[2024-02-13T12:11:24.442+0000] {processor.py:840} INFO - DAG(s) 'example_sensor_decorator' retrieved from /home/airflow/.local/lib/python3.8/site-packages/airflow/example_dags/example_sensor_decorator.py
[2024-02-13T12:11:24.463+0000] {logging_mixin.py:188} INFO - [2024-02-13T12:11:24.463+0000] {dag.py:3036} INFO - Sync 1 DAGs
[2024-02-13T12:11:24.476+0000] {logging_mixin.py:188} INFO - [2024-02-13T12:11:24.476+0000] {dag.py:3823} INFO - Setting next_dagrun for example_sensor_decorator to None, run_after=None
[2024-02-13T12:11:24.496+0000] {processor.py:183} INFO - Processing /home/airflow/.local/lib/python3.8/site-packages/airflow/example_dags/example_sensor_decorator.py took 0.065 seconds
[2024-02-13T12:11:54.913+0000] {processor.py:161} INFO - Started process (PID=162) to work on /home/airflow/.local/lib/python3.8/site-packages/airflow/example_dags/example_sensor_decorator.py
[2024-02-13T12:11:54.914+0000] {processor.py:830} INFO - Processing file /home/airflow/.local/lib/python3.8/site-packages/airflow/example_dags/example_sensor_decorator.py for tasks to queue
[2024-02-13T12:11:54.915+0000] {logging_mixin.py:188} INFO - [2024-02-13T12:11:54.915+0000] {dagbag.py:538} INFO - Filling up the DagBag from /home/airflow/.local/lib/python3.8/site-packages/airflow/example_dags/example_sensor_decorator.py
[2024-02-13T12:11:54.922+0000] {processor.py:840} INFO - DAG(s) 'example_sensor_decorator' retrieved from /home/airflow/.local/lib/python3.8/site-packages/airflow/example_dags/example_sensor_decorator.py
[2024-02-13T12:11:54.942+0000] {logging_mixin.py:188} INFO - [2024-02-13T12:11:54.942+0000] {dag.py:3036} INFO - Sync 1 DAGs
[2024-02-13T12:11:54.955+0000] {logging_mixin.py:188} INFO - [2024-02-13T12:11:54.954+0000] {dag.py:3823} INFO - Setting next_dagrun for example_sensor_decorator to None, run_after=None
[2024-02-13T12:11:54.974+0000] {processor.py:183} INFO - Processing /home/airflow/.local/lib/python3.8/site-packages/airflow/example_dags/example_sensor_decorator.py took 0.065 seconds
[2024-02-13T12:12:27.048+0000] {processor.py:161} INFO - Started process (PID=219) to work on /home/airflow/.local/lib/python3.8/site-packages/airflow/example_dags/example_sensor_decorator.py
[2024-02-13T12:12:27.056+0000] {processor.py:830} INFO - Processing file /home/airflow/.local/lib/python3.8/site-packages/airflow/example_dags/example_sensor_decorator.py for tasks to queue
[2024-02-13T12:12:27.058+0000] {logging_mixin.py:188} INFO - [2024-02-13T12:12:27.058+0000] {dagbag.py:538} INFO - Filling up the DagBag from /home/airflow/.local/lib/python3.8/site-packages/airflow/example_dags/example_sensor_decorator.py
[2024-02-13T12:12:27.084+0000] {processor.py:840} INFO - DAG(s) 'example_sensor_decorator' retrieved from /home/airflow/.local/lib/python3.8/site-packages/airflow/example_dags/example_sensor_decorator.py
[2024-02-13T12:12:27.159+0000] {logging_mixin.py:188} INFO - [2024-02-13T12:12:27.158+0000] {dag.py:3036} INFO - Sync 1 DAGs
[2024-02-13T12:12:27.210+0000] {logging_mixin.py:188} INFO - [2024-02-13T12:12:27.209+0000] {dag.py:3823} INFO - Setting next_dagrun for example_sensor_decorator to None, run_after=None
[2024-02-13T12:12:27.300+0000] {processor.py:183} INFO - Processing /home/airflow/.local/lib/python3.8/site-packages/airflow/example_dags/example_sensor_decorator.py took 0.256 seconds
[2024-02-13T12:12:58.196+0000] {processor.py:161} INFO - Started process (PID=275) to work on /home/airflow/.local/lib/python3.8/site-packages/airflow/example_dags/example_sensor_decorator.py
[2024-02-13T12:12:58.198+0000] {processor.py:830} INFO - Processing file /home/airflow/.local/lib/python3.8/site-packages/airflow/example_dags/example_sensor_decorator.py for tasks to queue
[2024-02-13T12:12:58.202+0000] {logging_mixin.py:188} INFO - [2024-02-13T12:12:58.201+0000] {dagbag.py:538} INFO - Filling up the DagBag from /home/airflow/.local/lib/python3.8/site-packages/airflow/example_dags/example_sensor_decorator.py
[2024-02-13T12:12:58.230+0000] {processor.py:840} INFO - DAG(s) 'example_sensor_decorator' retrieved from /home/airflow/.local/lib/python3.8/site-packages/airflow/example_dags/example_sensor_decorator.py
[2024-02-13T12:12:58.348+0000] {logging_mixin.py:188} INFO - [2024-02-13T12:12:58.346+0000] {dag.py:3036} INFO - Sync 1 DAGs
[2024-02-13T12:12:58.427+0000] {logging_mixin.py:188} INFO - [2024-02-13T12:12:58.425+0000] {dag.py:3823} INFO - Setting next_dagrun for example_sensor_decorator to None, run_after=None
[2024-02-13T12:12:58.560+0000] {processor.py:183} INFO - Processing /home/airflow/.local/lib/python3.8/site-packages/airflow/example_dags/example_sensor_decorator.py took 0.384 seconds
[2024-02-13T12:13:30.306+0000] {processor.py:161} INFO - Started process (PID=330) to work on /home/airflow/.local/lib/python3.8/site-packages/airflow/example_dags/example_sensor_decorator.py
[2024-02-13T12:13:30.308+0000] {processor.py:830} INFO - Processing file /home/airflow/.local/lib/python3.8/site-packages/airflow/example_dags/example_sensor_decorator.py for tasks to queue
[2024-02-13T12:13:30.311+0000] {logging_mixin.py:188} INFO - [2024-02-13T12:13:30.309+0000] {dagbag.py:538} INFO - Filling up the DagBag from /home/airflow/.local/lib/python3.8/site-packages/airflow/example_dags/example_sensor_decorator.py
[2024-02-13T12:13:30.341+0000] {processor.py:840} INFO - DAG(s) 'example_sensor_decorator' retrieved from /home/airflow/.local/lib/python3.8/site-packages/airflow/example_dags/example_sensor_decorator.py
[2024-02-13T12:13:30.489+0000] {logging_mixin.py:188} INFO - [2024-02-13T12:13:30.487+0000] {dag.py:3036} INFO - Sync 1 DAGs
[2024-02-13T12:13:30.585+0000] {logging_mixin.py:188} INFO - [2024-02-13T12:13:30.584+0000] {dag.py:3823} INFO - Setting next_dagrun for example_sensor_decorator to None, run_after=None
[2024-02-13T12:13:30.742+0000] {processor.py:183} INFO - Processing /home/airflow/.local/lib/python3.8/site-packages/airflow/example_dags/example_sensor_decorator.py took 0.455 seconds
[2024-02-13T12:14:00.927+0000] {processor.py:161} INFO - Started process (PID=391) to work on /home/airflow/.local/lib/python3.8/site-packages/airflow/example_dags/example_sensor_decorator.py
[2024-02-13T12:14:00.929+0000] {processor.py:830} INFO - Processing file /home/airflow/.local/lib/python3.8/site-packages/airflow/example_dags/example_sensor_decorator.py for tasks to queue
[2024-02-13T12:14:00.930+0000] {logging_mixin.py:188} INFO - [2024-02-13T12:14:00.930+0000] {dagbag.py:538} INFO - Filling up the DagBag from /home/airflow/.local/lib/python3.8/site-packages/airflow/example_dags/example_sensor_decorator.py
[2024-02-13T12:14:00.964+0000] {processor.py:840} INFO - DAG(s) 'example_sensor_decorator' retrieved from /home/airflow/.local/lib/python3.8/site-packages/airflow/example_dags/example_sensor_decorator.py
[2024-02-13T12:14:01.013+0000] {logging_mixin.py:188} INFO - [2024-02-13T12:14:01.012+0000] {dag.py:3036} INFO - Sync 1 DAGs
[2024-02-13T12:14:01.051+0000] {logging_mixin.py:188} INFO - [2024-02-13T12:14:01.050+0000] {dag.py:3823} INFO - Setting next_dagrun for example_sensor_decorator to None, run_after=None
[2024-02-13T12:14:01.103+0000] {processor.py:183} INFO - Processing /home/airflow/.local/lib/python3.8/site-packages/airflow/example_dags/example_sensor_decorator.py took 0.194 seconds
[2024-02-13T12:14:31.184+0000] {processor.py:161} INFO - Started process (PID=446) to work on /home/airflow/.local/lib/python3.8/site-packages/airflow/example_dags/example_sensor_decorator.py
[2024-02-13T12:14:31.188+0000] {processor.py:830} INFO - Processing file /home/airflow/.local/lib/python3.8/site-packages/airflow/example_dags/example_sensor_decorator.py for tasks to queue
[2024-02-13T12:14:31.191+0000] {logging_mixin.py:188} INFO - [2024-02-13T12:14:31.190+0000] {dagbag.py:538} INFO - Filling up the DagBag from /home/airflow/.local/lib/python3.8/site-packages/airflow/example_dags/example_sensor_decorator.py
[2024-02-13T12:14:31.208+0000] {processor.py:840} INFO - DAG(s) 'example_sensor_decorator' retrieved from /home/airflow/.local/lib/python3.8/site-packages/airflow/example_dags/example_sensor_decorator.py
[2024-02-13T12:14:31.232+0000] {logging_mixin.py:188} INFO - [2024-02-13T12:14:31.231+0000] {dag.py:3036} INFO - Sync 1 DAGs
[2024-02-13T12:14:31.249+0000] {logging_mixin.py:188} INFO - [2024-02-13T12:14:31.248+0000] {dag.py:3823} INFO - Setting next_dagrun for example_sensor_decorator to None, run_after=None
[2024-02-13T12:14:31.287+0000] {processor.py:183} INFO - Processing /home/airflow/.local/lib/python3.8/site-packages/airflow/example_dags/example_sensor_decorator.py took 0.112 seconds
[2024-02-13T12:15:01.945+0000] {processor.py:161} INFO - Started process (PID=502) to work on /home/airflow/.local/lib/python3.8/site-packages/airflow/example_dags/example_sensor_decorator.py
[2024-02-13T12:15:01.945+0000] {processor.py:830} INFO - Processing file /home/airflow/.local/lib/python3.8/site-packages/airflow/example_dags/example_sensor_decorator.py for tasks to queue
[2024-02-13T12:15:01.946+0000] {logging_mixin.py:188} INFO - [2024-02-13T12:15:01.946+0000] {dagbag.py:538} INFO - Filling up the DagBag from /home/airflow/.local/lib/python3.8/site-packages/airflow/example_dags/example_sensor_decorator.py
[2024-02-13T12:15:01.951+0000] {processor.py:840} INFO - DAG(s) 'example_sensor_decorator' retrieved from /home/airflow/.local/lib/python3.8/site-packages/airflow/example_dags/example_sensor_decorator.py
[2024-02-13T12:15:01.970+0000] {logging_mixin.py:188} INFO - [2024-02-13T12:15:01.970+0000] {dag.py:3036} INFO - Sync 1 DAGs
[2024-02-13T12:15:01.982+0000] {logging_mixin.py:188} INFO - [2024-02-13T12:15:01.982+0000] {dag.py:3823} INFO - Setting next_dagrun for example_sensor_decorator to None, run_after=None
[2024-02-13T12:15:02.000+0000] {processor.py:183} INFO - Processing /home/airflow/.local/lib/python3.8/site-packages/airflow/example_dags/example_sensor_decorator.py took 0.059 seconds
[2024-02-13T12:15:32.972+0000] {processor.py:161} INFO - Started process (PID=558) to work on /home/airflow/.local/lib/python3.8/site-packages/airflow/example_dags/example_sensor_decorator.py
[2024-02-13T12:15:32.975+0000] {processor.py:830} INFO - Processing file /home/airflow/.local/lib/python3.8/site-packages/airflow/example_dags/example_sensor_decorator.py for tasks to queue
[2024-02-13T12:15:32.976+0000] {logging_mixin.py:188} INFO - [2024-02-13T12:15:32.976+0000] {dagbag.py:538} INFO - Filling up the DagBag from /home/airflow/.local/lib/python3.8/site-packages/airflow/example_dags/example_sensor_decorator.py
[2024-02-13T12:15:32.984+0000] {processor.py:840} INFO - DAG(s) 'example_sensor_decorator' retrieved from /home/airflow/.local/lib/python3.8/site-packages/airflow/example_dags/example_sensor_decorator.py
[2024-02-13T12:15:33.013+0000] {logging_mixin.py:188} INFO - [2024-02-13T12:15:33.013+0000] {dag.py:3036} INFO - Sync 1 DAGs
[2024-02-13T12:15:33.029+0000] {logging_mixin.py:188} INFO - [2024-02-13T12:15:33.029+0000] {dag.py:3823} INFO - Setting next_dagrun for example_sensor_decorator to None, run_after=None
[2024-02-13T12:15:33.065+0000] {processor.py:183} INFO - Processing /home/airflow/.local/lib/python3.8/site-packages/airflow/example_dags/example_sensor_decorator.py took 0.098 seconds
[2024-02-13T12:16:03.555+0000] {processor.py:161} INFO - Started process (PID=613) to work on /home/airflow/.local/lib/python3.8/site-packages/airflow/example_dags/example_sensor_decorator.py
[2024-02-13T12:16:03.556+0000] {processor.py:830} INFO - Processing file /home/airflow/.local/lib/python3.8/site-packages/airflow/example_dags/example_sensor_decorator.py for tasks to queue
[2024-02-13T12:16:03.557+0000] {logging_mixin.py:188} INFO - [2024-02-13T12:16:03.557+0000] {dagbag.py:538} INFO - Filling up the DagBag from /home/airflow/.local/lib/python3.8/site-packages/airflow/example_dags/example_sensor_decorator.py
[2024-02-13T12:16:03.569+0000] {processor.py:840} INFO - DAG(s) 'example_sensor_decorator' retrieved from /home/airflow/.local/lib/python3.8/site-packages/airflow/example_dags/example_sensor_decorator.py
[2024-02-13T12:16:03.598+0000] {logging_mixin.py:188} INFO - [2024-02-13T12:16:03.597+0000] {dag.py:3036} INFO - Sync 1 DAGs
[2024-02-13T12:16:03.614+0000] {logging_mixin.py:188} INFO - [2024-02-13T12:16:03.613+0000] {dag.py:3823} INFO - Setting next_dagrun for example_sensor_decorator to None, run_after=None
[2024-02-13T12:16:03.641+0000] {processor.py:183} INFO - Processing /home/airflow/.local/lib/python3.8/site-packages/airflow/example_dags/example_sensor_decorator.py took 0.090 seconds
[2024-02-13T12:16:34.254+0000] {processor.py:161} INFO - Started process (PID=670) to work on /home/airflow/.local/lib/python3.8/site-packages/airflow/example_dags/example_sensor_decorator.py
[2024-02-13T12:16:34.255+0000] {processor.py:830} INFO - Processing file /home/airflow/.local/lib/python3.8/site-packages/airflow/example_dags/example_sensor_decorator.py for tasks to queue
[2024-02-13T12:16:34.256+0000] {logging_mixin.py:188} INFO - [2024-02-13T12:16:34.255+0000] {dagbag.py:538} INFO - Filling up the DagBag from /home/airflow/.local/lib/python3.8/site-packages/airflow/example_dags/example_sensor_decorator.py
[2024-02-13T12:16:34.261+0000] {processor.py:840} INFO - DAG(s) 'example_sensor_decorator' retrieved from /home/airflow/.local/lib/python3.8/site-packages/airflow/example_dags/example_sensor_decorator.py
[2024-02-13T12:16:34.279+0000] {logging_mixin.py:188} INFO - [2024-02-13T12:16:34.279+0000] {dag.py:3036} INFO - Sync 1 DAGs
[2024-02-13T12:16:34.292+0000] {logging_mixin.py:188} INFO - [2024-02-13T12:16:34.291+0000] {dag.py:3823} INFO - Setting next_dagrun for example_sensor_decorator to None, run_after=None
[2024-02-13T12:16:34.309+0000] {processor.py:183} INFO - Processing /home/airflow/.local/lib/python3.8/site-packages/airflow/example_dags/example_sensor_decorator.py took 0.058 seconds
[2024-02-13T12:17:04.471+0000] {processor.py:161} INFO - Started process (PID=726) to work on /home/airflow/.local/lib/python3.8/site-packages/airflow/example_dags/example_sensor_decorator.py
[2024-02-13T12:17:04.471+0000] {processor.py:830} INFO - Processing file /home/airflow/.local/lib/python3.8/site-packages/airflow/example_dags/example_sensor_decorator.py for tasks to queue
[2024-02-13T12:17:04.472+0000] {logging_mixin.py:188} INFO - [2024-02-13T12:17:04.472+0000] {dagbag.py:538} INFO - Filling up the DagBag from /home/airflow/.local/lib/python3.8/site-packages/airflow/example_dags/example_sensor_decorator.py
[2024-02-13T12:17:04.478+0000] {processor.py:840} INFO - DAG(s) 'example_sensor_decorator' retrieved from /home/airflow/.local/lib/python3.8/site-packages/airflow/example_dags/example_sensor_decorator.py
[2024-02-13T12:17:04.497+0000] {logging_mixin.py:188} INFO - [2024-02-13T12:17:04.496+0000] {dag.py:3036} INFO - Sync 1 DAGs
[2024-02-13T12:17:04.508+0000] {logging_mixin.py:188} INFO - [2024-02-13T12:17:04.508+0000] {dag.py:3823} INFO - Setting next_dagrun for example_sensor_decorator to None, run_after=None
[2024-02-13T12:17:04.524+0000] {processor.py:183} INFO - Processing /home/airflow/.local/lib/python3.8/site-packages/airflow/example_dags/example_sensor_decorator.py took 0.056 seconds
[2024-02-13T12:17:35.932+0000] {processor.py:161} INFO - Started process (PID=790) to work on /home/airflow/.local/lib/python3.8/site-packages/airflow/example_dags/example_sensor_decorator.py
[2024-02-13T12:17:35.945+0000] {processor.py:830} INFO - Processing file /home/airflow/.local/lib/python3.8/site-packages/airflow/example_dags/example_sensor_decorator.py for tasks to queue
[2024-02-13T12:17:35.948+0000] {logging_mixin.py:188} INFO - [2024-02-13T12:17:35.947+0000] {dagbag.py:538} INFO - Filling up the DagBag from /home/airflow/.local/lib/python3.8/site-packages/airflow/example_dags/example_sensor_decorator.py
[2024-02-13T12:17:35.978+0000] {processor.py:840} INFO - DAG(s) 'example_sensor_decorator' retrieved from /home/airflow/.local/lib/python3.8/site-packages/airflow/example_dags/example_sensor_decorator.py
[2024-02-13T12:17:36.078+0000] {logging_mixin.py:188} INFO - [2024-02-13T12:17:36.076+0000] {dag.py:3036} INFO - Sync 1 DAGs
[2024-02-13T12:17:36.149+0000] {logging_mixin.py:188} INFO - [2024-02-13T12:17:36.148+0000] {dag.py:3823} INFO - Setting next_dagrun for example_sensor_decorator to None, run_after=None
[2024-02-13T12:17:36.227+0000] {processor.py:183} INFO - Processing /home/airflow/.local/lib/python3.8/site-packages/airflow/example_dags/example_sensor_decorator.py took 0.325 seconds
[2024-02-13T12:18:07.016+0000] {processor.py:161} INFO - Started process (PID=846) to work on /home/airflow/.local/lib/python3.8/site-packages/airflow/example_dags/example_sensor_decorator.py
[2024-02-13T12:18:07.024+0000] {processor.py:830} INFO - Processing file /home/airflow/.local/lib/python3.8/site-packages/airflow/example_dags/example_sensor_decorator.py for tasks to queue
[2024-02-13T12:18:07.025+0000] {logging_mixin.py:188} INFO - [2024-02-13T12:18:07.025+0000] {dagbag.py:538} INFO - Filling up the DagBag from /home/airflow/.local/lib/python3.8/site-packages/airflow/example_dags/example_sensor_decorator.py
[2024-02-13T12:18:07.042+0000] {processor.py:840} INFO - DAG(s) 'example_sensor_decorator' retrieved from /home/airflow/.local/lib/python3.8/site-packages/airflow/example_dags/example_sensor_decorator.py
[2024-02-13T12:18:07.080+0000] {logging_mixin.py:188} INFO - [2024-02-13T12:18:07.080+0000] {dag.py:3036} INFO - Sync 1 DAGs
[2024-02-13T12:18:07.104+0000] {logging_mixin.py:188} INFO - [2024-02-13T12:18:07.103+0000] {dag.py:3823} INFO - Setting next_dagrun for example_sensor_decorator to None, run_after=None
[2024-02-13T12:18:07.151+0000] {processor.py:183} INFO - Processing /home/airflow/.local/lib/python3.8/site-packages/airflow/example_dags/example_sensor_decorator.py took 0.140 seconds
[2024-02-13T12:18:38.291+0000] {processor.py:161} INFO - Started process (PID=903) to work on /home/airflow/.local/lib/python3.8/site-packages/airflow/example_dags/example_sensor_decorator.py
[2024-02-13T12:18:38.299+0000] {processor.py:830} INFO - Processing file /home/airflow/.local/lib/python3.8/site-packages/airflow/example_dags/example_sensor_decorator.py for tasks to queue
[2024-02-13T12:18:38.302+0000] {logging_mixin.py:188} INFO - [2024-02-13T12:18:38.301+0000] {dagbag.py:538} INFO - Filling up the DagBag from /home/airflow/.local/lib/python3.8/site-packages/airflow/example_dags/example_sensor_decorator.py
[2024-02-13T12:18:38.323+0000] {processor.py:840} INFO - DAG(s) 'example_sensor_decorator' retrieved from /home/airflow/.local/lib/python3.8/site-packages/airflow/example_dags/example_sensor_decorator.py
[2024-02-13T12:18:38.395+0000] {logging_mixin.py:188} INFO - [2024-02-13T12:18:38.394+0000] {dag.py:3036} INFO - Sync 1 DAGs
[2024-02-13T12:18:38.446+0000] {logging_mixin.py:188} INFO - [2024-02-13T12:18:38.445+0000] {dag.py:3823} INFO - Setting next_dagrun for example_sensor_decorator to None, run_after=None
[2024-02-13T12:18:38.515+0000] {processor.py:183} INFO - Processing /home/airflow/.local/lib/python3.8/site-packages/airflow/example_dags/example_sensor_decorator.py took 0.230 seconds
[2024-02-13T12:19:08.751+0000] {processor.py:161} INFO - Started process (PID=959) to work on /home/airflow/.local/lib/python3.8/site-packages/airflow/example_dags/example_sensor_decorator.py
[2024-02-13T12:19:08.756+0000] {processor.py:830} INFO - Processing file /home/airflow/.local/lib/python3.8/site-packages/airflow/example_dags/example_sensor_decorator.py for tasks to queue
[2024-02-13T12:19:08.761+0000] {logging_mixin.py:188} INFO - [2024-02-13T12:19:08.760+0000] {dagbag.py:538} INFO - Filling up the DagBag from /home/airflow/.local/lib/python3.8/site-packages/airflow/example_dags/example_sensor_decorator.py
[2024-02-13T12:19:08.776+0000] {processor.py:840} INFO - DAG(s) 'example_sensor_decorator' retrieved from /home/airflow/.local/lib/python3.8/site-packages/airflow/example_dags/example_sensor_decorator.py
[2024-02-13T12:19:08.827+0000] {logging_mixin.py:188} INFO - [2024-02-13T12:19:08.827+0000] {dag.py:3036} INFO - Sync 1 DAGs
[2024-02-13T12:19:08.861+0000] {logging_mixin.py:188} INFO - [2024-02-13T12:19:08.861+0000] {dag.py:3823} INFO - Setting next_dagrun for example_sensor_decorator to None, run_after=None
[2024-02-13T12:19:08.893+0000] {processor.py:183} INFO - Processing /home/airflow/.local/lib/python3.8/site-packages/airflow/example_dags/example_sensor_decorator.py took 0.153 seconds
[2024-02-13T12:19:39.802+0000] {processor.py:161} INFO - Started process (PID=1015) to work on /home/airflow/.local/lib/python3.8/site-packages/airflow/example_dags/example_sensor_decorator.py
[2024-02-13T12:19:39.818+0000] {processor.py:830} INFO - Processing file /home/airflow/.local/lib/python3.8/site-packages/airflow/example_dags/example_sensor_decorator.py for tasks to queue
[2024-02-13T12:19:39.826+0000] {logging_mixin.py:188} INFO - [2024-02-13T12:19:39.823+0000] {dagbag.py:538} INFO - Filling up the DagBag from /home/airflow/.local/lib/python3.8/site-packages/airflow/example_dags/example_sensor_decorator.py
[2024-02-13T12:19:39.846+0000] {processor.py:840} INFO - DAG(s) 'example_sensor_decorator' retrieved from /home/airflow/.local/lib/python3.8/site-packages/airflow/example_dags/example_sensor_decorator.py
[2024-02-13T12:19:39.942+0000] {logging_mixin.py:188} INFO - [2024-02-13T12:19:39.939+0000] {dag.py:3036} INFO - Sync 1 DAGs
[2024-02-13T12:19:39.995+0000] {logging_mixin.py:188} INFO - [2024-02-13T12:19:39.994+0000] {dag.py:3823} INFO - Setting next_dagrun for example_sensor_decorator to None, run_after=None
[2024-02-13T12:19:40.096+0000] {processor.py:183} INFO - Processing /home/airflow/.local/lib/python3.8/site-packages/airflow/example_dags/example_sensor_decorator.py took 0.307 seconds
[2024-02-13T12:20:10.219+0000] {processor.py:161} INFO - Started process (PID=1070) to work on /home/airflow/.local/lib/python3.8/site-packages/airflow/example_dags/example_sensor_decorator.py
[2024-02-13T12:20:10.221+0000] {processor.py:830} INFO - Processing file /home/airflow/.local/lib/python3.8/site-packages/airflow/example_dags/example_sensor_decorator.py for tasks to queue
[2024-02-13T12:20:10.224+0000] {logging_mixin.py:188} INFO - [2024-02-13T12:20:10.223+0000] {dagbag.py:538} INFO - Filling up the DagBag from /home/airflow/.local/lib/python3.8/site-packages/airflow/example_dags/example_sensor_decorator.py
[2024-02-13T12:20:10.237+0000] {processor.py:840} INFO - DAG(s) 'example_sensor_decorator' retrieved from /home/airflow/.local/lib/python3.8/site-packages/airflow/example_dags/example_sensor_decorator.py
[2024-02-13T12:20:10.260+0000] {logging_mixin.py:188} INFO - [2024-02-13T12:20:10.260+0000] {dag.py:3036} INFO - Sync 1 DAGs
[2024-02-13T12:20:10.275+0000] {logging_mixin.py:188} INFO - [2024-02-13T12:20:10.275+0000] {dag.py:3823} INFO - Setting next_dagrun for example_sensor_decorator to None, run_after=None
[2024-02-13T12:20:10.293+0000] {processor.py:183} INFO - Processing /home/airflow/.local/lib/python3.8/site-packages/airflow/example_dags/example_sensor_decorator.py took 0.084 seconds
[2024-02-13T12:20:41.117+0000] {processor.py:161} INFO - Started process (PID=1126) to work on /home/airflow/.local/lib/python3.8/site-packages/airflow/example_dags/example_sensor_decorator.py
[2024-02-13T12:20:41.120+0000] {processor.py:830} INFO - Processing file /home/airflow/.local/lib/python3.8/site-packages/airflow/example_dags/example_sensor_decorator.py for tasks to queue
[2024-02-13T12:20:41.122+0000] {logging_mixin.py:188} INFO - [2024-02-13T12:20:41.121+0000] {dagbag.py:538} INFO - Filling up the DagBag from /home/airflow/.local/lib/python3.8/site-packages/airflow/example_dags/example_sensor_decorator.py
[2024-02-13T12:20:41.131+0000] {processor.py:840} INFO - DAG(s) 'example_sensor_decorator' retrieved from /home/airflow/.local/lib/python3.8/site-packages/airflow/example_dags/example_sensor_decorator.py
[2024-02-13T12:20:41.167+0000] {logging_mixin.py:188} INFO - [2024-02-13T12:20:41.167+0000] {dag.py:3036} INFO - Sync 1 DAGs
[2024-02-13T12:20:41.188+0000] {logging_mixin.py:188} INFO - [2024-02-13T12:20:41.187+0000] {dag.py:3823} INFO - Setting next_dagrun for example_sensor_decorator to None, run_after=None
[2024-02-13T12:20:41.225+0000] {processor.py:183} INFO - Processing /home/airflow/.local/lib/python3.8/site-packages/airflow/example_dags/example_sensor_decorator.py took 0.112 seconds
[2024-02-13T12:21:11.802+0000] {processor.py:161} INFO - Started process (PID=1182) to work on /home/airflow/.local/lib/python3.8/site-packages/airflow/example_dags/example_sensor_decorator.py
[2024-02-13T12:21:11.802+0000] {processor.py:830} INFO - Processing file /home/airflow/.local/lib/python3.8/site-packages/airflow/example_dags/example_sensor_decorator.py for tasks to queue
[2024-02-13T12:21:11.803+0000] {logging_mixin.py:188} INFO - [2024-02-13T12:21:11.803+0000] {dagbag.py:538} INFO - Filling up the DagBag from /home/airflow/.local/lib/python3.8/site-packages/airflow/example_dags/example_sensor_decorator.py
[2024-02-13T12:21:11.810+0000] {processor.py:840} INFO - DAG(s) 'example_sensor_decorator' retrieved from /home/airflow/.local/lib/python3.8/site-packages/airflow/example_dags/example_sensor_decorator.py
[2024-02-13T12:21:11.831+0000] {logging_mixin.py:188} INFO - [2024-02-13T12:21:11.830+0000] {dag.py:3036} INFO - Sync 1 DAGs
[2024-02-13T12:21:11.844+0000] {logging_mixin.py:188} INFO - [2024-02-13T12:21:11.844+0000] {dag.py:3823} INFO - Setting next_dagrun for example_sensor_decorator to None, run_after=None
[2024-02-13T12:21:11.861+0000] {processor.py:183} INFO - Processing /home/airflow/.local/lib/python3.8/site-packages/airflow/example_dags/example_sensor_decorator.py took 0.063 seconds
[2024-02-13T12:21:42.005+0000] {processor.py:161} INFO - Started process (PID=1239) to work on /home/airflow/.local/lib/python3.8/site-packages/airflow/example_dags/example_sensor_decorator.py
[2024-02-13T12:21:42.007+0000] {processor.py:830} INFO - Processing file /home/airflow/.local/lib/python3.8/site-packages/airflow/example_dags/example_sensor_decorator.py for tasks to queue
[2024-02-13T12:21:42.009+0000] {logging_mixin.py:188} INFO - [2024-02-13T12:21:42.008+0000] {dagbag.py:538} INFO - Filling up the DagBag from /home/airflow/.local/lib/python3.8/site-packages/airflow/example_dags/example_sensor_decorator.py
[2024-02-13T12:21:42.018+0000] {processor.py:840} INFO - DAG(s) 'example_sensor_decorator' retrieved from /home/airflow/.local/lib/python3.8/site-packages/airflow/example_dags/example_sensor_decorator.py
[2024-02-13T12:21:42.040+0000] {logging_mixin.py:188} INFO - [2024-02-13T12:21:42.040+0000] {dag.py:3036} INFO - Sync 1 DAGs
[2024-02-13T12:21:42.054+0000] {logging_mixin.py:188} INFO - [2024-02-13T12:21:42.053+0000] {dag.py:3823} INFO - Setting next_dagrun for example_sensor_decorator to None, run_after=None
[2024-02-13T12:21:42.071+0000] {processor.py:183} INFO - Processing /home/airflow/.local/lib/python3.8/site-packages/airflow/example_dags/example_sensor_decorator.py took 0.075 seconds
[2024-02-13T12:22:12.165+0000] {processor.py:161} INFO - Started process (PID=1296) to work on /home/airflow/.local/lib/python3.8/site-packages/airflow/example_dags/example_sensor_decorator.py
[2024-02-13T12:22:12.166+0000] {processor.py:830} INFO - Processing file /home/airflow/.local/lib/python3.8/site-packages/airflow/example_dags/example_sensor_decorator.py for tasks to queue
[2024-02-13T12:22:12.167+0000] {logging_mixin.py:188} INFO - [2024-02-13T12:22:12.167+0000] {dagbag.py:538} INFO - Filling up the DagBag from /home/airflow/.local/lib/python3.8/site-packages/airflow/example_dags/example_sensor_decorator.py
[2024-02-13T12:22:12.173+0000] {processor.py:840} INFO - DAG(s) 'example_sensor_decorator' retrieved from /home/airflow/.local/lib/python3.8/site-packages/airflow/example_dags/example_sensor_decorator.py
[2024-02-13T12:22:12.198+0000] {logging_mixin.py:188} INFO - [2024-02-13T12:22:12.198+0000] {dag.py:3036} INFO - Sync 1 DAGs
[2024-02-13T12:22:12.214+0000] {logging_mixin.py:188} INFO - [2024-02-13T12:22:12.213+0000] {dag.py:3823} INFO - Setting next_dagrun for example_sensor_decorator to None, run_after=None
[2024-02-13T12:22:12.233+0000] {processor.py:183} INFO - Processing /home/airflow/.local/lib/python3.8/site-packages/airflow/example_dags/example_sensor_decorator.py took 0.071 seconds
[2024-02-13T12:22:42.262+0000] {processor.py:161} INFO - Started process (PID=1351) to work on /home/airflow/.local/lib/python3.8/site-packages/airflow/example_dags/example_sensor_decorator.py
[2024-02-13T12:22:42.263+0000] {processor.py:830} INFO - Processing file /home/airflow/.local/lib/python3.8/site-packages/airflow/example_dags/example_sensor_decorator.py for tasks to queue
[2024-02-13T12:22:42.264+0000] {logging_mixin.py:188} INFO - [2024-02-13T12:22:42.263+0000] {dagbag.py:538} INFO - Filling up the DagBag from /home/airflow/.local/lib/python3.8/site-packages/airflow/example_dags/example_sensor_decorator.py
[2024-02-13T12:22:42.269+0000] {processor.py:840} INFO - DAG(s) 'example_sensor_decorator' retrieved from /home/airflow/.local/lib/python3.8/site-packages/airflow/example_dags/example_sensor_decorator.py
[2024-02-13T12:22:42.288+0000] {logging_mixin.py:188} INFO - [2024-02-13T12:22:42.288+0000] {dag.py:3036} INFO - Sync 1 DAGs
[2024-02-13T12:22:42.300+0000] {logging_mixin.py:188} INFO - [2024-02-13T12:22:42.300+0000] {dag.py:3823} INFO - Setting next_dagrun for example_sensor_decorator to None, run_after=None
[2024-02-13T12:22:42.319+0000] {processor.py:183} INFO - Processing /home/airflow/.local/lib/python3.8/site-packages/airflow/example_dags/example_sensor_decorator.py took 0.061 seconds
[2024-02-13T12:23:13.226+0000] {processor.py:161} INFO - Started process (PID=1407) to work on /home/airflow/.local/lib/python3.8/site-packages/airflow/example_dags/example_sensor_decorator.py
[2024-02-13T12:23:13.228+0000] {processor.py:830} INFO - Processing file /home/airflow/.local/lib/python3.8/site-packages/airflow/example_dags/example_sensor_decorator.py for tasks to queue
[2024-02-13T12:23:13.229+0000] {logging_mixin.py:188} INFO - [2024-02-13T12:23:13.229+0000] {dagbag.py:538} INFO - Filling up the DagBag from /home/airflow/.local/lib/python3.8/site-packages/airflow/example_dags/example_sensor_decorator.py
[2024-02-13T12:23:13.236+0000] {processor.py:840} INFO - DAG(s) 'example_sensor_decorator' retrieved from /home/airflow/.local/lib/python3.8/site-packages/airflow/example_dags/example_sensor_decorator.py
[2024-02-13T12:23:13.258+0000] {logging_mixin.py:188} INFO - [2024-02-13T12:23:13.258+0000] {dag.py:3036} INFO - Sync 1 DAGs
[2024-02-13T12:23:13.278+0000] {logging_mixin.py:188} INFO - [2024-02-13T12:23:13.278+0000] {dag.py:3823} INFO - Setting next_dagrun for example_sensor_decorator to None, run_after=None
[2024-02-13T12:23:13.299+0000] {processor.py:183} INFO - Processing /home/airflow/.local/lib/python3.8/site-packages/airflow/example_dags/example_sensor_decorator.py took 0.079 seconds
[2024-02-13T12:23:43.778+0000] {processor.py:161} INFO - Started process (PID=1463) to work on /home/airflow/.local/lib/python3.8/site-packages/airflow/example_dags/example_sensor_decorator.py
[2024-02-13T12:23:43.779+0000] {processor.py:830} INFO - Processing file /home/airflow/.local/lib/python3.8/site-packages/airflow/example_dags/example_sensor_decorator.py for tasks to queue
[2024-02-13T12:23:43.780+0000] {logging_mixin.py:188} INFO - [2024-02-13T12:23:43.779+0000] {dagbag.py:538} INFO - Filling up the DagBag from /home/airflow/.local/lib/python3.8/site-packages/airflow/example_dags/example_sensor_decorator.py
[2024-02-13T12:23:43.785+0000] {processor.py:840} INFO - DAG(s) 'example_sensor_decorator' retrieved from /home/airflow/.local/lib/python3.8/site-packages/airflow/example_dags/example_sensor_decorator.py
[2024-02-13T12:23:43.809+0000] {logging_mixin.py:188} INFO - [2024-02-13T12:23:43.809+0000] {dag.py:3036} INFO - Sync 1 DAGs
[2024-02-13T12:23:43.826+0000] {logging_mixin.py:188} INFO - [2024-02-13T12:23:43.825+0000] {dag.py:3823} INFO - Setting next_dagrun for example_sensor_decorator to None, run_after=None
[2024-02-13T12:23:43.849+0000] {processor.py:183} INFO - Processing /home/airflow/.local/lib/python3.8/site-packages/airflow/example_dags/example_sensor_decorator.py took 0.074 seconds
[2024-02-13T12:24:14.630+0000] {processor.py:161} INFO - Started process (PID=1519) to work on /home/airflow/.local/lib/python3.8/site-packages/airflow/example_dags/example_sensor_decorator.py
[2024-02-13T12:24:14.633+0000] {processor.py:830} INFO - Processing file /home/airflow/.local/lib/python3.8/site-packages/airflow/example_dags/example_sensor_decorator.py for tasks to queue
[2024-02-13T12:24:14.634+0000] {logging_mixin.py:188} INFO - [2024-02-13T12:24:14.634+0000] {dagbag.py:538} INFO - Filling up the DagBag from /home/airflow/.local/lib/python3.8/site-packages/airflow/example_dags/example_sensor_decorator.py
[2024-02-13T12:24:14.643+0000] {processor.py:840} INFO - DAG(s) 'example_sensor_decorator' retrieved from /home/airflow/.local/lib/python3.8/site-packages/airflow/example_dags/example_sensor_decorator.py
[2024-02-13T12:24:14.679+0000] {logging_mixin.py:188} INFO - [2024-02-13T12:24:14.679+0000] {dag.py:3036} INFO - Sync 1 DAGs
[2024-02-13T12:24:14.693+0000] {logging_mixin.py:188} INFO - [2024-02-13T12:24:14.693+0000] {dag.py:3823} INFO - Setting next_dagrun for example_sensor_decorator to None, run_after=None
[2024-02-13T12:24:14.711+0000] {processor.py:183} INFO - Processing /home/airflow/.local/lib/python3.8/site-packages/airflow/example_dags/example_sensor_decorator.py took 0.085 seconds
[2024-02-13T12:24:45.451+0000] {processor.py:161} INFO - Started process (PID=1575) to work on /home/airflow/.local/lib/python3.8/site-packages/airflow/example_dags/example_sensor_decorator.py
[2024-02-13T12:24:45.452+0000] {processor.py:830} INFO - Processing file /home/airflow/.local/lib/python3.8/site-packages/airflow/example_dags/example_sensor_decorator.py for tasks to queue
[2024-02-13T12:24:45.453+0000] {logging_mixin.py:188} INFO - [2024-02-13T12:24:45.453+0000] {dagbag.py:538} INFO - Filling up the DagBag from /home/airflow/.local/lib/python3.8/site-packages/airflow/example_dags/example_sensor_decorator.py
[2024-02-13T12:24:45.462+0000] {processor.py:840} INFO - DAG(s) 'example_sensor_decorator' retrieved from /home/airflow/.local/lib/python3.8/site-packages/airflow/example_dags/example_sensor_decorator.py
[2024-02-13T12:24:45.485+0000] {logging_mixin.py:188} INFO - [2024-02-13T12:24:45.485+0000] {dag.py:3036} INFO - Sync 1 DAGs
[2024-02-13T12:24:45.499+0000] {logging_mixin.py:188} INFO - [2024-02-13T12:24:45.499+0000] {dag.py:3823} INFO - Setting next_dagrun for example_sensor_decorator to None, run_after=None
[2024-02-13T12:24:45.517+0000] {processor.py:183} INFO - Processing /home/airflow/.local/lib/python3.8/site-packages/airflow/example_dags/example_sensor_decorator.py took 0.071 seconds
[2024-02-13T12:25:15.820+0000] {processor.py:161} INFO - Started process (PID=1631) to work on /home/airflow/.local/lib/python3.8/site-packages/airflow/example_dags/example_sensor_decorator.py
[2024-02-13T12:25:15.821+0000] {processor.py:830} INFO - Processing file /home/airflow/.local/lib/python3.8/site-packages/airflow/example_dags/example_sensor_decorator.py for tasks to queue
[2024-02-13T12:25:15.822+0000] {logging_mixin.py:188} INFO - [2024-02-13T12:25:15.822+0000] {dagbag.py:538} INFO - Filling up the DagBag from /home/airflow/.local/lib/python3.8/site-packages/airflow/example_dags/example_sensor_decorator.py
[2024-02-13T12:25:15.829+0000] {processor.py:840} INFO - DAG(s) 'example_sensor_decorator' retrieved from /home/airflow/.local/lib/python3.8/site-packages/airflow/example_dags/example_sensor_decorator.py
[2024-02-13T12:25:15.856+0000] {logging_mixin.py:188} INFO - [2024-02-13T12:25:15.856+0000] {dag.py:3036} INFO - Sync 1 DAGs
[2024-02-13T12:25:15.874+0000] {logging_mixin.py:188} INFO - [2024-02-13T12:25:15.874+0000] {dag.py:3823} INFO - Setting next_dagrun for example_sensor_decorator to None, run_after=None
[2024-02-13T12:25:15.894+0000] {processor.py:183} INFO - Processing /home/airflow/.local/lib/python3.8/site-packages/airflow/example_dags/example_sensor_decorator.py took 0.080 seconds
[2024-02-13T12:25:46.285+0000] {processor.py:161} INFO - Started process (PID=1687) to work on /home/airflow/.local/lib/python3.8/site-packages/airflow/example_dags/example_sensor_decorator.py
[2024-02-13T12:25:46.286+0000] {processor.py:830} INFO - Processing file /home/airflow/.local/lib/python3.8/site-packages/airflow/example_dags/example_sensor_decorator.py for tasks to queue
[2024-02-13T12:25:46.287+0000] {logging_mixin.py:188} INFO - [2024-02-13T12:25:46.287+0000] {dagbag.py:538} INFO - Filling up the DagBag from /home/airflow/.local/lib/python3.8/site-packages/airflow/example_dags/example_sensor_decorator.py
[2024-02-13T12:25:46.301+0000] {processor.py:840} INFO - DAG(s) 'example_sensor_decorator' retrieved from /home/airflow/.local/lib/python3.8/site-packages/airflow/example_dags/example_sensor_decorator.py
[2024-02-13T12:25:46.348+0000] {logging_mixin.py:188} INFO - [2024-02-13T12:25:46.347+0000] {dag.py:3036} INFO - Sync 1 DAGs
[2024-02-13T12:25:46.377+0000] {logging_mixin.py:188} INFO - [2024-02-13T12:25:46.376+0000] {dag.py:3823} INFO - Setting next_dagrun for example_sensor_decorator to None, run_after=None
[2024-02-13T12:25:46.416+0000] {processor.py:183} INFO - Processing /home/airflow/.local/lib/python3.8/site-packages/airflow/example_dags/example_sensor_decorator.py took 0.138 seconds
[2024-02-13T12:26:16.834+0000] {processor.py:161} INFO - Started process (PID=1743) to work on /home/airflow/.local/lib/python3.8/site-packages/airflow/example_dags/example_sensor_decorator.py
[2024-02-13T12:26:16.836+0000] {processor.py:830} INFO - Processing file /home/airflow/.local/lib/python3.8/site-packages/airflow/example_dags/example_sensor_decorator.py for tasks to queue
[2024-02-13T12:26:16.837+0000] {logging_mixin.py:188} INFO - [2024-02-13T12:26:16.837+0000] {dagbag.py:538} INFO - Filling up the DagBag from /home/airflow/.local/lib/python3.8/site-packages/airflow/example_dags/example_sensor_decorator.py
[2024-02-13T12:26:16.855+0000] {processor.py:840} INFO - DAG(s) 'example_sensor_decorator' retrieved from /home/airflow/.local/lib/python3.8/site-packages/airflow/example_dags/example_sensor_decorator.py
[2024-02-13T12:26:16.908+0000] {logging_mixin.py:188} INFO - [2024-02-13T12:26:16.907+0000] {dag.py:3036} INFO - Sync 1 DAGs
[2024-02-13T12:26:16.939+0000] {logging_mixin.py:188} INFO - [2024-02-13T12:26:16.939+0000] {dag.py:3823} INFO - Setting next_dagrun for example_sensor_decorator to None, run_after=None
[2024-02-13T12:26:16.981+0000] {processor.py:183} INFO - Processing /home/airflow/.local/lib/python3.8/site-packages/airflow/example_dags/example_sensor_decorator.py took 0.155 seconds
[2024-02-13T12:26:47.965+0000] {processor.py:161} INFO - Started process (PID=1799) to work on /home/airflow/.local/lib/python3.8/site-packages/airflow/example_dags/example_sensor_decorator.py
[2024-02-13T12:26:47.966+0000] {processor.py:830} INFO - Processing file /home/airflow/.local/lib/python3.8/site-packages/airflow/example_dags/example_sensor_decorator.py for tasks to queue
[2024-02-13T12:26:47.967+0000] {logging_mixin.py:188} INFO - [2024-02-13T12:26:47.967+0000] {dagbag.py:538} INFO - Filling up the DagBag from /home/airflow/.local/lib/python3.8/site-packages/airflow/example_dags/example_sensor_decorator.py
[2024-02-13T12:26:47.973+0000] {processor.py:840} INFO - DAG(s) 'example_sensor_decorator' retrieved from /home/airflow/.local/lib/python3.8/site-packages/airflow/example_dags/example_sensor_decorator.py
[2024-02-13T12:26:47.992+0000] {logging_mixin.py:188} INFO - [2024-02-13T12:26:47.992+0000] {dag.py:3036} INFO - Sync 1 DAGs
[2024-02-13T12:26:48.005+0000] {logging_mixin.py:188} INFO - [2024-02-13T12:26:48.004+0000] {dag.py:3823} INFO - Setting next_dagrun for example_sensor_decorator to None, run_after=None
[2024-02-13T12:26:48.023+0000] {processor.py:183} INFO - Processing /home/airflow/.local/lib/python3.8/site-packages/airflow/example_dags/example_sensor_decorator.py took 0.060 seconds
[2024-02-13T12:27:18.151+0000] {processor.py:161} INFO - Started process (PID=1855) to work on /home/airflow/.local/lib/python3.8/site-packages/airflow/example_dags/example_sensor_decorator.py
[2024-02-13T12:27:18.152+0000] {processor.py:830} INFO - Processing file /home/airflow/.local/lib/python3.8/site-packages/airflow/example_dags/example_sensor_decorator.py for tasks to queue
[2024-02-13T12:27:18.154+0000] {logging_mixin.py:188} INFO - [2024-02-13T12:27:18.153+0000] {dagbag.py:538} INFO - Filling up the DagBag from /home/airflow/.local/lib/python3.8/site-packages/airflow/example_dags/example_sensor_decorator.py
[2024-02-13T12:27:18.163+0000] {processor.py:840} INFO - DAG(s) 'example_sensor_decorator' retrieved from /home/airflow/.local/lib/python3.8/site-packages/airflow/example_dags/example_sensor_decorator.py
[2024-02-13T12:27:18.185+0000] {logging_mixin.py:188} INFO - [2024-02-13T12:27:18.185+0000] {dag.py:3036} INFO - Sync 1 DAGs
[2024-02-13T12:27:18.198+0000] {logging_mixin.py:188} INFO - [2024-02-13T12:27:18.198+0000] {dag.py:3823} INFO - Setting next_dagrun for example_sensor_decorator to None, run_after=None
[2024-02-13T12:27:18.216+0000] {processor.py:183} INFO - Processing /home/airflow/.local/lib/python3.8/site-packages/airflow/example_dags/example_sensor_decorator.py took 0.070 seconds
[2024-02-13T12:27:48.402+0000] {processor.py:161} INFO - Started process (PID=1911) to work on /home/airflow/.local/lib/python3.8/site-packages/airflow/example_dags/example_sensor_decorator.py
[2024-02-13T12:27:48.402+0000] {processor.py:830} INFO - Processing file /home/airflow/.local/lib/python3.8/site-packages/airflow/example_dags/example_sensor_decorator.py for tasks to queue
[2024-02-13T12:27:48.403+0000] {logging_mixin.py:188} INFO - [2024-02-13T12:27:48.403+0000] {dagbag.py:538} INFO - Filling up the DagBag from /home/airflow/.local/lib/python3.8/site-packages/airflow/example_dags/example_sensor_decorator.py
[2024-02-13T12:27:48.408+0000] {processor.py:840} INFO - DAG(s) 'example_sensor_decorator' retrieved from /home/airflow/.local/lib/python3.8/site-packages/airflow/example_dags/example_sensor_decorator.py
[2024-02-13T12:27:48.426+0000] {logging_mixin.py:188} INFO - [2024-02-13T12:27:48.426+0000] {dag.py:3036} INFO - Sync 1 DAGs
[2024-02-13T12:27:48.438+0000] {logging_mixin.py:188} INFO - [2024-02-13T12:27:48.438+0000] {dag.py:3823} INFO - Setting next_dagrun for example_sensor_decorator to None, run_after=None
[2024-02-13T12:27:48.458+0000] {processor.py:183} INFO - Processing /home/airflow/.local/lib/python3.8/site-packages/airflow/example_dags/example_sensor_decorator.py took 0.059 seconds
[2024-02-13T12:28:18.530+0000] {processor.py:161} INFO - Started process (PID=1966) to work on /home/airflow/.local/lib/python3.8/site-packages/airflow/example_dags/example_sensor_decorator.py
[2024-02-13T12:28:18.532+0000] {processor.py:830} INFO - Processing file /home/airflow/.local/lib/python3.8/site-packages/airflow/example_dags/example_sensor_decorator.py for tasks to queue
[2024-02-13T12:28:18.533+0000] {logging_mixin.py:188} INFO - [2024-02-13T12:28:18.533+0000] {dagbag.py:538} INFO - Filling up the DagBag from /home/airflow/.local/lib/python3.8/site-packages/airflow/example_dags/example_sensor_decorator.py
[2024-02-13T12:28:18.541+0000] {processor.py:840} INFO - DAG(s) 'example_sensor_decorator' retrieved from /home/airflow/.local/lib/python3.8/site-packages/airflow/example_dags/example_sensor_decorator.py
[2024-02-13T12:28:18.566+0000] {logging_mixin.py:188} INFO - [2024-02-13T12:28:18.566+0000] {dag.py:3036} INFO - Sync 1 DAGs
[2024-02-13T12:28:18.579+0000] {logging_mixin.py:188} INFO - [2024-02-13T12:28:18.579+0000] {dag.py:3823} INFO - Setting next_dagrun for example_sensor_decorator to None, run_after=None
[2024-02-13T12:28:18.596+0000] {processor.py:183} INFO - Processing /home/airflow/.local/lib/python3.8/site-packages/airflow/example_dags/example_sensor_decorator.py took 0.073 seconds
[2024-02-13T12:28:48.879+0000] {processor.py:161} INFO - Started process (PID=2023) to work on /home/airflow/.local/lib/python3.8/site-packages/airflow/example_dags/example_sensor_decorator.py
[2024-02-13T12:28:48.880+0000] {processor.py:830} INFO - Processing file /home/airflow/.local/lib/python3.8/site-packages/airflow/example_dags/example_sensor_decorator.py for tasks to queue
[2024-02-13T12:28:48.882+0000] {logging_mixin.py:188} INFO - [2024-02-13T12:28:48.881+0000] {dagbag.py:538} INFO - Filling up the DagBag from /home/airflow/.local/lib/python3.8/site-packages/airflow/example_dags/example_sensor_decorator.py
[2024-02-13T12:28:48.889+0000] {processor.py:840} INFO - DAG(s) 'example_sensor_decorator' retrieved from /home/airflow/.local/lib/python3.8/site-packages/airflow/example_dags/example_sensor_decorator.py
[2024-02-13T12:28:48.917+0000] {logging_mixin.py:188} INFO - [2024-02-13T12:28:48.917+0000] {dag.py:3036} INFO - Sync 1 DAGs
[2024-02-13T12:28:48.935+0000] {logging_mixin.py:188} INFO - [2024-02-13T12:28:48.934+0000] {dag.py:3823} INFO - Setting next_dagrun for example_sensor_decorator to None, run_after=None
[2024-02-13T12:28:48.952+0000] {processor.py:183} INFO - Processing /home/airflow/.local/lib/python3.8/site-packages/airflow/example_dags/example_sensor_decorator.py took 0.083 seconds
[2024-02-13T12:29:19.102+0000] {processor.py:161} INFO - Started process (PID=2079) to work on /home/airflow/.local/lib/python3.8/site-packages/airflow/example_dags/example_sensor_decorator.py
[2024-02-13T12:29:19.104+0000] {processor.py:830} INFO - Processing file /home/airflow/.local/lib/python3.8/site-packages/airflow/example_dags/example_sensor_decorator.py for tasks to queue
[2024-02-13T12:29:19.105+0000] {logging_mixin.py:188} INFO - [2024-02-13T12:29:19.105+0000] {dagbag.py:538} INFO - Filling up the DagBag from /home/airflow/.local/lib/python3.8/site-packages/airflow/example_dags/example_sensor_decorator.py
[2024-02-13T12:29:19.116+0000] {processor.py:840} INFO - DAG(s) 'example_sensor_decorator' retrieved from /home/airflow/.local/lib/python3.8/site-packages/airflow/example_dags/example_sensor_decorator.py
[2024-02-13T12:29:19.139+0000] {logging_mixin.py:188} INFO - [2024-02-13T12:29:19.139+0000] {dag.py:3036} INFO - Sync 1 DAGs
[2024-02-13T12:29:19.154+0000] {logging_mixin.py:188} INFO - [2024-02-13T12:29:19.153+0000] {dag.py:3823} INFO - Setting next_dagrun for example_sensor_decorator to None, run_after=None
[2024-02-13T12:29:19.171+0000] {processor.py:183} INFO - Processing /home/airflow/.local/lib/python3.8/site-packages/airflow/example_dags/example_sensor_decorator.py took 0.073 seconds
[2024-02-13T12:29:49.516+0000] {processor.py:161} INFO - Started process (PID=2135) to work on /home/airflow/.local/lib/python3.8/site-packages/airflow/example_dags/example_sensor_decorator.py
[2024-02-13T12:29:49.517+0000] {processor.py:830} INFO - Processing file /home/airflow/.local/lib/python3.8/site-packages/airflow/example_dags/example_sensor_decorator.py for tasks to queue
[2024-02-13T12:29:49.518+0000] {logging_mixin.py:188} INFO - [2024-02-13T12:29:49.517+0000] {dagbag.py:538} INFO - Filling up the DagBag from /home/airflow/.local/lib/python3.8/site-packages/airflow/example_dags/example_sensor_decorator.py
[2024-02-13T12:29:49.523+0000] {processor.py:840} INFO - DAG(s) 'example_sensor_decorator' retrieved from /home/airflow/.local/lib/python3.8/site-packages/airflow/example_dags/example_sensor_decorator.py
[2024-02-13T12:29:49.540+0000] {logging_mixin.py:188} INFO - [2024-02-13T12:29:49.540+0000] {dag.py:3036} INFO - Sync 1 DAGs
[2024-02-13T12:29:49.552+0000] {logging_mixin.py:188} INFO - [2024-02-13T12:29:49.552+0000] {dag.py:3823} INFO - Setting next_dagrun for example_sensor_decorator to None, run_after=None
[2024-02-13T12:29:49.570+0000] {processor.py:183} INFO - Processing /home/airflow/.local/lib/python3.8/site-packages/airflow/example_dags/example_sensor_decorator.py took 0.057 seconds
[2024-02-13T12:30:20.469+0000] {processor.py:161} INFO - Started process (PID=2189) to work on /home/airflow/.local/lib/python3.8/site-packages/airflow/example_dags/example_sensor_decorator.py
[2024-02-13T12:30:20.470+0000] {processor.py:830} INFO - Processing file /home/airflow/.local/lib/python3.8/site-packages/airflow/example_dags/example_sensor_decorator.py for tasks to queue
[2024-02-13T12:30:20.472+0000] {logging_mixin.py:188} INFO - [2024-02-13T12:30:20.471+0000] {dagbag.py:538} INFO - Filling up the DagBag from /home/airflow/.local/lib/python3.8/site-packages/airflow/example_dags/example_sensor_decorator.py
[2024-02-13T12:30:20.480+0000] {processor.py:840} INFO - DAG(s) 'example_sensor_decorator' retrieved from /home/airflow/.local/lib/python3.8/site-packages/airflow/example_dags/example_sensor_decorator.py
[2024-02-13T12:30:20.500+0000] {logging_mixin.py:188} INFO - [2024-02-13T12:30:20.500+0000] {dag.py:3036} INFO - Sync 1 DAGs
[2024-02-13T12:30:20.511+0000] {logging_mixin.py:188} INFO - [2024-02-13T12:30:20.511+0000] {dag.py:3823} INFO - Setting next_dagrun for example_sensor_decorator to None, run_after=None
[2024-02-13T12:30:20.529+0000] {processor.py:183} INFO - Processing /home/airflow/.local/lib/python3.8/site-packages/airflow/example_dags/example_sensor_decorator.py took 0.064 seconds
[2024-02-13T12:30:50.667+0000] {processor.py:161} INFO - Started process (PID=2244) to work on /home/airflow/.local/lib/python3.8/site-packages/airflow/example_dags/example_sensor_decorator.py
[2024-02-13T12:30:50.668+0000] {processor.py:830} INFO - Processing file /home/airflow/.local/lib/python3.8/site-packages/airflow/example_dags/example_sensor_decorator.py for tasks to queue
[2024-02-13T12:30:50.669+0000] {logging_mixin.py:188} INFO - [2024-02-13T12:30:50.669+0000] {dagbag.py:538} INFO - Filling up the DagBag from /home/airflow/.local/lib/python3.8/site-packages/airflow/example_dags/example_sensor_decorator.py
[2024-02-13T12:30:50.676+0000] {processor.py:840} INFO - DAG(s) 'example_sensor_decorator' retrieved from /home/airflow/.local/lib/python3.8/site-packages/airflow/example_dags/example_sensor_decorator.py
[2024-02-13T12:30:50.706+0000] {logging_mixin.py:188} INFO - [2024-02-13T12:30:50.706+0000] {dag.py:3036} INFO - Sync 1 DAGs
[2024-02-13T12:30:50.725+0000] {logging_mixin.py:188} INFO - [2024-02-13T12:30:50.725+0000] {dag.py:3823} INFO - Setting next_dagrun for example_sensor_decorator to None, run_after=None
[2024-02-13T12:30:50.743+0000] {processor.py:183} INFO - Processing /home/airflow/.local/lib/python3.8/site-packages/airflow/example_dags/example_sensor_decorator.py took 0.079 seconds
[2024-02-13T12:31:21.233+0000] {processor.py:161} INFO - Started process (PID=2301) to work on /home/airflow/.local/lib/python3.8/site-packages/airflow/example_dags/example_sensor_decorator.py
[2024-02-13T12:31:21.233+0000] {processor.py:830} INFO - Processing file /home/airflow/.local/lib/python3.8/site-packages/airflow/example_dags/example_sensor_decorator.py for tasks to queue
[2024-02-13T12:31:21.234+0000] {logging_mixin.py:188} INFO - [2024-02-13T12:31:21.234+0000] {dagbag.py:538} INFO - Filling up the DagBag from /home/airflow/.local/lib/python3.8/site-packages/airflow/example_dags/example_sensor_decorator.py
[2024-02-13T12:31:21.240+0000] {processor.py:840} INFO - DAG(s) 'example_sensor_decorator' retrieved from /home/airflow/.local/lib/python3.8/site-packages/airflow/example_dags/example_sensor_decorator.py
[2024-02-13T12:31:21.263+0000] {logging_mixin.py:188} INFO - [2024-02-13T12:31:21.263+0000] {dag.py:3036} INFO - Sync 1 DAGs
[2024-02-13T12:31:21.277+0000] {logging_mixin.py:188} INFO - [2024-02-13T12:31:21.277+0000] {dag.py:3823} INFO - Setting next_dagrun for example_sensor_decorator to None, run_after=None
[2024-02-13T12:31:21.295+0000] {processor.py:183} INFO - Processing /home/airflow/.local/lib/python3.8/site-packages/airflow/example_dags/example_sensor_decorator.py took 0.065 seconds
[2024-02-13T12:31:52.078+0000] {processor.py:161} INFO - Started process (PID=2358) to work on /home/airflow/.local/lib/python3.8/site-packages/airflow/example_dags/example_sensor_decorator.py
[2024-02-13T12:31:52.080+0000] {processor.py:830} INFO - Processing file /home/airflow/.local/lib/python3.8/site-packages/airflow/example_dags/example_sensor_decorator.py for tasks to queue
[2024-02-13T12:31:52.081+0000] {logging_mixin.py:188} INFO - [2024-02-13T12:31:52.081+0000] {dagbag.py:538} INFO - Filling up the DagBag from /home/airflow/.local/lib/python3.8/site-packages/airflow/example_dags/example_sensor_decorator.py
[2024-02-13T12:31:52.088+0000] {processor.py:840} INFO - DAG(s) 'example_sensor_decorator' retrieved from /home/airflow/.local/lib/python3.8/site-packages/airflow/example_dags/example_sensor_decorator.py
[2024-02-13T12:31:52.108+0000] {logging_mixin.py:188} INFO - [2024-02-13T12:31:52.107+0000] {dag.py:3036} INFO - Sync 1 DAGs
[2024-02-13T12:31:52.121+0000] {logging_mixin.py:188} INFO - [2024-02-13T12:31:52.120+0000] {dag.py:3823} INFO - Setting next_dagrun for example_sensor_decorator to None, run_after=None
[2024-02-13T12:31:52.145+0000] {processor.py:183} INFO - Processing /home/airflow/.local/lib/python3.8/site-packages/airflow/example_dags/example_sensor_decorator.py took 0.071 seconds
[2024-02-13T12:32:22.490+0000] {processor.py:161} INFO - Started process (PID=2415) to work on /home/airflow/.local/lib/python3.8/site-packages/airflow/example_dags/example_sensor_decorator.py
[2024-02-13T12:32:22.492+0000] {processor.py:830} INFO - Processing file /home/airflow/.local/lib/python3.8/site-packages/airflow/example_dags/example_sensor_decorator.py for tasks to queue
[2024-02-13T12:32:22.493+0000] {logging_mixin.py:188} INFO - [2024-02-13T12:32:22.493+0000] {dagbag.py:538} INFO - Filling up the DagBag from /home/airflow/.local/lib/python3.8/site-packages/airflow/example_dags/example_sensor_decorator.py
[2024-02-13T12:32:22.503+0000] {processor.py:840} INFO - DAG(s) 'example_sensor_decorator' retrieved from /home/airflow/.local/lib/python3.8/site-packages/airflow/example_dags/example_sensor_decorator.py
[2024-02-13T12:32:22.523+0000] {logging_mixin.py:188} INFO - [2024-02-13T12:32:22.522+0000] {dag.py:3036} INFO - Sync 1 DAGs
[2024-02-13T12:32:22.535+0000] {logging_mixin.py:188} INFO - [2024-02-13T12:32:22.535+0000] {dag.py:3823} INFO - Setting next_dagrun for example_sensor_decorator to None, run_after=None
[2024-02-13T12:32:22.554+0000] {processor.py:183} INFO - Processing /home/airflow/.local/lib/python3.8/site-packages/airflow/example_dags/example_sensor_decorator.py took 0.070 seconds
[2024-02-13T12:32:53.150+0000] {processor.py:161} INFO - Started process (PID=2471) to work on /home/airflow/.local/lib/python3.8/site-packages/airflow/example_dags/example_sensor_decorator.py
[2024-02-13T12:32:53.154+0000] {processor.py:830} INFO - Processing file /home/airflow/.local/lib/python3.8/site-packages/airflow/example_dags/example_sensor_decorator.py for tasks to queue
[2024-02-13T12:32:53.164+0000] {logging_mixin.py:188} INFO - [2024-02-13T12:32:53.163+0000] {dagbag.py:538} INFO - Filling up the DagBag from /home/airflow/.local/lib/python3.8/site-packages/airflow/example_dags/example_sensor_decorator.py
[2024-02-13T12:32:53.183+0000] {processor.py:840} INFO - DAG(s) 'example_sensor_decorator' retrieved from /home/airflow/.local/lib/python3.8/site-packages/airflow/example_dags/example_sensor_decorator.py
[2024-02-13T12:32:53.228+0000] {logging_mixin.py:188} INFO - [2024-02-13T12:32:53.228+0000] {dag.py:3036} INFO - Sync 1 DAGs
[2024-02-13T12:32:53.253+0000] {logging_mixin.py:188} INFO - [2024-02-13T12:32:53.252+0000] {dag.py:3823} INFO - Setting next_dagrun for example_sensor_decorator to None, run_after=None
[2024-02-13T12:32:53.301+0000] {processor.py:183} INFO - Processing /home/airflow/.local/lib/python3.8/site-packages/airflow/example_dags/example_sensor_decorator.py took 0.161 seconds
[2024-02-13T12:33:23.369+0000] {processor.py:161} INFO - Started process (PID=2527) to work on /home/airflow/.local/lib/python3.8/site-packages/airflow/example_dags/example_sensor_decorator.py
[2024-02-13T12:33:23.371+0000] {processor.py:830} INFO - Processing file /home/airflow/.local/lib/python3.8/site-packages/airflow/example_dags/example_sensor_decorator.py for tasks to queue
[2024-02-13T12:33:23.372+0000] {logging_mixin.py:188} INFO - [2024-02-13T12:33:23.372+0000] {dagbag.py:538} INFO - Filling up the DagBag from /home/airflow/.local/lib/python3.8/site-packages/airflow/example_dags/example_sensor_decorator.py
[2024-02-13T12:33:23.378+0000] {processor.py:840} INFO - DAG(s) 'example_sensor_decorator' retrieved from /home/airflow/.local/lib/python3.8/site-packages/airflow/example_dags/example_sensor_decorator.py
[2024-02-13T12:33:23.400+0000] {logging_mixin.py:188} INFO - [2024-02-13T12:33:23.400+0000] {dag.py:3036} INFO - Sync 1 DAGs
[2024-02-13T12:33:23.412+0000] {logging_mixin.py:188} INFO - [2024-02-13T12:33:23.412+0000] {dag.py:3823} INFO - Setting next_dagrun for example_sensor_decorator to None, run_after=None
[2024-02-13T12:33:23.432+0000] {processor.py:183} INFO - Processing /home/airflow/.local/lib/python3.8/site-packages/airflow/example_dags/example_sensor_decorator.py took 0.066 seconds
[2024-02-13T12:33:53.777+0000] {processor.py:161} INFO - Started process (PID=2583) to work on /home/airflow/.local/lib/python3.8/site-packages/airflow/example_dags/example_sensor_decorator.py
[2024-02-13T12:33:53.779+0000] {processor.py:830} INFO - Processing file /home/airflow/.local/lib/python3.8/site-packages/airflow/example_dags/example_sensor_decorator.py for tasks to queue
[2024-02-13T12:33:53.780+0000] {logging_mixin.py:188} INFO - [2024-02-13T12:33:53.779+0000] {dagbag.py:538} INFO - Filling up the DagBag from /home/airflow/.local/lib/python3.8/site-packages/airflow/example_dags/example_sensor_decorator.py
[2024-02-13T12:33:53.922+0000] {processor.py:840} INFO - DAG(s) 'example_sensor_decorator' retrieved from /home/airflow/.local/lib/python3.8/site-packages/airflow/example_dags/example_sensor_decorator.py
[2024-02-13T12:33:53.948+0000] {logging_mixin.py:188} INFO - [2024-02-13T12:33:53.948+0000] {dag.py:3036} INFO - Sync 1 DAGs
[2024-02-13T12:33:53.966+0000] {logging_mixin.py:188} INFO - [2024-02-13T12:33:53.965+0000] {dag.py:3823} INFO - Setting next_dagrun for example_sensor_decorator to None, run_after=None
[2024-02-13T12:33:53.991+0000] {processor.py:183} INFO - Processing /home/airflow/.local/lib/python3.8/site-packages/airflow/example_dags/example_sensor_decorator.py took 0.217 seconds
[2024-02-13T12:34:24.960+0000] {processor.py:161} INFO - Started process (PID=2639) to work on /home/airflow/.local/lib/python3.8/site-packages/airflow/example_dags/example_sensor_decorator.py
[2024-02-13T12:34:24.962+0000] {processor.py:830} INFO - Processing file /home/airflow/.local/lib/python3.8/site-packages/airflow/example_dags/example_sensor_decorator.py for tasks to queue
[2024-02-13T12:34:24.963+0000] {logging_mixin.py:188} INFO - [2024-02-13T12:34:24.962+0000] {dagbag.py:538} INFO - Filling up the DagBag from /home/airflow/.local/lib/python3.8/site-packages/airflow/example_dags/example_sensor_decorator.py
[2024-02-13T12:34:24.967+0000] {processor.py:840} INFO - DAG(s) 'example_sensor_decorator' retrieved from /home/airflow/.local/lib/python3.8/site-packages/airflow/example_dags/example_sensor_decorator.py
[2024-02-13T12:34:24.985+0000] {logging_mixin.py:188} INFO - [2024-02-13T12:34:24.984+0000] {dag.py:3036} INFO - Sync 1 DAGs
[2024-02-13T12:34:24.996+0000] {logging_mixin.py:188} INFO - [2024-02-13T12:34:24.996+0000] {dag.py:3823} INFO - Setting next_dagrun for example_sensor_decorator to None, run_after=None
[2024-02-13T12:34:25.015+0000] {processor.py:183} INFO - Processing /home/airflow/.local/lib/python3.8/site-packages/airflow/example_dags/example_sensor_decorator.py took 0.057 seconds
[2024-02-13T12:34:55.307+0000] {processor.py:161} INFO - Started process (PID=2695) to work on /home/airflow/.local/lib/python3.8/site-packages/airflow/example_dags/example_sensor_decorator.py
[2024-02-13T12:34:55.309+0000] {processor.py:830} INFO - Processing file /home/airflow/.local/lib/python3.8/site-packages/airflow/example_dags/example_sensor_decorator.py for tasks to queue
[2024-02-13T12:34:55.310+0000] {logging_mixin.py:188} INFO - [2024-02-13T12:34:55.309+0000] {dagbag.py:538} INFO - Filling up the DagBag from /home/airflow/.local/lib/python3.8/site-packages/airflow/example_dags/example_sensor_decorator.py
[2024-02-13T12:34:55.317+0000] {processor.py:840} INFO - DAG(s) 'example_sensor_decorator' retrieved from /home/airflow/.local/lib/python3.8/site-packages/airflow/example_dags/example_sensor_decorator.py
[2024-02-13T12:34:55.338+0000] {logging_mixin.py:188} INFO - [2024-02-13T12:34:55.338+0000] {dag.py:3036} INFO - Sync 1 DAGs
[2024-02-13T12:34:55.355+0000] {logging_mixin.py:188} INFO - [2024-02-13T12:34:55.354+0000] {dag.py:3823} INFO - Setting next_dagrun for example_sensor_decorator to None, run_after=None
[2024-02-13T12:34:55.375+0000] {processor.py:183} INFO - Processing /home/airflow/.local/lib/python3.8/site-packages/airflow/example_dags/example_sensor_decorator.py took 0.072 seconds
[2024-02-13T12:35:25.415+0000] {processor.py:161} INFO - Started process (PID=2752) to work on /home/airflow/.local/lib/python3.8/site-packages/airflow/example_dags/example_sensor_decorator.py
[2024-02-13T12:35:25.416+0000] {processor.py:830} INFO - Processing file /home/airflow/.local/lib/python3.8/site-packages/airflow/example_dags/example_sensor_decorator.py for tasks to queue
[2024-02-13T12:35:25.417+0000] {logging_mixin.py:188} INFO - [2024-02-13T12:35:25.416+0000] {dagbag.py:538} INFO - Filling up the DagBag from /home/airflow/.local/lib/python3.8/site-packages/airflow/example_dags/example_sensor_decorator.py
[2024-02-13T12:35:25.421+0000] {processor.py:840} INFO - DAG(s) 'example_sensor_decorator' retrieved from /home/airflow/.local/lib/python3.8/site-packages/airflow/example_dags/example_sensor_decorator.py
[2024-02-13T12:35:25.439+0000] {logging_mixin.py:188} INFO - [2024-02-13T12:35:25.439+0000] {dag.py:3036} INFO - Sync 1 DAGs
[2024-02-13T12:35:25.451+0000] {logging_mixin.py:188} INFO - [2024-02-13T12:35:25.451+0000] {dag.py:3823} INFO - Setting next_dagrun for example_sensor_decorator to None, run_after=None
[2024-02-13T12:35:25.469+0000] {processor.py:183} INFO - Processing /home/airflow/.local/lib/python3.8/site-packages/airflow/example_dags/example_sensor_decorator.py took 0.057 seconds
[2024-02-13T12:35:55.535+0000] {processor.py:161} INFO - Started process (PID=2808) to work on /home/airflow/.local/lib/python3.8/site-packages/airflow/example_dags/example_sensor_decorator.py
[2024-02-13T12:35:55.538+0000] {processor.py:830} INFO - Processing file /home/airflow/.local/lib/python3.8/site-packages/airflow/example_dags/example_sensor_decorator.py for tasks to queue
[2024-02-13T12:35:55.541+0000] {logging_mixin.py:188} INFO - [2024-02-13T12:35:55.540+0000] {dagbag.py:538} INFO - Filling up the DagBag from /home/airflow/.local/lib/python3.8/site-packages/airflow/example_dags/example_sensor_decorator.py
[2024-02-13T12:35:55.550+0000] {processor.py:840} INFO - DAG(s) 'example_sensor_decorator' retrieved from /home/airflow/.local/lib/python3.8/site-packages/airflow/example_dags/example_sensor_decorator.py
[2024-02-13T12:35:55.591+0000] {logging_mixin.py:188} INFO - [2024-02-13T12:35:55.590+0000] {dag.py:3036} INFO - Sync 1 DAGs
[2024-02-13T12:35:55.606+0000] {logging_mixin.py:188} INFO - [2024-02-13T12:35:55.606+0000] {dag.py:3823} INFO - Setting next_dagrun for example_sensor_decorator to None, run_after=None
[2024-02-13T12:35:55.630+0000] {processor.py:183} INFO - Processing /home/airflow/.local/lib/python3.8/site-packages/airflow/example_dags/example_sensor_decorator.py took 0.100 seconds
[2024-02-13T12:36:25.712+0000] {processor.py:161} INFO - Started process (PID=2865) to work on /home/airflow/.local/lib/python3.8/site-packages/airflow/example_dags/example_sensor_decorator.py
[2024-02-13T12:36:25.714+0000] {processor.py:830} INFO - Processing file /home/airflow/.local/lib/python3.8/site-packages/airflow/example_dags/example_sensor_decorator.py for tasks to queue
[2024-02-13T12:36:25.716+0000] {logging_mixin.py:188} INFO - [2024-02-13T12:36:25.715+0000] {dagbag.py:538} INFO - Filling up the DagBag from /home/airflow/.local/lib/python3.8/site-packages/airflow/example_dags/example_sensor_decorator.py
[2024-02-13T12:36:25.722+0000] {processor.py:840} INFO - DAG(s) 'example_sensor_decorator' retrieved from /home/airflow/.local/lib/python3.8/site-packages/airflow/example_dags/example_sensor_decorator.py
[2024-02-13T12:36:25.746+0000] {logging_mixin.py:188} INFO - [2024-02-13T12:36:25.746+0000] {dag.py:3036} INFO - Sync 1 DAGs
[2024-02-13T12:36:25.760+0000] {logging_mixin.py:188} INFO - [2024-02-13T12:36:25.760+0000] {dag.py:3823} INFO - Setting next_dagrun for example_sensor_decorator to None, run_after=None
[2024-02-13T12:36:25.786+0000] {processor.py:183} INFO - Processing /home/airflow/.local/lib/python3.8/site-packages/airflow/example_dags/example_sensor_decorator.py took 0.077 seconds
[2024-02-13T12:36:55.947+0000] {processor.py:161} INFO - Started process (PID=2921) to work on /home/airflow/.local/lib/python3.8/site-packages/airflow/example_dags/example_sensor_decorator.py
[2024-02-13T12:36:55.949+0000] {processor.py:830} INFO - Processing file /home/airflow/.local/lib/python3.8/site-packages/airflow/example_dags/example_sensor_decorator.py for tasks to queue
[2024-02-13T12:36:55.954+0000] {logging_mixin.py:188} INFO - [2024-02-13T12:36:55.953+0000] {dagbag.py:538} INFO - Filling up the DagBag from /home/airflow/.local/lib/python3.8/site-packages/airflow/example_dags/example_sensor_decorator.py
[2024-02-13T12:36:55.968+0000] {processor.py:840} INFO - DAG(s) 'example_sensor_decorator' retrieved from /home/airflow/.local/lib/python3.8/site-packages/airflow/example_dags/example_sensor_decorator.py
[2024-02-13T12:36:56.017+0000] {logging_mixin.py:188} INFO - [2024-02-13T12:36:56.017+0000] {dag.py:3036} INFO - Sync 1 DAGs
[2024-02-13T12:36:56.047+0000] {logging_mixin.py:188} INFO - [2024-02-13T12:36:56.047+0000] {dag.py:3823} INFO - Setting next_dagrun for example_sensor_decorator to None, run_after=None
[2024-02-13T12:36:56.084+0000] {processor.py:183} INFO - Processing /home/airflow/.local/lib/python3.8/site-packages/airflow/example_dags/example_sensor_decorator.py took 0.145 seconds
[2024-02-13T12:37:26.259+0000] {processor.py:161} INFO - Started process (PID=2977) to work on /home/airflow/.local/lib/python3.8/site-packages/airflow/example_dags/example_sensor_decorator.py
[2024-02-13T12:37:26.261+0000] {processor.py:830} INFO - Processing file /home/airflow/.local/lib/python3.8/site-packages/airflow/example_dags/example_sensor_decorator.py for tasks to queue
[2024-02-13T12:37:26.264+0000] {logging_mixin.py:188} INFO - [2024-02-13T12:37:26.263+0000] {dagbag.py:538} INFO - Filling up the DagBag from /home/airflow/.local/lib/python3.8/site-packages/airflow/example_dags/example_sensor_decorator.py
[2024-02-13T12:37:26.276+0000] {processor.py:840} INFO - DAG(s) 'example_sensor_decorator' retrieved from /home/airflow/.local/lib/python3.8/site-packages/airflow/example_dags/example_sensor_decorator.py
[2024-02-13T12:37:26.307+0000] {logging_mixin.py:188} INFO - [2024-02-13T12:37:26.307+0000] {dag.py:3036} INFO - Sync 1 DAGs
[2024-02-13T12:37:26.323+0000] {logging_mixin.py:188} INFO - [2024-02-13T12:37:26.322+0000] {dag.py:3823} INFO - Setting next_dagrun for example_sensor_decorator to None, run_after=None
[2024-02-13T12:37:26.340+0000] {processor.py:183} INFO - Processing /home/airflow/.local/lib/python3.8/site-packages/airflow/example_dags/example_sensor_decorator.py took 0.093 seconds
[2024-02-13T12:37:57.202+0000] {processor.py:161} INFO - Started process (PID=3033) to work on /home/airflow/.local/lib/python3.8/site-packages/airflow/example_dags/example_sensor_decorator.py
[2024-02-13T12:37:57.203+0000] {processor.py:830} INFO - Processing file /home/airflow/.local/lib/python3.8/site-packages/airflow/example_dags/example_sensor_decorator.py for tasks to queue
[2024-02-13T12:37:57.204+0000] {logging_mixin.py:188} INFO - [2024-02-13T12:37:57.203+0000] {dagbag.py:538} INFO - Filling up the DagBag from /home/airflow/.local/lib/python3.8/site-packages/airflow/example_dags/example_sensor_decorator.py
[2024-02-13T12:37:57.212+0000] {processor.py:840} INFO - DAG(s) 'example_sensor_decorator' retrieved from /home/airflow/.local/lib/python3.8/site-packages/airflow/example_dags/example_sensor_decorator.py
[2024-02-13T12:37:57.235+0000] {logging_mixin.py:188} INFO - [2024-02-13T12:37:57.235+0000] {dag.py:3036} INFO - Sync 1 DAGs
[2024-02-13T12:37:57.250+0000] {logging_mixin.py:188} INFO - [2024-02-13T12:37:57.249+0000] {dag.py:3823} INFO - Setting next_dagrun for example_sensor_decorator to None, run_after=None
[2024-02-13T12:37:57.271+0000] {processor.py:183} INFO - Processing /home/airflow/.local/lib/python3.8/site-packages/airflow/example_dags/example_sensor_decorator.py took 0.073 seconds
[2024-02-13T12:38:28.062+0000] {processor.py:161} INFO - Started process (PID=3089) to work on /home/airflow/.local/lib/python3.8/site-packages/airflow/example_dags/example_sensor_decorator.py
[2024-02-13T12:38:28.065+0000] {processor.py:830} INFO - Processing file /home/airflow/.local/lib/python3.8/site-packages/airflow/example_dags/example_sensor_decorator.py for tasks to queue
[2024-02-13T12:38:28.067+0000] {logging_mixin.py:188} INFO - [2024-02-13T12:38:28.066+0000] {dagbag.py:538} INFO - Filling up the DagBag from /home/airflow/.local/lib/python3.8/site-packages/airflow/example_dags/example_sensor_decorator.py
[2024-02-13T12:38:28.078+0000] {processor.py:840} INFO - DAG(s) 'example_sensor_decorator' retrieved from /home/airflow/.local/lib/python3.8/site-packages/airflow/example_dags/example_sensor_decorator.py
[2024-02-13T12:38:28.117+0000] {logging_mixin.py:188} INFO - [2024-02-13T12:38:28.117+0000] {dag.py:3036} INFO - Sync 1 DAGs
[2024-02-13T12:38:28.145+0000] {logging_mixin.py:188} INFO - [2024-02-13T12:38:28.144+0000] {dag.py:3823} INFO - Setting next_dagrun for example_sensor_decorator to None, run_after=None
[2024-02-13T12:38:28.178+0000] {processor.py:183} INFO - Processing /home/airflow/.local/lib/python3.8/site-packages/airflow/example_dags/example_sensor_decorator.py took 0.122 seconds
[2024-02-13T12:38:58.298+0000] {processor.py:161} INFO - Started process (PID=3145) to work on /home/airflow/.local/lib/python3.8/site-packages/airflow/example_dags/example_sensor_decorator.py
[2024-02-13T12:38:58.302+0000] {processor.py:830} INFO - Processing file /home/airflow/.local/lib/python3.8/site-packages/airflow/example_dags/example_sensor_decorator.py for tasks to queue
[2024-02-13T12:38:58.305+0000] {logging_mixin.py:188} INFO - [2024-02-13T12:38:58.304+0000] {dagbag.py:538} INFO - Filling up the DagBag from /home/airflow/.local/lib/python3.8/site-packages/airflow/example_dags/example_sensor_decorator.py
[2024-02-13T12:38:58.319+0000] {processor.py:840} INFO - DAG(s) 'example_sensor_decorator' retrieved from /home/airflow/.local/lib/python3.8/site-packages/airflow/example_dags/example_sensor_decorator.py
[2024-02-13T12:38:58.344+0000] {logging_mixin.py:188} INFO - [2024-02-13T12:38:58.343+0000] {dag.py:3036} INFO - Sync 1 DAGs
[2024-02-13T12:38:58.356+0000] {logging_mixin.py:188} INFO - [2024-02-13T12:38:58.356+0000] {dag.py:3823} INFO - Setting next_dagrun for example_sensor_decorator to None, run_after=None
[2024-02-13T12:38:58.373+0000] {processor.py:183} INFO - Processing /home/airflow/.local/lib/python3.8/site-packages/airflow/example_dags/example_sensor_decorator.py took 0.085 seconds
[2024-02-13T12:39:28.469+0000] {processor.py:161} INFO - Started process (PID=3202) to work on /home/airflow/.local/lib/python3.8/site-packages/airflow/example_dags/example_sensor_decorator.py
[2024-02-13T12:39:28.471+0000] {processor.py:830} INFO - Processing file /home/airflow/.local/lib/python3.8/site-packages/airflow/example_dags/example_sensor_decorator.py for tasks to queue
[2024-02-13T12:39:28.474+0000] {logging_mixin.py:188} INFO - [2024-02-13T12:39:28.473+0000] {dagbag.py:538} INFO - Filling up the DagBag from /home/airflow/.local/lib/python3.8/site-packages/airflow/example_dags/example_sensor_decorator.py
[2024-02-13T12:39:28.490+0000] {processor.py:840} INFO - DAG(s) 'example_sensor_decorator' retrieved from /home/airflow/.local/lib/python3.8/site-packages/airflow/example_dags/example_sensor_decorator.py
[2024-02-13T12:39:28.514+0000] {logging_mixin.py:188} INFO - [2024-02-13T12:39:28.514+0000] {dag.py:3036} INFO - Sync 1 DAGs
[2024-02-13T12:39:28.526+0000] {logging_mixin.py:188} INFO - [2024-02-13T12:39:28.526+0000] {dag.py:3823} INFO - Setting next_dagrun for example_sensor_decorator to None, run_after=None
[2024-02-13T12:39:28.543+0000] {processor.py:183} INFO - Processing /home/airflow/.local/lib/python3.8/site-packages/airflow/example_dags/example_sensor_decorator.py took 0.083 seconds
[2024-02-13T12:39:58.694+0000] {processor.py:161} INFO - Started process (PID=3258) to work on /home/airflow/.local/lib/python3.8/site-packages/airflow/example_dags/example_sensor_decorator.py
[2024-02-13T12:39:58.695+0000] {processor.py:830} INFO - Processing file /home/airflow/.local/lib/python3.8/site-packages/airflow/example_dags/example_sensor_decorator.py for tasks to queue
[2024-02-13T12:39:58.696+0000] {logging_mixin.py:188} INFO - [2024-02-13T12:39:58.696+0000] {dagbag.py:538} INFO - Filling up the DagBag from /home/airflow/.local/lib/python3.8/site-packages/airflow/example_dags/example_sensor_decorator.py
[2024-02-13T12:39:58.707+0000] {processor.py:840} INFO - DAG(s) 'example_sensor_decorator' retrieved from /home/airflow/.local/lib/python3.8/site-packages/airflow/example_dags/example_sensor_decorator.py
[2024-02-13T12:39:58.738+0000] {logging_mixin.py:188} INFO - [2024-02-13T12:39:58.738+0000] {dag.py:3036} INFO - Sync 1 DAGs
[2024-02-13T12:39:58.752+0000] {logging_mixin.py:188} INFO - [2024-02-13T12:39:58.752+0000] {dag.py:3823} INFO - Setting next_dagrun for example_sensor_decorator to None, run_after=None
[2024-02-13T12:39:58.785+0000] {processor.py:183} INFO - Processing /home/airflow/.local/lib/python3.8/site-packages/airflow/example_dags/example_sensor_decorator.py took 0.100 seconds
[2024-02-13T12:40:29.112+0000] {processor.py:161} INFO - Started process (PID=3314) to work on /home/airflow/.local/lib/python3.8/site-packages/airflow/example_dags/example_sensor_decorator.py
[2024-02-13T12:40:29.113+0000] {processor.py:830} INFO - Processing file /home/airflow/.local/lib/python3.8/site-packages/airflow/example_dags/example_sensor_decorator.py for tasks to queue
[2024-02-13T12:40:29.115+0000] {logging_mixin.py:188} INFO - [2024-02-13T12:40:29.114+0000] {dagbag.py:538} INFO - Filling up the DagBag from /home/airflow/.local/lib/python3.8/site-packages/airflow/example_dags/example_sensor_decorator.py
[2024-02-13T12:40:29.127+0000] {processor.py:840} INFO - DAG(s) 'example_sensor_decorator' retrieved from /home/airflow/.local/lib/python3.8/site-packages/airflow/example_dags/example_sensor_decorator.py
[2024-02-13T12:40:29.153+0000] {logging_mixin.py:188} INFO - [2024-02-13T12:40:29.153+0000] {dag.py:3036} INFO - Sync 1 DAGs
[2024-02-13T12:40:29.166+0000] {logging_mixin.py:188} INFO - [2024-02-13T12:40:29.166+0000] {dag.py:3823} INFO - Setting next_dagrun for example_sensor_decorator to None, run_after=None
[2024-02-13T12:40:29.183+0000] {processor.py:183} INFO - Processing /home/airflow/.local/lib/python3.8/site-packages/airflow/example_dags/example_sensor_decorator.py took 0.077 seconds
[2024-02-13T12:40:59.671+0000] {processor.py:161} INFO - Started process (PID=3370) to work on /home/airflow/.local/lib/python3.8/site-packages/airflow/example_dags/example_sensor_decorator.py
[2024-02-13T12:40:59.672+0000] {processor.py:830} INFO - Processing file /home/airflow/.local/lib/python3.8/site-packages/airflow/example_dags/example_sensor_decorator.py for tasks to queue
[2024-02-13T12:40:59.673+0000] {logging_mixin.py:188} INFO - [2024-02-13T12:40:59.673+0000] {dagbag.py:538} INFO - Filling up the DagBag from /home/airflow/.local/lib/python3.8/site-packages/airflow/example_dags/example_sensor_decorator.py
[2024-02-13T12:40:59.678+0000] {processor.py:840} INFO - DAG(s) 'example_sensor_decorator' retrieved from /home/airflow/.local/lib/python3.8/site-packages/airflow/example_dags/example_sensor_decorator.py
[2024-02-13T12:40:59.695+0000] {logging_mixin.py:188} INFO - [2024-02-13T12:40:59.695+0000] {dag.py:3036} INFO - Sync 1 DAGs
[2024-02-13T12:40:59.706+0000] {logging_mixin.py:188} INFO - [2024-02-13T12:40:59.706+0000] {dag.py:3823} INFO - Setting next_dagrun for example_sensor_decorator to None, run_after=None
[2024-02-13T12:40:59.724+0000] {processor.py:183} INFO - Processing /home/airflow/.local/lib/python3.8/site-packages/airflow/example_dags/example_sensor_decorator.py took 0.055 seconds
[2024-02-13T12:41:30.110+0000] {processor.py:161} INFO - Started process (PID=3427) to work on /home/airflow/.local/lib/python3.8/site-packages/airflow/example_dags/example_sensor_decorator.py
[2024-02-13T12:41:30.112+0000] {processor.py:830} INFO - Processing file /home/airflow/.local/lib/python3.8/site-packages/airflow/example_dags/example_sensor_decorator.py for tasks to queue
[2024-02-13T12:41:30.115+0000] {logging_mixin.py:188} INFO - [2024-02-13T12:41:30.114+0000] {dagbag.py:538} INFO - Filling up the DagBag from /home/airflow/.local/lib/python3.8/site-packages/airflow/example_dags/example_sensor_decorator.py
[2024-02-13T12:41:30.127+0000] {processor.py:840} INFO - DAG(s) 'example_sensor_decorator' retrieved from /home/airflow/.local/lib/python3.8/site-packages/airflow/example_dags/example_sensor_decorator.py
[2024-02-13T12:41:30.148+0000] {logging_mixin.py:188} INFO - [2024-02-13T12:41:30.148+0000] {dag.py:3036} INFO - Sync 1 DAGs
[2024-02-13T12:41:30.159+0000] {logging_mixin.py:188} INFO - [2024-02-13T12:41:30.159+0000] {dag.py:3823} INFO - Setting next_dagrun for example_sensor_decorator to None, run_after=None
[2024-02-13T12:41:30.175+0000] {processor.py:183} INFO - Processing /home/airflow/.local/lib/python3.8/site-packages/airflow/example_dags/example_sensor_decorator.py took 0.075 seconds
[2024-02-13T12:42:00.369+0000] {processor.py:161} INFO - Started process (PID=3483) to work on /home/airflow/.local/lib/python3.8/site-packages/airflow/example_dags/example_sensor_decorator.py
[2024-02-13T12:42:00.373+0000] {processor.py:830} INFO - Processing file /home/airflow/.local/lib/python3.8/site-packages/airflow/example_dags/example_sensor_decorator.py for tasks to queue
[2024-02-13T12:42:00.376+0000] {logging_mixin.py:188} INFO - [2024-02-13T12:42:00.375+0000] {dagbag.py:538} INFO - Filling up the DagBag from /home/airflow/.local/lib/python3.8/site-packages/airflow/example_dags/example_sensor_decorator.py
[2024-02-13T12:42:00.388+0000] {processor.py:840} INFO - DAG(s) 'example_sensor_decorator' retrieved from /home/airflow/.local/lib/python3.8/site-packages/airflow/example_dags/example_sensor_decorator.py
[2024-02-13T12:42:00.408+0000] {logging_mixin.py:188} INFO - [2024-02-13T12:42:00.407+0000] {dag.py:3036} INFO - Sync 1 DAGs
[2024-02-13T12:42:00.419+0000] {logging_mixin.py:188} INFO - [2024-02-13T12:42:00.419+0000] {dag.py:3823} INFO - Setting next_dagrun for example_sensor_decorator to None, run_after=None
[2024-02-13T12:42:00.441+0000] {processor.py:183} INFO - Processing /home/airflow/.local/lib/python3.8/site-packages/airflow/example_dags/example_sensor_decorator.py took 0.082 seconds
[2024-02-13T12:42:30.481+0000] {processor.py:161} INFO - Started process (PID=3539) to work on /home/airflow/.local/lib/python3.8/site-packages/airflow/example_dags/example_sensor_decorator.py
[2024-02-13T12:42:30.484+0000] {processor.py:830} INFO - Processing file /home/airflow/.local/lib/python3.8/site-packages/airflow/example_dags/example_sensor_decorator.py for tasks to queue
[2024-02-13T12:42:30.486+0000] {logging_mixin.py:188} INFO - [2024-02-13T12:42:30.485+0000] {dagbag.py:538} INFO - Filling up the DagBag from /home/airflow/.local/lib/python3.8/site-packages/airflow/example_dags/example_sensor_decorator.py
[2024-02-13T12:42:30.502+0000] {processor.py:840} INFO - DAG(s) 'example_sensor_decorator' retrieved from /home/airflow/.local/lib/python3.8/site-packages/airflow/example_dags/example_sensor_decorator.py
[2024-02-13T12:42:30.539+0000] {logging_mixin.py:188} INFO - [2024-02-13T12:42:30.538+0000] {dag.py:3036} INFO - Sync 1 DAGs
[2024-02-13T12:42:30.559+0000] {logging_mixin.py:188} INFO - [2024-02-13T12:42:30.558+0000] {dag.py:3823} INFO - Setting next_dagrun for example_sensor_decorator to None, run_after=None
[2024-02-13T12:42:30.589+0000] {processor.py:183} INFO - Processing /home/airflow/.local/lib/python3.8/site-packages/airflow/example_dags/example_sensor_decorator.py took 0.117 seconds
[2024-02-13T12:43:01.355+0000] {processor.py:161} INFO - Started process (PID=3595) to work on /home/airflow/.local/lib/python3.8/site-packages/airflow/example_dags/example_sensor_decorator.py
[2024-02-13T12:43:01.356+0000] {processor.py:830} INFO - Processing file /home/airflow/.local/lib/python3.8/site-packages/airflow/example_dags/example_sensor_decorator.py for tasks to queue
[2024-02-13T12:43:01.358+0000] {logging_mixin.py:188} INFO - [2024-02-13T12:43:01.357+0000] {dagbag.py:538} INFO - Filling up the DagBag from /home/airflow/.local/lib/python3.8/site-packages/airflow/example_dags/example_sensor_decorator.py
[2024-02-13T12:43:01.369+0000] {processor.py:840} INFO - DAG(s) 'example_sensor_decorator' retrieved from /home/airflow/.local/lib/python3.8/site-packages/airflow/example_dags/example_sensor_decorator.py
[2024-02-13T12:43:01.402+0000] {logging_mixin.py:188} INFO - [2024-02-13T12:43:01.401+0000] {dag.py:3036} INFO - Sync 1 DAGs
[2024-02-13T12:43:01.421+0000] {logging_mixin.py:188} INFO - [2024-02-13T12:43:01.421+0000] {dag.py:3823} INFO - Setting next_dagrun for example_sensor_decorator to None, run_after=None
[2024-02-13T12:43:01.453+0000] {processor.py:183} INFO - Processing /home/airflow/.local/lib/python3.8/site-packages/airflow/example_dags/example_sensor_decorator.py took 0.103 seconds
