[2024-02-13T12:10:57.534+0000] {processor.py:161} INFO - Started process (PID=76) to work on /home/airflow/.local/lib/python3.8/site-packages/airflow/example_dags/example_skip_dag.py
[2024-02-13T12:10:57.535+0000] {processor.py:830} INFO - Processing file /home/airflow/.local/lib/python3.8/site-packages/airflow/example_dags/example_skip_dag.py for tasks to queue
[2024-02-13T12:10:57.536+0000] {logging_mixin.py:188} INFO - [2024-02-13T12:10:57.535+0000] {dagbag.py:538} INFO - Filling up the DagBag from /home/airflow/.local/lib/python3.8/site-packages/airflow/example_dags/example_skip_dag.py
[2024-02-13T12:10:57.544+0000] {processor.py:840} INFO - DAG(s) 'example_skip_dag' retrieved from /home/airflow/.local/lib/python3.8/site-packages/airflow/example_dags/example_skip_dag.py
[2024-02-13T12:10:57.669+0000] {logging_mixin.py:188} INFO - [2024-02-13T12:10:57.669+0000] {dag.py:3036} INFO - Sync 1 DAGs
[2024-02-13T12:10:57.696+0000] {logging_mixin.py:188} INFO - [2024-02-13T12:10:57.696+0000] {dag.py:3823} INFO - Setting next_dagrun for example_skip_dag to 2024-02-12 00:00:00+00:00, run_after=2024-02-13 00:00:00+00:00
[2024-02-13T12:10:57.723+0000] {processor.py:183} INFO - Processing /home/airflow/.local/lib/python3.8/site-packages/airflow/example_dags/example_skip_dag.py took 0.192 seconds
[2024-02-13T12:11:28.185+0000] {processor.py:161} INFO - Started process (PID=132) to work on /home/airflow/.local/lib/python3.8/site-packages/airflow/example_dags/example_skip_dag.py
[2024-02-13T12:11:28.189+0000] {processor.py:830} INFO - Processing file /home/airflow/.local/lib/python3.8/site-packages/airflow/example_dags/example_skip_dag.py for tasks to queue
[2024-02-13T12:11:28.191+0000] {logging_mixin.py:188} INFO - [2024-02-13T12:11:28.190+0000] {dagbag.py:538} INFO - Filling up the DagBag from /home/airflow/.local/lib/python3.8/site-packages/airflow/example_dags/example_skip_dag.py
[2024-02-13T12:11:28.205+0000] {processor.py:840} INFO - DAG(s) 'example_skip_dag' retrieved from /home/airflow/.local/lib/python3.8/site-packages/airflow/example_dags/example_skip_dag.py
[2024-02-13T12:11:28.253+0000] {logging_mixin.py:188} INFO - [2024-02-13T12:11:28.252+0000] {dag.py:3036} INFO - Sync 1 DAGs
[2024-02-13T12:11:28.310+0000] {logging_mixin.py:188} INFO - [2024-02-13T12:11:28.310+0000] {dag.py:3823} INFO - Setting next_dagrun for example_skip_dag to 2024-02-12 00:00:00+00:00, run_after=2024-02-13 00:00:00+00:00
[2024-02-13T12:11:28.369+0000] {processor.py:183} INFO - Processing /home/airflow/.local/lib/python3.8/site-packages/airflow/example_dags/example_skip_dag.py took 0.192 seconds
[2024-02-13T12:11:59.187+0000] {processor.py:161} INFO - Started process (PID=188) to work on /home/airflow/.local/lib/python3.8/site-packages/airflow/example_dags/example_skip_dag.py
[2024-02-13T12:11:59.189+0000] {processor.py:830} INFO - Processing file /home/airflow/.local/lib/python3.8/site-packages/airflow/example_dags/example_skip_dag.py for tasks to queue
[2024-02-13T12:11:59.190+0000] {logging_mixin.py:188} INFO - [2024-02-13T12:11:59.190+0000] {dagbag.py:538} INFO - Filling up the DagBag from /home/airflow/.local/lib/python3.8/site-packages/airflow/example_dags/example_skip_dag.py
[2024-02-13T12:11:59.200+0000] {processor.py:840} INFO - DAG(s) 'example_skip_dag' retrieved from /home/airflow/.local/lib/python3.8/site-packages/airflow/example_dags/example_skip_dag.py
[2024-02-13T12:11:59.236+0000] {logging_mixin.py:188} INFO - [2024-02-13T12:11:59.235+0000] {dag.py:3036} INFO - Sync 1 DAGs
[2024-02-13T12:11:59.272+0000] {logging_mixin.py:188} INFO - [2024-02-13T12:11:59.272+0000] {dag.py:3823} INFO - Setting next_dagrun for example_skip_dag to 2024-02-12 00:00:00+00:00, run_after=2024-02-13 00:00:00+00:00
[2024-02-13T12:11:59.298+0000] {processor.py:183} INFO - Processing /home/airflow/.local/lib/python3.8/site-packages/airflow/example_dags/example_skip_dag.py took 0.118 seconds
[2024-02-13T12:12:33.758+0000] {processor.py:161} INFO - Started process (PID=251) to work on /home/airflow/.local/lib/python3.8/site-packages/airflow/example_dags/example_skip_dag.py
[2024-02-13T12:12:33.762+0000] {processor.py:830} INFO - Processing file /home/airflow/.local/lib/python3.8/site-packages/airflow/example_dags/example_skip_dag.py for tasks to queue
[2024-02-13T12:12:33.766+0000] {logging_mixin.py:188} INFO - [2024-02-13T12:12:33.763+0000] {dagbag.py:538} INFO - Filling up the DagBag from /home/airflow/.local/lib/python3.8/site-packages/airflow/example_dags/example_skip_dag.py
[2024-02-13T12:12:33.803+0000] {processor.py:840} INFO - DAG(s) 'example_skip_dag' retrieved from /home/airflow/.local/lib/python3.8/site-packages/airflow/example_dags/example_skip_dag.py
[2024-02-13T12:12:33.921+0000] {logging_mixin.py:188} INFO - [2024-02-13T12:12:33.920+0000] {dag.py:3036} INFO - Sync 1 DAGs
[2024-02-13T12:12:34.023+0000] {logging_mixin.py:188} INFO - [2024-02-13T12:12:34.022+0000] {dag.py:3823} INFO - Setting next_dagrun for example_skip_dag to 2024-02-12 00:00:00+00:00, run_after=2024-02-13 00:00:00+00:00
[2024-02-13T12:12:34.136+0000] {processor.py:183} INFO - Processing /home/airflow/.local/lib/python3.8/site-packages/airflow/example_dags/example_skip_dag.py took 0.386 seconds
[2024-02-13T12:13:05.378+0000] {processor.py:161} INFO - Started process (PID=306) to work on /home/airflow/.local/lib/python3.8/site-packages/airflow/example_dags/example_skip_dag.py
[2024-02-13T12:13:05.383+0000] {processor.py:830} INFO - Processing file /home/airflow/.local/lib/python3.8/site-packages/airflow/example_dags/example_skip_dag.py for tasks to queue
[2024-02-13T12:13:05.389+0000] {logging_mixin.py:188} INFO - [2024-02-13T12:13:05.388+0000] {dagbag.py:538} INFO - Filling up the DagBag from /home/airflow/.local/lib/python3.8/site-packages/airflow/example_dags/example_skip_dag.py
[2024-02-13T12:13:05.434+0000] {processor.py:840} INFO - DAG(s) 'example_skip_dag' retrieved from /home/airflow/.local/lib/python3.8/site-packages/airflow/example_dags/example_skip_dag.py
[2024-02-13T12:13:05.534+0000] {logging_mixin.py:188} INFO - [2024-02-13T12:13:05.532+0000] {dag.py:3036} INFO - Sync 1 DAGs
[2024-02-13T12:13:05.630+0000] {logging_mixin.py:188} INFO - [2024-02-13T12:13:05.629+0000] {dag.py:3823} INFO - Setting next_dagrun for example_skip_dag to 2024-02-12 00:00:00+00:00, run_after=2024-02-13 00:00:00+00:00
[2024-02-13T12:13:05.739+0000] {processor.py:183} INFO - Processing /home/airflow/.local/lib/python3.8/site-packages/airflow/example_dags/example_skip_dag.py took 0.377 seconds
[2024-02-13T12:13:38.816+0000] {processor.py:161} INFO - Started process (PID=361) to work on /home/airflow/.local/lib/python3.8/site-packages/airflow/example_dags/example_skip_dag.py
[2024-02-13T12:13:38.825+0000] {processor.py:830} INFO - Processing file /home/airflow/.local/lib/python3.8/site-packages/airflow/example_dags/example_skip_dag.py for tasks to queue
[2024-02-13T12:13:38.844+0000] {logging_mixin.py:188} INFO - [2024-02-13T12:13:38.838+0000] {dagbag.py:538} INFO - Filling up the DagBag from /home/airflow/.local/lib/python3.8/site-packages/airflow/example_dags/example_skip_dag.py
[2024-02-13T12:13:38.886+0000] {processor.py:840} INFO - DAG(s) 'example_skip_dag' retrieved from /home/airflow/.local/lib/python3.8/site-packages/airflow/example_dags/example_skip_dag.py
[2024-02-13T12:13:38.971+0000] {logging_mixin.py:188} INFO - [2024-02-13T12:13:38.971+0000] {dag.py:3036} INFO - Sync 1 DAGs
[2024-02-13T12:13:39.108+0000] {logging_mixin.py:188} INFO - [2024-02-13T12:13:39.107+0000] {dag.py:3823} INFO - Setting next_dagrun for example_skip_dag to 2024-02-12 00:00:00+00:00, run_after=2024-02-13 00:00:00+00:00
[2024-02-13T12:13:39.170+0000] {processor.py:183} INFO - Processing /home/airflow/.local/lib/python3.8/site-packages/airflow/example_dags/example_skip_dag.py took 0.367 seconds
[2024-02-13T12:14:10.989+0000] {processor.py:161} INFO - Started process (PID=418) to work on /home/airflow/.local/lib/python3.8/site-packages/airflow/example_dags/example_skip_dag.py
[2024-02-13T12:14:10.995+0000] {processor.py:830} INFO - Processing file /home/airflow/.local/lib/python3.8/site-packages/airflow/example_dags/example_skip_dag.py for tasks to queue
[2024-02-13T12:14:10.997+0000] {logging_mixin.py:188} INFO - [2024-02-13T12:14:10.996+0000] {dagbag.py:538} INFO - Filling up the DagBag from /home/airflow/.local/lib/python3.8/site-packages/airflow/example_dags/example_skip_dag.py
[2024-02-13T12:14:11.020+0000] {processor.py:840} INFO - DAG(s) 'example_skip_dag' retrieved from /home/airflow/.local/lib/python3.8/site-packages/airflow/example_dags/example_skip_dag.py
[2024-02-13T12:14:11.083+0000] {logging_mixin.py:188} INFO - [2024-02-13T12:14:11.083+0000] {dag.py:3036} INFO - Sync 1 DAGs
[2024-02-13T12:14:11.150+0000] {logging_mixin.py:188} INFO - [2024-02-13T12:14:11.149+0000] {dag.py:3823} INFO - Setting next_dagrun for example_skip_dag to 2024-02-12 00:00:00+00:00, run_after=2024-02-13 00:00:00+00:00
[2024-02-13T12:14:11.201+0000] {processor.py:183} INFO - Processing /home/airflow/.local/lib/python3.8/site-packages/airflow/example_dags/example_skip_dag.py took 0.221 seconds
[2024-02-13T12:14:42.407+0000] {processor.py:161} INFO - Started process (PID=473) to work on /home/airflow/.local/lib/python3.8/site-packages/airflow/example_dags/example_skip_dag.py
[2024-02-13T12:14:42.409+0000] {processor.py:830} INFO - Processing file /home/airflow/.local/lib/python3.8/site-packages/airflow/example_dags/example_skip_dag.py for tasks to queue
[2024-02-13T12:14:42.411+0000] {logging_mixin.py:188} INFO - [2024-02-13T12:14:42.410+0000] {dagbag.py:538} INFO - Filling up the DagBag from /home/airflow/.local/lib/python3.8/site-packages/airflow/example_dags/example_skip_dag.py
[2024-02-13T12:14:42.436+0000] {processor.py:840} INFO - DAG(s) 'example_skip_dag' retrieved from /home/airflow/.local/lib/python3.8/site-packages/airflow/example_dags/example_skip_dag.py
[2024-02-13T12:14:42.495+0000] {logging_mixin.py:188} INFO - [2024-02-13T12:14:42.494+0000] {dag.py:3036} INFO - Sync 1 DAGs
[2024-02-13T12:14:42.565+0000] {logging_mixin.py:188} INFO - [2024-02-13T12:14:42.565+0000] {dag.py:3823} INFO - Setting next_dagrun for example_skip_dag to 2024-02-12 00:00:00+00:00, run_after=2024-02-13 00:00:00+00:00
[2024-02-13T12:14:42.619+0000] {processor.py:183} INFO - Processing /home/airflow/.local/lib/python3.8/site-packages/airflow/example_dags/example_skip_dag.py took 0.223 seconds
[2024-02-13T12:15:13.315+0000] {processor.py:161} INFO - Started process (PID=529) to work on /home/airflow/.local/lib/python3.8/site-packages/airflow/example_dags/example_skip_dag.py
[2024-02-13T12:15:13.317+0000] {processor.py:830} INFO - Processing file /home/airflow/.local/lib/python3.8/site-packages/airflow/example_dags/example_skip_dag.py for tasks to queue
[2024-02-13T12:15:13.321+0000] {logging_mixin.py:188} INFO - [2024-02-13T12:15:13.319+0000] {dagbag.py:538} INFO - Filling up the DagBag from /home/airflow/.local/lib/python3.8/site-packages/airflow/example_dags/example_skip_dag.py
[2024-02-13T12:15:13.347+0000] {processor.py:840} INFO - DAG(s) 'example_skip_dag' retrieved from /home/airflow/.local/lib/python3.8/site-packages/airflow/example_dags/example_skip_dag.py
[2024-02-13T12:15:13.397+0000] {logging_mixin.py:188} INFO - [2024-02-13T12:15:13.397+0000] {dag.py:3036} INFO - Sync 1 DAGs
[2024-02-13T12:15:13.447+0000] {logging_mixin.py:188} INFO - [2024-02-13T12:15:13.446+0000] {dag.py:3823} INFO - Setting next_dagrun for example_skip_dag to 2024-02-12 00:00:00+00:00, run_after=2024-02-13 00:00:00+00:00
[2024-02-13T12:15:13.526+0000] {processor.py:183} INFO - Processing /home/airflow/.local/lib/python3.8/site-packages/airflow/example_dags/example_skip_dag.py took 0.221 seconds
[2024-02-13T12:15:44.376+0000] {processor.py:161} INFO - Started process (PID=584) to work on /home/airflow/.local/lib/python3.8/site-packages/airflow/example_dags/example_skip_dag.py
[2024-02-13T12:15:44.377+0000] {processor.py:830} INFO - Processing file /home/airflow/.local/lib/python3.8/site-packages/airflow/example_dags/example_skip_dag.py for tasks to queue
[2024-02-13T12:15:44.378+0000] {logging_mixin.py:188} INFO - [2024-02-13T12:15:44.378+0000] {dagbag.py:538} INFO - Filling up the DagBag from /home/airflow/.local/lib/python3.8/site-packages/airflow/example_dags/example_skip_dag.py
[2024-02-13T12:15:44.384+0000] {processor.py:840} INFO - DAG(s) 'example_skip_dag' retrieved from /home/airflow/.local/lib/python3.8/site-packages/airflow/example_dags/example_skip_dag.py
[2024-02-13T12:15:44.404+0000] {logging_mixin.py:188} INFO - [2024-02-13T12:15:44.404+0000] {dag.py:3036} INFO - Sync 1 DAGs
[2024-02-13T12:15:44.426+0000] {logging_mixin.py:188} INFO - [2024-02-13T12:15:44.426+0000] {dag.py:3823} INFO - Setting next_dagrun for example_skip_dag to 2024-02-12 00:00:00+00:00, run_after=2024-02-13 00:00:00+00:00
[2024-02-13T12:15:44.445+0000] {processor.py:183} INFO - Processing /home/airflow/.local/lib/python3.8/site-packages/airflow/example_dags/example_skip_dag.py took 0.071 seconds
[2024-02-13T12:16:14.784+0000] {processor.py:161} INFO - Started process (PID=639) to work on /home/airflow/.local/lib/python3.8/site-packages/airflow/example_dags/example_skip_dag.py
[2024-02-13T12:16:14.785+0000] {processor.py:830} INFO - Processing file /home/airflow/.local/lib/python3.8/site-packages/airflow/example_dags/example_skip_dag.py for tasks to queue
[2024-02-13T12:16:14.786+0000] {logging_mixin.py:188} INFO - [2024-02-13T12:16:14.786+0000] {dagbag.py:538} INFO - Filling up the DagBag from /home/airflow/.local/lib/python3.8/site-packages/airflow/example_dags/example_skip_dag.py
[2024-02-13T12:16:14.794+0000] {processor.py:840} INFO - DAG(s) 'example_skip_dag' retrieved from /home/airflow/.local/lib/python3.8/site-packages/airflow/example_dags/example_skip_dag.py
[2024-02-13T12:16:14.813+0000] {logging_mixin.py:188} INFO - [2024-02-13T12:16:14.813+0000] {dag.py:3036} INFO - Sync 1 DAGs
[2024-02-13T12:16:14.834+0000] {logging_mixin.py:188} INFO - [2024-02-13T12:16:14.833+0000] {dag.py:3823} INFO - Setting next_dagrun for example_skip_dag to 2024-02-12 00:00:00+00:00, run_after=2024-02-13 00:00:00+00:00
[2024-02-13T12:16:14.850+0000] {processor.py:183} INFO - Processing /home/airflow/.local/lib/python3.8/site-packages/airflow/example_dags/example_skip_dag.py took 0.070 seconds
[2024-02-13T12:16:45.730+0000] {processor.py:161} INFO - Started process (PID=696) to work on /home/airflow/.local/lib/python3.8/site-packages/airflow/example_dags/example_skip_dag.py
[2024-02-13T12:16:45.731+0000] {processor.py:830} INFO - Processing file /home/airflow/.local/lib/python3.8/site-packages/airflow/example_dags/example_skip_dag.py for tasks to queue
[2024-02-13T12:16:45.732+0000] {logging_mixin.py:188} INFO - [2024-02-13T12:16:45.731+0000] {dagbag.py:538} INFO - Filling up the DagBag from /home/airflow/.local/lib/python3.8/site-packages/airflow/example_dags/example_skip_dag.py
[2024-02-13T12:16:45.740+0000] {processor.py:840} INFO - DAG(s) 'example_skip_dag' retrieved from /home/airflow/.local/lib/python3.8/site-packages/airflow/example_dags/example_skip_dag.py
[2024-02-13T12:16:45.765+0000] {logging_mixin.py:188} INFO - [2024-02-13T12:16:45.765+0000] {dag.py:3036} INFO - Sync 1 DAGs
[2024-02-13T12:16:45.787+0000] {logging_mixin.py:188} INFO - [2024-02-13T12:16:45.786+0000] {dag.py:3823} INFO - Setting next_dagrun for example_skip_dag to 2024-02-12 00:00:00+00:00, run_after=2024-02-13 00:00:00+00:00
[2024-02-13T12:16:45.805+0000] {processor.py:183} INFO - Processing /home/airflow/.local/lib/python3.8/site-packages/airflow/example_dags/example_skip_dag.py took 0.080 seconds
[2024-02-13T12:17:16.638+0000] {processor.py:161} INFO - Started process (PID=752) to work on /home/airflow/.local/lib/python3.8/site-packages/airflow/example_dags/example_skip_dag.py
[2024-02-13T12:17:16.639+0000] {processor.py:830} INFO - Processing file /home/airflow/.local/lib/python3.8/site-packages/airflow/example_dags/example_skip_dag.py for tasks to queue
[2024-02-13T12:17:16.641+0000] {logging_mixin.py:188} INFO - [2024-02-13T12:17:16.640+0000] {dagbag.py:538} INFO - Filling up the DagBag from /home/airflow/.local/lib/python3.8/site-packages/airflow/example_dags/example_skip_dag.py
[2024-02-13T12:17:16.657+0000] {processor.py:840} INFO - DAG(s) 'example_skip_dag' retrieved from /home/airflow/.local/lib/python3.8/site-packages/airflow/example_dags/example_skip_dag.py
[2024-02-13T12:17:16.717+0000] {logging_mixin.py:188} INFO - [2024-02-13T12:17:16.716+0000] {dag.py:3036} INFO - Sync 1 DAGs
[2024-02-13T12:17:16.781+0000] {logging_mixin.py:188} INFO - [2024-02-13T12:17:16.781+0000] {dag.py:3823} INFO - Setting next_dagrun for example_skip_dag to 2024-02-12 00:00:00+00:00, run_after=2024-02-13 00:00:00+00:00
[2024-02-13T12:17:16.838+0000] {processor.py:183} INFO - Processing /home/airflow/.local/lib/python3.8/site-packages/airflow/example_dags/example_skip_dag.py took 0.207 seconds
[2024-02-13T12:17:48.639+0000] {processor.py:161} INFO - Started process (PID=816) to work on /home/airflow/.local/lib/python3.8/site-packages/airflow/example_dags/example_skip_dag.py
[2024-02-13T12:17:48.644+0000] {processor.py:830} INFO - Processing file /home/airflow/.local/lib/python3.8/site-packages/airflow/example_dags/example_skip_dag.py for tasks to queue
[2024-02-13T12:17:48.648+0000] {logging_mixin.py:188} INFO - [2024-02-13T12:17:48.645+0000] {dagbag.py:538} INFO - Filling up the DagBag from /home/airflow/.local/lib/python3.8/site-packages/airflow/example_dags/example_skip_dag.py
[2024-02-13T12:17:48.676+0000] {processor.py:840} INFO - DAG(s) 'example_skip_dag' retrieved from /home/airflow/.local/lib/python3.8/site-packages/airflow/example_dags/example_skip_dag.py
[2024-02-13T12:17:48.785+0000] {logging_mixin.py:188} INFO - [2024-02-13T12:17:48.785+0000] {dag.py:3036} INFO - Sync 1 DAGs
[2024-02-13T12:17:48.823+0000] {logging_mixin.py:188} INFO - [2024-02-13T12:17:48.822+0000] {dag.py:3823} INFO - Setting next_dagrun for example_skip_dag to 2024-02-12 00:00:00+00:00, run_after=2024-02-13 00:00:00+00:00
[2024-02-13T12:17:48.854+0000] {processor.py:183} INFO - Processing /home/airflow/.local/lib/python3.8/site-packages/airflow/example_dags/example_skip_dag.py took 0.222 seconds
[2024-02-13T12:18:18.901+0000] {processor.py:161} INFO - Started process (PID=872) to work on /home/airflow/.local/lib/python3.8/site-packages/airflow/example_dags/example_skip_dag.py
[2024-02-13T12:18:18.903+0000] {processor.py:830} INFO - Processing file /home/airflow/.local/lib/python3.8/site-packages/airflow/example_dags/example_skip_dag.py for tasks to queue
[2024-02-13T12:18:18.905+0000] {logging_mixin.py:188} INFO - [2024-02-13T12:18:18.904+0000] {dagbag.py:538} INFO - Filling up the DagBag from /home/airflow/.local/lib/python3.8/site-packages/airflow/example_dags/example_skip_dag.py
[2024-02-13T12:18:18.927+0000] {processor.py:840} INFO - DAG(s) 'example_skip_dag' retrieved from /home/airflow/.local/lib/python3.8/site-packages/airflow/example_dags/example_skip_dag.py
[2024-02-13T12:18:18.994+0000] {logging_mixin.py:188} INFO - [2024-02-13T12:18:18.994+0000] {dag.py:3036} INFO - Sync 1 DAGs
[2024-02-13T12:18:19.068+0000] {logging_mixin.py:188} INFO - [2024-02-13T12:18:19.066+0000] {dag.py:3823} INFO - Setting next_dagrun for example_skip_dag to 2024-02-12 00:00:00+00:00, run_after=2024-02-13 00:00:00+00:00
[2024-02-13T12:18:19.118+0000] {processor.py:183} INFO - Processing /home/airflow/.local/lib/python3.8/site-packages/airflow/example_dags/example_skip_dag.py took 0.223 seconds
[2024-02-13T12:18:49.664+0000] {processor.py:161} INFO - Started process (PID=929) to work on /home/airflow/.local/lib/python3.8/site-packages/airflow/example_dags/example_skip_dag.py
[2024-02-13T12:18:49.673+0000] {processor.py:830} INFO - Processing file /home/airflow/.local/lib/python3.8/site-packages/airflow/example_dags/example_skip_dag.py for tasks to queue
[2024-02-13T12:18:49.676+0000] {logging_mixin.py:188} INFO - [2024-02-13T12:18:49.675+0000] {dagbag.py:538} INFO - Filling up the DagBag from /home/airflow/.local/lib/python3.8/site-packages/airflow/example_dags/example_skip_dag.py
[2024-02-13T12:18:49.716+0000] {processor.py:840} INFO - DAG(s) 'example_skip_dag' retrieved from /home/airflow/.local/lib/python3.8/site-packages/airflow/example_dags/example_skip_dag.py
[2024-02-13T12:18:49.810+0000] {logging_mixin.py:188} INFO - [2024-02-13T12:18:49.809+0000] {dag.py:3036} INFO - Sync 1 DAGs
[2024-02-13T12:18:49.909+0000] {logging_mixin.py:188} INFO - [2024-02-13T12:18:49.907+0000] {dag.py:3823} INFO - Setting next_dagrun for example_skip_dag to 2024-02-12 00:00:00+00:00, run_after=2024-02-13 00:00:00+00:00
[2024-02-13T12:18:49.979+0000] {processor.py:183} INFO - Processing /home/airflow/.local/lib/python3.8/site-packages/airflow/example_dags/example_skip_dag.py took 0.325 seconds
[2024-02-13T12:19:20.461+0000] {processor.py:161} INFO - Started process (PID=985) to work on /home/airflow/.local/lib/python3.8/site-packages/airflow/example_dags/example_skip_dag.py
[2024-02-13T12:19:20.462+0000] {processor.py:830} INFO - Processing file /home/airflow/.local/lib/python3.8/site-packages/airflow/example_dags/example_skip_dag.py for tasks to queue
[2024-02-13T12:19:20.464+0000] {logging_mixin.py:188} INFO - [2024-02-13T12:19:20.463+0000] {dagbag.py:538} INFO - Filling up the DagBag from /home/airflow/.local/lib/python3.8/site-packages/airflow/example_dags/example_skip_dag.py
[2024-02-13T12:19:20.490+0000] {processor.py:840} INFO - DAG(s) 'example_skip_dag' retrieved from /home/airflow/.local/lib/python3.8/site-packages/airflow/example_dags/example_skip_dag.py
[2024-02-13T12:19:20.562+0000] {logging_mixin.py:188} INFO - [2024-02-13T12:19:20.561+0000] {dag.py:3036} INFO - Sync 1 DAGs
[2024-02-13T12:19:20.645+0000] {logging_mixin.py:188} INFO - [2024-02-13T12:19:20.644+0000] {dag.py:3823} INFO - Setting next_dagrun for example_skip_dag to 2024-02-12 00:00:00+00:00, run_after=2024-02-13 00:00:00+00:00
[2024-02-13T12:19:20.724+0000] {processor.py:183} INFO - Processing /home/airflow/.local/lib/python3.8/site-packages/airflow/example_dags/example_skip_dag.py took 0.272 seconds
[2024-02-13T12:19:51.446+0000] {processor.py:161} INFO - Started process (PID=1041) to work on /home/airflow/.local/lib/python3.8/site-packages/airflow/example_dags/example_skip_dag.py
[2024-02-13T12:19:51.448+0000] {processor.py:830} INFO - Processing file /home/airflow/.local/lib/python3.8/site-packages/airflow/example_dags/example_skip_dag.py for tasks to queue
[2024-02-13T12:19:51.451+0000] {logging_mixin.py:188} INFO - [2024-02-13T12:19:51.450+0000] {dagbag.py:538} INFO - Filling up the DagBag from /home/airflow/.local/lib/python3.8/site-packages/airflow/example_dags/example_skip_dag.py
[2024-02-13T12:19:51.473+0000] {processor.py:840} INFO - DAG(s) 'example_skip_dag' retrieved from /home/airflow/.local/lib/python3.8/site-packages/airflow/example_dags/example_skip_dag.py
[2024-02-13T12:19:51.540+0000] {logging_mixin.py:188} INFO - [2024-02-13T12:19:51.539+0000] {dag.py:3036} INFO - Sync 1 DAGs
[2024-02-13T12:19:51.619+0000] {logging_mixin.py:188} INFO - [2024-02-13T12:19:51.618+0000] {dag.py:3823} INFO - Setting next_dagrun for example_skip_dag to 2024-02-12 00:00:00+00:00, run_after=2024-02-13 00:00:00+00:00
[2024-02-13T12:19:51.690+0000] {processor.py:183} INFO - Processing /home/airflow/.local/lib/python3.8/site-packages/airflow/example_dags/example_skip_dag.py took 0.251 seconds
[2024-02-13T12:20:22.588+0000] {processor.py:161} INFO - Started process (PID=1097) to work on /home/airflow/.local/lib/python3.8/site-packages/airflow/example_dags/example_skip_dag.py
[2024-02-13T12:20:22.589+0000] {processor.py:830} INFO - Processing file /home/airflow/.local/lib/python3.8/site-packages/airflow/example_dags/example_skip_dag.py for tasks to queue
[2024-02-13T12:20:22.590+0000] {logging_mixin.py:188} INFO - [2024-02-13T12:20:22.590+0000] {dagbag.py:538} INFO - Filling up the DagBag from /home/airflow/.local/lib/python3.8/site-packages/airflow/example_dags/example_skip_dag.py
[2024-02-13T12:20:22.597+0000] {processor.py:840} INFO - DAG(s) 'example_skip_dag' retrieved from /home/airflow/.local/lib/python3.8/site-packages/airflow/example_dags/example_skip_dag.py
[2024-02-13T12:20:22.621+0000] {logging_mixin.py:188} INFO - [2024-02-13T12:20:22.620+0000] {dag.py:3036} INFO - Sync 1 DAGs
[2024-02-13T12:20:22.652+0000] {logging_mixin.py:188} INFO - [2024-02-13T12:20:22.652+0000] {dag.py:3823} INFO - Setting next_dagrun for example_skip_dag to 2024-02-12 00:00:00+00:00, run_after=2024-02-13 00:00:00+00:00
[2024-02-13T12:20:22.677+0000] {processor.py:183} INFO - Processing /home/airflow/.local/lib/python3.8/site-packages/airflow/example_dags/example_skip_dag.py took 0.091 seconds
[2024-02-13T12:20:53.122+0000] {processor.py:161} INFO - Started process (PID=1153) to work on /home/airflow/.local/lib/python3.8/site-packages/airflow/example_dags/example_skip_dag.py
[2024-02-13T12:20:53.123+0000] {processor.py:830} INFO - Processing file /home/airflow/.local/lib/python3.8/site-packages/airflow/example_dags/example_skip_dag.py for tasks to queue
[2024-02-13T12:20:53.124+0000] {logging_mixin.py:188} INFO - [2024-02-13T12:20:53.124+0000] {dagbag.py:538} INFO - Filling up the DagBag from /home/airflow/.local/lib/python3.8/site-packages/airflow/example_dags/example_skip_dag.py
[2024-02-13T12:20:53.132+0000] {processor.py:840} INFO - DAG(s) 'example_skip_dag' retrieved from /home/airflow/.local/lib/python3.8/site-packages/airflow/example_dags/example_skip_dag.py
[2024-02-13T12:20:53.160+0000] {logging_mixin.py:188} INFO - [2024-02-13T12:20:53.159+0000] {dag.py:3036} INFO - Sync 1 DAGs
[2024-02-13T12:20:53.204+0000] {logging_mixin.py:188} INFO - [2024-02-13T12:20:53.204+0000] {dag.py:3823} INFO - Setting next_dagrun for example_skip_dag to 2024-02-12 00:00:00+00:00, run_after=2024-02-13 00:00:00+00:00
[2024-02-13T12:20:53.234+0000] {processor.py:183} INFO - Processing /home/airflow/.local/lib/python3.8/site-packages/airflow/example_dags/example_skip_dag.py took 0.115 seconds
[2024-02-13T12:21:23.450+0000] {processor.py:161} INFO - Started process (PID=1209) to work on /home/airflow/.local/lib/python3.8/site-packages/airflow/example_dags/example_skip_dag.py
[2024-02-13T12:21:23.451+0000] {processor.py:830} INFO - Processing file /home/airflow/.local/lib/python3.8/site-packages/airflow/example_dags/example_skip_dag.py for tasks to queue
[2024-02-13T12:21:23.452+0000] {logging_mixin.py:188} INFO - [2024-02-13T12:21:23.452+0000] {dagbag.py:538} INFO - Filling up the DagBag from /home/airflow/.local/lib/python3.8/site-packages/airflow/example_dags/example_skip_dag.py
[2024-02-13T12:21:23.460+0000] {processor.py:840} INFO - DAG(s) 'example_skip_dag' retrieved from /home/airflow/.local/lib/python3.8/site-packages/airflow/example_dags/example_skip_dag.py
[2024-02-13T12:21:23.481+0000] {logging_mixin.py:188} INFO - [2024-02-13T12:21:23.480+0000] {dag.py:3036} INFO - Sync 1 DAGs
[2024-02-13T12:21:23.502+0000] {logging_mixin.py:188} INFO - [2024-02-13T12:21:23.502+0000] {dag.py:3823} INFO - Setting next_dagrun for example_skip_dag to 2024-02-12 00:00:00+00:00, run_after=2024-02-13 00:00:00+00:00
[2024-02-13T12:21:23.519+0000] {processor.py:183} INFO - Processing /home/airflow/.local/lib/python3.8/site-packages/airflow/example_dags/example_skip_dag.py took 0.072 seconds
[2024-02-13T12:21:53.656+0000] {processor.py:161} INFO - Started process (PID=1266) to work on /home/airflow/.local/lib/python3.8/site-packages/airflow/example_dags/example_skip_dag.py
[2024-02-13T12:21:53.657+0000] {processor.py:830} INFO - Processing file /home/airflow/.local/lib/python3.8/site-packages/airflow/example_dags/example_skip_dag.py for tasks to queue
[2024-02-13T12:21:53.658+0000] {logging_mixin.py:188} INFO - [2024-02-13T12:21:53.657+0000] {dagbag.py:538} INFO - Filling up the DagBag from /home/airflow/.local/lib/python3.8/site-packages/airflow/example_dags/example_skip_dag.py
[2024-02-13T12:21:53.666+0000] {processor.py:840} INFO - DAG(s) 'example_skip_dag' retrieved from /home/airflow/.local/lib/python3.8/site-packages/airflow/example_dags/example_skip_dag.py
[2024-02-13T12:21:53.688+0000] {logging_mixin.py:188} INFO - [2024-02-13T12:21:53.687+0000] {dag.py:3036} INFO - Sync 1 DAGs
[2024-02-13T12:21:53.715+0000] {logging_mixin.py:188} INFO - [2024-02-13T12:21:53.714+0000] {dag.py:3823} INFO - Setting next_dagrun for example_skip_dag to 2024-02-12 00:00:00+00:00, run_after=2024-02-13 00:00:00+00:00
[2024-02-13T12:21:53.732+0000] {processor.py:183} INFO - Processing /home/airflow/.local/lib/python3.8/site-packages/airflow/example_dags/example_skip_dag.py took 0.080 seconds
[2024-02-13T12:22:23.943+0000] {processor.py:161} INFO - Started process (PID=1323) to work on /home/airflow/.local/lib/python3.8/site-packages/airflow/example_dags/example_skip_dag.py
[2024-02-13T12:22:23.944+0000] {processor.py:830} INFO - Processing file /home/airflow/.local/lib/python3.8/site-packages/airflow/example_dags/example_skip_dag.py for tasks to queue
[2024-02-13T12:22:23.946+0000] {logging_mixin.py:188} INFO - [2024-02-13T12:22:23.945+0000] {dagbag.py:538} INFO - Filling up the DagBag from /home/airflow/.local/lib/python3.8/site-packages/airflow/example_dags/example_skip_dag.py
[2024-02-13T12:22:23.956+0000] {processor.py:840} INFO - DAG(s) 'example_skip_dag' retrieved from /home/airflow/.local/lib/python3.8/site-packages/airflow/example_dags/example_skip_dag.py
[2024-02-13T12:22:23.978+0000] {logging_mixin.py:188} INFO - [2024-02-13T12:22:23.978+0000] {dag.py:3036} INFO - Sync 1 DAGs
[2024-02-13T12:22:24.011+0000] {logging_mixin.py:188} INFO - [2024-02-13T12:22:24.011+0000] {dag.py:3823} INFO - Setting next_dagrun for example_skip_dag to 2024-02-12 00:00:00+00:00, run_after=2024-02-13 00:00:00+00:00
[2024-02-13T12:22:24.045+0000] {processor.py:183} INFO - Processing /home/airflow/.local/lib/python3.8/site-packages/airflow/example_dags/example_skip_dag.py took 0.107 seconds
[2024-02-13T12:22:54.721+0000] {processor.py:161} INFO - Started process (PID=1379) to work on /home/airflow/.local/lib/python3.8/site-packages/airflow/example_dags/example_skip_dag.py
[2024-02-13T12:22:54.722+0000] {processor.py:830} INFO - Processing file /home/airflow/.local/lib/python3.8/site-packages/airflow/example_dags/example_skip_dag.py for tasks to queue
[2024-02-13T12:22:54.722+0000] {logging_mixin.py:188} INFO - [2024-02-13T12:22:54.722+0000] {dagbag.py:538} INFO - Filling up the DagBag from /home/airflow/.local/lib/python3.8/site-packages/airflow/example_dags/example_skip_dag.py
[2024-02-13T12:22:54.728+0000] {processor.py:840} INFO - DAG(s) 'example_skip_dag' retrieved from /home/airflow/.local/lib/python3.8/site-packages/airflow/example_dags/example_skip_dag.py
[2024-02-13T12:22:54.747+0000] {logging_mixin.py:188} INFO - [2024-02-13T12:22:54.747+0000] {dag.py:3036} INFO - Sync 1 DAGs
[2024-02-13T12:22:54.769+0000] {logging_mixin.py:188} INFO - [2024-02-13T12:22:54.768+0000] {dag.py:3823} INFO - Setting next_dagrun for example_skip_dag to 2024-02-12 00:00:00+00:00, run_after=2024-02-13 00:00:00+00:00
[2024-02-13T12:22:54.790+0000] {processor.py:183} INFO - Processing /home/airflow/.local/lib/python3.8/site-packages/airflow/example_dags/example_skip_dag.py took 0.072 seconds
[2024-02-13T12:23:25.743+0000] {processor.py:161} INFO - Started process (PID=1435) to work on /home/airflow/.local/lib/python3.8/site-packages/airflow/example_dags/example_skip_dag.py
[2024-02-13T12:23:25.746+0000] {processor.py:830} INFO - Processing file /home/airflow/.local/lib/python3.8/site-packages/airflow/example_dags/example_skip_dag.py for tasks to queue
[2024-02-13T12:23:25.747+0000] {logging_mixin.py:188} INFO - [2024-02-13T12:23:25.747+0000] {dagbag.py:538} INFO - Filling up the DagBag from /home/airflow/.local/lib/python3.8/site-packages/airflow/example_dags/example_skip_dag.py
[2024-02-13T12:23:25.761+0000] {processor.py:840} INFO - DAG(s) 'example_skip_dag' retrieved from /home/airflow/.local/lib/python3.8/site-packages/airflow/example_dags/example_skip_dag.py
[2024-02-13T12:23:25.795+0000] {logging_mixin.py:188} INFO - [2024-02-13T12:23:25.794+0000] {dag.py:3036} INFO - Sync 1 DAGs
[2024-02-13T12:23:25.827+0000] {logging_mixin.py:188} INFO - [2024-02-13T12:23:25.827+0000] {dag.py:3823} INFO - Setting next_dagrun for example_skip_dag to 2024-02-12 00:00:00+00:00, run_after=2024-02-13 00:00:00+00:00
[2024-02-13T12:23:25.857+0000] {processor.py:183} INFO - Processing /home/airflow/.local/lib/python3.8/site-packages/airflow/example_dags/example_skip_dag.py took 0.121 seconds
[2024-02-13T12:23:56.087+0000] {processor.py:161} INFO - Started process (PID=1491) to work on /home/airflow/.local/lib/python3.8/site-packages/airflow/example_dags/example_skip_dag.py
[2024-02-13T12:23:56.088+0000] {processor.py:830} INFO - Processing file /home/airflow/.local/lib/python3.8/site-packages/airflow/example_dags/example_skip_dag.py for tasks to queue
[2024-02-13T12:23:56.089+0000] {logging_mixin.py:188} INFO - [2024-02-13T12:23:56.088+0000] {dagbag.py:538} INFO - Filling up the DagBag from /home/airflow/.local/lib/python3.8/site-packages/airflow/example_dags/example_skip_dag.py
[2024-02-13T12:23:56.097+0000] {processor.py:840} INFO - DAG(s) 'example_skip_dag' retrieved from /home/airflow/.local/lib/python3.8/site-packages/airflow/example_dags/example_skip_dag.py
[2024-02-13T12:23:56.122+0000] {logging_mixin.py:188} INFO - [2024-02-13T12:23:56.121+0000] {dag.py:3036} INFO - Sync 1 DAGs
[2024-02-13T12:23:56.152+0000] {logging_mixin.py:188} INFO - [2024-02-13T12:23:56.151+0000] {dag.py:3823} INFO - Setting next_dagrun for example_skip_dag to 2024-02-12 00:00:00+00:00, run_after=2024-02-13 00:00:00+00:00
[2024-02-13T12:23:56.171+0000] {processor.py:183} INFO - Processing /home/airflow/.local/lib/python3.8/site-packages/airflow/example_dags/example_skip_dag.py took 0.088 seconds
[2024-02-13T12:24:26.402+0000] {processor.py:161} INFO - Started process (PID=1547) to work on /home/airflow/.local/lib/python3.8/site-packages/airflow/example_dags/example_skip_dag.py
[2024-02-13T12:24:26.403+0000] {processor.py:830} INFO - Processing file /home/airflow/.local/lib/python3.8/site-packages/airflow/example_dags/example_skip_dag.py for tasks to queue
[2024-02-13T12:24:26.404+0000] {logging_mixin.py:188} INFO - [2024-02-13T12:24:26.404+0000] {dagbag.py:538} INFO - Filling up the DagBag from /home/airflow/.local/lib/python3.8/site-packages/airflow/example_dags/example_skip_dag.py
[2024-02-13T12:24:26.418+0000] {processor.py:840} INFO - DAG(s) 'example_skip_dag' retrieved from /home/airflow/.local/lib/python3.8/site-packages/airflow/example_dags/example_skip_dag.py
[2024-02-13T12:24:26.460+0000] {logging_mixin.py:188} INFO - [2024-02-13T12:24:26.459+0000] {dag.py:3036} INFO - Sync 1 DAGs
[2024-02-13T12:24:26.503+0000] {logging_mixin.py:188} INFO - [2024-02-13T12:24:26.503+0000] {dag.py:3823} INFO - Setting next_dagrun for example_skip_dag to 2024-02-12 00:00:00+00:00, run_after=2024-02-13 00:00:00+00:00
[2024-02-13T12:24:26.548+0000] {processor.py:183} INFO - Processing /home/airflow/.local/lib/python3.8/site-packages/airflow/example_dags/example_skip_dag.py took 0.152 seconds
[2024-02-13T12:24:57.552+0000] {processor.py:161} INFO - Started process (PID=1603) to work on /home/airflow/.local/lib/python3.8/site-packages/airflow/example_dags/example_skip_dag.py
[2024-02-13T12:24:57.554+0000] {processor.py:830} INFO - Processing file /home/airflow/.local/lib/python3.8/site-packages/airflow/example_dags/example_skip_dag.py for tasks to queue
[2024-02-13T12:24:57.556+0000] {logging_mixin.py:188} INFO - [2024-02-13T12:24:57.555+0000] {dagbag.py:538} INFO - Filling up the DagBag from /home/airflow/.local/lib/python3.8/site-packages/airflow/example_dags/example_skip_dag.py
[2024-02-13T12:24:57.565+0000] {processor.py:840} INFO - DAG(s) 'example_skip_dag' retrieved from /home/airflow/.local/lib/python3.8/site-packages/airflow/example_dags/example_skip_dag.py
[2024-02-13T12:24:57.592+0000] {logging_mixin.py:188} INFO - [2024-02-13T12:24:57.592+0000] {dag.py:3036} INFO - Sync 1 DAGs
[2024-02-13T12:24:57.623+0000] {logging_mixin.py:188} INFO - [2024-02-13T12:24:57.623+0000] {dag.py:3823} INFO - Setting next_dagrun for example_skip_dag to 2024-02-12 00:00:00+00:00, run_after=2024-02-13 00:00:00+00:00
[2024-02-13T12:24:57.639+0000] {processor.py:183} INFO - Processing /home/airflow/.local/lib/python3.8/site-packages/airflow/example_dags/example_skip_dag.py took 0.094 seconds
[2024-02-13T12:25:27.839+0000] {processor.py:161} INFO - Started process (PID=1659) to work on /home/airflow/.local/lib/python3.8/site-packages/airflow/example_dags/example_skip_dag.py
[2024-02-13T12:25:27.839+0000] {processor.py:830} INFO - Processing file /home/airflow/.local/lib/python3.8/site-packages/airflow/example_dags/example_skip_dag.py for tasks to queue
[2024-02-13T12:25:27.840+0000] {logging_mixin.py:188} INFO - [2024-02-13T12:25:27.840+0000] {dagbag.py:538} INFO - Filling up the DagBag from /home/airflow/.local/lib/python3.8/site-packages/airflow/example_dags/example_skip_dag.py
[2024-02-13T12:25:27.848+0000] {processor.py:840} INFO - DAG(s) 'example_skip_dag' retrieved from /home/airflow/.local/lib/python3.8/site-packages/airflow/example_dags/example_skip_dag.py
[2024-02-13T12:25:27.869+0000] {logging_mixin.py:188} INFO - [2024-02-13T12:25:27.869+0000] {dag.py:3036} INFO - Sync 1 DAGs
[2024-02-13T12:25:27.891+0000] {logging_mixin.py:188} INFO - [2024-02-13T12:25:27.891+0000] {dag.py:3823} INFO - Setting next_dagrun for example_skip_dag to 2024-02-12 00:00:00+00:00, run_after=2024-02-13 00:00:00+00:00
[2024-02-13T12:25:27.908+0000] {processor.py:183} INFO - Processing /home/airflow/.local/lib/python3.8/site-packages/airflow/example_dags/example_skip_dag.py took 0.072 seconds
[2024-02-13T12:25:58.091+0000] {processor.py:161} INFO - Started process (PID=1715) to work on /home/airflow/.local/lib/python3.8/site-packages/airflow/example_dags/example_skip_dag.py
[2024-02-13T12:25:58.092+0000] {processor.py:830} INFO - Processing file /home/airflow/.local/lib/python3.8/site-packages/airflow/example_dags/example_skip_dag.py for tasks to queue
[2024-02-13T12:25:58.093+0000] {logging_mixin.py:188} INFO - [2024-02-13T12:25:58.092+0000] {dagbag.py:538} INFO - Filling up the DagBag from /home/airflow/.local/lib/python3.8/site-packages/airflow/example_dags/example_skip_dag.py
[2024-02-13T12:25:58.099+0000] {processor.py:840} INFO - DAG(s) 'example_skip_dag' retrieved from /home/airflow/.local/lib/python3.8/site-packages/airflow/example_dags/example_skip_dag.py
[2024-02-13T12:25:58.120+0000] {logging_mixin.py:188} INFO - [2024-02-13T12:25:58.120+0000] {dag.py:3036} INFO - Sync 1 DAGs
[2024-02-13T12:25:58.149+0000] {logging_mixin.py:188} INFO - [2024-02-13T12:25:58.149+0000] {dag.py:3823} INFO - Setting next_dagrun for example_skip_dag to 2024-02-12 00:00:00+00:00, run_after=2024-02-13 00:00:00+00:00
[2024-02-13T12:25:58.166+0000] {processor.py:183} INFO - Processing /home/airflow/.local/lib/python3.8/site-packages/airflow/example_dags/example_skip_dag.py took 0.077 seconds
[2024-02-13T12:26:28.498+0000] {processor.py:161} INFO - Started process (PID=1771) to work on /home/airflow/.local/lib/python3.8/site-packages/airflow/example_dags/example_skip_dag.py
[2024-02-13T12:26:28.499+0000] {processor.py:830} INFO - Processing file /home/airflow/.local/lib/python3.8/site-packages/airflow/example_dags/example_skip_dag.py for tasks to queue
[2024-02-13T12:26:28.500+0000] {logging_mixin.py:188} INFO - [2024-02-13T12:26:28.499+0000] {dagbag.py:538} INFO - Filling up the DagBag from /home/airflow/.local/lib/python3.8/site-packages/airflow/example_dags/example_skip_dag.py
[2024-02-13T12:26:28.506+0000] {processor.py:840} INFO - DAG(s) 'example_skip_dag' retrieved from /home/airflow/.local/lib/python3.8/site-packages/airflow/example_dags/example_skip_dag.py
[2024-02-13T12:26:28.524+0000] {logging_mixin.py:188} INFO - [2024-02-13T12:26:28.524+0000] {dag.py:3036} INFO - Sync 1 DAGs
[2024-02-13T12:26:28.546+0000] {logging_mixin.py:188} INFO - [2024-02-13T12:26:28.545+0000] {dag.py:3823} INFO - Setting next_dagrun for example_skip_dag to 2024-02-12 00:00:00+00:00, run_after=2024-02-13 00:00:00+00:00
[2024-02-13T12:26:28.564+0000] {processor.py:183} INFO - Processing /home/airflow/.local/lib/python3.8/site-packages/airflow/example_dags/example_skip_dag.py took 0.069 seconds
[2024-02-13T12:26:59.051+0000] {processor.py:161} INFO - Started process (PID=1827) to work on /home/airflow/.local/lib/python3.8/site-packages/airflow/example_dags/example_skip_dag.py
[2024-02-13T12:26:59.052+0000] {processor.py:830} INFO - Processing file /home/airflow/.local/lib/python3.8/site-packages/airflow/example_dags/example_skip_dag.py for tasks to queue
[2024-02-13T12:26:59.053+0000] {logging_mixin.py:188} INFO - [2024-02-13T12:26:59.053+0000] {dagbag.py:538} INFO - Filling up the DagBag from /home/airflow/.local/lib/python3.8/site-packages/airflow/example_dags/example_skip_dag.py
[2024-02-13T12:26:59.061+0000] {processor.py:840} INFO - DAG(s) 'example_skip_dag' retrieved from /home/airflow/.local/lib/python3.8/site-packages/airflow/example_dags/example_skip_dag.py
[2024-02-13T12:26:59.086+0000] {logging_mixin.py:188} INFO - [2024-02-13T12:26:59.086+0000] {dag.py:3036} INFO - Sync 1 DAGs
[2024-02-13T12:26:59.112+0000] {logging_mixin.py:188} INFO - [2024-02-13T12:26:59.112+0000] {dag.py:3823} INFO - Setting next_dagrun for example_skip_dag to 2024-02-12 00:00:00+00:00, run_after=2024-02-13 00:00:00+00:00
[2024-02-13T12:26:59.129+0000] {processor.py:183} INFO - Processing /home/airflow/.local/lib/python3.8/site-packages/airflow/example_dags/example_skip_dag.py took 0.081 seconds
[2024-02-13T12:27:30.003+0000] {processor.py:161} INFO - Started process (PID=1883) to work on /home/airflow/.local/lib/python3.8/site-packages/airflow/example_dags/example_skip_dag.py
[2024-02-13T12:27:30.003+0000] {processor.py:830} INFO - Processing file /home/airflow/.local/lib/python3.8/site-packages/airflow/example_dags/example_skip_dag.py for tasks to queue
[2024-02-13T12:27:30.004+0000] {logging_mixin.py:188} INFO - [2024-02-13T12:27:30.004+0000] {dagbag.py:538} INFO - Filling up the DagBag from /home/airflow/.local/lib/python3.8/site-packages/airflow/example_dags/example_skip_dag.py
[2024-02-13T12:27:30.011+0000] {processor.py:840} INFO - DAG(s) 'example_skip_dag' retrieved from /home/airflow/.local/lib/python3.8/site-packages/airflow/example_dags/example_skip_dag.py
[2024-02-13T12:27:30.030+0000] {logging_mixin.py:188} INFO - [2024-02-13T12:27:30.030+0000] {dag.py:3036} INFO - Sync 1 DAGs
[2024-02-13T12:27:30.053+0000] {logging_mixin.py:188} INFO - [2024-02-13T12:27:30.052+0000] {dag.py:3823} INFO - Setting next_dagrun for example_skip_dag to 2024-02-12 00:00:00+00:00, run_after=2024-02-13 00:00:00+00:00
[2024-02-13T12:27:30.070+0000] {processor.py:183} INFO - Processing /home/airflow/.local/lib/python3.8/site-packages/airflow/example_dags/example_skip_dag.py took 0.070 seconds
[2024-02-13T12:28:01.049+0000] {processor.py:161} INFO - Started process (PID=1939) to work on /home/airflow/.local/lib/python3.8/site-packages/airflow/example_dags/example_skip_dag.py
[2024-02-13T12:28:01.050+0000] {processor.py:830} INFO - Processing file /home/airflow/.local/lib/python3.8/site-packages/airflow/example_dags/example_skip_dag.py for tasks to queue
[2024-02-13T12:28:01.050+0000] {logging_mixin.py:188} INFO - [2024-02-13T12:28:01.050+0000] {dagbag.py:538} INFO - Filling up the DagBag from /home/airflow/.local/lib/python3.8/site-packages/airflow/example_dags/example_skip_dag.py
[2024-02-13T12:28:01.056+0000] {processor.py:840} INFO - DAG(s) 'example_skip_dag' retrieved from /home/airflow/.local/lib/python3.8/site-packages/airflow/example_dags/example_skip_dag.py
[2024-02-13T12:28:01.075+0000] {logging_mixin.py:188} INFO - [2024-02-13T12:28:01.075+0000] {dag.py:3036} INFO - Sync 1 DAGs
[2024-02-13T12:28:01.096+0000] {logging_mixin.py:188} INFO - [2024-02-13T12:28:01.096+0000] {dag.py:3823} INFO - Setting next_dagrun for example_skip_dag to 2024-02-12 00:00:00+00:00, run_after=2024-02-13 00:00:00+00:00
[2024-02-13T12:28:01.117+0000] {processor.py:183} INFO - Processing /home/airflow/.local/lib/python3.8/site-packages/airflow/example_dags/example_skip_dag.py took 0.071 seconds
[2024-02-13T12:28:31.208+0000] {processor.py:161} INFO - Started process (PID=1995) to work on /home/airflow/.local/lib/python3.8/site-packages/airflow/example_dags/example_skip_dag.py
[2024-02-13T12:28:31.209+0000] {processor.py:830} INFO - Processing file /home/airflow/.local/lib/python3.8/site-packages/airflow/example_dags/example_skip_dag.py for tasks to queue
[2024-02-13T12:28:31.210+0000] {logging_mixin.py:188} INFO - [2024-02-13T12:28:31.209+0000] {dagbag.py:538} INFO - Filling up the DagBag from /home/airflow/.local/lib/python3.8/site-packages/airflow/example_dags/example_skip_dag.py
[2024-02-13T12:28:31.216+0000] {processor.py:840} INFO - DAG(s) 'example_skip_dag' retrieved from /home/airflow/.local/lib/python3.8/site-packages/airflow/example_dags/example_skip_dag.py
[2024-02-13T12:28:31.236+0000] {logging_mixin.py:188} INFO - [2024-02-13T12:28:31.235+0000] {dag.py:3036} INFO - Sync 1 DAGs
[2024-02-13T12:28:31.258+0000] {logging_mixin.py:188} INFO - [2024-02-13T12:28:31.258+0000] {dag.py:3823} INFO - Setting next_dagrun for example_skip_dag to 2024-02-12 00:00:00+00:00, run_after=2024-02-13 00:00:00+00:00
[2024-02-13T12:28:31.274+0000] {processor.py:183} INFO - Processing /home/airflow/.local/lib/python3.8/site-packages/airflow/example_dags/example_skip_dag.py took 0.069 seconds
[2024-02-13T12:29:01.461+0000] {processor.py:161} INFO - Started process (PID=2051) to work on /home/airflow/.local/lib/python3.8/site-packages/airflow/example_dags/example_skip_dag.py
[2024-02-13T12:29:01.462+0000] {processor.py:830} INFO - Processing file /home/airflow/.local/lib/python3.8/site-packages/airflow/example_dags/example_skip_dag.py for tasks to queue
[2024-02-13T12:29:01.463+0000] {logging_mixin.py:188} INFO - [2024-02-13T12:29:01.462+0000] {dagbag.py:538} INFO - Filling up the DagBag from /home/airflow/.local/lib/python3.8/site-packages/airflow/example_dags/example_skip_dag.py
[2024-02-13T12:29:01.473+0000] {processor.py:840} INFO - DAG(s) 'example_skip_dag' retrieved from /home/airflow/.local/lib/python3.8/site-packages/airflow/example_dags/example_skip_dag.py
[2024-02-13T12:29:01.499+0000] {logging_mixin.py:188} INFO - [2024-02-13T12:29:01.499+0000] {dag.py:3036} INFO - Sync 1 DAGs
[2024-02-13T12:29:01.522+0000] {logging_mixin.py:188} INFO - [2024-02-13T12:29:01.522+0000] {dag.py:3823} INFO - Setting next_dagrun for example_skip_dag to 2024-02-12 00:00:00+00:00, run_after=2024-02-13 00:00:00+00:00
[2024-02-13T12:29:01.540+0000] {processor.py:183} INFO - Processing /home/airflow/.local/lib/python3.8/site-packages/airflow/example_dags/example_skip_dag.py took 0.082 seconds
[2024-02-13T12:29:32.034+0000] {processor.py:161} INFO - Started process (PID=2107) to work on /home/airflow/.local/lib/python3.8/site-packages/airflow/example_dags/example_skip_dag.py
[2024-02-13T12:29:32.035+0000] {processor.py:830} INFO - Processing file /home/airflow/.local/lib/python3.8/site-packages/airflow/example_dags/example_skip_dag.py for tasks to queue
[2024-02-13T12:29:32.036+0000] {logging_mixin.py:188} INFO - [2024-02-13T12:29:32.036+0000] {dagbag.py:538} INFO - Filling up the DagBag from /home/airflow/.local/lib/python3.8/site-packages/airflow/example_dags/example_skip_dag.py
[2024-02-13T12:29:32.043+0000] {processor.py:840} INFO - DAG(s) 'example_skip_dag' retrieved from /home/airflow/.local/lib/python3.8/site-packages/airflow/example_dags/example_skip_dag.py
[2024-02-13T12:29:32.064+0000] {logging_mixin.py:188} INFO - [2024-02-13T12:29:32.064+0000] {dag.py:3036} INFO - Sync 1 DAGs
[2024-02-13T12:29:32.089+0000] {logging_mixin.py:188} INFO - [2024-02-13T12:29:32.089+0000] {dag.py:3823} INFO - Setting next_dagrun for example_skip_dag to 2024-02-12 00:00:00+00:00, run_after=2024-02-13 00:00:00+00:00
[2024-02-13T12:29:32.134+0000] {processor.py:183} INFO - Processing /home/airflow/.local/lib/python3.8/site-packages/airflow/example_dags/example_skip_dag.py took 0.102 seconds
[2024-02-13T12:30:02.371+0000] {processor.py:161} INFO - Started process (PID=2163) to work on /home/airflow/.local/lib/python3.8/site-packages/airflow/example_dags/example_skip_dag.py
[2024-02-13T12:30:02.372+0000] {processor.py:830} INFO - Processing file /home/airflow/.local/lib/python3.8/site-packages/airflow/example_dags/example_skip_dag.py for tasks to queue
[2024-02-13T12:30:02.372+0000] {logging_mixin.py:188} INFO - [2024-02-13T12:30:02.372+0000] {dagbag.py:538} INFO - Filling up the DagBag from /home/airflow/.local/lib/python3.8/site-packages/airflow/example_dags/example_skip_dag.py
[2024-02-13T12:30:02.378+0000] {processor.py:840} INFO - DAG(s) 'example_skip_dag' retrieved from /home/airflow/.local/lib/python3.8/site-packages/airflow/example_dags/example_skip_dag.py
[2024-02-13T12:30:02.398+0000] {logging_mixin.py:188} INFO - [2024-02-13T12:30:02.397+0000] {dag.py:3036} INFO - Sync 1 DAGs
[2024-02-13T12:30:02.419+0000] {logging_mixin.py:188} INFO - [2024-02-13T12:30:02.419+0000] {dag.py:3823} INFO - Setting next_dagrun for example_skip_dag to 2024-02-12 00:00:00+00:00, run_after=2024-02-13 00:00:00+00:00
[2024-02-13T12:30:02.437+0000] {processor.py:183} INFO - Processing /home/airflow/.local/lib/python3.8/site-packages/airflow/example_dags/example_skip_dag.py took 0.068 seconds
[2024-02-13T12:30:32.686+0000] {processor.py:161} INFO - Started process (PID=2219) to work on /home/airflow/.local/lib/python3.8/site-packages/airflow/example_dags/example_skip_dag.py
[2024-02-13T12:30:32.687+0000] {processor.py:830} INFO - Processing file /home/airflow/.local/lib/python3.8/site-packages/airflow/example_dags/example_skip_dag.py for tasks to queue
[2024-02-13T12:30:32.688+0000] {logging_mixin.py:188} INFO - [2024-02-13T12:30:32.688+0000] {dagbag.py:538} INFO - Filling up the DagBag from /home/airflow/.local/lib/python3.8/site-packages/airflow/example_dags/example_skip_dag.py
[2024-02-13T12:30:32.694+0000] {processor.py:840} INFO - DAG(s) 'example_skip_dag' retrieved from /home/airflow/.local/lib/python3.8/site-packages/airflow/example_dags/example_skip_dag.py
[2024-02-13T12:30:32.712+0000] {logging_mixin.py:188} INFO - [2024-02-13T12:30:32.712+0000] {dag.py:3036} INFO - Sync 1 DAGs
[2024-02-13T12:30:32.733+0000] {logging_mixin.py:188} INFO - [2024-02-13T12:30:32.733+0000] {dag.py:3823} INFO - Setting next_dagrun for example_skip_dag to 2024-02-12 00:00:00+00:00, run_after=2024-02-13 00:00:00+00:00
[2024-02-13T12:30:32.750+0000] {processor.py:183} INFO - Processing /home/airflow/.local/lib/python3.8/site-packages/airflow/example_dags/example_skip_dag.py took 0.066 seconds
[2024-02-13T12:31:03.249+0000] {processor.py:161} INFO - Started process (PID=2275) to work on /home/airflow/.local/lib/python3.8/site-packages/airflow/example_dags/example_skip_dag.py
[2024-02-13T12:31:03.250+0000] {processor.py:830} INFO - Processing file /home/airflow/.local/lib/python3.8/site-packages/airflow/example_dags/example_skip_dag.py for tasks to queue
[2024-02-13T12:31:03.250+0000] {logging_mixin.py:188} INFO - [2024-02-13T12:31:03.250+0000] {dagbag.py:538} INFO - Filling up the DagBag from /home/airflow/.local/lib/python3.8/site-packages/airflow/example_dags/example_skip_dag.py
[2024-02-13T12:31:03.257+0000] {processor.py:840} INFO - DAG(s) 'example_skip_dag' retrieved from /home/airflow/.local/lib/python3.8/site-packages/airflow/example_dags/example_skip_dag.py
[2024-02-13T12:31:03.278+0000] {logging_mixin.py:188} INFO - [2024-02-13T12:31:03.278+0000] {dag.py:3036} INFO - Sync 1 DAGs
[2024-02-13T12:31:03.306+0000] {logging_mixin.py:188} INFO - [2024-02-13T12:31:03.305+0000] {dag.py:3823} INFO - Setting next_dagrun for example_skip_dag to 2024-02-12 00:00:00+00:00, run_after=2024-02-13 00:00:00+00:00
[2024-02-13T12:31:03.330+0000] {processor.py:183} INFO - Processing /home/airflow/.local/lib/python3.8/site-packages/airflow/example_dags/example_skip_dag.py took 0.084 seconds
[2024-02-13T12:31:33.857+0000] {processor.py:161} INFO - Started process (PID=2331) to work on /home/airflow/.local/lib/python3.8/site-packages/airflow/example_dags/example_skip_dag.py
[2024-02-13T12:31:33.858+0000] {processor.py:830} INFO - Processing file /home/airflow/.local/lib/python3.8/site-packages/airflow/example_dags/example_skip_dag.py for tasks to queue
[2024-02-13T12:31:33.859+0000] {logging_mixin.py:188} INFO - [2024-02-13T12:31:33.859+0000] {dagbag.py:538} INFO - Filling up the DagBag from /home/airflow/.local/lib/python3.8/site-packages/airflow/example_dags/example_skip_dag.py
[2024-02-13T12:31:33.876+0000] {processor.py:840} INFO - DAG(s) 'example_skip_dag' retrieved from /home/airflow/.local/lib/python3.8/site-packages/airflow/example_dags/example_skip_dag.py
[2024-02-13T12:31:33.925+0000] {logging_mixin.py:188} INFO - [2024-02-13T12:31:33.924+0000] {dag.py:3036} INFO - Sync 1 DAGs
[2024-02-13T12:31:33.979+0000] {logging_mixin.py:188} INFO - [2024-02-13T12:31:33.979+0000] {dag.py:3823} INFO - Setting next_dagrun for example_skip_dag to 2024-02-12 00:00:00+00:00, run_after=2024-02-13 00:00:00+00:00
[2024-02-13T12:31:34.019+0000] {processor.py:183} INFO - Processing /home/airflow/.local/lib/python3.8/site-packages/airflow/example_dags/example_skip_dag.py took 0.167 seconds
[2024-02-13T12:32:04.185+0000] {processor.py:161} INFO - Started process (PID=2388) to work on /home/airflow/.local/lib/python3.8/site-packages/airflow/example_dags/example_skip_dag.py
[2024-02-13T12:32:04.186+0000] {processor.py:830} INFO - Processing file /home/airflow/.local/lib/python3.8/site-packages/airflow/example_dags/example_skip_dag.py for tasks to queue
[2024-02-13T12:32:04.186+0000] {logging_mixin.py:188} INFO - [2024-02-13T12:32:04.186+0000] {dagbag.py:538} INFO - Filling up the DagBag from /home/airflow/.local/lib/python3.8/site-packages/airflow/example_dags/example_skip_dag.py
[2024-02-13T12:32:04.193+0000] {processor.py:840} INFO - DAG(s) 'example_skip_dag' retrieved from /home/airflow/.local/lib/python3.8/site-packages/airflow/example_dags/example_skip_dag.py
[2024-02-13T12:32:04.215+0000] {logging_mixin.py:188} INFO - [2024-02-13T12:32:04.215+0000] {dag.py:3036} INFO - Sync 1 DAGs
[2024-02-13T12:32:04.236+0000] {logging_mixin.py:188} INFO - [2024-02-13T12:32:04.236+0000] {dag.py:3823} INFO - Setting next_dagrun for example_skip_dag to 2024-02-12 00:00:00+00:00, run_after=2024-02-13 00:00:00+00:00
[2024-02-13T12:32:04.254+0000] {processor.py:183} INFO - Processing /home/airflow/.local/lib/python3.8/site-packages/airflow/example_dags/example_skip_dag.py took 0.072 seconds
[2024-02-13T12:32:34.303+0000] {processor.py:161} INFO - Started process (PID=2444) to work on /home/airflow/.local/lib/python3.8/site-packages/airflow/example_dags/example_skip_dag.py
[2024-02-13T12:32:34.304+0000] {processor.py:830} INFO - Processing file /home/airflow/.local/lib/python3.8/site-packages/airflow/example_dags/example_skip_dag.py for tasks to queue
[2024-02-13T12:32:34.305+0000] {logging_mixin.py:188} INFO - [2024-02-13T12:32:34.305+0000] {dagbag.py:538} INFO - Filling up the DagBag from /home/airflow/.local/lib/python3.8/site-packages/airflow/example_dags/example_skip_dag.py
[2024-02-13T12:32:34.313+0000] {processor.py:840} INFO - DAG(s) 'example_skip_dag' retrieved from /home/airflow/.local/lib/python3.8/site-packages/airflow/example_dags/example_skip_dag.py
[2024-02-13T12:32:34.338+0000] {logging_mixin.py:188} INFO - [2024-02-13T12:32:34.337+0000] {dag.py:3036} INFO - Sync 1 DAGs
[2024-02-13T12:32:34.545+0000] {logging_mixin.py:188} INFO - [2024-02-13T12:32:34.545+0000] {dag.py:3823} INFO - Setting next_dagrun for example_skip_dag to 2024-02-12 00:00:00+00:00, run_after=2024-02-13 00:00:00+00:00
[2024-02-13T12:32:34.569+0000] {processor.py:183} INFO - Processing /home/airflow/.local/lib/python3.8/site-packages/airflow/example_dags/example_skip_dag.py took 0.269 seconds
[2024-02-13T12:33:04.788+0000] {processor.py:161} INFO - Started process (PID=2500) to work on /home/airflow/.local/lib/python3.8/site-packages/airflow/example_dags/example_skip_dag.py
[2024-02-13T12:33:04.788+0000] {processor.py:830} INFO - Processing file /home/airflow/.local/lib/python3.8/site-packages/airflow/example_dags/example_skip_dag.py for tasks to queue
[2024-02-13T12:33:04.789+0000] {logging_mixin.py:188} INFO - [2024-02-13T12:33:04.789+0000] {dagbag.py:538} INFO - Filling up the DagBag from /home/airflow/.local/lib/python3.8/site-packages/airflow/example_dags/example_skip_dag.py
[2024-02-13T12:33:04.796+0000] {processor.py:840} INFO - DAG(s) 'example_skip_dag' retrieved from /home/airflow/.local/lib/python3.8/site-packages/airflow/example_dags/example_skip_dag.py
[2024-02-13T12:33:04.817+0000] {logging_mixin.py:188} INFO - [2024-02-13T12:33:04.817+0000] {dag.py:3036} INFO - Sync 1 DAGs
[2024-02-13T12:33:04.989+0000] {logging_mixin.py:188} INFO - [2024-02-13T12:33:04.988+0000] {dag.py:3823} INFO - Setting next_dagrun for example_skip_dag to 2024-02-12 00:00:00+00:00, run_after=2024-02-13 00:00:00+00:00
[2024-02-13T12:33:05.010+0000] {processor.py:183} INFO - Processing /home/airflow/.local/lib/python3.8/site-packages/airflow/example_dags/example_skip_dag.py took 0.226 seconds
[2024-02-13T12:33:35.268+0000] {processor.py:161} INFO - Started process (PID=2557) to work on /home/airflow/.local/lib/python3.8/site-packages/airflow/example_dags/example_skip_dag.py
[2024-02-13T12:33:35.269+0000] {processor.py:830} INFO - Processing file /home/airflow/.local/lib/python3.8/site-packages/airflow/example_dags/example_skip_dag.py for tasks to queue
[2024-02-13T12:33:35.270+0000] {logging_mixin.py:188} INFO - [2024-02-13T12:33:35.270+0000] {dagbag.py:538} INFO - Filling up the DagBag from /home/airflow/.local/lib/python3.8/site-packages/airflow/example_dags/example_skip_dag.py
[2024-02-13T12:33:35.277+0000] {processor.py:840} INFO - DAG(s) 'example_skip_dag' retrieved from /home/airflow/.local/lib/python3.8/site-packages/airflow/example_dags/example_skip_dag.py
[2024-02-13T12:33:35.303+0000] {logging_mixin.py:188} INFO - [2024-02-13T12:33:35.303+0000] {dag.py:3036} INFO - Sync 1 DAGs
[2024-02-13T12:33:35.506+0000] {logging_mixin.py:188} INFO - [2024-02-13T12:33:35.506+0000] {dag.py:3823} INFO - Setting next_dagrun for example_skip_dag to 2024-02-12 00:00:00+00:00, run_after=2024-02-13 00:00:00+00:00
[2024-02-13T12:33:35.530+0000] {processor.py:183} INFO - Processing /home/airflow/.local/lib/python3.8/site-packages/airflow/example_dags/example_skip_dag.py took 0.265 seconds
[2024-02-13T12:34:05.733+0000] {processor.py:161} INFO - Started process (PID=2619) to work on /home/airflow/.local/lib/python3.8/site-packages/airflow/example_dags/example_skip_dag.py
[2024-02-13T12:34:05.734+0000] {processor.py:830} INFO - Processing file /home/airflow/.local/lib/python3.8/site-packages/airflow/example_dags/example_skip_dag.py for tasks to queue
[2024-02-13T12:34:05.735+0000] {logging_mixin.py:188} INFO - [2024-02-13T12:34:05.734+0000] {dagbag.py:538} INFO - Filling up the DagBag from /home/airflow/.local/lib/python3.8/site-packages/airflow/example_dags/example_skip_dag.py
[2024-02-13T12:34:05.741+0000] {processor.py:840} INFO - DAG(s) 'example_skip_dag' retrieved from /home/airflow/.local/lib/python3.8/site-packages/airflow/example_dags/example_skip_dag.py
[2024-02-13T12:34:05.762+0000] {logging_mixin.py:188} INFO - [2024-02-13T12:34:05.762+0000] {dag.py:3036} INFO - Sync 1 DAGs
[2024-02-13T12:34:05.785+0000] {logging_mixin.py:188} INFO - [2024-02-13T12:34:05.785+0000] {dag.py:3823} INFO - Setting next_dagrun for example_skip_dag to 2024-02-12 00:00:00+00:00, run_after=2024-02-13 00:00:00+00:00
[2024-02-13T12:34:05.802+0000] {processor.py:183} INFO - Processing /home/airflow/.local/lib/python3.8/site-packages/airflow/example_dags/example_skip_dag.py took 0.071 seconds
[2024-02-13T12:34:35.885+0000] {processor.py:161} INFO - Started process (PID=2675) to work on /home/airflow/.local/lib/python3.8/site-packages/airflow/example_dags/example_skip_dag.py
[2024-02-13T12:34:35.886+0000] {processor.py:830} INFO - Processing file /home/airflow/.local/lib/python3.8/site-packages/airflow/example_dags/example_skip_dag.py for tasks to queue
[2024-02-13T12:34:35.887+0000] {logging_mixin.py:188} INFO - [2024-02-13T12:34:35.887+0000] {dagbag.py:538} INFO - Filling up the DagBag from /home/airflow/.local/lib/python3.8/site-packages/airflow/example_dags/example_skip_dag.py
[2024-02-13T12:34:35.894+0000] {processor.py:840} INFO - DAG(s) 'example_skip_dag' retrieved from /home/airflow/.local/lib/python3.8/site-packages/airflow/example_dags/example_skip_dag.py
[2024-02-13T12:34:35.913+0000] {logging_mixin.py:188} INFO - [2024-02-13T12:34:35.913+0000] {dag.py:3036} INFO - Sync 1 DAGs
[2024-02-13T12:34:35.937+0000] {logging_mixin.py:188} INFO - [2024-02-13T12:34:35.936+0000] {dag.py:3823} INFO - Setting next_dagrun for example_skip_dag to 2024-02-12 00:00:00+00:00, run_after=2024-02-13 00:00:00+00:00
[2024-02-13T12:34:35.955+0000] {processor.py:183} INFO - Processing /home/airflow/.local/lib/python3.8/site-packages/airflow/example_dags/example_skip_dag.py took 0.072 seconds
[2024-02-13T12:35:06.176+0000] {processor.py:161} INFO - Started process (PID=2732) to work on /home/airflow/.local/lib/python3.8/site-packages/airflow/example_dags/example_skip_dag.py
[2024-02-13T12:35:06.177+0000] {processor.py:830} INFO - Processing file /home/airflow/.local/lib/python3.8/site-packages/airflow/example_dags/example_skip_dag.py for tasks to queue
[2024-02-13T12:35:06.178+0000] {logging_mixin.py:188} INFO - [2024-02-13T12:35:06.177+0000] {dagbag.py:538} INFO - Filling up the DagBag from /home/airflow/.local/lib/python3.8/site-packages/airflow/example_dags/example_skip_dag.py
[2024-02-13T12:35:06.184+0000] {processor.py:840} INFO - DAG(s) 'example_skip_dag' retrieved from /home/airflow/.local/lib/python3.8/site-packages/airflow/example_dags/example_skip_dag.py
[2024-02-13T12:35:06.205+0000] {logging_mixin.py:188} INFO - [2024-02-13T12:35:06.205+0000] {dag.py:3036} INFO - Sync 1 DAGs
[2024-02-13T12:35:06.227+0000] {logging_mixin.py:188} INFO - [2024-02-13T12:35:06.227+0000] {dag.py:3823} INFO - Setting next_dagrun for example_skip_dag to 2024-02-12 00:00:00+00:00, run_after=2024-02-13 00:00:00+00:00
[2024-02-13T12:35:06.247+0000] {processor.py:183} INFO - Processing /home/airflow/.local/lib/python3.8/site-packages/airflow/example_dags/example_skip_dag.py took 0.073 seconds
[2024-02-13T12:35:37.285+0000] {processor.py:161} INFO - Started process (PID=2788) to work on /home/airflow/.local/lib/python3.8/site-packages/airflow/example_dags/example_skip_dag.py
[2024-02-13T12:35:37.286+0000] {processor.py:830} INFO - Processing file /home/airflow/.local/lib/python3.8/site-packages/airflow/example_dags/example_skip_dag.py for tasks to queue
[2024-02-13T12:35:37.288+0000] {logging_mixin.py:188} INFO - [2024-02-13T12:35:37.287+0000] {dagbag.py:538} INFO - Filling up the DagBag from /home/airflow/.local/lib/python3.8/site-packages/airflow/example_dags/example_skip_dag.py
[2024-02-13T12:35:37.301+0000] {processor.py:840} INFO - DAG(s) 'example_skip_dag' retrieved from /home/airflow/.local/lib/python3.8/site-packages/airflow/example_dags/example_skip_dag.py
[2024-02-13T12:35:37.341+0000] {logging_mixin.py:188} INFO - [2024-02-13T12:35:37.341+0000] {dag.py:3036} INFO - Sync 1 DAGs
[2024-02-13T12:35:37.372+0000] {logging_mixin.py:188} INFO - [2024-02-13T12:35:37.371+0000] {dag.py:3823} INFO - Setting next_dagrun for example_skip_dag to 2024-02-12 00:00:00+00:00, run_after=2024-02-13 00:00:00+00:00
[2024-02-13T12:35:37.396+0000] {processor.py:183} INFO - Processing /home/airflow/.local/lib/python3.8/site-packages/airflow/example_dags/example_skip_dag.py took 0.114 seconds
[2024-02-13T12:36:07.581+0000] {processor.py:161} INFO - Started process (PID=2845) to work on /home/airflow/.local/lib/python3.8/site-packages/airflow/example_dags/example_skip_dag.py
[2024-02-13T12:36:07.582+0000] {processor.py:830} INFO - Processing file /home/airflow/.local/lib/python3.8/site-packages/airflow/example_dags/example_skip_dag.py for tasks to queue
[2024-02-13T12:36:07.582+0000] {logging_mixin.py:188} INFO - [2024-02-13T12:36:07.582+0000] {dagbag.py:538} INFO - Filling up the DagBag from /home/airflow/.local/lib/python3.8/site-packages/airflow/example_dags/example_skip_dag.py
[2024-02-13T12:36:07.589+0000] {processor.py:840} INFO - DAG(s) 'example_skip_dag' retrieved from /home/airflow/.local/lib/python3.8/site-packages/airflow/example_dags/example_skip_dag.py
[2024-02-13T12:36:07.608+0000] {logging_mixin.py:188} INFO - [2024-02-13T12:36:07.608+0000] {dag.py:3036} INFO - Sync 1 DAGs
[2024-02-13T12:36:07.631+0000] {logging_mixin.py:188} INFO - [2024-02-13T12:36:07.631+0000] {dag.py:3823} INFO - Setting next_dagrun for example_skip_dag to 2024-02-12 00:00:00+00:00, run_after=2024-02-13 00:00:00+00:00
[2024-02-13T12:36:07.649+0000] {processor.py:183} INFO - Processing /home/airflow/.local/lib/python3.8/site-packages/airflow/example_dags/example_skip_dag.py took 0.071 seconds
[2024-02-13T12:36:38.498+0000] {processor.py:161} INFO - Started process (PID=2901) to work on /home/airflow/.local/lib/python3.8/site-packages/airflow/example_dags/example_skip_dag.py
[2024-02-13T12:36:38.501+0000] {processor.py:830} INFO - Processing file /home/airflow/.local/lib/python3.8/site-packages/airflow/example_dags/example_skip_dag.py for tasks to queue
[2024-02-13T12:36:38.504+0000] {logging_mixin.py:188} INFO - [2024-02-13T12:36:38.503+0000] {dagbag.py:538} INFO - Filling up the DagBag from /home/airflow/.local/lib/python3.8/site-packages/airflow/example_dags/example_skip_dag.py
[2024-02-13T12:36:38.516+0000] {processor.py:840} INFO - DAG(s) 'example_skip_dag' retrieved from /home/airflow/.local/lib/python3.8/site-packages/airflow/example_dags/example_skip_dag.py
[2024-02-13T12:36:38.550+0000] {logging_mixin.py:188} INFO - [2024-02-13T12:36:38.549+0000] {dag.py:3036} INFO - Sync 1 DAGs
[2024-02-13T12:36:38.590+0000] {logging_mixin.py:188} INFO - [2024-02-13T12:36:38.589+0000] {dag.py:3823} INFO - Setting next_dagrun for example_skip_dag to 2024-02-12 00:00:00+00:00, run_after=2024-02-13 00:00:00+00:00
[2024-02-13T12:36:38.630+0000] {processor.py:183} INFO - Processing /home/airflow/.local/lib/python3.8/site-packages/airflow/example_dags/example_skip_dag.py took 0.138 seconds
[2024-02-13T12:37:09.366+0000] {processor.py:161} INFO - Started process (PID=2957) to work on /home/airflow/.local/lib/python3.8/site-packages/airflow/example_dags/example_skip_dag.py
[2024-02-13T12:37:09.367+0000] {processor.py:830} INFO - Processing file /home/airflow/.local/lib/python3.8/site-packages/airflow/example_dags/example_skip_dag.py for tasks to queue
[2024-02-13T12:37:09.372+0000] {logging_mixin.py:188} INFO - [2024-02-13T12:37:09.370+0000] {dagbag.py:538} INFO - Filling up the DagBag from /home/airflow/.local/lib/python3.8/site-packages/airflow/example_dags/example_skip_dag.py
[2024-02-13T12:37:09.390+0000] {processor.py:840} INFO - DAG(s) 'example_skip_dag' retrieved from /home/airflow/.local/lib/python3.8/site-packages/airflow/example_dags/example_skip_dag.py
[2024-02-13T12:37:09.455+0000] {logging_mixin.py:188} INFO - [2024-02-13T12:37:09.453+0000] {dag.py:3036} INFO - Sync 1 DAGs
[2024-02-13T12:37:09.514+0000] {logging_mixin.py:188} INFO - [2024-02-13T12:37:09.514+0000] {dag.py:3823} INFO - Setting next_dagrun for example_skip_dag to 2024-02-12 00:00:00+00:00, run_after=2024-02-13 00:00:00+00:00
[2024-02-13T12:37:09.566+0000] {processor.py:183} INFO - Processing /home/airflow/.local/lib/python3.8/site-packages/airflow/example_dags/example_skip_dag.py took 0.209 seconds
[2024-02-13T12:37:40.182+0000] {processor.py:161} INFO - Started process (PID=3013) to work on /home/airflow/.local/lib/python3.8/site-packages/airflow/example_dags/example_skip_dag.py
[2024-02-13T12:37:40.183+0000] {processor.py:830} INFO - Processing file /home/airflow/.local/lib/python3.8/site-packages/airflow/example_dags/example_skip_dag.py for tasks to queue
[2024-02-13T12:37:40.184+0000] {logging_mixin.py:188} INFO - [2024-02-13T12:37:40.183+0000] {dagbag.py:538} INFO - Filling up the DagBag from /home/airflow/.local/lib/python3.8/site-packages/airflow/example_dags/example_skip_dag.py
[2024-02-13T12:37:40.190+0000] {processor.py:840} INFO - DAG(s) 'example_skip_dag' retrieved from /home/airflow/.local/lib/python3.8/site-packages/airflow/example_dags/example_skip_dag.py
[2024-02-13T12:37:40.225+0000] {logging_mixin.py:188} INFO - [2024-02-13T12:37:40.224+0000] {dag.py:3036} INFO - Sync 1 DAGs
[2024-02-13T12:37:40.262+0000] {logging_mixin.py:188} INFO - [2024-02-13T12:37:40.262+0000] {dag.py:3823} INFO - Setting next_dagrun for example_skip_dag to 2024-02-12 00:00:00+00:00, run_after=2024-02-13 00:00:00+00:00
[2024-02-13T12:37:40.283+0000] {processor.py:183} INFO - Processing /home/airflow/.local/lib/python3.8/site-packages/airflow/example_dags/example_skip_dag.py took 0.104 seconds
[2024-02-13T12:38:10.789+0000] {processor.py:161} INFO - Started process (PID=3069) to work on /home/airflow/.local/lib/python3.8/site-packages/airflow/example_dags/example_skip_dag.py
[2024-02-13T12:38:10.793+0000] {processor.py:830} INFO - Processing file /home/airflow/.local/lib/python3.8/site-packages/airflow/example_dags/example_skip_dag.py for tasks to queue
[2024-02-13T12:38:10.794+0000] {logging_mixin.py:188} INFO - [2024-02-13T12:38:10.794+0000] {dagbag.py:538} INFO - Filling up the DagBag from /home/airflow/.local/lib/python3.8/site-packages/airflow/example_dags/example_skip_dag.py
[2024-02-13T12:38:10.804+0000] {processor.py:840} INFO - DAG(s) 'example_skip_dag' retrieved from /home/airflow/.local/lib/python3.8/site-packages/airflow/example_dags/example_skip_dag.py
[2024-02-13T12:38:10.826+0000] {logging_mixin.py:188} INFO - [2024-02-13T12:38:10.826+0000] {dag.py:3036} INFO - Sync 1 DAGs
[2024-02-13T12:38:10.861+0000] {logging_mixin.py:188} INFO - [2024-02-13T12:38:10.860+0000] {dag.py:3823} INFO - Setting next_dagrun for example_skip_dag to 2024-02-12 00:00:00+00:00, run_after=2024-02-13 00:00:00+00:00
[2024-02-13T12:38:10.886+0000] {processor.py:183} INFO - Processing /home/airflow/.local/lib/python3.8/site-packages/airflow/example_dags/example_skip_dag.py took 0.102 seconds
[2024-02-13T12:38:41.207+0000] {processor.py:161} INFO - Started process (PID=3125) to work on /home/airflow/.local/lib/python3.8/site-packages/airflow/example_dags/example_skip_dag.py
[2024-02-13T12:38:41.208+0000] {processor.py:830} INFO - Processing file /home/airflow/.local/lib/python3.8/site-packages/airflow/example_dags/example_skip_dag.py for tasks to queue
[2024-02-13T12:38:41.209+0000] {logging_mixin.py:188} INFO - [2024-02-13T12:38:41.208+0000] {dagbag.py:538} INFO - Filling up the DagBag from /home/airflow/.local/lib/python3.8/site-packages/airflow/example_dags/example_skip_dag.py
[2024-02-13T12:38:41.216+0000] {processor.py:840} INFO - DAG(s) 'example_skip_dag' retrieved from /home/airflow/.local/lib/python3.8/site-packages/airflow/example_dags/example_skip_dag.py
[2024-02-13T12:38:41.237+0000] {logging_mixin.py:188} INFO - [2024-02-13T12:38:41.236+0000] {dag.py:3036} INFO - Sync 1 DAGs
[2024-02-13T12:38:41.261+0000] {logging_mixin.py:188} INFO - [2024-02-13T12:38:41.261+0000] {dag.py:3823} INFO - Setting next_dagrun for example_skip_dag to 2024-02-12 00:00:00+00:00, run_after=2024-02-13 00:00:00+00:00
[2024-02-13T12:38:41.279+0000] {processor.py:183} INFO - Processing /home/airflow/.local/lib/python3.8/site-packages/airflow/example_dags/example_skip_dag.py took 0.075 seconds
[2024-02-13T12:39:11.311+0000] {processor.py:161} INFO - Started process (PID=3182) to work on /home/airflow/.local/lib/python3.8/site-packages/airflow/example_dags/example_skip_dag.py
[2024-02-13T12:39:11.312+0000] {processor.py:830} INFO - Processing file /home/airflow/.local/lib/python3.8/site-packages/airflow/example_dags/example_skip_dag.py for tasks to queue
[2024-02-13T12:39:11.313+0000] {logging_mixin.py:188} INFO - [2024-02-13T12:39:11.312+0000] {dagbag.py:538} INFO - Filling up the DagBag from /home/airflow/.local/lib/python3.8/site-packages/airflow/example_dags/example_skip_dag.py
[2024-02-13T12:39:11.318+0000] {processor.py:840} INFO - DAG(s) 'example_skip_dag' retrieved from /home/airflow/.local/lib/python3.8/site-packages/airflow/example_dags/example_skip_dag.py
[2024-02-13T12:39:11.337+0000] {logging_mixin.py:188} INFO - [2024-02-13T12:39:11.337+0000] {dag.py:3036} INFO - Sync 1 DAGs
[2024-02-13T12:39:11.358+0000] {logging_mixin.py:188} INFO - [2024-02-13T12:39:11.358+0000] {dag.py:3823} INFO - Setting next_dagrun for example_skip_dag to 2024-02-12 00:00:00+00:00, run_after=2024-02-13 00:00:00+00:00
[2024-02-13T12:39:11.374+0000] {processor.py:183} INFO - Processing /home/airflow/.local/lib/python3.8/site-packages/airflow/example_dags/example_skip_dag.py took 0.065 seconds
[2024-02-13T12:39:41.585+0000] {processor.py:161} INFO - Started process (PID=3238) to work on /home/airflow/.local/lib/python3.8/site-packages/airflow/example_dags/example_skip_dag.py
[2024-02-13T12:39:41.586+0000] {processor.py:830} INFO - Processing file /home/airflow/.local/lib/python3.8/site-packages/airflow/example_dags/example_skip_dag.py for tasks to queue
[2024-02-13T12:39:41.587+0000] {logging_mixin.py:188} INFO - [2024-02-13T12:39:41.587+0000] {dagbag.py:538} INFO - Filling up the DagBag from /home/airflow/.local/lib/python3.8/site-packages/airflow/example_dags/example_skip_dag.py
[2024-02-13T12:39:41.593+0000] {processor.py:840} INFO - DAG(s) 'example_skip_dag' retrieved from /home/airflow/.local/lib/python3.8/site-packages/airflow/example_dags/example_skip_dag.py
[2024-02-13T12:39:41.613+0000] {logging_mixin.py:188} INFO - [2024-02-13T12:39:41.613+0000] {dag.py:3036} INFO - Sync 1 DAGs
[2024-02-13T12:39:41.635+0000] {logging_mixin.py:188} INFO - [2024-02-13T12:39:41.634+0000] {dag.py:3823} INFO - Setting next_dagrun for example_skip_dag to 2024-02-12 00:00:00+00:00, run_after=2024-02-13 00:00:00+00:00
[2024-02-13T12:39:41.655+0000] {processor.py:183} INFO - Processing /home/airflow/.local/lib/python3.8/site-packages/airflow/example_dags/example_skip_dag.py took 0.072 seconds
[2024-02-13T12:40:11.900+0000] {processor.py:161} INFO - Started process (PID=3294) to work on /home/airflow/.local/lib/python3.8/site-packages/airflow/example_dags/example_skip_dag.py
[2024-02-13T12:40:11.901+0000] {processor.py:830} INFO - Processing file /home/airflow/.local/lib/python3.8/site-packages/airflow/example_dags/example_skip_dag.py for tasks to queue
[2024-02-13T12:40:11.902+0000] {logging_mixin.py:188} INFO - [2024-02-13T12:40:11.901+0000] {dagbag.py:538} INFO - Filling up the DagBag from /home/airflow/.local/lib/python3.8/site-packages/airflow/example_dags/example_skip_dag.py
[2024-02-13T12:40:11.908+0000] {processor.py:840} INFO - DAG(s) 'example_skip_dag' retrieved from /home/airflow/.local/lib/python3.8/site-packages/airflow/example_dags/example_skip_dag.py
[2024-02-13T12:40:11.928+0000] {logging_mixin.py:188} INFO - [2024-02-13T12:40:11.927+0000] {dag.py:3036} INFO - Sync 1 DAGs
[2024-02-13T12:40:11.951+0000] {logging_mixin.py:188} INFO - [2024-02-13T12:40:11.951+0000] {dag.py:3823} INFO - Setting next_dagrun for example_skip_dag to 2024-02-12 00:00:00+00:00, run_after=2024-02-13 00:00:00+00:00
[2024-02-13T12:40:11.971+0000] {processor.py:183} INFO - Processing /home/airflow/.local/lib/python3.8/site-packages/airflow/example_dags/example_skip_dag.py took 0.073 seconds
[2024-02-13T12:40:42.364+0000] {processor.py:161} INFO - Started process (PID=3350) to work on /home/airflow/.local/lib/python3.8/site-packages/airflow/example_dags/example_skip_dag.py
[2024-02-13T12:40:42.365+0000] {processor.py:830} INFO - Processing file /home/airflow/.local/lib/python3.8/site-packages/airflow/example_dags/example_skip_dag.py for tasks to queue
[2024-02-13T12:40:42.367+0000] {logging_mixin.py:188} INFO - [2024-02-13T12:40:42.366+0000] {dagbag.py:538} INFO - Filling up the DagBag from /home/airflow/.local/lib/python3.8/site-packages/airflow/example_dags/example_skip_dag.py
[2024-02-13T12:40:42.376+0000] {processor.py:840} INFO - DAG(s) 'example_skip_dag' retrieved from /home/airflow/.local/lib/python3.8/site-packages/airflow/example_dags/example_skip_dag.py
[2024-02-13T12:40:42.411+0000] {logging_mixin.py:188} INFO - [2024-02-13T12:40:42.411+0000] {dag.py:3036} INFO - Sync 1 DAGs
[2024-02-13T12:40:42.451+0000] {logging_mixin.py:188} INFO - [2024-02-13T12:40:42.450+0000] {dag.py:3823} INFO - Setting next_dagrun for example_skip_dag to 2024-02-12 00:00:00+00:00, run_after=2024-02-13 00:00:00+00:00
[2024-02-13T12:40:42.487+0000] {processor.py:183} INFO - Processing /home/airflow/.local/lib/python3.8/site-packages/airflow/example_dags/example_skip_dag.py took 0.128 seconds
[2024-02-13T12:41:12.876+0000] {processor.py:161} INFO - Started process (PID=3405) to work on /home/airflow/.local/lib/python3.8/site-packages/airflow/example_dags/example_skip_dag.py
[2024-02-13T12:41:12.877+0000] {processor.py:830} INFO - Processing file /home/airflow/.local/lib/python3.8/site-packages/airflow/example_dags/example_skip_dag.py for tasks to queue
[2024-02-13T12:41:12.878+0000] {logging_mixin.py:188} INFO - [2024-02-13T12:41:12.877+0000] {dagbag.py:538} INFO - Filling up the DagBag from /home/airflow/.local/lib/python3.8/site-packages/airflow/example_dags/example_skip_dag.py
[2024-02-13T12:41:12.884+0000] {processor.py:840} INFO - DAG(s) 'example_skip_dag' retrieved from /home/airflow/.local/lib/python3.8/site-packages/airflow/example_dags/example_skip_dag.py
[2024-02-13T12:41:12.908+0000] {logging_mixin.py:188} INFO - [2024-02-13T12:41:12.907+0000] {dag.py:3036} INFO - Sync 1 DAGs
[2024-02-13T12:41:12.942+0000] {logging_mixin.py:188} INFO - [2024-02-13T12:41:12.941+0000] {dag.py:3823} INFO - Setting next_dagrun for example_skip_dag to 2024-02-12 00:00:00+00:00, run_after=2024-02-13 00:00:00+00:00
[2024-02-13T12:41:12.960+0000] {processor.py:183} INFO - Processing /home/airflow/.local/lib/python3.8/site-packages/airflow/example_dags/example_skip_dag.py took 0.087 seconds
[2024-02-13T12:41:43.685+0000] {processor.py:161} INFO - Started process (PID=3461) to work on /home/airflow/.local/lib/python3.8/site-packages/airflow/example_dags/example_skip_dag.py
[2024-02-13T12:41:43.686+0000] {processor.py:830} INFO - Processing file /home/airflow/.local/lib/python3.8/site-packages/airflow/example_dags/example_skip_dag.py for tasks to queue
[2024-02-13T12:41:43.687+0000] {logging_mixin.py:188} INFO - [2024-02-13T12:41:43.687+0000] {dagbag.py:538} INFO - Filling up the DagBag from /home/airflow/.local/lib/python3.8/site-packages/airflow/example_dags/example_skip_dag.py
[2024-02-13T12:41:43.702+0000] {processor.py:840} INFO - DAG(s) 'example_skip_dag' retrieved from /home/airflow/.local/lib/python3.8/site-packages/airflow/example_dags/example_skip_dag.py
[2024-02-13T12:41:43.738+0000] {logging_mixin.py:188} INFO - [2024-02-13T12:41:43.737+0000] {dag.py:3036} INFO - Sync 1 DAGs
[2024-02-13T12:41:43.787+0000] {logging_mixin.py:188} INFO - [2024-02-13T12:41:43.786+0000] {dag.py:3823} INFO - Setting next_dagrun for example_skip_dag to 2024-02-12 00:00:00+00:00, run_after=2024-02-13 00:00:00+00:00
[2024-02-13T12:41:43.823+0000] {processor.py:183} INFO - Processing /home/airflow/.local/lib/python3.8/site-packages/airflow/example_dags/example_skip_dag.py took 0.147 seconds
[2024-02-13T12:42:14.591+0000] {processor.py:161} INFO - Started process (PID=3517) to work on /home/airflow/.local/lib/python3.8/site-packages/airflow/example_dags/example_skip_dag.py
[2024-02-13T12:42:14.592+0000] {processor.py:830} INFO - Processing file /home/airflow/.local/lib/python3.8/site-packages/airflow/example_dags/example_skip_dag.py for tasks to queue
[2024-02-13T12:42:14.593+0000] {logging_mixin.py:188} INFO - [2024-02-13T12:42:14.593+0000] {dagbag.py:538} INFO - Filling up the DagBag from /home/airflow/.local/lib/python3.8/site-packages/airflow/example_dags/example_skip_dag.py
[2024-02-13T12:42:14.600+0000] {processor.py:840} INFO - DAG(s) 'example_skip_dag' retrieved from /home/airflow/.local/lib/python3.8/site-packages/airflow/example_dags/example_skip_dag.py
[2024-02-13T12:42:14.621+0000] {logging_mixin.py:188} INFO - [2024-02-13T12:42:14.620+0000] {dag.py:3036} INFO - Sync 1 DAGs
[2024-02-13T12:42:14.643+0000] {logging_mixin.py:188} INFO - [2024-02-13T12:42:14.642+0000] {dag.py:3823} INFO - Setting next_dagrun for example_skip_dag to 2024-02-12 00:00:00+00:00, run_after=2024-02-13 00:00:00+00:00
[2024-02-13T12:42:14.661+0000] {processor.py:183} INFO - Processing /home/airflow/.local/lib/python3.8/site-packages/airflow/example_dags/example_skip_dag.py took 0.072 seconds
[2024-02-13T12:42:45.334+0000] {processor.py:161} INFO - Started process (PID=3573) to work on /home/airflow/.local/lib/python3.8/site-packages/airflow/example_dags/example_skip_dag.py
[2024-02-13T12:42:45.335+0000] {processor.py:830} INFO - Processing file /home/airflow/.local/lib/python3.8/site-packages/airflow/example_dags/example_skip_dag.py for tasks to queue
[2024-02-13T12:42:45.336+0000] {logging_mixin.py:188} INFO - [2024-02-13T12:42:45.336+0000] {dagbag.py:538} INFO - Filling up the DagBag from /home/airflow/.local/lib/python3.8/site-packages/airflow/example_dags/example_skip_dag.py
[2024-02-13T12:42:45.351+0000] {processor.py:840} INFO - DAG(s) 'example_skip_dag' retrieved from /home/airflow/.local/lib/python3.8/site-packages/airflow/example_dags/example_skip_dag.py
[2024-02-13T12:42:45.393+0000] {logging_mixin.py:188} INFO - [2024-02-13T12:42:45.393+0000] {dag.py:3036} INFO - Sync 1 DAGs
[2024-02-13T12:42:45.438+0000] {logging_mixin.py:188} INFO - [2024-02-13T12:42:45.438+0000] {dag.py:3823} INFO - Setting next_dagrun for example_skip_dag to 2024-02-12 00:00:00+00:00, run_after=2024-02-13 00:00:00+00:00
[2024-02-13T12:42:45.482+0000] {processor.py:183} INFO - Processing /home/airflow/.local/lib/python3.8/site-packages/airflow/example_dags/example_skip_dag.py took 0.155 seconds
