[2024-02-13T12:10:57.149+0000] {processor.py:161} INFO - Started process (PID=73) to work on /home/airflow/.local/lib/python3.8/site-packages/airflow/example_dags/example_latest_only_with_trigger.py
[2024-02-13T12:10:57.150+0000] {processor.py:830} INFO - Processing file /home/airflow/.local/lib/python3.8/site-packages/airflow/example_dags/example_latest_only_with_trigger.py for tasks to queue
[2024-02-13T12:10:57.151+0000] {logging_mixin.py:188} INFO - [2024-02-13T12:10:57.150+0000] {dagbag.py:538} INFO - Filling up the DagBag from /home/airflow/.local/lib/python3.8/site-packages/airflow/example_dags/example_latest_only_with_trigger.py
[2024-02-13T12:10:57.157+0000] {processor.py:840} INFO - DAG(s) 'latest_only_with_trigger' retrieved from /home/airflow/.local/lib/python3.8/site-packages/airflow/example_dags/example_latest_only_with_trigger.py
[2024-02-13T12:10:57.292+0000] {logging_mixin.py:188} INFO - [2024-02-13T12:10:57.291+0000] {dag.py:3036} INFO - Sync 1 DAGs
[2024-02-13T12:10:57.324+0000] {logging_mixin.py:188} INFO - [2024-02-13T12:10:57.323+0000] {dag.py:3823} INFO - Setting next_dagrun for latest_only_with_trigger to 2024-02-13 08:00:00+00:00, run_after=2024-02-13 12:00:00+00:00
[2024-02-13T12:10:57.350+0000] {processor.py:183} INFO - Processing /home/airflow/.local/lib/python3.8/site-packages/airflow/example_dags/example_latest_only_with_trigger.py took 0.203 seconds
[2024-02-13T12:11:27.740+0000] {processor.py:161} INFO - Started process (PID=129) to work on /home/airflow/.local/lib/python3.8/site-packages/airflow/example_dags/example_latest_only_with_trigger.py
[2024-02-13T12:11:27.745+0000] {processor.py:830} INFO - Processing file /home/airflow/.local/lib/python3.8/site-packages/airflow/example_dags/example_latest_only_with_trigger.py for tasks to queue
[2024-02-13T12:11:27.746+0000] {logging_mixin.py:188} INFO - [2024-02-13T12:11:27.746+0000] {dagbag.py:538} INFO - Filling up the DagBag from /home/airflow/.local/lib/python3.8/site-packages/airflow/example_dags/example_latest_only_with_trigger.py
[2024-02-13T12:11:27.757+0000] {processor.py:840} INFO - DAG(s) 'latest_only_with_trigger' retrieved from /home/airflow/.local/lib/python3.8/site-packages/airflow/example_dags/example_latest_only_with_trigger.py
[2024-02-13T12:11:27.796+0000] {logging_mixin.py:188} INFO - [2024-02-13T12:11:27.795+0000] {dag.py:3036} INFO - Sync 1 DAGs
[2024-02-13T12:11:27.837+0000] {logging_mixin.py:188} INFO - [2024-02-13T12:11:27.836+0000] {dag.py:3823} INFO - Setting next_dagrun for latest_only_with_trigger to 2024-02-13 08:00:00+00:00, run_after=2024-02-13 12:00:00+00:00
[2024-02-13T12:11:27.879+0000] {processor.py:183} INFO - Processing /home/airflow/.local/lib/python3.8/site-packages/airflow/example_dags/example_latest_only_with_trigger.py took 0.147 seconds
[2024-02-13T12:11:57.992+0000] {processor.py:161} INFO - Started process (PID=185) to work on /home/airflow/.local/lib/python3.8/site-packages/airflow/example_dags/example_latest_only_with_trigger.py
[2024-02-13T12:11:57.992+0000] {processor.py:830} INFO - Processing file /home/airflow/.local/lib/python3.8/site-packages/airflow/example_dags/example_latest_only_with_trigger.py for tasks to queue
[2024-02-13T12:11:57.993+0000] {logging_mixin.py:188} INFO - [2024-02-13T12:11:57.993+0000] {dagbag.py:538} INFO - Filling up the DagBag from /home/airflow/.local/lib/python3.8/site-packages/airflow/example_dags/example_latest_only_with_trigger.py
[2024-02-13T12:11:57.998+0000] {processor.py:840} INFO - DAG(s) 'latest_only_with_trigger' retrieved from /home/airflow/.local/lib/python3.8/site-packages/airflow/example_dags/example_latest_only_with_trigger.py
[2024-02-13T12:11:58.016+0000] {logging_mixin.py:188} INFO - [2024-02-13T12:11:58.016+0000] {dag.py:3036} INFO - Sync 1 DAGs
[2024-02-13T12:11:58.040+0000] {logging_mixin.py:188} INFO - [2024-02-13T12:11:58.040+0000] {dag.py:3823} INFO - Setting next_dagrun for latest_only_with_trigger to 2024-02-13 08:00:00+00:00, run_after=2024-02-13 12:00:00+00:00
[2024-02-13T12:11:58.058+0000] {processor.py:183} INFO - Processing /home/airflow/.local/lib/python3.8/site-packages/airflow/example_dags/example_latest_only_with_trigger.py took 0.070 seconds
[2024-02-13T12:12:33.308+0000] {processor.py:161} INFO - Started process (PID=248) to work on /home/airflow/.local/lib/python3.8/site-packages/airflow/example_dags/example_latest_only_with_trigger.py
[2024-02-13T12:12:33.310+0000] {processor.py:830} INFO - Processing file /home/airflow/.local/lib/python3.8/site-packages/airflow/example_dags/example_latest_only_with_trigger.py for tasks to queue
[2024-02-13T12:12:33.312+0000] {logging_mixin.py:188} INFO - [2024-02-13T12:12:33.312+0000] {dagbag.py:538} INFO - Filling up the DagBag from /home/airflow/.local/lib/python3.8/site-packages/airflow/example_dags/example_latest_only_with_trigger.py
[2024-02-13T12:12:33.334+0000] {processor.py:840} INFO - DAG(s) 'latest_only_with_trigger' retrieved from /home/airflow/.local/lib/python3.8/site-packages/airflow/example_dags/example_latest_only_with_trigger.py
[2024-02-13T12:12:33.398+0000] {logging_mixin.py:188} INFO - [2024-02-13T12:12:33.398+0000] {dag.py:3036} INFO - Sync 1 DAGs
[2024-02-13T12:12:33.507+0000] {logging_mixin.py:188} INFO - [2024-02-13T12:12:33.506+0000] {dag.py:3823} INFO - Setting next_dagrun for latest_only_with_trigger to 2024-02-13 08:00:00+00:00, run_after=2024-02-13 12:00:00+00:00
[2024-02-13T12:12:33.627+0000] {processor.py:183} INFO - Processing /home/airflow/.local/lib/python3.8/site-packages/airflow/example_dags/example_latest_only_with_trigger.py took 0.333 seconds
[2024-02-13T12:13:04.302+0000] {processor.py:161} INFO - Started process (PID=303) to work on /home/airflow/.local/lib/python3.8/site-packages/airflow/example_dags/example_latest_only_with_trigger.py
[2024-02-13T12:13:04.305+0000] {processor.py:830} INFO - Processing file /home/airflow/.local/lib/python3.8/site-packages/airflow/example_dags/example_latest_only_with_trigger.py for tasks to queue
[2024-02-13T12:13:04.309+0000] {logging_mixin.py:188} INFO - [2024-02-13T12:13:04.308+0000] {dagbag.py:538} INFO - Filling up the DagBag from /home/airflow/.local/lib/python3.8/site-packages/airflow/example_dags/example_latest_only_with_trigger.py
[2024-02-13T12:13:04.330+0000] {processor.py:840} INFO - DAG(s) 'latest_only_with_trigger' retrieved from /home/airflow/.local/lib/python3.8/site-packages/airflow/example_dags/example_latest_only_with_trigger.py
[2024-02-13T12:13:04.418+0000] {logging_mixin.py:188} INFO - [2024-02-13T12:13:04.417+0000] {dag.py:3036} INFO - Sync 1 DAGs
[2024-02-13T12:13:04.534+0000] {logging_mixin.py:188} INFO - [2024-02-13T12:13:04.533+0000] {dag.py:3823} INFO - Setting next_dagrun for latest_only_with_trigger to 2024-02-13 08:00:00+00:00, run_after=2024-02-13 12:00:00+00:00
[2024-02-13T12:13:04.641+0000] {processor.py:183} INFO - Processing /home/airflow/.local/lib/python3.8/site-packages/airflow/example_dags/example_latest_only_with_trigger.py took 0.349 seconds
[2024-02-13T12:13:38.127+0000] {processor.py:161} INFO - Started process (PID=358) to work on /home/airflow/.local/lib/python3.8/site-packages/airflow/example_dags/example_latest_only_with_trigger.py
[2024-02-13T12:13:38.132+0000] {processor.py:830} INFO - Processing file /home/airflow/.local/lib/python3.8/site-packages/airflow/example_dags/example_latest_only_with_trigger.py for tasks to queue
[2024-02-13T12:13:38.139+0000] {logging_mixin.py:188} INFO - [2024-02-13T12:13:38.136+0000] {dagbag.py:538} INFO - Filling up the DagBag from /home/airflow/.local/lib/python3.8/site-packages/airflow/example_dags/example_latest_only_with_trigger.py
[2024-02-13T12:13:38.158+0000] {processor.py:840} INFO - DAG(s) 'latest_only_with_trigger' retrieved from /home/airflow/.local/lib/python3.8/site-packages/airflow/example_dags/example_latest_only_with_trigger.py
[2024-02-13T12:13:38.338+0000] {logging_mixin.py:188} INFO - [2024-02-13T12:13:38.337+0000] {dag.py:3036} INFO - Sync 1 DAGs
[2024-02-13T12:13:38.458+0000] {logging_mixin.py:188} INFO - [2024-02-13T12:13:38.457+0000] {dag.py:3823} INFO - Setting next_dagrun for latest_only_with_trigger to 2024-02-13 08:00:00+00:00, run_after=2024-02-13 12:00:00+00:00
[2024-02-13T12:13:38.554+0000] {processor.py:183} INFO - Processing /home/airflow/.local/lib/python3.8/site-packages/airflow/example_dags/example_latest_only_with_trigger.py took 0.436 seconds
[2024-02-13T12:14:10.703+0000] {processor.py:161} INFO - Started process (PID=415) to work on /home/airflow/.local/lib/python3.8/site-packages/airflow/example_dags/example_latest_only_with_trigger.py
[2024-02-13T12:14:10.704+0000] {processor.py:830} INFO - Processing file /home/airflow/.local/lib/python3.8/site-packages/airflow/example_dags/example_latest_only_with_trigger.py for tasks to queue
[2024-02-13T12:14:10.706+0000] {logging_mixin.py:188} INFO - [2024-02-13T12:14:10.705+0000] {dagbag.py:538} INFO - Filling up the DagBag from /home/airflow/.local/lib/python3.8/site-packages/airflow/example_dags/example_latest_only_with_trigger.py
[2024-02-13T12:14:10.715+0000] {processor.py:840} INFO - DAG(s) 'latest_only_with_trigger' retrieved from /home/airflow/.local/lib/python3.8/site-packages/airflow/example_dags/example_latest_only_with_trigger.py
[2024-02-13T12:14:10.757+0000] {logging_mixin.py:188} INFO - [2024-02-13T12:14:10.756+0000] {dag.py:3036} INFO - Sync 1 DAGs
[2024-02-13T12:14:10.812+0000] {logging_mixin.py:188} INFO - [2024-02-13T12:14:10.811+0000] {dag.py:3823} INFO - Setting next_dagrun for latest_only_with_trigger to 2024-02-13 08:00:00+00:00, run_after=2024-02-13 12:00:00+00:00
[2024-02-13T12:14:10.838+0000] {processor.py:183} INFO - Processing /home/airflow/.local/lib/python3.8/site-packages/airflow/example_dags/example_latest_only_with_trigger.py took 0.138 seconds
[2024-02-13T12:14:41.975+0000] {processor.py:161} INFO - Started process (PID=470) to work on /home/airflow/.local/lib/python3.8/site-packages/airflow/example_dags/example_latest_only_with_trigger.py
[2024-02-13T12:14:41.977+0000] {processor.py:830} INFO - Processing file /home/airflow/.local/lib/python3.8/site-packages/airflow/example_dags/example_latest_only_with_trigger.py for tasks to queue
[2024-02-13T12:14:41.980+0000] {logging_mixin.py:188} INFO - [2024-02-13T12:14:41.979+0000] {dagbag.py:538} INFO - Filling up the DagBag from /home/airflow/.local/lib/python3.8/site-packages/airflow/example_dags/example_latest_only_with_trigger.py
[2024-02-13T12:14:42.001+0000] {processor.py:840} INFO - DAG(s) 'latest_only_with_trigger' retrieved from /home/airflow/.local/lib/python3.8/site-packages/airflow/example_dags/example_latest_only_with_trigger.py
[2024-02-13T12:14:42.040+0000] {logging_mixin.py:188} INFO - [2024-02-13T12:14:42.039+0000] {dag.py:3036} INFO - Sync 1 DAGs
[2024-02-13T12:14:42.116+0000] {logging_mixin.py:188} INFO - [2024-02-13T12:14:42.115+0000] {dag.py:3823} INFO - Setting next_dagrun for latest_only_with_trigger to 2024-02-13 08:00:00+00:00, run_after=2024-02-13 12:00:00+00:00
[2024-02-13T12:14:42.169+0000] {processor.py:183} INFO - Processing /home/airflow/.local/lib/python3.8/site-packages/airflow/example_dags/example_latest_only_with_trigger.py took 0.206 seconds
[2024-02-13T12:15:12.982+0000] {processor.py:161} INFO - Started process (PID=526) to work on /home/airflow/.local/lib/python3.8/site-packages/airflow/example_dags/example_latest_only_with_trigger.py
[2024-02-13T12:15:12.984+0000] {processor.py:830} INFO - Processing file /home/airflow/.local/lib/python3.8/site-packages/airflow/example_dags/example_latest_only_with_trigger.py for tasks to queue
[2024-02-13T12:15:12.985+0000] {logging_mixin.py:188} INFO - [2024-02-13T12:15:12.984+0000] {dagbag.py:538} INFO - Filling up the DagBag from /home/airflow/.local/lib/python3.8/site-packages/airflow/example_dags/example_latest_only_with_trigger.py
[2024-02-13T12:15:12.990+0000] {processor.py:840} INFO - DAG(s) 'latest_only_with_trigger' retrieved from /home/airflow/.local/lib/python3.8/site-packages/airflow/example_dags/example_latest_only_with_trigger.py
[2024-02-13T12:15:13.021+0000] {logging_mixin.py:188} INFO - [2024-02-13T12:15:13.021+0000] {dag.py:3036} INFO - Sync 1 DAGs
[2024-02-13T12:15:13.049+0000] {logging_mixin.py:188} INFO - [2024-02-13T12:15:13.049+0000] {dag.py:3823} INFO - Setting next_dagrun for latest_only_with_trigger to 2024-02-13 08:00:00+00:00, run_after=2024-02-13 12:00:00+00:00
[2024-02-13T12:15:13.075+0000] {processor.py:183} INFO - Processing /home/airflow/.local/lib/python3.8/site-packages/airflow/example_dags/example_latest_only_with_trigger.py took 0.095 seconds
[2024-02-13T12:15:43.280+0000] {processor.py:161} INFO - Started process (PID=581) to work on /home/airflow/.local/lib/python3.8/site-packages/airflow/example_dags/example_latest_only_with_trigger.py
[2024-02-13T12:15:43.281+0000] {processor.py:830} INFO - Processing file /home/airflow/.local/lib/python3.8/site-packages/airflow/example_dags/example_latest_only_with_trigger.py for tasks to queue
[2024-02-13T12:15:43.282+0000] {logging_mixin.py:188} INFO - [2024-02-13T12:15:43.282+0000] {dagbag.py:538} INFO - Filling up the DagBag from /home/airflow/.local/lib/python3.8/site-packages/airflow/example_dags/example_latest_only_with_trigger.py
[2024-02-13T12:15:43.288+0000] {processor.py:840} INFO - DAG(s) 'latest_only_with_trigger' retrieved from /home/airflow/.local/lib/python3.8/site-packages/airflow/example_dags/example_latest_only_with_trigger.py
[2024-02-13T12:15:43.310+0000] {logging_mixin.py:188} INFO - [2024-02-13T12:15:43.310+0000] {dag.py:3036} INFO - Sync 1 DAGs
[2024-02-13T12:15:43.333+0000] {logging_mixin.py:188} INFO - [2024-02-13T12:15:43.333+0000] {dag.py:3823} INFO - Setting next_dagrun for latest_only_with_trigger to 2024-02-13 08:00:00+00:00, run_after=2024-02-13 12:00:00+00:00
[2024-02-13T12:15:43.354+0000] {processor.py:183} INFO - Processing /home/airflow/.local/lib/python3.8/site-packages/airflow/example_dags/example_latest_only_with_trigger.py took 0.077 seconds
[2024-02-13T12:16:13.646+0000] {processor.py:161} INFO - Started process (PID=636) to work on /home/airflow/.local/lib/python3.8/site-packages/airflow/example_dags/example_latest_only_with_trigger.py
[2024-02-13T12:16:13.648+0000] {processor.py:830} INFO - Processing file /home/airflow/.local/lib/python3.8/site-packages/airflow/example_dags/example_latest_only_with_trigger.py for tasks to queue
[2024-02-13T12:16:13.649+0000] {logging_mixin.py:188} INFO - [2024-02-13T12:16:13.648+0000] {dagbag.py:538} INFO - Filling up the DagBag from /home/airflow/.local/lib/python3.8/site-packages/airflow/example_dags/example_latest_only_with_trigger.py
[2024-02-13T12:16:13.657+0000] {processor.py:840} INFO - DAG(s) 'latest_only_with_trigger' retrieved from /home/airflow/.local/lib/python3.8/site-packages/airflow/example_dags/example_latest_only_with_trigger.py
[2024-02-13T12:16:13.688+0000] {logging_mixin.py:188} INFO - [2024-02-13T12:16:13.688+0000] {dag.py:3036} INFO - Sync 1 DAGs
[2024-02-13T12:16:13.712+0000] {logging_mixin.py:188} INFO - [2024-02-13T12:16:13.712+0000] {dag.py:3823} INFO - Setting next_dagrun for latest_only_with_trigger to 2024-02-13 08:00:00+00:00, run_after=2024-02-13 12:00:00+00:00
[2024-02-13T12:16:13.730+0000] {processor.py:183} INFO - Processing /home/airflow/.local/lib/python3.8/site-packages/airflow/example_dags/example_latest_only_with_trigger.py took 0.090 seconds
[2024-02-13T12:16:44.598+0000] {processor.py:161} INFO - Started process (PID=693) to work on /home/airflow/.local/lib/python3.8/site-packages/airflow/example_dags/example_latest_only_with_trigger.py
[2024-02-13T12:16:44.599+0000] {processor.py:830} INFO - Processing file /home/airflow/.local/lib/python3.8/site-packages/airflow/example_dags/example_latest_only_with_trigger.py for tasks to queue
[2024-02-13T12:16:44.600+0000] {logging_mixin.py:188} INFO - [2024-02-13T12:16:44.600+0000] {dagbag.py:538} INFO - Filling up the DagBag from /home/airflow/.local/lib/python3.8/site-packages/airflow/example_dags/example_latest_only_with_trigger.py
[2024-02-13T12:16:44.605+0000] {processor.py:840} INFO - DAG(s) 'latest_only_with_trigger' retrieved from /home/airflow/.local/lib/python3.8/site-packages/airflow/example_dags/example_latest_only_with_trigger.py
[2024-02-13T12:16:44.625+0000] {logging_mixin.py:188} INFO - [2024-02-13T12:16:44.625+0000] {dag.py:3036} INFO - Sync 1 DAGs
[2024-02-13T12:16:44.647+0000] {logging_mixin.py:188} INFO - [2024-02-13T12:16:44.647+0000] {dag.py:3823} INFO - Setting next_dagrun for latest_only_with_trigger to 2024-02-13 08:00:00+00:00, run_after=2024-02-13 12:00:00+00:00
[2024-02-13T12:16:44.664+0000] {processor.py:183} INFO - Processing /home/airflow/.local/lib/python3.8/site-packages/airflow/example_dags/example_latest_only_with_trigger.py took 0.069 seconds
[2024-02-13T12:17:15.483+0000] {processor.py:161} INFO - Started process (PID=749) to work on /home/airflow/.local/lib/python3.8/site-packages/airflow/example_dags/example_latest_only_with_trigger.py
[2024-02-13T12:17:15.484+0000] {processor.py:830} INFO - Processing file /home/airflow/.local/lib/python3.8/site-packages/airflow/example_dags/example_latest_only_with_trigger.py for tasks to queue
[2024-02-13T12:17:15.485+0000] {logging_mixin.py:188} INFO - [2024-02-13T12:17:15.485+0000] {dagbag.py:538} INFO - Filling up the DagBag from /home/airflow/.local/lib/python3.8/site-packages/airflow/example_dags/example_latest_only_with_trigger.py
[2024-02-13T12:17:15.491+0000] {processor.py:840} INFO - DAG(s) 'latest_only_with_trigger' retrieved from /home/airflow/.local/lib/python3.8/site-packages/airflow/example_dags/example_latest_only_with_trigger.py
[2024-02-13T12:17:15.513+0000] {logging_mixin.py:188} INFO - [2024-02-13T12:17:15.512+0000] {dag.py:3036} INFO - Sync 1 DAGs
[2024-02-13T12:17:15.541+0000] {logging_mixin.py:188} INFO - [2024-02-13T12:17:15.541+0000] {dag.py:3823} INFO - Setting next_dagrun for latest_only_with_trigger to 2024-02-13 08:00:00+00:00, run_after=2024-02-13 12:00:00+00:00
[2024-02-13T12:17:15.563+0000] {processor.py:183} INFO - Processing /home/airflow/.local/lib/python3.8/site-packages/airflow/example_dags/example_latest_only_with_trigger.py took 0.084 seconds
[2024-02-13T12:17:46.785+0000] {processor.py:161} INFO - Started process (PID=813) to work on /home/airflow/.local/lib/python3.8/site-packages/airflow/example_dags/example_latest_only_with_trigger.py
[2024-02-13T12:17:46.788+0000] {processor.py:830} INFO - Processing file /home/airflow/.local/lib/python3.8/site-packages/airflow/example_dags/example_latest_only_with_trigger.py for tasks to queue
[2024-02-13T12:17:46.790+0000] {logging_mixin.py:188} INFO - [2024-02-13T12:17:46.789+0000] {dagbag.py:538} INFO - Filling up the DagBag from /home/airflow/.local/lib/python3.8/site-packages/airflow/example_dags/example_latest_only_with_trigger.py
[2024-02-13T12:17:46.832+0000] {processor.py:840} INFO - DAG(s) 'latest_only_with_trigger' retrieved from /home/airflow/.local/lib/python3.8/site-packages/airflow/example_dags/example_latest_only_with_trigger.py
[2024-02-13T12:17:47.186+0000] {logging_mixin.py:188} INFO - [2024-02-13T12:17:47.171+0000] {dag.py:3036} INFO - Sync 1 DAGs
[2024-02-13T12:17:47.466+0000] {logging_mixin.py:188} INFO - [2024-02-13T12:17:47.465+0000] {dag.py:3823} INFO - Setting next_dagrun for latest_only_with_trigger to 2024-02-13 08:00:00+00:00, run_after=2024-02-13 12:00:00+00:00
[2024-02-13T12:17:47.562+0000] {processor.py:183} INFO - Processing /home/airflow/.local/lib/python3.8/site-packages/airflow/example_dags/example_latest_only_with_trigger.py took 0.783 seconds
[2024-02-13T12:18:18.282+0000] {processor.py:161} INFO - Started process (PID=869) to work on /home/airflow/.local/lib/python3.8/site-packages/airflow/example_dags/example_latest_only_with_trigger.py
[2024-02-13T12:18:18.288+0000] {processor.py:830} INFO - Processing file /home/airflow/.local/lib/python3.8/site-packages/airflow/example_dags/example_latest_only_with_trigger.py for tasks to queue
[2024-02-13T12:18:18.290+0000] {logging_mixin.py:188} INFO - [2024-02-13T12:18:18.290+0000] {dagbag.py:538} INFO - Filling up the DagBag from /home/airflow/.local/lib/python3.8/site-packages/airflow/example_dags/example_latest_only_with_trigger.py
[2024-02-13T12:18:18.311+0000] {processor.py:840} INFO - DAG(s) 'latest_only_with_trigger' retrieved from /home/airflow/.local/lib/python3.8/site-packages/airflow/example_dags/example_latest_only_with_trigger.py
[2024-02-13T12:18:18.363+0000] {logging_mixin.py:188} INFO - [2024-02-13T12:18:18.363+0000] {dag.py:3036} INFO - Sync 1 DAGs
[2024-02-13T12:18:18.433+0000] {logging_mixin.py:188} INFO - [2024-02-13T12:18:18.433+0000] {dag.py:3823} INFO - Setting next_dagrun for latest_only_with_trigger to 2024-02-13 08:00:00+00:00, run_after=2024-02-13 12:00:00+00:00
[2024-02-13T12:18:18.562+0000] {processor.py:183} INFO - Processing /home/airflow/.local/lib/python3.8/site-packages/airflow/example_dags/example_latest_only_with_trigger.py took 0.288 seconds
[2024-02-13T12:18:49.233+0000] {processor.py:161} INFO - Started process (PID=927) to work on /home/airflow/.local/lib/python3.8/site-packages/airflow/example_dags/example_latest_only_with_trigger.py
[2024-02-13T12:18:49.235+0000] {processor.py:830} INFO - Processing file /home/airflow/.local/lib/python3.8/site-packages/airflow/example_dags/example_latest_only_with_trigger.py for tasks to queue
[2024-02-13T12:18:49.238+0000] {logging_mixin.py:188} INFO - [2024-02-13T12:18:49.237+0000] {dagbag.py:538} INFO - Filling up the DagBag from /home/airflow/.local/lib/python3.8/site-packages/airflow/example_dags/example_latest_only_with_trigger.py
[2024-02-13T12:18:49.258+0000] {processor.py:840} INFO - DAG(s) 'latest_only_with_trigger' retrieved from /home/airflow/.local/lib/python3.8/site-packages/airflow/example_dags/example_latest_only_with_trigger.py
[2024-02-13T12:18:49.340+0000] {logging_mixin.py:188} INFO - [2024-02-13T12:18:49.339+0000] {dag.py:3036} INFO - Sync 1 DAGs
[2024-02-13T12:18:49.430+0000] {logging_mixin.py:188} INFO - [2024-02-13T12:18:49.429+0000] {dag.py:3823} INFO - Setting next_dagrun for latest_only_with_trigger to 2024-02-13 08:00:00+00:00, run_after=2024-02-13 12:00:00+00:00
[2024-02-13T12:18:49.577+0000] {processor.py:183} INFO - Processing /home/airflow/.local/lib/python3.8/site-packages/airflow/example_dags/example_latest_only_with_trigger.py took 0.363 seconds
[2024-02-13T12:19:19.788+0000] {processor.py:161} INFO - Started process (PID=983) to work on /home/airflow/.local/lib/python3.8/site-packages/airflow/example_dags/example_latest_only_with_trigger.py
[2024-02-13T12:19:19.790+0000] {processor.py:830} INFO - Processing file /home/airflow/.local/lib/python3.8/site-packages/airflow/example_dags/example_latest_only_with_trigger.py for tasks to queue
[2024-02-13T12:19:19.792+0000] {logging_mixin.py:188} INFO - [2024-02-13T12:19:19.791+0000] {dagbag.py:538} INFO - Filling up the DagBag from /home/airflow/.local/lib/python3.8/site-packages/airflow/example_dags/example_latest_only_with_trigger.py
[2024-02-13T12:19:19.813+0000] {processor.py:840} INFO - DAG(s) 'latest_only_with_trigger' retrieved from /home/airflow/.local/lib/python3.8/site-packages/airflow/example_dags/example_latest_only_with_trigger.py
[2024-02-13T12:19:19.900+0000] {logging_mixin.py:188} INFO - [2024-02-13T12:19:19.899+0000] {dag.py:3036} INFO - Sync 1 DAGs
[2024-02-13T12:19:19.993+0000] {logging_mixin.py:188} INFO - [2024-02-13T12:19:19.991+0000] {dag.py:3823} INFO - Setting next_dagrun for latest_only_with_trigger to 2024-02-13 08:00:00+00:00, run_after=2024-02-13 12:00:00+00:00
[2024-02-13T12:19:20.066+0000] {processor.py:183} INFO - Processing /home/airflow/.local/lib/python3.8/site-packages/airflow/example_dags/example_latest_only_with_trigger.py took 0.286 seconds
[2024-02-13T12:19:51.066+0000] {processor.py:161} INFO - Started process (PID=1039) to work on /home/airflow/.local/lib/python3.8/site-packages/airflow/example_dags/example_latest_only_with_trigger.py
[2024-02-13T12:19:51.073+0000] {processor.py:830} INFO - Processing file /home/airflow/.local/lib/python3.8/site-packages/airflow/example_dags/example_latest_only_with_trigger.py for tasks to queue
[2024-02-13T12:19:51.076+0000] {logging_mixin.py:188} INFO - [2024-02-13T12:19:51.075+0000] {dagbag.py:538} INFO - Filling up the DagBag from /home/airflow/.local/lib/python3.8/site-packages/airflow/example_dags/example_latest_only_with_trigger.py
[2024-02-13T12:19:51.095+0000] {processor.py:840} INFO - DAG(s) 'latest_only_with_trigger' retrieved from /home/airflow/.local/lib/python3.8/site-packages/airflow/example_dags/example_latest_only_with_trigger.py
[2024-02-13T12:19:51.159+0000] {logging_mixin.py:188} INFO - [2024-02-13T12:19:51.158+0000] {dag.py:3036} INFO - Sync 1 DAGs
[2024-02-13T12:19:51.236+0000] {logging_mixin.py:188} INFO - [2024-02-13T12:19:51.234+0000] {dag.py:3823} INFO - Setting next_dagrun for latest_only_with_trigger to 2024-02-13 08:00:00+00:00, run_after=2024-02-13 12:00:00+00:00
[2024-02-13T12:19:51.342+0000] {processor.py:183} INFO - Processing /home/airflow/.local/lib/python3.8/site-packages/airflow/example_dags/example_latest_only_with_trigger.py took 0.284 seconds
[2024-02-13T12:20:21.563+0000] {processor.py:161} INFO - Started process (PID=1095) to work on /home/airflow/.local/lib/python3.8/site-packages/airflow/example_dags/example_latest_only_with_trigger.py
[2024-02-13T12:20:21.564+0000] {processor.py:830} INFO - Processing file /home/airflow/.local/lib/python3.8/site-packages/airflow/example_dags/example_latest_only_with_trigger.py for tasks to queue
[2024-02-13T12:20:21.565+0000] {logging_mixin.py:188} INFO - [2024-02-13T12:20:21.564+0000] {dagbag.py:538} INFO - Filling up the DagBag from /home/airflow/.local/lib/python3.8/site-packages/airflow/example_dags/example_latest_only_with_trigger.py
[2024-02-13T12:20:21.570+0000] {processor.py:840} INFO - DAG(s) 'latest_only_with_trigger' retrieved from /home/airflow/.local/lib/python3.8/site-packages/airflow/example_dags/example_latest_only_with_trigger.py
[2024-02-13T12:20:21.589+0000] {logging_mixin.py:188} INFO - [2024-02-13T12:20:21.589+0000] {dag.py:3036} INFO - Sync 1 DAGs
[2024-02-13T12:20:21.610+0000] {logging_mixin.py:188} INFO - [2024-02-13T12:20:21.610+0000] {dag.py:3823} INFO - Setting next_dagrun for latest_only_with_trigger to 2024-02-13 08:00:00+00:00, run_after=2024-02-13 12:00:00+00:00
[2024-02-13T12:20:21.628+0000] {processor.py:183} INFO - Processing /home/airflow/.local/lib/python3.8/site-packages/airflow/example_dags/example_latest_only_with_trigger.py took 0.067 seconds
[2024-02-13T12:20:52.013+0000] {processor.py:161} INFO - Started process (PID=1150) to work on /home/airflow/.local/lib/python3.8/site-packages/airflow/example_dags/example_latest_only_with_trigger.py
[2024-02-13T12:20:52.014+0000] {processor.py:830} INFO - Processing file /home/airflow/.local/lib/python3.8/site-packages/airflow/example_dags/example_latest_only_with_trigger.py for tasks to queue
[2024-02-13T12:20:52.015+0000] {logging_mixin.py:188} INFO - [2024-02-13T12:20:52.015+0000] {dagbag.py:538} INFO - Filling up the DagBag from /home/airflow/.local/lib/python3.8/site-packages/airflow/example_dags/example_latest_only_with_trigger.py
[2024-02-13T12:20:52.021+0000] {processor.py:840} INFO - DAG(s) 'latest_only_with_trigger' retrieved from /home/airflow/.local/lib/python3.8/site-packages/airflow/example_dags/example_latest_only_with_trigger.py
[2024-02-13T12:20:52.041+0000] {logging_mixin.py:188} INFO - [2024-02-13T12:20:52.041+0000] {dag.py:3036} INFO - Sync 1 DAGs
[2024-02-13T12:20:52.063+0000] {logging_mixin.py:188} INFO - [2024-02-13T12:20:52.063+0000] {dag.py:3823} INFO - Setting next_dagrun for latest_only_with_trigger to 2024-02-13 08:00:00+00:00, run_after=2024-02-13 12:00:00+00:00
[2024-02-13T12:20:52.084+0000] {processor.py:183} INFO - Processing /home/airflow/.local/lib/python3.8/site-packages/airflow/example_dags/example_latest_only_with_trigger.py took 0.074 seconds
[2024-02-13T12:21:22.321+0000] {processor.py:161} INFO - Started process (PID=1206) to work on /home/airflow/.local/lib/python3.8/site-packages/airflow/example_dags/example_latest_only_with_trigger.py
[2024-02-13T12:21:22.322+0000] {processor.py:830} INFO - Processing file /home/airflow/.local/lib/python3.8/site-packages/airflow/example_dags/example_latest_only_with_trigger.py for tasks to queue
[2024-02-13T12:21:22.322+0000] {logging_mixin.py:188} INFO - [2024-02-13T12:21:22.322+0000] {dagbag.py:538} INFO - Filling up the DagBag from /home/airflow/.local/lib/python3.8/site-packages/airflow/example_dags/example_latest_only_with_trigger.py
[2024-02-13T12:21:22.328+0000] {processor.py:840} INFO - DAG(s) 'latest_only_with_trigger' retrieved from /home/airflow/.local/lib/python3.8/site-packages/airflow/example_dags/example_latest_only_with_trigger.py
[2024-02-13T12:21:22.346+0000] {logging_mixin.py:188} INFO - [2024-02-13T12:21:22.346+0000] {dag.py:3036} INFO - Sync 1 DAGs
[2024-02-13T12:21:22.367+0000] {logging_mixin.py:188} INFO - [2024-02-13T12:21:22.367+0000] {dag.py:3823} INFO - Setting next_dagrun for latest_only_with_trigger to 2024-02-13 08:00:00+00:00, run_after=2024-02-13 12:00:00+00:00
[2024-02-13T12:21:22.385+0000] {processor.py:183} INFO - Processing /home/airflow/.local/lib/python3.8/site-packages/airflow/example_dags/example_latest_only_with_trigger.py took 0.067 seconds
[2024-02-13T12:21:52.538+0000] {processor.py:161} INFO - Started process (PID=1263) to work on /home/airflow/.local/lib/python3.8/site-packages/airflow/example_dags/example_latest_only_with_trigger.py
[2024-02-13T12:21:52.538+0000] {processor.py:830} INFO - Processing file /home/airflow/.local/lib/python3.8/site-packages/airflow/example_dags/example_latest_only_with_trigger.py for tasks to queue
[2024-02-13T12:21:52.539+0000] {logging_mixin.py:188} INFO - [2024-02-13T12:21:52.539+0000] {dagbag.py:538} INFO - Filling up the DagBag from /home/airflow/.local/lib/python3.8/site-packages/airflow/example_dags/example_latest_only_with_trigger.py
[2024-02-13T12:21:52.544+0000] {processor.py:840} INFO - DAG(s) 'latest_only_with_trigger' retrieved from /home/airflow/.local/lib/python3.8/site-packages/airflow/example_dags/example_latest_only_with_trigger.py
[2024-02-13T12:21:52.563+0000] {logging_mixin.py:188} INFO - [2024-02-13T12:21:52.563+0000] {dag.py:3036} INFO - Sync 1 DAGs
[2024-02-13T12:21:52.585+0000] {logging_mixin.py:188} INFO - [2024-02-13T12:21:52.584+0000] {dag.py:3823} INFO - Setting next_dagrun for latest_only_with_trigger to 2024-02-13 08:00:00+00:00, run_after=2024-02-13 12:00:00+00:00
[2024-02-13T12:21:52.602+0000] {processor.py:183} INFO - Processing /home/airflow/.local/lib/python3.8/site-packages/airflow/example_dags/example_latest_only_with_trigger.py took 0.067 seconds
[2024-02-13T12:22:22.803+0000] {processor.py:161} INFO - Started process (PID=1320) to work on /home/airflow/.local/lib/python3.8/site-packages/airflow/example_dags/example_latest_only_with_trigger.py
[2024-02-13T12:22:22.804+0000] {processor.py:830} INFO - Processing file /home/airflow/.local/lib/python3.8/site-packages/airflow/example_dags/example_latest_only_with_trigger.py for tasks to queue
[2024-02-13T12:22:22.804+0000] {logging_mixin.py:188} INFO - [2024-02-13T12:22:22.804+0000] {dagbag.py:538} INFO - Filling up the DagBag from /home/airflow/.local/lib/python3.8/site-packages/airflow/example_dags/example_latest_only_with_trigger.py
[2024-02-13T12:22:22.810+0000] {processor.py:840} INFO - DAG(s) 'latest_only_with_trigger' retrieved from /home/airflow/.local/lib/python3.8/site-packages/airflow/example_dags/example_latest_only_with_trigger.py
[2024-02-13T12:22:22.835+0000] {logging_mixin.py:188} INFO - [2024-02-13T12:22:22.834+0000] {dag.py:3036} INFO - Sync 1 DAGs
[2024-02-13T12:22:22.863+0000] {logging_mixin.py:188} INFO - [2024-02-13T12:22:22.863+0000] {dag.py:3823} INFO - Setting next_dagrun for latest_only_with_trigger to 2024-02-13 08:00:00+00:00, run_after=2024-02-13 12:00:00+00:00
[2024-02-13T12:22:22.881+0000] {processor.py:183} INFO - Processing /home/airflow/.local/lib/python3.8/site-packages/airflow/example_dags/example_latest_only_with_trigger.py took 0.081 seconds
[2024-02-13T12:22:53.496+0000] {processor.py:161} INFO - Started process (PID=1375) to work on /home/airflow/.local/lib/python3.8/site-packages/airflow/example_dags/example_latest_only_with_trigger.py
[2024-02-13T12:22:53.498+0000] {processor.py:830} INFO - Processing file /home/airflow/.local/lib/python3.8/site-packages/airflow/example_dags/example_latest_only_with_trigger.py for tasks to queue
[2024-02-13T12:22:53.499+0000] {logging_mixin.py:188} INFO - [2024-02-13T12:22:53.498+0000] {dagbag.py:538} INFO - Filling up the DagBag from /home/airflow/.local/lib/python3.8/site-packages/airflow/example_dags/example_latest_only_with_trigger.py
[2024-02-13T12:22:53.506+0000] {processor.py:840} INFO - DAG(s) 'latest_only_with_trigger' retrieved from /home/airflow/.local/lib/python3.8/site-packages/airflow/example_dags/example_latest_only_with_trigger.py
[2024-02-13T12:22:53.538+0000] {logging_mixin.py:188} INFO - [2024-02-13T12:22:53.537+0000] {dag.py:3036} INFO - Sync 1 DAGs
[2024-02-13T12:22:53.574+0000] {logging_mixin.py:188} INFO - [2024-02-13T12:22:53.574+0000] {dag.py:3823} INFO - Setting next_dagrun for latest_only_with_trigger to 2024-02-13 08:00:00+00:00, run_after=2024-02-13 12:00:00+00:00
[2024-02-13T12:22:53.602+0000] {processor.py:183} INFO - Processing /home/airflow/.local/lib/python3.8/site-packages/airflow/example_dags/example_latest_only_with_trigger.py took 0.109 seconds
[2024-02-13T12:23:24.469+0000] {processor.py:161} INFO - Started process (PID=1431) to work on /home/airflow/.local/lib/python3.8/site-packages/airflow/example_dags/example_latest_only_with_trigger.py
[2024-02-13T12:23:24.470+0000] {processor.py:830} INFO - Processing file /home/airflow/.local/lib/python3.8/site-packages/airflow/example_dags/example_latest_only_with_trigger.py for tasks to queue
[2024-02-13T12:23:24.472+0000] {logging_mixin.py:188} INFO - [2024-02-13T12:23:24.471+0000] {dagbag.py:538} INFO - Filling up the DagBag from /home/airflow/.local/lib/python3.8/site-packages/airflow/example_dags/example_latest_only_with_trigger.py
[2024-02-13T12:23:24.479+0000] {processor.py:840} INFO - DAG(s) 'latest_only_with_trigger' retrieved from /home/airflow/.local/lib/python3.8/site-packages/airflow/example_dags/example_latest_only_with_trigger.py
[2024-02-13T12:23:24.501+0000] {logging_mixin.py:188} INFO - [2024-02-13T12:23:24.500+0000] {dag.py:3036} INFO - Sync 1 DAGs
[2024-02-13T12:23:24.526+0000] {logging_mixin.py:188} INFO - [2024-02-13T12:23:24.526+0000] {dag.py:3823} INFO - Setting next_dagrun for latest_only_with_trigger to 2024-02-13 08:00:00+00:00, run_after=2024-02-13 12:00:00+00:00
[2024-02-13T12:23:24.546+0000] {processor.py:183} INFO - Processing /home/airflow/.local/lib/python3.8/site-packages/airflow/example_dags/example_latest_only_with_trigger.py took 0.080 seconds
[2024-02-13T12:23:54.633+0000] {processor.py:161} INFO - Started process (PID=1487) to work on /home/airflow/.local/lib/python3.8/site-packages/airflow/example_dags/example_latest_only_with_trigger.py
[2024-02-13T12:23:54.635+0000] {processor.py:830} INFO - Processing file /home/airflow/.local/lib/python3.8/site-packages/airflow/example_dags/example_latest_only_with_trigger.py for tasks to queue
[2024-02-13T12:23:54.639+0000] {logging_mixin.py:188} INFO - [2024-02-13T12:23:54.637+0000] {dagbag.py:538} INFO - Filling up the DagBag from /home/airflow/.local/lib/python3.8/site-packages/airflow/example_dags/example_latest_only_with_trigger.py
[2024-02-13T12:23:54.654+0000] {processor.py:840} INFO - DAG(s) 'latest_only_with_trigger' retrieved from /home/airflow/.local/lib/python3.8/site-packages/airflow/example_dags/example_latest_only_with_trigger.py
[2024-02-13T12:23:54.710+0000] {logging_mixin.py:188} INFO - [2024-02-13T12:23:54.710+0000] {dag.py:3036} INFO - Sync 1 DAGs
[2024-02-13T12:23:54.748+0000] {logging_mixin.py:188} INFO - [2024-02-13T12:23:54.747+0000] {dag.py:3823} INFO - Setting next_dagrun for latest_only_with_trigger to 2024-02-13 08:00:00+00:00, run_after=2024-02-13 12:00:00+00:00
[2024-02-13T12:23:54.800+0000] {processor.py:183} INFO - Processing /home/airflow/.local/lib/python3.8/site-packages/airflow/example_dags/example_latest_only_with_trigger.py took 0.174 seconds
[2024-02-13T12:24:25.033+0000] {processor.py:161} INFO - Started process (PID=1543) to work on /home/airflow/.local/lib/python3.8/site-packages/airflow/example_dags/example_latest_only_with_trigger.py
[2024-02-13T12:24:25.035+0000] {processor.py:830} INFO - Processing file /home/airflow/.local/lib/python3.8/site-packages/airflow/example_dags/example_latest_only_with_trigger.py for tasks to queue
[2024-02-13T12:24:25.038+0000] {logging_mixin.py:188} INFO - [2024-02-13T12:24:25.037+0000] {dagbag.py:538} INFO - Filling up the DagBag from /home/airflow/.local/lib/python3.8/site-packages/airflow/example_dags/example_latest_only_with_trigger.py
[2024-02-13T12:24:25.055+0000] {processor.py:840} INFO - DAG(s) 'latest_only_with_trigger' retrieved from /home/airflow/.local/lib/python3.8/site-packages/airflow/example_dags/example_latest_only_with_trigger.py
[2024-02-13T12:24:25.102+0000] {logging_mixin.py:188} INFO - [2024-02-13T12:24:25.102+0000] {dag.py:3036} INFO - Sync 1 DAGs
[2024-02-13T12:24:25.167+0000] {logging_mixin.py:188} INFO - [2024-02-13T12:24:25.166+0000] {dag.py:3823} INFO - Setting next_dagrun for latest_only_with_trigger to 2024-02-13 08:00:00+00:00, run_after=2024-02-13 12:00:00+00:00
[2024-02-13T12:24:25.213+0000] {processor.py:183} INFO - Processing /home/airflow/.local/lib/python3.8/site-packages/airflow/example_dags/example_latest_only_with_trigger.py took 0.188 seconds
[2024-02-13T12:24:56.193+0000] {processor.py:161} INFO - Started process (PID=1599) to work on /home/airflow/.local/lib/python3.8/site-packages/airflow/example_dags/example_latest_only_with_trigger.py
[2024-02-13T12:24:56.194+0000] {processor.py:830} INFO - Processing file /home/airflow/.local/lib/python3.8/site-packages/airflow/example_dags/example_latest_only_with_trigger.py for tasks to queue
[2024-02-13T12:24:56.195+0000] {logging_mixin.py:188} INFO - [2024-02-13T12:24:56.195+0000] {dagbag.py:538} INFO - Filling up the DagBag from /home/airflow/.local/lib/python3.8/site-packages/airflow/example_dags/example_latest_only_with_trigger.py
[2024-02-13T12:24:56.201+0000] {processor.py:840} INFO - DAG(s) 'latest_only_with_trigger' retrieved from /home/airflow/.local/lib/python3.8/site-packages/airflow/example_dags/example_latest_only_with_trigger.py
[2024-02-13T12:24:56.224+0000] {logging_mixin.py:188} INFO - [2024-02-13T12:24:56.224+0000] {dag.py:3036} INFO - Sync 1 DAGs
[2024-02-13T12:24:56.257+0000] {logging_mixin.py:188} INFO - [2024-02-13T12:24:56.257+0000] {dag.py:3823} INFO - Setting next_dagrun for latest_only_with_trigger to 2024-02-13 08:00:00+00:00, run_after=2024-02-13 12:00:00+00:00
[2024-02-13T12:24:56.284+0000] {processor.py:183} INFO - Processing /home/airflow/.local/lib/python3.8/site-packages/airflow/example_dags/example_latest_only_with_trigger.py took 0.095 seconds
[2024-02-13T12:25:26.518+0000] {processor.py:161} INFO - Started process (PID=1655) to work on /home/airflow/.local/lib/python3.8/site-packages/airflow/example_dags/example_latest_only_with_trigger.py
[2024-02-13T12:25:26.519+0000] {processor.py:830} INFO - Processing file /home/airflow/.local/lib/python3.8/site-packages/airflow/example_dags/example_latest_only_with_trigger.py for tasks to queue
[2024-02-13T12:25:26.520+0000] {logging_mixin.py:188} INFO - [2024-02-13T12:25:26.520+0000] {dagbag.py:538} INFO - Filling up the DagBag from /home/airflow/.local/lib/python3.8/site-packages/airflow/example_dags/example_latest_only_with_trigger.py
[2024-02-13T12:25:26.532+0000] {processor.py:840} INFO - DAG(s) 'latest_only_with_trigger' retrieved from /home/airflow/.local/lib/python3.8/site-packages/airflow/example_dags/example_latest_only_with_trigger.py
[2024-02-13T12:25:26.570+0000] {logging_mixin.py:188} INFO - [2024-02-13T12:25:26.569+0000] {dag.py:3036} INFO - Sync 1 DAGs
[2024-02-13T12:25:26.617+0000] {logging_mixin.py:188} INFO - [2024-02-13T12:25:26.617+0000] {dag.py:3823} INFO - Setting next_dagrun for latest_only_with_trigger to 2024-02-13 08:00:00+00:00, run_after=2024-02-13 12:00:00+00:00
[2024-02-13T12:25:26.653+0000] {processor.py:183} INFO - Processing /home/airflow/.local/lib/python3.8/site-packages/airflow/example_dags/example_latest_only_with_trigger.py took 0.141 seconds
[2024-02-13T12:25:56.873+0000] {processor.py:161} INFO - Started process (PID=1711) to work on /home/airflow/.local/lib/python3.8/site-packages/airflow/example_dags/example_latest_only_with_trigger.py
[2024-02-13T12:25:56.873+0000] {processor.py:830} INFO - Processing file /home/airflow/.local/lib/python3.8/site-packages/airflow/example_dags/example_latest_only_with_trigger.py for tasks to queue
[2024-02-13T12:25:56.874+0000] {logging_mixin.py:188} INFO - [2024-02-13T12:25:56.874+0000] {dagbag.py:538} INFO - Filling up the DagBag from /home/airflow/.local/lib/python3.8/site-packages/airflow/example_dags/example_latest_only_with_trigger.py
[2024-02-13T12:25:56.881+0000] {processor.py:840} INFO - DAG(s) 'latest_only_with_trigger' retrieved from /home/airflow/.local/lib/python3.8/site-packages/airflow/example_dags/example_latest_only_with_trigger.py
[2024-02-13T12:25:56.903+0000] {logging_mixin.py:188} INFO - [2024-02-13T12:25:56.903+0000] {dag.py:3036} INFO - Sync 1 DAGs
[2024-02-13T12:25:56.925+0000] {logging_mixin.py:188} INFO - [2024-02-13T12:25:56.925+0000] {dag.py:3823} INFO - Setting next_dagrun for latest_only_with_trigger to 2024-02-13 08:00:00+00:00, run_after=2024-02-13 12:00:00+00:00
[2024-02-13T12:25:56.943+0000] {processor.py:183} INFO - Processing /home/airflow/.local/lib/python3.8/site-packages/airflow/example_dags/example_latest_only_with_trigger.py took 0.074 seconds
[2024-02-13T12:26:27.264+0000] {processor.py:161} INFO - Started process (PID=1767) to work on /home/airflow/.local/lib/python3.8/site-packages/airflow/example_dags/example_latest_only_with_trigger.py
[2024-02-13T12:26:27.265+0000] {processor.py:830} INFO - Processing file /home/airflow/.local/lib/python3.8/site-packages/airflow/example_dags/example_latest_only_with_trigger.py for tasks to queue
[2024-02-13T12:26:27.265+0000] {logging_mixin.py:188} INFO - [2024-02-13T12:26:27.265+0000] {dagbag.py:538} INFO - Filling up the DagBag from /home/airflow/.local/lib/python3.8/site-packages/airflow/example_dags/example_latest_only_with_trigger.py
[2024-02-13T12:26:27.271+0000] {processor.py:840} INFO - DAG(s) 'latest_only_with_trigger' retrieved from /home/airflow/.local/lib/python3.8/site-packages/airflow/example_dags/example_latest_only_with_trigger.py
[2024-02-13T12:26:27.294+0000] {logging_mixin.py:188} INFO - [2024-02-13T12:26:27.294+0000] {dag.py:3036} INFO - Sync 1 DAGs
[2024-02-13T12:26:27.316+0000] {logging_mixin.py:188} INFO - [2024-02-13T12:26:27.316+0000] {dag.py:3823} INFO - Setting next_dagrun for latest_only_with_trigger to 2024-02-13 08:00:00+00:00, run_after=2024-02-13 12:00:00+00:00
[2024-02-13T12:26:27.334+0000] {processor.py:183} INFO - Processing /home/airflow/.local/lib/python3.8/site-packages/airflow/example_dags/example_latest_only_with_trigger.py took 0.074 seconds
[2024-02-13T12:26:57.718+0000] {processor.py:161} INFO - Started process (PID=1823) to work on /home/airflow/.local/lib/python3.8/site-packages/airflow/example_dags/example_latest_only_with_trigger.py
[2024-02-13T12:26:57.719+0000] {processor.py:830} INFO - Processing file /home/airflow/.local/lib/python3.8/site-packages/airflow/example_dags/example_latest_only_with_trigger.py for tasks to queue
[2024-02-13T12:26:57.720+0000] {logging_mixin.py:188} INFO - [2024-02-13T12:26:57.720+0000] {dagbag.py:538} INFO - Filling up the DagBag from /home/airflow/.local/lib/python3.8/site-packages/airflow/example_dags/example_latest_only_with_trigger.py
[2024-02-13T12:26:57.726+0000] {processor.py:840} INFO - DAG(s) 'latest_only_with_trigger' retrieved from /home/airflow/.local/lib/python3.8/site-packages/airflow/example_dags/example_latest_only_with_trigger.py
[2024-02-13T12:26:57.749+0000] {logging_mixin.py:188} INFO - [2024-02-13T12:26:57.749+0000] {dag.py:3036} INFO - Sync 1 DAGs
[2024-02-13T12:26:57.772+0000] {logging_mixin.py:188} INFO - [2024-02-13T12:26:57.772+0000] {dag.py:3823} INFO - Setting next_dagrun for latest_only_with_trigger to 2024-02-13 08:00:00+00:00, run_after=2024-02-13 12:00:00+00:00
[2024-02-13T12:26:57.791+0000] {processor.py:183} INFO - Processing /home/airflow/.local/lib/python3.8/site-packages/airflow/example_dags/example_latest_only_with_trigger.py took 0.076 seconds
[2024-02-13T12:27:28.746+0000] {processor.py:161} INFO - Started process (PID=1879) to work on /home/airflow/.local/lib/python3.8/site-packages/airflow/example_dags/example_latest_only_with_trigger.py
[2024-02-13T12:27:28.747+0000] {processor.py:830} INFO - Processing file /home/airflow/.local/lib/python3.8/site-packages/airflow/example_dags/example_latest_only_with_trigger.py for tasks to queue
[2024-02-13T12:27:28.747+0000] {logging_mixin.py:188} INFO - [2024-02-13T12:27:28.747+0000] {dagbag.py:538} INFO - Filling up the DagBag from /home/airflow/.local/lib/python3.8/site-packages/airflow/example_dags/example_latest_only_with_trigger.py
[2024-02-13T12:27:28.753+0000] {processor.py:840} INFO - DAG(s) 'latest_only_with_trigger' retrieved from /home/airflow/.local/lib/python3.8/site-packages/airflow/example_dags/example_latest_only_with_trigger.py
[2024-02-13T12:27:28.774+0000] {logging_mixin.py:188} INFO - [2024-02-13T12:27:28.774+0000] {dag.py:3036} INFO - Sync 1 DAGs
[2024-02-13T12:27:28.798+0000] {logging_mixin.py:188} INFO - [2024-02-13T12:27:28.797+0000] {dag.py:3823} INFO - Setting next_dagrun for latest_only_with_trigger to 2024-02-13 08:00:00+00:00, run_after=2024-02-13 12:00:00+00:00
[2024-02-13T12:27:28.815+0000] {processor.py:183} INFO - Processing /home/airflow/.local/lib/python3.8/site-packages/airflow/example_dags/example_latest_only_with_trigger.py took 0.073 seconds
[2024-02-13T12:27:59.815+0000] {processor.py:161} INFO - Started process (PID=1935) to work on /home/airflow/.local/lib/python3.8/site-packages/airflow/example_dags/example_latest_only_with_trigger.py
[2024-02-13T12:27:59.816+0000] {processor.py:830} INFO - Processing file /home/airflow/.local/lib/python3.8/site-packages/airflow/example_dags/example_latest_only_with_trigger.py for tasks to queue
[2024-02-13T12:27:59.817+0000] {logging_mixin.py:188} INFO - [2024-02-13T12:27:59.817+0000] {dagbag.py:538} INFO - Filling up the DagBag from /home/airflow/.local/lib/python3.8/site-packages/airflow/example_dags/example_latest_only_with_trigger.py
[2024-02-13T12:27:59.823+0000] {processor.py:840} INFO - DAG(s) 'latest_only_with_trigger' retrieved from /home/airflow/.local/lib/python3.8/site-packages/airflow/example_dags/example_latest_only_with_trigger.py
[2024-02-13T12:27:59.844+0000] {logging_mixin.py:188} INFO - [2024-02-13T12:27:59.843+0000] {dag.py:3036} INFO - Sync 1 DAGs
[2024-02-13T12:27:59.866+0000] {logging_mixin.py:188} INFO - [2024-02-13T12:27:59.866+0000] {dag.py:3823} INFO - Setting next_dagrun for latest_only_with_trigger to 2024-02-13 08:00:00+00:00, run_after=2024-02-13 12:00:00+00:00
[2024-02-13T12:27:59.884+0000] {processor.py:183} INFO - Processing /home/airflow/.local/lib/python3.8/site-packages/airflow/example_dags/example_latest_only_with_trigger.py took 0.072 seconds
[2024-02-13T12:28:29.997+0000] {processor.py:161} INFO - Started process (PID=1991) to work on /home/airflow/.local/lib/python3.8/site-packages/airflow/example_dags/example_latest_only_with_trigger.py
[2024-02-13T12:28:29.998+0000] {processor.py:830} INFO - Processing file /home/airflow/.local/lib/python3.8/site-packages/airflow/example_dags/example_latest_only_with_trigger.py for tasks to queue
[2024-02-13T12:28:29.999+0000] {logging_mixin.py:188} INFO - [2024-02-13T12:28:29.999+0000] {dagbag.py:538} INFO - Filling up the DagBag from /home/airflow/.local/lib/python3.8/site-packages/airflow/example_dags/example_latest_only_with_trigger.py
[2024-02-13T12:28:30.008+0000] {processor.py:840} INFO - DAG(s) 'latest_only_with_trigger' retrieved from /home/airflow/.local/lib/python3.8/site-packages/airflow/example_dags/example_latest_only_with_trigger.py
[2024-02-13T12:28:30.031+0000] {logging_mixin.py:188} INFO - [2024-02-13T12:28:30.030+0000] {dag.py:3036} INFO - Sync 1 DAGs
[2024-02-13T12:28:30.053+0000] {logging_mixin.py:188} INFO - [2024-02-13T12:28:30.053+0000] {dag.py:3823} INFO - Setting next_dagrun for latest_only_with_trigger to 2024-02-13 08:00:00+00:00, run_after=2024-02-13 12:00:00+00:00
[2024-02-13T12:28:30.073+0000] {processor.py:183} INFO - Processing /home/airflow/.local/lib/python3.8/site-packages/airflow/example_dags/example_latest_only_with_trigger.py took 0.080 seconds
[2024-02-13T12:29:00.249+0000] {processor.py:161} INFO - Started process (PID=2047) to work on /home/airflow/.local/lib/python3.8/site-packages/airflow/example_dags/example_latest_only_with_trigger.py
[2024-02-13T12:29:00.250+0000] {processor.py:830} INFO - Processing file /home/airflow/.local/lib/python3.8/site-packages/airflow/example_dags/example_latest_only_with_trigger.py for tasks to queue
[2024-02-13T12:29:00.251+0000] {logging_mixin.py:188} INFO - [2024-02-13T12:29:00.251+0000] {dagbag.py:538} INFO - Filling up the DagBag from /home/airflow/.local/lib/python3.8/site-packages/airflow/example_dags/example_latest_only_with_trigger.py
[2024-02-13T12:29:00.257+0000] {processor.py:840} INFO - DAG(s) 'latest_only_with_trigger' retrieved from /home/airflow/.local/lib/python3.8/site-packages/airflow/example_dags/example_latest_only_with_trigger.py
[2024-02-13T12:29:00.278+0000] {logging_mixin.py:188} INFO - [2024-02-13T12:29:00.278+0000] {dag.py:3036} INFO - Sync 1 DAGs
[2024-02-13T12:29:00.299+0000] {logging_mixin.py:188} INFO - [2024-02-13T12:29:00.299+0000] {dag.py:3823} INFO - Setting next_dagrun for latest_only_with_trigger to 2024-02-13 08:00:00+00:00, run_after=2024-02-13 12:00:00+00:00
[2024-02-13T12:29:00.317+0000] {processor.py:183} INFO - Processing /home/airflow/.local/lib/python3.8/site-packages/airflow/example_dags/example_latest_only_with_trigger.py took 0.071 seconds
[2024-02-13T12:29:30.813+0000] {processor.py:161} INFO - Started process (PID=2103) to work on /home/airflow/.local/lib/python3.8/site-packages/airflow/example_dags/example_latest_only_with_trigger.py
[2024-02-13T12:29:30.814+0000] {processor.py:830} INFO - Processing file /home/airflow/.local/lib/python3.8/site-packages/airflow/example_dags/example_latest_only_with_trigger.py for tasks to queue
[2024-02-13T12:29:30.815+0000] {logging_mixin.py:188} INFO - [2024-02-13T12:29:30.815+0000] {dagbag.py:538} INFO - Filling up the DagBag from /home/airflow/.local/lib/python3.8/site-packages/airflow/example_dags/example_latest_only_with_trigger.py
[2024-02-13T12:29:30.821+0000] {processor.py:840} INFO - DAG(s) 'latest_only_with_trigger' retrieved from /home/airflow/.local/lib/python3.8/site-packages/airflow/example_dags/example_latest_only_with_trigger.py
[2024-02-13T12:29:30.845+0000] {logging_mixin.py:188} INFO - [2024-02-13T12:29:30.845+0000] {dag.py:3036} INFO - Sync 1 DAGs
[2024-02-13T12:29:30.875+0000] {logging_mixin.py:188} INFO - [2024-02-13T12:29:30.875+0000] {dag.py:3823} INFO - Setting next_dagrun for latest_only_with_trigger to 2024-02-13 08:00:00+00:00, run_after=2024-02-13 12:00:00+00:00
[2024-02-13T12:29:30.894+0000] {processor.py:183} INFO - Processing /home/airflow/.local/lib/python3.8/site-packages/airflow/example_dags/example_latest_only_with_trigger.py took 0.084 seconds
[2024-02-13T12:30:01.160+0000] {processor.py:161} INFO - Started process (PID=2159) to work on /home/airflow/.local/lib/python3.8/site-packages/airflow/example_dags/example_latest_only_with_trigger.py
[2024-02-13T12:30:01.162+0000] {processor.py:830} INFO - Processing file /home/airflow/.local/lib/python3.8/site-packages/airflow/example_dags/example_latest_only_with_trigger.py for tasks to queue
[2024-02-13T12:30:01.163+0000] {logging_mixin.py:188} INFO - [2024-02-13T12:30:01.162+0000] {dagbag.py:538} INFO - Filling up the DagBag from /home/airflow/.local/lib/python3.8/site-packages/airflow/example_dags/example_latest_only_with_trigger.py
[2024-02-13T12:30:01.169+0000] {processor.py:840} INFO - DAG(s) 'latest_only_with_trigger' retrieved from /home/airflow/.local/lib/python3.8/site-packages/airflow/example_dags/example_latest_only_with_trigger.py
[2024-02-13T12:30:01.189+0000] {logging_mixin.py:188} INFO - [2024-02-13T12:30:01.189+0000] {dag.py:3036} INFO - Sync 1 DAGs
[2024-02-13T12:30:01.212+0000] {logging_mixin.py:188} INFO - [2024-02-13T12:30:01.212+0000] {dag.py:3823} INFO - Setting next_dagrun for latest_only_with_trigger to 2024-02-13 08:00:00+00:00, run_after=2024-02-13 12:00:00+00:00
[2024-02-13T12:30:01.231+0000] {processor.py:183} INFO - Processing /home/airflow/.local/lib/python3.8/site-packages/airflow/example_dags/example_latest_only_with_trigger.py took 0.075 seconds
[2024-02-13T12:30:31.446+0000] {processor.py:161} INFO - Started process (PID=2215) to work on /home/airflow/.local/lib/python3.8/site-packages/airflow/example_dags/example_latest_only_with_trigger.py
[2024-02-13T12:30:31.447+0000] {processor.py:830} INFO - Processing file /home/airflow/.local/lib/python3.8/site-packages/airflow/example_dags/example_latest_only_with_trigger.py for tasks to queue
[2024-02-13T12:30:31.448+0000] {logging_mixin.py:188} INFO - [2024-02-13T12:30:31.448+0000] {dagbag.py:538} INFO - Filling up the DagBag from /home/airflow/.local/lib/python3.8/site-packages/airflow/example_dags/example_latest_only_with_trigger.py
[2024-02-13T12:30:31.456+0000] {processor.py:840} INFO - DAG(s) 'latest_only_with_trigger' retrieved from /home/airflow/.local/lib/python3.8/site-packages/airflow/example_dags/example_latest_only_with_trigger.py
[2024-02-13T12:30:31.484+0000] {logging_mixin.py:188} INFO - [2024-02-13T12:30:31.483+0000] {dag.py:3036} INFO - Sync 1 DAGs
[2024-02-13T12:30:31.512+0000] {logging_mixin.py:188} INFO - [2024-02-13T12:30:31.512+0000] {dag.py:3823} INFO - Setting next_dagrun for latest_only_with_trigger to 2024-02-13 08:00:00+00:00, run_after=2024-02-13 12:00:00+00:00
[2024-02-13T12:30:31.530+0000] {processor.py:183} INFO - Processing /home/airflow/.local/lib/python3.8/site-packages/airflow/example_dags/example_latest_only_with_trigger.py took 0.088 seconds
[2024-02-13T12:31:02.043+0000] {processor.py:161} INFO - Started process (PID=2271) to work on /home/airflow/.local/lib/python3.8/site-packages/airflow/example_dags/example_latest_only_with_trigger.py
[2024-02-13T12:31:02.044+0000] {processor.py:830} INFO - Processing file /home/airflow/.local/lib/python3.8/site-packages/airflow/example_dags/example_latest_only_with_trigger.py for tasks to queue
[2024-02-13T12:31:02.045+0000] {logging_mixin.py:188} INFO - [2024-02-13T12:31:02.045+0000] {dagbag.py:538} INFO - Filling up the DagBag from /home/airflow/.local/lib/python3.8/site-packages/airflow/example_dags/example_latest_only_with_trigger.py
[2024-02-13T12:31:02.051+0000] {processor.py:840} INFO - DAG(s) 'latest_only_with_trigger' retrieved from /home/airflow/.local/lib/python3.8/site-packages/airflow/example_dags/example_latest_only_with_trigger.py
[2024-02-13T12:31:02.071+0000] {logging_mixin.py:188} INFO - [2024-02-13T12:31:02.070+0000] {dag.py:3036} INFO - Sync 1 DAGs
[2024-02-13T12:31:02.094+0000] {logging_mixin.py:188} INFO - [2024-02-13T12:31:02.093+0000] {dag.py:3823} INFO - Setting next_dagrun for latest_only_with_trigger to 2024-02-13 08:00:00+00:00, run_after=2024-02-13 12:00:00+00:00
[2024-02-13T12:31:02.119+0000] {processor.py:183} INFO - Processing /home/airflow/.local/lib/python3.8/site-packages/airflow/example_dags/example_latest_only_with_trigger.py took 0.079 seconds
[2024-02-13T12:31:32.532+0000] {processor.py:161} INFO - Started process (PID=2327) to work on /home/airflow/.local/lib/python3.8/site-packages/airflow/example_dags/example_latest_only_with_trigger.py
[2024-02-13T12:31:32.533+0000] {processor.py:830} INFO - Processing file /home/airflow/.local/lib/python3.8/site-packages/airflow/example_dags/example_latest_only_with_trigger.py for tasks to queue
[2024-02-13T12:31:32.534+0000] {logging_mixin.py:188} INFO - [2024-02-13T12:31:32.533+0000] {dagbag.py:538} INFO - Filling up the DagBag from /home/airflow/.local/lib/python3.8/site-packages/airflow/example_dags/example_latest_only_with_trigger.py
[2024-02-13T12:31:32.541+0000] {processor.py:840} INFO - DAG(s) 'latest_only_with_trigger' retrieved from /home/airflow/.local/lib/python3.8/site-packages/airflow/example_dags/example_latest_only_with_trigger.py
[2024-02-13T12:31:32.564+0000] {logging_mixin.py:188} INFO - [2024-02-13T12:31:32.564+0000] {dag.py:3036} INFO - Sync 1 DAGs
[2024-02-13T12:31:32.585+0000] {logging_mixin.py:188} INFO - [2024-02-13T12:31:32.585+0000] {dag.py:3823} INFO - Setting next_dagrun for latest_only_with_trigger to 2024-02-13 08:00:00+00:00, run_after=2024-02-13 12:00:00+00:00
[2024-02-13T12:31:32.603+0000] {processor.py:183} INFO - Processing /home/airflow/.local/lib/python3.8/site-packages/airflow/example_dags/example_latest_only_with_trigger.py took 0.075 seconds
[2024-02-13T12:32:02.912+0000] {processor.py:161} INFO - Started process (PID=2384) to work on /home/airflow/.local/lib/python3.8/site-packages/airflow/example_dags/example_latest_only_with_trigger.py
[2024-02-13T12:32:02.913+0000] {processor.py:830} INFO - Processing file /home/airflow/.local/lib/python3.8/site-packages/airflow/example_dags/example_latest_only_with_trigger.py for tasks to queue
[2024-02-13T12:32:02.915+0000] {logging_mixin.py:188} INFO - [2024-02-13T12:32:02.914+0000] {dagbag.py:538} INFO - Filling up the DagBag from /home/airflow/.local/lib/python3.8/site-packages/airflow/example_dags/example_latest_only_with_trigger.py
[2024-02-13T12:32:02.923+0000] {processor.py:840} INFO - DAG(s) 'latest_only_with_trigger' retrieved from /home/airflow/.local/lib/python3.8/site-packages/airflow/example_dags/example_latest_only_with_trigger.py
[2024-02-13T12:32:02.952+0000] {logging_mixin.py:188} INFO - [2024-02-13T12:32:02.952+0000] {dag.py:3036} INFO - Sync 1 DAGs
[2024-02-13T12:32:02.977+0000] {logging_mixin.py:188} INFO - [2024-02-13T12:32:02.977+0000] {dag.py:3823} INFO - Setting next_dagrun for latest_only_with_trigger to 2024-02-13 08:00:00+00:00, run_after=2024-02-13 12:00:00+00:00
[2024-02-13T12:32:02.996+0000] {processor.py:183} INFO - Processing /home/airflow/.local/lib/python3.8/site-packages/airflow/example_dags/example_latest_only_with_trigger.py took 0.087 seconds
[2024-02-13T12:32:33.581+0000] {processor.py:161} INFO - Started process (PID=2441) to work on /home/airflow/.local/lib/python3.8/site-packages/airflow/example_dags/example_latest_only_with_trigger.py
[2024-02-13T12:32:33.582+0000] {processor.py:830} INFO - Processing file /home/airflow/.local/lib/python3.8/site-packages/airflow/example_dags/example_latest_only_with_trigger.py for tasks to queue
[2024-02-13T12:32:33.584+0000] {logging_mixin.py:188} INFO - [2024-02-13T12:32:33.583+0000] {dagbag.py:538} INFO - Filling up the DagBag from /home/airflow/.local/lib/python3.8/site-packages/airflow/example_dags/example_latest_only_with_trigger.py
[2024-02-13T12:32:33.597+0000] {processor.py:840} INFO - DAG(s) 'latest_only_with_trigger' retrieved from /home/airflow/.local/lib/python3.8/site-packages/airflow/example_dags/example_latest_only_with_trigger.py
[2024-02-13T12:32:33.656+0000] {logging_mixin.py:188} INFO - [2024-02-13T12:32:33.655+0000] {dag.py:3036} INFO - Sync 1 DAGs
[2024-02-13T12:32:33.969+0000] {logging_mixin.py:188} INFO - [2024-02-13T12:32:33.968+0000] {dag.py:3823} INFO - Setting next_dagrun for latest_only_with_trigger to 2024-02-13 08:00:00+00:00, run_after=2024-02-13 12:00:00+00:00
[2024-02-13T12:32:34.016+0000] {processor.py:183} INFO - Processing /home/airflow/.local/lib/python3.8/site-packages/airflow/example_dags/example_latest_only_with_trigger.py took 0.444 seconds
[2024-02-13T12:33:04.505+0000] {processor.py:161} INFO - Started process (PID=2497) to work on /home/airflow/.local/lib/python3.8/site-packages/airflow/example_dags/example_latest_only_with_trigger.py
[2024-02-13T12:33:04.506+0000] {processor.py:830} INFO - Processing file /home/airflow/.local/lib/python3.8/site-packages/airflow/example_dags/example_latest_only_with_trigger.py for tasks to queue
[2024-02-13T12:33:04.507+0000] {logging_mixin.py:188} INFO - [2024-02-13T12:33:04.506+0000] {dagbag.py:538} INFO - Filling up the DagBag from /home/airflow/.local/lib/python3.8/site-packages/airflow/example_dags/example_latest_only_with_trigger.py
[2024-02-13T12:33:04.512+0000] {processor.py:840} INFO - DAG(s) 'latest_only_with_trigger' retrieved from /home/airflow/.local/lib/python3.8/site-packages/airflow/example_dags/example_latest_only_with_trigger.py
[2024-02-13T12:33:04.534+0000] {logging_mixin.py:188} INFO - [2024-02-13T12:33:04.534+0000] {dag.py:3036} INFO - Sync 1 DAGs
[2024-02-13T12:33:04.704+0000] {logging_mixin.py:188} INFO - [2024-02-13T12:33:04.704+0000] {dag.py:3823} INFO - Setting next_dagrun for latest_only_with_trigger to 2024-02-13 08:00:00+00:00, run_after=2024-02-13 12:00:00+00:00
[2024-02-13T12:33:04.729+0000] {processor.py:183} INFO - Processing /home/airflow/.local/lib/python3.8/site-packages/airflow/example_dags/example_latest_only_with_trigger.py took 0.227 seconds
[2024-02-13T12:33:34.968+0000] {processor.py:161} INFO - Started process (PID=2554) to work on /home/airflow/.local/lib/python3.8/site-packages/airflow/example_dags/example_latest_only_with_trigger.py
[2024-02-13T12:33:34.970+0000] {processor.py:830} INFO - Processing file /home/airflow/.local/lib/python3.8/site-packages/airflow/example_dags/example_latest_only_with_trigger.py for tasks to queue
[2024-02-13T12:33:34.971+0000] {logging_mixin.py:188} INFO - [2024-02-13T12:33:34.971+0000] {dagbag.py:538} INFO - Filling up the DagBag from /home/airflow/.local/lib/python3.8/site-packages/airflow/example_dags/example_latest_only_with_trigger.py
[2024-02-13T12:33:34.978+0000] {processor.py:840} INFO - DAG(s) 'latest_only_with_trigger' retrieved from /home/airflow/.local/lib/python3.8/site-packages/airflow/example_dags/example_latest_only_with_trigger.py
[2024-02-13T12:33:35.002+0000] {logging_mixin.py:188} INFO - [2024-02-13T12:33:35.002+0000] {dag.py:3036} INFO - Sync 1 DAGs
[2024-02-13T12:33:35.180+0000] {logging_mixin.py:188} INFO - [2024-02-13T12:33:35.179+0000] {dag.py:3823} INFO - Setting next_dagrun for latest_only_with_trigger to 2024-02-13 08:00:00+00:00, run_after=2024-02-13 12:00:00+00:00
[2024-02-13T12:33:35.207+0000] {processor.py:183} INFO - Processing /home/airflow/.local/lib/python3.8/site-packages/airflow/example_dags/example_latest_only_with_trigger.py took 0.243 seconds
[2024-02-13T12:34:05.607+0000] {processor.py:161} INFO - Started process (PID=2616) to work on /home/airflow/.local/lib/python3.8/site-packages/airflow/example_dags/example_latest_only_with_trigger.py
[2024-02-13T12:34:05.607+0000] {processor.py:830} INFO - Processing file /home/airflow/.local/lib/python3.8/site-packages/airflow/example_dags/example_latest_only_with_trigger.py for tasks to queue
[2024-02-13T12:34:05.608+0000] {logging_mixin.py:188} INFO - [2024-02-13T12:34:05.608+0000] {dagbag.py:538} INFO - Filling up the DagBag from /home/airflow/.local/lib/python3.8/site-packages/airflow/example_dags/example_latest_only_with_trigger.py
[2024-02-13T12:34:05.613+0000] {processor.py:840} INFO - DAG(s) 'latest_only_with_trigger' retrieved from /home/airflow/.local/lib/python3.8/site-packages/airflow/example_dags/example_latest_only_with_trigger.py
[2024-02-13T12:34:05.633+0000] {logging_mixin.py:188} INFO - [2024-02-13T12:34:05.632+0000] {dag.py:3036} INFO - Sync 1 DAGs
[2024-02-13T12:34:05.657+0000] {logging_mixin.py:188} INFO - [2024-02-13T12:34:05.657+0000] {dag.py:3823} INFO - Setting next_dagrun for latest_only_with_trigger to 2024-02-13 08:00:00+00:00, run_after=2024-02-13 12:00:00+00:00
[2024-02-13T12:34:05.676+0000] {processor.py:183} INFO - Processing /home/airflow/.local/lib/python3.8/site-packages/airflow/example_dags/example_latest_only_with_trigger.py took 0.072 seconds
[2024-02-13T12:34:35.756+0000] {processor.py:161} INFO - Started process (PID=2672) to work on /home/airflow/.local/lib/python3.8/site-packages/airflow/example_dags/example_latest_only_with_trigger.py
[2024-02-13T12:34:35.756+0000] {processor.py:830} INFO - Processing file /home/airflow/.local/lib/python3.8/site-packages/airflow/example_dags/example_latest_only_with_trigger.py for tasks to queue
[2024-02-13T12:34:35.757+0000] {logging_mixin.py:188} INFO - [2024-02-13T12:34:35.757+0000] {dagbag.py:538} INFO - Filling up the DagBag from /home/airflow/.local/lib/python3.8/site-packages/airflow/example_dags/example_latest_only_with_trigger.py
[2024-02-13T12:34:35.762+0000] {processor.py:840} INFO - DAG(s) 'latest_only_with_trigger' retrieved from /home/airflow/.local/lib/python3.8/site-packages/airflow/example_dags/example_latest_only_with_trigger.py
[2024-02-13T12:34:35.782+0000] {logging_mixin.py:188} INFO - [2024-02-13T12:34:35.782+0000] {dag.py:3036} INFO - Sync 1 DAGs
[2024-02-13T12:34:35.806+0000] {logging_mixin.py:188} INFO - [2024-02-13T12:34:35.806+0000] {dag.py:3823} INFO - Setting next_dagrun for latest_only_with_trigger to 2024-02-13 08:00:00+00:00, run_after=2024-02-13 12:00:00+00:00
[2024-02-13T12:34:35.825+0000] {processor.py:183} INFO - Processing /home/airflow/.local/lib/python3.8/site-packages/airflow/example_dags/example_latest_only_with_trigger.py took 0.073 seconds
[2024-02-13T12:35:06.042+0000] {processor.py:161} INFO - Started process (PID=2729) to work on /home/airflow/.local/lib/python3.8/site-packages/airflow/example_dags/example_latest_only_with_trigger.py
[2024-02-13T12:35:06.042+0000] {processor.py:830} INFO - Processing file /home/airflow/.local/lib/python3.8/site-packages/airflow/example_dags/example_latest_only_with_trigger.py for tasks to queue
[2024-02-13T12:35:06.043+0000] {logging_mixin.py:188} INFO - [2024-02-13T12:35:06.043+0000] {dagbag.py:538} INFO - Filling up the DagBag from /home/airflow/.local/lib/python3.8/site-packages/airflow/example_dags/example_latest_only_with_trigger.py
[2024-02-13T12:35:06.048+0000] {processor.py:840} INFO - DAG(s) 'latest_only_with_trigger' retrieved from /home/airflow/.local/lib/python3.8/site-packages/airflow/example_dags/example_latest_only_with_trigger.py
[2024-02-13T12:35:06.068+0000] {logging_mixin.py:188} INFO - [2024-02-13T12:35:06.067+0000] {dag.py:3036} INFO - Sync 1 DAGs
[2024-02-13T12:35:06.091+0000] {logging_mixin.py:188} INFO - [2024-02-13T12:35:06.091+0000] {dag.py:3823} INFO - Setting next_dagrun for latest_only_with_trigger to 2024-02-13 08:00:00+00:00, run_after=2024-02-13 12:00:00+00:00
[2024-02-13T12:35:06.110+0000] {processor.py:183} INFO - Processing /home/airflow/.local/lib/python3.8/site-packages/airflow/example_dags/example_latest_only_with_trigger.py took 0.071 seconds
[2024-02-13T12:35:37.065+0000] {processor.py:161} INFO - Started process (PID=2785) to work on /home/airflow/.local/lib/python3.8/site-packages/airflow/example_dags/example_latest_only_with_trigger.py
[2024-02-13T12:35:37.066+0000] {processor.py:830} INFO - Processing file /home/airflow/.local/lib/python3.8/site-packages/airflow/example_dags/example_latest_only_with_trigger.py for tasks to queue
[2024-02-13T12:35:37.067+0000] {logging_mixin.py:188} INFO - [2024-02-13T12:35:37.067+0000] {dagbag.py:538} INFO - Filling up the DagBag from /home/airflow/.local/lib/python3.8/site-packages/airflow/example_dags/example_latest_only_with_trigger.py
[2024-02-13T12:35:37.079+0000] {processor.py:840} INFO - DAG(s) 'latest_only_with_trigger' retrieved from /home/airflow/.local/lib/python3.8/site-packages/airflow/example_dags/example_latest_only_with_trigger.py
[2024-02-13T12:35:37.114+0000] {logging_mixin.py:188} INFO - [2024-02-13T12:35:37.113+0000] {dag.py:3036} INFO - Sync 1 DAGs
[2024-02-13T12:35:37.150+0000] {logging_mixin.py:188} INFO - [2024-02-13T12:35:37.150+0000] {dag.py:3823} INFO - Setting next_dagrun for latest_only_with_trigger to 2024-02-13 08:00:00+00:00, run_after=2024-02-13 12:00:00+00:00
[2024-02-13T12:35:37.180+0000] {processor.py:183} INFO - Processing /home/airflow/.local/lib/python3.8/site-packages/airflow/example_dags/example_latest_only_with_trigger.py took 0.119 seconds
[2024-02-13T12:36:07.458+0000] {processor.py:161} INFO - Started process (PID=2842) to work on /home/airflow/.local/lib/python3.8/site-packages/airflow/example_dags/example_latest_only_with_trigger.py
[2024-02-13T12:36:07.459+0000] {processor.py:830} INFO - Processing file /home/airflow/.local/lib/python3.8/site-packages/airflow/example_dags/example_latest_only_with_trigger.py for tasks to queue
[2024-02-13T12:36:07.459+0000] {logging_mixin.py:188} INFO - [2024-02-13T12:36:07.459+0000] {dagbag.py:538} INFO - Filling up the DagBag from /home/airflow/.local/lib/python3.8/site-packages/airflow/example_dags/example_latest_only_with_trigger.py
[2024-02-13T12:36:07.464+0000] {processor.py:840} INFO - DAG(s) 'latest_only_with_trigger' retrieved from /home/airflow/.local/lib/python3.8/site-packages/airflow/example_dags/example_latest_only_with_trigger.py
[2024-02-13T12:36:07.484+0000] {logging_mixin.py:188} INFO - [2024-02-13T12:36:07.484+0000] {dag.py:3036} INFO - Sync 1 DAGs
[2024-02-13T12:36:07.506+0000] {logging_mixin.py:188} INFO - [2024-02-13T12:36:07.506+0000] {dag.py:3823} INFO - Setting next_dagrun for latest_only_with_trigger to 2024-02-13 08:00:00+00:00, run_after=2024-02-13 12:00:00+00:00
[2024-02-13T12:36:07.523+0000] {processor.py:183} INFO - Processing /home/airflow/.local/lib/python3.8/site-packages/airflow/example_dags/example_latest_only_with_trigger.py took 0.068 seconds
[2024-02-13T12:36:38.295+0000] {processor.py:161} INFO - Started process (PID=2898) to work on /home/airflow/.local/lib/python3.8/site-packages/airflow/example_dags/example_latest_only_with_trigger.py
[2024-02-13T12:36:38.296+0000] {processor.py:830} INFO - Processing file /home/airflow/.local/lib/python3.8/site-packages/airflow/example_dags/example_latest_only_with_trigger.py for tasks to queue
[2024-02-13T12:36:38.297+0000] {logging_mixin.py:188} INFO - [2024-02-13T12:36:38.297+0000] {dagbag.py:538} INFO - Filling up the DagBag from /home/airflow/.local/lib/python3.8/site-packages/airflow/example_dags/example_latest_only_with_trigger.py
[2024-02-13T12:36:38.302+0000] {processor.py:840} INFO - DAG(s) 'latest_only_with_trigger' retrieved from /home/airflow/.local/lib/python3.8/site-packages/airflow/example_dags/example_latest_only_with_trigger.py
[2024-02-13T12:36:38.324+0000] {logging_mixin.py:188} INFO - [2024-02-13T12:36:38.324+0000] {dag.py:3036} INFO - Sync 1 DAGs
[2024-02-13T12:36:38.349+0000] {logging_mixin.py:188} INFO - [2024-02-13T12:36:38.349+0000] {dag.py:3823} INFO - Setting next_dagrun for latest_only_with_trigger to 2024-02-13 08:00:00+00:00, run_after=2024-02-13 12:00:00+00:00
[2024-02-13T12:36:38.377+0000] {processor.py:183} INFO - Processing /home/airflow/.local/lib/python3.8/site-packages/airflow/example_dags/example_latest_only_with_trigger.py took 0.085 seconds
[2024-02-13T12:37:08.970+0000] {processor.py:161} INFO - Started process (PID=2954) to work on /home/airflow/.local/lib/python3.8/site-packages/airflow/example_dags/example_latest_only_with_trigger.py
[2024-02-13T12:37:08.974+0000] {processor.py:830} INFO - Processing file /home/airflow/.local/lib/python3.8/site-packages/airflow/example_dags/example_latest_only_with_trigger.py for tasks to queue
[2024-02-13T12:37:08.977+0000] {logging_mixin.py:188} INFO - [2024-02-13T12:37:08.976+0000] {dagbag.py:538} INFO - Filling up the DagBag from /home/airflow/.local/lib/python3.8/site-packages/airflow/example_dags/example_latest_only_with_trigger.py
[2024-02-13T12:37:08.997+0000] {processor.py:840} INFO - DAG(s) 'latest_only_with_trigger' retrieved from /home/airflow/.local/lib/python3.8/site-packages/airflow/example_dags/example_latest_only_with_trigger.py
[2024-02-13T12:37:09.059+0000] {logging_mixin.py:188} INFO - [2024-02-13T12:37:09.057+0000] {dag.py:3036} INFO - Sync 1 DAGs
[2024-02-13T12:37:09.124+0000] {logging_mixin.py:188} INFO - [2024-02-13T12:37:09.123+0000] {dag.py:3823} INFO - Setting next_dagrun for latest_only_with_trigger to 2024-02-13 08:00:00+00:00, run_after=2024-02-13 12:00:00+00:00
[2024-02-13T12:37:09.173+0000] {processor.py:183} INFO - Processing /home/airflow/.local/lib/python3.8/site-packages/airflow/example_dags/example_latest_only_with_trigger.py took 0.212 seconds
[2024-02-13T12:37:40.059+0000] {processor.py:161} INFO - Started process (PID=3010) to work on /home/airflow/.local/lib/python3.8/site-packages/airflow/example_dags/example_latest_only_with_trigger.py
[2024-02-13T12:37:40.060+0000] {processor.py:830} INFO - Processing file /home/airflow/.local/lib/python3.8/site-packages/airflow/example_dags/example_latest_only_with_trigger.py for tasks to queue
[2024-02-13T12:37:40.061+0000] {logging_mixin.py:188} INFO - [2024-02-13T12:37:40.060+0000] {dagbag.py:538} INFO - Filling up the DagBag from /home/airflow/.local/lib/python3.8/site-packages/airflow/example_dags/example_latest_only_with_trigger.py
[2024-02-13T12:37:40.067+0000] {processor.py:840} INFO - DAG(s) 'latest_only_with_trigger' retrieved from /home/airflow/.local/lib/python3.8/site-packages/airflow/example_dags/example_latest_only_with_trigger.py
[2024-02-13T12:37:40.092+0000] {logging_mixin.py:188} INFO - [2024-02-13T12:37:40.092+0000] {dag.py:3036} INFO - Sync 1 DAGs
[2024-02-13T12:37:40.116+0000] {logging_mixin.py:188} INFO - [2024-02-13T12:37:40.115+0000] {dag.py:3823} INFO - Setting next_dagrun for latest_only_with_trigger to 2024-02-13 08:00:00+00:00, run_after=2024-02-13 12:00:00+00:00
[2024-02-13T12:37:40.133+0000] {processor.py:183} INFO - Processing /home/airflow/.local/lib/python3.8/site-packages/airflow/example_dags/example_latest_only_with_trigger.py took 0.077 seconds
[2024-02-13T12:38:10.551+0000] {processor.py:161} INFO - Started process (PID=3066) to work on /home/airflow/.local/lib/python3.8/site-packages/airflow/example_dags/example_latest_only_with_trigger.py
[2024-02-13T12:38:10.553+0000] {processor.py:830} INFO - Processing file /home/airflow/.local/lib/python3.8/site-packages/airflow/example_dags/example_latest_only_with_trigger.py for tasks to queue
[2024-02-13T12:38:10.556+0000] {logging_mixin.py:188} INFO - [2024-02-13T12:38:10.555+0000] {dagbag.py:538} INFO - Filling up the DagBag from /home/airflow/.local/lib/python3.8/site-packages/airflow/example_dags/example_latest_only_with_trigger.py
[2024-02-13T12:38:10.571+0000] {processor.py:840} INFO - DAG(s) 'latest_only_with_trigger' retrieved from /home/airflow/.local/lib/python3.8/site-packages/airflow/example_dags/example_latest_only_with_trigger.py
[2024-02-13T12:38:10.615+0000] {logging_mixin.py:188} INFO - [2024-02-13T12:38:10.615+0000] {dag.py:3036} INFO - Sync 1 DAGs
[2024-02-13T12:38:10.665+0000] {logging_mixin.py:188} INFO - [2024-02-13T12:38:10.664+0000] {dag.py:3823} INFO - Setting next_dagrun for latest_only_with_trigger to 2024-02-13 08:00:00+00:00, run_after=2024-02-13 12:00:00+00:00
[2024-02-13T12:38:10.703+0000] {processor.py:183} INFO - Processing /home/airflow/.local/lib/python3.8/site-packages/airflow/example_dags/example_latest_only_with_trigger.py took 0.157 seconds
[2024-02-13T12:38:40.992+0000] {processor.py:161} INFO - Started process (PID=3122) to work on /home/airflow/.local/lib/python3.8/site-packages/airflow/example_dags/example_latest_only_with_trigger.py
[2024-02-13T12:38:40.992+0000] {processor.py:830} INFO - Processing file /home/airflow/.local/lib/python3.8/site-packages/airflow/example_dags/example_latest_only_with_trigger.py for tasks to queue
[2024-02-13T12:38:40.993+0000] {logging_mixin.py:188} INFO - [2024-02-13T12:38:40.993+0000] {dagbag.py:538} INFO - Filling up the DagBag from /home/airflow/.local/lib/python3.8/site-packages/airflow/example_dags/example_latest_only_with_trigger.py
[2024-02-13T12:38:40.999+0000] {processor.py:840} INFO - DAG(s) 'latest_only_with_trigger' retrieved from /home/airflow/.local/lib/python3.8/site-packages/airflow/example_dags/example_latest_only_with_trigger.py
[2024-02-13T12:38:41.026+0000] {logging_mixin.py:188} INFO - [2024-02-13T12:38:41.026+0000] {dag.py:3036} INFO - Sync 1 DAGs
[2024-02-13T12:38:41.058+0000] {logging_mixin.py:188} INFO - [2024-02-13T12:38:41.058+0000] {dag.py:3823} INFO - Setting next_dagrun for latest_only_with_trigger to 2024-02-13 08:00:00+00:00, run_after=2024-02-13 12:00:00+00:00
[2024-02-13T12:38:41.085+0000] {processor.py:183} INFO - Processing /home/airflow/.local/lib/python3.8/site-packages/airflow/example_dags/example_latest_only_with_trigger.py took 0.096 seconds
[2024-02-13T12:39:11.137+0000] {processor.py:161} INFO - Started process (PID=3179) to work on /home/airflow/.local/lib/python3.8/site-packages/airflow/example_dags/example_latest_only_with_trigger.py
[2024-02-13T12:39:11.138+0000] {processor.py:830} INFO - Processing file /home/airflow/.local/lib/python3.8/site-packages/airflow/example_dags/example_latest_only_with_trigger.py for tasks to queue
[2024-02-13T12:39:11.138+0000] {logging_mixin.py:188} INFO - [2024-02-13T12:39:11.138+0000] {dagbag.py:538} INFO - Filling up the DagBag from /home/airflow/.local/lib/python3.8/site-packages/airflow/example_dags/example_latest_only_with_trigger.py
[2024-02-13T12:39:11.144+0000] {processor.py:840} INFO - DAG(s) 'latest_only_with_trigger' retrieved from /home/airflow/.local/lib/python3.8/site-packages/airflow/example_dags/example_latest_only_with_trigger.py
[2024-02-13T12:39:11.165+0000] {logging_mixin.py:188} INFO - [2024-02-13T12:39:11.164+0000] {dag.py:3036} INFO - Sync 1 DAGs
[2024-02-13T12:39:11.187+0000] {logging_mixin.py:188} INFO - [2024-02-13T12:39:11.187+0000] {dag.py:3823} INFO - Setting next_dagrun for latest_only_with_trigger to 2024-02-13 08:00:00+00:00, run_after=2024-02-13 12:00:00+00:00
[2024-02-13T12:39:11.205+0000] {processor.py:183} INFO - Processing /home/airflow/.local/lib/python3.8/site-packages/airflow/example_dags/example_latest_only_with_trigger.py took 0.071 seconds
[2024-02-13T12:39:41.464+0000] {processor.py:161} INFO - Started process (PID=3235) to work on /home/airflow/.local/lib/python3.8/site-packages/airflow/example_dags/example_latest_only_with_trigger.py
[2024-02-13T12:39:41.465+0000] {processor.py:830} INFO - Processing file /home/airflow/.local/lib/python3.8/site-packages/airflow/example_dags/example_latest_only_with_trigger.py for tasks to queue
[2024-02-13T12:39:41.465+0000] {logging_mixin.py:188} INFO - [2024-02-13T12:39:41.465+0000] {dagbag.py:538} INFO - Filling up the DagBag from /home/airflow/.local/lib/python3.8/site-packages/airflow/example_dags/example_latest_only_with_trigger.py
[2024-02-13T12:39:41.470+0000] {processor.py:840} INFO - DAG(s) 'latest_only_with_trigger' retrieved from /home/airflow/.local/lib/python3.8/site-packages/airflow/example_dags/example_latest_only_with_trigger.py
[2024-02-13T12:39:41.491+0000] {logging_mixin.py:188} INFO - [2024-02-13T12:39:41.491+0000] {dag.py:3036} INFO - Sync 1 DAGs
[2024-02-13T12:39:41.513+0000] {logging_mixin.py:188} INFO - [2024-02-13T12:39:41.513+0000] {dag.py:3823} INFO - Setting next_dagrun for latest_only_with_trigger to 2024-02-13 08:00:00+00:00, run_after=2024-02-13 12:00:00+00:00
[2024-02-13T12:39:41.531+0000] {processor.py:183} INFO - Processing /home/airflow/.local/lib/python3.8/site-packages/airflow/example_dags/example_latest_only_with_trigger.py took 0.070 seconds
[2024-02-13T12:40:11.765+0000] {processor.py:161} INFO - Started process (PID=3291) to work on /home/airflow/.local/lib/python3.8/site-packages/airflow/example_dags/example_latest_only_with_trigger.py
[2024-02-13T12:40:11.766+0000] {processor.py:830} INFO - Processing file /home/airflow/.local/lib/python3.8/site-packages/airflow/example_dags/example_latest_only_with_trigger.py for tasks to queue
[2024-02-13T12:40:11.767+0000] {logging_mixin.py:188} INFO - [2024-02-13T12:40:11.767+0000] {dagbag.py:538} INFO - Filling up the DagBag from /home/airflow/.local/lib/python3.8/site-packages/airflow/example_dags/example_latest_only_with_trigger.py
[2024-02-13T12:40:11.773+0000] {processor.py:840} INFO - DAG(s) 'latest_only_with_trigger' retrieved from /home/airflow/.local/lib/python3.8/site-packages/airflow/example_dags/example_latest_only_with_trigger.py
[2024-02-13T12:40:11.797+0000] {logging_mixin.py:188} INFO - [2024-02-13T12:40:11.796+0000] {dag.py:3036} INFO - Sync 1 DAGs
[2024-02-13T12:40:11.825+0000] {logging_mixin.py:188} INFO - [2024-02-13T12:40:11.825+0000] {dag.py:3823} INFO - Setting next_dagrun for latest_only_with_trigger to 2024-02-13 08:00:00+00:00, run_after=2024-02-13 12:00:00+00:00
[2024-02-13T12:40:11.846+0000] {processor.py:183} INFO - Processing /home/airflow/.local/lib/python3.8/site-packages/airflow/example_dags/example_latest_only_with_trigger.py took 0.084 seconds
[2024-02-13T12:40:42.149+0000] {processor.py:161} INFO - Started process (PID=3347) to work on /home/airflow/.local/lib/python3.8/site-packages/airflow/example_dags/example_latest_only_with_trigger.py
[2024-02-13T12:40:42.149+0000] {processor.py:830} INFO - Processing file /home/airflow/.local/lib/python3.8/site-packages/airflow/example_dags/example_latest_only_with_trigger.py for tasks to queue
[2024-02-13T12:40:42.150+0000] {logging_mixin.py:188} INFO - [2024-02-13T12:40:42.150+0000] {dagbag.py:538} INFO - Filling up the DagBag from /home/airflow/.local/lib/python3.8/site-packages/airflow/example_dags/example_latest_only_with_trigger.py
[2024-02-13T12:40:42.156+0000] {processor.py:840} INFO - DAG(s) 'latest_only_with_trigger' retrieved from /home/airflow/.local/lib/python3.8/site-packages/airflow/example_dags/example_latest_only_with_trigger.py
[2024-02-13T12:40:42.174+0000] {logging_mixin.py:188} INFO - [2024-02-13T12:40:42.174+0000] {dag.py:3036} INFO - Sync 1 DAGs
[2024-02-13T12:40:42.195+0000] {logging_mixin.py:188} INFO - [2024-02-13T12:40:42.195+0000] {dag.py:3823} INFO - Setting next_dagrun for latest_only_with_trigger to 2024-02-13 08:00:00+00:00, run_after=2024-02-13 12:00:00+00:00
[2024-02-13T12:40:42.214+0000] {processor.py:183} INFO - Processing /home/airflow/.local/lib/python3.8/site-packages/airflow/example_dags/example_latest_only_with_trigger.py took 0.069 seconds
[2024-02-13T12:41:12.736+0000] {processor.py:161} INFO - Started process (PID=3402) to work on /home/airflow/.local/lib/python3.8/site-packages/airflow/example_dags/example_latest_only_with_trigger.py
[2024-02-13T12:41:12.737+0000] {processor.py:830} INFO - Processing file /home/airflow/.local/lib/python3.8/site-packages/airflow/example_dags/example_latest_only_with_trigger.py for tasks to queue
[2024-02-13T12:41:12.738+0000] {logging_mixin.py:188} INFO - [2024-02-13T12:41:12.738+0000] {dagbag.py:538} INFO - Filling up the DagBag from /home/airflow/.local/lib/python3.8/site-packages/airflow/example_dags/example_latest_only_with_trigger.py
[2024-02-13T12:41:12.743+0000] {processor.py:840} INFO - DAG(s) 'latest_only_with_trigger' retrieved from /home/airflow/.local/lib/python3.8/site-packages/airflow/example_dags/example_latest_only_with_trigger.py
[2024-02-13T12:41:12.766+0000] {logging_mixin.py:188} INFO - [2024-02-13T12:41:12.766+0000] {dag.py:3036} INFO - Sync 1 DAGs
[2024-02-13T12:41:12.792+0000] {logging_mixin.py:188} INFO - [2024-02-13T12:41:12.791+0000] {dag.py:3823} INFO - Setting next_dagrun for latest_only_with_trigger to 2024-02-13 08:00:00+00:00, run_after=2024-02-13 12:00:00+00:00
[2024-02-13T12:41:12.812+0000] {processor.py:183} INFO - Processing /home/airflow/.local/lib/python3.8/site-packages/airflow/example_dags/example_latest_only_with_trigger.py took 0.078 seconds
[2024-02-13T12:41:43.370+0000] {processor.py:161} INFO - Started process (PID=3458) to work on /home/airflow/.local/lib/python3.8/site-packages/airflow/example_dags/example_latest_only_with_trigger.py
[2024-02-13T12:41:43.372+0000] {processor.py:830} INFO - Processing file /home/airflow/.local/lib/python3.8/site-packages/airflow/example_dags/example_latest_only_with_trigger.py for tasks to queue
[2024-02-13T12:41:43.373+0000] {logging_mixin.py:188} INFO - [2024-02-13T12:41:43.373+0000] {dagbag.py:538} INFO - Filling up the DagBag from /home/airflow/.local/lib/python3.8/site-packages/airflow/example_dags/example_latest_only_with_trigger.py
[2024-02-13T12:41:43.387+0000] {processor.py:840} INFO - DAG(s) 'latest_only_with_trigger' retrieved from /home/airflow/.local/lib/python3.8/site-packages/airflow/example_dags/example_latest_only_with_trigger.py
[2024-02-13T12:41:43.452+0000] {logging_mixin.py:188} INFO - [2024-02-13T12:41:43.451+0000] {dag.py:3036} INFO - Sync 1 DAGs
[2024-02-13T12:41:43.506+0000] {logging_mixin.py:188} INFO - [2024-02-13T12:41:43.505+0000] {dag.py:3823} INFO - Setting next_dagrun for latest_only_with_trigger to 2024-02-13 08:00:00+00:00, run_after=2024-02-13 12:00:00+00:00
[2024-02-13T12:41:43.545+0000] {processor.py:183} INFO - Processing /home/airflow/.local/lib/python3.8/site-packages/airflow/example_dags/example_latest_only_with_trigger.py took 0.183 seconds
[2024-02-13T12:42:14.410+0000] {processor.py:161} INFO - Started process (PID=3514) to work on /home/airflow/.local/lib/python3.8/site-packages/airflow/example_dags/example_latest_only_with_trigger.py
[2024-02-13T12:42:14.411+0000] {processor.py:830} INFO - Processing file /home/airflow/.local/lib/python3.8/site-packages/airflow/example_dags/example_latest_only_with_trigger.py for tasks to queue
[2024-02-13T12:42:14.412+0000] {logging_mixin.py:188} INFO - [2024-02-13T12:42:14.412+0000] {dagbag.py:538} INFO - Filling up the DagBag from /home/airflow/.local/lib/python3.8/site-packages/airflow/example_dags/example_latest_only_with_trigger.py
[2024-02-13T12:42:14.422+0000] {processor.py:840} INFO - DAG(s) 'latest_only_with_trigger' retrieved from /home/airflow/.local/lib/python3.8/site-packages/airflow/example_dags/example_latest_only_with_trigger.py
[2024-02-13T12:42:14.446+0000] {logging_mixin.py:188} INFO - [2024-02-13T12:42:14.446+0000] {dag.py:3036} INFO - Sync 1 DAGs
[2024-02-13T12:42:14.468+0000] {logging_mixin.py:188} INFO - [2024-02-13T12:42:14.468+0000] {dag.py:3823} INFO - Setting next_dagrun for latest_only_with_trigger to 2024-02-13 08:00:00+00:00, run_after=2024-02-13 12:00:00+00:00
[2024-02-13T12:42:14.486+0000] {processor.py:183} INFO - Processing /home/airflow/.local/lib/python3.8/site-packages/airflow/example_dags/example_latest_only_with_trigger.py took 0.080 seconds
[2024-02-13T12:42:44.970+0000] {processor.py:161} INFO - Started process (PID=3570) to work on /home/airflow/.local/lib/python3.8/site-packages/airflow/example_dags/example_latest_only_with_trigger.py
[2024-02-13T12:42:44.971+0000] {processor.py:830} INFO - Processing file /home/airflow/.local/lib/python3.8/site-packages/airflow/example_dags/example_latest_only_with_trigger.py for tasks to queue
[2024-02-13T12:42:44.973+0000] {logging_mixin.py:188} INFO - [2024-02-13T12:42:44.972+0000] {dagbag.py:538} INFO - Filling up the DagBag from /home/airflow/.local/lib/python3.8/site-packages/airflow/example_dags/example_latest_only_with_trigger.py
[2024-02-13T12:42:44.983+0000] {processor.py:840} INFO - DAG(s) 'latest_only_with_trigger' retrieved from /home/airflow/.local/lib/python3.8/site-packages/airflow/example_dags/example_latest_only_with_trigger.py
[2024-02-13T12:42:45.021+0000] {logging_mixin.py:188} INFO - [2024-02-13T12:42:45.020+0000] {dag.py:3036} INFO - Sync 1 DAGs
[2024-02-13T12:42:45.067+0000] {logging_mixin.py:188} INFO - [2024-02-13T12:42:45.067+0000] {dag.py:3823} INFO - Setting next_dagrun for latest_only_with_trigger to 2024-02-13 08:00:00+00:00, run_after=2024-02-13 12:00:00+00:00
[2024-02-13T12:42:45.109+0000] {processor.py:183} INFO - Processing /home/airflow/.local/lib/python3.8/site-packages/airflow/example_dags/example_latest_only_with_trigger.py took 0.147 seconds
