[2024-02-13T12:10:56.475+0000] {processor.py:161} INFO - Started process (PID=69) to work on /home/airflow/.local/lib/python3.8/site-packages/airflow/example_dags/example_bash_operator.py
[2024-02-13T12:10:56.476+0000] {processor.py:830} INFO - Processing file /home/airflow/.local/lib/python3.8/site-packages/airflow/example_dags/example_bash_operator.py for tasks to queue
[2024-02-13T12:10:56.478+0000] {logging_mixin.py:188} INFO - [2024-02-13T12:10:56.477+0000] {dagbag.py:538} INFO - Filling up the DagBag from /home/airflow/.local/lib/python3.8/site-packages/airflow/example_dags/example_bash_operator.py
[2024-02-13T12:10:56.502+0000] {processor.py:840} INFO - DAG(s) 'example_bash_operator' retrieved from /home/airflow/.local/lib/python3.8/site-packages/airflow/example_dags/example_bash_operator.py
[2024-02-13T12:10:56.688+0000] {logging_mixin.py:188} INFO - [2024-02-13T12:10:56.688+0000] {dag.py:3036} INFO - Sync 1 DAGs
[2024-02-13T12:10:56.715+0000] {logging_mixin.py:188} INFO - [2024-02-13T12:10:56.715+0000] {dag.py:3823} INFO - Setting next_dagrun for example_bash_operator to 2024-02-12 00:00:00+00:00, run_after=2024-02-13 00:00:00+00:00
[2024-02-13T12:10:56.769+0000] {processor.py:183} INFO - Processing /home/airflow/.local/lib/python3.8/site-packages/airflow/example_dags/example_bash_operator.py took 0.301 seconds
[2024-02-13T12:11:26.991+0000] {processor.py:161} INFO - Started process (PID=125) to work on /home/airflow/.local/lib/python3.8/site-packages/airflow/example_dags/example_bash_operator.py
[2024-02-13T12:11:26.994+0000] {processor.py:830} INFO - Processing file /home/airflow/.local/lib/python3.8/site-packages/airflow/example_dags/example_bash_operator.py for tasks to queue
[2024-02-13T12:11:26.995+0000] {logging_mixin.py:188} INFO - [2024-02-13T12:11:26.995+0000] {dagbag.py:538} INFO - Filling up the DagBag from /home/airflow/.local/lib/python3.8/site-packages/airflow/example_dags/example_bash_operator.py
[2024-02-13T12:11:27.015+0000] {processor.py:840} INFO - DAG(s) 'example_bash_operator' retrieved from /home/airflow/.local/lib/python3.8/site-packages/airflow/example_dags/example_bash_operator.py
[2024-02-13T12:11:27.076+0000] {logging_mixin.py:188} INFO - [2024-02-13T12:11:27.076+0000] {dag.py:3036} INFO - Sync 1 DAGs
[2024-02-13T12:11:27.129+0000] {logging_mixin.py:188} INFO - [2024-02-13T12:11:27.129+0000] {dag.py:3823} INFO - Setting next_dagrun for example_bash_operator to 2024-02-12 00:00:00+00:00, run_after=2024-02-13 00:00:00+00:00
[2024-02-13T12:11:27.187+0000] {processor.py:183} INFO - Processing /home/airflow/.local/lib/python3.8/site-packages/airflow/example_dags/example_bash_operator.py took 0.202 seconds
[2024-02-13T12:11:57.801+0000] {processor.py:161} INFO - Started process (PID=181) to work on /home/airflow/.local/lib/python3.8/site-packages/airflow/example_dags/example_bash_operator.py
[2024-02-13T12:11:57.802+0000] {processor.py:830} INFO - Processing file /home/airflow/.local/lib/python3.8/site-packages/airflow/example_dags/example_bash_operator.py for tasks to queue
[2024-02-13T12:11:57.803+0000] {logging_mixin.py:188} INFO - [2024-02-13T12:11:57.803+0000] {dagbag.py:538} INFO - Filling up the DagBag from /home/airflow/.local/lib/python3.8/site-packages/airflow/example_dags/example_bash_operator.py
[2024-02-13T12:11:57.817+0000] {processor.py:840} INFO - DAG(s) 'example_bash_operator' retrieved from /home/airflow/.local/lib/python3.8/site-packages/airflow/example_dags/example_bash_operator.py
[2024-02-13T12:11:57.847+0000] {logging_mixin.py:188} INFO - [2024-02-13T12:11:57.847+0000] {dag.py:3036} INFO - Sync 1 DAGs
[2024-02-13T12:11:57.870+0000] {logging_mixin.py:188} INFO - [2024-02-13T12:11:57.869+0000] {dag.py:3823} INFO - Setting next_dagrun for example_bash_operator to 2024-02-12 00:00:00+00:00, run_after=2024-02-13 00:00:00+00:00
[2024-02-13T12:11:57.889+0000] {processor.py:183} INFO - Processing /home/airflow/.local/lib/python3.8/site-packages/airflow/example_dags/example_bash_operator.py took 0.092 seconds
[2024-02-13T12:12:31.996+0000] {processor.py:161} INFO - Started process (PID=244) to work on /home/airflow/.local/lib/python3.8/site-packages/airflow/example_dags/example_bash_operator.py
[2024-02-13T12:12:31.998+0000] {processor.py:830} INFO - Processing file /home/airflow/.local/lib/python3.8/site-packages/airflow/example_dags/example_bash_operator.py for tasks to queue
[2024-02-13T12:12:32.001+0000] {logging_mixin.py:188} INFO - [2024-02-13T12:12:31.999+0000] {dagbag.py:538} INFO - Filling up the DagBag from /home/airflow/.local/lib/python3.8/site-packages/airflow/example_dags/example_bash_operator.py
[2024-02-13T12:12:32.070+0000] {processor.py:840} INFO - DAG(s) 'example_bash_operator' retrieved from /home/airflow/.local/lib/python3.8/site-packages/airflow/example_dags/example_bash_operator.py
[2024-02-13T12:12:32.220+0000] {logging_mixin.py:188} INFO - [2024-02-13T12:12:32.219+0000] {dag.py:3036} INFO - Sync 1 DAGs
[2024-02-13T12:12:32.339+0000] {logging_mixin.py:188} INFO - [2024-02-13T12:12:32.338+0000] {dag.py:3823} INFO - Setting next_dagrun for example_bash_operator to 2024-02-12 00:00:00+00:00, run_after=2024-02-13 00:00:00+00:00
[2024-02-13T12:12:32.436+0000] {processor.py:183} INFO - Processing /home/airflow/.local/lib/python3.8/site-packages/airflow/example_dags/example_bash_operator.py took 0.456 seconds
[2024-02-13T12:13:03.389+0000] {processor.py:161} INFO - Started process (PID=299) to work on /home/airflow/.local/lib/python3.8/site-packages/airflow/example_dags/example_bash_operator.py
[2024-02-13T12:13:03.397+0000] {processor.py:830} INFO - Processing file /home/airflow/.local/lib/python3.8/site-packages/airflow/example_dags/example_bash_operator.py for tasks to queue
[2024-02-13T12:13:03.400+0000] {logging_mixin.py:188} INFO - [2024-02-13T12:13:03.399+0000] {dagbag.py:538} INFO - Filling up the DagBag from /home/airflow/.local/lib/python3.8/site-packages/airflow/example_dags/example_bash_operator.py
[2024-02-13T12:13:03.439+0000] {processor.py:840} INFO - DAG(s) 'example_bash_operator' retrieved from /home/airflow/.local/lib/python3.8/site-packages/airflow/example_dags/example_bash_operator.py
[2024-02-13T12:13:03.505+0000] {logging_mixin.py:188} INFO - [2024-02-13T12:13:03.504+0000] {dag.py:3036} INFO - Sync 1 DAGs
[2024-02-13T12:13:03.574+0000] {logging_mixin.py:188} INFO - [2024-02-13T12:13:03.573+0000] {dag.py:3823} INFO - Setting next_dagrun for example_bash_operator to 2024-02-12 00:00:00+00:00, run_after=2024-02-13 00:00:00+00:00
[2024-02-13T12:13:03.631+0000] {processor.py:183} INFO - Processing /home/airflow/.local/lib/python3.8/site-packages/airflow/example_dags/example_bash_operator.py took 0.254 seconds
[2024-02-13T12:13:37.049+0000] {processor.py:161} INFO - Started process (PID=354) to work on /home/airflow/.local/lib/python3.8/site-packages/airflow/example_dags/example_bash_operator.py
[2024-02-13T12:13:37.057+0000] {processor.py:830} INFO - Processing file /home/airflow/.local/lib/python3.8/site-packages/airflow/example_dags/example_bash_operator.py for tasks to queue
[2024-02-13T12:13:37.063+0000] {logging_mixin.py:188} INFO - [2024-02-13T12:13:37.061+0000] {dagbag.py:538} INFO - Filling up the DagBag from /home/airflow/.local/lib/python3.8/site-packages/airflow/example_dags/example_bash_operator.py
[2024-02-13T12:13:37.111+0000] {processor.py:840} INFO - DAG(s) 'example_bash_operator' retrieved from /home/airflow/.local/lib/python3.8/site-packages/airflow/example_dags/example_bash_operator.py
[2024-02-13T12:13:37.258+0000] {logging_mixin.py:188} INFO - [2024-02-13T12:13:37.257+0000] {dag.py:3036} INFO - Sync 1 DAGs
[2024-02-13T12:13:37.439+0000] {logging_mixin.py:188} INFO - [2024-02-13T12:13:37.438+0000] {dag.py:3823} INFO - Setting next_dagrun for example_bash_operator to 2024-02-12 00:00:00+00:00, run_after=2024-02-13 00:00:00+00:00
[2024-02-13T12:13:37.625+0000] {processor.py:183} INFO - Processing /home/airflow/.local/lib/python3.8/site-packages/airflow/example_dags/example_bash_operator.py took 0.584 seconds
[2024-02-13T12:14:09.703+0000] {processor.py:161} INFO - Started process (PID=410) to work on /home/airflow/.local/lib/python3.8/site-packages/airflow/example_dags/example_bash_operator.py
[2024-02-13T12:14:09.709+0000] {processor.py:830} INFO - Processing file /home/airflow/.local/lib/python3.8/site-packages/airflow/example_dags/example_bash_operator.py for tasks to queue
[2024-02-13T12:14:09.714+0000] {logging_mixin.py:188} INFO - [2024-02-13T12:14:09.713+0000] {dagbag.py:538} INFO - Filling up the DagBag from /home/airflow/.local/lib/python3.8/site-packages/airflow/example_dags/example_bash_operator.py
[2024-02-13T12:14:09.767+0000] {processor.py:840} INFO - DAG(s) 'example_bash_operator' retrieved from /home/airflow/.local/lib/python3.8/site-packages/airflow/example_dags/example_bash_operator.py
[2024-02-13T12:14:09.938+0000] {logging_mixin.py:188} INFO - [2024-02-13T12:14:09.937+0000] {dag.py:3036} INFO - Sync 1 DAGs
[2024-02-13T12:14:10.078+0000] {logging_mixin.py:188} INFO - [2024-02-13T12:14:10.078+0000] {dag.py:3823} INFO - Setting next_dagrun for example_bash_operator to 2024-02-12 00:00:00+00:00, run_after=2024-02-13 00:00:00+00:00
[2024-02-13T12:14:10.138+0000] {processor.py:183} INFO - Processing /home/airflow/.local/lib/python3.8/site-packages/airflow/example_dags/example_bash_operator.py took 0.442 seconds
[2024-02-13T12:14:41.265+0000] {processor.py:161} INFO - Started process (PID=466) to work on /home/airflow/.local/lib/python3.8/site-packages/airflow/example_dags/example_bash_operator.py
[2024-02-13T12:14:41.267+0000] {processor.py:830} INFO - Processing file /home/airflow/.local/lib/python3.8/site-packages/airflow/example_dags/example_bash_operator.py for tasks to queue
[2024-02-13T12:14:41.272+0000] {logging_mixin.py:188} INFO - [2024-02-13T12:14:41.270+0000] {dagbag.py:538} INFO - Filling up the DagBag from /home/airflow/.local/lib/python3.8/site-packages/airflow/example_dags/example_bash_operator.py
[2024-02-13T12:14:41.298+0000] {processor.py:840} INFO - DAG(s) 'example_bash_operator' retrieved from /home/airflow/.local/lib/python3.8/site-packages/airflow/example_dags/example_bash_operator.py
[2024-02-13T12:14:41.375+0000] {logging_mixin.py:188} INFO - [2024-02-13T12:14:41.375+0000] {dag.py:3036} INFO - Sync 1 DAGs
[2024-02-13T12:14:41.413+0000] {logging_mixin.py:188} INFO - [2024-02-13T12:14:41.413+0000] {dag.py:3823} INFO - Setting next_dagrun for example_bash_operator to 2024-02-12 00:00:00+00:00, run_after=2024-02-13 00:00:00+00:00
[2024-02-13T12:14:41.451+0000] {processor.py:183} INFO - Processing /home/airflow/.local/lib/python3.8/site-packages/airflow/example_dags/example_bash_operator.py took 0.189 seconds
[2024-02-13T12:15:11.591+0000] {processor.py:161} INFO - Started process (PID=522) to work on /home/airflow/.local/lib/python3.8/site-packages/airflow/example_dags/example_bash_operator.py
[2024-02-13T12:15:11.592+0000] {processor.py:830} INFO - Processing file /home/airflow/.local/lib/python3.8/site-packages/airflow/example_dags/example_bash_operator.py for tasks to queue
[2024-02-13T12:15:11.593+0000] {logging_mixin.py:188} INFO - [2024-02-13T12:15:11.593+0000] {dagbag.py:538} INFO - Filling up the DagBag from /home/airflow/.local/lib/python3.8/site-packages/airflow/example_dags/example_bash_operator.py
[2024-02-13T12:15:11.618+0000] {processor.py:840} INFO - DAG(s) 'example_bash_operator' retrieved from /home/airflow/.local/lib/python3.8/site-packages/airflow/example_dags/example_bash_operator.py
[2024-02-13T12:15:11.674+0000] {logging_mixin.py:188} INFO - [2024-02-13T12:15:11.674+0000] {dag.py:3036} INFO - Sync 1 DAGs
[2024-02-13T12:15:11.711+0000] {logging_mixin.py:188} INFO - [2024-02-13T12:15:11.710+0000] {dag.py:3823} INFO - Setting next_dagrun for example_bash_operator to 2024-02-12 00:00:00+00:00, run_after=2024-02-13 00:00:00+00:00
[2024-02-13T12:15:11.744+0000] {processor.py:183} INFO - Processing /home/airflow/.local/lib/python3.8/site-packages/airflow/example_dags/example_bash_operator.py took 0.158 seconds
[2024-02-13T12:15:42.078+0000] {processor.py:161} INFO - Started process (PID=577) to work on /home/airflow/.local/lib/python3.8/site-packages/airflow/example_dags/example_bash_operator.py
[2024-02-13T12:15:42.079+0000] {processor.py:830} INFO - Processing file /home/airflow/.local/lib/python3.8/site-packages/airflow/example_dags/example_bash_operator.py for tasks to queue
[2024-02-13T12:15:42.080+0000] {logging_mixin.py:188} INFO - [2024-02-13T12:15:42.080+0000] {dagbag.py:538} INFO - Filling up the DagBag from /home/airflow/.local/lib/python3.8/site-packages/airflow/example_dags/example_bash_operator.py
[2024-02-13T12:15:42.093+0000] {processor.py:840} INFO - DAG(s) 'example_bash_operator' retrieved from /home/airflow/.local/lib/python3.8/site-packages/airflow/example_dags/example_bash_operator.py
[2024-02-13T12:15:42.125+0000] {logging_mixin.py:188} INFO - [2024-02-13T12:15:42.124+0000] {dag.py:3036} INFO - Sync 1 DAGs
[2024-02-13T12:15:42.148+0000] {logging_mixin.py:188} INFO - [2024-02-13T12:15:42.148+0000] {dag.py:3823} INFO - Setting next_dagrun for example_bash_operator to 2024-02-12 00:00:00+00:00, run_after=2024-02-13 00:00:00+00:00
[2024-02-13T12:15:42.167+0000] {processor.py:183} INFO - Processing /home/airflow/.local/lib/python3.8/site-packages/airflow/example_dags/example_bash_operator.py took 0.092 seconds
[2024-02-13T12:16:13.132+0000] {processor.py:161} INFO - Started process (PID=632) to work on /home/airflow/.local/lib/python3.8/site-packages/airflow/example_dags/example_bash_operator.py
[2024-02-13T12:16:13.133+0000] {processor.py:830} INFO - Processing file /home/airflow/.local/lib/python3.8/site-packages/airflow/example_dags/example_bash_operator.py for tasks to queue
[2024-02-13T12:16:13.134+0000] {logging_mixin.py:188} INFO - [2024-02-13T12:16:13.133+0000] {dagbag.py:538} INFO - Filling up the DagBag from /home/airflow/.local/lib/python3.8/site-packages/airflow/example_dags/example_bash_operator.py
[2024-02-13T12:16:13.157+0000] {processor.py:840} INFO - DAG(s) 'example_bash_operator' retrieved from /home/airflow/.local/lib/python3.8/site-packages/airflow/example_dags/example_bash_operator.py
[2024-02-13T12:16:13.215+0000] {logging_mixin.py:188} INFO - [2024-02-13T12:16:13.214+0000] {dag.py:3036} INFO - Sync 1 DAGs
[2024-02-13T12:16:13.262+0000] {logging_mixin.py:188} INFO - [2024-02-13T12:16:13.262+0000] {dag.py:3823} INFO - Setting next_dagrun for example_bash_operator to 2024-02-12 00:00:00+00:00, run_after=2024-02-13 00:00:00+00:00
[2024-02-13T12:16:13.299+0000] {processor.py:183} INFO - Processing /home/airflow/.local/lib/python3.8/site-packages/airflow/example_dags/example_bash_operator.py took 0.171 seconds
[2024-02-13T12:16:43.415+0000] {processor.py:161} INFO - Started process (PID=689) to work on /home/airflow/.local/lib/python3.8/site-packages/airflow/example_dags/example_bash_operator.py
[2024-02-13T12:16:43.416+0000] {processor.py:830} INFO - Processing file /home/airflow/.local/lib/python3.8/site-packages/airflow/example_dags/example_bash_operator.py for tasks to queue
[2024-02-13T12:16:43.416+0000] {logging_mixin.py:188} INFO - [2024-02-13T12:16:43.416+0000] {dagbag.py:538} INFO - Filling up the DagBag from /home/airflow/.local/lib/python3.8/site-packages/airflow/example_dags/example_bash_operator.py
[2024-02-13T12:16:43.429+0000] {processor.py:840} INFO - DAG(s) 'example_bash_operator' retrieved from /home/airflow/.local/lib/python3.8/site-packages/airflow/example_dags/example_bash_operator.py
[2024-02-13T12:16:43.460+0000] {logging_mixin.py:188} INFO - [2024-02-13T12:16:43.459+0000] {dag.py:3036} INFO - Sync 1 DAGs
[2024-02-13T12:16:43.483+0000] {logging_mixin.py:188} INFO - [2024-02-13T12:16:43.483+0000] {dag.py:3823} INFO - Setting next_dagrun for example_bash_operator to 2024-02-12 00:00:00+00:00, run_after=2024-02-13 00:00:00+00:00
[2024-02-13T12:16:43.501+0000] {processor.py:183} INFO - Processing /home/airflow/.local/lib/python3.8/site-packages/airflow/example_dags/example_bash_operator.py took 0.090 seconds
[2024-02-13T12:17:14.115+0000] {processor.py:161} INFO - Started process (PID=745) to work on /home/airflow/.local/lib/python3.8/site-packages/airflow/example_dags/example_bash_operator.py
[2024-02-13T12:17:14.117+0000] {processor.py:830} INFO - Processing file /home/airflow/.local/lib/python3.8/site-packages/airflow/example_dags/example_bash_operator.py for tasks to queue
[2024-02-13T12:17:14.120+0000] {logging_mixin.py:188} INFO - [2024-02-13T12:17:14.118+0000] {dagbag.py:538} INFO - Filling up the DagBag from /home/airflow/.local/lib/python3.8/site-packages/airflow/example_dags/example_bash_operator.py
[2024-02-13T12:17:14.148+0000] {processor.py:840} INFO - DAG(s) 'example_bash_operator' retrieved from /home/airflow/.local/lib/python3.8/site-packages/airflow/example_dags/example_bash_operator.py
[2024-02-13T12:17:14.213+0000] {logging_mixin.py:188} INFO - [2024-02-13T12:17:14.213+0000] {dag.py:3036} INFO - Sync 1 DAGs
[2024-02-13T12:17:14.257+0000] {logging_mixin.py:188} INFO - [2024-02-13T12:17:14.256+0000] {dag.py:3823} INFO - Setting next_dagrun for example_bash_operator to 2024-02-12 00:00:00+00:00, run_after=2024-02-13 00:00:00+00:00
[2024-02-13T12:17:14.290+0000] {processor.py:183} INFO - Processing /home/airflow/.local/lib/python3.8/site-packages/airflow/example_dags/example_bash_operator.py took 0.179 seconds
[2024-02-13T12:17:45.680+0000] {processor.py:161} INFO - Started process (PID=809) to work on /home/airflow/.local/lib/python3.8/site-packages/airflow/example_dags/example_bash_operator.py
[2024-02-13T12:17:45.700+0000] {processor.py:830} INFO - Processing file /home/airflow/.local/lib/python3.8/site-packages/airflow/example_dags/example_bash_operator.py for tasks to queue
[2024-02-13T12:17:45.702+0000] {logging_mixin.py:188} INFO - [2024-02-13T12:17:45.701+0000] {dagbag.py:538} INFO - Filling up the DagBag from /home/airflow/.local/lib/python3.8/site-packages/airflow/example_dags/example_bash_operator.py
[2024-02-13T12:17:45.776+0000] {processor.py:840} INFO - DAG(s) 'example_bash_operator' retrieved from /home/airflow/.local/lib/python3.8/site-packages/airflow/example_dags/example_bash_operator.py
[2024-02-13T12:17:45.843+0000] {logging_mixin.py:188} INFO - [2024-02-13T12:17:45.842+0000] {dag.py:3036} INFO - Sync 1 DAGs
[2024-02-13T12:17:45.882+0000] {logging_mixin.py:188} INFO - [2024-02-13T12:17:45.882+0000] {dag.py:3823} INFO - Setting next_dagrun for example_bash_operator to 2024-02-12 00:00:00+00:00, run_after=2024-02-13 00:00:00+00:00
[2024-02-13T12:17:45.906+0000] {processor.py:183} INFO - Processing /home/airflow/.local/lib/python3.8/site-packages/airflow/example_dags/example_bash_operator.py took 0.228 seconds
[2024-02-13T12:18:16.953+0000] {processor.py:161} INFO - Started process (PID=865) to work on /home/airflow/.local/lib/python3.8/site-packages/airflow/example_dags/example_bash_operator.py
[2024-02-13T12:18:16.962+0000] {processor.py:830} INFO - Processing file /home/airflow/.local/lib/python3.8/site-packages/airflow/example_dags/example_bash_operator.py for tasks to queue
[2024-02-13T12:18:16.964+0000] {logging_mixin.py:188} INFO - [2024-02-13T12:18:16.963+0000] {dagbag.py:538} INFO - Filling up the DagBag from /home/airflow/.local/lib/python3.8/site-packages/airflow/example_dags/example_bash_operator.py
[2024-02-13T12:18:17.023+0000] {processor.py:840} INFO - DAG(s) 'example_bash_operator' retrieved from /home/airflow/.local/lib/python3.8/site-packages/airflow/example_dags/example_bash_operator.py
[2024-02-13T12:18:17.253+0000] {logging_mixin.py:188} INFO - [2024-02-13T12:18:17.252+0000] {dag.py:3036} INFO - Sync 1 DAGs
[2024-02-13T12:18:17.415+0000] {logging_mixin.py:188} INFO - [2024-02-13T12:18:17.415+0000] {dag.py:3823} INFO - Setting next_dagrun for example_bash_operator to 2024-02-12 00:00:00+00:00, run_after=2024-02-13 00:00:00+00:00
[2024-02-13T12:18:17.525+0000] {processor.py:183} INFO - Processing /home/airflow/.local/lib/python3.8/site-packages/airflow/example_dags/example_bash_operator.py took 0.580 seconds
[2024-02-13T12:18:47.863+0000] {processor.py:161} INFO - Started process (PID=922) to work on /home/airflow/.local/lib/python3.8/site-packages/airflow/example_dags/example_bash_operator.py
[2024-02-13T12:18:47.872+0000] {processor.py:830} INFO - Processing file /home/airflow/.local/lib/python3.8/site-packages/airflow/example_dags/example_bash_operator.py for tasks to queue
[2024-02-13T12:18:47.875+0000] {logging_mixin.py:188} INFO - [2024-02-13T12:18:47.874+0000] {dagbag.py:538} INFO - Filling up the DagBag from /home/airflow/.local/lib/python3.8/site-packages/airflow/example_dags/example_bash_operator.py
[2024-02-13T12:18:47.914+0000] {processor.py:840} INFO - DAG(s) 'example_bash_operator' retrieved from /home/airflow/.local/lib/python3.8/site-packages/airflow/example_dags/example_bash_operator.py
[2024-02-13T12:18:48.016+0000] {logging_mixin.py:188} INFO - [2024-02-13T12:18:48.016+0000] {dag.py:3036} INFO - Sync 1 DAGs
[2024-02-13T12:18:48.093+0000] {logging_mixin.py:188} INFO - [2024-02-13T12:18:48.092+0000] {dag.py:3823} INFO - Setting next_dagrun for example_bash_operator to 2024-02-12 00:00:00+00:00, run_after=2024-02-13 00:00:00+00:00
[2024-02-13T12:18:48.155+0000] {processor.py:183} INFO - Processing /home/airflow/.local/lib/python3.8/site-packages/airflow/example_dags/example_bash_operator.py took 0.298 seconds
[2024-02-13T12:19:18.729+0000] {processor.py:161} INFO - Started process (PID=978) to work on /home/airflow/.local/lib/python3.8/site-packages/airflow/example_dags/example_bash_operator.py
[2024-02-13T12:19:18.731+0000] {processor.py:830} INFO - Processing file /home/airflow/.local/lib/python3.8/site-packages/airflow/example_dags/example_bash_operator.py for tasks to queue
[2024-02-13T12:19:18.734+0000] {logging_mixin.py:188} INFO - [2024-02-13T12:19:18.733+0000] {dagbag.py:538} INFO - Filling up the DagBag from /home/airflow/.local/lib/python3.8/site-packages/airflow/example_dags/example_bash_operator.py
[2024-02-13T12:19:18.776+0000] {processor.py:840} INFO - DAG(s) 'example_bash_operator' retrieved from /home/airflow/.local/lib/python3.8/site-packages/airflow/example_dags/example_bash_operator.py
[2024-02-13T12:19:18.878+0000] {logging_mixin.py:188} INFO - [2024-02-13T12:19:18.876+0000] {dag.py:3036} INFO - Sync 1 DAGs
[2024-02-13T12:19:18.971+0000] {logging_mixin.py:188} INFO - [2024-02-13T12:19:18.969+0000] {dag.py:3823} INFO - Setting next_dagrun for example_bash_operator to 2024-02-12 00:00:00+00:00, run_after=2024-02-13 00:00:00+00:00
[2024-02-13T12:19:19.049+0000] {processor.py:183} INFO - Processing /home/airflow/.local/lib/python3.8/site-packages/airflow/example_dags/example_bash_operator.py took 0.330 seconds
[2024-02-13T12:19:49.997+0000] {processor.py:161} INFO - Started process (PID=1034) to work on /home/airflow/.local/lib/python3.8/site-packages/airflow/example_dags/example_bash_operator.py
[2024-02-13T12:19:49.998+0000] {processor.py:830} INFO - Processing file /home/airflow/.local/lib/python3.8/site-packages/airflow/example_dags/example_bash_operator.py for tasks to queue
[2024-02-13T12:19:50.000+0000] {logging_mixin.py:188} INFO - [2024-02-13T12:19:49.999+0000] {dagbag.py:538} INFO - Filling up the DagBag from /home/airflow/.local/lib/python3.8/site-packages/airflow/example_dags/example_bash_operator.py
[2024-02-13T12:19:50.102+0000] {processor.py:840} INFO - DAG(s) 'example_bash_operator' retrieved from /home/airflow/.local/lib/python3.8/site-packages/airflow/example_dags/example_bash_operator.py
[2024-02-13T12:19:50.196+0000] {logging_mixin.py:188} INFO - [2024-02-13T12:19:50.195+0000] {dag.py:3036} INFO - Sync 1 DAGs
[2024-02-13T12:19:50.270+0000] {logging_mixin.py:188} INFO - [2024-02-13T12:19:50.269+0000] {dag.py:3823} INFO - Setting next_dagrun for example_bash_operator to 2024-02-12 00:00:00+00:00, run_after=2024-02-13 00:00:00+00:00
[2024-02-13T12:19:50.373+0000] {processor.py:183} INFO - Processing /home/airflow/.local/lib/python3.8/site-packages/airflow/example_dags/example_bash_operator.py took 0.407 seconds
[2024-02-13T12:20:21.325+0000] {processor.py:161} INFO - Started process (PID=1091) to work on /home/airflow/.local/lib/python3.8/site-packages/airflow/example_dags/example_bash_operator.py
[2024-02-13T12:20:21.326+0000] {processor.py:830} INFO - Processing file /home/airflow/.local/lib/python3.8/site-packages/airflow/example_dags/example_bash_operator.py for tasks to queue
[2024-02-13T12:20:21.328+0000] {logging_mixin.py:188} INFO - [2024-02-13T12:20:21.327+0000] {dagbag.py:538} INFO - Filling up the DagBag from /home/airflow/.local/lib/python3.8/site-packages/airflow/example_dags/example_bash_operator.py
[2024-02-13T12:20:21.342+0000] {processor.py:840} INFO - DAG(s) 'example_bash_operator' retrieved from /home/airflow/.local/lib/python3.8/site-packages/airflow/example_dags/example_bash_operator.py
[2024-02-13T12:20:21.373+0000] {logging_mixin.py:188} INFO - [2024-02-13T12:20:21.373+0000] {dag.py:3036} INFO - Sync 1 DAGs
[2024-02-13T12:20:21.419+0000] {logging_mixin.py:188} INFO - [2024-02-13T12:20:21.418+0000] {dag.py:3823} INFO - Setting next_dagrun for example_bash_operator to 2024-02-12 00:00:00+00:00, run_after=2024-02-13 00:00:00+00:00
[2024-02-13T12:20:21.445+0000] {processor.py:183} INFO - Processing /home/airflow/.local/lib/python3.8/site-packages/airflow/example_dags/example_bash_operator.py took 0.126 seconds
[2024-02-13T12:20:51.895+0000] {processor.py:161} INFO - Started process (PID=1147) to work on /home/airflow/.local/lib/python3.8/site-packages/airflow/example_dags/example_bash_operator.py
[2024-02-13T12:20:51.897+0000] {processor.py:830} INFO - Processing file /home/airflow/.local/lib/python3.8/site-packages/airflow/example_dags/example_bash_operator.py for tasks to queue
[2024-02-13T12:20:51.898+0000] {logging_mixin.py:188} INFO - [2024-02-13T12:20:51.898+0000] {dagbag.py:538} INFO - Filling up the DagBag from /home/airflow/.local/lib/python3.8/site-packages/airflow/example_dags/example_bash_operator.py
[2024-02-13T12:20:51.912+0000] {processor.py:840} INFO - DAG(s) 'example_bash_operator' retrieved from /home/airflow/.local/lib/python3.8/site-packages/airflow/example_dags/example_bash_operator.py
[2024-02-13T12:20:51.948+0000] {logging_mixin.py:188} INFO - [2024-02-13T12:20:51.948+0000] {dag.py:3036} INFO - Sync 1 DAGs
[2024-02-13T12:20:51.972+0000] {logging_mixin.py:188} INFO - [2024-02-13T12:20:51.972+0000] {dag.py:3823} INFO - Setting next_dagrun for example_bash_operator to 2024-02-12 00:00:00+00:00, run_after=2024-02-13 00:00:00+00:00
[2024-02-13T12:20:51.990+0000] {processor.py:183} INFO - Processing /home/airflow/.local/lib/python3.8/site-packages/airflow/example_dags/example_bash_operator.py took 0.098 seconds
[2024-02-13T12:21:22.208+0000] {processor.py:161} INFO - Started process (PID=1203) to work on /home/airflow/.local/lib/python3.8/site-packages/airflow/example_dags/example_bash_operator.py
[2024-02-13T12:21:22.209+0000] {processor.py:830} INFO - Processing file /home/airflow/.local/lib/python3.8/site-packages/airflow/example_dags/example_bash_operator.py for tasks to queue
[2024-02-13T12:21:22.211+0000] {logging_mixin.py:188} INFO - [2024-02-13T12:21:22.210+0000] {dagbag.py:538} INFO - Filling up the DagBag from /home/airflow/.local/lib/python3.8/site-packages/airflow/example_dags/example_bash_operator.py
[2024-02-13T12:21:22.229+0000] {processor.py:840} INFO - DAG(s) 'example_bash_operator' retrieved from /home/airflow/.local/lib/python3.8/site-packages/airflow/example_dags/example_bash_operator.py
[2024-02-13T12:21:22.260+0000] {logging_mixin.py:188} INFO - [2024-02-13T12:21:22.260+0000] {dag.py:3036} INFO - Sync 1 DAGs
[2024-02-13T12:21:22.282+0000] {logging_mixin.py:188} INFO - [2024-02-13T12:21:22.282+0000] {dag.py:3823} INFO - Setting next_dagrun for example_bash_operator to 2024-02-12 00:00:00+00:00, run_after=2024-02-13 00:00:00+00:00
[2024-02-13T12:21:22.302+0000] {processor.py:183} INFO - Processing /home/airflow/.local/lib/python3.8/site-packages/airflow/example_dags/example_bash_operator.py took 0.102 seconds
[2024-02-13T12:21:52.422+0000] {processor.py:161} INFO - Started process (PID=1260) to work on /home/airflow/.local/lib/python3.8/site-packages/airflow/example_dags/example_bash_operator.py
[2024-02-13T12:21:52.424+0000] {processor.py:830} INFO - Processing file /home/airflow/.local/lib/python3.8/site-packages/airflow/example_dags/example_bash_operator.py for tasks to queue
[2024-02-13T12:21:52.425+0000] {logging_mixin.py:188} INFO - [2024-02-13T12:21:52.425+0000] {dagbag.py:538} INFO - Filling up the DagBag from /home/airflow/.local/lib/python3.8/site-packages/airflow/example_dags/example_bash_operator.py
[2024-02-13T12:21:52.442+0000] {processor.py:840} INFO - DAG(s) 'example_bash_operator' retrieved from /home/airflow/.local/lib/python3.8/site-packages/airflow/example_dags/example_bash_operator.py
[2024-02-13T12:21:52.477+0000] {logging_mixin.py:188} INFO - [2024-02-13T12:21:52.477+0000] {dag.py:3036} INFO - Sync 1 DAGs
[2024-02-13T12:21:52.500+0000] {logging_mixin.py:188} INFO - [2024-02-13T12:21:52.500+0000] {dag.py:3823} INFO - Setting next_dagrun for example_bash_operator to 2024-02-12 00:00:00+00:00, run_after=2024-02-13 00:00:00+00:00
[2024-02-13T12:21:52.518+0000] {processor.py:183} INFO - Processing /home/airflow/.local/lib/python3.8/site-packages/airflow/example_dags/example_bash_operator.py took 0.100 seconds
[2024-02-13T12:22:22.689+0000] {processor.py:161} INFO - Started process (PID=1317) to work on /home/airflow/.local/lib/python3.8/site-packages/airflow/example_dags/example_bash_operator.py
[2024-02-13T12:22:22.691+0000] {processor.py:830} INFO - Processing file /home/airflow/.local/lib/python3.8/site-packages/airflow/example_dags/example_bash_operator.py for tasks to queue
[2024-02-13T12:22:22.692+0000] {logging_mixin.py:188} INFO - [2024-02-13T12:22:22.692+0000] {dagbag.py:538} INFO - Filling up the DagBag from /home/airflow/.local/lib/python3.8/site-packages/airflow/example_dags/example_bash_operator.py
[2024-02-13T12:22:22.707+0000] {processor.py:840} INFO - DAG(s) 'example_bash_operator' retrieved from /home/airflow/.local/lib/python3.8/site-packages/airflow/example_dags/example_bash_operator.py
[2024-02-13T12:22:22.740+0000] {logging_mixin.py:188} INFO - [2024-02-13T12:22:22.740+0000] {dag.py:3036} INFO - Sync 1 DAGs
[2024-02-13T12:22:22.763+0000] {logging_mixin.py:188} INFO - [2024-02-13T12:22:22.763+0000] {dag.py:3823} INFO - Setting next_dagrun for example_bash_operator to 2024-02-12 00:00:00+00:00, run_after=2024-02-13 00:00:00+00:00
[2024-02-13T12:22:22.781+0000] {processor.py:183} INFO - Processing /home/airflow/.local/lib/python3.8/site-packages/airflow/example_dags/example_bash_operator.py took 0.095 seconds
[2024-02-13T12:22:53.352+0000] {processor.py:161} INFO - Started process (PID=1372) to work on /home/airflow/.local/lib/python3.8/site-packages/airflow/example_dags/example_bash_operator.py
[2024-02-13T12:22:53.354+0000] {processor.py:830} INFO - Processing file /home/airflow/.local/lib/python3.8/site-packages/airflow/example_dags/example_bash_operator.py for tasks to queue
[2024-02-13T12:22:53.355+0000] {logging_mixin.py:188} INFO - [2024-02-13T12:22:53.355+0000] {dagbag.py:538} INFO - Filling up the DagBag from /home/airflow/.local/lib/python3.8/site-packages/airflow/example_dags/example_bash_operator.py
[2024-02-13T12:22:53.366+0000] {processor.py:840} INFO - DAG(s) 'example_bash_operator' retrieved from /home/airflow/.local/lib/python3.8/site-packages/airflow/example_dags/example_bash_operator.py
[2024-02-13T12:22:53.409+0000] {logging_mixin.py:188} INFO - [2024-02-13T12:22:53.409+0000] {dag.py:3036} INFO - Sync 1 DAGs
[2024-02-13T12:22:53.445+0000] {logging_mixin.py:188} INFO - [2024-02-13T12:22:53.444+0000] {dag.py:3823} INFO - Setting next_dagrun for example_bash_operator to 2024-02-12 00:00:00+00:00, run_after=2024-02-13 00:00:00+00:00
[2024-02-13T12:22:53.470+0000] {processor.py:183} INFO - Processing /home/airflow/.local/lib/python3.8/site-packages/airflow/example_dags/example_bash_operator.py took 0.120 seconds
[2024-02-13T12:23:24.290+0000] {processor.py:161} INFO - Started process (PID=1428) to work on /home/airflow/.local/lib/python3.8/site-packages/airflow/example_dags/example_bash_operator.py
[2024-02-13T12:23:24.293+0000] {processor.py:830} INFO - Processing file /home/airflow/.local/lib/python3.8/site-packages/airflow/example_dags/example_bash_operator.py for tasks to queue
[2024-02-13T12:23:24.294+0000] {logging_mixin.py:188} INFO - [2024-02-13T12:23:24.294+0000] {dagbag.py:538} INFO - Filling up the DagBag from /home/airflow/.local/lib/python3.8/site-packages/airflow/example_dags/example_bash_operator.py
[2024-02-13T12:23:24.316+0000] {processor.py:840} INFO - DAG(s) 'example_bash_operator' retrieved from /home/airflow/.local/lib/python3.8/site-packages/airflow/example_dags/example_bash_operator.py
[2024-02-13T12:23:24.385+0000] {logging_mixin.py:188} INFO - [2024-02-13T12:23:24.384+0000] {dag.py:3036} INFO - Sync 1 DAGs
[2024-02-13T12:23:24.424+0000] {logging_mixin.py:188} INFO - [2024-02-13T12:23:24.423+0000] {dag.py:3823} INFO - Setting next_dagrun for example_bash_operator to 2024-02-12 00:00:00+00:00, run_after=2024-02-13 00:00:00+00:00
[2024-02-13T12:23:24.448+0000] {processor.py:183} INFO - Processing /home/airflow/.local/lib/python3.8/site-packages/airflow/example_dags/example_bash_operator.py took 0.164 seconds
[2024-02-13T12:23:54.491+0000] {processor.py:161} INFO - Started process (PID=1484) to work on /home/airflow/.local/lib/python3.8/site-packages/airflow/example_dags/example_bash_operator.py
[2024-02-13T12:23:54.493+0000] {processor.py:830} INFO - Processing file /home/airflow/.local/lib/python3.8/site-packages/airflow/example_dags/example_bash_operator.py for tasks to queue
[2024-02-13T12:23:54.494+0000] {logging_mixin.py:188} INFO - [2024-02-13T12:23:54.494+0000] {dagbag.py:538} INFO - Filling up the DagBag from /home/airflow/.local/lib/python3.8/site-packages/airflow/example_dags/example_bash_operator.py
[2024-02-13T12:23:54.508+0000] {processor.py:840} INFO - DAG(s) 'example_bash_operator' retrieved from /home/airflow/.local/lib/python3.8/site-packages/airflow/example_dags/example_bash_operator.py
[2024-02-13T12:23:54.539+0000] {logging_mixin.py:188} INFO - [2024-02-13T12:23:54.539+0000] {dag.py:3036} INFO - Sync 1 DAGs
[2024-02-13T12:23:54.571+0000] {logging_mixin.py:188} INFO - [2024-02-13T12:23:54.571+0000] {dag.py:3823} INFO - Setting next_dagrun for example_bash_operator to 2024-02-12 00:00:00+00:00, run_after=2024-02-13 00:00:00+00:00
[2024-02-13T12:23:54.597+0000] {processor.py:183} INFO - Processing /home/airflow/.local/lib/python3.8/site-packages/airflow/example_dags/example_bash_operator.py took 0.109 seconds
[2024-02-13T12:24:24.680+0000] {processor.py:161} INFO - Started process (PID=1540) to work on /home/airflow/.local/lib/python3.8/site-packages/airflow/example_dags/example_bash_operator.py
[2024-02-13T12:24:24.686+0000] {processor.py:830} INFO - Processing file /home/airflow/.local/lib/python3.8/site-packages/airflow/example_dags/example_bash_operator.py for tasks to queue
[2024-02-13T12:24:24.692+0000] {logging_mixin.py:188} INFO - [2024-02-13T12:24:24.690+0000] {dagbag.py:538} INFO - Filling up the DagBag from /home/airflow/.local/lib/python3.8/site-packages/airflow/example_dags/example_bash_operator.py
[2024-02-13T12:24:24.731+0000] {processor.py:840} INFO - DAG(s) 'example_bash_operator' retrieved from /home/airflow/.local/lib/python3.8/site-packages/airflow/example_dags/example_bash_operator.py
[2024-02-13T12:24:24.810+0000] {logging_mixin.py:188} INFO - [2024-02-13T12:24:24.809+0000] {dag.py:3036} INFO - Sync 1 DAGs
[2024-02-13T12:24:24.887+0000] {logging_mixin.py:188} INFO - [2024-02-13T12:24:24.886+0000] {dag.py:3823} INFO - Setting next_dagrun for example_bash_operator to 2024-02-12 00:00:00+00:00, run_after=2024-02-13 00:00:00+00:00
[2024-02-13T12:24:24.964+0000] {processor.py:183} INFO - Processing /home/airflow/.local/lib/python3.8/site-packages/airflow/example_dags/example_bash_operator.py took 0.302 seconds
[2024-02-13T12:24:55.044+0000] {processor.py:161} INFO - Started process (PID=1596) to work on /home/airflow/.local/lib/python3.8/site-packages/airflow/example_dags/example_bash_operator.py
[2024-02-13T12:24:55.046+0000] {processor.py:830} INFO - Processing file /home/airflow/.local/lib/python3.8/site-packages/airflow/example_dags/example_bash_operator.py for tasks to queue
[2024-02-13T12:24:55.048+0000] {logging_mixin.py:188} INFO - [2024-02-13T12:24:55.047+0000] {dagbag.py:538} INFO - Filling up the DagBag from /home/airflow/.local/lib/python3.8/site-packages/airflow/example_dags/example_bash_operator.py
[2024-02-13T12:24:55.066+0000] {processor.py:840} INFO - DAG(s) 'example_bash_operator' retrieved from /home/airflow/.local/lib/python3.8/site-packages/airflow/example_dags/example_bash_operator.py
[2024-02-13T12:24:55.097+0000] {logging_mixin.py:188} INFO - [2024-02-13T12:24:55.097+0000] {dag.py:3036} INFO - Sync 1 DAGs
[2024-02-13T12:24:55.128+0000] {logging_mixin.py:188} INFO - [2024-02-13T12:24:55.128+0000] {dag.py:3823} INFO - Setting next_dagrun for example_bash_operator to 2024-02-12 00:00:00+00:00, run_after=2024-02-13 00:00:00+00:00
[2024-02-13T12:24:55.149+0000] {processor.py:183} INFO - Processing /home/airflow/.local/lib/python3.8/site-packages/airflow/example_dags/example_bash_operator.py took 0.114 seconds
[2024-02-13T12:25:25.303+0000] {processor.py:161} INFO - Started process (PID=1652) to work on /home/airflow/.local/lib/python3.8/site-packages/airflow/example_dags/example_bash_operator.py
[2024-02-13T12:25:25.306+0000] {processor.py:830} INFO - Processing file /home/airflow/.local/lib/python3.8/site-packages/airflow/example_dags/example_bash_operator.py for tasks to queue
[2024-02-13T12:25:25.309+0000] {logging_mixin.py:188} INFO - [2024-02-13T12:25:25.308+0000] {dagbag.py:538} INFO - Filling up the DagBag from /home/airflow/.local/lib/python3.8/site-packages/airflow/example_dags/example_bash_operator.py
[2024-02-13T12:25:25.336+0000] {processor.py:840} INFO - DAG(s) 'example_bash_operator' retrieved from /home/airflow/.local/lib/python3.8/site-packages/airflow/example_dags/example_bash_operator.py
[2024-02-13T12:25:25.389+0000] {logging_mixin.py:188} INFO - [2024-02-13T12:25:25.389+0000] {dag.py:3036} INFO - Sync 1 DAGs
[2024-02-13T12:25:25.454+0000] {logging_mixin.py:188} INFO - [2024-02-13T12:25:25.453+0000] {dag.py:3823} INFO - Setting next_dagrun for example_bash_operator to 2024-02-12 00:00:00+00:00, run_after=2024-02-13 00:00:00+00:00
[2024-02-13T12:25:25.503+0000] {processor.py:183} INFO - Processing /home/airflow/.local/lib/python3.8/site-packages/airflow/example_dags/example_bash_operator.py took 0.203 seconds
[2024-02-13T12:25:55.756+0000] {processor.py:161} INFO - Started process (PID=1708) to work on /home/airflow/.local/lib/python3.8/site-packages/airflow/example_dags/example_bash_operator.py
[2024-02-13T12:25:55.757+0000] {processor.py:830} INFO - Processing file /home/airflow/.local/lib/python3.8/site-packages/airflow/example_dags/example_bash_operator.py for tasks to queue
[2024-02-13T12:25:55.758+0000] {logging_mixin.py:188} INFO - [2024-02-13T12:25:55.757+0000] {dagbag.py:538} INFO - Filling up the DagBag from /home/airflow/.local/lib/python3.8/site-packages/airflow/example_dags/example_bash_operator.py
[2024-02-13T12:25:55.769+0000] {processor.py:840} INFO - DAG(s) 'example_bash_operator' retrieved from /home/airflow/.local/lib/python3.8/site-packages/airflow/example_dags/example_bash_operator.py
[2024-02-13T12:25:55.800+0000] {logging_mixin.py:188} INFO - [2024-02-13T12:25:55.799+0000] {dag.py:3036} INFO - Sync 1 DAGs
[2024-02-13T12:25:55.826+0000] {logging_mixin.py:188} INFO - [2024-02-13T12:25:55.826+0000] {dag.py:3823} INFO - Setting next_dagrun for example_bash_operator to 2024-02-12 00:00:00+00:00, run_after=2024-02-13 00:00:00+00:00
[2024-02-13T12:25:55.849+0000] {processor.py:183} INFO - Processing /home/airflow/.local/lib/python3.8/site-packages/airflow/example_dags/example_bash_operator.py took 0.096 seconds
[2024-02-13T12:26:26.124+0000] {processor.py:161} INFO - Started process (PID=1764) to work on /home/airflow/.local/lib/python3.8/site-packages/airflow/example_dags/example_bash_operator.py
[2024-02-13T12:26:26.126+0000] {processor.py:830} INFO - Processing file /home/airflow/.local/lib/python3.8/site-packages/airflow/example_dags/example_bash_operator.py for tasks to queue
[2024-02-13T12:26:26.128+0000] {logging_mixin.py:188} INFO - [2024-02-13T12:26:26.127+0000] {dagbag.py:538} INFO - Filling up the DagBag from /home/airflow/.local/lib/python3.8/site-packages/airflow/example_dags/example_bash_operator.py
[2024-02-13T12:26:26.146+0000] {processor.py:840} INFO - DAG(s) 'example_bash_operator' retrieved from /home/airflow/.local/lib/python3.8/site-packages/airflow/example_dags/example_bash_operator.py
[2024-02-13T12:26:26.178+0000] {logging_mixin.py:188} INFO - [2024-02-13T12:26:26.178+0000] {dag.py:3036} INFO - Sync 1 DAGs
[2024-02-13T12:26:26.202+0000] {logging_mixin.py:188} INFO - [2024-02-13T12:26:26.202+0000] {dag.py:3823} INFO - Setting next_dagrun for example_bash_operator to 2024-02-12 00:00:00+00:00, run_after=2024-02-13 00:00:00+00:00
[2024-02-13T12:26:26.220+0000] {processor.py:183} INFO - Processing /home/airflow/.local/lib/python3.8/site-packages/airflow/example_dags/example_bash_operator.py took 0.103 seconds
[2024-02-13T12:26:56.480+0000] {processor.py:161} INFO - Started process (PID=1820) to work on /home/airflow/.local/lib/python3.8/site-packages/airflow/example_dags/example_bash_operator.py
[2024-02-13T12:26:56.483+0000] {processor.py:830} INFO - Processing file /home/airflow/.local/lib/python3.8/site-packages/airflow/example_dags/example_bash_operator.py for tasks to queue
[2024-02-13T12:26:56.484+0000] {logging_mixin.py:188} INFO - [2024-02-13T12:26:56.484+0000] {dagbag.py:538} INFO - Filling up the DagBag from /home/airflow/.local/lib/python3.8/site-packages/airflow/example_dags/example_bash_operator.py
[2024-02-13T12:26:56.509+0000] {processor.py:840} INFO - DAG(s) 'example_bash_operator' retrieved from /home/airflow/.local/lib/python3.8/site-packages/airflow/example_dags/example_bash_operator.py
[2024-02-13T12:26:56.571+0000] {logging_mixin.py:188} INFO - [2024-02-13T12:26:56.570+0000] {dag.py:3036} INFO - Sync 1 DAGs
[2024-02-13T12:26:56.626+0000] {logging_mixin.py:188} INFO - [2024-02-13T12:26:56.625+0000] {dag.py:3823} INFO - Setting next_dagrun for example_bash_operator to 2024-02-12 00:00:00+00:00, run_after=2024-02-13 00:00:00+00:00
[2024-02-13T12:26:56.693+0000] {processor.py:183} INFO - Processing /home/airflow/.local/lib/python3.8/site-packages/airflow/example_dags/example_bash_operator.py took 0.222 seconds
[2024-02-13T12:27:27.628+0000] {processor.py:161} INFO - Started process (PID=1876) to work on /home/airflow/.local/lib/python3.8/site-packages/airflow/example_dags/example_bash_operator.py
[2024-02-13T12:27:27.630+0000] {processor.py:830} INFO - Processing file /home/airflow/.local/lib/python3.8/site-packages/airflow/example_dags/example_bash_operator.py for tasks to queue
[2024-02-13T12:27:27.631+0000] {logging_mixin.py:188} INFO - [2024-02-13T12:27:27.631+0000] {dagbag.py:538} INFO - Filling up the DagBag from /home/airflow/.local/lib/python3.8/site-packages/airflow/example_dags/example_bash_operator.py
[2024-02-13T12:27:27.644+0000] {processor.py:840} INFO - DAG(s) 'example_bash_operator' retrieved from /home/airflow/.local/lib/python3.8/site-packages/airflow/example_dags/example_bash_operator.py
[2024-02-13T12:27:27.683+0000] {logging_mixin.py:188} INFO - [2024-02-13T12:27:27.682+0000] {dag.py:3036} INFO - Sync 1 DAGs
[2024-02-13T12:27:27.706+0000] {logging_mixin.py:188} INFO - [2024-02-13T12:27:27.706+0000] {dag.py:3823} INFO - Setting next_dagrun for example_bash_operator to 2024-02-12 00:00:00+00:00, run_after=2024-02-13 00:00:00+00:00
[2024-02-13T12:27:27.724+0000] {processor.py:183} INFO - Processing /home/airflow/.local/lib/python3.8/site-packages/airflow/example_dags/example_bash_operator.py took 0.098 seconds
[2024-02-13T12:27:58.700+0000] {processor.py:161} INFO - Started process (PID=1932) to work on /home/airflow/.local/lib/python3.8/site-packages/airflow/example_dags/example_bash_operator.py
[2024-02-13T12:27:58.704+0000] {processor.py:830} INFO - Processing file /home/airflow/.local/lib/python3.8/site-packages/airflow/example_dags/example_bash_operator.py for tasks to queue
[2024-02-13T12:27:58.706+0000] {logging_mixin.py:188} INFO - [2024-02-13T12:27:58.705+0000] {dagbag.py:538} INFO - Filling up the DagBag from /home/airflow/.local/lib/python3.8/site-packages/airflow/example_dags/example_bash_operator.py
[2024-02-13T12:27:58.725+0000] {processor.py:840} INFO - DAG(s) 'example_bash_operator' retrieved from /home/airflow/.local/lib/python3.8/site-packages/airflow/example_dags/example_bash_operator.py
[2024-02-13T12:27:58.758+0000] {logging_mixin.py:188} INFO - [2024-02-13T12:27:58.758+0000] {dag.py:3036} INFO - Sync 1 DAGs
[2024-02-13T12:27:58.781+0000] {logging_mixin.py:188} INFO - [2024-02-13T12:27:58.781+0000] {dag.py:3823} INFO - Setting next_dagrun for example_bash_operator to 2024-02-12 00:00:00+00:00, run_after=2024-02-13 00:00:00+00:00
[2024-02-13T12:27:58.799+0000] {processor.py:183} INFO - Processing /home/airflow/.local/lib/python3.8/site-packages/airflow/example_dags/example_bash_operator.py took 0.106 seconds
[2024-02-13T12:28:28.885+0000] {processor.py:161} INFO - Started process (PID=1988) to work on /home/airflow/.local/lib/python3.8/site-packages/airflow/example_dags/example_bash_operator.py
[2024-02-13T12:28:28.888+0000] {processor.py:830} INFO - Processing file /home/airflow/.local/lib/python3.8/site-packages/airflow/example_dags/example_bash_operator.py for tasks to queue
[2024-02-13T12:28:28.889+0000] {logging_mixin.py:188} INFO - [2024-02-13T12:28:28.889+0000] {dagbag.py:538} INFO - Filling up the DagBag from /home/airflow/.local/lib/python3.8/site-packages/airflow/example_dags/example_bash_operator.py
[2024-02-13T12:28:28.904+0000] {processor.py:840} INFO - DAG(s) 'example_bash_operator' retrieved from /home/airflow/.local/lib/python3.8/site-packages/airflow/example_dags/example_bash_operator.py
[2024-02-13T12:28:28.933+0000] {logging_mixin.py:188} INFO - [2024-02-13T12:28:28.932+0000] {dag.py:3036} INFO - Sync 1 DAGs
[2024-02-13T12:28:28.956+0000] {logging_mixin.py:188} INFO - [2024-02-13T12:28:28.956+0000] {dag.py:3823} INFO - Setting next_dagrun for example_bash_operator to 2024-02-12 00:00:00+00:00, run_after=2024-02-13 00:00:00+00:00
[2024-02-13T12:28:28.974+0000] {processor.py:183} INFO - Processing /home/airflow/.local/lib/python3.8/site-packages/airflow/example_dags/example_bash_operator.py took 0.096 seconds
[2024-02-13T12:28:59.112+0000] {processor.py:161} INFO - Started process (PID=2044) to work on /home/airflow/.local/lib/python3.8/site-packages/airflow/example_dags/example_bash_operator.py
[2024-02-13T12:28:59.115+0000] {processor.py:830} INFO - Processing file /home/airflow/.local/lib/python3.8/site-packages/airflow/example_dags/example_bash_operator.py for tasks to queue
[2024-02-13T12:28:59.117+0000] {logging_mixin.py:188} INFO - [2024-02-13T12:28:59.117+0000] {dagbag.py:538} INFO - Filling up the DagBag from /home/airflow/.local/lib/python3.8/site-packages/airflow/example_dags/example_bash_operator.py
[2024-02-13T12:28:59.137+0000] {processor.py:840} INFO - DAG(s) 'example_bash_operator' retrieved from /home/airflow/.local/lib/python3.8/site-packages/airflow/example_dags/example_bash_operator.py
[2024-02-13T12:28:59.181+0000] {logging_mixin.py:188} INFO - [2024-02-13T12:28:59.181+0000] {dag.py:3036} INFO - Sync 1 DAGs
[2024-02-13T12:28:59.214+0000] {logging_mixin.py:188} INFO - [2024-02-13T12:28:59.214+0000] {dag.py:3823} INFO - Setting next_dagrun for example_bash_operator to 2024-02-12 00:00:00+00:00, run_after=2024-02-13 00:00:00+00:00
[2024-02-13T12:28:59.234+0000] {processor.py:183} INFO - Processing /home/airflow/.local/lib/python3.8/site-packages/airflow/example_dags/example_bash_operator.py took 0.130 seconds
[2024-02-13T12:29:29.710+0000] {processor.py:161} INFO - Started process (PID=2100) to work on /home/airflow/.local/lib/python3.8/site-packages/airflow/example_dags/example_bash_operator.py
[2024-02-13T12:29:29.712+0000] {processor.py:830} INFO - Processing file /home/airflow/.local/lib/python3.8/site-packages/airflow/example_dags/example_bash_operator.py for tasks to queue
[2024-02-13T12:29:29.713+0000] {logging_mixin.py:188} INFO - [2024-02-13T12:29:29.713+0000] {dagbag.py:538} INFO - Filling up the DagBag from /home/airflow/.local/lib/python3.8/site-packages/airflow/example_dags/example_bash_operator.py
[2024-02-13T12:29:29.725+0000] {processor.py:840} INFO - DAG(s) 'example_bash_operator' retrieved from /home/airflow/.local/lib/python3.8/site-packages/airflow/example_dags/example_bash_operator.py
[2024-02-13T12:29:29.756+0000] {logging_mixin.py:188} INFO - [2024-02-13T12:29:29.755+0000] {dag.py:3036} INFO - Sync 1 DAGs
[2024-02-13T12:29:29.783+0000] {logging_mixin.py:188} INFO - [2024-02-13T12:29:29.782+0000] {dag.py:3823} INFO - Setting next_dagrun for example_bash_operator to 2024-02-12 00:00:00+00:00, run_after=2024-02-13 00:00:00+00:00
[2024-02-13T12:29:29.805+0000] {processor.py:183} INFO - Processing /home/airflow/.local/lib/python3.8/site-packages/airflow/example_dags/example_bash_operator.py took 0.097 seconds
[2024-02-13T12:30:00.014+0000] {processor.py:161} INFO - Started process (PID=2156) to work on /home/airflow/.local/lib/python3.8/site-packages/airflow/example_dags/example_bash_operator.py
[2024-02-13T12:30:00.016+0000] {processor.py:830} INFO - Processing file /home/airflow/.local/lib/python3.8/site-packages/airflow/example_dags/example_bash_operator.py for tasks to queue
[2024-02-13T12:30:00.020+0000] {logging_mixin.py:188} INFO - [2024-02-13T12:30:00.018+0000] {dagbag.py:538} INFO - Filling up the DagBag from /home/airflow/.local/lib/python3.8/site-packages/airflow/example_dags/example_bash_operator.py
[2024-02-13T12:30:00.038+0000] {processor.py:840} INFO - DAG(s) 'example_bash_operator' retrieved from /home/airflow/.local/lib/python3.8/site-packages/airflow/example_dags/example_bash_operator.py
[2024-02-13T12:30:00.076+0000] {logging_mixin.py:188} INFO - [2024-02-13T12:30:00.076+0000] {dag.py:3036} INFO - Sync 1 DAGs
[2024-02-13T12:30:00.099+0000] {logging_mixin.py:188} INFO - [2024-02-13T12:30:00.099+0000] {dag.py:3823} INFO - Setting next_dagrun for example_bash_operator to 2024-02-12 00:00:00+00:00, run_after=2024-02-13 00:00:00+00:00
[2024-02-13T12:30:00.121+0000] {processor.py:183} INFO - Processing /home/airflow/.local/lib/python3.8/site-packages/airflow/example_dags/example_bash_operator.py took 0.114 seconds
[2024-02-13T12:30:30.339+0000] {processor.py:161} INFO - Started process (PID=2212) to work on /home/airflow/.local/lib/python3.8/site-packages/airflow/example_dags/example_bash_operator.py
[2024-02-13T12:30:30.341+0000] {processor.py:830} INFO - Processing file /home/airflow/.local/lib/python3.8/site-packages/airflow/example_dags/example_bash_operator.py for tasks to queue
[2024-02-13T12:30:30.342+0000] {logging_mixin.py:188} INFO - [2024-02-13T12:30:30.342+0000] {dagbag.py:538} INFO - Filling up the DagBag from /home/airflow/.local/lib/python3.8/site-packages/airflow/example_dags/example_bash_operator.py
[2024-02-13T12:30:30.354+0000] {processor.py:840} INFO - DAG(s) 'example_bash_operator' retrieved from /home/airflow/.local/lib/python3.8/site-packages/airflow/example_dags/example_bash_operator.py
[2024-02-13T12:30:30.385+0000] {logging_mixin.py:188} INFO - [2024-02-13T12:30:30.385+0000] {dag.py:3036} INFO - Sync 1 DAGs
[2024-02-13T12:30:30.408+0000] {logging_mixin.py:188} INFO - [2024-02-13T12:30:30.408+0000] {dag.py:3823} INFO - Setting next_dagrun for example_bash_operator to 2024-02-12 00:00:00+00:00, run_after=2024-02-13 00:00:00+00:00
[2024-02-13T12:30:30.426+0000] {processor.py:183} INFO - Processing /home/airflow/.local/lib/python3.8/site-packages/airflow/example_dags/example_bash_operator.py took 0.089 seconds
[2024-02-13T12:31:00.936+0000] {processor.py:161} INFO - Started process (PID=2268) to work on /home/airflow/.local/lib/python3.8/site-packages/airflow/example_dags/example_bash_operator.py
[2024-02-13T12:31:00.938+0000] {processor.py:830} INFO - Processing file /home/airflow/.local/lib/python3.8/site-packages/airflow/example_dags/example_bash_operator.py for tasks to queue
[2024-02-13T12:31:00.940+0000] {logging_mixin.py:188} INFO - [2024-02-13T12:31:00.939+0000] {dagbag.py:538} INFO - Filling up the DagBag from /home/airflow/.local/lib/python3.8/site-packages/airflow/example_dags/example_bash_operator.py
[2024-02-13T12:31:00.954+0000] {processor.py:840} INFO - DAG(s) 'example_bash_operator' retrieved from /home/airflow/.local/lib/python3.8/site-packages/airflow/example_dags/example_bash_operator.py
[2024-02-13T12:31:00.994+0000] {logging_mixin.py:188} INFO - [2024-02-13T12:31:00.993+0000] {dag.py:3036} INFO - Sync 1 DAGs
[2024-02-13T12:31:01.016+0000] {logging_mixin.py:188} INFO - [2024-02-13T12:31:01.016+0000] {dag.py:3823} INFO - Setting next_dagrun for example_bash_operator to 2024-02-12 00:00:00+00:00, run_after=2024-02-13 00:00:00+00:00
[2024-02-13T12:31:01.034+0000] {processor.py:183} INFO - Processing /home/airflow/.local/lib/python3.8/site-packages/airflow/example_dags/example_bash_operator.py took 0.104 seconds
[2024-02-13T12:31:31.417+0000] {processor.py:161} INFO - Started process (PID=2324) to work on /home/airflow/.local/lib/python3.8/site-packages/airflow/example_dags/example_bash_operator.py
[2024-02-13T12:31:31.419+0000] {processor.py:830} INFO - Processing file /home/airflow/.local/lib/python3.8/site-packages/airflow/example_dags/example_bash_operator.py for tasks to queue
[2024-02-13T12:31:31.420+0000] {logging_mixin.py:188} INFO - [2024-02-13T12:31:31.420+0000] {dagbag.py:538} INFO - Filling up the DagBag from /home/airflow/.local/lib/python3.8/site-packages/airflow/example_dags/example_bash_operator.py
[2024-02-13T12:31:31.436+0000] {processor.py:840} INFO - DAG(s) 'example_bash_operator' retrieved from /home/airflow/.local/lib/python3.8/site-packages/airflow/example_dags/example_bash_operator.py
[2024-02-13T12:31:31.469+0000] {logging_mixin.py:188} INFO - [2024-02-13T12:31:31.469+0000] {dag.py:3036} INFO - Sync 1 DAGs
[2024-02-13T12:31:31.492+0000] {logging_mixin.py:188} INFO - [2024-02-13T12:31:31.492+0000] {dag.py:3823} INFO - Setting next_dagrun for example_bash_operator to 2024-02-12 00:00:00+00:00, run_after=2024-02-13 00:00:00+00:00
[2024-02-13T12:31:31.512+0000] {processor.py:183} INFO - Processing /home/airflow/.local/lib/python3.8/site-packages/airflow/example_dags/example_bash_operator.py took 0.100 seconds
[2024-02-13T12:32:01.604+0000] {processor.py:161} INFO - Started process (PID=2381) to work on /home/airflow/.local/lib/python3.8/site-packages/airflow/example_dags/example_bash_operator.py
[2024-02-13T12:32:01.606+0000] {processor.py:830} INFO - Processing file /home/airflow/.local/lib/python3.8/site-packages/airflow/example_dags/example_bash_operator.py for tasks to queue
[2024-02-13T12:32:01.607+0000] {logging_mixin.py:188} INFO - [2024-02-13T12:32:01.607+0000] {dagbag.py:538} INFO - Filling up the DagBag from /home/airflow/.local/lib/python3.8/site-packages/airflow/example_dags/example_bash_operator.py
[2024-02-13T12:32:01.624+0000] {processor.py:840} INFO - DAG(s) 'example_bash_operator' retrieved from /home/airflow/.local/lib/python3.8/site-packages/airflow/example_dags/example_bash_operator.py
[2024-02-13T12:32:01.655+0000] {logging_mixin.py:188} INFO - [2024-02-13T12:32:01.654+0000] {dag.py:3036} INFO - Sync 1 DAGs
[2024-02-13T12:32:01.838+0000] {logging_mixin.py:188} INFO - [2024-02-13T12:32:01.838+0000] {dag.py:3823} INFO - Setting next_dagrun for example_bash_operator to 2024-02-12 00:00:00+00:00, run_after=2024-02-13 00:00:00+00:00
[2024-02-13T12:32:01.860+0000] {processor.py:183} INFO - Processing /home/airflow/.local/lib/python3.8/site-packages/airflow/example_dags/example_bash_operator.py took 0.262 seconds
[2024-02-13T12:32:32.676+0000] {processor.py:161} INFO - Started process (PID=2437) to work on /home/airflow/.local/lib/python3.8/site-packages/airflow/example_dags/example_bash_operator.py
[2024-02-13T12:32:32.679+0000] {processor.py:830} INFO - Processing file /home/airflow/.local/lib/python3.8/site-packages/airflow/example_dags/example_bash_operator.py for tasks to queue
[2024-02-13T12:32:32.681+0000] {logging_mixin.py:188} INFO - [2024-02-13T12:32:32.680+0000] {dagbag.py:538} INFO - Filling up the DagBag from /home/airflow/.local/lib/python3.8/site-packages/airflow/example_dags/example_bash_operator.py
[2024-02-13T12:32:32.706+0000] {processor.py:840} INFO - DAG(s) 'example_bash_operator' retrieved from /home/airflow/.local/lib/python3.8/site-packages/airflow/example_dags/example_bash_operator.py
[2024-02-13T12:32:32.771+0000] {logging_mixin.py:188} INFO - [2024-02-13T12:32:32.770+0000] {dag.py:3036} INFO - Sync 1 DAGs
[2024-02-13T12:32:33.081+0000] {logging_mixin.py:188} INFO - [2024-02-13T12:32:33.081+0000] {dag.py:3823} INFO - Setting next_dagrun for example_bash_operator to 2024-02-12 00:00:00+00:00, run_after=2024-02-13 00:00:00+00:00
[2024-02-13T12:32:33.117+0000] {processor.py:183} INFO - Processing /home/airflow/.local/lib/python3.8/site-packages/airflow/example_dags/example_bash_operator.py took 0.450 seconds
[2024-02-13T12:33:03.783+0000] {processor.py:161} INFO - Started process (PID=2493) to work on /home/airflow/.local/lib/python3.8/site-packages/airflow/example_dags/example_bash_operator.py
[2024-02-13T12:33:03.784+0000] {processor.py:830} INFO - Processing file /home/airflow/.local/lib/python3.8/site-packages/airflow/example_dags/example_bash_operator.py for tasks to queue
[2024-02-13T12:33:03.784+0000] {logging_mixin.py:188} INFO - [2024-02-13T12:33:03.784+0000] {dagbag.py:538} INFO - Filling up the DagBag from /home/airflow/.local/lib/python3.8/site-packages/airflow/example_dags/example_bash_operator.py
[2024-02-13T12:33:03.796+0000] {processor.py:840} INFO - DAG(s) 'example_bash_operator' retrieved from /home/airflow/.local/lib/python3.8/site-packages/airflow/example_dags/example_bash_operator.py
[2024-02-13T12:33:03.825+0000] {logging_mixin.py:188} INFO - [2024-02-13T12:33:03.825+0000] {dag.py:3036} INFO - Sync 1 DAGs
[2024-02-13T12:33:03.974+0000] {logging_mixin.py:188} INFO - [2024-02-13T12:33:03.973+0000] {dag.py:3823} INFO - Setting next_dagrun for example_bash_operator to 2024-02-12 00:00:00+00:00, run_after=2024-02-13 00:00:00+00:00
[2024-02-13T12:33:03.994+0000] {processor.py:183} INFO - Processing /home/airflow/.local/lib/python3.8/site-packages/airflow/example_dags/example_bash_operator.py took 0.214 seconds
[2024-02-13T12:33:34.252+0000] {processor.py:161} INFO - Started process (PID=2550) to work on /home/airflow/.local/lib/python3.8/site-packages/airflow/example_dags/example_bash_operator.py
[2024-02-13T12:33:34.253+0000] {processor.py:830} INFO - Processing file /home/airflow/.local/lib/python3.8/site-packages/airflow/example_dags/example_bash_operator.py for tasks to queue
[2024-02-13T12:33:34.254+0000] {logging_mixin.py:188} INFO - [2024-02-13T12:33:34.254+0000] {dagbag.py:538} INFO - Filling up the DagBag from /home/airflow/.local/lib/python3.8/site-packages/airflow/example_dags/example_bash_operator.py
[2024-02-13T12:33:34.267+0000] {processor.py:840} INFO - DAG(s) 'example_bash_operator' retrieved from /home/airflow/.local/lib/python3.8/site-packages/airflow/example_dags/example_bash_operator.py
[2024-02-13T12:33:34.299+0000] {logging_mixin.py:188} INFO - [2024-02-13T12:33:34.299+0000] {dag.py:3036} INFO - Sync 1 DAGs
[2024-02-13T12:33:34.450+0000] {logging_mixin.py:188} INFO - [2024-02-13T12:33:34.450+0000] {dag.py:3823} INFO - Setting next_dagrun for example_bash_operator to 2024-02-12 00:00:00+00:00, run_after=2024-02-13 00:00:00+00:00
[2024-02-13T12:33:34.474+0000] {processor.py:183} INFO - Processing /home/airflow/.local/lib/python3.8/site-packages/airflow/example_dags/example_bash_operator.py took 0.225 seconds
[2024-02-13T12:34:05.377+0000] {processor.py:161} INFO - Started process (PID=2606) to work on /home/airflow/.local/lib/python3.8/site-packages/airflow/example_dags/example_bash_operator.py
[2024-02-13T12:34:05.377+0000] {processor.py:830} INFO - Processing file /home/airflow/.local/lib/python3.8/site-packages/airflow/example_dags/example_bash_operator.py for tasks to queue
[2024-02-13T12:34:05.378+0000] {logging_mixin.py:188} INFO - [2024-02-13T12:34:05.378+0000] {dagbag.py:538} INFO - Filling up the DagBag from /home/airflow/.local/lib/python3.8/site-packages/airflow/example_dags/example_bash_operator.py
[2024-02-13T12:34:05.392+0000] {processor.py:840} INFO - DAG(s) 'example_bash_operator' retrieved from /home/airflow/.local/lib/python3.8/site-packages/airflow/example_dags/example_bash_operator.py
[2024-02-13T12:34:05.433+0000] {logging_mixin.py:188} INFO - [2024-02-13T12:34:05.432+0000] {dag.py:3036} INFO - Sync 1 DAGs
[2024-02-13T12:34:05.478+0000] {logging_mixin.py:188} INFO - [2024-02-13T12:34:05.477+0000] {dag.py:3823} INFO - Setting next_dagrun for example_bash_operator to 2024-02-12 00:00:00+00:00, run_after=2024-02-13 00:00:00+00:00
[2024-02-13T12:34:05.504+0000] {processor.py:183} INFO - Processing /home/airflow/.local/lib/python3.8/site-packages/airflow/example_dags/example_bash_operator.py took 0.130 seconds
[2024-02-13T12:34:35.539+0000] {processor.py:161} INFO - Started process (PID=2668) to work on /home/airflow/.local/lib/python3.8/site-packages/airflow/example_dags/example_bash_operator.py
[2024-02-13T12:34:35.540+0000] {processor.py:830} INFO - Processing file /home/airflow/.local/lib/python3.8/site-packages/airflow/example_dags/example_bash_operator.py for tasks to queue
[2024-02-13T12:34:35.541+0000] {logging_mixin.py:188} INFO - [2024-02-13T12:34:35.540+0000] {dagbag.py:538} INFO - Filling up the DagBag from /home/airflow/.local/lib/python3.8/site-packages/airflow/example_dags/example_bash_operator.py
[2024-02-13T12:34:35.557+0000] {processor.py:840} INFO - DAG(s) 'example_bash_operator' retrieved from /home/airflow/.local/lib/python3.8/site-packages/airflow/example_dags/example_bash_operator.py
[2024-02-13T12:34:35.591+0000] {logging_mixin.py:188} INFO - [2024-02-13T12:34:35.591+0000] {dag.py:3036} INFO - Sync 1 DAGs
[2024-02-13T12:34:35.621+0000] {logging_mixin.py:188} INFO - [2024-02-13T12:34:35.621+0000] {dag.py:3823} INFO - Setting next_dagrun for example_bash_operator to 2024-02-12 00:00:00+00:00, run_after=2024-02-13 00:00:00+00:00
[2024-02-13T12:34:35.642+0000] {processor.py:183} INFO - Processing /home/airflow/.local/lib/python3.8/site-packages/airflow/example_dags/example_bash_operator.py took 0.105 seconds
[2024-02-13T12:35:05.848+0000] {processor.py:161} INFO - Started process (PID=2725) to work on /home/airflow/.local/lib/python3.8/site-packages/airflow/example_dags/example_bash_operator.py
[2024-02-13T12:35:05.851+0000] {processor.py:830} INFO - Processing file /home/airflow/.local/lib/python3.8/site-packages/airflow/example_dags/example_bash_operator.py for tasks to queue
[2024-02-13T12:35:05.852+0000] {logging_mixin.py:188} INFO - [2024-02-13T12:35:05.852+0000] {dagbag.py:538} INFO - Filling up the DagBag from /home/airflow/.local/lib/python3.8/site-packages/airflow/example_dags/example_bash_operator.py
[2024-02-13T12:35:05.867+0000] {processor.py:840} INFO - DAG(s) 'example_bash_operator' retrieved from /home/airflow/.local/lib/python3.8/site-packages/airflow/example_dags/example_bash_operator.py
[2024-02-13T12:35:05.905+0000] {logging_mixin.py:188} INFO - [2024-02-13T12:35:05.905+0000] {dag.py:3036} INFO - Sync 1 DAGs
[2024-02-13T12:35:05.928+0000] {logging_mixin.py:188} INFO - [2024-02-13T12:35:05.928+0000] {dag.py:3823} INFO - Setting next_dagrun for example_bash_operator to 2024-02-12 00:00:00+00:00, run_after=2024-02-13 00:00:00+00:00
[2024-02-13T12:35:05.948+0000] {processor.py:183} INFO - Processing /home/airflow/.local/lib/python3.8/site-packages/airflow/example_dags/example_bash_operator.py took 0.106 seconds
[2024-02-13T12:35:36.766+0000] {processor.py:161} INFO - Started process (PID=2781) to work on /home/airflow/.local/lib/python3.8/site-packages/airflow/example_dags/example_bash_operator.py
[2024-02-13T12:35:36.768+0000] {processor.py:830} INFO - Processing file /home/airflow/.local/lib/python3.8/site-packages/airflow/example_dags/example_bash_operator.py for tasks to queue
[2024-02-13T12:35:36.769+0000] {logging_mixin.py:188} INFO - [2024-02-13T12:35:36.769+0000] {dagbag.py:538} INFO - Filling up the DagBag from /home/airflow/.local/lib/python3.8/site-packages/airflow/example_dags/example_bash_operator.py
[2024-02-13T12:35:36.794+0000] {processor.py:840} INFO - DAG(s) 'example_bash_operator' retrieved from /home/airflow/.local/lib/python3.8/site-packages/airflow/example_dags/example_bash_operator.py
[2024-02-13T12:35:36.847+0000] {logging_mixin.py:188} INFO - [2024-02-13T12:35:36.847+0000] {dag.py:3036} INFO - Sync 1 DAGs
[2024-02-13T12:35:36.880+0000] {logging_mixin.py:188} INFO - [2024-02-13T12:35:36.880+0000] {dag.py:3823} INFO - Setting next_dagrun for example_bash_operator to 2024-02-12 00:00:00+00:00, run_after=2024-02-13 00:00:00+00:00
[2024-02-13T12:35:36.908+0000] {processor.py:183} INFO - Processing /home/airflow/.local/lib/python3.8/site-packages/airflow/example_dags/example_bash_operator.py took 0.149 seconds
[2024-02-13T12:36:07.272+0000] {processor.py:161} INFO - Started process (PID=2838) to work on /home/airflow/.local/lib/python3.8/site-packages/airflow/example_dags/example_bash_operator.py
[2024-02-13T12:36:07.274+0000] {processor.py:830} INFO - Processing file /home/airflow/.local/lib/python3.8/site-packages/airflow/example_dags/example_bash_operator.py for tasks to queue
[2024-02-13T12:36:07.275+0000] {logging_mixin.py:188} INFO - [2024-02-13T12:36:07.275+0000] {dagbag.py:538} INFO - Filling up the DagBag from /home/airflow/.local/lib/python3.8/site-packages/airflow/example_dags/example_bash_operator.py
[2024-02-13T12:36:07.289+0000] {processor.py:840} INFO - DAG(s) 'example_bash_operator' retrieved from /home/airflow/.local/lib/python3.8/site-packages/airflow/example_dags/example_bash_operator.py
[2024-02-13T12:36:07.319+0000] {logging_mixin.py:188} INFO - [2024-02-13T12:36:07.319+0000] {dag.py:3036} INFO - Sync 1 DAGs
[2024-02-13T12:36:07.343+0000] {logging_mixin.py:188} INFO - [2024-02-13T12:36:07.343+0000] {dag.py:3823} INFO - Setting next_dagrun for example_bash_operator to 2024-02-12 00:00:00+00:00, run_after=2024-02-13 00:00:00+00:00
[2024-02-13T12:36:07.365+0000] {processor.py:183} INFO - Processing /home/airflow/.local/lib/python3.8/site-packages/airflow/example_dags/example_bash_operator.py took 0.096 seconds
[2024-02-13T12:36:37.945+0000] {processor.py:161} INFO - Started process (PID=2894) to work on /home/airflow/.local/lib/python3.8/site-packages/airflow/example_dags/example_bash_operator.py
[2024-02-13T12:36:37.947+0000] {processor.py:830} INFO - Processing file /home/airflow/.local/lib/python3.8/site-packages/airflow/example_dags/example_bash_operator.py for tasks to queue
[2024-02-13T12:36:37.949+0000] {logging_mixin.py:188} INFO - [2024-02-13T12:36:37.948+0000] {dagbag.py:538} INFO - Filling up the DagBag from /home/airflow/.local/lib/python3.8/site-packages/airflow/example_dags/example_bash_operator.py
[2024-02-13T12:36:37.973+0000] {processor.py:840} INFO - DAG(s) 'example_bash_operator' retrieved from /home/airflow/.local/lib/python3.8/site-packages/airflow/example_dags/example_bash_operator.py
[2024-02-13T12:36:38.030+0000] {logging_mixin.py:188} INFO - [2024-02-13T12:36:38.029+0000] {dag.py:3036} INFO - Sync 1 DAGs
[2024-02-13T12:36:38.094+0000] {logging_mixin.py:188} INFO - [2024-02-13T12:36:38.094+0000] {dag.py:3823} INFO - Setting next_dagrun for example_bash_operator to 2024-02-12 00:00:00+00:00, run_after=2024-02-13 00:00:00+00:00
[2024-02-13T12:36:38.145+0000] {processor.py:183} INFO - Processing /home/airflow/.local/lib/python3.8/site-packages/airflow/example_dags/example_bash_operator.py took 0.205 seconds
[2024-02-13T12:37:08.601+0000] {processor.py:161} INFO - Started process (PID=2950) to work on /home/airflow/.local/lib/python3.8/site-packages/airflow/example_dags/example_bash_operator.py
[2024-02-13T12:37:08.602+0000] {processor.py:830} INFO - Processing file /home/airflow/.local/lib/python3.8/site-packages/airflow/example_dags/example_bash_operator.py for tasks to queue
[2024-02-13T12:37:08.603+0000] {logging_mixin.py:188} INFO - [2024-02-13T12:37:08.603+0000] {dagbag.py:538} INFO - Filling up the DagBag from /home/airflow/.local/lib/python3.8/site-packages/airflow/example_dags/example_bash_operator.py
[2024-02-13T12:37:08.619+0000] {processor.py:840} INFO - DAG(s) 'example_bash_operator' retrieved from /home/airflow/.local/lib/python3.8/site-packages/airflow/example_dags/example_bash_operator.py
[2024-02-13T12:37:08.660+0000] {logging_mixin.py:188} INFO - [2024-02-13T12:37:08.659+0000] {dag.py:3036} INFO - Sync 1 DAGs
[2024-02-13T12:37:08.686+0000] {logging_mixin.py:188} INFO - [2024-02-13T12:37:08.686+0000] {dag.py:3823} INFO - Setting next_dagrun for example_bash_operator to 2024-02-12 00:00:00+00:00, run_after=2024-02-13 00:00:00+00:00
[2024-02-13T12:37:08.711+0000] {processor.py:183} INFO - Processing /home/airflow/.local/lib/python3.8/site-packages/airflow/example_dags/example_bash_operator.py took 0.117 seconds
[2024-02-13T12:37:38.765+0000] {processor.py:161} INFO - Started process (PID=3006) to work on /home/airflow/.local/lib/python3.8/site-packages/airflow/example_dags/example_bash_operator.py
[2024-02-13T12:37:38.768+0000] {processor.py:830} INFO - Processing file /home/airflow/.local/lib/python3.8/site-packages/airflow/example_dags/example_bash_operator.py for tasks to queue
[2024-02-13T12:37:38.770+0000] {logging_mixin.py:188} INFO - [2024-02-13T12:37:38.769+0000] {dagbag.py:538} INFO - Filling up the DagBag from /home/airflow/.local/lib/python3.8/site-packages/airflow/example_dags/example_bash_operator.py
[2024-02-13T12:37:38.786+0000] {processor.py:840} INFO - DAG(s) 'example_bash_operator' retrieved from /home/airflow/.local/lib/python3.8/site-packages/airflow/example_dags/example_bash_operator.py
[2024-02-13T12:37:38.816+0000] {logging_mixin.py:188} INFO - [2024-02-13T12:37:38.816+0000] {dag.py:3036} INFO - Sync 1 DAGs
[2024-02-13T12:37:38.842+0000] {logging_mixin.py:188} INFO - [2024-02-13T12:37:38.842+0000] {dag.py:3823} INFO - Setting next_dagrun for example_bash_operator to 2024-02-12 00:00:00+00:00, run_after=2024-02-13 00:00:00+00:00
[2024-02-13T12:37:38.875+0000] {processor.py:183} INFO - Processing /home/airflow/.local/lib/python3.8/site-packages/airflow/example_dags/example_bash_operator.py took 0.118 seconds
[2024-02-13T12:38:09.310+0000] {processor.py:161} INFO - Started process (PID=3062) to work on /home/airflow/.local/lib/python3.8/site-packages/airflow/example_dags/example_bash_operator.py
[2024-02-13T12:38:09.312+0000] {processor.py:830} INFO - Processing file /home/airflow/.local/lib/python3.8/site-packages/airflow/example_dags/example_bash_operator.py for tasks to queue
[2024-02-13T12:38:09.314+0000] {logging_mixin.py:188} INFO - [2024-02-13T12:38:09.313+0000] {dagbag.py:538} INFO - Filling up the DagBag from /home/airflow/.local/lib/python3.8/site-packages/airflow/example_dags/example_bash_operator.py
[2024-02-13T12:38:09.347+0000] {processor.py:840} INFO - DAG(s) 'example_bash_operator' retrieved from /home/airflow/.local/lib/python3.8/site-packages/airflow/example_dags/example_bash_operator.py
[2024-02-13T12:38:09.452+0000] {logging_mixin.py:188} INFO - [2024-02-13T12:38:09.452+0000] {dag.py:3036} INFO - Sync 1 DAGs
[2024-02-13T12:38:09.517+0000] {logging_mixin.py:188} INFO - [2024-02-13T12:38:09.516+0000] {dag.py:3823} INFO - Setting next_dagrun for example_bash_operator to 2024-02-12 00:00:00+00:00, run_after=2024-02-13 00:00:00+00:00
[2024-02-13T12:38:09.570+0000] {processor.py:183} INFO - Processing /home/airflow/.local/lib/python3.8/site-packages/airflow/example_dags/example_bash_operator.py took 0.267 seconds
[2024-02-13T12:38:39.760+0000] {processor.py:161} INFO - Started process (PID=3118) to work on /home/airflow/.local/lib/python3.8/site-packages/airflow/example_dags/example_bash_operator.py
[2024-02-13T12:38:39.761+0000] {processor.py:830} INFO - Processing file /home/airflow/.local/lib/python3.8/site-packages/airflow/example_dags/example_bash_operator.py for tasks to queue
[2024-02-13T12:38:39.762+0000] {logging_mixin.py:188} INFO - [2024-02-13T12:38:39.762+0000] {dagbag.py:538} INFO - Filling up the DagBag from /home/airflow/.local/lib/python3.8/site-packages/airflow/example_dags/example_bash_operator.py
[2024-02-13T12:38:39.779+0000] {processor.py:840} INFO - DAG(s) 'example_bash_operator' retrieved from /home/airflow/.local/lib/python3.8/site-packages/airflow/example_dags/example_bash_operator.py
[2024-02-13T12:38:39.819+0000] {logging_mixin.py:188} INFO - [2024-02-13T12:38:39.819+0000] {dag.py:3036} INFO - Sync 1 DAGs
[2024-02-13T12:38:39.848+0000] {logging_mixin.py:188} INFO - [2024-02-13T12:38:39.847+0000] {dag.py:3823} INFO - Setting next_dagrun for example_bash_operator to 2024-02-12 00:00:00+00:00, run_after=2024-02-13 00:00:00+00:00
[2024-02-13T12:38:39.867+0000] {processor.py:183} INFO - Processing /home/airflow/.local/lib/python3.8/site-packages/airflow/example_dags/example_bash_operator.py took 0.116 seconds
[2024-02-13T12:39:09.924+0000] {processor.py:161} INFO - Started process (PID=3175) to work on /home/airflow/.local/lib/python3.8/site-packages/airflow/example_dags/example_bash_operator.py
[2024-02-13T12:39:09.924+0000] {processor.py:830} INFO - Processing file /home/airflow/.local/lib/python3.8/site-packages/airflow/example_dags/example_bash_operator.py for tasks to queue
[2024-02-13T12:39:09.925+0000] {logging_mixin.py:188} INFO - [2024-02-13T12:39:09.925+0000] {dagbag.py:538} INFO - Filling up the DagBag from /home/airflow/.local/lib/python3.8/site-packages/airflow/example_dags/example_bash_operator.py
[2024-02-13T12:39:09.937+0000] {processor.py:840} INFO - DAG(s) 'example_bash_operator' retrieved from /home/airflow/.local/lib/python3.8/site-packages/airflow/example_dags/example_bash_operator.py
[2024-02-13T12:39:09.966+0000] {logging_mixin.py:188} INFO - [2024-02-13T12:39:09.966+0000] {dag.py:3036} INFO - Sync 1 DAGs
[2024-02-13T12:39:09.990+0000] {logging_mixin.py:188} INFO - [2024-02-13T12:39:09.990+0000] {dag.py:3823} INFO - Setting next_dagrun for example_bash_operator to 2024-02-12 00:00:00+00:00, run_after=2024-02-13 00:00:00+00:00
[2024-02-13T12:39:10.008+0000] {processor.py:183} INFO - Processing /home/airflow/.local/lib/python3.8/site-packages/airflow/example_dags/example_bash_operator.py took 0.088 seconds
[2024-02-13T12:39:40.245+0000] {processor.py:161} INFO - Started process (PID=3231) to work on /home/airflow/.local/lib/python3.8/site-packages/airflow/example_dags/example_bash_operator.py
[2024-02-13T12:39:40.246+0000] {processor.py:830} INFO - Processing file /home/airflow/.local/lib/python3.8/site-packages/airflow/example_dags/example_bash_operator.py for tasks to queue
[2024-02-13T12:39:40.247+0000] {logging_mixin.py:188} INFO - [2024-02-13T12:39:40.246+0000] {dagbag.py:538} INFO - Filling up the DagBag from /home/airflow/.local/lib/python3.8/site-packages/airflow/example_dags/example_bash_operator.py
[2024-02-13T12:39:40.259+0000] {processor.py:840} INFO - DAG(s) 'example_bash_operator' retrieved from /home/airflow/.local/lib/python3.8/site-packages/airflow/example_dags/example_bash_operator.py
[2024-02-13T12:39:40.289+0000] {logging_mixin.py:188} INFO - [2024-02-13T12:39:40.289+0000] {dag.py:3036} INFO - Sync 1 DAGs
[2024-02-13T12:39:40.312+0000] {logging_mixin.py:188} INFO - [2024-02-13T12:39:40.311+0000] {dag.py:3823} INFO - Setting next_dagrun for example_bash_operator to 2024-02-12 00:00:00+00:00, run_after=2024-02-13 00:00:00+00:00
[2024-02-13T12:39:40.333+0000] {processor.py:183} INFO - Processing /home/airflow/.local/lib/python3.8/site-packages/airflow/example_dags/example_bash_operator.py took 0.091 seconds
[2024-02-13T12:40:11.177+0000] {processor.py:161} INFO - Started process (PID=3285) to work on /home/airflow/.local/lib/python3.8/site-packages/airflow/example_dags/example_bash_operator.py
[2024-02-13T12:40:11.179+0000] {processor.py:830} INFO - Processing file /home/airflow/.local/lib/python3.8/site-packages/airflow/example_dags/example_bash_operator.py for tasks to queue
[2024-02-13T12:40:11.181+0000] {logging_mixin.py:188} INFO - [2024-02-13T12:40:11.180+0000] {dagbag.py:538} INFO - Filling up the DagBag from /home/airflow/.local/lib/python3.8/site-packages/airflow/example_dags/example_bash_operator.py
[2024-02-13T12:40:11.195+0000] {processor.py:840} INFO - DAG(s) 'example_bash_operator' retrieved from /home/airflow/.local/lib/python3.8/site-packages/airflow/example_dags/example_bash_operator.py
[2024-02-13T12:40:11.227+0000] {logging_mixin.py:188} INFO - [2024-02-13T12:40:11.227+0000] {dag.py:3036} INFO - Sync 1 DAGs
[2024-02-13T12:40:11.250+0000] {logging_mixin.py:188} INFO - [2024-02-13T12:40:11.250+0000] {dag.py:3823} INFO - Setting next_dagrun for example_bash_operator to 2024-02-12 00:00:00+00:00, run_after=2024-02-13 00:00:00+00:00
[2024-02-13T12:40:11.268+0000] {processor.py:183} INFO - Processing /home/airflow/.local/lib/python3.8/site-packages/airflow/example_dags/example_bash_operator.py took 0.100 seconds
[2024-02-13T12:40:41.689+0000] {processor.py:161} INFO - Started process (PID=3341) to work on /home/airflow/.local/lib/python3.8/site-packages/airflow/example_dags/example_bash_operator.py
[2024-02-13T12:40:41.693+0000] {processor.py:830} INFO - Processing file /home/airflow/.local/lib/python3.8/site-packages/airflow/example_dags/example_bash_operator.py for tasks to queue
[2024-02-13T12:40:41.695+0000] {logging_mixin.py:188} INFO - [2024-02-13T12:40:41.694+0000] {dagbag.py:538} INFO - Filling up the DagBag from /home/airflow/.local/lib/python3.8/site-packages/airflow/example_dags/example_bash_operator.py
[2024-02-13T12:40:41.731+0000] {processor.py:840} INFO - DAG(s) 'example_bash_operator' retrieved from /home/airflow/.local/lib/python3.8/site-packages/airflow/example_dags/example_bash_operator.py
[2024-02-13T12:40:41.796+0000] {logging_mixin.py:188} INFO - [2024-02-13T12:40:41.794+0000] {dag.py:3036} INFO - Sync 1 DAGs
[2024-02-13T12:40:41.838+0000] {logging_mixin.py:188} INFO - [2024-02-13T12:40:41.837+0000] {dag.py:3823} INFO - Setting next_dagrun for example_bash_operator to 2024-02-12 00:00:00+00:00, run_after=2024-02-13 00:00:00+00:00
[2024-02-13T12:40:41.869+0000] {processor.py:183} INFO - Processing /home/airflow/.local/lib/python3.8/site-packages/airflow/example_dags/example_bash_operator.py took 0.191 seconds
[2024-02-13T12:41:12.549+0000] {processor.py:161} INFO - Started process (PID=3398) to work on /home/airflow/.local/lib/python3.8/site-packages/airflow/example_dags/example_bash_operator.py
[2024-02-13T12:41:12.550+0000] {processor.py:830} INFO - Processing file /home/airflow/.local/lib/python3.8/site-packages/airflow/example_dags/example_bash_operator.py for tasks to queue
[2024-02-13T12:41:12.551+0000] {logging_mixin.py:188} INFO - [2024-02-13T12:41:12.550+0000] {dagbag.py:538} INFO - Filling up the DagBag from /home/airflow/.local/lib/python3.8/site-packages/airflow/example_dags/example_bash_operator.py
[2024-02-13T12:41:12.563+0000] {processor.py:840} INFO - DAG(s) 'example_bash_operator' retrieved from /home/airflow/.local/lib/python3.8/site-packages/airflow/example_dags/example_bash_operator.py
[2024-02-13T12:41:12.594+0000] {logging_mixin.py:188} INFO - [2024-02-13T12:41:12.593+0000] {dag.py:3036} INFO - Sync 1 DAGs
[2024-02-13T12:41:12.618+0000] {logging_mixin.py:188} INFO - [2024-02-13T12:41:12.617+0000] {dag.py:3823} INFO - Setting next_dagrun for example_bash_operator to 2024-02-12 00:00:00+00:00, run_after=2024-02-13 00:00:00+00:00
[2024-02-13T12:41:12.637+0000] {processor.py:183} INFO - Processing /home/airflow/.local/lib/python3.8/site-packages/airflow/example_dags/example_bash_operator.py took 0.091 seconds
[2024-02-13T12:41:42.937+0000] {processor.py:161} INFO - Started process (PID=3454) to work on /home/airflow/.local/lib/python3.8/site-packages/airflow/example_dags/example_bash_operator.py
[2024-02-13T12:41:42.938+0000] {processor.py:830} INFO - Processing file /home/airflow/.local/lib/python3.8/site-packages/airflow/example_dags/example_bash_operator.py for tasks to queue
[2024-02-13T12:41:42.939+0000] {logging_mixin.py:188} INFO - [2024-02-13T12:41:42.939+0000] {dagbag.py:538} INFO - Filling up the DagBag from /home/airflow/.local/lib/python3.8/site-packages/airflow/example_dags/example_bash_operator.py
[2024-02-13T12:41:42.964+0000] {processor.py:840} INFO - DAG(s) 'example_bash_operator' retrieved from /home/airflow/.local/lib/python3.8/site-packages/airflow/example_dags/example_bash_operator.py
[2024-02-13T12:41:43.032+0000] {logging_mixin.py:188} INFO - [2024-02-13T12:41:43.031+0000] {dag.py:3036} INFO - Sync 1 DAGs
[2024-02-13T12:41:43.094+0000] {logging_mixin.py:188} INFO - [2024-02-13T12:41:43.093+0000] {dag.py:3823} INFO - Setting next_dagrun for example_bash_operator to 2024-02-12 00:00:00+00:00, run_after=2024-02-13 00:00:00+00:00
[2024-02-13T12:41:43.138+0000] {processor.py:183} INFO - Processing /home/airflow/.local/lib/python3.8/site-packages/airflow/example_dags/example_bash_operator.py took 0.206 seconds
[2024-02-13T12:42:13.195+0000] {processor.py:161} INFO - Started process (PID=3510) to work on /home/airflow/.local/lib/python3.8/site-packages/airflow/example_dags/example_bash_operator.py
[2024-02-13T12:42:13.196+0000] {processor.py:830} INFO - Processing file /home/airflow/.local/lib/python3.8/site-packages/airflow/example_dags/example_bash_operator.py for tasks to queue
[2024-02-13T12:42:13.197+0000] {logging_mixin.py:188} INFO - [2024-02-13T12:42:13.196+0000] {dagbag.py:538} INFO - Filling up the DagBag from /home/airflow/.local/lib/python3.8/site-packages/airflow/example_dags/example_bash_operator.py
[2024-02-13T12:42:13.208+0000] {processor.py:840} INFO - DAG(s) 'example_bash_operator' retrieved from /home/airflow/.local/lib/python3.8/site-packages/airflow/example_dags/example_bash_operator.py
[2024-02-13T12:42:13.239+0000] {logging_mixin.py:188} INFO - [2024-02-13T12:42:13.239+0000] {dag.py:3036} INFO - Sync 1 DAGs
[2024-02-13T12:42:13.261+0000] {logging_mixin.py:188} INFO - [2024-02-13T12:42:13.260+0000] {dag.py:3823} INFO - Setting next_dagrun for example_bash_operator to 2024-02-12 00:00:00+00:00, run_after=2024-02-13 00:00:00+00:00
[2024-02-13T12:42:13.277+0000] {processor.py:183} INFO - Processing /home/airflow/.local/lib/python3.8/site-packages/airflow/example_dags/example_bash_operator.py took 0.085 seconds
[2024-02-13T12:42:43.687+0000] {processor.py:161} INFO - Started process (PID=3566) to work on /home/airflow/.local/lib/python3.8/site-packages/airflow/example_dags/example_bash_operator.py
[2024-02-13T12:42:43.688+0000] {processor.py:830} INFO - Processing file /home/airflow/.local/lib/python3.8/site-packages/airflow/example_dags/example_bash_operator.py for tasks to queue
[2024-02-13T12:42:43.689+0000] {logging_mixin.py:188} INFO - [2024-02-13T12:42:43.689+0000] {dagbag.py:538} INFO - Filling up the DagBag from /home/airflow/.local/lib/python3.8/site-packages/airflow/example_dags/example_bash_operator.py
[2024-02-13T12:42:43.717+0000] {processor.py:840} INFO - DAG(s) 'example_bash_operator' retrieved from /home/airflow/.local/lib/python3.8/site-packages/airflow/example_dags/example_bash_operator.py
[2024-02-13T12:42:43.775+0000] {logging_mixin.py:188} INFO - [2024-02-13T12:42:43.775+0000] {dag.py:3036} INFO - Sync 1 DAGs
[2024-02-13T12:42:43.821+0000] {logging_mixin.py:188} INFO - [2024-02-13T12:42:43.820+0000] {dag.py:3823} INFO - Setting next_dagrun for example_bash_operator to 2024-02-12 00:00:00+00:00, run_after=2024-02-13 00:00:00+00:00
[2024-02-13T12:42:43.858+0000] {processor.py:183} INFO - Processing /home/airflow/.local/lib/python3.8/site-packages/airflow/example_dags/example_bash_operator.py took 0.175 seconds
