[2024-02-13T12:10:53.942+0000] {processor.py:161} INFO - Started process (PID=52) to work on /home/airflow/.local/lib/python3.8/site-packages/airflow/example_dags/example_branch_python_dop_operator_3.py
[2024-02-13T12:10:53.944+0000] {processor.py:830} INFO - Processing file /home/airflow/.local/lib/python3.8/site-packages/airflow/example_dags/example_branch_python_dop_operator_3.py for tasks to queue
[2024-02-13T12:10:53.946+0000] {logging_mixin.py:188} INFO - [2024-02-13T12:10:53.945+0000] {dagbag.py:538} INFO - Filling up the DagBag from /home/airflow/.local/lib/python3.8/site-packages/airflow/example_dags/example_branch_python_dop_operator_3.py
[2024-02-13T12:10:53.964+0000] {processor.py:840} INFO - DAG(s) 'example_branch_dop_operator_v3' retrieved from /home/airflow/.local/lib/python3.8/site-packages/airflow/example_dags/example_branch_python_dop_operator_3.py
[2024-02-13T12:10:54.171+0000] {logging_mixin.py:188} INFO - [2024-02-13T12:10:54.171+0000] {dag.py:3036} INFO - Sync 1 DAGs
[2024-02-13T12:10:54.227+0000] {logging_mixin.py:188} INFO - [2024-02-13T12:10:54.226+0000] {dag.py:3823} INFO - Setting next_dagrun for example_branch_dop_operator_v3 to 2024-02-13 12:09:00+00:00, run_after=2024-02-13 12:10:00+00:00
[2024-02-13T12:10:54.260+0000] {processor.py:183} INFO - Processing /home/airflow/.local/lib/python3.8/site-packages/airflow/example_dags/example_branch_python_dop_operator_3.py took 0.322 seconds
[2024-02-13T12:11:24.623+0000] {processor.py:161} INFO - Started process (PID=108) to work on /home/airflow/.local/lib/python3.8/site-packages/airflow/example_dags/example_branch_python_dop_operator_3.py
[2024-02-13T12:11:24.624+0000] {processor.py:830} INFO - Processing file /home/airflow/.local/lib/python3.8/site-packages/airflow/example_dags/example_branch_python_dop_operator_3.py for tasks to queue
[2024-02-13T12:11:24.625+0000] {logging_mixin.py:188} INFO - [2024-02-13T12:11:24.624+0000] {dagbag.py:538} INFO - Filling up the DagBag from /home/airflow/.local/lib/python3.8/site-packages/airflow/example_dags/example_branch_python_dop_operator_3.py
[2024-02-13T12:11:24.637+0000] {processor.py:840} INFO - DAG(s) 'example_branch_dop_operator_v3' retrieved from /home/airflow/.local/lib/python3.8/site-packages/airflow/example_dags/example_branch_python_dop_operator_3.py
[2024-02-13T12:11:24.664+0000] {logging_mixin.py:188} INFO - [2024-02-13T12:11:24.663+0000] {dag.py:3036} INFO - Sync 1 DAGs
[2024-02-13T12:11:24.701+0000] {logging_mixin.py:188} INFO - [2024-02-13T12:11:24.700+0000] {dag.py:3823} INFO - Setting next_dagrun for example_branch_dop_operator_v3 to 2024-02-13 12:10:00+00:00, run_after=2024-02-13 12:11:00+00:00
[2024-02-13T12:11:24.721+0000] {processor.py:183} INFO - Processing /home/airflow/.local/lib/python3.8/site-packages/airflow/example_dags/example_branch_python_dop_operator_3.py took 0.104 seconds
[2024-02-13T12:11:54.994+0000] {processor.py:161} INFO - Started process (PID=164) to work on /home/airflow/.local/lib/python3.8/site-packages/airflow/example_dags/example_branch_python_dop_operator_3.py
[2024-02-13T12:11:54.995+0000] {processor.py:830} INFO - Processing file /home/airflow/.local/lib/python3.8/site-packages/airflow/example_dags/example_branch_python_dop_operator_3.py for tasks to queue
[2024-02-13T12:11:54.995+0000] {logging_mixin.py:188} INFO - [2024-02-13T12:11:54.995+0000] {dagbag.py:538} INFO - Filling up the DagBag from /home/airflow/.local/lib/python3.8/site-packages/airflow/example_dags/example_branch_python_dop_operator_3.py
[2024-02-13T12:11:55.003+0000] {processor.py:840} INFO - DAG(s) 'example_branch_dop_operator_v3' retrieved from /home/airflow/.local/lib/python3.8/site-packages/airflow/example_dags/example_branch_python_dop_operator_3.py
[2024-02-13T12:11:55.021+0000] {logging_mixin.py:188} INFO - [2024-02-13T12:11:55.021+0000] {dag.py:3036} INFO - Sync 1 DAGs
[2024-02-13T12:11:55.047+0000] {logging_mixin.py:188} INFO - [2024-02-13T12:11:55.047+0000] {dag.py:3823} INFO - Setting next_dagrun for example_branch_dop_operator_v3 to 2024-02-13 12:10:00+00:00, run_after=2024-02-13 12:11:00+00:00
[2024-02-13T12:11:55.066+0000] {processor.py:183} INFO - Processing /home/airflow/.local/lib/python3.8/site-packages/airflow/example_dags/example_branch_python_dop_operator_3.py took 0.075 seconds
[2024-02-13T12:12:27.795+0000] {processor.py:161} INFO - Started process (PID=221) to work on /home/airflow/.local/lib/python3.8/site-packages/airflow/example_dags/example_branch_python_dop_operator_3.py
[2024-02-13T12:12:27.801+0000] {processor.py:830} INFO - Processing file /home/airflow/.local/lib/python3.8/site-packages/airflow/example_dags/example_branch_python_dop_operator_3.py for tasks to queue
[2024-02-13T12:12:27.803+0000] {logging_mixin.py:188} INFO - [2024-02-13T12:12:27.802+0000] {dagbag.py:538} INFO - Filling up the DagBag from /home/airflow/.local/lib/python3.8/site-packages/airflow/example_dags/example_branch_python_dop_operator_3.py
[2024-02-13T12:12:27.846+0000] {processor.py:840} INFO - DAG(s) 'example_branch_dop_operator_v3' retrieved from /home/airflow/.local/lib/python3.8/site-packages/airflow/example_dags/example_branch_python_dop_operator_3.py
[2024-02-13T12:12:27.959+0000] {logging_mixin.py:188} INFO - [2024-02-13T12:12:27.958+0000] {dag.py:3036} INFO - Sync 1 DAGs
[2024-02-13T12:12:28.087+0000] {logging_mixin.py:188} INFO - [2024-02-13T12:12:28.085+0000] {dag.py:3823} INFO - Setting next_dagrun for example_branch_dop_operator_v3 to 2024-02-13 12:11:00+00:00, run_after=2024-02-13 12:12:00+00:00
[2024-02-13T12:12:28.154+0000] {processor.py:183} INFO - Processing /home/airflow/.local/lib/python3.8/site-packages/airflow/example_dags/example_branch_python_dop_operator_3.py took 0.369 seconds
[2024-02-13T12:12:59.053+0000] {processor.py:161} INFO - Started process (PID=277) to work on /home/airflow/.local/lib/python3.8/site-packages/airflow/example_dags/example_branch_python_dop_operator_3.py
[2024-02-13T12:12:59.063+0000] {processor.py:830} INFO - Processing file /home/airflow/.local/lib/python3.8/site-packages/airflow/example_dags/example_branch_python_dop_operator_3.py for tasks to queue
[2024-02-13T12:12:59.069+0000] {logging_mixin.py:188} INFO - [2024-02-13T12:12:59.065+0000] {dagbag.py:538} INFO - Filling up the DagBag from /home/airflow/.local/lib/python3.8/site-packages/airflow/example_dags/example_branch_python_dop_operator_3.py
[2024-02-13T12:12:59.157+0000] {processor.py:840} INFO - DAG(s) 'example_branch_dop_operator_v3' retrieved from /home/airflow/.local/lib/python3.8/site-packages/airflow/example_dags/example_branch_python_dop_operator_3.py
[2024-02-13T12:12:59.256+0000] {logging_mixin.py:188} INFO - [2024-02-13T12:12:59.254+0000] {dag.py:3036} INFO - Sync 1 DAGs
[2024-02-13T12:12:59.342+0000] {logging_mixin.py:188} INFO - [2024-02-13T12:12:59.342+0000] {dag.py:3823} INFO - Setting next_dagrun for example_branch_dop_operator_v3 to 2024-02-13 12:11:00+00:00, run_after=2024-02-13 12:12:00+00:00
[2024-02-13T12:12:59.416+0000] {processor.py:183} INFO - Processing /home/airflow/.local/lib/python3.8/site-packages/airflow/example_dags/example_branch_python_dop_operator_3.py took 0.384 seconds
[2024-02-13T12:13:30.874+0000] {processor.py:161} INFO - Started process (PID=337) to work on /home/airflow/.local/lib/python3.8/site-packages/airflow/example_dags/example_branch_python_dop_operator_3.py
[2024-02-13T12:13:30.876+0000] {processor.py:830} INFO - Processing file /home/airflow/.local/lib/python3.8/site-packages/airflow/example_dags/example_branch_python_dop_operator_3.py for tasks to queue
[2024-02-13T12:13:30.879+0000] {logging_mixin.py:188} INFO - [2024-02-13T12:13:30.878+0000] {dagbag.py:538} INFO - Filling up the DagBag from /home/airflow/.local/lib/python3.8/site-packages/airflow/example_dags/example_branch_python_dop_operator_3.py
[2024-02-13T12:13:30.911+0000] {processor.py:840} INFO - DAG(s) 'example_branch_dop_operator_v3' retrieved from /home/airflow/.local/lib/python3.8/site-packages/airflow/example_dags/example_branch_python_dop_operator_3.py
[2024-02-13T12:13:31.084+0000] {logging_mixin.py:188} INFO - [2024-02-13T12:13:31.071+0000] {dag.py:3036} INFO - Sync 1 DAGs
[2024-02-13T12:13:31.305+0000] {logging_mixin.py:188} INFO - [2024-02-13T12:13:31.303+0000] {dag.py:3823} INFO - Setting next_dagrun for example_branch_dop_operator_v3 to 2024-02-13 12:12:00+00:00, run_after=2024-02-13 12:13:00+00:00
[2024-02-13T12:13:31.432+0000] {processor.py:183} INFO - Processing /home/airflow/.local/lib/python3.8/site-packages/airflow/example_dags/example_branch_python_dop_operator_3.py took 0.570 seconds
[2024-02-13T12:14:02.178+0000] {processor.py:161} INFO - Started process (PID=393) to work on /home/airflow/.local/lib/python3.8/site-packages/airflow/example_dags/example_branch_python_dop_operator_3.py
[2024-02-13T12:14:02.183+0000] {processor.py:830} INFO - Processing file /home/airflow/.local/lib/python3.8/site-packages/airflow/example_dags/example_branch_python_dop_operator_3.py for tasks to queue
[2024-02-13T12:14:02.196+0000] {logging_mixin.py:188} INFO - [2024-02-13T12:14:02.194+0000] {dagbag.py:538} INFO - Filling up the DagBag from /home/airflow/.local/lib/python3.8/site-packages/airflow/example_dags/example_branch_python_dop_operator_3.py
[2024-02-13T12:14:02.250+0000] {processor.py:840} INFO - DAG(s) 'example_branch_dop_operator_v3' retrieved from /home/airflow/.local/lib/python3.8/site-packages/airflow/example_dags/example_branch_python_dop_operator_3.py
[2024-02-13T12:14:02.393+0000] {logging_mixin.py:188} INFO - [2024-02-13T12:14:02.383+0000] {dag.py:3036} INFO - Sync 1 DAGs
[2024-02-13T12:14:02.711+0000] {logging_mixin.py:188} INFO - [2024-02-13T12:14:02.711+0000] {dag.py:3823} INFO - Setting next_dagrun for example_branch_dop_operator_v3 to 2024-02-13 12:13:00+00:00, run_after=2024-02-13 12:14:00+00:00
[2024-02-13T12:14:02.861+0000] {processor.py:183} INFO - Processing /home/airflow/.local/lib/python3.8/site-packages/airflow/example_dags/example_branch_python_dop_operator_3.py took 0.699 seconds
[2024-02-13T12:14:33.256+0000] {processor.py:161} INFO - Started process (PID=448) to work on /home/airflow/.local/lib/python3.8/site-packages/airflow/example_dags/example_branch_python_dop_operator_3.py
[2024-02-13T12:14:33.257+0000] {processor.py:830} INFO - Processing file /home/airflow/.local/lib/python3.8/site-packages/airflow/example_dags/example_branch_python_dop_operator_3.py for tasks to queue
[2024-02-13T12:14:33.258+0000] {logging_mixin.py:188} INFO - [2024-02-13T12:14:33.258+0000] {dagbag.py:538} INFO - Filling up the DagBag from /home/airflow/.local/lib/python3.8/site-packages/airflow/example_dags/example_branch_python_dop_operator_3.py
[2024-02-13T12:14:33.270+0000] {processor.py:840} INFO - DAG(s) 'example_branch_dop_operator_v3' retrieved from /home/airflow/.local/lib/python3.8/site-packages/airflow/example_dags/example_branch_python_dop_operator_3.py
[2024-02-13T12:14:33.296+0000] {logging_mixin.py:188} INFO - [2024-02-13T12:14:33.296+0000] {dag.py:3036} INFO - Sync 1 DAGs
[2024-02-13T12:14:33.344+0000] {logging_mixin.py:188} INFO - [2024-02-13T12:14:33.343+0000] {dag.py:3823} INFO - Setting next_dagrun for example_branch_dop_operator_v3 to 2024-02-13 12:13:00+00:00, run_after=2024-02-13 12:14:00+00:00
[2024-02-13T12:14:33.387+0000] {processor.py:183} INFO - Processing /home/airflow/.local/lib/python3.8/site-packages/airflow/example_dags/example_branch_python_dop_operator_3.py took 0.135 seconds
[2024-02-13T12:15:04.026+0000] {processor.py:161} INFO - Started process (PID=504) to work on /home/airflow/.local/lib/python3.8/site-packages/airflow/example_dags/example_branch_python_dop_operator_3.py
[2024-02-13T12:15:04.027+0000] {processor.py:830} INFO - Processing file /home/airflow/.local/lib/python3.8/site-packages/airflow/example_dags/example_branch_python_dop_operator_3.py for tasks to queue
[2024-02-13T12:15:04.028+0000] {logging_mixin.py:188} INFO - [2024-02-13T12:15:04.027+0000] {dagbag.py:538} INFO - Filling up the DagBag from /home/airflow/.local/lib/python3.8/site-packages/airflow/example_dags/example_branch_python_dop_operator_3.py
[2024-02-13T12:15:04.038+0000] {processor.py:840} INFO - DAG(s) 'example_branch_dop_operator_v3' retrieved from /home/airflow/.local/lib/python3.8/site-packages/airflow/example_dags/example_branch_python_dop_operator_3.py
[2024-02-13T12:15:04.063+0000] {logging_mixin.py:188} INFO - [2024-02-13T12:15:04.062+0000] {dag.py:3036} INFO - Sync 1 DAGs
[2024-02-13T12:15:04.097+0000] {logging_mixin.py:188} INFO - [2024-02-13T12:15:04.097+0000] {dag.py:3823} INFO - Setting next_dagrun for example_branch_dop_operator_v3 to 2024-02-13 12:14:00+00:00, run_after=2024-02-13 12:15:00+00:00
[2024-02-13T12:15:04.117+0000] {processor.py:183} INFO - Processing /home/airflow/.local/lib/python3.8/site-packages/airflow/example_dags/example_branch_python_dop_operator_3.py took 0.094 seconds
[2024-02-13T12:15:35.052+0000] {processor.py:161} INFO - Started process (PID=560) to work on /home/airflow/.local/lib/python3.8/site-packages/airflow/example_dags/example_branch_python_dop_operator_3.py
[2024-02-13T12:15:35.053+0000] {processor.py:830} INFO - Processing file /home/airflow/.local/lib/python3.8/site-packages/airflow/example_dags/example_branch_python_dop_operator_3.py for tasks to queue
[2024-02-13T12:15:35.054+0000] {logging_mixin.py:188} INFO - [2024-02-13T12:15:35.054+0000] {dagbag.py:538} INFO - Filling up the DagBag from /home/airflow/.local/lib/python3.8/site-packages/airflow/example_dags/example_branch_python_dop_operator_3.py
[2024-02-13T12:15:35.063+0000] {processor.py:840} INFO - DAG(s) 'example_branch_dop_operator_v3' retrieved from /home/airflow/.local/lib/python3.8/site-packages/airflow/example_dags/example_branch_python_dop_operator_3.py
[2024-02-13T12:15:35.085+0000] {logging_mixin.py:188} INFO - [2024-02-13T12:15:35.085+0000] {dag.py:3036} INFO - Sync 1 DAGs
[2024-02-13T12:15:35.113+0000] {logging_mixin.py:188} INFO - [2024-02-13T12:15:35.112+0000] {dag.py:3823} INFO - Setting next_dagrun for example_branch_dop_operator_v3 to 2024-02-13 12:14:00+00:00, run_after=2024-02-13 12:15:00+00:00
[2024-02-13T12:15:35.134+0000] {processor.py:183} INFO - Processing /home/airflow/.local/lib/python3.8/site-packages/airflow/example_dags/example_branch_python_dop_operator_3.py took 0.084 seconds
[2024-02-13T12:16:05.655+0000] {processor.py:161} INFO - Started process (PID=615) to work on /home/airflow/.local/lib/python3.8/site-packages/airflow/example_dags/example_branch_python_dop_operator_3.py
[2024-02-13T12:16:05.656+0000] {processor.py:830} INFO - Processing file /home/airflow/.local/lib/python3.8/site-packages/airflow/example_dags/example_branch_python_dop_operator_3.py for tasks to queue
[2024-02-13T12:16:05.657+0000] {logging_mixin.py:188} INFO - [2024-02-13T12:16:05.657+0000] {dagbag.py:538} INFO - Filling up the DagBag from /home/airflow/.local/lib/python3.8/site-packages/airflow/example_dags/example_branch_python_dop_operator_3.py
[2024-02-13T12:16:05.669+0000] {processor.py:840} INFO - DAG(s) 'example_branch_dop_operator_v3' retrieved from /home/airflow/.local/lib/python3.8/site-packages/airflow/example_dags/example_branch_python_dop_operator_3.py
[2024-02-13T12:16:05.694+0000] {logging_mixin.py:188} INFO - [2024-02-13T12:16:05.693+0000] {dag.py:3036} INFO - Sync 1 DAGs
[2024-02-13T12:16:05.770+0000] {logging_mixin.py:188} INFO - [2024-02-13T12:16:05.770+0000] {dag.py:3823} INFO - Setting next_dagrun for example_branch_dop_operator_v3 to 2024-02-13 12:15:00+00:00, run_after=2024-02-13 12:16:00+00:00
[2024-02-13T12:16:05.815+0000] {processor.py:183} INFO - Processing /home/airflow/.local/lib/python3.8/site-packages/airflow/example_dags/example_branch_python_dop_operator_3.py took 0.165 seconds
[2024-02-13T12:16:36.332+0000] {processor.py:161} INFO - Started process (PID=672) to work on /home/airflow/.local/lib/python3.8/site-packages/airflow/example_dags/example_branch_python_dop_operator_3.py
[2024-02-13T12:16:36.335+0000] {processor.py:830} INFO - Processing file /home/airflow/.local/lib/python3.8/site-packages/airflow/example_dags/example_branch_python_dop_operator_3.py for tasks to queue
[2024-02-13T12:16:36.338+0000] {logging_mixin.py:188} INFO - [2024-02-13T12:16:36.337+0000] {dagbag.py:538} INFO - Filling up the DagBag from /home/airflow/.local/lib/python3.8/site-packages/airflow/example_dags/example_branch_python_dop_operator_3.py
[2024-02-13T12:16:36.358+0000] {processor.py:840} INFO - DAG(s) 'example_branch_dop_operator_v3' retrieved from /home/airflow/.local/lib/python3.8/site-packages/airflow/example_dags/example_branch_python_dop_operator_3.py
[2024-02-13T12:16:36.404+0000] {logging_mixin.py:188} INFO - [2024-02-13T12:16:36.403+0000] {dag.py:3036} INFO - Sync 1 DAGs
[2024-02-13T12:16:36.466+0000] {logging_mixin.py:188} INFO - [2024-02-13T12:16:36.465+0000] {dag.py:3823} INFO - Setting next_dagrun for example_branch_dop_operator_v3 to 2024-02-13 12:15:00+00:00, run_after=2024-02-13 12:16:00+00:00
[2024-02-13T12:16:36.515+0000] {processor.py:183} INFO - Processing /home/airflow/.local/lib/python3.8/site-packages/airflow/example_dags/example_branch_python_dop_operator_3.py took 0.187 seconds
[2024-02-13T12:17:06.581+0000] {processor.py:161} INFO - Started process (PID=728) to work on /home/airflow/.local/lib/python3.8/site-packages/airflow/example_dags/example_branch_python_dop_operator_3.py
[2024-02-13T12:17:06.582+0000] {processor.py:830} INFO - Processing file /home/airflow/.local/lib/python3.8/site-packages/airflow/example_dags/example_branch_python_dop_operator_3.py for tasks to queue
[2024-02-13T12:17:06.583+0000] {logging_mixin.py:188} INFO - [2024-02-13T12:17:06.583+0000] {dagbag.py:538} INFO - Filling up the DagBag from /home/airflow/.local/lib/python3.8/site-packages/airflow/example_dags/example_branch_python_dop_operator_3.py
[2024-02-13T12:17:06.599+0000] {processor.py:840} INFO - DAG(s) 'example_branch_dop_operator_v3' retrieved from /home/airflow/.local/lib/python3.8/site-packages/airflow/example_dags/example_branch_python_dop_operator_3.py
[2024-02-13T12:17:06.631+0000] {logging_mixin.py:188} INFO - [2024-02-13T12:17:06.631+0000] {dag.py:3036} INFO - Sync 1 DAGs
[2024-02-13T12:17:06.675+0000] {logging_mixin.py:188} INFO - [2024-02-13T12:17:06.675+0000] {dag.py:3823} INFO - Setting next_dagrun for example_branch_dop_operator_v3 to 2024-02-13 12:16:00+00:00, run_after=2024-02-13 12:17:00+00:00
[2024-02-13T12:17:06.712+0000] {processor.py:183} INFO - Processing /home/airflow/.local/lib/python3.8/site-packages/airflow/example_dags/example_branch_python_dop_operator_3.py took 0.134 seconds
[2024-02-13T12:17:37.319+0000] {processor.py:161} INFO - Started process (PID=792) to work on /home/airflow/.local/lib/python3.8/site-packages/airflow/example_dags/example_branch_python_dop_operator_3.py
[2024-02-13T12:17:37.327+0000] {processor.py:830} INFO - Processing file /home/airflow/.local/lib/python3.8/site-packages/airflow/example_dags/example_branch_python_dop_operator_3.py for tasks to queue
[2024-02-13T12:17:37.329+0000] {logging_mixin.py:188} INFO - [2024-02-13T12:17:37.329+0000] {dagbag.py:538} INFO - Filling up the DagBag from /home/airflow/.local/lib/python3.8/site-packages/airflow/example_dags/example_branch_python_dop_operator_3.py
[2024-02-13T12:17:37.384+0000] {processor.py:840} INFO - DAG(s) 'example_branch_dop_operator_v3' retrieved from /home/airflow/.local/lib/python3.8/site-packages/airflow/example_dags/example_branch_python_dop_operator_3.py
[2024-02-13T12:17:37.543+0000] {logging_mixin.py:188} INFO - [2024-02-13T12:17:37.542+0000] {dag.py:3036} INFO - Sync 1 DAGs
[2024-02-13T12:17:37.656+0000] {logging_mixin.py:188} INFO - [2024-02-13T12:17:37.656+0000] {dag.py:3823} INFO - Setting next_dagrun for example_branch_dop_operator_v3 to 2024-02-13 12:16:00+00:00, run_after=2024-02-13 12:17:00+00:00
[2024-02-13T12:17:37.746+0000] {processor.py:183} INFO - Processing /home/airflow/.local/lib/python3.8/site-packages/airflow/example_dags/example_branch_python_dop_operator_3.py took 0.446 seconds
[2024-02-13T12:18:08.094+0000] {processor.py:161} INFO - Started process (PID=848) to work on /home/airflow/.local/lib/python3.8/site-packages/airflow/example_dags/example_branch_python_dop_operator_3.py
[2024-02-13T12:18:08.103+0000] {processor.py:830} INFO - Processing file /home/airflow/.local/lib/python3.8/site-packages/airflow/example_dags/example_branch_python_dop_operator_3.py for tasks to queue
[2024-02-13T12:18:08.105+0000] {logging_mixin.py:188} INFO - [2024-02-13T12:18:08.104+0000] {dagbag.py:538} INFO - Filling up the DagBag from /home/airflow/.local/lib/python3.8/site-packages/airflow/example_dags/example_branch_python_dop_operator_3.py
[2024-02-13T12:18:08.128+0000] {processor.py:840} INFO - DAG(s) 'example_branch_dop_operator_v3' retrieved from /home/airflow/.local/lib/python3.8/site-packages/airflow/example_dags/example_branch_python_dop_operator_3.py
[2024-02-13T12:18:08.204+0000] {logging_mixin.py:188} INFO - [2024-02-13T12:18:08.204+0000] {dag.py:3036} INFO - Sync 1 DAGs
[2024-02-13T12:18:08.276+0000] {logging_mixin.py:188} INFO - [2024-02-13T12:18:08.276+0000] {dag.py:3823} INFO - Setting next_dagrun for example_branch_dop_operator_v3 to 2024-02-13 12:17:00+00:00, run_after=2024-02-13 12:18:00+00:00
[2024-02-13T12:18:08.330+0000] {processor.py:183} INFO - Processing /home/airflow/.local/lib/python3.8/site-packages/airflow/example_dags/example_branch_python_dop_operator_3.py took 0.242 seconds
[2024-02-13T12:18:38.591+0000] {processor.py:161} INFO - Started process (PID=905) to work on /home/airflow/.local/lib/python3.8/site-packages/airflow/example_dags/example_branch_python_dop_operator_3.py
[2024-02-13T12:18:38.594+0000] {processor.py:830} INFO - Processing file /home/airflow/.local/lib/python3.8/site-packages/airflow/example_dags/example_branch_python_dop_operator_3.py for tasks to queue
[2024-02-13T12:18:38.598+0000] {logging_mixin.py:188} INFO - [2024-02-13T12:18:38.597+0000] {dagbag.py:538} INFO - Filling up the DagBag from /home/airflow/.local/lib/python3.8/site-packages/airflow/example_dags/example_branch_python_dop_operator_3.py
[2024-02-13T12:18:38.626+0000] {processor.py:840} INFO - DAG(s) 'example_branch_dop_operator_v3' retrieved from /home/airflow/.local/lib/python3.8/site-packages/airflow/example_dags/example_branch_python_dop_operator_3.py
[2024-02-13T12:18:38.709+0000] {logging_mixin.py:188} INFO - [2024-02-13T12:18:38.708+0000] {dag.py:3036} INFO - Sync 1 DAGs
[2024-02-13T12:18:38.809+0000] {logging_mixin.py:188} INFO - [2024-02-13T12:18:38.809+0000] {dag.py:3823} INFO - Setting next_dagrun for example_branch_dop_operator_v3 to 2024-02-13 12:17:00+00:00, run_after=2024-02-13 12:18:00+00:00
[2024-02-13T12:18:38.876+0000] {processor.py:183} INFO - Processing /home/airflow/.local/lib/python3.8/site-packages/airflow/example_dags/example_branch_python_dop_operator_3.py took 0.291 seconds
[2024-02-13T12:19:09.189+0000] {processor.py:161} INFO - Started process (PID=961) to work on /home/airflow/.local/lib/python3.8/site-packages/airflow/example_dags/example_branch_python_dop_operator_3.py
[2024-02-13T12:19:09.191+0000] {processor.py:830} INFO - Processing file /home/airflow/.local/lib/python3.8/site-packages/airflow/example_dags/example_branch_python_dop_operator_3.py for tasks to queue
[2024-02-13T12:19:09.194+0000] {logging_mixin.py:188} INFO - [2024-02-13T12:19:09.192+0000] {dagbag.py:538} INFO - Filling up the DagBag from /home/airflow/.local/lib/python3.8/site-packages/airflow/example_dags/example_branch_python_dop_operator_3.py
[2024-02-13T12:19:09.229+0000] {processor.py:840} INFO - DAG(s) 'example_branch_dop_operator_v3' retrieved from /home/airflow/.local/lib/python3.8/site-packages/airflow/example_dags/example_branch_python_dop_operator_3.py
[2024-02-13T12:19:09.308+0000] {logging_mixin.py:188} INFO - [2024-02-13T12:19:09.307+0000] {dag.py:3036} INFO - Sync 1 DAGs
[2024-02-13T12:19:09.434+0000] {logging_mixin.py:188} INFO - [2024-02-13T12:19:09.433+0000] {dag.py:3823} INFO - Setting next_dagrun for example_branch_dop_operator_v3 to 2024-02-13 12:18:00+00:00, run_after=2024-02-13 12:19:00+00:00
[2024-02-13T12:19:09.535+0000] {processor.py:183} INFO - Processing /home/airflow/.local/lib/python3.8/site-packages/airflow/example_dags/example_branch_python_dop_operator_3.py took 0.356 seconds
[2024-02-13T12:19:40.596+0000] {processor.py:161} INFO - Started process (PID=1017) to work on /home/airflow/.local/lib/python3.8/site-packages/airflow/example_dags/example_branch_python_dop_operator_3.py
[2024-02-13T12:19:40.600+0000] {processor.py:830} INFO - Processing file /home/airflow/.local/lib/python3.8/site-packages/airflow/example_dags/example_branch_python_dop_operator_3.py for tasks to queue
[2024-02-13T12:19:40.608+0000] {logging_mixin.py:188} INFO - [2024-02-13T12:19:40.602+0000] {dagbag.py:538} INFO - Filling up the DagBag from /home/airflow/.local/lib/python3.8/site-packages/airflow/example_dags/example_branch_python_dop_operator_3.py
[2024-02-13T12:19:40.641+0000] {processor.py:840} INFO - DAG(s) 'example_branch_dop_operator_v3' retrieved from /home/airflow/.local/lib/python3.8/site-packages/airflow/example_dags/example_branch_python_dop_operator_3.py
[2024-02-13T12:19:40.715+0000] {logging_mixin.py:188} INFO - [2024-02-13T12:19:40.714+0000] {dag.py:3036} INFO - Sync 1 DAGs
[2024-02-13T12:19:40.825+0000] {logging_mixin.py:188} INFO - [2024-02-13T12:19:40.824+0000] {dag.py:3823} INFO - Setting next_dagrun for example_branch_dop_operator_v3 to 2024-02-13 12:18:00+00:00, run_after=2024-02-13 12:19:00+00:00
[2024-02-13T12:19:40.929+0000] {processor.py:183} INFO - Processing /home/airflow/.local/lib/python3.8/site-packages/airflow/example_dags/example_branch_python_dop_operator_3.py took 0.351 seconds
[2024-02-13T12:20:11.332+0000] {processor.py:161} INFO - Started process (PID=1073) to work on /home/airflow/.local/lib/python3.8/site-packages/airflow/example_dags/example_branch_python_dop_operator_3.py
[2024-02-13T12:20:11.333+0000] {processor.py:830} INFO - Processing file /home/airflow/.local/lib/python3.8/site-packages/airflow/example_dags/example_branch_python_dop_operator_3.py for tasks to queue
[2024-02-13T12:20:11.333+0000] {logging_mixin.py:188} INFO - [2024-02-13T12:20:11.333+0000] {dagbag.py:538} INFO - Filling up the DagBag from /home/airflow/.local/lib/python3.8/site-packages/airflow/example_dags/example_branch_python_dop_operator_3.py
[2024-02-13T12:20:11.341+0000] {processor.py:840} INFO - DAG(s) 'example_branch_dop_operator_v3' retrieved from /home/airflow/.local/lib/python3.8/site-packages/airflow/example_dags/example_branch_python_dop_operator_3.py
[2024-02-13T12:20:11.359+0000] {logging_mixin.py:188} INFO - [2024-02-13T12:20:11.359+0000] {dag.py:3036} INFO - Sync 1 DAGs
[2024-02-13T12:20:11.385+0000] {logging_mixin.py:188} INFO - [2024-02-13T12:20:11.385+0000] {dag.py:3823} INFO - Setting next_dagrun for example_branch_dop_operator_v3 to 2024-02-13 12:19:00+00:00, run_after=2024-02-13 12:20:00+00:00
[2024-02-13T12:20:11.402+0000] {processor.py:183} INFO - Processing /home/airflow/.local/lib/python3.8/site-packages/airflow/example_dags/example_branch_python_dop_operator_3.py took 0.073 seconds
[2024-02-13T12:20:42.369+0000] {processor.py:161} INFO - Started process (PID=1129) to work on /home/airflow/.local/lib/python3.8/site-packages/airflow/example_dags/example_branch_python_dop_operator_3.py
[2024-02-13T12:20:42.370+0000] {processor.py:830} INFO - Processing file /home/airflow/.local/lib/python3.8/site-packages/airflow/example_dags/example_branch_python_dop_operator_3.py for tasks to queue
[2024-02-13T12:20:42.371+0000] {logging_mixin.py:188} INFO - [2024-02-13T12:20:42.371+0000] {dagbag.py:538} INFO - Filling up the DagBag from /home/airflow/.local/lib/python3.8/site-packages/airflow/example_dags/example_branch_python_dop_operator_3.py
[2024-02-13T12:20:42.385+0000] {processor.py:840} INFO - DAG(s) 'example_branch_dop_operator_v3' retrieved from /home/airflow/.local/lib/python3.8/site-packages/airflow/example_dags/example_branch_python_dop_operator_3.py
[2024-02-13T12:20:42.430+0000] {logging_mixin.py:188} INFO - [2024-02-13T12:20:42.429+0000] {dag.py:3036} INFO - Sync 1 DAGs
[2024-02-13T12:20:42.487+0000] {logging_mixin.py:188} INFO - [2024-02-13T12:20:42.487+0000] {dag.py:3823} INFO - Setting next_dagrun for example_branch_dop_operator_v3 to 2024-02-13 12:19:00+00:00, run_after=2024-02-13 12:20:00+00:00
[2024-02-13T12:20:42.520+0000] {processor.py:183} INFO - Processing /home/airflow/.local/lib/python3.8/site-packages/airflow/example_dags/example_branch_python_dop_operator_3.py took 0.156 seconds
[2024-02-13T12:21:12.972+0000] {processor.py:161} INFO - Started process (PID=1185) to work on /home/airflow/.local/lib/python3.8/site-packages/airflow/example_dags/example_branch_python_dop_operator_3.py
[2024-02-13T12:21:12.972+0000] {processor.py:830} INFO - Processing file /home/airflow/.local/lib/python3.8/site-packages/airflow/example_dags/example_branch_python_dop_operator_3.py for tasks to queue
[2024-02-13T12:21:12.973+0000] {logging_mixin.py:188} INFO - [2024-02-13T12:21:12.973+0000] {dagbag.py:538} INFO - Filling up the DagBag from /home/airflow/.local/lib/python3.8/site-packages/airflow/example_dags/example_branch_python_dop_operator_3.py
[2024-02-13T12:21:12.983+0000] {processor.py:840} INFO - DAG(s) 'example_branch_dop_operator_v3' retrieved from /home/airflow/.local/lib/python3.8/site-packages/airflow/example_dags/example_branch_python_dop_operator_3.py
[2024-02-13T12:21:13.005+0000] {logging_mixin.py:188} INFO - [2024-02-13T12:21:13.004+0000] {dag.py:3036} INFO - Sync 1 DAGs
[2024-02-13T12:21:13.033+0000] {logging_mixin.py:188} INFO - [2024-02-13T12:21:13.033+0000] {dag.py:3823} INFO - Setting next_dagrun for example_branch_dop_operator_v3 to 2024-02-13 12:20:00+00:00, run_after=2024-02-13 12:21:00+00:00
[2024-02-13T12:21:13.050+0000] {processor.py:183} INFO - Processing /home/airflow/.local/lib/python3.8/site-packages/airflow/example_dags/example_branch_python_dop_operator_3.py took 0.082 seconds
[2024-02-13T12:21:43.114+0000] {processor.py:161} INFO - Started process (PID=1241) to work on /home/airflow/.local/lib/python3.8/site-packages/airflow/example_dags/example_branch_python_dop_operator_3.py
[2024-02-13T12:21:43.116+0000] {processor.py:830} INFO - Processing file /home/airflow/.local/lib/python3.8/site-packages/airflow/example_dags/example_branch_python_dop_operator_3.py for tasks to queue
[2024-02-13T12:21:43.117+0000] {logging_mixin.py:188} INFO - [2024-02-13T12:21:43.117+0000] {dagbag.py:538} INFO - Filling up the DagBag from /home/airflow/.local/lib/python3.8/site-packages/airflow/example_dags/example_branch_python_dop_operator_3.py
[2024-02-13T12:21:43.128+0000] {processor.py:840} INFO - DAG(s) 'example_branch_dop_operator_v3' retrieved from /home/airflow/.local/lib/python3.8/site-packages/airflow/example_dags/example_branch_python_dop_operator_3.py
[2024-02-13T12:21:43.152+0000] {logging_mixin.py:188} INFO - [2024-02-13T12:21:43.152+0000] {dag.py:3036} INFO - Sync 1 DAGs
[2024-02-13T12:21:43.189+0000] {logging_mixin.py:188} INFO - [2024-02-13T12:21:43.189+0000] {dag.py:3823} INFO - Setting next_dagrun for example_branch_dop_operator_v3 to 2024-02-13 12:20:00+00:00, run_after=2024-02-13 12:21:00+00:00
[2024-02-13T12:21:43.209+0000] {processor.py:183} INFO - Processing /home/airflow/.local/lib/python3.8/site-packages/airflow/example_dags/example_branch_python_dop_operator_3.py took 0.101 seconds
[2024-02-13T12:22:13.282+0000] {processor.py:161} INFO - Started process (PID=1298) to work on /home/airflow/.local/lib/python3.8/site-packages/airflow/example_dags/example_branch_python_dop_operator_3.py
[2024-02-13T12:22:13.284+0000] {processor.py:830} INFO - Processing file /home/airflow/.local/lib/python3.8/site-packages/airflow/example_dags/example_branch_python_dop_operator_3.py for tasks to queue
[2024-02-13T12:22:13.286+0000] {logging_mixin.py:188} INFO - [2024-02-13T12:22:13.286+0000] {dagbag.py:538} INFO - Filling up the DagBag from /home/airflow/.local/lib/python3.8/site-packages/airflow/example_dags/example_branch_python_dop_operator_3.py
[2024-02-13T12:22:13.299+0000] {processor.py:840} INFO - DAG(s) 'example_branch_dop_operator_v3' retrieved from /home/airflow/.local/lib/python3.8/site-packages/airflow/example_dags/example_branch_python_dop_operator_3.py
[2024-02-13T12:22:13.318+0000] {logging_mixin.py:188} INFO - [2024-02-13T12:22:13.318+0000] {dag.py:3036} INFO - Sync 1 DAGs
[2024-02-13T12:22:13.344+0000] {logging_mixin.py:188} INFO - [2024-02-13T12:22:13.344+0000] {dag.py:3823} INFO - Setting next_dagrun for example_branch_dop_operator_v3 to 2024-02-13 12:21:00+00:00, run_after=2024-02-13 12:22:00+00:00
[2024-02-13T12:22:13.365+0000] {processor.py:183} INFO - Processing /home/airflow/.local/lib/python3.8/site-packages/airflow/example_dags/example_branch_python_dop_operator_3.py took 0.089 seconds
[2024-02-13T12:22:43.421+0000] {processor.py:161} INFO - Started process (PID=1353) to work on /home/airflow/.local/lib/python3.8/site-packages/airflow/example_dags/example_branch_python_dop_operator_3.py
[2024-02-13T12:22:43.422+0000] {processor.py:830} INFO - Processing file /home/airflow/.local/lib/python3.8/site-packages/airflow/example_dags/example_branch_python_dop_operator_3.py for tasks to queue
[2024-02-13T12:22:43.424+0000] {logging_mixin.py:188} INFO - [2024-02-13T12:22:43.423+0000] {dagbag.py:538} INFO - Filling up the DagBag from /home/airflow/.local/lib/python3.8/site-packages/airflow/example_dags/example_branch_python_dop_operator_3.py
[2024-02-13T12:22:43.445+0000] {processor.py:840} INFO - DAG(s) 'example_branch_dop_operator_v3' retrieved from /home/airflow/.local/lib/python3.8/site-packages/airflow/example_dags/example_branch_python_dop_operator_3.py
[2024-02-13T12:22:43.487+0000] {logging_mixin.py:188} INFO - [2024-02-13T12:22:43.487+0000] {dag.py:3036} INFO - Sync 1 DAGs
[2024-02-13T12:22:43.544+0000] {logging_mixin.py:188} INFO - [2024-02-13T12:22:43.544+0000] {dag.py:3823} INFO - Setting next_dagrun for example_branch_dop_operator_v3 to 2024-02-13 12:21:00+00:00, run_after=2024-02-13 12:22:00+00:00
[2024-02-13T12:22:43.586+0000] {processor.py:183} INFO - Processing /home/airflow/.local/lib/python3.8/site-packages/airflow/example_dags/example_branch_python_dop_operator_3.py took 0.170 seconds
[2024-02-13T12:23:14.354+0000] {processor.py:161} INFO - Started process (PID=1409) to work on /home/airflow/.local/lib/python3.8/site-packages/airflow/example_dags/example_branch_python_dop_operator_3.py
[2024-02-13T12:23:14.357+0000] {processor.py:830} INFO - Processing file /home/airflow/.local/lib/python3.8/site-packages/airflow/example_dags/example_branch_python_dop_operator_3.py for tasks to queue
[2024-02-13T12:23:14.360+0000] {logging_mixin.py:188} INFO - [2024-02-13T12:23:14.360+0000] {dagbag.py:538} INFO - Filling up the DagBag from /home/airflow/.local/lib/python3.8/site-packages/airflow/example_dags/example_branch_python_dop_operator_3.py
[2024-02-13T12:23:14.381+0000] {processor.py:840} INFO - DAG(s) 'example_branch_dop_operator_v3' retrieved from /home/airflow/.local/lib/python3.8/site-packages/airflow/example_dags/example_branch_python_dop_operator_3.py
[2024-02-13T12:23:14.430+0000] {logging_mixin.py:188} INFO - [2024-02-13T12:23:14.429+0000] {dag.py:3036} INFO - Sync 1 DAGs
[2024-02-13T12:23:14.491+0000] {logging_mixin.py:188} INFO - [2024-02-13T12:23:14.490+0000] {dag.py:3823} INFO - Setting next_dagrun for example_branch_dop_operator_v3 to 2024-02-13 12:22:00+00:00, run_after=2024-02-13 12:23:00+00:00
[2024-02-13T12:23:14.527+0000] {processor.py:183} INFO - Processing /home/airflow/.local/lib/python3.8/site-packages/airflow/example_dags/example_branch_python_dop_operator_3.py took 0.181 seconds
[2024-02-13T12:23:44.899+0000] {processor.py:161} INFO - Started process (PID=1465) to work on /home/airflow/.local/lib/python3.8/site-packages/airflow/example_dags/example_branch_python_dop_operator_3.py
[2024-02-13T12:23:44.900+0000] {processor.py:830} INFO - Processing file /home/airflow/.local/lib/python3.8/site-packages/airflow/example_dags/example_branch_python_dop_operator_3.py for tasks to queue
[2024-02-13T12:23:44.901+0000] {logging_mixin.py:188} INFO - [2024-02-13T12:23:44.901+0000] {dagbag.py:538} INFO - Filling up the DagBag from /home/airflow/.local/lib/python3.8/site-packages/airflow/example_dags/example_branch_python_dop_operator_3.py
[2024-02-13T12:23:44.912+0000] {processor.py:840} INFO - DAG(s) 'example_branch_dop_operator_v3' retrieved from /home/airflow/.local/lib/python3.8/site-packages/airflow/example_dags/example_branch_python_dop_operator_3.py
[2024-02-13T12:23:44.938+0000] {logging_mixin.py:188} INFO - [2024-02-13T12:23:44.937+0000] {dag.py:3036} INFO - Sync 1 DAGs
[2024-02-13T12:23:44.969+0000] {logging_mixin.py:188} INFO - [2024-02-13T12:23:44.969+0000] {dag.py:3823} INFO - Setting next_dagrun for example_branch_dop_operator_v3 to 2024-02-13 12:22:00+00:00, run_after=2024-02-13 12:23:00+00:00
[2024-02-13T12:23:44.989+0000] {processor.py:183} INFO - Processing /home/airflow/.local/lib/python3.8/site-packages/airflow/example_dags/example_branch_python_dop_operator_3.py took 0.093 seconds
[2024-02-13T12:24:15.757+0000] {processor.py:161} INFO - Started process (PID=1521) to work on /home/airflow/.local/lib/python3.8/site-packages/airflow/example_dags/example_branch_python_dop_operator_3.py
[2024-02-13T12:24:15.759+0000] {processor.py:830} INFO - Processing file /home/airflow/.local/lib/python3.8/site-packages/airflow/example_dags/example_branch_python_dop_operator_3.py for tasks to queue
[2024-02-13T12:24:15.761+0000] {logging_mixin.py:188} INFO - [2024-02-13T12:24:15.760+0000] {dagbag.py:538} INFO - Filling up the DagBag from /home/airflow/.local/lib/python3.8/site-packages/airflow/example_dags/example_branch_python_dop_operator_3.py
[2024-02-13T12:24:15.779+0000] {processor.py:840} INFO - DAG(s) 'example_branch_dop_operator_v3' retrieved from /home/airflow/.local/lib/python3.8/site-packages/airflow/example_dags/example_branch_python_dop_operator_3.py
[2024-02-13T12:24:15.813+0000] {logging_mixin.py:188} INFO - [2024-02-13T12:24:15.812+0000] {dag.py:3036} INFO - Sync 1 DAGs
[2024-02-13T12:24:15.874+0000] {logging_mixin.py:188} INFO - [2024-02-13T12:24:15.874+0000] {dag.py:3823} INFO - Setting next_dagrun for example_branch_dop_operator_v3 to 2024-02-13 12:23:00+00:00, run_after=2024-02-13 12:24:00+00:00
[2024-02-13T12:24:15.911+0000] {processor.py:183} INFO - Processing /home/airflow/.local/lib/python3.8/site-packages/airflow/example_dags/example_branch_python_dop_operator_3.py took 0.160 seconds
[2024-02-13T12:24:46.561+0000] {processor.py:161} INFO - Started process (PID=1577) to work on /home/airflow/.local/lib/python3.8/site-packages/airflow/example_dags/example_branch_python_dop_operator_3.py
[2024-02-13T12:24:46.562+0000] {processor.py:830} INFO - Processing file /home/airflow/.local/lib/python3.8/site-packages/airflow/example_dags/example_branch_python_dop_operator_3.py for tasks to queue
[2024-02-13T12:24:46.562+0000] {logging_mixin.py:188} INFO - [2024-02-13T12:24:46.562+0000] {dagbag.py:538} INFO - Filling up the DagBag from /home/airflow/.local/lib/python3.8/site-packages/airflow/example_dags/example_branch_python_dop_operator_3.py
[2024-02-13T12:24:46.573+0000] {processor.py:840} INFO - DAG(s) 'example_branch_dop_operator_v3' retrieved from /home/airflow/.local/lib/python3.8/site-packages/airflow/example_dags/example_branch_python_dop_operator_3.py
[2024-02-13T12:24:46.599+0000] {logging_mixin.py:188} INFO - [2024-02-13T12:24:46.599+0000] {dag.py:3036} INFO - Sync 1 DAGs
[2024-02-13T12:24:46.631+0000] {logging_mixin.py:188} INFO - [2024-02-13T12:24:46.631+0000] {dag.py:3823} INFO - Setting next_dagrun for example_branch_dop_operator_v3 to 2024-02-13 12:23:00+00:00, run_after=2024-02-13 12:24:00+00:00
[2024-02-13T12:24:46.649+0000] {processor.py:183} INFO - Processing /home/airflow/.local/lib/python3.8/site-packages/airflow/example_dags/example_branch_python_dop_operator_3.py took 0.092 seconds
[2024-02-13T12:25:16.951+0000] {processor.py:161} INFO - Started process (PID=1633) to work on /home/airflow/.local/lib/python3.8/site-packages/airflow/example_dags/example_branch_python_dop_operator_3.py
[2024-02-13T12:25:16.952+0000] {processor.py:830} INFO - Processing file /home/airflow/.local/lib/python3.8/site-packages/airflow/example_dags/example_branch_python_dop_operator_3.py for tasks to queue
[2024-02-13T12:25:16.954+0000] {logging_mixin.py:188} INFO - [2024-02-13T12:25:16.953+0000] {dagbag.py:538} INFO - Filling up the DagBag from /home/airflow/.local/lib/python3.8/site-packages/airflow/example_dags/example_branch_python_dop_operator_3.py
[2024-02-13T12:25:16.969+0000] {processor.py:840} INFO - DAG(s) 'example_branch_dop_operator_v3' retrieved from /home/airflow/.local/lib/python3.8/site-packages/airflow/example_dags/example_branch_python_dop_operator_3.py
[2024-02-13T12:25:16.995+0000] {logging_mixin.py:188} INFO - [2024-02-13T12:25:16.994+0000] {dag.py:3036} INFO - Sync 1 DAGs
[2024-02-13T12:25:17.041+0000] {logging_mixin.py:188} INFO - [2024-02-13T12:25:17.040+0000] {dag.py:3823} INFO - Setting next_dagrun for example_branch_dop_operator_v3 to 2024-02-13 12:24:00+00:00, run_after=2024-02-13 12:25:00+00:00
[2024-02-13T12:25:17.087+0000] {processor.py:183} INFO - Processing /home/airflow/.local/lib/python3.8/site-packages/airflow/example_dags/example_branch_python_dop_operator_3.py took 0.141 seconds
[2024-02-13T12:25:47.449+0000] {processor.py:161} INFO - Started process (PID=1689) to work on /home/airflow/.local/lib/python3.8/site-packages/airflow/example_dags/example_branch_python_dop_operator_3.py
[2024-02-13T12:25:47.450+0000] {processor.py:830} INFO - Processing file /home/airflow/.local/lib/python3.8/site-packages/airflow/example_dags/example_branch_python_dop_operator_3.py for tasks to queue
[2024-02-13T12:25:47.451+0000] {logging_mixin.py:188} INFO - [2024-02-13T12:25:47.450+0000] {dagbag.py:538} INFO - Filling up the DagBag from /home/airflow/.local/lib/python3.8/site-packages/airflow/example_dags/example_branch_python_dop_operator_3.py
[2024-02-13T12:25:47.459+0000] {processor.py:840} INFO - DAG(s) 'example_branch_dop_operator_v3' retrieved from /home/airflow/.local/lib/python3.8/site-packages/airflow/example_dags/example_branch_python_dop_operator_3.py
[2024-02-13T12:25:47.478+0000] {logging_mixin.py:188} INFO - [2024-02-13T12:25:47.477+0000] {dag.py:3036} INFO - Sync 1 DAGs
[2024-02-13T12:25:47.505+0000] {logging_mixin.py:188} INFO - [2024-02-13T12:25:47.505+0000] {dag.py:3823} INFO - Setting next_dagrun for example_branch_dop_operator_v3 to 2024-02-13 12:24:00+00:00, run_after=2024-02-13 12:25:00+00:00
[2024-02-13T12:25:47.523+0000] {processor.py:183} INFO - Processing /home/airflow/.local/lib/python3.8/site-packages/airflow/example_dags/example_branch_python_dop_operator_3.py took 0.077 seconds
[2024-02-13T12:26:18.042+0000] {processor.py:161} INFO - Started process (PID=1745) to work on /home/airflow/.local/lib/python3.8/site-packages/airflow/example_dags/example_branch_python_dop_operator_3.py
[2024-02-13T12:26:18.043+0000] {processor.py:830} INFO - Processing file /home/airflow/.local/lib/python3.8/site-packages/airflow/example_dags/example_branch_python_dop_operator_3.py for tasks to queue
[2024-02-13T12:26:18.044+0000] {logging_mixin.py:188} INFO - [2024-02-13T12:26:18.044+0000] {dagbag.py:538} INFO - Filling up the DagBag from /home/airflow/.local/lib/python3.8/site-packages/airflow/example_dags/example_branch_python_dop_operator_3.py
[2024-02-13T12:26:18.054+0000] {processor.py:840} INFO - DAG(s) 'example_branch_dop_operator_v3' retrieved from /home/airflow/.local/lib/python3.8/site-packages/airflow/example_dags/example_branch_python_dop_operator_3.py
[2024-02-13T12:26:18.077+0000] {logging_mixin.py:188} INFO - [2024-02-13T12:26:18.076+0000] {dag.py:3036} INFO - Sync 1 DAGs
[2024-02-13T12:26:18.115+0000] {logging_mixin.py:188} INFO - [2024-02-13T12:26:18.114+0000] {dag.py:3823} INFO - Setting next_dagrun for example_branch_dop_operator_v3 to 2024-02-13 12:25:00+00:00, run_after=2024-02-13 12:26:00+00:00
[2024-02-13T12:26:18.141+0000] {processor.py:183} INFO - Processing /home/airflow/.local/lib/python3.8/site-packages/airflow/example_dags/example_branch_python_dop_operator_3.py took 0.102 seconds
[2024-02-13T12:26:49.083+0000] {processor.py:161} INFO - Started process (PID=1801) to work on /home/airflow/.local/lib/python3.8/site-packages/airflow/example_dags/example_branch_python_dop_operator_3.py
[2024-02-13T12:26:49.085+0000] {processor.py:830} INFO - Processing file /home/airflow/.local/lib/python3.8/site-packages/airflow/example_dags/example_branch_python_dop_operator_3.py for tasks to queue
[2024-02-13T12:26:49.086+0000] {logging_mixin.py:188} INFO - [2024-02-13T12:26:49.085+0000] {dagbag.py:538} INFO - Filling up the DagBag from /home/airflow/.local/lib/python3.8/site-packages/airflow/example_dags/example_branch_python_dop_operator_3.py
[2024-02-13T12:26:49.103+0000] {processor.py:840} INFO - DAG(s) 'example_branch_dop_operator_v3' retrieved from /home/airflow/.local/lib/python3.8/site-packages/airflow/example_dags/example_branch_python_dop_operator_3.py
[2024-02-13T12:26:49.137+0000] {logging_mixin.py:188} INFO - [2024-02-13T12:26:49.137+0000] {dag.py:3036} INFO - Sync 1 DAGs
[2024-02-13T12:26:49.176+0000] {logging_mixin.py:188} INFO - [2024-02-13T12:26:49.176+0000] {dag.py:3823} INFO - Setting next_dagrun for example_branch_dop_operator_v3 to 2024-02-13 12:25:00+00:00, run_after=2024-02-13 12:26:00+00:00
[2024-02-13T12:26:49.199+0000] {processor.py:183} INFO - Processing /home/airflow/.local/lib/python3.8/site-packages/airflow/example_dags/example_branch_python_dop_operator_3.py took 0.120 seconds
[2024-02-13T12:27:19.248+0000] {processor.py:161} INFO - Started process (PID=1857) to work on /home/airflow/.local/lib/python3.8/site-packages/airflow/example_dags/example_branch_python_dop_operator_3.py
[2024-02-13T12:27:19.249+0000] {processor.py:830} INFO - Processing file /home/airflow/.local/lib/python3.8/site-packages/airflow/example_dags/example_branch_python_dop_operator_3.py for tasks to queue
[2024-02-13T12:27:19.250+0000] {logging_mixin.py:188} INFO - [2024-02-13T12:27:19.249+0000] {dagbag.py:538} INFO - Filling up the DagBag from /home/airflow/.local/lib/python3.8/site-packages/airflow/example_dags/example_branch_python_dop_operator_3.py
[2024-02-13T12:27:19.259+0000] {processor.py:840} INFO - DAG(s) 'example_branch_dop_operator_v3' retrieved from /home/airflow/.local/lib/python3.8/site-packages/airflow/example_dags/example_branch_python_dop_operator_3.py
[2024-02-13T12:27:19.282+0000] {logging_mixin.py:188} INFO - [2024-02-13T12:27:19.282+0000] {dag.py:3036} INFO - Sync 1 DAGs
[2024-02-13T12:27:19.313+0000] {logging_mixin.py:188} INFO - [2024-02-13T12:27:19.313+0000] {dag.py:3823} INFO - Setting next_dagrun for example_branch_dop_operator_v3 to 2024-02-13 12:26:00+00:00, run_after=2024-02-13 12:27:00+00:00
[2024-02-13T12:27:19.335+0000] {processor.py:183} INFO - Processing /home/airflow/.local/lib/python3.8/site-packages/airflow/example_dags/example_branch_python_dop_operator_3.py took 0.090 seconds
[2024-02-13T12:27:49.497+0000] {processor.py:161} INFO - Started process (PID=1913) to work on /home/airflow/.local/lib/python3.8/site-packages/airflow/example_dags/example_branch_python_dop_operator_3.py
[2024-02-13T12:27:49.498+0000] {processor.py:830} INFO - Processing file /home/airflow/.local/lib/python3.8/site-packages/airflow/example_dags/example_branch_python_dop_operator_3.py for tasks to queue
[2024-02-13T12:27:49.500+0000] {logging_mixin.py:188} INFO - [2024-02-13T12:27:49.499+0000] {dagbag.py:538} INFO - Filling up the DagBag from /home/airflow/.local/lib/python3.8/site-packages/airflow/example_dags/example_branch_python_dop_operator_3.py
[2024-02-13T12:27:49.520+0000] {processor.py:840} INFO - DAG(s) 'example_branch_dop_operator_v3' retrieved from /home/airflow/.local/lib/python3.8/site-packages/airflow/example_dags/example_branch_python_dop_operator_3.py
[2024-02-13T12:27:49.548+0000] {logging_mixin.py:188} INFO - [2024-02-13T12:27:49.548+0000] {dag.py:3036} INFO - Sync 1 DAGs
[2024-02-13T12:27:49.589+0000] {logging_mixin.py:188} INFO - [2024-02-13T12:27:49.589+0000] {dag.py:3823} INFO - Setting next_dagrun for example_branch_dop_operator_v3 to 2024-02-13 12:26:00+00:00, run_after=2024-02-13 12:27:00+00:00
[2024-02-13T12:27:49.619+0000] {processor.py:183} INFO - Processing /home/airflow/.local/lib/python3.8/site-packages/airflow/example_dags/example_branch_python_dop_operator_3.py took 0.128 seconds
[2024-02-13T12:28:19.678+0000] {processor.py:161} INFO - Started process (PID=1969) to work on /home/airflow/.local/lib/python3.8/site-packages/airflow/example_dags/example_branch_python_dop_operator_3.py
[2024-02-13T12:28:19.679+0000] {processor.py:830} INFO - Processing file /home/airflow/.local/lib/python3.8/site-packages/airflow/example_dags/example_branch_python_dop_operator_3.py for tasks to queue
[2024-02-13T12:28:19.680+0000] {logging_mixin.py:188} INFO - [2024-02-13T12:28:19.680+0000] {dagbag.py:538} INFO - Filling up the DagBag from /home/airflow/.local/lib/python3.8/site-packages/airflow/example_dags/example_branch_python_dop_operator_3.py
[2024-02-13T12:28:19.694+0000] {processor.py:840} INFO - DAG(s) 'example_branch_dop_operator_v3' retrieved from /home/airflow/.local/lib/python3.8/site-packages/airflow/example_dags/example_branch_python_dop_operator_3.py
[2024-02-13T12:28:19.716+0000] {logging_mixin.py:188} INFO - [2024-02-13T12:28:19.716+0000] {dag.py:3036} INFO - Sync 1 DAGs
[2024-02-13T12:28:19.745+0000] {logging_mixin.py:188} INFO - [2024-02-13T12:28:19.744+0000] {dag.py:3823} INFO - Setting next_dagrun for example_branch_dop_operator_v3 to 2024-02-13 12:27:00+00:00, run_after=2024-02-13 12:28:00+00:00
[2024-02-13T12:28:19.763+0000] {processor.py:183} INFO - Processing /home/airflow/.local/lib/python3.8/site-packages/airflow/example_dags/example_branch_python_dop_operator_3.py took 0.089 seconds
[2024-02-13T12:28:50.011+0000] {processor.py:161} INFO - Started process (PID=2025) to work on /home/airflow/.local/lib/python3.8/site-packages/airflow/example_dags/example_branch_python_dop_operator_3.py
[2024-02-13T12:28:50.012+0000] {processor.py:830} INFO - Processing file /home/airflow/.local/lib/python3.8/site-packages/airflow/example_dags/example_branch_python_dop_operator_3.py for tasks to queue
[2024-02-13T12:28:50.013+0000] {logging_mixin.py:188} INFO - [2024-02-13T12:28:50.013+0000] {dagbag.py:538} INFO - Filling up the DagBag from /home/airflow/.local/lib/python3.8/site-packages/airflow/example_dags/example_branch_python_dop_operator_3.py
[2024-02-13T12:28:50.024+0000] {processor.py:840} INFO - DAG(s) 'example_branch_dop_operator_v3' retrieved from /home/airflow/.local/lib/python3.8/site-packages/airflow/example_dags/example_branch_python_dop_operator_3.py
[2024-02-13T12:28:50.044+0000] {logging_mixin.py:188} INFO - [2024-02-13T12:28:50.044+0000] {dag.py:3036} INFO - Sync 1 DAGs
[2024-02-13T12:28:50.084+0000] {logging_mixin.py:188} INFO - [2024-02-13T12:28:50.083+0000] {dag.py:3823} INFO - Setting next_dagrun for example_branch_dop_operator_v3 to 2024-02-13 12:27:00+00:00, run_after=2024-02-13 12:28:00+00:00
[2024-02-13T12:28:50.124+0000] {processor.py:183} INFO - Processing /home/airflow/.local/lib/python3.8/site-packages/airflow/example_dags/example_branch_python_dop_operator_3.py took 0.117 seconds
[2024-02-13T12:29:20.214+0000] {processor.py:161} INFO - Started process (PID=2081) to work on /home/airflow/.local/lib/python3.8/site-packages/airflow/example_dags/example_branch_python_dop_operator_3.py
[2024-02-13T12:29:20.216+0000] {processor.py:830} INFO - Processing file /home/airflow/.local/lib/python3.8/site-packages/airflow/example_dags/example_branch_python_dop_operator_3.py for tasks to queue
[2024-02-13T12:29:20.217+0000] {logging_mixin.py:188} INFO - [2024-02-13T12:29:20.217+0000] {dagbag.py:538} INFO - Filling up the DagBag from /home/airflow/.local/lib/python3.8/site-packages/airflow/example_dags/example_branch_python_dop_operator_3.py
[2024-02-13T12:29:20.232+0000] {processor.py:840} INFO - DAG(s) 'example_branch_dop_operator_v3' retrieved from /home/airflow/.local/lib/python3.8/site-packages/airflow/example_dags/example_branch_python_dop_operator_3.py
[2024-02-13T12:29:20.270+0000] {logging_mixin.py:188} INFO - [2024-02-13T12:29:20.270+0000] {dag.py:3036} INFO - Sync 1 DAGs
[2024-02-13T12:29:20.321+0000] {logging_mixin.py:188} INFO - [2024-02-13T12:29:20.320+0000] {dag.py:3823} INFO - Setting next_dagrun for example_branch_dop_operator_v3 to 2024-02-13 12:28:00+00:00, run_after=2024-02-13 12:29:00+00:00
[2024-02-13T12:29:20.356+0000] {processor.py:183} INFO - Processing /home/airflow/.local/lib/python3.8/site-packages/airflow/example_dags/example_branch_python_dop_operator_3.py took 0.149 seconds
[2024-02-13T12:29:50.608+0000] {processor.py:161} INFO - Started process (PID=2137) to work on /home/airflow/.local/lib/python3.8/site-packages/airflow/example_dags/example_branch_python_dop_operator_3.py
[2024-02-13T12:29:50.609+0000] {processor.py:830} INFO - Processing file /home/airflow/.local/lib/python3.8/site-packages/airflow/example_dags/example_branch_python_dop_operator_3.py for tasks to queue
[2024-02-13T12:29:50.609+0000] {logging_mixin.py:188} INFO - [2024-02-13T12:29:50.609+0000] {dagbag.py:538} INFO - Filling up the DagBag from /home/airflow/.local/lib/python3.8/site-packages/airflow/example_dags/example_branch_python_dop_operator_3.py
[2024-02-13T12:29:50.618+0000] {processor.py:840} INFO - DAG(s) 'example_branch_dop_operator_v3' retrieved from /home/airflow/.local/lib/python3.8/site-packages/airflow/example_dags/example_branch_python_dop_operator_3.py
[2024-02-13T12:29:50.638+0000] {logging_mixin.py:188} INFO - [2024-02-13T12:29:50.638+0000] {dag.py:3036} INFO - Sync 1 DAGs
[2024-02-13T12:29:50.665+0000] {logging_mixin.py:188} INFO - [2024-02-13T12:29:50.664+0000] {dag.py:3823} INFO - Setting next_dagrun for example_branch_dop_operator_v3 to 2024-02-13 12:28:00+00:00, run_after=2024-02-13 12:29:00+00:00
[2024-02-13T12:29:50.683+0000] {processor.py:183} INFO - Processing /home/airflow/.local/lib/python3.8/site-packages/airflow/example_dags/example_branch_python_dop_operator_3.py took 0.078 seconds
[2024-02-13T12:30:20.879+0000] {processor.py:161} INFO - Started process (PID=2193) to work on /home/airflow/.local/lib/python3.8/site-packages/airflow/example_dags/example_branch_python_dop_operator_3.py
[2024-02-13T12:30:20.880+0000] {processor.py:830} INFO - Processing file /home/airflow/.local/lib/python3.8/site-packages/airflow/example_dags/example_branch_python_dop_operator_3.py for tasks to queue
[2024-02-13T12:30:20.881+0000] {logging_mixin.py:188} INFO - [2024-02-13T12:30:20.881+0000] {dagbag.py:538} INFO - Filling up the DagBag from /home/airflow/.local/lib/python3.8/site-packages/airflow/example_dags/example_branch_python_dop_operator_3.py
[2024-02-13T12:30:20.889+0000] {processor.py:840} INFO - DAG(s) 'example_branch_dop_operator_v3' retrieved from /home/airflow/.local/lib/python3.8/site-packages/airflow/example_dags/example_branch_python_dop_operator_3.py
[2024-02-13T12:30:20.908+0000] {logging_mixin.py:188} INFO - [2024-02-13T12:30:20.907+0000] {dag.py:3036} INFO - Sync 1 DAGs
[2024-02-13T12:30:20.936+0000] {logging_mixin.py:188} INFO - [2024-02-13T12:30:20.935+0000] {dag.py:3823} INFO - Setting next_dagrun for example_branch_dop_operator_v3 to 2024-02-13 12:29:00+00:00, run_after=2024-02-13 12:30:00+00:00
[2024-02-13T12:30:20.956+0000] {processor.py:183} INFO - Processing /home/airflow/.local/lib/python3.8/site-packages/airflow/example_dags/example_branch_python_dop_operator_3.py took 0.080 seconds
[2024-02-13T12:30:51.055+0000] {processor.py:161} INFO - Started process (PID=2247) to work on /home/airflow/.local/lib/python3.8/site-packages/airflow/example_dags/example_branch_python_dop_operator_3.py
[2024-02-13T12:30:51.056+0000] {processor.py:830} INFO - Processing file /home/airflow/.local/lib/python3.8/site-packages/airflow/example_dags/example_branch_python_dop_operator_3.py for tasks to queue
[2024-02-13T12:30:51.056+0000] {logging_mixin.py:188} INFO - [2024-02-13T12:30:51.056+0000] {dagbag.py:538} INFO - Filling up the DagBag from /home/airflow/.local/lib/python3.8/site-packages/airflow/example_dags/example_branch_python_dop_operator_3.py
[2024-02-13T12:30:51.065+0000] {processor.py:840} INFO - DAG(s) 'example_branch_dop_operator_v3' retrieved from /home/airflow/.local/lib/python3.8/site-packages/airflow/example_dags/example_branch_python_dop_operator_3.py
[2024-02-13T12:30:51.083+0000] {logging_mixin.py:188} INFO - [2024-02-13T12:30:51.083+0000] {dag.py:3036} INFO - Sync 1 DAGs
[2024-02-13T12:30:51.112+0000] {logging_mixin.py:188} INFO - [2024-02-13T12:30:51.112+0000] {dag.py:3823} INFO - Setting next_dagrun for example_branch_dop_operator_v3 to 2024-02-13 12:29:00+00:00, run_after=2024-02-13 12:30:00+00:00
[2024-02-13T12:30:51.138+0000] {processor.py:183} INFO - Processing /home/airflow/.local/lib/python3.8/site-packages/airflow/example_dags/example_branch_python_dop_operator_3.py took 0.086 seconds
[2024-02-13T12:31:21.411+0000] {processor.py:161} INFO - Started process (PID=2303) to work on /home/airflow/.local/lib/python3.8/site-packages/airflow/example_dags/example_branch_python_dop_operator_3.py
[2024-02-13T12:31:21.412+0000] {processor.py:830} INFO - Processing file /home/airflow/.local/lib/python3.8/site-packages/airflow/example_dags/example_branch_python_dop_operator_3.py for tasks to queue
[2024-02-13T12:31:21.413+0000] {logging_mixin.py:188} INFO - [2024-02-13T12:31:21.413+0000] {dagbag.py:538} INFO - Filling up the DagBag from /home/airflow/.local/lib/python3.8/site-packages/airflow/example_dags/example_branch_python_dop_operator_3.py
[2024-02-13T12:31:21.424+0000] {processor.py:840} INFO - DAG(s) 'example_branch_dop_operator_v3' retrieved from /home/airflow/.local/lib/python3.8/site-packages/airflow/example_dags/example_branch_python_dop_operator_3.py
[2024-02-13T12:31:21.449+0000] {logging_mixin.py:188} INFO - [2024-02-13T12:31:21.448+0000] {dag.py:3036} INFO - Sync 1 DAGs
[2024-02-13T12:31:21.484+0000] {logging_mixin.py:188} INFO - [2024-02-13T12:31:21.484+0000] {dag.py:3823} INFO - Setting next_dagrun for example_branch_dop_operator_v3 to 2024-02-13 12:30:00+00:00, run_after=2024-02-13 12:31:00+00:00
[2024-02-13T12:31:21.506+0000] {processor.py:183} INFO - Processing /home/airflow/.local/lib/python3.8/site-packages/airflow/example_dags/example_branch_python_dop_operator_3.py took 0.098 seconds
[2024-02-13T12:31:52.257+0000] {processor.py:161} INFO - Started process (PID=2360) to work on /home/airflow/.local/lib/python3.8/site-packages/airflow/example_dags/example_branch_python_dop_operator_3.py
[2024-02-13T12:31:52.258+0000] {processor.py:830} INFO - Processing file /home/airflow/.local/lib/python3.8/site-packages/airflow/example_dags/example_branch_python_dop_operator_3.py for tasks to queue
[2024-02-13T12:31:52.259+0000] {logging_mixin.py:188} INFO - [2024-02-13T12:31:52.259+0000] {dagbag.py:538} INFO - Filling up the DagBag from /home/airflow/.local/lib/python3.8/site-packages/airflow/example_dags/example_branch_python_dop_operator_3.py
[2024-02-13T12:31:52.271+0000] {processor.py:840} INFO - DAG(s) 'example_branch_dop_operator_v3' retrieved from /home/airflow/.local/lib/python3.8/site-packages/airflow/example_dags/example_branch_python_dop_operator_3.py
[2024-02-13T12:31:52.295+0000] {logging_mixin.py:188} INFO - [2024-02-13T12:31:52.295+0000] {dag.py:3036} INFO - Sync 1 DAGs
[2024-02-13T12:31:52.331+0000] {logging_mixin.py:188} INFO - [2024-02-13T12:31:52.331+0000] {dag.py:3823} INFO - Setting next_dagrun for example_branch_dop_operator_v3 to 2024-02-13 12:30:00+00:00, run_after=2024-02-13 12:31:00+00:00
[2024-02-13T12:31:52.353+0000] {processor.py:183} INFO - Processing /home/airflow/.local/lib/python3.8/site-packages/airflow/example_dags/example_branch_python_dop_operator_3.py took 0.099 seconds
[2024-02-13T12:32:22.621+0000] {processor.py:161} INFO - Started process (PID=2417) to work on /home/airflow/.local/lib/python3.8/site-packages/airflow/example_dags/example_branch_python_dop_operator_3.py
[2024-02-13T12:32:22.622+0000] {processor.py:830} INFO - Processing file /home/airflow/.local/lib/python3.8/site-packages/airflow/example_dags/example_branch_python_dop_operator_3.py for tasks to queue
[2024-02-13T12:32:22.622+0000] {logging_mixin.py:188} INFO - [2024-02-13T12:32:22.622+0000] {dagbag.py:538} INFO - Filling up the DagBag from /home/airflow/.local/lib/python3.8/site-packages/airflow/example_dags/example_branch_python_dop_operator_3.py
[2024-02-13T12:32:22.630+0000] {processor.py:840} INFO - DAG(s) 'example_branch_dop_operator_v3' retrieved from /home/airflow/.local/lib/python3.8/site-packages/airflow/example_dags/example_branch_python_dop_operator_3.py
[2024-02-13T12:32:22.649+0000] {logging_mixin.py:188} INFO - [2024-02-13T12:32:22.649+0000] {dag.py:3036} INFO - Sync 1 DAGs
[2024-02-13T12:32:22.676+0000] {logging_mixin.py:188} INFO - [2024-02-13T12:32:22.676+0000] {dag.py:3823} INFO - Setting next_dagrun for example_branch_dop_operator_v3 to 2024-02-13 12:31:00+00:00, run_after=2024-02-13 12:32:00+00:00
[2024-02-13T12:32:22.694+0000] {processor.py:183} INFO - Processing /home/airflow/.local/lib/python3.8/site-packages/airflow/example_dags/example_branch_python_dop_operator_3.py took 0.075 seconds
[2024-02-13T12:32:53.551+0000] {processor.py:161} INFO - Started process (PID=2473) to work on /home/airflow/.local/lib/python3.8/site-packages/airflow/example_dags/example_branch_python_dop_operator_3.py
[2024-02-13T12:32:53.556+0000] {processor.py:830} INFO - Processing file /home/airflow/.local/lib/python3.8/site-packages/airflow/example_dags/example_branch_python_dop_operator_3.py for tasks to queue
[2024-02-13T12:32:53.558+0000] {logging_mixin.py:188} INFO - [2024-02-13T12:32:53.558+0000] {dagbag.py:538} INFO - Filling up the DagBag from /home/airflow/.local/lib/python3.8/site-packages/airflow/example_dags/example_branch_python_dop_operator_3.py
[2024-02-13T12:32:53.580+0000] {processor.py:840} INFO - DAG(s) 'example_branch_dop_operator_v3' retrieved from /home/airflow/.local/lib/python3.8/site-packages/airflow/example_dags/example_branch_python_dop_operator_3.py
[2024-02-13T12:32:53.645+0000] {logging_mixin.py:188} INFO - [2024-02-13T12:32:53.643+0000] {dag.py:3036} INFO - Sync 1 DAGs
[2024-02-13T12:32:53.749+0000] {logging_mixin.py:188} INFO - [2024-02-13T12:32:53.749+0000] {dag.py:3823} INFO - Setting next_dagrun for example_branch_dop_operator_v3 to 2024-02-13 12:31:00+00:00, run_after=2024-02-13 12:32:00+00:00
[2024-02-13T12:32:53.808+0000] {processor.py:183} INFO - Processing /home/airflow/.local/lib/python3.8/site-packages/airflow/example_dags/example_branch_python_dop_operator_3.py took 0.265 seconds
[2024-02-13T12:33:24.542+0000] {processor.py:161} INFO - Started process (PID=2530) to work on /home/airflow/.local/lib/python3.8/site-packages/airflow/example_dags/example_branch_python_dop_operator_3.py
[2024-02-13T12:33:24.544+0000] {processor.py:830} INFO - Processing file /home/airflow/.local/lib/python3.8/site-packages/airflow/example_dags/example_branch_python_dop_operator_3.py for tasks to queue
[2024-02-13T12:33:24.545+0000] {logging_mixin.py:188} INFO - [2024-02-13T12:33:24.544+0000] {dagbag.py:538} INFO - Filling up the DagBag from /home/airflow/.local/lib/python3.8/site-packages/airflow/example_dags/example_branch_python_dop_operator_3.py
[2024-02-13T12:33:24.554+0000] {processor.py:840} INFO - DAG(s) 'example_branch_dop_operator_v3' retrieved from /home/airflow/.local/lib/python3.8/site-packages/airflow/example_dags/example_branch_python_dop_operator_3.py
[2024-02-13T12:33:24.573+0000] {logging_mixin.py:188} INFO - [2024-02-13T12:33:24.572+0000] {dag.py:3036} INFO - Sync 1 DAGs
[2024-02-13T12:33:24.603+0000] {logging_mixin.py:188} INFO - [2024-02-13T12:33:24.602+0000] {dag.py:3823} INFO - Setting next_dagrun for example_branch_dop_operator_v3 to 2024-02-13 12:32:00+00:00, run_after=2024-02-13 12:33:00+00:00
[2024-02-13T12:33:24.622+0000] {processor.py:183} INFO - Processing /home/airflow/.local/lib/python3.8/site-packages/airflow/example_dags/example_branch_python_dop_operator_3.py took 0.082 seconds
[2024-02-13T12:33:55.073+0000] {processor.py:161} INFO - Started process (PID=2586) to work on /home/airflow/.local/lib/python3.8/site-packages/airflow/example_dags/example_branch_python_dop_operator_3.py
[2024-02-13T12:33:55.074+0000] {processor.py:830} INFO - Processing file /home/airflow/.local/lib/python3.8/site-packages/airflow/example_dags/example_branch_python_dop_operator_3.py for tasks to queue
[2024-02-13T12:33:55.075+0000] {logging_mixin.py:188} INFO - [2024-02-13T12:33:55.074+0000] {dagbag.py:538} INFO - Filling up the DagBag from /home/airflow/.local/lib/python3.8/site-packages/airflow/example_dags/example_branch_python_dop_operator_3.py
[2024-02-13T12:33:55.085+0000] {processor.py:840} INFO - DAG(s) 'example_branch_dop_operator_v3' retrieved from /home/airflow/.local/lib/python3.8/site-packages/airflow/example_dags/example_branch_python_dop_operator_3.py
[2024-02-13T12:33:55.109+0000] {logging_mixin.py:188} INFO - [2024-02-13T12:33:55.108+0000] {dag.py:3036} INFO - Sync 1 DAGs
[2024-02-13T12:33:55.140+0000] {logging_mixin.py:188} INFO - [2024-02-13T12:33:55.140+0000] {dag.py:3823} INFO - Setting next_dagrun for example_branch_dop_operator_v3 to 2024-02-13 12:32:00+00:00, run_after=2024-02-13 12:33:00+00:00
[2024-02-13T12:33:55.159+0000] {processor.py:183} INFO - Processing /home/airflow/.local/lib/python3.8/site-packages/airflow/example_dags/example_branch_python_dop_operator_3.py took 0.089 seconds
[2024-02-13T12:34:26.088+0000] {processor.py:161} INFO - Started process (PID=2642) to work on /home/airflow/.local/lib/python3.8/site-packages/airflow/example_dags/example_branch_python_dop_operator_3.py
[2024-02-13T12:34:26.089+0000] {processor.py:830} INFO - Processing file /home/airflow/.local/lib/python3.8/site-packages/airflow/example_dags/example_branch_python_dop_operator_3.py for tasks to queue
[2024-02-13T12:34:26.092+0000] {logging_mixin.py:188} INFO - [2024-02-13T12:34:26.091+0000] {dagbag.py:538} INFO - Filling up the DagBag from /home/airflow/.local/lib/python3.8/site-packages/airflow/example_dags/example_branch_python_dop_operator_3.py
[2024-02-13T12:34:26.108+0000] {processor.py:840} INFO - DAG(s) 'example_branch_dop_operator_v3' retrieved from /home/airflow/.local/lib/python3.8/site-packages/airflow/example_dags/example_branch_python_dop_operator_3.py
[2024-02-13T12:34:26.133+0000] {logging_mixin.py:188} INFO - [2024-02-13T12:34:26.132+0000] {dag.py:3036} INFO - Sync 1 DAGs
[2024-02-13T12:34:26.164+0000] {logging_mixin.py:188} INFO - [2024-02-13T12:34:26.164+0000] {dag.py:3823} INFO - Setting next_dagrun for example_branch_dop_operator_v3 to 2024-02-13 12:33:00+00:00, run_after=2024-02-13 12:34:00+00:00
[2024-02-13T12:34:26.183+0000] {processor.py:183} INFO - Processing /home/airflow/.local/lib/python3.8/site-packages/airflow/example_dags/example_branch_python_dop_operator_3.py took 0.099 seconds
[2024-02-13T12:34:56.432+0000] {processor.py:161} INFO - Started process (PID=2698) to work on /home/airflow/.local/lib/python3.8/site-packages/airflow/example_dags/example_branch_python_dop_operator_3.py
[2024-02-13T12:34:56.433+0000] {processor.py:830} INFO - Processing file /home/airflow/.local/lib/python3.8/site-packages/airflow/example_dags/example_branch_python_dop_operator_3.py for tasks to queue
[2024-02-13T12:34:56.434+0000] {logging_mixin.py:188} INFO - [2024-02-13T12:34:56.433+0000] {dagbag.py:538} INFO - Filling up the DagBag from /home/airflow/.local/lib/python3.8/site-packages/airflow/example_dags/example_branch_python_dop_operator_3.py
[2024-02-13T12:34:56.443+0000] {processor.py:840} INFO - DAG(s) 'example_branch_dop_operator_v3' retrieved from /home/airflow/.local/lib/python3.8/site-packages/airflow/example_dags/example_branch_python_dop_operator_3.py
[2024-02-13T12:34:56.463+0000] {logging_mixin.py:188} INFO - [2024-02-13T12:34:56.463+0000] {dag.py:3036} INFO - Sync 1 DAGs
[2024-02-13T12:34:56.492+0000] {logging_mixin.py:188} INFO - [2024-02-13T12:34:56.492+0000] {dag.py:3823} INFO - Setting next_dagrun for example_branch_dop_operator_v3 to 2024-02-13 12:33:00+00:00, run_after=2024-02-13 12:34:00+00:00
[2024-02-13T12:34:56.513+0000] {processor.py:183} INFO - Processing /home/airflow/.local/lib/python3.8/site-packages/airflow/example_dags/example_branch_python_dop_operator_3.py took 0.084 seconds
[2024-02-13T12:35:26.618+0000] {processor.py:161} INFO - Started process (PID=2755) to work on /home/airflow/.local/lib/python3.8/site-packages/airflow/example_dags/example_branch_python_dop_operator_3.py
[2024-02-13T12:35:26.619+0000] {processor.py:830} INFO - Processing file /home/airflow/.local/lib/python3.8/site-packages/airflow/example_dags/example_branch_python_dop_operator_3.py for tasks to queue
[2024-02-13T12:35:26.620+0000] {logging_mixin.py:188} INFO - [2024-02-13T12:35:26.619+0000] {dagbag.py:538} INFO - Filling up the DagBag from /home/airflow/.local/lib/python3.8/site-packages/airflow/example_dags/example_branch_python_dop_operator_3.py
[2024-02-13T12:35:26.629+0000] {processor.py:840} INFO - DAG(s) 'example_branch_dop_operator_v3' retrieved from /home/airflow/.local/lib/python3.8/site-packages/airflow/example_dags/example_branch_python_dop_operator_3.py
[2024-02-13T12:35:26.648+0000] {logging_mixin.py:188} INFO - [2024-02-13T12:35:26.648+0000] {dag.py:3036} INFO - Sync 1 DAGs
[2024-02-13T12:35:26.674+0000] {logging_mixin.py:188} INFO - [2024-02-13T12:35:26.674+0000] {dag.py:3823} INFO - Setting next_dagrun for example_branch_dop_operator_v3 to 2024-02-13 12:34:00+00:00, run_after=2024-02-13 12:35:00+00:00
[2024-02-13T12:35:26.693+0000] {processor.py:183} INFO - Processing /home/airflow/.local/lib/python3.8/site-packages/airflow/example_dags/example_branch_python_dop_operator_3.py took 0.077 seconds
[2024-02-13T12:35:56.883+0000] {processor.py:161} INFO - Started process (PID=2811) to work on /home/airflow/.local/lib/python3.8/site-packages/airflow/example_dags/example_branch_python_dop_operator_3.py
[2024-02-13T12:35:56.884+0000] {processor.py:830} INFO - Processing file /home/airflow/.local/lib/python3.8/site-packages/airflow/example_dags/example_branch_python_dop_operator_3.py for tasks to queue
[2024-02-13T12:35:56.885+0000] {logging_mixin.py:188} INFO - [2024-02-13T12:35:56.885+0000] {dagbag.py:538} INFO - Filling up the DagBag from /home/airflow/.local/lib/python3.8/site-packages/airflow/example_dags/example_branch_python_dop_operator_3.py
[2024-02-13T12:35:56.907+0000] {processor.py:840} INFO - DAG(s) 'example_branch_dop_operator_v3' retrieved from /home/airflow/.local/lib/python3.8/site-packages/airflow/example_dags/example_branch_python_dop_operator_3.py
[2024-02-13T12:35:56.951+0000] {logging_mixin.py:188} INFO - [2024-02-13T12:35:56.951+0000] {dag.py:3036} INFO - Sync 1 DAGs
[2024-02-13T12:35:57.015+0000] {logging_mixin.py:188} INFO - [2024-02-13T12:35:57.015+0000] {dag.py:3823} INFO - Setting next_dagrun for example_branch_dop_operator_v3 to 2024-02-13 12:34:00+00:00, run_after=2024-02-13 12:35:00+00:00
[2024-02-13T12:35:57.064+0000] {processor.py:183} INFO - Processing /home/airflow/.local/lib/python3.8/site-packages/airflow/example_dags/example_branch_python_dop_operator_3.py took 0.187 seconds
[2024-02-13T12:36:27.877+0000] {processor.py:161} INFO - Started process (PID=2868) to work on /home/airflow/.local/lib/python3.8/site-packages/airflow/example_dags/example_branch_python_dop_operator_3.py
[2024-02-13T12:36:27.878+0000] {processor.py:830} INFO - Processing file /home/airflow/.local/lib/python3.8/site-packages/airflow/example_dags/example_branch_python_dop_operator_3.py for tasks to queue
[2024-02-13T12:36:27.879+0000] {logging_mixin.py:188} INFO - [2024-02-13T12:36:27.879+0000] {dagbag.py:538} INFO - Filling up the DagBag from /home/airflow/.local/lib/python3.8/site-packages/airflow/example_dags/example_branch_python_dop_operator_3.py
[2024-02-13T12:36:27.888+0000] {processor.py:840} INFO - DAG(s) 'example_branch_dop_operator_v3' retrieved from /home/airflow/.local/lib/python3.8/site-packages/airflow/example_dags/example_branch_python_dop_operator_3.py
[2024-02-13T12:36:27.906+0000] {logging_mixin.py:188} INFO - [2024-02-13T12:36:27.906+0000] {dag.py:3036} INFO - Sync 1 DAGs
[2024-02-13T12:36:27.933+0000] {logging_mixin.py:188} INFO - [2024-02-13T12:36:27.933+0000] {dag.py:3823} INFO - Setting next_dagrun for example_branch_dop_operator_v3 to 2024-02-13 12:35:00+00:00, run_after=2024-02-13 12:36:00+00:00
[2024-02-13T12:36:27.951+0000] {processor.py:183} INFO - Processing /home/airflow/.local/lib/python3.8/site-packages/airflow/example_dags/example_branch_python_dop_operator_3.py took 0.077 seconds
[2024-02-13T12:36:58.101+0000] {processor.py:161} INFO - Started process (PID=2924) to work on /home/airflow/.local/lib/python3.8/site-packages/airflow/example_dags/example_branch_python_dop_operator_3.py
[2024-02-13T12:36:58.102+0000] {processor.py:830} INFO - Processing file /home/airflow/.local/lib/python3.8/site-packages/airflow/example_dags/example_branch_python_dop_operator_3.py for tasks to queue
[2024-02-13T12:36:58.102+0000] {logging_mixin.py:188} INFO - [2024-02-13T12:36:58.102+0000] {dagbag.py:538} INFO - Filling up the DagBag from /home/airflow/.local/lib/python3.8/site-packages/airflow/example_dags/example_branch_python_dop_operator_3.py
[2024-02-13T12:36:58.112+0000] {processor.py:840} INFO - DAG(s) 'example_branch_dop_operator_v3' retrieved from /home/airflow/.local/lib/python3.8/site-packages/airflow/example_dags/example_branch_python_dop_operator_3.py
[2024-02-13T12:36:58.135+0000] {logging_mixin.py:188} INFO - [2024-02-13T12:36:58.134+0000] {dag.py:3036} INFO - Sync 1 DAGs
[2024-02-13T12:36:58.166+0000] {logging_mixin.py:188} INFO - [2024-02-13T12:36:58.166+0000] {dag.py:3823} INFO - Setting next_dagrun for example_branch_dop_operator_v3 to 2024-02-13 12:35:00+00:00, run_after=2024-02-13 12:36:00+00:00
[2024-02-13T12:36:58.186+0000] {processor.py:183} INFO - Processing /home/airflow/.local/lib/python3.8/site-packages/airflow/example_dags/example_branch_python_dop_operator_3.py took 0.088 seconds
[2024-02-13T12:37:28.447+0000] {processor.py:161} INFO - Started process (PID=2980) to work on /home/airflow/.local/lib/python3.8/site-packages/airflow/example_dags/example_branch_python_dop_operator_3.py
[2024-02-13T12:37:28.448+0000] {processor.py:830} INFO - Processing file /home/airflow/.local/lib/python3.8/site-packages/airflow/example_dags/example_branch_python_dop_operator_3.py for tasks to queue
[2024-02-13T12:37:28.449+0000] {logging_mixin.py:188} INFO - [2024-02-13T12:37:28.449+0000] {dagbag.py:538} INFO - Filling up the DagBag from /home/airflow/.local/lib/python3.8/site-packages/airflow/example_dags/example_branch_python_dop_operator_3.py
[2024-02-13T12:37:28.457+0000] {processor.py:840} INFO - DAG(s) 'example_branch_dop_operator_v3' retrieved from /home/airflow/.local/lib/python3.8/site-packages/airflow/example_dags/example_branch_python_dop_operator_3.py
[2024-02-13T12:37:28.479+0000] {logging_mixin.py:188} INFO - [2024-02-13T12:37:28.478+0000] {dag.py:3036} INFO - Sync 1 DAGs
[2024-02-13T12:37:28.522+0000] {logging_mixin.py:188} INFO - [2024-02-13T12:37:28.521+0000] {dag.py:3823} INFO - Setting next_dagrun for example_branch_dop_operator_v3 to 2024-02-13 12:36:00+00:00, run_after=2024-02-13 12:37:00+00:00
[2024-02-13T12:37:28.549+0000] {processor.py:183} INFO - Processing /home/airflow/.local/lib/python3.8/site-packages/airflow/example_dags/example_branch_python_dop_operator_3.py took 0.104 seconds
[2024-02-13T12:37:59.497+0000] {processor.py:161} INFO - Started process (PID=3036) to work on /home/airflow/.local/lib/python3.8/site-packages/airflow/example_dags/example_branch_python_dop_operator_3.py
[2024-02-13T12:37:59.498+0000] {processor.py:830} INFO - Processing file /home/airflow/.local/lib/python3.8/site-packages/airflow/example_dags/example_branch_python_dop_operator_3.py for tasks to queue
[2024-02-13T12:37:59.499+0000] {logging_mixin.py:188} INFO - [2024-02-13T12:37:59.499+0000] {dagbag.py:538} INFO - Filling up the DagBag from /home/airflow/.local/lib/python3.8/site-packages/airflow/example_dags/example_branch_python_dop_operator_3.py
[2024-02-13T12:37:59.508+0000] {processor.py:840} INFO - DAG(s) 'example_branch_dop_operator_v3' retrieved from /home/airflow/.local/lib/python3.8/site-packages/airflow/example_dags/example_branch_python_dop_operator_3.py
[2024-02-13T12:37:59.530+0000] {logging_mixin.py:188} INFO - [2024-02-13T12:37:59.529+0000] {dag.py:3036} INFO - Sync 1 DAGs
[2024-02-13T12:37:59.563+0000] {logging_mixin.py:188} INFO - [2024-02-13T12:37:59.562+0000] {dag.py:3823} INFO - Setting next_dagrun for example_branch_dop_operator_v3 to 2024-02-13 12:36:00+00:00, run_after=2024-02-13 12:37:00+00:00
[2024-02-13T12:37:59.582+0000] {processor.py:183} INFO - Processing /home/airflow/.local/lib/python3.8/site-packages/airflow/example_dags/example_branch_python_dop_operator_3.py took 0.088 seconds
[2024-02-13T12:38:30.278+0000] {processor.py:161} INFO - Started process (PID=3092) to work on /home/airflow/.local/lib/python3.8/site-packages/airflow/example_dags/example_branch_python_dop_operator_3.py
[2024-02-13T12:38:30.279+0000] {processor.py:830} INFO - Processing file /home/airflow/.local/lib/python3.8/site-packages/airflow/example_dags/example_branch_python_dop_operator_3.py for tasks to queue
[2024-02-13T12:38:30.280+0000] {logging_mixin.py:188} INFO - [2024-02-13T12:38:30.280+0000] {dagbag.py:538} INFO - Filling up the DagBag from /home/airflow/.local/lib/python3.8/site-packages/airflow/example_dags/example_branch_python_dop_operator_3.py
[2024-02-13T12:38:30.290+0000] {processor.py:840} INFO - DAG(s) 'example_branch_dop_operator_v3' retrieved from /home/airflow/.local/lib/python3.8/site-packages/airflow/example_dags/example_branch_python_dop_operator_3.py
[2024-02-13T12:38:30.312+0000] {logging_mixin.py:188} INFO - [2024-02-13T12:38:30.311+0000] {dag.py:3036} INFO - Sync 1 DAGs
[2024-02-13T12:38:30.349+0000] {logging_mixin.py:188} INFO - [2024-02-13T12:38:30.349+0000] {dag.py:3823} INFO - Setting next_dagrun for example_branch_dop_operator_v3 to 2024-02-13 12:37:00+00:00, run_after=2024-02-13 12:38:00+00:00
[2024-02-13T12:38:30.376+0000] {processor.py:183} INFO - Processing /home/airflow/.local/lib/python3.8/site-packages/airflow/example_dags/example_branch_python_dop_operator_3.py took 0.101 seconds
[2024-02-13T12:39:00.469+0000] {processor.py:161} INFO - Started process (PID=3148) to work on /home/airflow/.local/lib/python3.8/site-packages/airflow/example_dags/example_branch_python_dop_operator_3.py
[2024-02-13T12:39:00.470+0000] {processor.py:830} INFO - Processing file /home/airflow/.local/lib/python3.8/site-packages/airflow/example_dags/example_branch_python_dop_operator_3.py for tasks to queue
[2024-02-13T12:39:00.471+0000] {logging_mixin.py:188} INFO - [2024-02-13T12:39:00.471+0000] {dagbag.py:538} INFO - Filling up the DagBag from /home/airflow/.local/lib/python3.8/site-packages/airflow/example_dags/example_branch_python_dop_operator_3.py
[2024-02-13T12:39:00.479+0000] {processor.py:840} INFO - DAG(s) 'example_branch_dop_operator_v3' retrieved from /home/airflow/.local/lib/python3.8/site-packages/airflow/example_dags/example_branch_python_dop_operator_3.py
[2024-02-13T12:39:00.498+0000] {logging_mixin.py:188} INFO - [2024-02-13T12:39:00.498+0000] {dag.py:3036} INFO - Sync 1 DAGs
[2024-02-13T12:39:00.525+0000] {logging_mixin.py:188} INFO - [2024-02-13T12:39:00.525+0000] {dag.py:3823} INFO - Setting next_dagrun for example_branch_dop_operator_v3 to 2024-02-13 12:38:00+00:00, run_after=2024-02-13 12:39:00+00:00
[2024-02-13T12:39:00.542+0000] {processor.py:183} INFO - Processing /home/airflow/.local/lib/python3.8/site-packages/airflow/example_dags/example_branch_python_dop_operator_3.py took 0.075 seconds
[2024-02-13T12:39:30.641+0000] {processor.py:161} INFO - Started process (PID=3205) to work on /home/airflow/.local/lib/python3.8/site-packages/airflow/example_dags/example_branch_python_dop_operator_3.py
[2024-02-13T12:39:30.642+0000] {processor.py:830} INFO - Processing file /home/airflow/.local/lib/python3.8/site-packages/airflow/example_dags/example_branch_python_dop_operator_3.py for tasks to queue
[2024-02-13T12:39:30.643+0000] {logging_mixin.py:188} INFO - [2024-02-13T12:39:30.643+0000] {dagbag.py:538} INFO - Filling up the DagBag from /home/airflow/.local/lib/python3.8/site-packages/airflow/example_dags/example_branch_python_dop_operator_3.py
[2024-02-13T12:39:30.657+0000] {processor.py:840} INFO - DAG(s) 'example_branch_dop_operator_v3' retrieved from /home/airflow/.local/lib/python3.8/site-packages/airflow/example_dags/example_branch_python_dop_operator_3.py
[2024-02-13T12:39:30.680+0000] {logging_mixin.py:188} INFO - [2024-02-13T12:39:30.680+0000] {dag.py:3036} INFO - Sync 1 DAGs
[2024-02-13T12:39:30.708+0000] {logging_mixin.py:188} INFO - [2024-02-13T12:39:30.707+0000] {dag.py:3823} INFO - Setting next_dagrun for example_branch_dop_operator_v3 to 2024-02-13 12:38:00+00:00, run_after=2024-02-13 12:39:00+00:00
[2024-02-13T12:39:30.725+0000] {processor.py:183} INFO - Processing /home/airflow/.local/lib/python3.8/site-packages/airflow/example_dags/example_branch_python_dop_operator_3.py took 0.086 seconds
[2024-02-13T12:40:00.875+0000] {processor.py:161} INFO - Started process (PID=3261) to work on /home/airflow/.local/lib/python3.8/site-packages/airflow/example_dags/example_branch_python_dop_operator_3.py
[2024-02-13T12:40:00.876+0000] {processor.py:830} INFO - Processing file /home/airflow/.local/lib/python3.8/site-packages/airflow/example_dags/example_branch_python_dop_operator_3.py for tasks to queue
[2024-02-13T12:40:00.876+0000] {logging_mixin.py:188} INFO - [2024-02-13T12:40:00.876+0000] {dagbag.py:538} INFO - Filling up the DagBag from /home/airflow/.local/lib/python3.8/site-packages/airflow/example_dags/example_branch_python_dop_operator_3.py
[2024-02-13T12:40:00.885+0000] {processor.py:840} INFO - DAG(s) 'example_branch_dop_operator_v3' retrieved from /home/airflow/.local/lib/python3.8/site-packages/airflow/example_dags/example_branch_python_dop_operator_3.py
[2024-02-13T12:40:00.904+0000] {logging_mixin.py:188} INFO - [2024-02-13T12:40:00.904+0000] {dag.py:3036} INFO - Sync 1 DAGs
[2024-02-13T12:40:00.931+0000] {logging_mixin.py:188} INFO - [2024-02-13T12:40:00.930+0000] {dag.py:3823} INFO - Setting next_dagrun for example_branch_dop_operator_v3 to 2024-02-13 12:39:00+00:00, run_after=2024-02-13 12:40:00+00:00
[2024-02-13T12:40:00.949+0000] {processor.py:183} INFO - Processing /home/airflow/.local/lib/python3.8/site-packages/airflow/example_dags/example_branch_python_dop_operator_3.py took 0.077 seconds
[2024-02-13T12:40:31.240+0000] {processor.py:161} INFO - Started process (PID=3317) to work on /home/airflow/.local/lib/python3.8/site-packages/airflow/example_dags/example_branch_python_dop_operator_3.py
[2024-02-13T12:40:31.241+0000] {processor.py:830} INFO - Processing file /home/airflow/.local/lib/python3.8/site-packages/airflow/example_dags/example_branch_python_dop_operator_3.py for tasks to queue
[2024-02-13T12:40:31.242+0000] {logging_mixin.py:188} INFO - [2024-02-13T12:40:31.242+0000] {dagbag.py:538} INFO - Filling up the DagBag from /home/airflow/.local/lib/python3.8/site-packages/airflow/example_dags/example_branch_python_dop_operator_3.py
[2024-02-13T12:40:31.254+0000] {processor.py:840} INFO - DAG(s) 'example_branch_dop_operator_v3' retrieved from /home/airflow/.local/lib/python3.8/site-packages/airflow/example_dags/example_branch_python_dop_operator_3.py
[2024-02-13T12:40:31.274+0000] {logging_mixin.py:188} INFO - [2024-02-13T12:40:31.273+0000] {dag.py:3036} INFO - Sync 1 DAGs
[2024-02-13T12:40:31.301+0000] {logging_mixin.py:188} INFO - [2024-02-13T12:40:31.300+0000] {dag.py:3823} INFO - Setting next_dagrun for example_branch_dop_operator_v3 to 2024-02-13 12:39:00+00:00, run_after=2024-02-13 12:40:00+00:00
[2024-02-13T12:40:31.322+0000] {processor.py:183} INFO - Processing /home/airflow/.local/lib/python3.8/site-packages/airflow/example_dags/example_branch_python_dop_operator_3.py took 0.085 seconds
[2024-02-13T12:41:01.842+0000] {processor.py:161} INFO - Started process (PID=3373) to work on /home/airflow/.local/lib/python3.8/site-packages/airflow/example_dags/example_branch_python_dop_operator_3.py
[2024-02-13T12:41:01.843+0000] {processor.py:830} INFO - Processing file /home/airflow/.local/lib/python3.8/site-packages/airflow/example_dags/example_branch_python_dop_operator_3.py for tasks to queue
[2024-02-13T12:41:01.844+0000] {logging_mixin.py:188} INFO - [2024-02-13T12:41:01.843+0000] {dagbag.py:538} INFO - Filling up the DagBag from /home/airflow/.local/lib/python3.8/site-packages/airflow/example_dags/example_branch_python_dop_operator_3.py
[2024-02-13T12:41:01.852+0000] {processor.py:840} INFO - DAG(s) 'example_branch_dop_operator_v3' retrieved from /home/airflow/.local/lib/python3.8/site-packages/airflow/example_dags/example_branch_python_dop_operator_3.py
[2024-02-13T12:41:01.871+0000] {logging_mixin.py:188} INFO - [2024-02-13T12:41:01.870+0000] {dag.py:3036} INFO - Sync 1 DAGs
[2024-02-13T12:41:01.898+0000] {logging_mixin.py:188} INFO - [2024-02-13T12:41:01.898+0000] {dag.py:3823} INFO - Setting next_dagrun for example_branch_dop_operator_v3 to 2024-02-13 12:40:00+00:00, run_after=2024-02-13 12:41:00+00:00
[2024-02-13T12:41:01.915+0000] {processor.py:183} INFO - Processing /home/airflow/.local/lib/python3.8/site-packages/airflow/example_dags/example_branch_python_dop_operator_3.py took 0.076 seconds
[2024-02-13T12:41:32.256+0000] {processor.py:161} INFO - Started process (PID=3430) to work on /home/airflow/.local/lib/python3.8/site-packages/airflow/example_dags/example_branch_python_dop_operator_3.py
[2024-02-13T12:41:32.257+0000] {processor.py:830} INFO - Processing file /home/airflow/.local/lib/python3.8/site-packages/airflow/example_dags/example_branch_python_dop_operator_3.py for tasks to queue
[2024-02-13T12:41:32.258+0000] {logging_mixin.py:188} INFO - [2024-02-13T12:41:32.258+0000] {dagbag.py:538} INFO - Filling up the DagBag from /home/airflow/.local/lib/python3.8/site-packages/airflow/example_dags/example_branch_python_dop_operator_3.py
[2024-02-13T12:41:32.266+0000] {processor.py:840} INFO - DAG(s) 'example_branch_dop_operator_v3' retrieved from /home/airflow/.local/lib/python3.8/site-packages/airflow/example_dags/example_branch_python_dop_operator_3.py
[2024-02-13T12:41:32.289+0000] {logging_mixin.py:188} INFO - [2024-02-13T12:41:32.289+0000] {dag.py:3036} INFO - Sync 1 DAGs
[2024-02-13T12:41:32.320+0000] {logging_mixin.py:188} INFO - [2024-02-13T12:41:32.320+0000] {dag.py:3823} INFO - Setting next_dagrun for example_branch_dop_operator_v3 to 2024-02-13 12:40:00+00:00, run_after=2024-02-13 12:41:00+00:00
[2024-02-13T12:41:32.340+0000] {processor.py:183} INFO - Processing /home/airflow/.local/lib/python3.8/site-packages/airflow/example_dags/example_branch_python_dop_operator_3.py took 0.087 seconds
[2024-02-13T12:42:02.557+0000] {processor.py:161} INFO - Started process (PID=3486) to work on /home/airflow/.local/lib/python3.8/site-packages/airflow/example_dags/example_branch_python_dop_operator_3.py
[2024-02-13T12:42:02.558+0000] {processor.py:830} INFO - Processing file /home/airflow/.local/lib/python3.8/site-packages/airflow/example_dags/example_branch_python_dop_operator_3.py for tasks to queue
[2024-02-13T12:42:02.559+0000] {logging_mixin.py:188} INFO - [2024-02-13T12:42:02.559+0000] {dagbag.py:538} INFO - Filling up the DagBag from /home/airflow/.local/lib/python3.8/site-packages/airflow/example_dags/example_branch_python_dop_operator_3.py
[2024-02-13T12:42:02.570+0000] {processor.py:840} INFO - DAG(s) 'example_branch_dop_operator_v3' retrieved from /home/airflow/.local/lib/python3.8/site-packages/airflow/example_dags/example_branch_python_dop_operator_3.py
[2024-02-13T12:42:02.598+0000] {logging_mixin.py:188} INFO - [2024-02-13T12:42:02.597+0000] {dag.py:3036} INFO - Sync 1 DAGs
[2024-02-13T12:42:02.636+0000] {logging_mixin.py:188} INFO - [2024-02-13T12:42:02.636+0000] {dag.py:3823} INFO - Setting next_dagrun for example_branch_dop_operator_v3 to 2024-02-13 12:41:00+00:00, run_after=2024-02-13 12:42:00+00:00
[2024-02-13T12:42:02.665+0000] {processor.py:183} INFO - Processing /home/airflow/.local/lib/python3.8/site-packages/airflow/example_dags/example_branch_python_dop_operator_3.py took 0.111 seconds
[2024-02-13T12:42:32.866+0000] {processor.py:161} INFO - Started process (PID=3542) to work on /home/airflow/.local/lib/python3.8/site-packages/airflow/example_dags/example_branch_python_dop_operator_3.py
[2024-02-13T12:42:32.868+0000] {processor.py:830} INFO - Processing file /home/airflow/.local/lib/python3.8/site-packages/airflow/example_dags/example_branch_python_dop_operator_3.py for tasks to queue
[2024-02-13T12:42:32.869+0000] {logging_mixin.py:188} INFO - [2024-02-13T12:42:32.869+0000] {dagbag.py:538} INFO - Filling up the DagBag from /home/airflow/.local/lib/python3.8/site-packages/airflow/example_dags/example_branch_python_dop_operator_3.py
[2024-02-13T12:42:32.884+0000] {processor.py:840} INFO - DAG(s) 'example_branch_dop_operator_v3' retrieved from /home/airflow/.local/lib/python3.8/site-packages/airflow/example_dags/example_branch_python_dop_operator_3.py
[2024-02-13T12:42:32.920+0000] {logging_mixin.py:188} INFO - [2024-02-13T12:42:32.920+0000] {dag.py:3036} INFO - Sync 1 DAGs
[2024-02-13T12:42:32.980+0000] {logging_mixin.py:188} INFO - [2024-02-13T12:42:32.978+0000] {dag.py:3823} INFO - Setting next_dagrun for example_branch_dop_operator_v3 to 2024-02-13 12:41:00+00:00, run_after=2024-02-13 12:42:00+00:00
[2024-02-13T12:42:33.010+0000] {processor.py:183} INFO - Processing /home/airflow/.local/lib/python3.8/site-packages/airflow/example_dags/example_branch_python_dop_operator_3.py took 0.152 seconds
[2024-02-13T12:43:03.721+0000] {processor.py:161} INFO - Started process (PID=3598) to work on /home/airflow/.local/lib/python3.8/site-packages/airflow/example_dags/example_branch_python_dop_operator_3.py
[2024-02-13T12:43:03.722+0000] {processor.py:830} INFO - Processing file /home/airflow/.local/lib/python3.8/site-packages/airflow/example_dags/example_branch_python_dop_operator_3.py for tasks to queue
[2024-02-13T12:43:03.726+0000] {logging_mixin.py:188} INFO - [2024-02-13T12:43:03.725+0000] {dagbag.py:538} INFO - Filling up the DagBag from /home/airflow/.local/lib/python3.8/site-packages/airflow/example_dags/example_branch_python_dop_operator_3.py
[2024-02-13T12:43:03.752+0000] {processor.py:840} INFO - DAG(s) 'example_branch_dop_operator_v3' retrieved from /home/airflow/.local/lib/python3.8/site-packages/airflow/example_dags/example_branch_python_dop_operator_3.py
[2024-02-13T12:43:03.794+0000] {logging_mixin.py:188} INFO - [2024-02-13T12:43:03.793+0000] {dag.py:3036} INFO - Sync 1 DAGs
[2024-02-13T12:43:03.866+0000] {logging_mixin.py:188} INFO - [2024-02-13T12:43:03.865+0000] {dag.py:3823} INFO - Setting next_dagrun for example_branch_dop_operator_v3 to 2024-02-13 12:42:00+00:00, run_after=2024-02-13 12:43:00+00:00
[2024-02-13T12:43:03.934+0000] {processor.py:183} INFO - Processing /home/airflow/.local/lib/python3.8/site-packages/airflow/example_dags/example_branch_python_dop_operator_3.py took 0.221 seconds
