[2024-02-13T12:10:57.376+0000] {processor.py:161} INFO - Started process (PID=75) to work on /home/airflow/.local/lib/python3.8/site-packages/airflow/example_dags/example_task_group.py
[2024-02-13T12:10:57.377+0000] {processor.py:830} INFO - Processing file /home/airflow/.local/lib/python3.8/site-packages/airflow/example_dags/example_task_group.py for tasks to queue
[2024-02-13T12:10:57.378+0000] {logging_mixin.py:188} INFO - [2024-02-13T12:10:57.377+0000] {dagbag.py:538} INFO - Filling up the DagBag from /home/airflow/.local/lib/python3.8/site-packages/airflow/example_dags/example_task_group.py
[2024-02-13T12:10:57.387+0000] {processor.py:840} INFO - DAG(s) 'example_task_group' retrieved from /home/airflow/.local/lib/python3.8/site-packages/airflow/example_dags/example_task_group.py
[2024-02-13T12:10:57.530+0000] {logging_mixin.py:188} INFO - [2024-02-13T12:10:57.530+0000] {dag.py:3036} INFO - Sync 1 DAGs
[2024-02-13T12:10:57.563+0000] {logging_mixin.py:188} INFO - [2024-02-13T12:10:57.563+0000] {dag.py:3823} INFO - Setting next_dagrun for example_task_group to 2024-02-12 00:00:00+00:00, run_after=2024-02-13 00:00:00+00:00
[2024-02-13T12:10:57.590+0000] {processor.py:183} INFO - Processing /home/airflow/.local/lib/python3.8/site-packages/airflow/example_dags/example_task_group.py took 0.217 seconds
[2024-02-13T12:11:27.931+0000] {processor.py:161} INFO - Started process (PID=131) to work on /home/airflow/.local/lib/python3.8/site-packages/airflow/example_dags/example_task_group.py
[2024-02-13T12:11:27.934+0000] {processor.py:830} INFO - Processing file /home/airflow/.local/lib/python3.8/site-packages/airflow/example_dags/example_task_group.py for tasks to queue
[2024-02-13T12:11:27.938+0000] {logging_mixin.py:188} INFO - [2024-02-13T12:11:27.936+0000] {dagbag.py:538} INFO - Filling up the DagBag from /home/airflow/.local/lib/python3.8/site-packages/airflow/example_dags/example_task_group.py
[2024-02-13T12:11:27.965+0000] {processor.py:840} INFO - DAG(s) 'example_task_group' retrieved from /home/airflow/.local/lib/python3.8/site-packages/airflow/example_dags/example_task_group.py
[2024-02-13T12:11:28.041+0000] {logging_mixin.py:188} INFO - [2024-02-13T12:11:28.040+0000] {dag.py:3036} INFO - Sync 1 DAGs
[2024-02-13T12:11:28.108+0000] {logging_mixin.py:188} INFO - [2024-02-13T12:11:28.107+0000] {dag.py:3823} INFO - Setting next_dagrun for example_task_group to 2024-02-12 00:00:00+00:00, run_after=2024-02-13 00:00:00+00:00
[2024-02-13T12:11:28.170+0000] {processor.py:183} INFO - Processing /home/airflow/.local/lib/python3.8/site-packages/airflow/example_dags/example_task_group.py took 0.244 seconds
[2024-02-13T12:11:59.022+0000] {processor.py:161} INFO - Started process (PID=187) to work on /home/airflow/.local/lib/python3.8/site-packages/airflow/example_dags/example_task_group.py
[2024-02-13T12:11:59.024+0000] {processor.py:830} INFO - Processing file /home/airflow/.local/lib/python3.8/site-packages/airflow/example_dags/example_task_group.py for tasks to queue
[2024-02-13T12:11:59.025+0000] {logging_mixin.py:188} INFO - [2024-02-13T12:11:59.025+0000] {dagbag.py:538} INFO - Filling up the DagBag from /home/airflow/.local/lib/python3.8/site-packages/airflow/example_dags/example_task_group.py
[2024-02-13T12:11:59.039+0000] {processor.py:840} INFO - DAG(s) 'example_task_group' retrieved from /home/airflow/.local/lib/python3.8/site-packages/airflow/example_dags/example_task_group.py
[2024-02-13T12:11:59.083+0000] {logging_mixin.py:188} INFO - [2024-02-13T12:11:59.082+0000] {dag.py:3036} INFO - Sync 1 DAGs
[2024-02-13T12:11:59.128+0000] {logging_mixin.py:188} INFO - [2024-02-13T12:11:59.128+0000] {dag.py:3823} INFO - Setting next_dagrun for example_task_group to 2024-02-12 00:00:00+00:00, run_after=2024-02-13 00:00:00+00:00
[2024-02-13T12:11:59.169+0000] {processor.py:183} INFO - Processing /home/airflow/.local/lib/python3.8/site-packages/airflow/example_dags/example_task_group.py took 0.156 seconds
[2024-02-13T12:12:33.684+0000] {processor.py:161} INFO - Started process (PID=250) to work on /home/airflow/.local/lib/python3.8/site-packages/airflow/example_dags/example_task_group.py
[2024-02-13T12:12:33.692+0000] {processor.py:830} INFO - Processing file /home/airflow/.local/lib/python3.8/site-packages/airflow/example_dags/example_task_group.py for tasks to queue
[2024-02-13T12:12:33.694+0000] {logging_mixin.py:188} INFO - [2024-02-13T12:12:33.693+0000] {dagbag.py:538} INFO - Filling up the DagBag from /home/airflow/.local/lib/python3.8/site-packages/airflow/example_dags/example_task_group.py
[2024-02-13T12:12:33.723+0000] {processor.py:840} INFO - DAG(s) 'example_task_group' retrieved from /home/airflow/.local/lib/python3.8/site-packages/airflow/example_dags/example_task_group.py
[2024-02-13T12:12:33.781+0000] {logging_mixin.py:188} INFO - [2024-02-13T12:12:33.781+0000] {dag.py:3036} INFO - Sync 1 DAGs
[2024-02-13T12:12:33.889+0000] {logging_mixin.py:188} INFO - [2024-02-13T12:12:33.889+0000] {dag.py:3823} INFO - Setting next_dagrun for example_task_group to 2024-02-12 00:00:00+00:00, run_after=2024-02-13 00:00:00+00:00
[2024-02-13T12:12:33.985+0000] {processor.py:183} INFO - Processing /home/airflow/.local/lib/python3.8/site-packages/airflow/example_dags/example_task_group.py took 0.307 seconds
[2024-02-13T12:13:04.957+0000] {processor.py:161} INFO - Started process (PID=305) to work on /home/airflow/.local/lib/python3.8/site-packages/airflow/example_dags/example_task_group.py
[2024-02-13T12:13:04.959+0000] {processor.py:830} INFO - Processing file /home/airflow/.local/lib/python3.8/site-packages/airflow/example_dags/example_task_group.py for tasks to queue
[2024-02-13T12:13:04.977+0000] {logging_mixin.py:188} INFO - [2024-02-13T12:13:04.975+0000] {dagbag.py:538} INFO - Filling up the DagBag from /home/airflow/.local/lib/python3.8/site-packages/airflow/example_dags/example_task_group.py
[2024-02-13T12:13:05.049+0000] {processor.py:840} INFO - DAG(s) 'example_task_group' retrieved from /home/airflow/.local/lib/python3.8/site-packages/airflow/example_dags/example_task_group.py
[2024-02-13T12:13:05.267+0000] {logging_mixin.py:188} INFO - [2024-02-13T12:13:05.265+0000] {dag.py:3036} INFO - Sync 1 DAGs
[2024-02-13T12:13:05.508+0000] {logging_mixin.py:188} INFO - [2024-02-13T12:13:05.507+0000] {dag.py:3823} INFO - Setting next_dagrun for example_task_group to 2024-02-12 00:00:00+00:00, run_after=2024-02-13 00:00:00+00:00
[2024-02-13T12:13:05.660+0000] {processor.py:183} INFO - Processing /home/airflow/.local/lib/python3.8/site-packages/airflow/example_dags/example_task_group.py took 0.730 seconds
[2024-02-13T12:13:38.670+0000] {processor.py:161} INFO - Started process (PID=360) to work on /home/airflow/.local/lib/python3.8/site-packages/airflow/example_dags/example_task_group.py
[2024-02-13T12:13:38.674+0000] {processor.py:830} INFO - Processing file /home/airflow/.local/lib/python3.8/site-packages/airflow/example_dags/example_task_group.py for tasks to queue
[2024-02-13T12:13:38.678+0000] {logging_mixin.py:188} INFO - [2024-02-13T12:13:38.677+0000] {dagbag.py:538} INFO - Filling up the DagBag from /home/airflow/.local/lib/python3.8/site-packages/airflow/example_dags/example_task_group.py
[2024-02-13T12:13:38.733+0000] {processor.py:840} INFO - DAG(s) 'example_task_group' retrieved from /home/airflow/.local/lib/python3.8/site-packages/airflow/example_dags/example_task_group.py
[2024-02-13T12:13:38.824+0000] {logging_mixin.py:188} INFO - [2024-02-13T12:13:38.822+0000] {dag.py:3036} INFO - Sync 1 DAGs
[2024-02-13T12:13:38.926+0000] {logging_mixin.py:188} INFO - [2024-02-13T12:13:38.925+0000] {dag.py:3823} INFO - Setting next_dagrun for example_task_group to 2024-02-12 00:00:00+00:00, run_after=2024-02-13 00:00:00+00:00
[2024-02-13T12:13:39.023+0000] {processor.py:183} INFO - Processing /home/airflow/.local/lib/python3.8/site-packages/airflow/example_dags/example_task_group.py took 0.367 seconds
[2024-02-13T12:14:10.866+0000] {processor.py:161} INFO - Started process (PID=417) to work on /home/airflow/.local/lib/python3.8/site-packages/airflow/example_dags/example_task_group.py
[2024-02-13T12:14:10.867+0000] {processor.py:830} INFO - Processing file /home/airflow/.local/lib/python3.8/site-packages/airflow/example_dags/example_task_group.py for tasks to queue
[2024-02-13T12:14:10.868+0000] {logging_mixin.py:188} INFO - [2024-02-13T12:14:10.867+0000] {dagbag.py:538} INFO - Filling up the DagBag from /home/airflow/.local/lib/python3.8/site-packages/airflow/example_dags/example_task_group.py
[2024-02-13T12:14:10.876+0000] {processor.py:840} INFO - DAG(s) 'example_task_group' retrieved from /home/airflow/.local/lib/python3.8/site-packages/airflow/example_dags/example_task_group.py
[2024-02-13T12:14:10.921+0000] {logging_mixin.py:188} INFO - [2024-02-13T12:14:10.919+0000] {dag.py:3036} INFO - Sync 1 DAGs
[2024-02-13T12:14:10.995+0000] {logging_mixin.py:188} INFO - [2024-02-13T12:14:10.994+0000] {dag.py:3823} INFO - Setting next_dagrun for example_task_group to 2024-02-12 00:00:00+00:00, run_after=2024-02-13 00:00:00+00:00
[2024-02-13T12:14:11.050+0000] {processor.py:183} INFO - Processing /home/airflow/.local/lib/python3.8/site-packages/airflow/example_dags/example_task_group.py took 0.187 seconds
[2024-02-13T12:14:42.197+0000] {processor.py:161} INFO - Started process (PID=472) to work on /home/airflow/.local/lib/python3.8/site-packages/airflow/example_dags/example_task_group.py
[2024-02-13T12:14:42.198+0000] {processor.py:830} INFO - Processing file /home/airflow/.local/lib/python3.8/site-packages/airflow/example_dags/example_task_group.py for tasks to queue
[2024-02-13T12:14:42.200+0000] {logging_mixin.py:188} INFO - [2024-02-13T12:14:42.199+0000] {dagbag.py:538} INFO - Filling up the DagBag from /home/airflow/.local/lib/python3.8/site-packages/airflow/example_dags/example_task_group.py
[2024-02-13T12:14:42.217+0000] {processor.py:840} INFO - DAG(s) 'example_task_group' retrieved from /home/airflow/.local/lib/python3.8/site-packages/airflow/example_dags/example_task_group.py
[2024-02-13T12:14:42.266+0000] {logging_mixin.py:188} INFO - [2024-02-13T12:14:42.265+0000] {dag.py:3036} INFO - Sync 1 DAGs
[2024-02-13T12:14:42.319+0000] {logging_mixin.py:188} INFO - [2024-02-13T12:14:42.318+0000] {dag.py:3823} INFO - Setting next_dagrun for example_task_group to 2024-02-12 00:00:00+00:00, run_after=2024-02-13 00:00:00+00:00
[2024-02-13T12:14:42.355+0000] {processor.py:183} INFO - Processing /home/airflow/.local/lib/python3.8/site-packages/airflow/example_dags/example_task_group.py took 0.163 seconds
[2024-02-13T12:15:13.103+0000] {processor.py:161} INFO - Started process (PID=528) to work on /home/airflow/.local/lib/python3.8/site-packages/airflow/example_dags/example_task_group.py
[2024-02-13T12:15:13.104+0000] {processor.py:830} INFO - Processing file /home/airflow/.local/lib/python3.8/site-packages/airflow/example_dags/example_task_group.py for tasks to queue
[2024-02-13T12:15:13.105+0000] {logging_mixin.py:188} INFO - [2024-02-13T12:15:13.105+0000] {dagbag.py:538} INFO - Filling up the DagBag from /home/airflow/.local/lib/python3.8/site-packages/airflow/example_dags/example_task_group.py
[2024-02-13T12:15:13.122+0000] {processor.py:840} INFO - DAG(s) 'example_task_group' retrieved from /home/airflow/.local/lib/python3.8/site-packages/airflow/example_dags/example_task_group.py
[2024-02-13T12:15:13.198+0000] {logging_mixin.py:188} INFO - [2024-02-13T12:15:13.198+0000] {dag.py:3036} INFO - Sync 1 DAGs
[2024-02-13T12:15:13.234+0000] {logging_mixin.py:188} INFO - [2024-02-13T12:15:13.234+0000] {dag.py:3823} INFO - Setting next_dagrun for example_task_group to 2024-02-12 00:00:00+00:00, run_after=2024-02-13 00:00:00+00:00
[2024-02-13T12:15:13.272+0000] {processor.py:183} INFO - Processing /home/airflow/.local/lib/python3.8/site-packages/airflow/example_dags/example_task_group.py took 0.173 seconds
[2024-02-13T12:15:44.313+0000] {processor.py:161} INFO - Started process (PID=583) to work on /home/airflow/.local/lib/python3.8/site-packages/airflow/example_dags/example_task_group.py
[2024-02-13T12:15:44.313+0000] {processor.py:830} INFO - Processing file /home/airflow/.local/lib/python3.8/site-packages/airflow/example_dags/example_task_group.py for tasks to queue
[2024-02-13T12:15:44.314+0000] {logging_mixin.py:188} INFO - [2024-02-13T12:15:44.314+0000] {dagbag.py:538} INFO - Filling up the DagBag from /home/airflow/.local/lib/python3.8/site-packages/airflow/example_dags/example_task_group.py
[2024-02-13T12:15:44.323+0000] {processor.py:840} INFO - DAG(s) 'example_task_group' retrieved from /home/airflow/.local/lib/python3.8/site-packages/airflow/example_dags/example_task_group.py
[2024-02-13T12:15:44.345+0000] {logging_mixin.py:188} INFO - [2024-02-13T12:15:44.345+0000] {dag.py:3036} INFO - Sync 1 DAGs
[2024-02-13T12:15:44.366+0000] {logging_mixin.py:188} INFO - [2024-02-13T12:15:44.366+0000] {dag.py:3823} INFO - Setting next_dagrun for example_task_group to 2024-02-12 00:00:00+00:00, run_after=2024-02-13 00:00:00+00:00
[2024-02-13T12:15:44.388+0000] {processor.py:183} INFO - Processing /home/airflow/.local/lib/python3.8/site-packages/airflow/example_dags/example_task_group.py took 0.079 seconds
[2024-02-13T12:16:14.777+0000] {processor.py:161} INFO - Started process (PID=638) to work on /home/airflow/.local/lib/python3.8/site-packages/airflow/example_dags/example_task_group.py
[2024-02-13T12:16:14.779+0000] {processor.py:830} INFO - Processing file /home/airflow/.local/lib/python3.8/site-packages/airflow/example_dags/example_task_group.py for tasks to queue
[2024-02-13T12:16:14.781+0000] {logging_mixin.py:188} INFO - [2024-02-13T12:16:14.780+0000] {dagbag.py:538} INFO - Filling up the DagBag from /home/airflow/.local/lib/python3.8/site-packages/airflow/example_dags/example_task_group.py
[2024-02-13T12:16:14.791+0000] {processor.py:840} INFO - DAG(s) 'example_task_group' retrieved from /home/airflow/.local/lib/python3.8/site-packages/airflow/example_dags/example_task_group.py
[2024-02-13T12:16:14.812+0000] {logging_mixin.py:188} INFO - [2024-02-13T12:16:14.812+0000] {dag.py:3036} INFO - Sync 1 DAGs
[2024-02-13T12:16:14.834+0000] {logging_mixin.py:188} INFO - [2024-02-13T12:16:14.833+0000] {dag.py:3823} INFO - Setting next_dagrun for example_task_group to 2024-02-12 00:00:00+00:00, run_after=2024-02-13 00:00:00+00:00
[2024-02-13T12:16:14.854+0000] {processor.py:183} INFO - Processing /home/airflow/.local/lib/python3.8/site-packages/airflow/example_dags/example_task_group.py took 0.084 seconds
[2024-02-13T12:16:45.720+0000] {processor.py:161} INFO - Started process (PID=695) to work on /home/airflow/.local/lib/python3.8/site-packages/airflow/example_dags/example_task_group.py
[2024-02-13T12:16:45.722+0000] {processor.py:830} INFO - Processing file /home/airflow/.local/lib/python3.8/site-packages/airflow/example_dags/example_task_group.py for tasks to queue
[2024-02-13T12:16:45.723+0000] {logging_mixin.py:188} INFO - [2024-02-13T12:16:45.722+0000] {dagbag.py:538} INFO - Filling up the DagBag from /home/airflow/.local/lib/python3.8/site-packages/airflow/example_dags/example_task_group.py
[2024-02-13T12:16:45.734+0000] {processor.py:840} INFO - DAG(s) 'example_task_group' retrieved from /home/airflow/.local/lib/python3.8/site-packages/airflow/example_dags/example_task_group.py
[2024-02-13T12:16:45.761+0000] {logging_mixin.py:188} INFO - [2024-02-13T12:16:45.760+0000] {dag.py:3036} INFO - Sync 1 DAGs
[2024-02-13T12:16:45.783+0000] {logging_mixin.py:188} INFO - [2024-02-13T12:16:45.782+0000] {dag.py:3823} INFO - Setting next_dagrun for example_task_group to 2024-02-12 00:00:00+00:00, run_after=2024-02-13 00:00:00+00:00
[2024-02-13T12:16:45.800+0000] {processor.py:183} INFO - Processing /home/airflow/.local/lib/python3.8/site-packages/airflow/example_dags/example_task_group.py took 0.084 seconds
[2024-02-13T12:17:16.622+0000] {processor.py:161} INFO - Started process (PID=751) to work on /home/airflow/.local/lib/python3.8/site-packages/airflow/example_dags/example_task_group.py
[2024-02-13T12:17:16.625+0000] {processor.py:830} INFO - Processing file /home/airflow/.local/lib/python3.8/site-packages/airflow/example_dags/example_task_group.py for tasks to queue
[2024-02-13T12:17:16.628+0000] {logging_mixin.py:188} INFO - [2024-02-13T12:17:16.627+0000] {dagbag.py:538} INFO - Filling up the DagBag from /home/airflow/.local/lib/python3.8/site-packages/airflow/example_dags/example_task_group.py
[2024-02-13T12:17:16.645+0000] {processor.py:840} INFO - DAG(s) 'example_task_group' retrieved from /home/airflow/.local/lib/python3.8/site-packages/airflow/example_dags/example_task_group.py
[2024-02-13T12:17:16.710+0000] {logging_mixin.py:188} INFO - [2024-02-13T12:17:16.709+0000] {dag.py:3036} INFO - Sync 1 DAGs
[2024-02-13T12:17:16.795+0000] {logging_mixin.py:188} INFO - [2024-02-13T12:17:16.794+0000] {dag.py:3823} INFO - Setting next_dagrun for example_task_group to 2024-02-12 00:00:00+00:00, run_after=2024-02-13 00:00:00+00:00
[2024-02-13T12:17:16.856+0000] {processor.py:183} INFO - Processing /home/airflow/.local/lib/python3.8/site-packages/airflow/example_dags/example_task_group.py took 0.240 seconds
[2024-02-13T12:17:47.709+0000] {processor.py:161} INFO - Started process (PID=815) to work on /home/airflow/.local/lib/python3.8/site-packages/airflow/example_dags/example_task_group.py
[2024-02-13T12:17:47.722+0000] {processor.py:830} INFO - Processing file /home/airflow/.local/lib/python3.8/site-packages/airflow/example_dags/example_task_group.py for tasks to queue
[2024-02-13T12:17:47.723+0000] {logging_mixin.py:188} INFO - [2024-02-13T12:17:47.723+0000] {dagbag.py:538} INFO - Filling up the DagBag from /home/airflow/.local/lib/python3.8/site-packages/airflow/example_dags/example_task_group.py
[2024-02-13T12:17:47.764+0000] {processor.py:840} INFO - DAG(s) 'example_task_group' retrieved from /home/airflow/.local/lib/python3.8/site-packages/airflow/example_dags/example_task_group.py
[2024-02-13T12:17:48.226+0000] {logging_mixin.py:188} INFO - [2024-02-13T12:17:48.218+0000] {dag.py:3036} INFO - Sync 1 DAGs
[2024-02-13T12:17:48.401+0000] {logging_mixin.py:188} INFO - [2024-02-13T12:17:48.401+0000] {dag.py:3823} INFO - Setting next_dagrun for example_task_group to 2024-02-12 00:00:00+00:00, run_after=2024-02-13 00:00:00+00:00
[2024-02-13T12:17:48.493+0000] {processor.py:183} INFO - Processing /home/airflow/.local/lib/python3.8/site-packages/airflow/example_dags/example_task_group.py took 0.800 seconds
[2024-02-13T12:18:18.609+0000] {processor.py:161} INFO - Started process (PID=871) to work on /home/airflow/.local/lib/python3.8/site-packages/airflow/example_dags/example_task_group.py
[2024-02-13T12:18:18.615+0000] {processor.py:830} INFO - Processing file /home/airflow/.local/lib/python3.8/site-packages/airflow/example_dags/example_task_group.py for tasks to queue
[2024-02-13T12:18:18.617+0000] {logging_mixin.py:188} INFO - [2024-02-13T12:18:18.617+0000] {dagbag.py:538} INFO - Filling up the DagBag from /home/airflow/.local/lib/python3.8/site-packages/airflow/example_dags/example_task_group.py
[2024-02-13T12:18:18.640+0000] {processor.py:840} INFO - DAG(s) 'example_task_group' retrieved from /home/airflow/.local/lib/python3.8/site-packages/airflow/example_dags/example_task_group.py
[2024-02-13T12:18:18.699+0000] {logging_mixin.py:188} INFO - [2024-02-13T12:18:18.698+0000] {dag.py:3036} INFO - Sync 1 DAGs
[2024-02-13T12:18:18.781+0000] {logging_mixin.py:188} INFO - [2024-02-13T12:18:18.781+0000] {dag.py:3823} INFO - Setting next_dagrun for example_task_group to 2024-02-12 00:00:00+00:00, run_after=2024-02-13 00:00:00+00:00
[2024-02-13T12:18:18.837+0000] {processor.py:183} INFO - Processing /home/airflow/.local/lib/python3.8/site-packages/airflow/example_dags/example_task_group.py took 0.234 seconds
[2024-02-13T12:18:49.269+0000] {processor.py:161} INFO - Started process (PID=928) to work on /home/airflow/.local/lib/python3.8/site-packages/airflow/example_dags/example_task_group.py
[2024-02-13T12:18:49.277+0000] {processor.py:830} INFO - Processing file /home/airflow/.local/lib/python3.8/site-packages/airflow/example_dags/example_task_group.py for tasks to queue
[2024-02-13T12:18:49.281+0000] {logging_mixin.py:188} INFO - [2024-02-13T12:18:49.279+0000] {dagbag.py:538} INFO - Filling up the DagBag from /home/airflow/.local/lib/python3.8/site-packages/airflow/example_dags/example_task_group.py
[2024-02-13T12:18:49.316+0000] {processor.py:840} INFO - DAG(s) 'example_task_group' retrieved from /home/airflow/.local/lib/python3.8/site-packages/airflow/example_dags/example_task_group.py
[2024-02-13T12:18:49.392+0000] {logging_mixin.py:188} INFO - [2024-02-13T12:18:49.391+0000] {dag.py:3036} INFO - Sync 1 DAGs
[2024-02-13T12:18:49.478+0000] {logging_mixin.py:188} INFO - [2024-02-13T12:18:49.478+0000] {dag.py:3823} INFO - Setting next_dagrun for example_task_group to 2024-02-12 00:00:00+00:00, run_after=2024-02-13 00:00:00+00:00
[2024-02-13T12:18:49.587+0000] {processor.py:183} INFO - Processing /home/airflow/.local/lib/python3.8/site-packages/airflow/example_dags/example_task_group.py took 0.332 seconds
[2024-02-13T12:19:20.141+0000] {processor.py:161} INFO - Started process (PID=984) to work on /home/airflow/.local/lib/python3.8/site-packages/airflow/example_dags/example_task_group.py
[2024-02-13T12:19:20.143+0000] {processor.py:830} INFO - Processing file /home/airflow/.local/lib/python3.8/site-packages/airflow/example_dags/example_task_group.py for tasks to queue
[2024-02-13T12:19:20.145+0000] {logging_mixin.py:188} INFO - [2024-02-13T12:19:20.144+0000] {dagbag.py:538} INFO - Filling up the DagBag from /home/airflow/.local/lib/python3.8/site-packages/airflow/example_dags/example_task_group.py
[2024-02-13T12:19:20.173+0000] {processor.py:840} INFO - DAG(s) 'example_task_group' retrieved from /home/airflow/.local/lib/python3.8/site-packages/airflow/example_dags/example_task_group.py
[2024-02-13T12:19:20.247+0000] {logging_mixin.py:188} INFO - [2024-02-13T12:19:20.246+0000] {dag.py:3036} INFO - Sync 1 DAGs
[2024-02-13T12:19:20.331+0000] {logging_mixin.py:188} INFO - [2024-02-13T12:19:20.331+0000] {dag.py:3823} INFO - Setting next_dagrun for example_task_group to 2024-02-12 00:00:00+00:00, run_after=2024-02-13 00:00:00+00:00
[2024-02-13T12:19:20.398+0000] {processor.py:183} INFO - Processing /home/airflow/.local/lib/python3.8/site-packages/airflow/example_dags/example_task_group.py took 0.268 seconds
[2024-02-13T12:19:51.431+0000] {processor.py:161} INFO - Started process (PID=1040) to work on /home/airflow/.local/lib/python3.8/site-packages/airflow/example_dags/example_task_group.py
[2024-02-13T12:19:51.437+0000] {processor.py:830} INFO - Processing file /home/airflow/.local/lib/python3.8/site-packages/airflow/example_dags/example_task_group.py for tasks to queue
[2024-02-13T12:19:51.443+0000] {logging_mixin.py:188} INFO - [2024-02-13T12:19:51.439+0000] {dagbag.py:538} INFO - Filling up the DagBag from /home/airflow/.local/lib/python3.8/site-packages/airflow/example_dags/example_task_group.py
[2024-02-13T12:19:51.485+0000] {processor.py:840} INFO - DAG(s) 'example_task_group' retrieved from /home/airflow/.local/lib/python3.8/site-packages/airflow/example_dags/example_task_group.py
[2024-02-13T12:19:51.561+0000] {logging_mixin.py:188} INFO - [2024-02-13T12:19:51.560+0000] {dag.py:3036} INFO - Sync 1 DAGs
[2024-02-13T12:19:51.642+0000] {logging_mixin.py:188} INFO - [2024-02-13T12:19:51.641+0000] {dag.py:3823} INFO - Setting next_dagrun for example_task_group to 2024-02-12 00:00:00+00:00, run_after=2024-02-13 00:00:00+00:00
[2024-02-13T12:19:51.707+0000] {processor.py:183} INFO - Processing /home/airflow/.local/lib/python3.8/site-packages/airflow/example_dags/example_task_group.py took 0.293 seconds
[2024-02-13T12:20:22.583+0000] {processor.py:161} INFO - Started process (PID=1096) to work on /home/airflow/.local/lib/python3.8/site-packages/airflow/example_dags/example_task_group.py
[2024-02-13T12:20:22.584+0000] {processor.py:830} INFO - Processing file /home/airflow/.local/lib/python3.8/site-packages/airflow/example_dags/example_task_group.py for tasks to queue
[2024-02-13T12:20:22.584+0000] {logging_mixin.py:188} INFO - [2024-02-13T12:20:22.584+0000] {dagbag.py:538} INFO - Filling up the DagBag from /home/airflow/.local/lib/python3.8/site-packages/airflow/example_dags/example_task_group.py
[2024-02-13T12:20:22.592+0000] {processor.py:840} INFO - DAG(s) 'example_task_group' retrieved from /home/airflow/.local/lib/python3.8/site-packages/airflow/example_dags/example_task_group.py
[2024-02-13T12:20:22.614+0000] {logging_mixin.py:188} INFO - [2024-02-13T12:20:22.613+0000] {dag.py:3036} INFO - Sync 1 DAGs
[2024-02-13T12:20:22.641+0000] {logging_mixin.py:188} INFO - [2024-02-13T12:20:22.641+0000] {dag.py:3823} INFO - Setting next_dagrun for example_task_group to 2024-02-12 00:00:00+00:00, run_after=2024-02-13 00:00:00+00:00
[2024-02-13T12:20:22.665+0000] {processor.py:183} INFO - Processing /home/airflow/.local/lib/python3.8/site-packages/airflow/example_dags/example_task_group.py took 0.086 seconds
[2024-02-13T12:20:53.115+0000] {processor.py:161} INFO - Started process (PID=1152) to work on /home/airflow/.local/lib/python3.8/site-packages/airflow/example_dags/example_task_group.py
[2024-02-13T12:20:53.116+0000] {processor.py:830} INFO - Processing file /home/airflow/.local/lib/python3.8/site-packages/airflow/example_dags/example_task_group.py for tasks to queue
[2024-02-13T12:20:53.117+0000] {logging_mixin.py:188} INFO - [2024-02-13T12:20:53.117+0000] {dagbag.py:538} INFO - Filling up the DagBag from /home/airflow/.local/lib/python3.8/site-packages/airflow/example_dags/example_task_group.py
[2024-02-13T12:20:53.128+0000] {processor.py:840} INFO - DAG(s) 'example_task_group' retrieved from /home/airflow/.local/lib/python3.8/site-packages/airflow/example_dags/example_task_group.py
[2024-02-13T12:20:53.158+0000] {logging_mixin.py:188} INFO - [2024-02-13T12:20:53.157+0000] {dag.py:3036} INFO - Sync 1 DAGs
[2024-02-13T12:20:53.200+0000] {logging_mixin.py:188} INFO - [2024-02-13T12:20:53.200+0000] {dag.py:3823} INFO - Setting next_dagrun for example_task_group to 2024-02-12 00:00:00+00:00, run_after=2024-02-13 00:00:00+00:00
[2024-02-13T12:20:53.225+0000] {processor.py:183} INFO - Processing /home/airflow/.local/lib/python3.8/site-packages/airflow/example_dags/example_task_group.py took 0.113 seconds
[2024-02-13T12:21:23.443+0000] {processor.py:161} INFO - Started process (PID=1208) to work on /home/airflow/.local/lib/python3.8/site-packages/airflow/example_dags/example_task_group.py
[2024-02-13T12:21:23.445+0000] {processor.py:830} INFO - Processing file /home/airflow/.local/lib/python3.8/site-packages/airflow/example_dags/example_task_group.py for tasks to queue
[2024-02-13T12:21:23.446+0000] {logging_mixin.py:188} INFO - [2024-02-13T12:21:23.446+0000] {dagbag.py:538} INFO - Filling up the DagBag from /home/airflow/.local/lib/python3.8/site-packages/airflow/example_dags/example_task_group.py
[2024-02-13T12:21:23.455+0000] {processor.py:840} INFO - DAG(s) 'example_task_group' retrieved from /home/airflow/.local/lib/python3.8/site-packages/airflow/example_dags/example_task_group.py
[2024-02-13T12:21:23.478+0000] {logging_mixin.py:188} INFO - [2024-02-13T12:21:23.478+0000] {dag.py:3036} INFO - Sync 1 DAGs
[2024-02-13T12:21:23.500+0000] {logging_mixin.py:188} INFO - [2024-02-13T12:21:23.499+0000] {dag.py:3823} INFO - Setting next_dagrun for example_task_group to 2024-02-12 00:00:00+00:00, run_after=2024-02-13 00:00:00+00:00
[2024-02-13T12:21:23.518+0000] {processor.py:183} INFO - Processing /home/airflow/.local/lib/python3.8/site-packages/airflow/example_dags/example_task_group.py took 0.085 seconds
[2024-02-13T12:21:53.649+0000] {processor.py:161} INFO - Started process (PID=1265) to work on /home/airflow/.local/lib/python3.8/site-packages/airflow/example_dags/example_task_group.py
[2024-02-13T12:21:53.651+0000] {processor.py:830} INFO - Processing file /home/airflow/.local/lib/python3.8/site-packages/airflow/example_dags/example_task_group.py for tasks to queue
[2024-02-13T12:21:53.652+0000] {logging_mixin.py:188} INFO - [2024-02-13T12:21:53.652+0000] {dagbag.py:538} INFO - Filling up the DagBag from /home/airflow/.local/lib/python3.8/site-packages/airflow/example_dags/example_task_group.py
[2024-02-13T12:21:53.661+0000] {processor.py:840} INFO - DAG(s) 'example_task_group' retrieved from /home/airflow/.local/lib/python3.8/site-packages/airflow/example_dags/example_task_group.py
[2024-02-13T12:21:53.685+0000] {logging_mixin.py:188} INFO - [2024-02-13T12:21:53.684+0000] {dag.py:3036} INFO - Sync 1 DAGs
[2024-02-13T12:21:53.712+0000] {logging_mixin.py:188} INFO - [2024-02-13T12:21:53.712+0000] {dag.py:3823} INFO - Setting next_dagrun for example_task_group to 2024-02-12 00:00:00+00:00, run_after=2024-02-13 00:00:00+00:00
[2024-02-13T12:21:53.731+0000] {processor.py:183} INFO - Processing /home/airflow/.local/lib/python3.8/site-packages/airflow/example_dags/example_task_group.py took 0.085 seconds
[2024-02-13T12:22:23.934+0000] {processor.py:161} INFO - Started process (PID=1322) to work on /home/airflow/.local/lib/python3.8/site-packages/airflow/example_dags/example_task_group.py
[2024-02-13T12:22:23.937+0000] {processor.py:830} INFO - Processing file /home/airflow/.local/lib/python3.8/site-packages/airflow/example_dags/example_task_group.py for tasks to queue
[2024-02-13T12:22:23.938+0000] {logging_mixin.py:188} INFO - [2024-02-13T12:22:23.938+0000] {dagbag.py:538} INFO - Filling up the DagBag from /home/airflow/.local/lib/python3.8/site-packages/airflow/example_dags/example_task_group.py
[2024-02-13T12:22:23.951+0000] {processor.py:840} INFO - DAG(s) 'example_task_group' retrieved from /home/airflow/.local/lib/python3.8/site-packages/airflow/example_dags/example_task_group.py
[2024-02-13T12:22:23.975+0000] {logging_mixin.py:188} INFO - [2024-02-13T12:22:23.974+0000] {dag.py:3036} INFO - Sync 1 DAGs
[2024-02-13T12:22:24.009+0000] {logging_mixin.py:188} INFO - [2024-02-13T12:22:24.009+0000] {dag.py:3823} INFO - Setting next_dagrun for example_task_group to 2024-02-12 00:00:00+00:00, run_after=2024-02-13 00:00:00+00:00
[2024-02-13T12:22:24.039+0000] {processor.py:183} INFO - Processing /home/airflow/.local/lib/python3.8/site-packages/airflow/example_dags/example_task_group.py took 0.113 seconds
[2024-02-13T12:22:54.634+0000] {processor.py:161} INFO - Started process (PID=1378) to work on /home/airflow/.local/lib/python3.8/site-packages/airflow/example_dags/example_task_group.py
[2024-02-13T12:22:54.635+0000] {processor.py:830} INFO - Processing file /home/airflow/.local/lib/python3.8/site-packages/airflow/example_dags/example_task_group.py for tasks to queue
[2024-02-13T12:22:54.635+0000] {logging_mixin.py:188} INFO - [2024-02-13T12:22:54.635+0000] {dagbag.py:538} INFO - Filling up the DagBag from /home/airflow/.local/lib/python3.8/site-packages/airflow/example_dags/example_task_group.py
[2024-02-13T12:22:54.642+0000] {processor.py:840} INFO - DAG(s) 'example_task_group' retrieved from /home/airflow/.local/lib/python3.8/site-packages/airflow/example_dags/example_task_group.py
[2024-02-13T12:22:54.663+0000] {logging_mixin.py:188} INFO - [2024-02-13T12:22:54.662+0000] {dag.py:3036} INFO - Sync 1 DAGs
[2024-02-13T12:22:54.684+0000] {logging_mixin.py:188} INFO - [2024-02-13T12:22:54.684+0000] {dag.py:3823} INFO - Setting next_dagrun for example_task_group to 2024-02-12 00:00:00+00:00, run_after=2024-02-13 00:00:00+00:00
[2024-02-13T12:22:54.702+0000] {processor.py:183} INFO - Processing /home/airflow/.local/lib/python3.8/site-packages/airflow/example_dags/example_task_group.py took 0.071 seconds
[2024-02-13T12:23:25.607+0000] {processor.py:161} INFO - Started process (PID=1434) to work on /home/airflow/.local/lib/python3.8/site-packages/airflow/example_dags/example_task_group.py
[2024-02-13T12:23:25.609+0000] {processor.py:830} INFO - Processing file /home/airflow/.local/lib/python3.8/site-packages/airflow/example_dags/example_task_group.py for tasks to queue
[2024-02-13T12:23:25.610+0000] {logging_mixin.py:188} INFO - [2024-02-13T12:23:25.610+0000] {dagbag.py:538} INFO - Filling up the DagBag from /home/airflow/.local/lib/python3.8/site-packages/airflow/example_dags/example_task_group.py
[2024-02-13T12:23:25.622+0000] {processor.py:840} INFO - DAG(s) 'example_task_group' retrieved from /home/airflow/.local/lib/python3.8/site-packages/airflow/example_dags/example_task_group.py
[2024-02-13T12:23:25.655+0000] {logging_mixin.py:188} INFO - [2024-02-13T12:23:25.654+0000] {dag.py:3036} INFO - Sync 1 DAGs
[2024-02-13T12:23:25.688+0000] {logging_mixin.py:188} INFO - [2024-02-13T12:23:25.688+0000] {dag.py:3823} INFO - Setting next_dagrun for example_task_group to 2024-02-12 00:00:00+00:00, run_after=2024-02-13 00:00:00+00:00
[2024-02-13T12:23:25.723+0000] {processor.py:183} INFO - Processing /home/airflow/.local/lib/python3.8/site-packages/airflow/example_dags/example_task_group.py took 0.120 seconds
[2024-02-13T12:23:55.924+0000] {processor.py:161} INFO - Started process (PID=1490) to work on /home/airflow/.local/lib/python3.8/site-packages/airflow/example_dags/example_task_group.py
[2024-02-13T12:23:55.926+0000] {processor.py:830} INFO - Processing file /home/airflow/.local/lib/python3.8/site-packages/airflow/example_dags/example_task_group.py for tasks to queue
[2024-02-13T12:23:55.928+0000] {logging_mixin.py:188} INFO - [2024-02-13T12:23:55.927+0000] {dagbag.py:538} INFO - Filling up the DagBag from /home/airflow/.local/lib/python3.8/site-packages/airflow/example_dags/example_task_group.py
[2024-02-13T12:23:55.947+0000] {processor.py:840} INFO - DAG(s) 'example_task_group' retrieved from /home/airflow/.local/lib/python3.8/site-packages/airflow/example_dags/example_task_group.py
[2024-02-13T12:23:55.992+0000] {logging_mixin.py:188} INFO - [2024-02-13T12:23:55.992+0000] {dag.py:3036} INFO - Sync 1 DAGs
[2024-02-13T12:23:56.031+0000] {logging_mixin.py:188} INFO - [2024-02-13T12:23:56.031+0000] {dag.py:3823} INFO - Setting next_dagrun for example_task_group to 2024-02-12 00:00:00+00:00, run_after=2024-02-13 00:00:00+00:00
[2024-02-13T12:23:56.065+0000] {processor.py:183} INFO - Processing /home/airflow/.local/lib/python3.8/site-packages/airflow/example_dags/example_task_group.py took 0.152 seconds
[2024-02-13T12:24:26.262+0000] {processor.py:161} INFO - Started process (PID=1546) to work on /home/airflow/.local/lib/python3.8/site-packages/airflow/example_dags/example_task_group.py
[2024-02-13T12:24:26.263+0000] {processor.py:830} INFO - Processing file /home/airflow/.local/lib/python3.8/site-packages/airflow/example_dags/example_task_group.py for tasks to queue
[2024-02-13T12:24:26.264+0000] {logging_mixin.py:188} INFO - [2024-02-13T12:24:26.263+0000] {dagbag.py:538} INFO - Filling up the DagBag from /home/airflow/.local/lib/python3.8/site-packages/airflow/example_dags/example_task_group.py
[2024-02-13T12:24:26.273+0000] {processor.py:840} INFO - DAG(s) 'example_task_group' retrieved from /home/airflow/.local/lib/python3.8/site-packages/airflow/example_dags/example_task_group.py
[2024-02-13T12:24:26.299+0000] {logging_mixin.py:188} INFO - [2024-02-13T12:24:26.298+0000] {dag.py:3036} INFO - Sync 1 DAGs
[2024-02-13T12:24:26.333+0000] {logging_mixin.py:188} INFO - [2024-02-13T12:24:26.332+0000] {dag.py:3823} INFO - Setting next_dagrun for example_task_group to 2024-02-12 00:00:00+00:00, run_after=2024-02-13 00:00:00+00:00
[2024-02-13T12:24:26.373+0000] {processor.py:183} INFO - Processing /home/airflow/.local/lib/python3.8/site-packages/airflow/example_dags/example_task_group.py took 0.114 seconds
[2024-02-13T12:24:57.374+0000] {processor.py:161} INFO - Started process (PID=1602) to work on /home/airflow/.local/lib/python3.8/site-packages/airflow/example_dags/example_task_group.py
[2024-02-13T12:24:57.375+0000] {processor.py:830} INFO - Processing file /home/airflow/.local/lib/python3.8/site-packages/airflow/example_dags/example_task_group.py for tasks to queue
[2024-02-13T12:24:57.376+0000] {logging_mixin.py:188} INFO - [2024-02-13T12:24:57.376+0000] {dagbag.py:538} INFO - Filling up the DagBag from /home/airflow/.local/lib/python3.8/site-packages/airflow/example_dags/example_task_group.py
[2024-02-13T12:24:57.389+0000] {processor.py:840} INFO - DAG(s) 'example_task_group' retrieved from /home/airflow/.local/lib/python3.8/site-packages/airflow/example_dags/example_task_group.py
[2024-02-13T12:24:57.427+0000] {logging_mixin.py:188} INFO - [2024-02-13T12:24:57.426+0000] {dag.py:3036} INFO - Sync 1 DAGs
[2024-02-13T12:24:57.469+0000] {logging_mixin.py:188} INFO - [2024-02-13T12:24:57.468+0000] {dag.py:3823} INFO - Setting next_dagrun for example_task_group to 2024-02-12 00:00:00+00:00, run_after=2024-02-13 00:00:00+00:00
[2024-02-13T12:24:57.511+0000] {processor.py:183} INFO - Processing /home/airflow/.local/lib/python3.8/site-packages/airflow/example_dags/example_task_group.py took 0.143 seconds
[2024-02-13T12:25:27.746+0000] {processor.py:161} INFO - Started process (PID=1658) to work on /home/airflow/.local/lib/python3.8/site-packages/airflow/example_dags/example_task_group.py
[2024-02-13T12:25:27.747+0000] {processor.py:830} INFO - Processing file /home/airflow/.local/lib/python3.8/site-packages/airflow/example_dags/example_task_group.py for tasks to queue
[2024-02-13T12:25:27.748+0000] {logging_mixin.py:188} INFO - [2024-02-13T12:25:27.748+0000] {dagbag.py:538} INFO - Filling up the DagBag from /home/airflow/.local/lib/python3.8/site-packages/airflow/example_dags/example_task_group.py
[2024-02-13T12:25:27.757+0000] {processor.py:840} INFO - DAG(s) 'example_task_group' retrieved from /home/airflow/.local/lib/python3.8/site-packages/airflow/example_dags/example_task_group.py
[2024-02-13T12:25:27.782+0000] {logging_mixin.py:188} INFO - [2024-02-13T12:25:27.782+0000] {dag.py:3036} INFO - Sync 1 DAGs
[2024-02-13T12:25:27.806+0000] {logging_mixin.py:188} INFO - [2024-02-13T12:25:27.805+0000] {dag.py:3823} INFO - Setting next_dagrun for example_task_group to 2024-02-12 00:00:00+00:00, run_after=2024-02-13 00:00:00+00:00
[2024-02-13T12:25:27.824+0000] {processor.py:183} INFO - Processing /home/airflow/.local/lib/python3.8/site-packages/airflow/example_dags/example_task_group.py took 0.081 seconds
[2024-02-13T12:25:58.002+0000] {processor.py:161} INFO - Started process (PID=1714) to work on /home/airflow/.local/lib/python3.8/site-packages/airflow/example_dags/example_task_group.py
[2024-02-13T12:25:58.004+0000] {processor.py:830} INFO - Processing file /home/airflow/.local/lib/python3.8/site-packages/airflow/example_dags/example_task_group.py for tasks to queue
[2024-02-13T12:25:58.005+0000] {logging_mixin.py:188} INFO - [2024-02-13T12:25:58.005+0000] {dagbag.py:538} INFO - Filling up the DagBag from /home/airflow/.local/lib/python3.8/site-packages/airflow/example_dags/example_task_group.py
[2024-02-13T12:25:58.016+0000] {processor.py:840} INFO - DAG(s) 'example_task_group' retrieved from /home/airflow/.local/lib/python3.8/site-packages/airflow/example_dags/example_task_group.py
[2024-02-13T12:25:58.038+0000] {logging_mixin.py:188} INFO - [2024-02-13T12:25:58.037+0000] {dag.py:3036} INFO - Sync 1 DAGs
[2024-02-13T12:25:58.060+0000] {logging_mixin.py:188} INFO - [2024-02-13T12:25:58.060+0000] {dag.py:3823} INFO - Setting next_dagrun for example_task_group to 2024-02-12 00:00:00+00:00, run_after=2024-02-13 00:00:00+00:00
[2024-02-13T12:25:58.079+0000] {processor.py:183} INFO - Processing /home/airflow/.local/lib/python3.8/site-packages/airflow/example_dags/example_task_group.py took 0.081 seconds
[2024-02-13T12:26:28.403+0000] {processor.py:161} INFO - Started process (PID=1770) to work on /home/airflow/.local/lib/python3.8/site-packages/airflow/example_dags/example_task_group.py
[2024-02-13T12:26:28.404+0000] {processor.py:830} INFO - Processing file /home/airflow/.local/lib/python3.8/site-packages/airflow/example_dags/example_task_group.py for tasks to queue
[2024-02-13T12:26:28.405+0000] {logging_mixin.py:188} INFO - [2024-02-13T12:26:28.405+0000] {dagbag.py:538} INFO - Filling up the DagBag from /home/airflow/.local/lib/python3.8/site-packages/airflow/example_dags/example_task_group.py
[2024-02-13T12:26:28.414+0000] {processor.py:840} INFO - DAG(s) 'example_task_group' retrieved from /home/airflow/.local/lib/python3.8/site-packages/airflow/example_dags/example_task_group.py
[2024-02-13T12:26:28.444+0000] {logging_mixin.py:188} INFO - [2024-02-13T12:26:28.444+0000] {dag.py:3036} INFO - Sync 1 DAGs
[2024-02-13T12:26:28.469+0000] {logging_mixin.py:188} INFO - [2024-02-13T12:26:28.468+0000] {dag.py:3823} INFO - Setting next_dagrun for example_task_group to 2024-02-12 00:00:00+00:00, run_after=2024-02-13 00:00:00+00:00
[2024-02-13T12:26:28.486+0000] {processor.py:183} INFO - Processing /home/airflow/.local/lib/python3.8/site-packages/airflow/example_dags/example_task_group.py took 0.085 seconds
[2024-02-13T12:26:58.871+0000] {processor.py:161} INFO - Started process (PID=1826) to work on /home/airflow/.local/lib/python3.8/site-packages/airflow/example_dags/example_task_group.py
[2024-02-13T12:26:58.872+0000] {processor.py:830} INFO - Processing file /home/airflow/.local/lib/python3.8/site-packages/airflow/example_dags/example_task_group.py for tasks to queue
[2024-02-13T12:26:58.874+0000] {logging_mixin.py:188} INFO - [2024-02-13T12:26:58.874+0000] {dagbag.py:538} INFO - Filling up the DagBag from /home/airflow/.local/lib/python3.8/site-packages/airflow/example_dags/example_task_group.py
[2024-02-13T12:26:58.887+0000] {processor.py:840} INFO - DAG(s) 'example_task_group' retrieved from /home/airflow/.local/lib/python3.8/site-packages/airflow/example_dags/example_task_group.py
[2024-02-13T12:26:58.935+0000] {logging_mixin.py:188} INFO - [2024-02-13T12:26:58.934+0000] {dag.py:3036} INFO - Sync 1 DAGs
[2024-02-13T12:26:59.001+0000] {logging_mixin.py:188} INFO - [2024-02-13T12:26:59.000+0000] {dag.py:3823} INFO - Setting next_dagrun for example_task_group to 2024-02-12 00:00:00+00:00, run_after=2024-02-13 00:00:00+00:00
[2024-02-13T12:26:59.032+0000] {processor.py:183} INFO - Processing /home/airflow/.local/lib/python3.8/site-packages/airflow/example_dags/example_task_group.py took 0.165 seconds
[2024-02-13T12:27:29.892+0000] {processor.py:161} INFO - Started process (PID=1882) to work on /home/airflow/.local/lib/python3.8/site-packages/airflow/example_dags/example_task_group.py
[2024-02-13T12:27:29.893+0000] {processor.py:830} INFO - Processing file /home/airflow/.local/lib/python3.8/site-packages/airflow/example_dags/example_task_group.py for tasks to queue
[2024-02-13T12:27:29.894+0000] {logging_mixin.py:188} INFO - [2024-02-13T12:27:29.894+0000] {dagbag.py:538} INFO - Filling up the DagBag from /home/airflow/.local/lib/python3.8/site-packages/airflow/example_dags/example_task_group.py
[2024-02-13T12:27:29.906+0000] {processor.py:840} INFO - DAG(s) 'example_task_group' retrieved from /home/airflow/.local/lib/python3.8/site-packages/airflow/example_dags/example_task_group.py
[2024-02-13T12:27:29.935+0000] {logging_mixin.py:188} INFO - [2024-02-13T12:27:29.935+0000] {dag.py:3036} INFO - Sync 1 DAGs
[2024-02-13T12:27:29.962+0000] {logging_mixin.py:188} INFO - [2024-02-13T12:27:29.961+0000] {dag.py:3823} INFO - Setting next_dagrun for example_task_group to 2024-02-12 00:00:00+00:00, run_after=2024-02-13 00:00:00+00:00
[2024-02-13T12:27:29.987+0000] {processor.py:183} INFO - Processing /home/airflow/.local/lib/python3.8/site-packages/airflow/example_dags/example_task_group.py took 0.099 seconds
[2024-02-13T12:28:00.958+0000] {processor.py:161} INFO - Started process (PID=1938) to work on /home/airflow/.local/lib/python3.8/site-packages/airflow/example_dags/example_task_group.py
[2024-02-13T12:28:00.959+0000] {processor.py:830} INFO - Processing file /home/airflow/.local/lib/python3.8/site-packages/airflow/example_dags/example_task_group.py for tasks to queue
[2024-02-13T12:28:00.960+0000] {logging_mixin.py:188} INFO - [2024-02-13T12:28:00.960+0000] {dagbag.py:538} INFO - Filling up the DagBag from /home/airflow/.local/lib/python3.8/site-packages/airflow/example_dags/example_task_group.py
[2024-02-13T12:28:00.968+0000] {processor.py:840} INFO - DAG(s) 'example_task_group' retrieved from /home/airflow/.local/lib/python3.8/site-packages/airflow/example_dags/example_task_group.py
[2024-02-13T12:28:00.990+0000] {logging_mixin.py:188} INFO - [2024-02-13T12:28:00.990+0000] {dag.py:3036} INFO - Sync 1 DAGs
[2024-02-13T12:28:01.011+0000] {logging_mixin.py:188} INFO - [2024-02-13T12:28:01.011+0000] {dag.py:3823} INFO - Setting next_dagrun for example_task_group to 2024-02-12 00:00:00+00:00, run_after=2024-02-13 00:00:00+00:00
[2024-02-13T12:28:01.035+0000] {processor.py:183} INFO - Processing /home/airflow/.local/lib/python3.8/site-packages/airflow/example_dags/example_task_group.py took 0.079 seconds
[2024-02-13T12:28:31.124+0000] {processor.py:161} INFO - Started process (PID=1994) to work on /home/airflow/.local/lib/python3.8/site-packages/airflow/example_dags/example_task_group.py
[2024-02-13T12:28:31.125+0000] {processor.py:830} INFO - Processing file /home/airflow/.local/lib/python3.8/site-packages/airflow/example_dags/example_task_group.py for tasks to queue
[2024-02-13T12:28:31.126+0000] {logging_mixin.py:188} INFO - [2024-02-13T12:28:31.125+0000] {dagbag.py:538} INFO - Filling up the DagBag from /home/airflow/.local/lib/python3.8/site-packages/airflow/example_dags/example_task_group.py
[2024-02-13T12:28:31.134+0000] {processor.py:840} INFO - DAG(s) 'example_task_group' retrieved from /home/airflow/.local/lib/python3.8/site-packages/airflow/example_dags/example_task_group.py
[2024-02-13T12:28:31.156+0000] {logging_mixin.py:188} INFO - [2024-02-13T12:28:31.155+0000] {dag.py:3036} INFO - Sync 1 DAGs
[2024-02-13T12:28:31.177+0000] {logging_mixin.py:188} INFO - [2024-02-13T12:28:31.177+0000] {dag.py:3823} INFO - Setting next_dagrun for example_task_group to 2024-02-12 00:00:00+00:00, run_after=2024-02-13 00:00:00+00:00
[2024-02-13T12:28:31.195+0000] {processor.py:183} INFO - Processing /home/airflow/.local/lib/python3.8/site-packages/airflow/example_dags/example_task_group.py took 0.075 seconds
[2024-02-13T12:29:01.374+0000] {processor.py:161} INFO - Started process (PID=2050) to work on /home/airflow/.local/lib/python3.8/site-packages/airflow/example_dags/example_task_group.py
[2024-02-13T12:29:01.376+0000] {processor.py:830} INFO - Processing file /home/airflow/.local/lib/python3.8/site-packages/airflow/example_dags/example_task_group.py for tasks to queue
[2024-02-13T12:29:01.377+0000] {logging_mixin.py:188} INFO - [2024-02-13T12:29:01.376+0000] {dagbag.py:538} INFO - Filling up the DagBag from /home/airflow/.local/lib/python3.8/site-packages/airflow/example_dags/example_task_group.py
[2024-02-13T12:29:01.385+0000] {processor.py:840} INFO - DAG(s) 'example_task_group' retrieved from /home/airflow/.local/lib/python3.8/site-packages/airflow/example_dags/example_task_group.py
[2024-02-13T12:29:01.409+0000] {logging_mixin.py:188} INFO - [2024-02-13T12:29:01.408+0000] {dag.py:3036} INFO - Sync 1 DAGs
[2024-02-13T12:29:01.431+0000] {logging_mixin.py:188} INFO - [2024-02-13T12:29:01.431+0000] {dag.py:3823} INFO - Setting next_dagrun for example_task_group to 2024-02-12 00:00:00+00:00, run_after=2024-02-13 00:00:00+00:00
[2024-02-13T12:29:01.450+0000] {processor.py:183} INFO - Processing /home/airflow/.local/lib/python3.8/site-packages/airflow/example_dags/example_task_group.py took 0.081 seconds
[2024-02-13T12:29:31.951+0000] {processor.py:161} INFO - Started process (PID=2106) to work on /home/airflow/.local/lib/python3.8/site-packages/airflow/example_dags/example_task_group.py
[2024-02-13T12:29:31.952+0000] {processor.py:830} INFO - Processing file /home/airflow/.local/lib/python3.8/site-packages/airflow/example_dags/example_task_group.py for tasks to queue
[2024-02-13T12:29:31.953+0000] {logging_mixin.py:188} INFO - [2024-02-13T12:29:31.952+0000] {dagbag.py:538} INFO - Filling up the DagBag from /home/airflow/.local/lib/python3.8/site-packages/airflow/example_dags/example_task_group.py
[2024-02-13T12:29:31.960+0000] {processor.py:840} INFO - DAG(s) 'example_task_group' retrieved from /home/airflow/.local/lib/python3.8/site-packages/airflow/example_dags/example_task_group.py
[2024-02-13T12:29:31.980+0000] {logging_mixin.py:188} INFO - [2024-02-13T12:29:31.979+0000] {dag.py:3036} INFO - Sync 1 DAGs
[2024-02-13T12:29:32.002+0000] {logging_mixin.py:188} INFO - [2024-02-13T12:29:32.002+0000] {dag.py:3823} INFO - Setting next_dagrun for example_task_group to 2024-02-12 00:00:00+00:00, run_after=2024-02-13 00:00:00+00:00
[2024-02-13T12:29:32.022+0000] {processor.py:183} INFO - Processing /home/airflow/.local/lib/python3.8/site-packages/airflow/example_dags/example_task_group.py took 0.074 seconds
[2024-02-13T12:30:02.286+0000] {processor.py:161} INFO - Started process (PID=2162) to work on /home/airflow/.local/lib/python3.8/site-packages/airflow/example_dags/example_task_group.py
[2024-02-13T12:30:02.287+0000] {processor.py:830} INFO - Processing file /home/airflow/.local/lib/python3.8/site-packages/airflow/example_dags/example_task_group.py for tasks to queue
[2024-02-13T12:30:02.288+0000] {logging_mixin.py:188} INFO - [2024-02-13T12:30:02.288+0000] {dagbag.py:538} INFO - Filling up the DagBag from /home/airflow/.local/lib/python3.8/site-packages/airflow/example_dags/example_task_group.py
[2024-02-13T12:30:02.295+0000] {processor.py:840} INFO - DAG(s) 'example_task_group' retrieved from /home/airflow/.local/lib/python3.8/site-packages/airflow/example_dags/example_task_group.py
[2024-02-13T12:30:02.317+0000] {logging_mixin.py:188} INFO - [2024-02-13T12:30:02.316+0000] {dag.py:3036} INFO - Sync 1 DAGs
[2024-02-13T12:30:02.340+0000] {logging_mixin.py:188} INFO - [2024-02-13T12:30:02.339+0000] {dag.py:3823} INFO - Setting next_dagrun for example_task_group to 2024-02-12 00:00:00+00:00, run_after=2024-02-13 00:00:00+00:00
[2024-02-13T12:30:02.359+0000] {processor.py:183} INFO - Processing /home/airflow/.local/lib/python3.8/site-packages/airflow/example_dags/example_task_group.py took 0.076 seconds
[2024-02-13T12:30:32.606+0000] {processor.py:161} INFO - Started process (PID=2218) to work on /home/airflow/.local/lib/python3.8/site-packages/airflow/example_dags/example_task_group.py
[2024-02-13T12:30:32.606+0000] {processor.py:830} INFO - Processing file /home/airflow/.local/lib/python3.8/site-packages/airflow/example_dags/example_task_group.py for tasks to queue
[2024-02-13T12:30:32.607+0000] {logging_mixin.py:188} INFO - [2024-02-13T12:30:32.607+0000] {dagbag.py:538} INFO - Filling up the DagBag from /home/airflow/.local/lib/python3.8/site-packages/airflow/example_dags/example_task_group.py
[2024-02-13T12:30:32.615+0000] {processor.py:840} INFO - DAG(s) 'example_task_group' retrieved from /home/airflow/.local/lib/python3.8/site-packages/airflow/example_dags/example_task_group.py
[2024-02-13T12:30:32.636+0000] {logging_mixin.py:188} INFO - [2024-02-13T12:30:32.635+0000] {dag.py:3036} INFO - Sync 1 DAGs
[2024-02-13T12:30:32.657+0000] {logging_mixin.py:188} INFO - [2024-02-13T12:30:32.657+0000] {dag.py:3823} INFO - Setting next_dagrun for example_task_group to 2024-02-12 00:00:00+00:00, run_after=2024-02-13 00:00:00+00:00
[2024-02-13T12:30:32.675+0000] {processor.py:183} INFO - Processing /home/airflow/.local/lib/python3.8/site-packages/airflow/example_dags/example_task_group.py took 0.073 seconds
[2024-02-13T12:31:03.167+0000] {processor.py:161} INFO - Started process (PID=2274) to work on /home/airflow/.local/lib/python3.8/site-packages/airflow/example_dags/example_task_group.py
[2024-02-13T12:31:03.168+0000] {processor.py:830} INFO - Processing file /home/airflow/.local/lib/python3.8/site-packages/airflow/example_dags/example_task_group.py for tasks to queue
[2024-02-13T12:31:03.169+0000] {logging_mixin.py:188} INFO - [2024-02-13T12:31:03.168+0000] {dagbag.py:538} INFO - Filling up the DagBag from /home/airflow/.local/lib/python3.8/site-packages/airflow/example_dags/example_task_group.py
[2024-02-13T12:31:03.176+0000] {processor.py:840} INFO - DAG(s) 'example_task_group' retrieved from /home/airflow/.local/lib/python3.8/site-packages/airflow/example_dags/example_task_group.py
[2024-02-13T12:31:03.195+0000] {logging_mixin.py:188} INFO - [2024-02-13T12:31:03.195+0000] {dag.py:3036} INFO - Sync 1 DAGs
[2024-02-13T12:31:03.217+0000] {logging_mixin.py:188} INFO - [2024-02-13T12:31:03.217+0000] {dag.py:3823} INFO - Setting next_dagrun for example_task_group to 2024-02-12 00:00:00+00:00, run_after=2024-02-13 00:00:00+00:00
[2024-02-13T12:31:03.237+0000] {processor.py:183} INFO - Processing /home/airflow/.local/lib/python3.8/site-packages/airflow/example_dags/example_task_group.py took 0.073 seconds
[2024-02-13T12:31:33.682+0000] {processor.py:161} INFO - Started process (PID=2330) to work on /home/airflow/.local/lib/python3.8/site-packages/airflow/example_dags/example_task_group.py
[2024-02-13T12:31:33.685+0000] {processor.py:830} INFO - Processing file /home/airflow/.local/lib/python3.8/site-packages/airflow/example_dags/example_task_group.py for tasks to queue
[2024-02-13T12:31:33.687+0000] {logging_mixin.py:188} INFO - [2024-02-13T12:31:33.686+0000] {dagbag.py:538} INFO - Filling up the DagBag from /home/airflow/.local/lib/python3.8/site-packages/airflow/example_dags/example_task_group.py
[2024-02-13T12:31:33.701+0000] {processor.py:840} INFO - DAG(s) 'example_task_group' retrieved from /home/airflow/.local/lib/python3.8/site-packages/airflow/example_dags/example_task_group.py
[2024-02-13T12:31:33.741+0000] {logging_mixin.py:188} INFO - [2024-02-13T12:31:33.740+0000] {dag.py:3036} INFO - Sync 1 DAGs
[2024-02-13T12:31:33.790+0000] {logging_mixin.py:188} INFO - [2024-02-13T12:31:33.790+0000] {dag.py:3823} INFO - Setting next_dagrun for example_task_group to 2024-02-12 00:00:00+00:00, run_after=2024-02-13 00:00:00+00:00
[2024-02-13T12:31:33.831+0000] {processor.py:183} INFO - Processing /home/airflow/.local/lib/python3.8/site-packages/airflow/example_dags/example_task_group.py took 0.157 seconds
[2024-02-13T12:32:04.082+0000] {processor.py:161} INFO - Started process (PID=2387) to work on /home/airflow/.local/lib/python3.8/site-packages/airflow/example_dags/example_task_group.py
[2024-02-13T12:32:04.084+0000] {processor.py:830} INFO - Processing file /home/airflow/.local/lib/python3.8/site-packages/airflow/example_dags/example_task_group.py for tasks to queue
[2024-02-13T12:32:04.086+0000] {logging_mixin.py:188} INFO - [2024-02-13T12:32:04.086+0000] {dagbag.py:538} INFO - Filling up the DagBag from /home/airflow/.local/lib/python3.8/site-packages/airflow/example_dags/example_task_group.py
[2024-02-13T12:32:04.098+0000] {processor.py:840} INFO - DAG(s) 'example_task_group' retrieved from /home/airflow/.local/lib/python3.8/site-packages/airflow/example_dags/example_task_group.py
[2024-02-13T12:32:04.128+0000] {logging_mixin.py:188} INFO - [2024-02-13T12:32:04.128+0000] {dag.py:3036} INFO - Sync 1 DAGs
[2024-02-13T12:32:04.152+0000] {logging_mixin.py:188} INFO - [2024-02-13T12:32:04.151+0000] {dag.py:3823} INFO - Setting next_dagrun for example_task_group to 2024-02-12 00:00:00+00:00, run_after=2024-02-13 00:00:00+00:00
[2024-02-13T12:32:04.171+0000] {processor.py:183} INFO - Processing /home/airflow/.local/lib/python3.8/site-packages/airflow/example_dags/example_task_group.py took 0.098 seconds
[2024-02-13T12:32:34.297+0000] {processor.py:161} INFO - Started process (PID=2443) to work on /home/airflow/.local/lib/python3.8/site-packages/airflow/example_dags/example_task_group.py
[2024-02-13T12:32:34.298+0000] {processor.py:830} INFO - Processing file /home/airflow/.local/lib/python3.8/site-packages/airflow/example_dags/example_task_group.py for tasks to queue
[2024-02-13T12:32:34.299+0000] {logging_mixin.py:188} INFO - [2024-02-13T12:32:34.299+0000] {dagbag.py:538} INFO - Filling up the DagBag from /home/airflow/.local/lib/python3.8/site-packages/airflow/example_dags/example_task_group.py
[2024-02-13T12:32:34.307+0000] {processor.py:840} INFO - DAG(s) 'example_task_group' retrieved from /home/airflow/.local/lib/python3.8/site-packages/airflow/example_dags/example_task_group.py
[2024-02-13T12:32:34.333+0000] {logging_mixin.py:188} INFO - [2024-02-13T12:32:34.332+0000] {dag.py:3036} INFO - Sync 1 DAGs
[2024-02-13T12:32:34.542+0000] {logging_mixin.py:188} INFO - [2024-02-13T12:32:34.542+0000] {dag.py:3823} INFO - Setting next_dagrun for example_task_group to 2024-02-12 00:00:00+00:00, run_after=2024-02-13 00:00:00+00:00
[2024-02-13T12:32:34.569+0000] {processor.py:183} INFO - Processing /home/airflow/.local/lib/python3.8/site-packages/airflow/example_dags/example_task_group.py took 0.275 seconds
[2024-02-13T12:33:04.758+0000] {processor.py:161} INFO - Started process (PID=2499) to work on /home/airflow/.local/lib/python3.8/site-packages/airflow/example_dags/example_task_group.py
[2024-02-13T12:33:04.759+0000] {processor.py:830} INFO - Processing file /home/airflow/.local/lib/python3.8/site-packages/airflow/example_dags/example_task_group.py for tasks to queue
[2024-02-13T12:33:04.760+0000] {logging_mixin.py:188} INFO - [2024-02-13T12:33:04.760+0000] {dagbag.py:538} INFO - Filling up the DagBag from /home/airflow/.local/lib/python3.8/site-packages/airflow/example_dags/example_task_group.py
[2024-02-13T12:33:04.769+0000] {processor.py:840} INFO - DAG(s) 'example_task_group' retrieved from /home/airflow/.local/lib/python3.8/site-packages/airflow/example_dags/example_task_group.py
[2024-02-13T12:33:04.791+0000] {logging_mixin.py:188} INFO - [2024-02-13T12:33:04.790+0000] {dag.py:3036} INFO - Sync 1 DAGs
[2024-02-13T12:33:04.957+0000] {logging_mixin.py:188} INFO - [2024-02-13T12:33:04.956+0000] {dag.py:3823} INFO - Setting next_dagrun for example_task_group to 2024-02-12 00:00:00+00:00, run_after=2024-02-13 00:00:00+00:00
[2024-02-13T12:33:04.983+0000] {processor.py:183} INFO - Processing /home/airflow/.local/lib/python3.8/site-packages/airflow/example_dags/example_task_group.py took 0.228 seconds
[2024-02-13T12:33:35.237+0000] {processor.py:161} INFO - Started process (PID=2556) to work on /home/airflow/.local/lib/python3.8/site-packages/airflow/example_dags/example_task_group.py
[2024-02-13T12:33:35.238+0000] {processor.py:830} INFO - Processing file /home/airflow/.local/lib/python3.8/site-packages/airflow/example_dags/example_task_group.py for tasks to queue
[2024-02-13T12:33:35.239+0000] {logging_mixin.py:188} INFO - [2024-02-13T12:33:35.238+0000] {dagbag.py:538} INFO - Filling up the DagBag from /home/airflow/.local/lib/python3.8/site-packages/airflow/example_dags/example_task_group.py
[2024-02-13T12:33:35.248+0000] {processor.py:840} INFO - DAG(s) 'example_task_group' retrieved from /home/airflow/.local/lib/python3.8/site-packages/airflow/example_dags/example_task_group.py
[2024-02-13T12:33:35.273+0000] {logging_mixin.py:188} INFO - [2024-02-13T12:33:35.273+0000] {dag.py:3036} INFO - Sync 1 DAGs
[2024-02-13T12:33:35.480+0000] {logging_mixin.py:188} INFO - [2024-02-13T12:33:35.480+0000] {dag.py:3823} INFO - Setting next_dagrun for example_task_group to 2024-02-12 00:00:00+00:00, run_after=2024-02-13 00:00:00+00:00
[2024-02-13T12:33:35.506+0000] {processor.py:183} INFO - Processing /home/airflow/.local/lib/python3.8/site-packages/airflow/example_dags/example_task_group.py took 0.273 seconds
[2024-02-13T12:34:05.697+0000] {processor.py:161} INFO - Started process (PID=2618) to work on /home/airflow/.local/lib/python3.8/site-packages/airflow/example_dags/example_task_group.py
[2024-02-13T12:34:05.698+0000] {processor.py:830} INFO - Processing file /home/airflow/.local/lib/python3.8/site-packages/airflow/example_dags/example_task_group.py for tasks to queue
[2024-02-13T12:34:05.699+0000] {logging_mixin.py:188} INFO - [2024-02-13T12:34:05.699+0000] {dagbag.py:538} INFO - Filling up the DagBag from /home/airflow/.local/lib/python3.8/site-packages/airflow/example_dags/example_task_group.py
[2024-02-13T12:34:05.706+0000] {processor.py:840} INFO - DAG(s) 'example_task_group' retrieved from /home/airflow/.local/lib/python3.8/site-packages/airflow/example_dags/example_task_group.py
[2024-02-13T12:34:05.727+0000] {logging_mixin.py:188} INFO - [2024-02-13T12:34:05.727+0000] {dag.py:3036} INFO - Sync 1 DAGs
[2024-02-13T12:34:05.751+0000] {logging_mixin.py:188} INFO - [2024-02-13T12:34:05.751+0000] {dag.py:3823} INFO - Setting next_dagrun for example_task_group to 2024-02-12 00:00:00+00:00, run_after=2024-02-13 00:00:00+00:00
[2024-02-13T12:34:05.769+0000] {processor.py:183} INFO - Processing /home/airflow/.local/lib/python3.8/site-packages/airflow/example_dags/example_task_group.py took 0.074 seconds
[2024-02-13T12:34:35.846+0000] {processor.py:161} INFO - Started process (PID=2674) to work on /home/airflow/.local/lib/python3.8/site-packages/airflow/example_dags/example_task_group.py
[2024-02-13T12:34:35.847+0000] {processor.py:830} INFO - Processing file /home/airflow/.local/lib/python3.8/site-packages/airflow/example_dags/example_task_group.py for tasks to queue
[2024-02-13T12:34:35.848+0000] {logging_mixin.py:188} INFO - [2024-02-13T12:34:35.848+0000] {dagbag.py:538} INFO - Filling up the DagBag from /home/airflow/.local/lib/python3.8/site-packages/airflow/example_dags/example_task_group.py
[2024-02-13T12:34:35.855+0000] {processor.py:840} INFO - DAG(s) 'example_task_group' retrieved from /home/airflow/.local/lib/python3.8/site-packages/airflow/example_dags/example_task_group.py
[2024-02-13T12:34:35.876+0000] {logging_mixin.py:188} INFO - [2024-02-13T12:34:35.876+0000] {dag.py:3036} INFO - Sync 1 DAGs
[2024-02-13T12:34:35.900+0000] {logging_mixin.py:188} INFO - [2024-02-13T12:34:35.900+0000] {dag.py:3823} INFO - Setting next_dagrun for example_task_group to 2024-02-12 00:00:00+00:00, run_after=2024-02-13 00:00:00+00:00
[2024-02-13T12:34:35.919+0000] {processor.py:183} INFO - Processing /home/airflow/.local/lib/python3.8/site-packages/airflow/example_dags/example_task_group.py took 0.075 seconds
[2024-02-13T12:35:06.134+0000] {processor.py:161} INFO - Started process (PID=2731) to work on /home/airflow/.local/lib/python3.8/site-packages/airflow/example_dags/example_task_group.py
[2024-02-13T12:35:06.135+0000] {processor.py:830} INFO - Processing file /home/airflow/.local/lib/python3.8/site-packages/airflow/example_dags/example_task_group.py for tasks to queue
[2024-02-13T12:35:06.136+0000] {logging_mixin.py:188} INFO - [2024-02-13T12:35:06.136+0000] {dagbag.py:538} INFO - Filling up the DagBag from /home/airflow/.local/lib/python3.8/site-packages/airflow/example_dags/example_task_group.py
[2024-02-13T12:35:06.143+0000] {processor.py:840} INFO - DAG(s) 'example_task_group' retrieved from /home/airflow/.local/lib/python3.8/site-packages/airflow/example_dags/example_task_group.py
[2024-02-13T12:35:06.165+0000] {logging_mixin.py:188} INFO - [2024-02-13T12:35:06.165+0000] {dag.py:3036} INFO - Sync 1 DAGs
[2024-02-13T12:35:06.188+0000] {logging_mixin.py:188} INFO - [2024-02-13T12:35:06.188+0000] {dag.py:3823} INFO - Setting next_dagrun for example_task_group to 2024-02-12 00:00:00+00:00, run_after=2024-02-13 00:00:00+00:00
[2024-02-13T12:35:06.207+0000] {processor.py:183} INFO - Processing /home/airflow/.local/lib/python3.8/site-packages/airflow/example_dags/example_task_group.py took 0.076 seconds
[2024-02-13T12:35:37.212+0000] {processor.py:161} INFO - Started process (PID=2787) to work on /home/airflow/.local/lib/python3.8/site-packages/airflow/example_dags/example_task_group.py
[2024-02-13T12:35:37.213+0000] {processor.py:830} INFO - Processing file /home/airflow/.local/lib/python3.8/site-packages/airflow/example_dags/example_task_group.py for tasks to queue
[2024-02-13T12:35:37.214+0000] {logging_mixin.py:188} INFO - [2024-02-13T12:35:37.213+0000] {dagbag.py:538} INFO - Filling up the DagBag from /home/airflow/.local/lib/python3.8/site-packages/airflow/example_dags/example_task_group.py
[2024-02-13T12:35:37.226+0000] {processor.py:840} INFO - DAG(s) 'example_task_group' retrieved from /home/airflow/.local/lib/python3.8/site-packages/airflow/example_dags/example_task_group.py
[2024-02-13T12:35:37.265+0000] {logging_mixin.py:188} INFO - [2024-02-13T12:35:37.265+0000] {dag.py:3036} INFO - Sync 1 DAGs
[2024-02-13T12:35:37.304+0000] {logging_mixin.py:188} INFO - [2024-02-13T12:35:37.303+0000] {dag.py:3823} INFO - Setting next_dagrun for example_task_group to 2024-02-12 00:00:00+00:00, run_after=2024-02-13 00:00:00+00:00
[2024-02-13T12:35:37.343+0000] {processor.py:183} INFO - Processing /home/airflow/.local/lib/python3.8/site-packages/airflow/example_dags/example_task_group.py took 0.136 seconds
[2024-02-13T12:36:07.543+0000] {processor.py:161} INFO - Started process (PID=2844) to work on /home/airflow/.local/lib/python3.8/site-packages/airflow/example_dags/example_task_group.py
[2024-02-13T12:36:07.544+0000] {processor.py:830} INFO - Processing file /home/airflow/.local/lib/python3.8/site-packages/airflow/example_dags/example_task_group.py for tasks to queue
[2024-02-13T12:36:07.545+0000] {logging_mixin.py:188} INFO - [2024-02-13T12:36:07.544+0000] {dagbag.py:538} INFO - Filling up the DagBag from /home/airflow/.local/lib/python3.8/site-packages/airflow/example_dags/example_task_group.py
[2024-02-13T12:36:07.552+0000] {processor.py:840} INFO - DAG(s) 'example_task_group' retrieved from /home/airflow/.local/lib/python3.8/site-packages/airflow/example_dags/example_task_group.py
[2024-02-13T12:36:07.572+0000] {logging_mixin.py:188} INFO - [2024-02-13T12:36:07.572+0000] {dag.py:3036} INFO - Sync 1 DAGs
[2024-02-13T12:36:07.595+0000] {logging_mixin.py:188} INFO - [2024-02-13T12:36:07.595+0000] {dag.py:3823} INFO - Setting next_dagrun for example_task_group to 2024-02-12 00:00:00+00:00, run_after=2024-02-13 00:00:00+00:00
[2024-02-13T12:36:07.612+0000] {processor.py:183} INFO - Processing /home/airflow/.local/lib/python3.8/site-packages/airflow/example_dags/example_task_group.py took 0.072 seconds
[2024-02-13T12:36:38.409+0000] {processor.py:161} INFO - Started process (PID=2900) to work on /home/airflow/.local/lib/python3.8/site-packages/airflow/example_dags/example_task_group.py
[2024-02-13T12:36:38.410+0000] {processor.py:830} INFO - Processing file /home/airflow/.local/lib/python3.8/site-packages/airflow/example_dags/example_task_group.py for tasks to queue
[2024-02-13T12:36:38.411+0000] {logging_mixin.py:188} INFO - [2024-02-13T12:36:38.411+0000] {dagbag.py:538} INFO - Filling up the DagBag from /home/airflow/.local/lib/python3.8/site-packages/airflow/example_dags/example_task_group.py
[2024-02-13T12:36:38.420+0000] {processor.py:840} INFO - DAG(s) 'example_task_group' retrieved from /home/airflow/.local/lib/python3.8/site-packages/airflow/example_dags/example_task_group.py
[2024-02-13T12:36:38.443+0000] {logging_mixin.py:188} INFO - [2024-02-13T12:36:38.443+0000] {dag.py:3036} INFO - Sync 1 DAGs
[2024-02-13T12:36:38.472+0000] {logging_mixin.py:188} INFO - [2024-02-13T12:36:38.472+0000] {dag.py:3823} INFO - Setting next_dagrun for example_task_group to 2024-02-12 00:00:00+00:00, run_after=2024-02-13 00:00:00+00:00
[2024-02-13T12:36:38.513+0000] {processor.py:183} INFO - Processing /home/airflow/.local/lib/python3.8/site-packages/airflow/example_dags/example_task_group.py took 0.107 seconds
[2024-02-13T12:37:09.237+0000] {processor.py:161} INFO - Started process (PID=2956) to work on /home/airflow/.local/lib/python3.8/site-packages/airflow/example_dags/example_task_group.py
[2024-02-13T12:37:09.239+0000] {processor.py:830} INFO - Processing file /home/airflow/.local/lib/python3.8/site-packages/airflow/example_dags/example_task_group.py for tasks to queue
[2024-02-13T12:37:09.241+0000] {logging_mixin.py:188} INFO - [2024-02-13T12:37:09.240+0000] {dagbag.py:538} INFO - Filling up the DagBag from /home/airflow/.local/lib/python3.8/site-packages/airflow/example_dags/example_task_group.py
[2024-02-13T12:37:09.266+0000] {processor.py:840} INFO - DAG(s) 'example_task_group' retrieved from /home/airflow/.local/lib/python3.8/site-packages/airflow/example_dags/example_task_group.py
[2024-02-13T12:37:09.323+0000] {logging_mixin.py:188} INFO - [2024-02-13T12:37:09.322+0000] {dag.py:3036} INFO - Sync 1 DAGs
[2024-02-13T12:37:09.400+0000] {logging_mixin.py:188} INFO - [2024-02-13T12:37:09.399+0000] {dag.py:3823} INFO - Setting next_dagrun for example_task_group to 2024-02-12 00:00:00+00:00, run_after=2024-02-13 00:00:00+00:00
[2024-02-13T12:37:09.462+0000] {processor.py:183} INFO - Processing /home/airflow/.local/lib/python3.8/site-packages/airflow/example_dags/example_task_group.py took 0.235 seconds
[2024-02-13T12:37:40.153+0000] {processor.py:161} INFO - Started process (PID=3012) to work on /home/airflow/.local/lib/python3.8/site-packages/airflow/example_dags/example_task_group.py
[2024-02-13T12:37:40.154+0000] {processor.py:830} INFO - Processing file /home/airflow/.local/lib/python3.8/site-packages/airflow/example_dags/example_task_group.py for tasks to queue
[2024-02-13T12:37:40.155+0000] {logging_mixin.py:188} INFO - [2024-02-13T12:37:40.155+0000] {dagbag.py:538} INFO - Filling up the DagBag from /home/airflow/.local/lib/python3.8/site-packages/airflow/example_dags/example_task_group.py
[2024-02-13T12:37:40.162+0000] {processor.py:840} INFO - DAG(s) 'example_task_group' retrieved from /home/airflow/.local/lib/python3.8/site-packages/airflow/example_dags/example_task_group.py
[2024-02-13T12:37:40.184+0000] {logging_mixin.py:188} INFO - [2024-02-13T12:37:40.184+0000] {dag.py:3036} INFO - Sync 1 DAGs
[2024-02-13T12:37:40.219+0000] {logging_mixin.py:188} INFO - [2024-02-13T12:37:40.219+0000] {dag.py:3823} INFO - Setting next_dagrun for example_task_group to 2024-02-12 00:00:00+00:00, run_after=2024-02-13 00:00:00+00:00
[2024-02-13T12:37:40.251+0000] {processor.py:183} INFO - Processing /home/airflow/.local/lib/python3.8/site-packages/airflow/example_dags/example_task_group.py took 0.101 seconds
[2024-02-13T12:38:10.743+0000] {processor.py:161} INFO - Started process (PID=3068) to work on /home/airflow/.local/lib/python3.8/site-packages/airflow/example_dags/example_task_group.py
[2024-02-13T12:38:10.744+0000] {processor.py:830} INFO - Processing file /home/airflow/.local/lib/python3.8/site-packages/airflow/example_dags/example_task_group.py for tasks to queue
[2024-02-13T12:38:10.745+0000] {logging_mixin.py:188} INFO - [2024-02-13T12:38:10.745+0000] {dagbag.py:538} INFO - Filling up the DagBag from /home/airflow/.local/lib/python3.8/site-packages/airflow/example_dags/example_task_group.py
[2024-02-13T12:38:10.755+0000] {processor.py:840} INFO - DAG(s) 'example_task_group' retrieved from /home/airflow/.local/lib/python3.8/site-packages/airflow/example_dags/example_task_group.py
[2024-02-13T12:38:10.786+0000] {logging_mixin.py:188} INFO - [2024-02-13T12:38:10.785+0000] {dag.py:3036} INFO - Sync 1 DAGs
[2024-02-13T12:38:10.820+0000] {logging_mixin.py:188} INFO - [2024-02-13T12:38:10.820+0000] {dag.py:3823} INFO - Setting next_dagrun for example_task_group to 2024-02-12 00:00:00+00:00, run_after=2024-02-13 00:00:00+00:00
[2024-02-13T12:38:10.841+0000] {processor.py:183} INFO - Processing /home/airflow/.local/lib/python3.8/site-packages/airflow/example_dags/example_task_group.py took 0.103 seconds
[2024-02-13T12:38:41.112+0000] {processor.py:161} INFO - Started process (PID=3124) to work on /home/airflow/.local/lib/python3.8/site-packages/airflow/example_dags/example_task_group.py
[2024-02-13T12:38:41.113+0000] {processor.py:830} INFO - Processing file /home/airflow/.local/lib/python3.8/site-packages/airflow/example_dags/example_task_group.py for tasks to queue
[2024-02-13T12:38:41.114+0000] {logging_mixin.py:188} INFO - [2024-02-13T12:38:41.113+0000] {dagbag.py:538} INFO - Filling up the DagBag from /home/airflow/.local/lib/python3.8/site-packages/airflow/example_dags/example_task_group.py
[2024-02-13T12:38:41.122+0000] {processor.py:840} INFO - DAG(s) 'example_task_group' retrieved from /home/airflow/.local/lib/python3.8/site-packages/airflow/example_dags/example_task_group.py
[2024-02-13T12:38:41.147+0000] {logging_mixin.py:188} INFO - [2024-02-13T12:38:41.147+0000] {dag.py:3036} INFO - Sync 1 DAGs
[2024-02-13T12:38:41.170+0000] {logging_mixin.py:188} INFO - [2024-02-13T12:38:41.170+0000] {dag.py:3823} INFO - Setting next_dagrun for example_task_group to 2024-02-12 00:00:00+00:00, run_after=2024-02-13 00:00:00+00:00
[2024-02-13T12:38:41.188+0000] {processor.py:183} INFO - Processing /home/airflow/.local/lib/python3.8/site-packages/airflow/example_dags/example_task_group.py took 0.079 seconds
[2024-02-13T12:39:11.227+0000] {processor.py:161} INFO - Started process (PID=3181) to work on /home/airflow/.local/lib/python3.8/site-packages/airflow/example_dags/example_task_group.py
[2024-02-13T12:39:11.227+0000] {processor.py:830} INFO - Processing file /home/airflow/.local/lib/python3.8/site-packages/airflow/example_dags/example_task_group.py for tasks to queue
[2024-02-13T12:39:11.228+0000] {logging_mixin.py:188} INFO - [2024-02-13T12:39:11.228+0000] {dagbag.py:538} INFO - Filling up the DagBag from /home/airflow/.local/lib/python3.8/site-packages/airflow/example_dags/example_task_group.py
[2024-02-13T12:39:11.235+0000] {processor.py:840} INFO - DAG(s) 'example_task_group' retrieved from /home/airflow/.local/lib/python3.8/site-packages/airflow/example_dags/example_task_group.py
[2024-02-13T12:39:11.256+0000] {logging_mixin.py:188} INFO - [2024-02-13T12:39:11.256+0000] {dag.py:3036} INFO - Sync 1 DAGs
[2024-02-13T12:39:11.277+0000] {logging_mixin.py:188} INFO - [2024-02-13T12:39:11.277+0000] {dag.py:3823} INFO - Setting next_dagrun for example_task_group to 2024-02-12 00:00:00+00:00, run_after=2024-02-13 00:00:00+00:00
[2024-02-13T12:39:11.293+0000] {processor.py:183} INFO - Processing /home/airflow/.local/lib/python3.8/site-packages/airflow/example_dags/example_task_group.py took 0.070 seconds
[2024-02-13T12:39:41.551+0000] {processor.py:161} INFO - Started process (PID=3237) to work on /home/airflow/.local/lib/python3.8/site-packages/airflow/example_dags/example_task_group.py
[2024-02-13T12:39:41.552+0000] {processor.py:830} INFO - Processing file /home/airflow/.local/lib/python3.8/site-packages/airflow/example_dags/example_task_group.py for tasks to queue
[2024-02-13T12:39:41.553+0000] {logging_mixin.py:188} INFO - [2024-02-13T12:39:41.553+0000] {dagbag.py:538} INFO - Filling up the DagBag from /home/airflow/.local/lib/python3.8/site-packages/airflow/example_dags/example_task_group.py
[2024-02-13T12:39:41.560+0000] {processor.py:840} INFO - DAG(s) 'example_task_group' retrieved from /home/airflow/.local/lib/python3.8/site-packages/airflow/example_dags/example_task_group.py
[2024-02-13T12:39:41.582+0000] {logging_mixin.py:188} INFO - [2024-02-13T12:39:41.582+0000] {dag.py:3036} INFO - Sync 1 DAGs
[2024-02-13T12:39:41.605+0000] {logging_mixin.py:188} INFO - [2024-02-13T12:39:41.605+0000] {dag.py:3823} INFO - Setting next_dagrun for example_task_group to 2024-02-12 00:00:00+00:00, run_after=2024-02-13 00:00:00+00:00
[2024-02-13T12:39:41.622+0000] {processor.py:183} INFO - Processing /home/airflow/.local/lib/python3.8/site-packages/airflow/example_dags/example_task_group.py took 0.073 seconds
[2024-02-13T12:40:11.869+0000] {processor.py:161} INFO - Started process (PID=3293) to work on /home/airflow/.local/lib/python3.8/site-packages/airflow/example_dags/example_task_group.py
[2024-02-13T12:40:11.870+0000] {processor.py:830} INFO - Processing file /home/airflow/.local/lib/python3.8/site-packages/airflow/example_dags/example_task_group.py for tasks to queue
[2024-02-13T12:40:11.871+0000] {logging_mixin.py:188} INFO - [2024-02-13T12:40:11.870+0000] {dagbag.py:538} INFO - Filling up the DagBag from /home/airflow/.local/lib/python3.8/site-packages/airflow/example_dags/example_task_group.py
[2024-02-13T12:40:11.878+0000] {processor.py:840} INFO - DAG(s) 'example_task_group' retrieved from /home/airflow/.local/lib/python3.8/site-packages/airflow/example_dags/example_task_group.py
[2024-02-13T12:40:11.900+0000] {logging_mixin.py:188} INFO - [2024-02-13T12:40:11.900+0000] {dag.py:3036} INFO - Sync 1 DAGs
[2024-02-13T12:40:11.922+0000] {logging_mixin.py:188} INFO - [2024-02-13T12:40:11.922+0000] {dag.py:3823} INFO - Setting next_dagrun for example_task_group to 2024-02-12 00:00:00+00:00, run_after=2024-02-13 00:00:00+00:00
[2024-02-13T12:40:11.943+0000] {processor.py:183} INFO - Processing /home/airflow/.local/lib/python3.8/site-packages/airflow/example_dags/example_task_group.py took 0.077 seconds
[2024-02-13T12:40:42.276+0000] {processor.py:161} INFO - Started process (PID=3349) to work on /home/airflow/.local/lib/python3.8/site-packages/airflow/example_dags/example_task_group.py
[2024-02-13T12:40:42.280+0000] {processor.py:830} INFO - Processing file /home/airflow/.local/lib/python3.8/site-packages/airflow/example_dags/example_task_group.py for tasks to queue
[2024-02-13T12:40:42.281+0000] {logging_mixin.py:188} INFO - [2024-02-13T12:40:42.280+0000] {dagbag.py:538} INFO - Filling up the DagBag from /home/airflow/.local/lib/python3.8/site-packages/airflow/example_dags/example_task_group.py
[2024-02-13T12:40:42.288+0000] {processor.py:840} INFO - DAG(s) 'example_task_group' retrieved from /home/airflow/.local/lib/python3.8/site-packages/airflow/example_dags/example_task_group.py
[2024-02-13T12:40:42.315+0000] {logging_mixin.py:188} INFO - [2024-02-13T12:40:42.315+0000] {dag.py:3036} INFO - Sync 1 DAGs
[2024-02-13T12:40:42.340+0000] {logging_mixin.py:188} INFO - [2024-02-13T12:40:42.340+0000] {dag.py:3823} INFO - Setting next_dagrun for example_task_group to 2024-02-12 00:00:00+00:00, run_after=2024-02-13 00:00:00+00:00
[2024-02-13T12:40:42.367+0000] {processor.py:183} INFO - Processing /home/airflow/.local/lib/python3.8/site-packages/airflow/example_dags/example_task_group.py took 0.095 seconds
[2024-02-13T12:41:12.835+0000] {processor.py:161} INFO - Started process (PID=3404) to work on /home/airflow/.local/lib/python3.8/site-packages/airflow/example_dags/example_task_group.py
[2024-02-13T12:41:12.836+0000] {processor.py:830} INFO - Processing file /home/airflow/.local/lib/python3.8/site-packages/airflow/example_dags/example_task_group.py for tasks to queue
[2024-02-13T12:41:12.836+0000] {logging_mixin.py:188} INFO - [2024-02-13T12:41:12.836+0000] {dagbag.py:538} INFO - Filling up the DagBag from /home/airflow/.local/lib/python3.8/site-packages/airflow/example_dags/example_task_group.py
[2024-02-13T12:41:12.844+0000] {processor.py:840} INFO - DAG(s) 'example_task_group' retrieved from /home/airflow/.local/lib/python3.8/site-packages/airflow/example_dags/example_task_group.py
[2024-02-13T12:41:12.869+0000] {logging_mixin.py:188} INFO - [2024-02-13T12:41:12.869+0000] {dag.py:3036} INFO - Sync 1 DAGs
[2024-02-13T12:41:12.892+0000] {logging_mixin.py:188} INFO - [2024-02-13T12:41:12.891+0000] {dag.py:3823} INFO - Setting next_dagrun for example_task_group to 2024-02-12 00:00:00+00:00, run_after=2024-02-13 00:00:00+00:00
[2024-02-13T12:41:12.920+0000] {processor.py:183} INFO - Processing /home/airflow/.local/lib/python3.8/site-packages/airflow/example_dags/example_task_group.py took 0.088 seconds
[2024-02-13T12:41:43.589+0000] {processor.py:161} INFO - Started process (PID=3460) to work on /home/airflow/.local/lib/python3.8/site-packages/airflow/example_dags/example_task_group.py
[2024-02-13T12:41:43.590+0000] {processor.py:830} INFO - Processing file /home/airflow/.local/lib/python3.8/site-packages/airflow/example_dags/example_task_group.py for tasks to queue
[2024-02-13T12:41:43.593+0000] {logging_mixin.py:188} INFO - [2024-02-13T12:41:43.592+0000] {dagbag.py:538} INFO - Filling up the DagBag from /home/airflow/.local/lib/python3.8/site-packages/airflow/example_dags/example_task_group.py
[2024-02-13T12:41:43.610+0000] {processor.py:840} INFO - DAG(s) 'example_task_group' retrieved from /home/airflow/.local/lib/python3.8/site-packages/airflow/example_dags/example_task_group.py
[2024-02-13T12:41:43.666+0000] {logging_mixin.py:188} INFO - [2024-02-13T12:41:43.665+0000] {dag.py:3036} INFO - Sync 1 DAGs
[2024-02-13T12:41:43.710+0000] {logging_mixin.py:188} INFO - [2024-02-13T12:41:43.710+0000] {dag.py:3823} INFO - Setting next_dagrun for example_task_group to 2024-02-12 00:00:00+00:00, run_after=2024-02-13 00:00:00+00:00
[2024-02-13T12:41:43.750+0000] {processor.py:183} INFO - Processing /home/airflow/.local/lib/python3.8/site-packages/airflow/example_dags/example_task_group.py took 0.167 seconds
[2024-02-13T12:42:14.522+0000] {processor.py:161} INFO - Started process (PID=3516) to work on /home/airflow/.local/lib/python3.8/site-packages/airflow/example_dags/example_task_group.py
[2024-02-13T12:42:14.523+0000] {processor.py:830} INFO - Processing file /home/airflow/.local/lib/python3.8/site-packages/airflow/example_dags/example_task_group.py for tasks to queue
[2024-02-13T12:42:14.523+0000] {logging_mixin.py:188} INFO - [2024-02-13T12:42:14.523+0000] {dagbag.py:538} INFO - Filling up the DagBag from /home/airflow/.local/lib/python3.8/site-packages/airflow/example_dags/example_task_group.py
[2024-02-13T12:42:14.530+0000] {processor.py:840} INFO - DAG(s) 'example_task_group' retrieved from /home/airflow/.local/lib/python3.8/site-packages/airflow/example_dags/example_task_group.py
[2024-02-13T12:42:14.551+0000] {logging_mixin.py:188} INFO - [2024-02-13T12:42:14.550+0000] {dag.py:3036} INFO - Sync 1 DAGs
[2024-02-13T12:42:14.573+0000] {logging_mixin.py:188} INFO - [2024-02-13T12:42:14.573+0000] {dag.py:3823} INFO - Setting next_dagrun for example_task_group to 2024-02-12 00:00:00+00:00, run_after=2024-02-13 00:00:00+00:00
[2024-02-13T12:42:14.592+0000] {processor.py:183} INFO - Processing /home/airflow/.local/lib/python3.8/site-packages/airflow/example_dags/example_task_group.py took 0.073 seconds
[2024-02-13T12:42:45.189+0000] {processor.py:161} INFO - Started process (PID=3572) to work on /home/airflow/.local/lib/python3.8/site-packages/airflow/example_dags/example_task_group.py
[2024-02-13T12:42:45.191+0000] {processor.py:830} INFO - Processing file /home/airflow/.local/lib/python3.8/site-packages/airflow/example_dags/example_task_group.py for tasks to queue
[2024-02-13T12:42:45.194+0000] {logging_mixin.py:188} INFO - [2024-02-13T12:42:45.193+0000] {dagbag.py:538} INFO - Filling up the DagBag from /home/airflow/.local/lib/python3.8/site-packages/airflow/example_dags/example_task_group.py
[2024-02-13T12:42:45.215+0000] {processor.py:840} INFO - DAG(s) 'example_task_group' retrieved from /home/airflow/.local/lib/python3.8/site-packages/airflow/example_dags/example_task_group.py
[2024-02-13T12:42:45.254+0000] {logging_mixin.py:188} INFO - [2024-02-13T12:42:45.254+0000] {dag.py:3036} INFO - Sync 1 DAGs
[2024-02-13T12:42:45.305+0000] {logging_mixin.py:188} INFO - [2024-02-13T12:42:45.305+0000] {dag.py:3823} INFO - Setting next_dagrun for example_task_group to 2024-02-12 00:00:00+00:00, run_after=2024-02-13 00:00:00+00:00
[2024-02-13T12:42:45.348+0000] {processor.py:183} INFO - Processing /home/airflow/.local/lib/python3.8/site-packages/airflow/example_dags/example_task_group.py took 0.163 seconds
