[2024-02-13T12:10:56.120+0000] {processor.py:161} INFO - Started process (PID=67) to work on /home/airflow/.local/lib/python3.8/site-packages/airflow/example_dags/example_short_circuit_operator.py
[2024-02-13T12:10:56.121+0000] {processor.py:830} INFO - Processing file /home/airflow/.local/lib/python3.8/site-packages/airflow/example_dags/example_short_circuit_operator.py for tasks to queue
[2024-02-13T12:10:56.121+0000] {logging_mixin.py:188} INFO - [2024-02-13T12:10:56.121+0000] {dagbag.py:538} INFO - Filling up the DagBag from /home/airflow/.local/lib/python3.8/site-packages/airflow/example_dags/example_short_circuit_operator.py
[2024-02-13T12:10:56.130+0000] {processor.py:840} INFO - DAG(s) 'example_short_circuit_operator' retrieved from /home/airflow/.local/lib/python3.8/site-packages/airflow/example_dags/example_short_circuit_operator.py
[2024-02-13T12:10:56.330+0000] {logging_mixin.py:188} INFO - [2024-02-13T12:10:56.329+0000] {dag.py:3036} INFO - Sync 1 DAGs
[2024-02-13T12:10:56.384+0000] {logging_mixin.py:188} INFO - [2024-02-13T12:10:56.384+0000] {dag.py:3823} INFO - Setting next_dagrun for example_short_circuit_operator to 2024-02-12 00:00:00+00:00, run_after=2024-02-13 00:00:00+00:00
[2024-02-13T12:10:56.431+0000] {processor.py:183} INFO - Processing /home/airflow/.local/lib/python3.8/site-packages/airflow/example_dags/example_short_circuit_operator.py took 0.314 seconds
[2024-02-13T12:11:26.515+0000] {processor.py:161} INFO - Started process (PID=123) to work on /home/airflow/.local/lib/python3.8/site-packages/airflow/example_dags/example_short_circuit_operator.py
[2024-02-13T12:11:26.517+0000] {processor.py:830} INFO - Processing file /home/airflow/.local/lib/python3.8/site-packages/airflow/example_dags/example_short_circuit_operator.py for tasks to queue
[2024-02-13T12:11:26.520+0000] {logging_mixin.py:188} INFO - [2024-02-13T12:11:26.519+0000] {dagbag.py:538} INFO - Filling up the DagBag from /home/airflow/.local/lib/python3.8/site-packages/airflow/example_dags/example_short_circuit_operator.py
[2024-02-13T12:11:26.545+0000] {processor.py:840} INFO - DAG(s) 'example_short_circuit_operator' retrieved from /home/airflow/.local/lib/python3.8/site-packages/airflow/example_dags/example_short_circuit_operator.py
[2024-02-13T12:11:26.605+0000] {logging_mixin.py:188} INFO - [2024-02-13T12:11:26.603+0000] {dag.py:3036} INFO - Sync 1 DAGs
[2024-02-13T12:11:26.660+0000] {logging_mixin.py:188} INFO - [2024-02-13T12:11:26.660+0000] {dag.py:3823} INFO - Setting next_dagrun for example_short_circuit_operator to 2024-02-12 00:00:00+00:00, run_after=2024-02-13 00:00:00+00:00
[2024-02-13T12:11:26.711+0000] {processor.py:183} INFO - Processing /home/airflow/.local/lib/python3.8/site-packages/airflow/example_dags/example_short_circuit_operator.py took 0.202 seconds
[2024-02-13T12:11:56.760+0000] {processor.py:161} INFO - Started process (PID=179) to work on /home/airflow/.local/lib/python3.8/site-packages/airflow/example_dags/example_short_circuit_operator.py
[2024-02-13T12:11:56.761+0000] {processor.py:830} INFO - Processing file /home/airflow/.local/lib/python3.8/site-packages/airflow/example_dags/example_short_circuit_operator.py for tasks to queue
[2024-02-13T12:11:56.762+0000] {logging_mixin.py:188} INFO - [2024-02-13T12:11:56.761+0000] {dagbag.py:538} INFO - Filling up the DagBag from /home/airflow/.local/lib/python3.8/site-packages/airflow/example_dags/example_short_circuit_operator.py
[2024-02-13T12:11:56.771+0000] {processor.py:840} INFO - DAG(s) 'example_short_circuit_operator' retrieved from /home/airflow/.local/lib/python3.8/site-packages/airflow/example_dags/example_short_circuit_operator.py
[2024-02-13T12:11:56.794+0000] {logging_mixin.py:188} INFO - [2024-02-13T12:11:56.794+0000] {dag.py:3036} INFO - Sync 1 DAGs
[2024-02-13T12:11:56.816+0000] {logging_mixin.py:188} INFO - [2024-02-13T12:11:56.816+0000] {dag.py:3823} INFO - Setting next_dagrun for example_short_circuit_operator to 2024-02-12 00:00:00+00:00, run_after=2024-02-13 00:00:00+00:00
[2024-02-13T12:11:56.835+0000] {processor.py:183} INFO - Processing /home/airflow/.local/lib/python3.8/site-packages/airflow/example_dags/example_short_circuit_operator.py took 0.078 seconds
[2024-02-13T12:12:31.499+0000] {processor.py:161} INFO - Started process (PID=242) to work on /home/airflow/.local/lib/python3.8/site-packages/airflow/example_dags/example_short_circuit_operator.py
[2024-02-13T12:12:31.508+0000] {processor.py:830} INFO - Processing file /home/airflow/.local/lib/python3.8/site-packages/airflow/example_dags/example_short_circuit_operator.py for tasks to queue
[2024-02-13T12:12:31.509+0000] {logging_mixin.py:188} INFO - [2024-02-13T12:12:31.509+0000] {dagbag.py:538} INFO - Filling up the DagBag from /home/airflow/.local/lib/python3.8/site-packages/airflow/example_dags/example_short_circuit_operator.py
[2024-02-13T12:12:31.549+0000] {processor.py:840} INFO - DAG(s) 'example_short_circuit_operator' retrieved from /home/airflow/.local/lib/python3.8/site-packages/airflow/example_dags/example_short_circuit_operator.py
[2024-02-13T12:12:31.689+0000] {logging_mixin.py:188} INFO - [2024-02-13T12:12:31.689+0000] {dag.py:3036} INFO - Sync 1 DAGs
[2024-02-13T12:12:31.809+0000] {logging_mixin.py:188} INFO - [2024-02-13T12:12:31.808+0000] {dag.py:3823} INFO - Setting next_dagrun for example_short_circuit_operator to 2024-02-12 00:00:00+00:00, run_after=2024-02-13 00:00:00+00:00
[2024-02-13T12:12:31.892+0000] {processor.py:183} INFO - Processing /home/airflow/.local/lib/python3.8/site-packages/airflow/example_dags/example_short_circuit_operator.py took 0.401 seconds
[2024-02-13T12:13:02.131+0000] {processor.py:161} INFO - Started process (PID=297) to work on /home/airflow/.local/lib/python3.8/site-packages/airflow/example_dags/example_short_circuit_operator.py
[2024-02-13T12:13:02.132+0000] {processor.py:830} INFO - Processing file /home/airflow/.local/lib/python3.8/site-packages/airflow/example_dags/example_short_circuit_operator.py for tasks to queue
[2024-02-13T12:13:02.134+0000] {logging_mixin.py:188} INFO - [2024-02-13T12:13:02.133+0000] {dagbag.py:538} INFO - Filling up the DagBag from /home/airflow/.local/lib/python3.8/site-packages/airflow/example_dags/example_short_circuit_operator.py
[2024-02-13T12:13:02.152+0000] {processor.py:840} INFO - DAG(s) 'example_short_circuit_operator' retrieved from /home/airflow/.local/lib/python3.8/site-packages/airflow/example_dags/example_short_circuit_operator.py
[2024-02-13T12:13:02.201+0000] {logging_mixin.py:188} INFO - [2024-02-13T12:13:02.201+0000] {dag.py:3036} INFO - Sync 1 DAGs
[2024-02-13T12:13:02.271+0000] {logging_mixin.py:188} INFO - [2024-02-13T12:13:02.271+0000] {dag.py:3823} INFO - Setting next_dagrun for example_short_circuit_operator to 2024-02-12 00:00:00+00:00, run_after=2024-02-13 00:00:00+00:00
[2024-02-13T12:13:02.314+0000] {processor.py:183} INFO - Processing /home/airflow/.local/lib/python3.8/site-packages/airflow/example_dags/example_short_circuit_operator.py took 0.189 seconds
[2024-02-13T12:13:36.658+0000] {processor.py:161} INFO - Started process (PID=352) to work on /home/airflow/.local/lib/python3.8/site-packages/airflow/example_dags/example_short_circuit_operator.py
[2024-02-13T12:13:36.668+0000] {processor.py:830} INFO - Processing file /home/airflow/.local/lib/python3.8/site-packages/airflow/example_dags/example_short_circuit_operator.py for tasks to queue
[2024-02-13T12:13:36.671+0000] {logging_mixin.py:188} INFO - [2024-02-13T12:13:36.670+0000] {dagbag.py:538} INFO - Filling up the DagBag from /home/airflow/.local/lib/python3.8/site-packages/airflow/example_dags/example_short_circuit_operator.py
[2024-02-13T12:13:36.702+0000] {processor.py:840} INFO - DAG(s) 'example_short_circuit_operator' retrieved from /home/airflow/.local/lib/python3.8/site-packages/airflow/example_dags/example_short_circuit_operator.py
[2024-02-13T12:13:36.790+0000] {logging_mixin.py:188} INFO - [2024-02-13T12:13:36.790+0000] {dag.py:3036} INFO - Sync 1 DAGs
[2024-02-13T12:13:36.889+0000] {logging_mixin.py:188} INFO - [2024-02-13T12:13:36.888+0000] {dag.py:3823} INFO - Setting next_dagrun for example_short_circuit_operator to 2024-02-12 00:00:00+00:00, run_after=2024-02-13 00:00:00+00:00
[2024-02-13T12:13:36.956+0000] {processor.py:183} INFO - Processing /home/airflow/.local/lib/python3.8/site-packages/airflow/example_dags/example_short_circuit_operator.py took 0.310 seconds
[2024-02-13T12:14:09.156+0000] {processor.py:161} INFO - Started process (PID=408) to work on /home/airflow/.local/lib/python3.8/site-packages/airflow/example_dags/example_short_circuit_operator.py
[2024-02-13T12:14:09.160+0000] {processor.py:830} INFO - Processing file /home/airflow/.local/lib/python3.8/site-packages/airflow/example_dags/example_short_circuit_operator.py for tasks to queue
[2024-02-13T12:14:09.165+0000] {logging_mixin.py:188} INFO - [2024-02-13T12:14:09.164+0000] {dagbag.py:538} INFO - Filling up the DagBag from /home/airflow/.local/lib/python3.8/site-packages/airflow/example_dags/example_short_circuit_operator.py
[2024-02-13T12:14:09.247+0000] {processor.py:840} INFO - DAG(s) 'example_short_circuit_operator' retrieved from /home/airflow/.local/lib/python3.8/site-packages/airflow/example_dags/example_short_circuit_operator.py
[2024-02-13T12:14:09.384+0000] {logging_mixin.py:188} INFO - [2024-02-13T12:14:09.383+0000] {dag.py:3036} INFO - Sync 1 DAGs
[2024-02-13T12:14:09.496+0000] {logging_mixin.py:188} INFO - [2024-02-13T12:14:09.495+0000] {dag.py:3823} INFO - Setting next_dagrun for example_short_circuit_operator to 2024-02-12 00:00:00+00:00, run_after=2024-02-13 00:00:00+00:00
[2024-02-13T12:14:09.592+0000] {processor.py:183} INFO - Processing /home/airflow/.local/lib/python3.8/site-packages/airflow/example_dags/example_short_circuit_operator.py took 0.451 seconds
[2024-02-13T12:14:39.757+0000] {processor.py:161} INFO - Started process (PID=463) to work on /home/airflow/.local/lib/python3.8/site-packages/airflow/example_dags/example_short_circuit_operator.py
[2024-02-13T12:14:39.759+0000] {processor.py:830} INFO - Processing file /home/airflow/.local/lib/python3.8/site-packages/airflow/example_dags/example_short_circuit_operator.py for tasks to queue
[2024-02-13T12:14:39.762+0000] {logging_mixin.py:188} INFO - [2024-02-13T12:14:39.761+0000] {dagbag.py:538} INFO - Filling up the DagBag from /home/airflow/.local/lib/python3.8/site-packages/airflow/example_dags/example_short_circuit_operator.py
[2024-02-13T12:14:39.785+0000] {processor.py:840} INFO - DAG(s) 'example_short_circuit_operator' retrieved from /home/airflow/.local/lib/python3.8/site-packages/airflow/example_dags/example_short_circuit_operator.py
[2024-02-13T12:14:39.853+0000] {logging_mixin.py:188} INFO - [2024-02-13T12:14:39.852+0000] {dag.py:3036} INFO - Sync 1 DAGs
[2024-02-13T12:14:39.934+0000] {logging_mixin.py:188} INFO - [2024-02-13T12:14:39.933+0000] {dag.py:3823} INFO - Setting next_dagrun for example_short_circuit_operator to 2024-02-12 00:00:00+00:00, run_after=2024-02-13 00:00:00+00:00
[2024-02-13T12:14:39.983+0000] {processor.py:183} INFO - Processing /home/airflow/.local/lib/python3.8/site-packages/airflow/example_dags/example_short_circuit_operator.py took 0.234 seconds
[2024-02-13T12:15:10.318+0000] {processor.py:161} INFO - Started process (PID=519) to work on /home/airflow/.local/lib/python3.8/site-packages/airflow/example_dags/example_short_circuit_operator.py
[2024-02-13T12:15:10.319+0000] {processor.py:830} INFO - Processing file /home/airflow/.local/lib/python3.8/site-packages/airflow/example_dags/example_short_circuit_operator.py for tasks to queue
[2024-02-13T12:15:10.320+0000] {logging_mixin.py:188} INFO - [2024-02-13T12:15:10.320+0000] {dagbag.py:538} INFO - Filling up the DagBag from /home/airflow/.local/lib/python3.8/site-packages/airflow/example_dags/example_short_circuit_operator.py
[2024-02-13T12:15:10.335+0000] {processor.py:840} INFO - DAG(s) 'example_short_circuit_operator' retrieved from /home/airflow/.local/lib/python3.8/site-packages/airflow/example_dags/example_short_circuit_operator.py
[2024-02-13T12:15:10.379+0000] {logging_mixin.py:188} INFO - [2024-02-13T12:15:10.379+0000] {dag.py:3036} INFO - Sync 1 DAGs
[2024-02-13T12:15:10.427+0000] {logging_mixin.py:188} INFO - [2024-02-13T12:15:10.427+0000] {dag.py:3823} INFO - Setting next_dagrun for example_short_circuit_operator to 2024-02-12 00:00:00+00:00, run_after=2024-02-13 00:00:00+00:00
[2024-02-13T12:15:10.480+0000] {processor.py:183} INFO - Processing /home/airflow/.local/lib/python3.8/site-packages/airflow/example_dags/example_short_circuit_operator.py took 0.169 seconds
[2024-02-13T12:15:41.011+0000] {processor.py:161} INFO - Started process (PID=575) to work on /home/airflow/.local/lib/python3.8/site-packages/airflow/example_dags/example_short_circuit_operator.py
[2024-02-13T12:15:41.011+0000] {processor.py:830} INFO - Processing file /home/airflow/.local/lib/python3.8/site-packages/airflow/example_dags/example_short_circuit_operator.py for tasks to queue
[2024-02-13T12:15:41.012+0000] {logging_mixin.py:188} INFO - [2024-02-13T12:15:41.012+0000] {dagbag.py:538} INFO - Filling up the DagBag from /home/airflow/.local/lib/python3.8/site-packages/airflow/example_dags/example_short_circuit_operator.py
[2024-02-13T12:15:41.019+0000] {processor.py:840} INFO - DAG(s) 'example_short_circuit_operator' retrieved from /home/airflow/.local/lib/python3.8/site-packages/airflow/example_dags/example_short_circuit_operator.py
[2024-02-13T12:15:41.041+0000] {logging_mixin.py:188} INFO - [2024-02-13T12:15:41.040+0000] {dag.py:3036} INFO - Sync 1 DAGs
[2024-02-13T12:15:41.061+0000] {logging_mixin.py:188} INFO - [2024-02-13T12:15:41.061+0000] {dag.py:3823} INFO - Setting next_dagrun for example_short_circuit_operator to 2024-02-12 00:00:00+00:00, run_after=2024-02-13 00:00:00+00:00
[2024-02-13T12:15:41.092+0000] {processor.py:183} INFO - Processing /home/airflow/.local/lib/python3.8/site-packages/airflow/example_dags/example_short_circuit_operator.py took 0.084 seconds
[2024-02-13T12:16:12.011+0000] {processor.py:161} INFO - Started process (PID=630) to work on /home/airflow/.local/lib/python3.8/site-packages/airflow/example_dags/example_short_circuit_operator.py
[2024-02-13T12:16:12.012+0000] {processor.py:830} INFO - Processing file /home/airflow/.local/lib/python3.8/site-packages/airflow/example_dags/example_short_circuit_operator.py for tasks to queue
[2024-02-13T12:16:12.013+0000] {logging_mixin.py:188} INFO - [2024-02-13T12:16:12.013+0000] {dagbag.py:538} INFO - Filling up the DagBag from /home/airflow/.local/lib/python3.8/site-packages/airflow/example_dags/example_short_circuit_operator.py
[2024-02-13T12:16:12.021+0000] {processor.py:840} INFO - DAG(s) 'example_short_circuit_operator' retrieved from /home/airflow/.local/lib/python3.8/site-packages/airflow/example_dags/example_short_circuit_operator.py
[2024-02-13T12:16:12.044+0000] {logging_mixin.py:188} INFO - [2024-02-13T12:16:12.044+0000] {dag.py:3036} INFO - Sync 1 DAGs
[2024-02-13T12:16:12.071+0000] {logging_mixin.py:188} INFO - [2024-02-13T12:16:12.071+0000] {dag.py:3823} INFO - Setting next_dagrun for example_short_circuit_operator to 2024-02-12 00:00:00+00:00, run_after=2024-02-13 00:00:00+00:00
[2024-02-13T12:16:12.091+0000] {processor.py:183} INFO - Processing /home/airflow/.local/lib/python3.8/site-packages/airflow/example_dags/example_short_circuit_operator.py took 0.082 seconds
[2024-02-13T12:16:42.347+0000] {processor.py:161} INFO - Started process (PID=687) to work on /home/airflow/.local/lib/python3.8/site-packages/airflow/example_dags/example_short_circuit_operator.py
[2024-02-13T12:16:42.348+0000] {processor.py:830} INFO - Processing file /home/airflow/.local/lib/python3.8/site-packages/airflow/example_dags/example_short_circuit_operator.py for tasks to queue
[2024-02-13T12:16:42.349+0000] {logging_mixin.py:188} INFO - [2024-02-13T12:16:42.349+0000] {dagbag.py:538} INFO - Filling up the DagBag from /home/airflow/.local/lib/python3.8/site-packages/airflow/example_dags/example_short_circuit_operator.py
[2024-02-13T12:16:42.356+0000] {processor.py:840} INFO - DAG(s) 'example_short_circuit_operator' retrieved from /home/airflow/.local/lib/python3.8/site-packages/airflow/example_dags/example_short_circuit_operator.py
[2024-02-13T12:16:42.377+0000] {logging_mixin.py:188} INFO - [2024-02-13T12:16:42.376+0000] {dag.py:3036} INFO - Sync 1 DAGs
[2024-02-13T12:16:42.398+0000] {logging_mixin.py:188} INFO - [2024-02-13T12:16:42.397+0000] {dag.py:3823} INFO - Setting next_dagrun for example_short_circuit_operator to 2024-02-12 00:00:00+00:00, run_after=2024-02-13 00:00:00+00:00
[2024-02-13T12:16:42.413+0000] {processor.py:183} INFO - Processing /home/airflow/.local/lib/python3.8/site-packages/airflow/example_dags/example_short_circuit_operator.py took 0.069 seconds
[2024-02-13T12:17:13.014+0000] {processor.py:161} INFO - Started process (PID=743) to work on /home/airflow/.local/lib/python3.8/site-packages/airflow/example_dags/example_short_circuit_operator.py
[2024-02-13T12:17:13.018+0000] {processor.py:830} INFO - Processing file /home/airflow/.local/lib/python3.8/site-packages/airflow/example_dags/example_short_circuit_operator.py for tasks to queue
[2024-02-13T12:17:13.021+0000] {logging_mixin.py:188} INFO - [2024-02-13T12:17:13.020+0000] {dagbag.py:538} INFO - Filling up the DagBag from /home/airflow/.local/lib/python3.8/site-packages/airflow/example_dags/example_short_circuit_operator.py
[2024-02-13T12:17:13.038+0000] {processor.py:840} INFO - DAG(s) 'example_short_circuit_operator' retrieved from /home/airflow/.local/lib/python3.8/site-packages/airflow/example_dags/example_short_circuit_operator.py
[2024-02-13T12:17:13.088+0000] {logging_mixin.py:188} INFO - [2024-02-13T12:17:13.087+0000] {dag.py:3036} INFO - Sync 1 DAGs
[2024-02-13T12:17:13.131+0000] {logging_mixin.py:188} INFO - [2024-02-13T12:17:13.131+0000] {dag.py:3823} INFO - Setting next_dagrun for example_short_circuit_operator to 2024-02-12 00:00:00+00:00, run_after=2024-02-13 00:00:00+00:00
[2024-02-13T12:17:13.182+0000] {processor.py:183} INFO - Processing /home/airflow/.local/lib/python3.8/site-packages/airflow/example_dags/example_short_circuit_operator.py took 0.174 seconds
[2024-02-13T12:17:45.402+0000] {processor.py:161} INFO - Started process (PID=807) to work on /home/airflow/.local/lib/python3.8/site-packages/airflow/example_dags/example_short_circuit_operator.py
[2024-02-13T12:17:45.417+0000] {processor.py:830} INFO - Processing file /home/airflow/.local/lib/python3.8/site-packages/airflow/example_dags/example_short_circuit_operator.py for tasks to queue
[2024-02-13T12:17:45.418+0000] {logging_mixin.py:188} INFO - [2024-02-13T12:17:45.417+0000] {dagbag.py:538} INFO - Filling up the DagBag from /home/airflow/.local/lib/python3.8/site-packages/airflow/example_dags/example_short_circuit_operator.py
[2024-02-13T12:17:45.442+0000] {processor.py:840} INFO - DAG(s) 'example_short_circuit_operator' retrieved from /home/airflow/.local/lib/python3.8/site-packages/airflow/example_dags/example_short_circuit_operator.py
[2024-02-13T12:17:45.475+0000] {logging_mixin.py:188} INFO - [2024-02-13T12:17:45.475+0000] {dag.py:3036} INFO - Sync 1 DAGs
[2024-02-13T12:17:45.497+0000] {logging_mixin.py:188} INFO - [2024-02-13T12:17:45.497+0000] {dag.py:3823} INFO - Setting next_dagrun for example_short_circuit_operator to 2024-02-12 00:00:00+00:00, run_after=2024-02-13 00:00:00+00:00
[2024-02-13T12:17:45.519+0000] {processor.py:183} INFO - Processing /home/airflow/.local/lib/python3.8/site-packages/airflow/example_dags/example_short_circuit_operator.py took 0.121 seconds
[2024-02-13T12:18:16.601+0000] {processor.py:161} INFO - Started process (PID=863) to work on /home/airflow/.local/lib/python3.8/site-packages/airflow/example_dags/example_short_circuit_operator.py
[2024-02-13T12:18:16.607+0000] {processor.py:830} INFO - Processing file /home/airflow/.local/lib/python3.8/site-packages/airflow/example_dags/example_short_circuit_operator.py for tasks to queue
[2024-02-13T12:18:16.609+0000] {logging_mixin.py:188} INFO - [2024-02-13T12:18:16.609+0000] {dagbag.py:538} INFO - Filling up the DagBag from /home/airflow/.local/lib/python3.8/site-packages/airflow/example_dags/example_short_circuit_operator.py
[2024-02-13T12:18:16.640+0000] {processor.py:840} INFO - DAG(s) 'example_short_circuit_operator' retrieved from /home/airflow/.local/lib/python3.8/site-packages/airflow/example_dags/example_short_circuit_operator.py
[2024-02-13T12:18:16.738+0000] {logging_mixin.py:188} INFO - [2024-02-13T12:18:16.737+0000] {dag.py:3036} INFO - Sync 1 DAGs
[2024-02-13T12:18:16.810+0000] {logging_mixin.py:188} INFO - [2024-02-13T12:18:16.809+0000] {dag.py:3823} INFO - Setting next_dagrun for example_short_circuit_operator to 2024-02-12 00:00:00+00:00, run_after=2024-02-13 00:00:00+00:00
[2024-02-13T12:18:16.881+0000] {processor.py:183} INFO - Processing /home/airflow/.local/lib/python3.8/site-packages/airflow/example_dags/example_short_circuit_operator.py took 0.288 seconds
[2024-02-13T12:18:47.257+0000] {processor.py:161} INFO - Started process (PID=920) to work on /home/airflow/.local/lib/python3.8/site-packages/airflow/example_dags/example_short_circuit_operator.py
[2024-02-13T12:18:47.264+0000] {processor.py:830} INFO - Processing file /home/airflow/.local/lib/python3.8/site-packages/airflow/example_dags/example_short_circuit_operator.py for tasks to queue
[2024-02-13T12:18:47.267+0000] {logging_mixin.py:188} INFO - [2024-02-13T12:18:47.265+0000] {dagbag.py:538} INFO - Filling up the DagBag from /home/airflow/.local/lib/python3.8/site-packages/airflow/example_dags/example_short_circuit_operator.py
[2024-02-13T12:18:47.294+0000] {processor.py:840} INFO - DAG(s) 'example_short_circuit_operator' retrieved from /home/airflow/.local/lib/python3.8/site-packages/airflow/example_dags/example_short_circuit_operator.py
[2024-02-13T12:18:47.376+0000] {logging_mixin.py:188} INFO - [2024-02-13T12:18:47.374+0000] {dag.py:3036} INFO - Sync 1 DAGs
[2024-02-13T12:18:47.450+0000] {logging_mixin.py:188} INFO - [2024-02-13T12:18:47.449+0000] {dag.py:3823} INFO - Setting next_dagrun for example_short_circuit_operator to 2024-02-12 00:00:00+00:00, run_after=2024-02-13 00:00:00+00:00
[2024-02-13T12:18:47.514+0000] {processor.py:183} INFO - Processing /home/airflow/.local/lib/python3.8/site-packages/airflow/example_dags/example_short_circuit_operator.py took 0.274 seconds
[2024-02-13T12:19:18.402+0000] {processor.py:161} INFO - Started process (PID=976) to work on /home/airflow/.local/lib/python3.8/site-packages/airflow/example_dags/example_short_circuit_operator.py
[2024-02-13T12:19:18.406+0000] {processor.py:830} INFO - Processing file /home/airflow/.local/lib/python3.8/site-packages/airflow/example_dags/example_short_circuit_operator.py for tasks to queue
[2024-02-13T12:19:18.409+0000] {logging_mixin.py:188} INFO - [2024-02-13T12:19:18.408+0000] {dagbag.py:538} INFO - Filling up the DagBag from /home/airflow/.local/lib/python3.8/site-packages/airflow/example_dags/example_short_circuit_operator.py
[2024-02-13T12:19:18.435+0000] {processor.py:840} INFO - DAG(s) 'example_short_circuit_operator' retrieved from /home/airflow/.local/lib/python3.8/site-packages/airflow/example_dags/example_short_circuit_operator.py
[2024-02-13T12:19:18.508+0000] {logging_mixin.py:188} INFO - [2024-02-13T12:19:18.505+0000] {dag.py:3036} INFO - Sync 1 DAGs
[2024-02-13T12:19:18.587+0000] {logging_mixin.py:188} INFO - [2024-02-13T12:19:18.586+0000] {dag.py:3823} INFO - Setting next_dagrun for example_short_circuit_operator to 2024-02-12 00:00:00+00:00, run_after=2024-02-13 00:00:00+00:00
[2024-02-13T12:19:18.652+0000] {processor.py:183} INFO - Processing /home/airflow/.local/lib/python3.8/site-packages/airflow/example_dags/example_short_circuit_operator.py took 0.260 seconds
[2024-02-13T12:19:48.792+0000] {processor.py:161} INFO - Started process (PID=1032) to work on /home/airflow/.local/lib/python3.8/site-packages/airflow/example_dags/example_short_circuit_operator.py
[2024-02-13T12:19:48.793+0000] {processor.py:830} INFO - Processing file /home/airflow/.local/lib/python3.8/site-packages/airflow/example_dags/example_short_circuit_operator.py for tasks to queue
[2024-02-13T12:19:48.795+0000] {logging_mixin.py:188} INFO - [2024-02-13T12:19:48.794+0000] {dagbag.py:538} INFO - Filling up the DagBag from /home/airflow/.local/lib/python3.8/site-packages/airflow/example_dags/example_short_circuit_operator.py
[2024-02-13T12:19:48.806+0000] {processor.py:840} INFO - DAG(s) 'example_short_circuit_operator' retrieved from /home/airflow/.local/lib/python3.8/site-packages/airflow/example_dags/example_short_circuit_operator.py
[2024-02-13T12:19:48.849+0000] {logging_mixin.py:188} INFO - [2024-02-13T12:19:48.849+0000] {dag.py:3036} INFO - Sync 1 DAGs
[2024-02-13T12:19:48.886+0000] {logging_mixin.py:188} INFO - [2024-02-13T12:19:48.885+0000] {dag.py:3823} INFO - Setting next_dagrun for example_short_circuit_operator to 2024-02-12 00:00:00+00:00, run_after=2024-02-13 00:00:00+00:00
[2024-02-13T12:19:48.913+0000] {processor.py:183} INFO - Processing /home/airflow/.local/lib/python3.8/site-packages/airflow/example_dags/example_short_circuit_operator.py took 0.124 seconds
[2024-02-13T12:20:19.140+0000] {processor.py:161} INFO - Started process (PID=1088) to work on /home/airflow/.local/lib/python3.8/site-packages/airflow/example_dags/example_short_circuit_operator.py
[2024-02-13T12:20:19.141+0000] {processor.py:830} INFO - Processing file /home/airflow/.local/lib/python3.8/site-packages/airflow/example_dags/example_short_circuit_operator.py for tasks to queue
[2024-02-13T12:20:19.141+0000] {logging_mixin.py:188} INFO - [2024-02-13T12:20:19.141+0000] {dagbag.py:538} INFO - Filling up the DagBag from /home/airflow/.local/lib/python3.8/site-packages/airflow/example_dags/example_short_circuit_operator.py
[2024-02-13T12:20:19.149+0000] {processor.py:840} INFO - DAG(s) 'example_short_circuit_operator' retrieved from /home/airflow/.local/lib/python3.8/site-packages/airflow/example_dags/example_short_circuit_operator.py
[2024-02-13T12:20:19.170+0000] {logging_mixin.py:188} INFO - [2024-02-13T12:20:19.170+0000] {dag.py:3036} INFO - Sync 1 DAGs
[2024-02-13T12:20:19.193+0000] {logging_mixin.py:188} INFO - [2024-02-13T12:20:19.193+0000] {dag.py:3823} INFO - Setting next_dagrun for example_short_circuit_operator to 2024-02-12 00:00:00+00:00, run_after=2024-02-13 00:00:00+00:00
[2024-02-13T12:20:19.211+0000] {processor.py:183} INFO - Processing /home/airflow/.local/lib/python3.8/site-packages/airflow/example_dags/example_short_circuit_operator.py took 0.074 seconds
[2024-02-13T12:20:49.666+0000] {processor.py:161} INFO - Started process (PID=1144) to work on /home/airflow/.local/lib/python3.8/site-packages/airflow/example_dags/example_short_circuit_operator.py
[2024-02-13T12:20:49.677+0000] {processor.py:830} INFO - Processing file /home/airflow/.local/lib/python3.8/site-packages/airflow/example_dags/example_short_circuit_operator.py for tasks to queue
[2024-02-13T12:20:49.678+0000] {logging_mixin.py:188} INFO - [2024-02-13T12:20:49.677+0000] {dagbag.py:538} INFO - Filling up the DagBag from /home/airflow/.local/lib/python3.8/site-packages/airflow/example_dags/example_short_circuit_operator.py
[2024-02-13T12:20:49.687+0000] {processor.py:840} INFO - DAG(s) 'example_short_circuit_operator' retrieved from /home/airflow/.local/lib/python3.8/site-packages/airflow/example_dags/example_short_circuit_operator.py
[2024-02-13T12:20:49.716+0000] {logging_mixin.py:188} INFO - [2024-02-13T12:20:49.716+0000] {dag.py:3036} INFO - Sync 1 DAGs
[2024-02-13T12:20:49.745+0000] {logging_mixin.py:188} INFO - [2024-02-13T12:20:49.745+0000] {dag.py:3823} INFO - Setting next_dagrun for example_short_circuit_operator to 2024-02-12 00:00:00+00:00, run_after=2024-02-13 00:00:00+00:00
[2024-02-13T12:20:49.767+0000] {processor.py:183} INFO - Processing /home/airflow/.local/lib/python3.8/site-packages/airflow/example_dags/example_short_circuit_operator.py took 0.105 seconds
[2024-02-13T12:21:20.026+0000] {processor.py:161} INFO - Started process (PID=1200) to work on /home/airflow/.local/lib/python3.8/site-packages/airflow/example_dags/example_short_circuit_operator.py
[2024-02-13T12:21:20.027+0000] {processor.py:830} INFO - Processing file /home/airflow/.local/lib/python3.8/site-packages/airflow/example_dags/example_short_circuit_operator.py for tasks to queue
[2024-02-13T12:21:20.028+0000] {logging_mixin.py:188} INFO - [2024-02-13T12:21:20.027+0000] {dagbag.py:538} INFO - Filling up the DagBag from /home/airflow/.local/lib/python3.8/site-packages/airflow/example_dags/example_short_circuit_operator.py
[2024-02-13T12:21:20.035+0000] {processor.py:840} INFO - DAG(s) 'example_short_circuit_operator' retrieved from /home/airflow/.local/lib/python3.8/site-packages/airflow/example_dags/example_short_circuit_operator.py
[2024-02-13T12:21:20.057+0000] {logging_mixin.py:188} INFO - [2024-02-13T12:21:20.056+0000] {dag.py:3036} INFO - Sync 1 DAGs
[2024-02-13T12:21:20.084+0000] {logging_mixin.py:188} INFO - [2024-02-13T12:21:20.083+0000] {dag.py:3823} INFO - Setting next_dagrun for example_short_circuit_operator to 2024-02-12 00:00:00+00:00, run_after=2024-02-13 00:00:00+00:00
[2024-02-13T12:21:20.102+0000] {processor.py:183} INFO - Processing /home/airflow/.local/lib/python3.8/site-packages/airflow/example_dags/example_short_circuit_operator.py took 0.079 seconds
[2024-02-13T12:21:50.266+0000] {processor.py:161} INFO - Started process (PID=1257) to work on /home/airflow/.local/lib/python3.8/site-packages/airflow/example_dags/example_short_circuit_operator.py
[2024-02-13T12:21:50.267+0000] {processor.py:830} INFO - Processing file /home/airflow/.local/lib/python3.8/site-packages/airflow/example_dags/example_short_circuit_operator.py for tasks to queue
[2024-02-13T12:21:50.267+0000] {logging_mixin.py:188} INFO - [2024-02-13T12:21:50.267+0000] {dagbag.py:538} INFO - Filling up the DagBag from /home/airflow/.local/lib/python3.8/site-packages/airflow/example_dags/example_short_circuit_operator.py
[2024-02-13T12:21:50.275+0000] {processor.py:840} INFO - DAG(s) 'example_short_circuit_operator' retrieved from /home/airflow/.local/lib/python3.8/site-packages/airflow/example_dags/example_short_circuit_operator.py
[2024-02-13T12:21:50.296+0000] {logging_mixin.py:188} INFO - [2024-02-13T12:21:50.296+0000] {dag.py:3036} INFO - Sync 1 DAGs
[2024-02-13T12:21:50.320+0000] {logging_mixin.py:188} INFO - [2024-02-13T12:21:50.319+0000] {dag.py:3823} INFO - Setting next_dagrun for example_short_circuit_operator to 2024-02-12 00:00:00+00:00, run_after=2024-02-13 00:00:00+00:00
[2024-02-13T12:21:50.340+0000] {processor.py:183} INFO - Processing /home/airflow/.local/lib/python3.8/site-packages/airflow/example_dags/example_short_circuit_operator.py took 0.076 seconds
[2024-02-13T12:22:20.659+0000] {processor.py:161} INFO - Started process (PID=1314) to work on /home/airflow/.local/lib/python3.8/site-packages/airflow/example_dags/example_short_circuit_operator.py
[2024-02-13T12:22:20.660+0000] {processor.py:830} INFO - Processing file /home/airflow/.local/lib/python3.8/site-packages/airflow/example_dags/example_short_circuit_operator.py for tasks to queue
[2024-02-13T12:22:20.661+0000] {logging_mixin.py:188} INFO - [2024-02-13T12:22:20.660+0000] {dagbag.py:538} INFO - Filling up the DagBag from /home/airflow/.local/lib/python3.8/site-packages/airflow/example_dags/example_short_circuit_operator.py
[2024-02-13T12:22:20.669+0000] {processor.py:840} INFO - DAG(s) 'example_short_circuit_operator' retrieved from /home/airflow/.local/lib/python3.8/site-packages/airflow/example_dags/example_short_circuit_operator.py
[2024-02-13T12:22:20.693+0000] {logging_mixin.py:188} INFO - [2024-02-13T12:22:20.692+0000] {dag.py:3036} INFO - Sync 1 DAGs
[2024-02-13T12:22:20.719+0000] {logging_mixin.py:188} INFO - [2024-02-13T12:22:20.719+0000] {dag.py:3823} INFO - Setting next_dagrun for example_short_circuit_operator to 2024-02-12 00:00:00+00:00, run_after=2024-02-13 00:00:00+00:00
[2024-02-13T12:22:20.744+0000] {processor.py:183} INFO - Processing /home/airflow/.local/lib/python3.8/site-packages/airflow/example_dags/example_short_circuit_operator.py took 0.089 seconds
[2024-02-13T12:22:51.167+0000] {processor.py:161} INFO - Started process (PID=1369) to work on /home/airflow/.local/lib/python3.8/site-packages/airflow/example_dags/example_short_circuit_operator.py
[2024-02-13T12:22:51.168+0000] {processor.py:830} INFO - Processing file /home/airflow/.local/lib/python3.8/site-packages/airflow/example_dags/example_short_circuit_operator.py for tasks to queue
[2024-02-13T12:22:51.169+0000] {logging_mixin.py:188} INFO - [2024-02-13T12:22:51.169+0000] {dagbag.py:538} INFO - Filling up the DagBag from /home/airflow/.local/lib/python3.8/site-packages/airflow/example_dags/example_short_circuit_operator.py
[2024-02-13T12:22:51.176+0000] {processor.py:840} INFO - DAG(s) 'example_short_circuit_operator' retrieved from /home/airflow/.local/lib/python3.8/site-packages/airflow/example_dags/example_short_circuit_operator.py
[2024-02-13T12:22:51.204+0000] {logging_mixin.py:188} INFO - [2024-02-13T12:22:51.203+0000] {dag.py:3036} INFO - Sync 1 DAGs
[2024-02-13T12:22:51.235+0000] {logging_mixin.py:188} INFO - [2024-02-13T12:22:51.235+0000] {dag.py:3823} INFO - Setting next_dagrun for example_short_circuit_operator to 2024-02-12 00:00:00+00:00, run_after=2024-02-13 00:00:00+00:00
[2024-02-13T12:22:51.261+0000] {processor.py:183} INFO - Processing /home/airflow/.local/lib/python3.8/site-packages/airflow/example_dags/example_short_circuit_operator.py took 0.096 seconds
[2024-02-13T12:23:21.969+0000] {processor.py:161} INFO - Started process (PID=1425) to work on /home/airflow/.local/lib/python3.8/site-packages/airflow/example_dags/example_short_circuit_operator.py
[2024-02-13T12:23:21.972+0000] {processor.py:830} INFO - Processing file /home/airflow/.local/lib/python3.8/site-packages/airflow/example_dags/example_short_circuit_operator.py for tasks to queue
[2024-02-13T12:23:21.974+0000] {logging_mixin.py:188} INFO - [2024-02-13T12:23:21.973+0000] {dagbag.py:538} INFO - Filling up the DagBag from /home/airflow/.local/lib/python3.8/site-packages/airflow/example_dags/example_short_circuit_operator.py
[2024-02-13T12:23:21.993+0000] {processor.py:840} INFO - DAG(s) 'example_short_circuit_operator' retrieved from /home/airflow/.local/lib/python3.8/site-packages/airflow/example_dags/example_short_circuit_operator.py
[2024-02-13T12:23:22.043+0000] {logging_mixin.py:188} INFO - [2024-02-13T12:23:22.042+0000] {dag.py:3036} INFO - Sync 1 DAGs
[2024-02-13T12:23:22.092+0000] {logging_mixin.py:188} INFO - [2024-02-13T12:23:22.091+0000] {dag.py:3823} INFO - Setting next_dagrun for example_short_circuit_operator to 2024-02-12 00:00:00+00:00, run_after=2024-02-13 00:00:00+00:00
[2024-02-13T12:23:22.145+0000] {processor.py:183} INFO - Processing /home/airflow/.local/lib/python3.8/site-packages/airflow/example_dags/example_short_circuit_operator.py took 0.180 seconds
[2024-02-13T12:23:52.194+0000] {processor.py:161} INFO - Started process (PID=1481) to work on /home/airflow/.local/lib/python3.8/site-packages/airflow/example_dags/example_short_circuit_operator.py
[2024-02-13T12:23:52.195+0000] {processor.py:830} INFO - Processing file /home/airflow/.local/lib/python3.8/site-packages/airflow/example_dags/example_short_circuit_operator.py for tasks to queue
[2024-02-13T12:23:52.196+0000] {logging_mixin.py:188} INFO - [2024-02-13T12:23:52.196+0000] {dagbag.py:538} INFO - Filling up the DagBag from /home/airflow/.local/lib/python3.8/site-packages/airflow/example_dags/example_short_circuit_operator.py
[2024-02-13T12:23:52.203+0000] {processor.py:840} INFO - DAG(s) 'example_short_circuit_operator' retrieved from /home/airflow/.local/lib/python3.8/site-packages/airflow/example_dags/example_short_circuit_operator.py
[2024-02-13T12:23:52.224+0000] {logging_mixin.py:188} INFO - [2024-02-13T12:23:52.224+0000] {dag.py:3036} INFO - Sync 1 DAGs
[2024-02-13T12:23:52.245+0000] {logging_mixin.py:188} INFO - [2024-02-13T12:23:52.245+0000] {dag.py:3823} INFO - Setting next_dagrun for example_short_circuit_operator to 2024-02-12 00:00:00+00:00, run_after=2024-02-13 00:00:00+00:00
[2024-02-13T12:23:52.264+0000] {processor.py:183} INFO - Processing /home/airflow/.local/lib/python3.8/site-packages/airflow/example_dags/example_short_circuit_operator.py took 0.072 seconds
[2024-02-13T12:24:23.171+0000] {processor.py:161} INFO - Started process (PID=1537) to work on /home/airflow/.local/lib/python3.8/site-packages/airflow/example_dags/example_short_circuit_operator.py
[2024-02-13T12:24:23.175+0000] {processor.py:830} INFO - Processing file /home/airflow/.local/lib/python3.8/site-packages/airflow/example_dags/example_short_circuit_operator.py for tasks to queue
[2024-02-13T12:24:23.177+0000] {logging_mixin.py:188} INFO - [2024-02-13T12:24:23.176+0000] {dagbag.py:538} INFO - Filling up the DagBag from /home/airflow/.local/lib/python3.8/site-packages/airflow/example_dags/example_short_circuit_operator.py
[2024-02-13T12:24:23.195+0000] {processor.py:840} INFO - DAG(s) 'example_short_circuit_operator' retrieved from /home/airflow/.local/lib/python3.8/site-packages/airflow/example_dags/example_short_circuit_operator.py
[2024-02-13T12:24:23.235+0000] {logging_mixin.py:188} INFO - [2024-02-13T12:24:23.235+0000] {dag.py:3036} INFO - Sync 1 DAGs
[2024-02-13T12:24:23.290+0000] {logging_mixin.py:188} INFO - [2024-02-13T12:24:23.290+0000] {dag.py:3823} INFO - Setting next_dagrun for example_short_circuit_operator to 2024-02-12 00:00:00+00:00, run_after=2024-02-13 00:00:00+00:00
[2024-02-13T12:24:23.330+0000] {processor.py:183} INFO - Processing /home/airflow/.local/lib/python3.8/site-packages/airflow/example_dags/example_short_circuit_operator.py took 0.168 seconds
[2024-02-13T12:24:53.738+0000] {processor.py:161} INFO - Started process (PID=1593) to work on /home/airflow/.local/lib/python3.8/site-packages/airflow/example_dags/example_short_circuit_operator.py
[2024-02-13T12:24:53.739+0000] {processor.py:830} INFO - Processing file /home/airflow/.local/lib/python3.8/site-packages/airflow/example_dags/example_short_circuit_operator.py for tasks to queue
[2024-02-13T12:24:53.739+0000] {logging_mixin.py:188} INFO - [2024-02-13T12:24:53.739+0000] {dagbag.py:538} INFO - Filling up the DagBag from /home/airflow/.local/lib/python3.8/site-packages/airflow/example_dags/example_short_circuit_operator.py
[2024-02-13T12:24:53.747+0000] {processor.py:840} INFO - DAG(s) 'example_short_circuit_operator' retrieved from /home/airflow/.local/lib/python3.8/site-packages/airflow/example_dags/example_short_circuit_operator.py
[2024-02-13T12:24:53.769+0000] {logging_mixin.py:188} INFO - [2024-02-13T12:24:53.769+0000] {dag.py:3036} INFO - Sync 1 DAGs
[2024-02-13T12:24:53.794+0000] {logging_mixin.py:188} INFO - [2024-02-13T12:24:53.794+0000] {dag.py:3823} INFO - Setting next_dagrun for example_short_circuit_operator to 2024-02-12 00:00:00+00:00, run_after=2024-02-13 00:00:00+00:00
[2024-02-13T12:24:53.825+0000] {processor.py:183} INFO - Processing /home/airflow/.local/lib/python3.8/site-packages/airflow/example_dags/example_short_circuit_operator.py took 0.090 seconds
[2024-02-13T12:25:23.935+0000] {processor.py:161} INFO - Started process (PID=1649) to work on /home/airflow/.local/lib/python3.8/site-packages/airflow/example_dags/example_short_circuit_operator.py
[2024-02-13T12:25:23.936+0000] {processor.py:830} INFO - Processing file /home/airflow/.local/lib/python3.8/site-packages/airflow/example_dags/example_short_circuit_operator.py for tasks to queue
[2024-02-13T12:25:23.937+0000] {logging_mixin.py:188} INFO - [2024-02-13T12:25:23.936+0000] {dagbag.py:538} INFO - Filling up the DagBag from /home/airflow/.local/lib/python3.8/site-packages/airflow/example_dags/example_short_circuit_operator.py
[2024-02-13T12:25:23.944+0000] {processor.py:840} INFO - DAG(s) 'example_short_circuit_operator' retrieved from /home/airflow/.local/lib/python3.8/site-packages/airflow/example_dags/example_short_circuit_operator.py
[2024-02-13T12:25:23.965+0000] {logging_mixin.py:188} INFO - [2024-02-13T12:25:23.965+0000] {dag.py:3036} INFO - Sync 1 DAGs
[2024-02-13T12:25:23.988+0000] {logging_mixin.py:188} INFO - [2024-02-13T12:25:23.988+0000] {dag.py:3823} INFO - Setting next_dagrun for example_short_circuit_operator to 2024-02-12 00:00:00+00:00, run_after=2024-02-13 00:00:00+00:00
[2024-02-13T12:25:24.004+0000] {processor.py:183} INFO - Processing /home/airflow/.local/lib/python3.8/site-packages/airflow/example_dags/example_short_circuit_operator.py took 0.071 seconds
[2024-02-13T12:25:54.541+0000] {processor.py:161} INFO - Started process (PID=1705) to work on /home/airflow/.local/lib/python3.8/site-packages/airflow/example_dags/example_short_circuit_operator.py
[2024-02-13T12:25:54.542+0000] {processor.py:830} INFO - Processing file /home/airflow/.local/lib/python3.8/site-packages/airflow/example_dags/example_short_circuit_operator.py for tasks to queue
[2024-02-13T12:25:54.544+0000] {logging_mixin.py:188} INFO - [2024-02-13T12:25:54.543+0000] {dagbag.py:538} INFO - Filling up the DagBag from /home/airflow/.local/lib/python3.8/site-packages/airflow/example_dags/example_short_circuit_operator.py
[2024-02-13T12:25:54.559+0000] {processor.py:840} INFO - DAG(s) 'example_short_circuit_operator' retrieved from /home/airflow/.local/lib/python3.8/site-packages/airflow/example_dags/example_short_circuit_operator.py
[2024-02-13T12:25:54.589+0000] {logging_mixin.py:188} INFO - [2024-02-13T12:25:54.589+0000] {dag.py:3036} INFO - Sync 1 DAGs
[2024-02-13T12:25:54.624+0000] {logging_mixin.py:188} INFO - [2024-02-13T12:25:54.623+0000] {dag.py:3823} INFO - Setting next_dagrun for example_short_circuit_operator to 2024-02-12 00:00:00+00:00, run_after=2024-02-13 00:00:00+00:00
[2024-02-13T12:25:54.658+0000] {processor.py:183} INFO - Processing /home/airflow/.local/lib/python3.8/site-packages/airflow/example_dags/example_short_circuit_operator.py took 0.125 seconds
[2024-02-13T12:26:24.928+0000] {processor.py:161} INFO - Started process (PID=1761) to work on /home/airflow/.local/lib/python3.8/site-packages/airflow/example_dags/example_short_circuit_operator.py
[2024-02-13T12:26:24.929+0000] {processor.py:830} INFO - Processing file /home/airflow/.local/lib/python3.8/site-packages/airflow/example_dags/example_short_circuit_operator.py for tasks to queue
[2024-02-13T12:26:24.930+0000] {logging_mixin.py:188} INFO - [2024-02-13T12:26:24.929+0000] {dagbag.py:538} INFO - Filling up the DagBag from /home/airflow/.local/lib/python3.8/site-packages/airflow/example_dags/example_short_circuit_operator.py
[2024-02-13T12:26:24.937+0000] {processor.py:840} INFO - DAG(s) 'example_short_circuit_operator' retrieved from /home/airflow/.local/lib/python3.8/site-packages/airflow/example_dags/example_short_circuit_operator.py
[2024-02-13T12:26:24.958+0000] {logging_mixin.py:188} INFO - [2024-02-13T12:26:24.958+0000] {dag.py:3036} INFO - Sync 1 DAGs
[2024-02-13T12:26:24.981+0000] {logging_mixin.py:188} INFO - [2024-02-13T12:26:24.980+0000] {dag.py:3823} INFO - Setting next_dagrun for example_short_circuit_operator to 2024-02-12 00:00:00+00:00, run_after=2024-02-13 00:00:00+00:00
[2024-02-13T12:26:24.999+0000] {processor.py:183} INFO - Processing /home/airflow/.local/lib/python3.8/site-packages/airflow/example_dags/example_short_circuit_operator.py took 0.073 seconds
[2024-02-13T12:26:55.307+0000] {processor.py:161} INFO - Started process (PID=1817) to work on /home/airflow/.local/lib/python3.8/site-packages/airflow/example_dags/example_short_circuit_operator.py
[2024-02-13T12:26:55.307+0000] {processor.py:830} INFO - Processing file /home/airflow/.local/lib/python3.8/site-packages/airflow/example_dags/example_short_circuit_operator.py for tasks to queue
[2024-02-13T12:26:55.308+0000] {logging_mixin.py:188} INFO - [2024-02-13T12:26:55.308+0000] {dagbag.py:538} INFO - Filling up the DagBag from /home/airflow/.local/lib/python3.8/site-packages/airflow/example_dags/example_short_circuit_operator.py
[2024-02-13T12:26:55.316+0000] {processor.py:840} INFO - DAG(s) 'example_short_circuit_operator' retrieved from /home/airflow/.local/lib/python3.8/site-packages/airflow/example_dags/example_short_circuit_operator.py
[2024-02-13T12:26:55.337+0000] {logging_mixin.py:188} INFO - [2024-02-13T12:26:55.337+0000] {dag.py:3036} INFO - Sync 1 DAGs
[2024-02-13T12:26:55.359+0000] {logging_mixin.py:188} INFO - [2024-02-13T12:26:55.359+0000] {dag.py:3823} INFO - Setting next_dagrun for example_short_circuit_operator to 2024-02-12 00:00:00+00:00, run_after=2024-02-13 00:00:00+00:00
[2024-02-13T12:26:55.377+0000] {processor.py:183} INFO - Processing /home/airflow/.local/lib/python3.8/site-packages/airflow/example_dags/example_short_circuit_operator.py took 0.073 seconds
[2024-02-13T12:27:25.454+0000] {processor.py:161} INFO - Started process (PID=1873) to work on /home/airflow/.local/lib/python3.8/site-packages/airflow/example_dags/example_short_circuit_operator.py
[2024-02-13T12:27:25.454+0000] {processor.py:830} INFO - Processing file /home/airflow/.local/lib/python3.8/site-packages/airflow/example_dags/example_short_circuit_operator.py for tasks to queue
[2024-02-13T12:27:25.455+0000] {logging_mixin.py:188} INFO - [2024-02-13T12:27:25.455+0000] {dagbag.py:538} INFO - Filling up the DagBag from /home/airflow/.local/lib/python3.8/site-packages/airflow/example_dags/example_short_circuit_operator.py
[2024-02-13T12:27:25.463+0000] {processor.py:840} INFO - DAG(s) 'example_short_circuit_operator' retrieved from /home/airflow/.local/lib/python3.8/site-packages/airflow/example_dags/example_short_circuit_operator.py
[2024-02-13T12:27:25.485+0000] {logging_mixin.py:188} INFO - [2024-02-13T12:27:25.484+0000] {dag.py:3036} INFO - Sync 1 DAGs
[2024-02-13T12:27:25.508+0000] {logging_mixin.py:188} INFO - [2024-02-13T12:27:25.508+0000] {dag.py:3823} INFO - Setting next_dagrun for example_short_circuit_operator to 2024-02-12 00:00:00+00:00, run_after=2024-02-13 00:00:00+00:00
[2024-02-13T12:27:25.528+0000] {processor.py:183} INFO - Processing /home/airflow/.local/lib/python3.8/site-packages/airflow/example_dags/example_short_circuit_operator.py took 0.077 seconds
[2024-02-13T12:27:56.473+0000] {processor.py:161} INFO - Started process (PID=1929) to work on /home/airflow/.local/lib/python3.8/site-packages/airflow/example_dags/example_short_circuit_operator.py
[2024-02-13T12:27:56.474+0000] {processor.py:830} INFO - Processing file /home/airflow/.local/lib/python3.8/site-packages/airflow/example_dags/example_short_circuit_operator.py for tasks to queue
[2024-02-13T12:27:56.474+0000] {logging_mixin.py:188} INFO - [2024-02-13T12:27:56.474+0000] {dagbag.py:538} INFO - Filling up the DagBag from /home/airflow/.local/lib/python3.8/site-packages/airflow/example_dags/example_short_circuit_operator.py
[2024-02-13T12:27:56.482+0000] {processor.py:840} INFO - DAG(s) 'example_short_circuit_operator' retrieved from /home/airflow/.local/lib/python3.8/site-packages/airflow/example_dags/example_short_circuit_operator.py
[2024-02-13T12:27:56.503+0000] {logging_mixin.py:188} INFO - [2024-02-13T12:27:56.503+0000] {dag.py:3036} INFO - Sync 1 DAGs
[2024-02-13T12:27:56.528+0000] {logging_mixin.py:188} INFO - [2024-02-13T12:27:56.527+0000] {dag.py:3823} INFO - Setting next_dagrun for example_short_circuit_operator to 2024-02-12 00:00:00+00:00, run_after=2024-02-13 00:00:00+00:00
[2024-02-13T12:27:56.556+0000] {processor.py:183} INFO - Processing /home/airflow/.local/lib/python3.8/site-packages/airflow/example_dags/example_short_circuit_operator.py took 0.085 seconds
[2024-02-13T12:28:26.674+0000] {processor.py:161} INFO - Started process (PID=1985) to work on /home/airflow/.local/lib/python3.8/site-packages/airflow/example_dags/example_short_circuit_operator.py
[2024-02-13T12:28:26.674+0000] {processor.py:830} INFO - Processing file /home/airflow/.local/lib/python3.8/site-packages/airflow/example_dags/example_short_circuit_operator.py for tasks to queue
[2024-02-13T12:28:26.675+0000] {logging_mixin.py:188} INFO - [2024-02-13T12:28:26.675+0000] {dagbag.py:538} INFO - Filling up the DagBag from /home/airflow/.local/lib/python3.8/site-packages/airflow/example_dags/example_short_circuit_operator.py
[2024-02-13T12:28:26.682+0000] {processor.py:840} INFO - DAG(s) 'example_short_circuit_operator' retrieved from /home/airflow/.local/lib/python3.8/site-packages/airflow/example_dags/example_short_circuit_operator.py
[2024-02-13T12:28:26.704+0000] {logging_mixin.py:188} INFO - [2024-02-13T12:28:26.704+0000] {dag.py:3036} INFO - Sync 1 DAGs
[2024-02-13T12:28:26.732+0000] {logging_mixin.py:188} INFO - [2024-02-13T12:28:26.731+0000] {dag.py:3823} INFO - Setting next_dagrun for example_short_circuit_operator to 2024-02-12 00:00:00+00:00, run_after=2024-02-13 00:00:00+00:00
[2024-02-13T12:28:26.751+0000] {processor.py:183} INFO - Processing /home/airflow/.local/lib/python3.8/site-packages/airflow/example_dags/example_short_circuit_operator.py took 0.080 seconds
[2024-02-13T12:28:56.903+0000] {processor.py:161} INFO - Started process (PID=2041) to work on /home/airflow/.local/lib/python3.8/site-packages/airflow/example_dags/example_short_circuit_operator.py
[2024-02-13T12:28:56.905+0000] {processor.py:830} INFO - Processing file /home/airflow/.local/lib/python3.8/site-packages/airflow/example_dags/example_short_circuit_operator.py for tasks to queue
[2024-02-13T12:28:56.906+0000] {logging_mixin.py:188} INFO - [2024-02-13T12:28:56.906+0000] {dagbag.py:538} INFO - Filling up the DagBag from /home/airflow/.local/lib/python3.8/site-packages/airflow/example_dags/example_short_circuit_operator.py
[2024-02-13T12:28:56.923+0000] {processor.py:840} INFO - DAG(s) 'example_short_circuit_operator' retrieved from /home/airflow/.local/lib/python3.8/site-packages/airflow/example_dags/example_short_circuit_operator.py
[2024-02-13T12:28:56.955+0000] {logging_mixin.py:188} INFO - [2024-02-13T12:28:56.955+0000] {dag.py:3036} INFO - Sync 1 DAGs
[2024-02-13T12:28:56.983+0000] {logging_mixin.py:188} INFO - [2024-02-13T12:28:56.983+0000] {dag.py:3823} INFO - Setting next_dagrun for example_short_circuit_operator to 2024-02-12 00:00:00+00:00, run_after=2024-02-13 00:00:00+00:00
[2024-02-13T12:28:57.005+0000] {processor.py:183} INFO - Processing /home/airflow/.local/lib/python3.8/site-packages/airflow/example_dags/example_short_circuit_operator.py took 0.109 seconds
[2024-02-13T12:29:27.542+0000] {processor.py:161} INFO - Started process (PID=2097) to work on /home/airflow/.local/lib/python3.8/site-packages/airflow/example_dags/example_short_circuit_operator.py
[2024-02-13T12:29:27.542+0000] {processor.py:830} INFO - Processing file /home/airflow/.local/lib/python3.8/site-packages/airflow/example_dags/example_short_circuit_operator.py for tasks to queue
[2024-02-13T12:29:27.543+0000] {logging_mixin.py:188} INFO - [2024-02-13T12:29:27.543+0000] {dagbag.py:538} INFO - Filling up the DagBag from /home/airflow/.local/lib/python3.8/site-packages/airflow/example_dags/example_short_circuit_operator.py
[2024-02-13T12:29:27.550+0000] {processor.py:840} INFO - DAG(s) 'example_short_circuit_operator' retrieved from /home/airflow/.local/lib/python3.8/site-packages/airflow/example_dags/example_short_circuit_operator.py
[2024-02-13T12:29:27.572+0000] {logging_mixin.py:188} INFO - [2024-02-13T12:29:27.571+0000] {dag.py:3036} INFO - Sync 1 DAGs
[2024-02-13T12:29:27.594+0000] {logging_mixin.py:188} INFO - [2024-02-13T12:29:27.594+0000] {dag.py:3823} INFO - Setting next_dagrun for example_short_circuit_operator to 2024-02-12 00:00:00+00:00, run_after=2024-02-13 00:00:00+00:00
[2024-02-13T12:29:27.614+0000] {processor.py:183} INFO - Processing /home/airflow/.local/lib/python3.8/site-packages/airflow/example_dags/example_short_circuit_operator.py took 0.075 seconds
[2024-02-13T12:29:57.799+0000] {processor.py:161} INFO - Started process (PID=2153) to work on /home/airflow/.local/lib/python3.8/site-packages/airflow/example_dags/example_short_circuit_operator.py
[2024-02-13T12:29:57.800+0000] {processor.py:830} INFO - Processing file /home/airflow/.local/lib/python3.8/site-packages/airflow/example_dags/example_short_circuit_operator.py for tasks to queue
[2024-02-13T12:29:57.801+0000] {logging_mixin.py:188} INFO - [2024-02-13T12:29:57.800+0000] {dagbag.py:538} INFO - Filling up the DagBag from /home/airflow/.local/lib/python3.8/site-packages/airflow/example_dags/example_short_circuit_operator.py
[2024-02-13T12:29:57.808+0000] {processor.py:840} INFO - DAG(s) 'example_short_circuit_operator' retrieved from /home/airflow/.local/lib/python3.8/site-packages/airflow/example_dags/example_short_circuit_operator.py
[2024-02-13T12:29:57.830+0000] {logging_mixin.py:188} INFO - [2024-02-13T12:29:57.830+0000] {dag.py:3036} INFO - Sync 1 DAGs
[2024-02-13T12:29:57.863+0000] {logging_mixin.py:188} INFO - [2024-02-13T12:29:57.862+0000] {dag.py:3823} INFO - Setting next_dagrun for example_short_circuit_operator to 2024-02-12 00:00:00+00:00, run_after=2024-02-13 00:00:00+00:00
[2024-02-13T12:29:57.887+0000] {processor.py:183} INFO - Processing /home/airflow/.local/lib/python3.8/site-packages/airflow/example_dags/example_short_circuit_operator.py took 0.091 seconds
[2024-02-13T12:30:28.175+0000] {processor.py:161} INFO - Started process (PID=2209) to work on /home/airflow/.local/lib/python3.8/site-packages/airflow/example_dags/example_short_circuit_operator.py
[2024-02-13T12:30:28.176+0000] {processor.py:830} INFO - Processing file /home/airflow/.local/lib/python3.8/site-packages/airflow/example_dags/example_short_circuit_operator.py for tasks to queue
[2024-02-13T12:30:28.177+0000] {logging_mixin.py:188} INFO - [2024-02-13T12:30:28.176+0000] {dagbag.py:538} INFO - Filling up the DagBag from /home/airflow/.local/lib/python3.8/site-packages/airflow/example_dags/example_short_circuit_operator.py
[2024-02-13T12:30:28.184+0000] {processor.py:840} INFO - DAG(s) 'example_short_circuit_operator' retrieved from /home/airflow/.local/lib/python3.8/site-packages/airflow/example_dags/example_short_circuit_operator.py
[2024-02-13T12:30:28.205+0000] {logging_mixin.py:188} INFO - [2024-02-13T12:30:28.205+0000] {dag.py:3036} INFO - Sync 1 DAGs
[2024-02-13T12:30:28.227+0000] {logging_mixin.py:188} INFO - [2024-02-13T12:30:28.227+0000] {dag.py:3823} INFO - Setting next_dagrun for example_short_circuit_operator to 2024-02-12 00:00:00+00:00, run_after=2024-02-13 00:00:00+00:00
[2024-02-13T12:30:28.246+0000] {processor.py:183} INFO - Processing /home/airflow/.local/lib/python3.8/site-packages/airflow/example_dags/example_short_circuit_operator.py took 0.074 seconds
[2024-02-13T12:30:58.743+0000] {processor.py:161} INFO - Started process (PID=2265) to work on /home/airflow/.local/lib/python3.8/site-packages/airflow/example_dags/example_short_circuit_operator.py
[2024-02-13T12:30:58.744+0000] {processor.py:830} INFO - Processing file /home/airflow/.local/lib/python3.8/site-packages/airflow/example_dags/example_short_circuit_operator.py for tasks to queue
[2024-02-13T12:30:58.744+0000] {logging_mixin.py:188} INFO - [2024-02-13T12:30:58.744+0000] {dagbag.py:538} INFO - Filling up the DagBag from /home/airflow/.local/lib/python3.8/site-packages/airflow/example_dags/example_short_circuit_operator.py
[2024-02-13T12:30:58.752+0000] {processor.py:840} INFO - DAG(s) 'example_short_circuit_operator' retrieved from /home/airflow/.local/lib/python3.8/site-packages/airflow/example_dags/example_short_circuit_operator.py
[2024-02-13T12:30:58.773+0000] {logging_mixin.py:188} INFO - [2024-02-13T12:30:58.773+0000] {dag.py:3036} INFO - Sync 1 DAGs
[2024-02-13T12:30:58.796+0000] {logging_mixin.py:188} INFO - [2024-02-13T12:30:58.795+0000] {dag.py:3823} INFO - Setting next_dagrun for example_short_circuit_operator to 2024-02-12 00:00:00+00:00, run_after=2024-02-13 00:00:00+00:00
[2024-02-13T12:30:58.814+0000] {processor.py:183} INFO - Processing /home/airflow/.local/lib/python3.8/site-packages/airflow/example_dags/example_short_circuit_operator.py took 0.074 seconds
[2024-02-13T12:31:29.126+0000] {processor.py:161} INFO - Started process (PID=2321) to work on /home/airflow/.local/lib/python3.8/site-packages/airflow/example_dags/example_short_circuit_operator.py
[2024-02-13T12:31:29.127+0000] {processor.py:830} INFO - Processing file /home/airflow/.local/lib/python3.8/site-packages/airflow/example_dags/example_short_circuit_operator.py for tasks to queue
[2024-02-13T12:31:29.128+0000] {logging_mixin.py:188} INFO - [2024-02-13T12:31:29.128+0000] {dagbag.py:538} INFO - Filling up the DagBag from /home/airflow/.local/lib/python3.8/site-packages/airflow/example_dags/example_short_circuit_operator.py
[2024-02-13T12:31:29.139+0000] {processor.py:840} INFO - DAG(s) 'example_short_circuit_operator' retrieved from /home/airflow/.local/lib/python3.8/site-packages/airflow/example_dags/example_short_circuit_operator.py
[2024-02-13T12:31:29.170+0000] {logging_mixin.py:188} INFO - [2024-02-13T12:31:29.169+0000] {dag.py:3036} INFO - Sync 1 DAGs
[2024-02-13T12:31:29.208+0000] {logging_mixin.py:188} INFO - [2024-02-13T12:31:29.207+0000] {dag.py:3823} INFO - Setting next_dagrun for example_short_circuit_operator to 2024-02-12 00:00:00+00:00, run_after=2024-02-13 00:00:00+00:00
[2024-02-13T12:31:29.243+0000] {processor.py:183} INFO - Processing /home/airflow/.local/lib/python3.8/site-packages/airflow/example_dags/example_short_circuit_operator.py took 0.121 seconds
[2024-02-13T12:31:59.880+0000] {processor.py:161} INFO - Started process (PID=2378) to work on /home/airflow/.local/lib/python3.8/site-packages/airflow/example_dags/example_short_circuit_operator.py
[2024-02-13T12:31:59.881+0000] {processor.py:830} INFO - Processing file /home/airflow/.local/lib/python3.8/site-packages/airflow/example_dags/example_short_circuit_operator.py for tasks to queue
[2024-02-13T12:31:59.881+0000] {logging_mixin.py:188} INFO - [2024-02-13T12:31:59.881+0000] {dagbag.py:538} INFO - Filling up the DagBag from /home/airflow/.local/lib/python3.8/site-packages/airflow/example_dags/example_short_circuit_operator.py
[2024-02-13T12:31:59.889+0000] {processor.py:840} INFO - DAG(s) 'example_short_circuit_operator' retrieved from /home/airflow/.local/lib/python3.8/site-packages/airflow/example_dags/example_short_circuit_operator.py
[2024-02-13T12:31:59.910+0000] {logging_mixin.py:188} INFO - [2024-02-13T12:31:59.909+0000] {dag.py:3036} INFO - Sync 1 DAGs
[2024-02-13T12:32:00.108+0000] {logging_mixin.py:188} INFO - [2024-02-13T12:32:00.108+0000] {dag.py:3823} INFO - Setting next_dagrun for example_short_circuit_operator to 2024-02-12 00:00:00+00:00, run_after=2024-02-13 00:00:00+00:00
[2024-02-13T12:32:00.129+0000] {processor.py:183} INFO - Processing /home/airflow/.local/lib/python3.8/site-packages/airflow/example_dags/example_short_circuit_operator.py took 0.252 seconds
[2024-02-13T12:32:31.999+0000] {processor.py:161} INFO - Started process (PID=2435) to work on /home/airflow/.local/lib/python3.8/site-packages/airflow/example_dags/example_short_circuit_operator.py
[2024-02-13T12:32:32.002+0000] {processor.py:830} INFO - Processing file /home/airflow/.local/lib/python3.8/site-packages/airflow/example_dags/example_short_circuit_operator.py for tasks to queue
[2024-02-13T12:32:32.004+0000] {logging_mixin.py:188} INFO - [2024-02-13T12:32:32.003+0000] {dagbag.py:538} INFO - Filling up the DagBag from /home/airflow/.local/lib/python3.8/site-packages/airflow/example_dags/example_short_circuit_operator.py
[2024-02-13T12:32:32.028+0000] {processor.py:840} INFO - DAG(s) 'example_short_circuit_operator' retrieved from /home/airflow/.local/lib/python3.8/site-packages/airflow/example_dags/example_short_circuit_operator.py
[2024-02-13T12:32:32.102+0000] {logging_mixin.py:188} INFO - [2024-02-13T12:32:32.102+0000] {dag.py:3036} INFO - Sync 1 DAGs
[2024-02-13T12:32:32.563+0000] {logging_mixin.py:188} INFO - [2024-02-13T12:32:32.563+0000] {dag.py:3823} INFO - Setting next_dagrun for example_short_circuit_operator to 2024-02-12 00:00:00+00:00, run_after=2024-02-13 00:00:00+00:00
[2024-02-13T12:32:32.615+0000] {processor.py:183} INFO - Processing /home/airflow/.local/lib/python3.8/site-packages/airflow/example_dags/example_short_circuit_operator.py took 0.624 seconds
[2024-02-13T12:33:03.524+0000] {processor.py:161} INFO - Started process (PID=2491) to work on /home/airflow/.local/lib/python3.8/site-packages/airflow/example_dags/example_short_circuit_operator.py
[2024-02-13T12:33:03.526+0000] {processor.py:830} INFO - Processing file /home/airflow/.local/lib/python3.8/site-packages/airflow/example_dags/example_short_circuit_operator.py for tasks to queue
[2024-02-13T12:33:03.527+0000] {logging_mixin.py:188} INFO - [2024-02-13T12:33:03.527+0000] {dagbag.py:538} INFO - Filling up the DagBag from /home/airflow/.local/lib/python3.8/site-packages/airflow/example_dags/example_short_circuit_operator.py
[2024-02-13T12:33:03.541+0000] {processor.py:840} INFO - DAG(s) 'example_short_circuit_operator' retrieved from /home/airflow/.local/lib/python3.8/site-packages/airflow/example_dags/example_short_circuit_operator.py
[2024-02-13T12:33:03.569+0000] {logging_mixin.py:188} INFO - [2024-02-13T12:33:03.569+0000] {dag.py:3036} INFO - Sync 1 DAGs
[2024-02-13T12:33:03.736+0000] {logging_mixin.py:188} INFO - [2024-02-13T12:33:03.735+0000] {dag.py:3823} INFO - Setting next_dagrun for example_short_circuit_operator to 2024-02-12 00:00:00+00:00, run_after=2024-02-13 00:00:00+00:00
[2024-02-13T12:33:03.759+0000] {processor.py:183} INFO - Processing /home/airflow/.local/lib/python3.8/site-packages/airflow/example_dags/example_short_circuit_operator.py took 0.244 seconds
[2024-02-13T12:33:33.976+0000] {processor.py:161} INFO - Started process (PID=2548) to work on /home/airflow/.local/lib/python3.8/site-packages/airflow/example_dags/example_short_circuit_operator.py
[2024-02-13T12:33:33.978+0000] {processor.py:830} INFO - Processing file /home/airflow/.local/lib/python3.8/site-packages/airflow/example_dags/example_short_circuit_operator.py for tasks to queue
[2024-02-13T12:33:33.979+0000] {logging_mixin.py:188} INFO - [2024-02-13T12:33:33.978+0000] {dagbag.py:538} INFO - Filling up the DagBag from /home/airflow/.local/lib/python3.8/site-packages/airflow/example_dags/example_short_circuit_operator.py
[2024-02-13T12:33:33.988+0000] {processor.py:840} INFO - DAG(s) 'example_short_circuit_operator' retrieved from /home/airflow/.local/lib/python3.8/site-packages/airflow/example_dags/example_short_circuit_operator.py
[2024-02-13T12:33:34.017+0000] {logging_mixin.py:188} INFO - [2024-02-13T12:33:34.017+0000] {dag.py:3036} INFO - Sync 1 DAGs
[2024-02-13T12:33:34.040+0000] {logging_mixin.py:188} INFO - [2024-02-13T12:33:34.040+0000] {dag.py:3823} INFO - Setting next_dagrun for example_short_circuit_operator to 2024-02-12 00:00:00+00:00, run_after=2024-02-13 00:00:00+00:00
[2024-02-13T12:33:34.227+0000] {processor.py:183} INFO - Processing /home/airflow/.local/lib/python3.8/site-packages/airflow/example_dags/example_short_circuit_operator.py took 0.255 seconds
[2024-02-13T12:34:04.291+0000] {processor.py:161} INFO - Started process (PID=2605) to work on /home/airflow/.local/lib/python3.8/site-packages/airflow/example_dags/example_short_circuit_operator.py
[2024-02-13T12:34:04.292+0000] {processor.py:830} INFO - Processing file /home/airflow/.local/lib/python3.8/site-packages/airflow/example_dags/example_short_circuit_operator.py for tasks to queue
[2024-02-13T12:34:04.293+0000] {logging_mixin.py:188} INFO - [2024-02-13T12:34:04.293+0000] {dagbag.py:538} INFO - Filling up the DagBag from /home/airflow/.local/lib/python3.8/site-packages/airflow/example_dags/example_short_circuit_operator.py
[2024-02-13T12:34:04.302+0000] {processor.py:840} INFO - DAG(s) 'example_short_circuit_operator' retrieved from /home/airflow/.local/lib/python3.8/site-packages/airflow/example_dags/example_short_circuit_operator.py
[2024-02-13T12:34:04.325+0000] {logging_mixin.py:188} INFO - [2024-02-13T12:34:04.324+0000] {dag.py:3036} INFO - Sync 1 DAGs
[2024-02-13T12:34:04.347+0000] {logging_mixin.py:188} INFO - [2024-02-13T12:34:04.347+0000] {dag.py:3823} INFO - Setting next_dagrun for example_short_circuit_operator to 2024-02-12 00:00:00+00:00, run_after=2024-02-13 00:00:00+00:00
[2024-02-13T12:34:04.365+0000] {processor.py:183} INFO - Processing /home/airflow/.local/lib/python3.8/site-packages/airflow/example_dags/example_short_circuit_operator.py took 0.077 seconds
[2024-02-13T12:34:34.518+0000] {processor.py:161} INFO - Started process (PID=2660) to work on /home/airflow/.local/lib/python3.8/site-packages/airflow/example_dags/example_short_circuit_operator.py
[2024-02-13T12:34:34.520+0000] {processor.py:830} INFO - Processing file /home/airflow/.local/lib/python3.8/site-packages/airflow/example_dags/example_short_circuit_operator.py for tasks to queue
[2024-02-13T12:34:34.521+0000] {logging_mixin.py:188} INFO - [2024-02-13T12:34:34.521+0000] {dagbag.py:538} INFO - Filling up the DagBag from /home/airflow/.local/lib/python3.8/site-packages/airflow/example_dags/example_short_circuit_operator.py
[2024-02-13T12:34:34.532+0000] {processor.py:840} INFO - DAG(s) 'example_short_circuit_operator' retrieved from /home/airflow/.local/lib/python3.8/site-packages/airflow/example_dags/example_short_circuit_operator.py
[2024-02-13T12:34:34.557+0000] {logging_mixin.py:188} INFO - [2024-02-13T12:34:34.557+0000] {dag.py:3036} INFO - Sync 1 DAGs
[2024-02-13T12:34:34.579+0000] {logging_mixin.py:188} INFO - [2024-02-13T12:34:34.579+0000] {dag.py:3823} INFO - Setting next_dagrun for example_short_circuit_operator to 2024-02-12 00:00:00+00:00, run_after=2024-02-13 00:00:00+00:00
[2024-02-13T12:34:34.599+0000] {processor.py:183} INFO - Processing /home/airflow/.local/lib/python3.8/site-packages/airflow/example_dags/example_short_circuit_operator.py took 0.087 seconds
[2024-02-13T12:35:04.809+0000] {processor.py:161} INFO - Started process (PID=2716) to work on /home/airflow/.local/lib/python3.8/site-packages/airflow/example_dags/example_short_circuit_operator.py
[2024-02-13T12:35:04.811+0000] {processor.py:830} INFO - Processing file /home/airflow/.local/lib/python3.8/site-packages/airflow/example_dags/example_short_circuit_operator.py for tasks to queue
[2024-02-13T12:35:04.812+0000] {logging_mixin.py:188} INFO - [2024-02-13T12:35:04.812+0000] {dagbag.py:538} INFO - Filling up the DagBag from /home/airflow/.local/lib/python3.8/site-packages/airflow/example_dags/example_short_circuit_operator.py
[2024-02-13T12:35:04.822+0000] {processor.py:840} INFO - DAG(s) 'example_short_circuit_operator' retrieved from /home/airflow/.local/lib/python3.8/site-packages/airflow/example_dags/example_short_circuit_operator.py
[2024-02-13T12:35:04.847+0000] {logging_mixin.py:188} INFO - [2024-02-13T12:35:04.847+0000] {dag.py:3036} INFO - Sync 1 DAGs
[2024-02-13T12:35:04.869+0000] {logging_mixin.py:188} INFO - [2024-02-13T12:35:04.868+0000] {dag.py:3823} INFO - Setting next_dagrun for example_short_circuit_operator to 2024-02-12 00:00:00+00:00, run_after=2024-02-13 00:00:00+00:00
[2024-02-13T12:35:04.887+0000] {processor.py:183} INFO - Processing /home/airflow/.local/lib/python3.8/site-packages/airflow/example_dags/example_short_circuit_operator.py took 0.081 seconds
[2024-02-13T12:35:35.626+0000] {processor.py:161} INFO - Started process (PID=2773) to work on /home/airflow/.local/lib/python3.8/site-packages/airflow/example_dags/example_short_circuit_operator.py
[2024-02-13T12:35:35.628+0000] {processor.py:830} INFO - Processing file /home/airflow/.local/lib/python3.8/site-packages/airflow/example_dags/example_short_circuit_operator.py for tasks to queue
[2024-02-13T12:35:35.629+0000] {logging_mixin.py:188} INFO - [2024-02-13T12:35:35.629+0000] {dagbag.py:538} INFO - Filling up the DagBag from /home/airflow/.local/lib/python3.8/site-packages/airflow/example_dags/example_short_circuit_operator.py
[2024-02-13T12:35:35.637+0000] {processor.py:840} INFO - DAG(s) 'example_short_circuit_operator' retrieved from /home/airflow/.local/lib/python3.8/site-packages/airflow/example_dags/example_short_circuit_operator.py
[2024-02-13T12:35:35.668+0000] {logging_mixin.py:188} INFO - [2024-02-13T12:35:35.667+0000] {dag.py:3036} INFO - Sync 1 DAGs
[2024-02-13T12:35:35.713+0000] {logging_mixin.py:188} INFO - [2024-02-13T12:35:35.713+0000] {dag.py:3823} INFO - Setting next_dagrun for example_short_circuit_operator to 2024-02-12 00:00:00+00:00, run_after=2024-02-13 00:00:00+00:00
[2024-02-13T12:35:35.733+0000] {processor.py:183} INFO - Processing /home/airflow/.local/lib/python3.8/site-packages/airflow/example_dags/example_short_circuit_operator.py took 0.110 seconds
[2024-02-13T12:36:06.174+0000] {processor.py:161} INFO - Started process (PID=2836) to work on /home/airflow/.local/lib/python3.8/site-packages/airflow/example_dags/example_short_circuit_operator.py
[2024-02-13T12:36:06.176+0000] {processor.py:830} INFO - Processing file /home/airflow/.local/lib/python3.8/site-packages/airflow/example_dags/example_short_circuit_operator.py for tasks to queue
[2024-02-13T12:36:06.177+0000] {logging_mixin.py:188} INFO - [2024-02-13T12:36:06.176+0000] {dagbag.py:538} INFO - Filling up the DagBag from /home/airflow/.local/lib/python3.8/site-packages/airflow/example_dags/example_short_circuit_operator.py
[2024-02-13T12:36:06.186+0000] {processor.py:840} INFO - DAG(s) 'example_short_circuit_operator' retrieved from /home/airflow/.local/lib/python3.8/site-packages/airflow/example_dags/example_short_circuit_operator.py
[2024-02-13T12:36:06.214+0000] {logging_mixin.py:188} INFO - [2024-02-13T12:36:06.214+0000] {dag.py:3036} INFO - Sync 1 DAGs
[2024-02-13T12:36:06.236+0000] {logging_mixin.py:188} INFO - [2024-02-13T12:36:06.236+0000] {dag.py:3823} INFO - Setting next_dagrun for example_short_circuit_operator to 2024-02-12 00:00:00+00:00, run_after=2024-02-13 00:00:00+00:00
[2024-02-13T12:36:06.255+0000] {processor.py:183} INFO - Processing /home/airflow/.local/lib/python3.8/site-packages/airflow/example_dags/example_short_circuit_operator.py took 0.085 seconds
[2024-02-13T12:36:36.825+0000] {processor.py:161} INFO - Started process (PID=2892) to work on /home/airflow/.local/lib/python3.8/site-packages/airflow/example_dags/example_short_circuit_operator.py
[2024-02-13T12:36:36.825+0000] {processor.py:830} INFO - Processing file /home/airflow/.local/lib/python3.8/site-packages/airflow/example_dags/example_short_circuit_operator.py for tasks to queue
[2024-02-13T12:36:36.826+0000] {logging_mixin.py:188} INFO - [2024-02-13T12:36:36.826+0000] {dagbag.py:538} INFO - Filling up the DagBag from /home/airflow/.local/lib/python3.8/site-packages/airflow/example_dags/example_short_circuit_operator.py
[2024-02-13T12:36:36.834+0000] {processor.py:840} INFO - DAG(s) 'example_short_circuit_operator' retrieved from /home/airflow/.local/lib/python3.8/site-packages/airflow/example_dags/example_short_circuit_operator.py
[2024-02-13T12:36:36.860+0000] {logging_mixin.py:188} INFO - [2024-02-13T12:36:36.859+0000] {dag.py:3036} INFO - Sync 1 DAGs
[2024-02-13T12:36:36.887+0000] {logging_mixin.py:188} INFO - [2024-02-13T12:36:36.887+0000] {dag.py:3823} INFO - Setting next_dagrun for example_short_circuit_operator to 2024-02-12 00:00:00+00:00, run_after=2024-02-13 00:00:00+00:00
[2024-02-13T12:36:36.919+0000] {processor.py:183} INFO - Processing /home/airflow/.local/lib/python3.8/site-packages/airflow/example_dags/example_short_circuit_operator.py took 0.097 seconds
[2024-02-13T12:37:07.486+0000] {processor.py:161} INFO - Started process (PID=2948) to work on /home/airflow/.local/lib/python3.8/site-packages/airflow/example_dags/example_short_circuit_operator.py
[2024-02-13T12:37:07.487+0000] {processor.py:830} INFO - Processing file /home/airflow/.local/lib/python3.8/site-packages/airflow/example_dags/example_short_circuit_operator.py for tasks to queue
[2024-02-13T12:37:07.488+0000] {logging_mixin.py:188} INFO - [2024-02-13T12:37:07.487+0000] {dagbag.py:538} INFO - Filling up the DagBag from /home/airflow/.local/lib/python3.8/site-packages/airflow/example_dags/example_short_circuit_operator.py
[2024-02-13T12:37:07.496+0000] {processor.py:840} INFO - DAG(s) 'example_short_circuit_operator' retrieved from /home/airflow/.local/lib/python3.8/site-packages/airflow/example_dags/example_short_circuit_operator.py
[2024-02-13T12:37:07.521+0000] {logging_mixin.py:188} INFO - [2024-02-13T12:37:07.521+0000] {dag.py:3036} INFO - Sync 1 DAGs
[2024-02-13T12:37:07.543+0000] {logging_mixin.py:188} INFO - [2024-02-13T12:37:07.543+0000] {dag.py:3823} INFO - Setting next_dagrun for example_short_circuit_operator to 2024-02-12 00:00:00+00:00, run_after=2024-02-13 00:00:00+00:00
[2024-02-13T12:37:07.563+0000] {processor.py:183} INFO - Processing /home/airflow/.local/lib/python3.8/site-packages/airflow/example_dags/example_short_circuit_operator.py took 0.080 seconds
[2024-02-13T12:37:37.724+0000] {processor.py:161} INFO - Started process (PID=3004) to work on /home/airflow/.local/lib/python3.8/site-packages/airflow/example_dags/example_short_circuit_operator.py
[2024-02-13T12:37:37.732+0000] {processor.py:830} INFO - Processing file /home/airflow/.local/lib/python3.8/site-packages/airflow/example_dags/example_short_circuit_operator.py for tasks to queue
[2024-02-13T12:37:37.733+0000] {logging_mixin.py:188} INFO - [2024-02-13T12:37:37.733+0000] {dagbag.py:538} INFO - Filling up the DagBag from /home/airflow/.local/lib/python3.8/site-packages/airflow/example_dags/example_short_circuit_operator.py
[2024-02-13T12:37:37.740+0000] {processor.py:840} INFO - DAG(s) 'example_short_circuit_operator' retrieved from /home/airflow/.local/lib/python3.8/site-packages/airflow/example_dags/example_short_circuit_operator.py
[2024-02-13T12:37:37.769+0000] {logging_mixin.py:188} INFO - [2024-02-13T12:37:37.768+0000] {dag.py:3036} INFO - Sync 1 DAGs
[2024-02-13T12:37:37.797+0000] {logging_mixin.py:188} INFO - [2024-02-13T12:37:37.797+0000] {dag.py:3823} INFO - Setting next_dagrun for example_short_circuit_operator to 2024-02-12 00:00:00+00:00, run_after=2024-02-13 00:00:00+00:00
[2024-02-13T12:37:37.817+0000] {processor.py:183} INFO - Processing /home/airflow/.local/lib/python3.8/site-packages/airflow/example_dags/example_short_circuit_operator.py took 0.096 seconds
[2024-02-13T12:38:07.915+0000] {processor.py:161} INFO - Started process (PID=3060) to work on /home/airflow/.local/lib/python3.8/site-packages/airflow/example_dags/example_short_circuit_operator.py
[2024-02-13T12:38:07.916+0000] {processor.py:830} INFO - Processing file /home/airflow/.local/lib/python3.8/site-packages/airflow/example_dags/example_short_circuit_operator.py for tasks to queue
[2024-02-13T12:38:07.917+0000] {logging_mixin.py:188} INFO - [2024-02-13T12:38:07.916+0000] {dagbag.py:538} INFO - Filling up the DagBag from /home/airflow/.local/lib/python3.8/site-packages/airflow/example_dags/example_short_circuit_operator.py
[2024-02-13T12:38:07.934+0000] {processor.py:840} INFO - DAG(s) 'example_short_circuit_operator' retrieved from /home/airflow/.local/lib/python3.8/site-packages/airflow/example_dags/example_short_circuit_operator.py
[2024-02-13T12:38:07.982+0000] {logging_mixin.py:188} INFO - [2024-02-13T12:38:07.981+0000] {dag.py:3036} INFO - Sync 1 DAGs
[2024-02-13T12:38:08.020+0000] {logging_mixin.py:188} INFO - [2024-02-13T12:38:08.019+0000] {dag.py:3823} INFO - Setting next_dagrun for example_short_circuit_operator to 2024-02-12 00:00:00+00:00, run_after=2024-02-13 00:00:00+00:00
[2024-02-13T12:38:08.057+0000] {processor.py:183} INFO - Processing /home/airflow/.local/lib/python3.8/site-packages/airflow/example_dags/example_short_circuit_operator.py took 0.146 seconds
[2024-02-13T12:38:38.577+0000] {processor.py:161} INFO - Started process (PID=3114) to work on /home/airflow/.local/lib/python3.8/site-packages/airflow/example_dags/example_short_circuit_operator.py
[2024-02-13T12:38:38.577+0000] {processor.py:830} INFO - Processing file /home/airflow/.local/lib/python3.8/site-packages/airflow/example_dags/example_short_circuit_operator.py for tasks to queue
[2024-02-13T12:38:38.578+0000] {logging_mixin.py:188} INFO - [2024-02-13T12:38:38.578+0000] {dagbag.py:538} INFO - Filling up the DagBag from /home/airflow/.local/lib/python3.8/site-packages/airflow/example_dags/example_short_circuit_operator.py
[2024-02-13T12:38:38.587+0000] {processor.py:840} INFO - DAG(s) 'example_short_circuit_operator' retrieved from /home/airflow/.local/lib/python3.8/site-packages/airflow/example_dags/example_short_circuit_operator.py
[2024-02-13T12:38:38.608+0000] {logging_mixin.py:188} INFO - [2024-02-13T12:38:38.608+0000] {dag.py:3036} INFO - Sync 1 DAGs
[2024-02-13T12:38:38.631+0000] {logging_mixin.py:188} INFO - [2024-02-13T12:38:38.630+0000] {dag.py:3823} INFO - Setting next_dagrun for example_short_circuit_operator to 2024-02-12 00:00:00+00:00, run_after=2024-02-13 00:00:00+00:00
[2024-02-13T12:38:38.649+0000] {processor.py:183} INFO - Processing /home/airflow/.local/lib/python3.8/site-packages/airflow/example_dags/example_short_circuit_operator.py took 0.076 seconds
[2024-02-13T12:39:09.526+0000] {processor.py:161} INFO - Started process (PID=3171) to work on /home/airflow/.local/lib/python3.8/site-packages/airflow/example_dags/example_short_circuit_operator.py
[2024-02-13T12:39:09.527+0000] {processor.py:830} INFO - Processing file /home/airflow/.local/lib/python3.8/site-packages/airflow/example_dags/example_short_circuit_operator.py for tasks to queue
[2024-02-13T12:39:09.528+0000] {logging_mixin.py:188} INFO - [2024-02-13T12:39:09.528+0000] {dagbag.py:538} INFO - Filling up the DagBag from /home/airflow/.local/lib/python3.8/site-packages/airflow/example_dags/example_short_circuit_operator.py
[2024-02-13T12:39:09.536+0000] {processor.py:840} INFO - DAG(s) 'example_short_circuit_operator' retrieved from /home/airflow/.local/lib/python3.8/site-packages/airflow/example_dags/example_short_circuit_operator.py
[2024-02-13T12:39:09.561+0000] {logging_mixin.py:188} INFO - [2024-02-13T12:39:09.561+0000] {dag.py:3036} INFO - Sync 1 DAGs
[2024-02-13T12:39:09.584+0000] {logging_mixin.py:188} INFO - [2024-02-13T12:39:09.584+0000] {dag.py:3823} INFO - Setting next_dagrun for example_short_circuit_operator to 2024-02-12 00:00:00+00:00, run_after=2024-02-13 00:00:00+00:00
[2024-02-13T12:39:09.603+0000] {processor.py:183} INFO - Processing /home/airflow/.local/lib/python3.8/site-packages/airflow/example_dags/example_short_circuit_operator.py took 0.079 seconds
[2024-02-13T12:39:39.822+0000] {processor.py:161} INFO - Started process (PID=3227) to work on /home/airflow/.local/lib/python3.8/site-packages/airflow/example_dags/example_short_circuit_operator.py
[2024-02-13T12:39:39.822+0000] {processor.py:830} INFO - Processing file /home/airflow/.local/lib/python3.8/site-packages/airflow/example_dags/example_short_circuit_operator.py for tasks to queue
[2024-02-13T12:39:39.823+0000] {logging_mixin.py:188} INFO - [2024-02-13T12:39:39.823+0000] {dagbag.py:538} INFO - Filling up the DagBag from /home/airflow/.local/lib/python3.8/site-packages/airflow/example_dags/example_short_circuit_operator.py
[2024-02-13T12:39:39.831+0000] {processor.py:840} INFO - DAG(s) 'example_short_circuit_operator' retrieved from /home/airflow/.local/lib/python3.8/site-packages/airflow/example_dags/example_short_circuit_operator.py
[2024-02-13T12:39:39.853+0000] {logging_mixin.py:188} INFO - [2024-02-13T12:39:39.852+0000] {dag.py:3036} INFO - Sync 1 DAGs
[2024-02-13T12:39:39.875+0000] {logging_mixin.py:188} INFO - [2024-02-13T12:39:39.874+0000] {dag.py:3823} INFO - Setting next_dagrun for example_short_circuit_operator to 2024-02-12 00:00:00+00:00, run_after=2024-02-13 00:00:00+00:00
[2024-02-13T12:39:39.891+0000] {processor.py:183} INFO - Processing /home/airflow/.local/lib/python3.8/site-packages/airflow/example_dags/example_short_circuit_operator.py took 0.072 seconds
[2024-02-13T12:40:09.988+0000] {processor.py:161} INFO - Started process (PID=3283) to work on /home/airflow/.local/lib/python3.8/site-packages/airflow/example_dags/example_short_circuit_operator.py
[2024-02-13T12:40:09.989+0000] {processor.py:830} INFO - Processing file /home/airflow/.local/lib/python3.8/site-packages/airflow/example_dags/example_short_circuit_operator.py for tasks to queue
[2024-02-13T12:40:09.990+0000] {logging_mixin.py:188} INFO - [2024-02-13T12:40:09.990+0000] {dagbag.py:538} INFO - Filling up the DagBag from /home/airflow/.local/lib/python3.8/site-packages/airflow/example_dags/example_short_circuit_operator.py
[2024-02-13T12:40:09.997+0000] {processor.py:840} INFO - DAG(s) 'example_short_circuit_operator' retrieved from /home/airflow/.local/lib/python3.8/site-packages/airflow/example_dags/example_short_circuit_operator.py
[2024-02-13T12:40:10.024+0000] {logging_mixin.py:188} INFO - [2024-02-13T12:40:10.024+0000] {dag.py:3036} INFO - Sync 1 DAGs
[2024-02-13T12:40:10.049+0000] {logging_mixin.py:188} INFO - [2024-02-13T12:40:10.049+0000] {dag.py:3823} INFO - Setting next_dagrun for example_short_circuit_operator to 2024-02-12 00:00:00+00:00, run_after=2024-02-13 00:00:00+00:00
[2024-02-13T12:40:10.066+0000] {processor.py:183} INFO - Processing /home/airflow/.local/lib/python3.8/site-packages/airflow/example_dags/example_short_circuit_operator.py took 0.080 seconds
[2024-02-13T12:40:40.507+0000] {processor.py:161} INFO - Started process (PID=3339) to work on /home/airflow/.local/lib/python3.8/site-packages/airflow/example_dags/example_short_circuit_operator.py
[2024-02-13T12:40:40.510+0000] {processor.py:830} INFO - Processing file /home/airflow/.local/lib/python3.8/site-packages/airflow/example_dags/example_short_circuit_operator.py for tasks to queue
[2024-02-13T12:40:40.511+0000] {logging_mixin.py:188} INFO - [2024-02-13T12:40:40.510+0000] {dagbag.py:538} INFO - Filling up the DagBag from /home/airflow/.local/lib/python3.8/site-packages/airflow/example_dags/example_short_circuit_operator.py
[2024-02-13T12:40:40.522+0000] {processor.py:840} INFO - DAG(s) 'example_short_circuit_operator' retrieved from /home/airflow/.local/lib/python3.8/site-packages/airflow/example_dags/example_short_circuit_operator.py
[2024-02-13T12:40:40.553+0000] {logging_mixin.py:188} INFO - [2024-02-13T12:40:40.553+0000] {dag.py:3036} INFO - Sync 1 DAGs
[2024-02-13T12:40:40.585+0000] {logging_mixin.py:188} INFO - [2024-02-13T12:40:40.584+0000] {dag.py:3823} INFO - Setting next_dagrun for example_short_circuit_operator to 2024-02-12 00:00:00+00:00, run_after=2024-02-13 00:00:00+00:00
[2024-02-13T12:40:40.610+0000] {processor.py:183} INFO - Processing /home/airflow/.local/lib/python3.8/site-packages/airflow/example_dags/example_short_circuit_operator.py took 0.105 seconds
[2024-02-13T12:41:11.391+0000] {processor.py:161} INFO - Started process (PID=3396) to work on /home/airflow/.local/lib/python3.8/site-packages/airflow/example_dags/example_short_circuit_operator.py
[2024-02-13T12:41:11.393+0000] {processor.py:830} INFO - Processing file /home/airflow/.local/lib/python3.8/site-packages/airflow/example_dags/example_short_circuit_operator.py for tasks to queue
[2024-02-13T12:41:11.395+0000] {logging_mixin.py:188} INFO - [2024-02-13T12:41:11.394+0000] {dagbag.py:538} INFO - Filling up the DagBag from /home/airflow/.local/lib/python3.8/site-packages/airflow/example_dags/example_short_circuit_operator.py
[2024-02-13T12:41:11.406+0000] {processor.py:840} INFO - DAG(s) 'example_short_circuit_operator' retrieved from /home/airflow/.local/lib/python3.8/site-packages/airflow/example_dags/example_short_circuit_operator.py
[2024-02-13T12:41:11.439+0000] {logging_mixin.py:188} INFO - [2024-02-13T12:41:11.438+0000] {dag.py:3036} INFO - Sync 1 DAGs
[2024-02-13T12:41:11.472+0000] {logging_mixin.py:188} INFO - [2024-02-13T12:41:11.471+0000] {dag.py:3823} INFO - Setting next_dagrun for example_short_circuit_operator to 2024-02-12 00:00:00+00:00, run_after=2024-02-13 00:00:00+00:00
[2024-02-13T12:41:11.504+0000] {processor.py:183} INFO - Processing /home/airflow/.local/lib/python3.8/site-packages/airflow/example_dags/example_short_circuit_operator.py took 0.117 seconds
[2024-02-13T12:41:42.707+0000] {processor.py:161} INFO - Started process (PID=3452) to work on /home/airflow/.local/lib/python3.8/site-packages/airflow/example_dags/example_short_circuit_operator.py
[2024-02-13T12:41:42.708+0000] {processor.py:830} INFO - Processing file /home/airflow/.local/lib/python3.8/site-packages/airflow/example_dags/example_short_circuit_operator.py for tasks to queue
[2024-02-13T12:41:42.710+0000] {logging_mixin.py:188} INFO - [2024-02-13T12:41:42.709+0000] {dagbag.py:538} INFO - Filling up the DagBag from /home/airflow/.local/lib/python3.8/site-packages/airflow/example_dags/example_short_circuit_operator.py
[2024-02-13T12:41:42.736+0000] {processor.py:840} INFO - DAG(s) 'example_short_circuit_operator' retrieved from /home/airflow/.local/lib/python3.8/site-packages/airflow/example_dags/example_short_circuit_operator.py
[2024-02-13T12:41:42.811+0000] {logging_mixin.py:188} INFO - [2024-02-13T12:41:42.810+0000] {dag.py:3036} INFO - Sync 1 DAGs
[2024-02-13T12:41:42.856+0000] {logging_mixin.py:188} INFO - [2024-02-13T12:41:42.856+0000] {dag.py:3823} INFO - Setting next_dagrun for example_short_circuit_operator to 2024-02-12 00:00:00+00:00, run_after=2024-02-13 00:00:00+00:00
[2024-02-13T12:41:42.890+0000] {processor.py:183} INFO - Processing /home/airflow/.local/lib/python3.8/site-packages/airflow/example_dags/example_short_circuit_operator.py took 0.189 seconds
[2024-02-13T12:42:13.045+0000] {processor.py:161} INFO - Started process (PID=3508) to work on /home/airflow/.local/lib/python3.8/site-packages/airflow/example_dags/example_short_circuit_operator.py
[2024-02-13T12:42:13.046+0000] {processor.py:830} INFO - Processing file /home/airflow/.local/lib/python3.8/site-packages/airflow/example_dags/example_short_circuit_operator.py for tasks to queue
[2024-02-13T12:42:13.047+0000] {logging_mixin.py:188} INFO - [2024-02-13T12:42:13.047+0000] {dagbag.py:538} INFO - Filling up the DagBag from /home/airflow/.local/lib/python3.8/site-packages/airflow/example_dags/example_short_circuit_operator.py
[2024-02-13T12:42:13.056+0000] {processor.py:840} INFO - DAG(s) 'example_short_circuit_operator' retrieved from /home/airflow/.local/lib/python3.8/site-packages/airflow/example_dags/example_short_circuit_operator.py
[2024-02-13T12:42:13.090+0000] {logging_mixin.py:188} INFO - [2024-02-13T12:42:13.089+0000] {dag.py:3036} INFO - Sync 1 DAGs
[2024-02-13T12:42:13.112+0000] {logging_mixin.py:188} INFO - [2024-02-13T12:42:13.112+0000] {dag.py:3823} INFO - Setting next_dagrun for example_short_circuit_operator to 2024-02-12 00:00:00+00:00, run_after=2024-02-13 00:00:00+00:00
[2024-02-13T12:42:13.130+0000] {processor.py:183} INFO - Processing /home/airflow/.local/lib/python3.8/site-packages/airflow/example_dags/example_short_circuit_operator.py took 0.089 seconds
[2024-02-13T12:42:43.505+0000] {processor.py:161} INFO - Started process (PID=3564) to work on /home/airflow/.local/lib/python3.8/site-packages/airflow/example_dags/example_short_circuit_operator.py
[2024-02-13T12:42:43.506+0000] {processor.py:830} INFO - Processing file /home/airflow/.local/lib/python3.8/site-packages/airflow/example_dags/example_short_circuit_operator.py for tasks to queue
[2024-02-13T12:42:43.509+0000] {logging_mixin.py:188} INFO - [2024-02-13T12:42:43.508+0000] {dagbag.py:538} INFO - Filling up the DagBag from /home/airflow/.local/lib/python3.8/site-packages/airflow/example_dags/example_short_circuit_operator.py
[2024-02-13T12:42:43.523+0000] {processor.py:840} INFO - DAG(s) 'example_short_circuit_operator' retrieved from /home/airflow/.local/lib/python3.8/site-packages/airflow/example_dags/example_short_circuit_operator.py
[2024-02-13T12:42:43.568+0000] {logging_mixin.py:188} INFO - [2024-02-13T12:42:43.568+0000] {dag.py:3036} INFO - Sync 1 DAGs
[2024-02-13T12:42:43.608+0000] {logging_mixin.py:188} INFO - [2024-02-13T12:42:43.607+0000] {dag.py:3823} INFO - Setting next_dagrun for example_short_circuit_operator to 2024-02-12 00:00:00+00:00, run_after=2024-02-13 00:00:00+00:00
[2024-02-13T12:42:43.647+0000] {processor.py:183} INFO - Processing /home/airflow/.local/lib/python3.8/site-packages/airflow/example_dags/example_short_circuit_operator.py took 0.146 seconds
