[2024-02-13T12:10:55.431+0000] {processor.py:161} INFO - Started process (PID=62) to work on /home/airflow/.local/lib/python3.8/site-packages/airflow/example_dags/example_setup_teardown.py
[2024-02-13T12:10:55.432+0000] {processor.py:830} INFO - Processing file /home/airflow/.local/lib/python3.8/site-packages/airflow/example_dags/example_setup_teardown.py for tasks to queue
[2024-02-13T12:10:55.433+0000] {logging_mixin.py:188} INFO - [2024-02-13T12:10:55.433+0000] {dagbag.py:538} INFO - Filling up the DagBag from /home/airflow/.local/lib/python3.8/site-packages/airflow/example_dags/example_setup_teardown.py
[2024-02-13T12:10:55.440+0000] {processor.py:840} INFO - DAG(s) 'example_setup_teardown' retrieved from /home/airflow/.local/lib/python3.8/site-packages/airflow/example_dags/example_setup_teardown.py
[2024-02-13T12:10:55.549+0000] {logging_mixin.py:188} INFO - [2024-02-13T12:10:55.549+0000] {dag.py:3036} INFO - Sync 1 DAGs
[2024-02-13T12:10:55.580+0000] {logging_mixin.py:188} INFO - [2024-02-13T12:10:55.579+0000] {dag.py:3823} INFO - Setting next_dagrun for example_setup_teardown to 2024-02-12 00:00:00+00:00, run_after=2024-02-13 00:00:00+00:00
[2024-02-13T12:10:55.617+0000] {processor.py:183} INFO - Processing /home/airflow/.local/lib/python3.8/site-packages/airflow/example_dags/example_setup_teardown.py took 0.188 seconds
[2024-02-13T12:11:25.820+0000] {processor.py:161} INFO - Started process (PID=118) to work on /home/airflow/.local/lib/python3.8/site-packages/airflow/example_dags/example_setup_teardown.py
[2024-02-13T12:11:25.821+0000] {processor.py:830} INFO - Processing file /home/airflow/.local/lib/python3.8/site-packages/airflow/example_dags/example_setup_teardown.py for tasks to queue
[2024-02-13T12:11:25.824+0000] {logging_mixin.py:188} INFO - [2024-02-13T12:11:25.823+0000] {dagbag.py:538} INFO - Filling up the DagBag from /home/airflow/.local/lib/python3.8/site-packages/airflow/example_dags/example_setup_teardown.py
[2024-02-13T12:11:25.841+0000] {processor.py:840} INFO - DAG(s) 'example_setup_teardown' retrieved from /home/airflow/.local/lib/python3.8/site-packages/airflow/example_dags/example_setup_teardown.py
[2024-02-13T12:11:25.887+0000] {logging_mixin.py:188} INFO - [2024-02-13T12:11:25.886+0000] {dag.py:3036} INFO - Sync 1 DAGs
[2024-02-13T12:11:25.943+0000] {logging_mixin.py:188} INFO - [2024-02-13T12:11:25.942+0000] {dag.py:3823} INFO - Setting next_dagrun for example_setup_teardown to 2024-02-12 00:00:00+00:00, run_after=2024-02-13 00:00:00+00:00
[2024-02-13T12:11:25.990+0000] {processor.py:183} INFO - Processing /home/airflow/.local/lib/python3.8/site-packages/airflow/example_dags/example_setup_teardown.py took 0.177 seconds
[2024-02-13T12:11:56.527+0000] {processor.py:161} INFO - Started process (PID=174) to work on /home/airflow/.local/lib/python3.8/site-packages/airflow/example_dags/example_setup_teardown.py
[2024-02-13T12:11:56.528+0000] {processor.py:830} INFO - Processing file /home/airflow/.local/lib/python3.8/site-packages/airflow/example_dags/example_setup_teardown.py for tasks to queue
[2024-02-13T12:11:56.529+0000] {logging_mixin.py:188} INFO - [2024-02-13T12:11:56.528+0000] {dagbag.py:538} INFO - Filling up the DagBag from /home/airflow/.local/lib/python3.8/site-packages/airflow/example_dags/example_setup_teardown.py
[2024-02-13T12:11:56.535+0000] {processor.py:840} INFO - DAG(s) 'example_setup_teardown' retrieved from /home/airflow/.local/lib/python3.8/site-packages/airflow/example_dags/example_setup_teardown.py
[2024-02-13T12:11:56.554+0000] {logging_mixin.py:188} INFO - [2024-02-13T12:11:56.554+0000] {dag.py:3036} INFO - Sync 1 DAGs
[2024-02-13T12:11:56.576+0000] {logging_mixin.py:188} INFO - [2024-02-13T12:11:56.576+0000] {dag.py:3823} INFO - Setting next_dagrun for example_setup_teardown to 2024-02-12 00:00:00+00:00, run_after=2024-02-13 00:00:00+00:00
[2024-02-13T12:11:56.595+0000] {processor.py:183} INFO - Processing /home/airflow/.local/lib/python3.8/site-packages/airflow/example_dags/example_setup_teardown.py took 0.071 seconds
[2024-02-13T12:12:30.437+0000] {processor.py:161} INFO - Started process (PID=237) to work on /home/airflow/.local/lib/python3.8/site-packages/airflow/example_dags/example_setup_teardown.py
[2024-02-13T12:12:30.441+0000] {processor.py:830} INFO - Processing file /home/airflow/.local/lib/python3.8/site-packages/airflow/example_dags/example_setup_teardown.py for tasks to queue
[2024-02-13T12:12:30.443+0000] {logging_mixin.py:188} INFO - [2024-02-13T12:12:30.443+0000] {dagbag.py:538} INFO - Filling up the DagBag from /home/airflow/.local/lib/python3.8/site-packages/airflow/example_dags/example_setup_teardown.py
[2024-02-13T12:12:30.494+0000] {processor.py:840} INFO - DAG(s) 'example_setup_teardown' retrieved from /home/airflow/.local/lib/python3.8/site-packages/airflow/example_dags/example_setup_teardown.py
[2024-02-13T12:12:30.601+0000] {logging_mixin.py:188} INFO - [2024-02-13T12:12:30.600+0000] {dag.py:3036} INFO - Sync 1 DAGs
[2024-02-13T12:12:30.658+0000] {logging_mixin.py:188} INFO - [2024-02-13T12:12:30.657+0000] {dag.py:3823} INFO - Setting next_dagrun for example_setup_teardown to 2024-02-12 00:00:00+00:00, run_after=2024-02-13 00:00:00+00:00
[2024-02-13T12:12:30.708+0000] {processor.py:183} INFO - Processing /home/airflow/.local/lib/python3.8/site-packages/airflow/example_dags/example_setup_teardown.py took 0.278 seconds
[2024-02-13T12:13:01.237+0000] {processor.py:161} INFO - Started process (PID=292) to work on /home/airflow/.local/lib/python3.8/site-packages/airflow/example_dags/example_setup_teardown.py
[2024-02-13T12:13:01.241+0000] {processor.py:830} INFO - Processing file /home/airflow/.local/lib/python3.8/site-packages/airflow/example_dags/example_setup_teardown.py for tasks to queue
[2024-02-13T12:13:01.245+0000] {logging_mixin.py:188} INFO - [2024-02-13T12:13:01.243+0000] {dagbag.py:538} INFO - Filling up the DagBag from /home/airflow/.local/lib/python3.8/site-packages/airflow/example_dags/example_setup_teardown.py
[2024-02-13T12:13:01.278+0000] {processor.py:840} INFO - DAG(s) 'example_setup_teardown' retrieved from /home/airflow/.local/lib/python3.8/site-packages/airflow/example_dags/example_setup_teardown.py
[2024-02-13T12:13:01.343+0000] {logging_mixin.py:188} INFO - [2024-02-13T12:13:01.342+0000] {dag.py:3036} INFO - Sync 1 DAGs
[2024-02-13T12:13:01.410+0000] {logging_mixin.py:188} INFO - [2024-02-13T12:13:01.410+0000] {dag.py:3823} INFO - Setting next_dagrun for example_setup_teardown to 2024-02-12 00:00:00+00:00, run_after=2024-02-13 00:00:00+00:00
[2024-02-13T12:13:01.459+0000] {processor.py:183} INFO - Processing /home/airflow/.local/lib/python3.8/site-packages/airflow/example_dags/example_setup_teardown.py took 0.229 seconds
[2024-02-13T12:13:35.001+0000] {processor.py:161} INFO - Started process (PID=347) to work on /home/airflow/.local/lib/python3.8/site-packages/airflow/example_dags/example_setup_teardown.py
[2024-02-13T12:13:35.011+0000] {processor.py:830} INFO - Processing file /home/airflow/.local/lib/python3.8/site-packages/airflow/example_dags/example_setup_teardown.py for tasks to queue
[2024-02-13T12:13:35.016+0000] {logging_mixin.py:188} INFO - [2024-02-13T12:13:35.015+0000] {dagbag.py:538} INFO - Filling up the DagBag from /home/airflow/.local/lib/python3.8/site-packages/airflow/example_dags/example_setup_teardown.py
[2024-02-13T12:13:35.067+0000] {processor.py:840} INFO - DAG(s) 'example_setup_teardown' retrieved from /home/airflow/.local/lib/python3.8/site-packages/airflow/example_dags/example_setup_teardown.py
[2024-02-13T12:13:35.198+0000] {logging_mixin.py:188} INFO - [2024-02-13T12:13:35.196+0000] {dag.py:3036} INFO - Sync 1 DAGs
[2024-02-13T12:13:35.405+0000] {logging_mixin.py:188} INFO - [2024-02-13T12:13:35.404+0000] {dag.py:3823} INFO - Setting next_dagrun for example_setup_teardown to 2024-02-12 00:00:00+00:00, run_after=2024-02-13 00:00:00+00:00
[2024-02-13T12:13:35.568+0000] {processor.py:183} INFO - Processing /home/airflow/.local/lib/python3.8/site-packages/airflow/example_dags/example_setup_teardown.py took 0.588 seconds
[2024-02-13T12:14:06.090+0000] {processor.py:161} INFO - Started process (PID=403) to work on /home/airflow/.local/lib/python3.8/site-packages/airflow/example_dags/example_setup_teardown.py
[2024-02-13T12:14:06.100+0000] {processor.py:830} INFO - Processing file /home/airflow/.local/lib/python3.8/site-packages/airflow/example_dags/example_setup_teardown.py for tasks to queue
[2024-02-13T12:14:06.102+0000] {logging_mixin.py:188} INFO - [2024-02-13T12:14:06.101+0000] {dagbag.py:538} INFO - Filling up the DagBag from /home/airflow/.local/lib/python3.8/site-packages/airflow/example_dags/example_setup_teardown.py
[2024-02-13T12:14:06.131+0000] {processor.py:840} INFO - DAG(s) 'example_setup_teardown' retrieved from /home/airflow/.local/lib/python3.8/site-packages/airflow/example_dags/example_setup_teardown.py
[2024-02-13T12:14:06.205+0000] {logging_mixin.py:188} INFO - [2024-02-13T12:14:06.204+0000] {dag.py:3036} INFO - Sync 1 DAGs
[2024-02-13T12:14:06.658+0000] {logging_mixin.py:188} INFO - [2024-02-13T12:14:06.658+0000] {dag.py:3823} INFO - Setting next_dagrun for example_setup_teardown to 2024-02-12 00:00:00+00:00, run_after=2024-02-13 00:00:00+00:00
[2024-02-13T12:14:07.377+0000] {processor.py:183} INFO - Processing /home/airflow/.local/lib/python3.8/site-packages/airflow/example_dags/example_setup_teardown.py took 1.300 seconds
[2024-02-13T12:14:38.265+0000] {processor.py:161} INFO - Started process (PID=458) to work on /home/airflow/.local/lib/python3.8/site-packages/airflow/example_dags/example_setup_teardown.py
[2024-02-13T12:14:38.267+0000] {processor.py:830} INFO - Processing file /home/airflow/.local/lib/python3.8/site-packages/airflow/example_dags/example_setup_teardown.py for tasks to queue
[2024-02-13T12:14:38.269+0000] {logging_mixin.py:188} INFO - [2024-02-13T12:14:38.268+0000] {dagbag.py:538} INFO - Filling up the DagBag from /home/airflow/.local/lib/python3.8/site-packages/airflow/example_dags/example_setup_teardown.py
[2024-02-13T12:14:38.286+0000] {processor.py:840} INFO - DAG(s) 'example_setup_teardown' retrieved from /home/airflow/.local/lib/python3.8/site-packages/airflow/example_dags/example_setup_teardown.py
[2024-02-13T12:14:38.338+0000] {logging_mixin.py:188} INFO - [2024-02-13T12:14:38.337+0000] {dag.py:3036} INFO - Sync 1 DAGs
[2024-02-13T12:14:38.401+0000] {logging_mixin.py:188} INFO - [2024-02-13T12:14:38.400+0000] {dag.py:3823} INFO - Setting next_dagrun for example_setup_teardown to 2024-02-12 00:00:00+00:00, run_after=2024-02-13 00:00:00+00:00
[2024-02-13T12:14:38.473+0000] {processor.py:183} INFO - Processing /home/airflow/.local/lib/python3.8/site-packages/airflow/example_dags/example_setup_teardown.py took 0.216 seconds
[2024-02-13T12:15:08.550+0000] {processor.py:161} INFO - Started process (PID=514) to work on /home/airflow/.local/lib/python3.8/site-packages/airflow/example_dags/example_setup_teardown.py
[2024-02-13T12:15:08.551+0000] {processor.py:830} INFO - Processing file /home/airflow/.local/lib/python3.8/site-packages/airflow/example_dags/example_setup_teardown.py for tasks to queue
[2024-02-13T12:15:08.552+0000] {logging_mixin.py:188} INFO - [2024-02-13T12:15:08.551+0000] {dagbag.py:538} INFO - Filling up the DagBag from /home/airflow/.local/lib/python3.8/site-packages/airflow/example_dags/example_setup_teardown.py
[2024-02-13T12:15:08.559+0000] {processor.py:840} INFO - DAG(s) 'example_setup_teardown' retrieved from /home/airflow/.local/lib/python3.8/site-packages/airflow/example_dags/example_setup_teardown.py
[2024-02-13T12:15:08.578+0000] {logging_mixin.py:188} INFO - [2024-02-13T12:15:08.578+0000] {dag.py:3036} INFO - Sync 1 DAGs
[2024-02-13T12:15:08.600+0000] {logging_mixin.py:188} INFO - [2024-02-13T12:15:08.599+0000] {dag.py:3823} INFO - Setting next_dagrun for example_setup_teardown to 2024-02-12 00:00:00+00:00, run_after=2024-02-13 00:00:00+00:00
[2024-02-13T12:15:08.620+0000] {processor.py:183} INFO - Processing /home/airflow/.local/lib/python3.8/site-packages/airflow/example_dags/example_setup_teardown.py took 0.074 seconds
[2024-02-13T12:15:38.684+0000] {processor.py:161} INFO - Started process (PID=570) to work on /home/airflow/.local/lib/python3.8/site-packages/airflow/example_dags/example_setup_teardown.py
[2024-02-13T12:15:38.685+0000] {processor.py:830} INFO - Processing file /home/airflow/.local/lib/python3.8/site-packages/airflow/example_dags/example_setup_teardown.py for tasks to queue
[2024-02-13T12:15:38.686+0000] {logging_mixin.py:188} INFO - [2024-02-13T12:15:38.686+0000] {dagbag.py:538} INFO - Filling up the DagBag from /home/airflow/.local/lib/python3.8/site-packages/airflow/example_dags/example_setup_teardown.py
[2024-02-13T12:15:38.694+0000] {processor.py:840} INFO - DAG(s) 'example_setup_teardown' retrieved from /home/airflow/.local/lib/python3.8/site-packages/airflow/example_dags/example_setup_teardown.py
[2024-02-13T12:15:38.717+0000] {logging_mixin.py:188} INFO - [2024-02-13T12:15:38.717+0000] {dag.py:3036} INFO - Sync 1 DAGs
[2024-02-13T12:15:38.745+0000] {logging_mixin.py:188} INFO - [2024-02-13T12:15:38.745+0000] {dag.py:3823} INFO - Setting next_dagrun for example_setup_teardown to 2024-02-12 00:00:00+00:00, run_after=2024-02-13 00:00:00+00:00
[2024-02-13T12:15:38.767+0000] {processor.py:183} INFO - Processing /home/airflow/.local/lib/python3.8/site-packages/airflow/example_dags/example_setup_teardown.py took 0.088 seconds
[2024-02-13T12:16:09.692+0000] {processor.py:161} INFO - Started process (PID=625) to work on /home/airflow/.local/lib/python3.8/site-packages/airflow/example_dags/example_setup_teardown.py
[2024-02-13T12:16:09.693+0000] {processor.py:830} INFO - Processing file /home/airflow/.local/lib/python3.8/site-packages/airflow/example_dags/example_setup_teardown.py for tasks to queue
[2024-02-13T12:16:09.694+0000] {logging_mixin.py:188} INFO - [2024-02-13T12:16:09.693+0000] {dagbag.py:538} INFO - Filling up the DagBag from /home/airflow/.local/lib/python3.8/site-packages/airflow/example_dags/example_setup_teardown.py
[2024-02-13T12:16:09.701+0000] {processor.py:840} INFO - DAG(s) 'example_setup_teardown' retrieved from /home/airflow/.local/lib/python3.8/site-packages/airflow/example_dags/example_setup_teardown.py
[2024-02-13T12:16:09.721+0000] {logging_mixin.py:188} INFO - [2024-02-13T12:16:09.721+0000] {dag.py:3036} INFO - Sync 1 DAGs
[2024-02-13T12:16:09.742+0000] {logging_mixin.py:188} INFO - [2024-02-13T12:16:09.742+0000] {dag.py:3823} INFO - Setting next_dagrun for example_setup_teardown to 2024-02-12 00:00:00+00:00, run_after=2024-02-13 00:00:00+00:00
[2024-02-13T12:16:09.759+0000] {processor.py:183} INFO - Processing /home/airflow/.local/lib/python3.8/site-packages/airflow/example_dags/example_setup_teardown.py took 0.070 seconds
[2024-02-13T12:16:40.075+0000] {processor.py:161} INFO - Started process (PID=682) to work on /home/airflow/.local/lib/python3.8/site-packages/airflow/example_dags/example_setup_teardown.py
[2024-02-13T12:16:40.076+0000] {processor.py:830} INFO - Processing file /home/airflow/.local/lib/python3.8/site-packages/airflow/example_dags/example_setup_teardown.py for tasks to queue
[2024-02-13T12:16:40.077+0000] {logging_mixin.py:188} INFO - [2024-02-13T12:16:40.077+0000] {dagbag.py:538} INFO - Filling up the DagBag from /home/airflow/.local/lib/python3.8/site-packages/airflow/example_dags/example_setup_teardown.py
[2024-02-13T12:16:40.085+0000] {processor.py:840} INFO - DAG(s) 'example_setup_teardown' retrieved from /home/airflow/.local/lib/python3.8/site-packages/airflow/example_dags/example_setup_teardown.py
[2024-02-13T12:16:40.107+0000] {logging_mixin.py:188} INFO - [2024-02-13T12:16:40.107+0000] {dag.py:3036} INFO - Sync 1 DAGs
[2024-02-13T12:16:40.129+0000] {logging_mixin.py:188} INFO - [2024-02-13T12:16:40.129+0000] {dag.py:3823} INFO - Setting next_dagrun for example_setup_teardown to 2024-02-12 00:00:00+00:00, run_after=2024-02-13 00:00:00+00:00
[2024-02-13T12:16:40.148+0000] {processor.py:183} INFO - Processing /home/airflow/.local/lib/python3.8/site-packages/airflow/example_dags/example_setup_teardown.py took 0.077 seconds
[2024-02-13T12:17:10.381+0000] {processor.py:161} INFO - Started process (PID=738) to work on /home/airflow/.local/lib/python3.8/site-packages/airflow/example_dags/example_setup_teardown.py
[2024-02-13T12:17:10.383+0000] {processor.py:830} INFO - Processing file /home/airflow/.local/lib/python3.8/site-packages/airflow/example_dags/example_setup_teardown.py for tasks to queue
[2024-02-13T12:17:10.385+0000] {logging_mixin.py:188} INFO - [2024-02-13T12:17:10.384+0000] {dagbag.py:538} INFO - Filling up the DagBag from /home/airflow/.local/lib/python3.8/site-packages/airflow/example_dags/example_setup_teardown.py
[2024-02-13T12:17:10.399+0000] {processor.py:840} INFO - DAG(s) 'example_setup_teardown' retrieved from /home/airflow/.local/lib/python3.8/site-packages/airflow/example_dags/example_setup_teardown.py
[2024-02-13T12:17:10.432+0000] {logging_mixin.py:188} INFO - [2024-02-13T12:17:10.432+0000] {dag.py:3036} INFO - Sync 1 DAGs
[2024-02-13T12:17:10.467+0000] {logging_mixin.py:188} INFO - [2024-02-13T12:17:10.466+0000] {dag.py:3823} INFO - Setting next_dagrun for example_setup_teardown to 2024-02-12 00:00:00+00:00, run_after=2024-02-13 00:00:00+00:00
[2024-02-13T12:17:10.500+0000] {processor.py:183} INFO - Processing /home/airflow/.local/lib/python3.8/site-packages/airflow/example_dags/example_setup_teardown.py took 0.124 seconds
[2024-02-13T12:17:40.824+0000] {processor.py:161} INFO - Started process (PID=802) to work on /home/airflow/.local/lib/python3.8/site-packages/airflow/example_dags/example_setup_teardown.py
[2024-02-13T12:17:40.850+0000] {processor.py:830} INFO - Processing file /home/airflow/.local/lib/python3.8/site-packages/airflow/example_dags/example_setup_teardown.py for tasks to queue
[2024-02-13T12:17:40.852+0000] {logging_mixin.py:188} INFO - [2024-02-13T12:17:40.852+0000] {dagbag.py:538} INFO - Filling up the DagBag from /home/airflow/.local/lib/python3.8/site-packages/airflow/example_dags/example_setup_teardown.py
[2024-02-13T12:17:40.896+0000] {processor.py:840} INFO - DAG(s) 'example_setup_teardown' retrieved from /home/airflow/.local/lib/python3.8/site-packages/airflow/example_dags/example_setup_teardown.py
[2024-02-13T12:17:44.166+0000] {logging_mixin.py:188} INFO - [2024-02-13T12:17:44.143+0000] {dag.py:3036} INFO - Sync 1 DAGs
[2024-02-13T12:17:44.334+0000] {logging_mixin.py:188} INFO - [2024-02-13T12:17:44.333+0000] {dag.py:3823} INFO - Setting next_dagrun for example_setup_teardown to 2024-02-12 00:00:00+00:00, run_after=2024-02-13 00:00:00+00:00
[2024-02-13T12:17:44.380+0000] {processor.py:183} INFO - Processing /home/airflow/.local/lib/python3.8/site-packages/airflow/example_dags/example_setup_teardown.py took 3.574 seconds
[2024-02-13T12:18:14.601+0000] {processor.py:161} INFO - Started process (PID=857) to work on /home/airflow/.local/lib/python3.8/site-packages/airflow/example_dags/example_setup_teardown.py
[2024-02-13T12:18:14.607+0000] {processor.py:830} INFO - Processing file /home/airflow/.local/lib/python3.8/site-packages/airflow/example_dags/example_setup_teardown.py for tasks to queue
[2024-02-13T12:18:14.609+0000] {logging_mixin.py:188} INFO - [2024-02-13T12:18:14.608+0000] {dagbag.py:538} INFO - Filling up the DagBag from /home/airflow/.local/lib/python3.8/site-packages/airflow/example_dags/example_setup_teardown.py
[2024-02-13T12:18:14.623+0000] {processor.py:840} INFO - DAG(s) 'example_setup_teardown' retrieved from /home/airflow/.local/lib/python3.8/site-packages/airflow/example_dags/example_setup_teardown.py
[2024-02-13T12:18:14.656+0000] {logging_mixin.py:188} INFO - [2024-02-13T12:18:14.656+0000] {dag.py:3036} INFO - Sync 1 DAGs
[2024-02-13T12:18:14.701+0000] {logging_mixin.py:188} INFO - [2024-02-13T12:18:14.701+0000] {dag.py:3823} INFO - Setting next_dagrun for example_setup_teardown to 2024-02-12 00:00:00+00:00, run_after=2024-02-13 00:00:00+00:00
[2024-02-13T12:18:14.739+0000] {processor.py:183} INFO - Processing /home/airflow/.local/lib/python3.8/site-packages/airflow/example_dags/example_setup_teardown.py took 0.143 seconds
[2024-02-13T12:18:44.853+0000] {processor.py:161} INFO - Started process (PID=914) to work on /home/airflow/.local/lib/python3.8/site-packages/airflow/example_dags/example_setup_teardown.py
[2024-02-13T12:18:44.859+0000] {processor.py:830} INFO - Processing file /home/airflow/.local/lib/python3.8/site-packages/airflow/example_dags/example_setup_teardown.py for tasks to queue
[2024-02-13T12:18:44.861+0000] {logging_mixin.py:188} INFO - [2024-02-13T12:18:44.861+0000] {dagbag.py:538} INFO - Filling up the DagBag from /home/airflow/.local/lib/python3.8/site-packages/airflow/example_dags/example_setup_teardown.py
[2024-02-13T12:18:44.874+0000] {processor.py:840} INFO - DAG(s) 'example_setup_teardown' retrieved from /home/airflow/.local/lib/python3.8/site-packages/airflow/example_dags/example_setup_teardown.py
[2024-02-13T12:18:44.935+0000] {logging_mixin.py:188} INFO - [2024-02-13T12:18:44.935+0000] {dag.py:3036} INFO - Sync 1 DAGs
[2024-02-13T12:18:44.986+0000] {logging_mixin.py:188} INFO - [2024-02-13T12:18:44.985+0000] {dag.py:3823} INFO - Setting next_dagrun for example_setup_teardown to 2024-02-12 00:00:00+00:00, run_after=2024-02-13 00:00:00+00:00
[2024-02-13T12:18:45.028+0000] {processor.py:183} INFO - Processing /home/airflow/.local/lib/python3.8/site-packages/airflow/example_dags/example_setup_teardown.py took 0.182 seconds
[2024-02-13T12:19:15.447+0000] {processor.py:161} INFO - Started process (PID=971) to work on /home/airflow/.local/lib/python3.8/site-packages/airflow/example_dags/example_setup_teardown.py
[2024-02-13T12:19:15.450+0000] {processor.py:830} INFO - Processing file /home/airflow/.local/lib/python3.8/site-packages/airflow/example_dags/example_setup_teardown.py for tasks to queue
[2024-02-13T12:19:15.452+0000] {logging_mixin.py:188} INFO - [2024-02-13T12:19:15.451+0000] {dagbag.py:538} INFO - Filling up the DagBag from /home/airflow/.local/lib/python3.8/site-packages/airflow/example_dags/example_setup_teardown.py
[2024-02-13T12:19:15.469+0000] {processor.py:840} INFO - DAG(s) 'example_setup_teardown' retrieved from /home/airflow/.local/lib/python3.8/site-packages/airflow/example_dags/example_setup_teardown.py
[2024-02-13T12:19:15.515+0000] {logging_mixin.py:188} INFO - [2024-02-13T12:19:15.515+0000] {dag.py:3036} INFO - Sync 1 DAGs
[2024-02-13T12:19:15.573+0000] {logging_mixin.py:188} INFO - [2024-02-13T12:19:15.572+0000] {dag.py:3823} INFO - Setting next_dagrun for example_setup_teardown to 2024-02-12 00:00:00+00:00, run_after=2024-02-13 00:00:00+00:00
[2024-02-13T12:19:15.606+0000] {processor.py:183} INFO - Processing /home/airflow/.local/lib/python3.8/site-packages/airflow/example_dags/example_setup_teardown.py took 0.171 seconds
[2024-02-13T12:19:46.227+0000] {processor.py:161} INFO - Started process (PID=1027) to work on /home/airflow/.local/lib/python3.8/site-packages/airflow/example_dags/example_setup_teardown.py
[2024-02-13T12:19:46.231+0000] {processor.py:830} INFO - Processing file /home/airflow/.local/lib/python3.8/site-packages/airflow/example_dags/example_setup_teardown.py for tasks to queue
[2024-02-13T12:19:46.232+0000] {logging_mixin.py:188} INFO - [2024-02-13T12:19:46.231+0000] {dagbag.py:538} INFO - Filling up the DagBag from /home/airflow/.local/lib/python3.8/site-packages/airflow/example_dags/example_setup_teardown.py
[2024-02-13T12:19:46.247+0000] {processor.py:840} INFO - DAG(s) 'example_setup_teardown' retrieved from /home/airflow/.local/lib/python3.8/site-packages/airflow/example_dags/example_setup_teardown.py
[2024-02-13T12:19:46.285+0000] {logging_mixin.py:188} INFO - [2024-02-13T12:19:46.285+0000] {dag.py:3036} INFO - Sync 1 DAGs
[2024-02-13T12:19:46.332+0000] {logging_mixin.py:188} INFO - [2024-02-13T12:19:46.332+0000] {dag.py:3823} INFO - Setting next_dagrun for example_setup_teardown to 2024-02-12 00:00:00+00:00, run_after=2024-02-13 00:00:00+00:00
[2024-02-13T12:19:46.372+0000] {processor.py:183} INFO - Processing /home/airflow/.local/lib/python3.8/site-packages/airflow/example_dags/example_setup_teardown.py took 0.150 seconds
[2024-02-13T12:20:16.841+0000] {processor.py:161} INFO - Started process (PID=1083) to work on /home/airflow/.local/lib/python3.8/site-packages/airflow/example_dags/example_setup_teardown.py
[2024-02-13T12:20:16.841+0000] {processor.py:830} INFO - Processing file /home/airflow/.local/lib/python3.8/site-packages/airflow/example_dags/example_setup_teardown.py for tasks to queue
[2024-02-13T12:20:16.842+0000] {logging_mixin.py:188} INFO - [2024-02-13T12:20:16.842+0000] {dagbag.py:538} INFO - Filling up the DagBag from /home/airflow/.local/lib/python3.8/site-packages/airflow/example_dags/example_setup_teardown.py
[2024-02-13T12:20:16.853+0000] {processor.py:840} INFO - DAG(s) 'example_setup_teardown' retrieved from /home/airflow/.local/lib/python3.8/site-packages/airflow/example_dags/example_setup_teardown.py
[2024-02-13T12:20:16.879+0000] {logging_mixin.py:188} INFO - [2024-02-13T12:20:16.879+0000] {dag.py:3036} INFO - Sync 1 DAGs
[2024-02-13T12:20:16.906+0000] {logging_mixin.py:188} INFO - [2024-02-13T12:20:16.906+0000] {dag.py:3823} INFO - Setting next_dagrun for example_setup_teardown to 2024-02-12 00:00:00+00:00, run_after=2024-02-13 00:00:00+00:00
[2024-02-13T12:20:16.941+0000] {processor.py:183} INFO - Processing /home/airflow/.local/lib/python3.8/site-packages/airflow/example_dags/example_setup_teardown.py took 0.105 seconds
[2024-02-13T12:20:47.366+0000] {processor.py:161} INFO - Started process (PID=1139) to work on /home/airflow/.local/lib/python3.8/site-packages/airflow/example_dags/example_setup_teardown.py
[2024-02-13T12:20:47.367+0000] {processor.py:830} INFO - Processing file /home/airflow/.local/lib/python3.8/site-packages/airflow/example_dags/example_setup_teardown.py for tasks to queue
[2024-02-13T12:20:47.368+0000] {logging_mixin.py:188} INFO - [2024-02-13T12:20:47.368+0000] {dagbag.py:538} INFO - Filling up the DagBag from /home/airflow/.local/lib/python3.8/site-packages/airflow/example_dags/example_setup_teardown.py
[2024-02-13T12:20:47.376+0000] {processor.py:840} INFO - DAG(s) 'example_setup_teardown' retrieved from /home/airflow/.local/lib/python3.8/site-packages/airflow/example_dags/example_setup_teardown.py
[2024-02-13T12:20:47.402+0000] {logging_mixin.py:188} INFO - [2024-02-13T12:20:47.401+0000] {dag.py:3036} INFO - Sync 1 DAGs
[2024-02-13T12:20:47.429+0000] {logging_mixin.py:188} INFO - [2024-02-13T12:20:47.429+0000] {dag.py:3823} INFO - Setting next_dagrun for example_setup_teardown to 2024-02-12 00:00:00+00:00, run_after=2024-02-13 00:00:00+00:00
[2024-02-13T12:20:47.449+0000] {processor.py:183} INFO - Processing /home/airflow/.local/lib/python3.8/site-packages/airflow/example_dags/example_setup_teardown.py took 0.088 seconds
[2024-02-13T12:21:17.702+0000] {processor.py:161} INFO - Started process (PID=1195) to work on /home/airflow/.local/lib/python3.8/site-packages/airflow/example_dags/example_setup_teardown.py
[2024-02-13T12:21:17.703+0000] {processor.py:830} INFO - Processing file /home/airflow/.local/lib/python3.8/site-packages/airflow/example_dags/example_setup_teardown.py for tasks to queue
[2024-02-13T12:21:17.704+0000] {logging_mixin.py:188} INFO - [2024-02-13T12:21:17.703+0000] {dagbag.py:538} INFO - Filling up the DagBag from /home/airflow/.local/lib/python3.8/site-packages/airflow/example_dags/example_setup_teardown.py
[2024-02-13T12:21:17.711+0000] {processor.py:840} INFO - DAG(s) 'example_setup_teardown' retrieved from /home/airflow/.local/lib/python3.8/site-packages/airflow/example_dags/example_setup_teardown.py
[2024-02-13T12:21:17.733+0000] {logging_mixin.py:188} INFO - [2024-02-13T12:21:17.732+0000] {dag.py:3036} INFO - Sync 1 DAGs
[2024-02-13T12:21:17.756+0000] {logging_mixin.py:188} INFO - [2024-02-13T12:21:17.756+0000] {dag.py:3823} INFO - Setting next_dagrun for example_setup_teardown to 2024-02-12 00:00:00+00:00, run_after=2024-02-13 00:00:00+00:00
[2024-02-13T12:21:17.777+0000] {processor.py:183} INFO - Processing /home/airflow/.local/lib/python3.8/site-packages/airflow/example_dags/example_setup_teardown.py took 0.078 seconds
[2024-02-13T12:21:47.895+0000] {processor.py:161} INFO - Started process (PID=1252) to work on /home/airflow/.local/lib/python3.8/site-packages/airflow/example_dags/example_setup_teardown.py
[2024-02-13T12:21:47.896+0000] {processor.py:830} INFO - Processing file /home/airflow/.local/lib/python3.8/site-packages/airflow/example_dags/example_setup_teardown.py for tasks to queue
[2024-02-13T12:21:47.898+0000] {logging_mixin.py:188} INFO - [2024-02-13T12:21:47.897+0000] {dagbag.py:538} INFO - Filling up the DagBag from /home/airflow/.local/lib/python3.8/site-packages/airflow/example_dags/example_setup_teardown.py
[2024-02-13T12:21:47.914+0000] {processor.py:840} INFO - DAG(s) 'example_setup_teardown' retrieved from /home/airflow/.local/lib/python3.8/site-packages/airflow/example_dags/example_setup_teardown.py
[2024-02-13T12:21:47.962+0000] {logging_mixin.py:188} INFO - [2024-02-13T12:21:47.962+0000] {dag.py:3036} INFO - Sync 1 DAGs
[2024-02-13T12:21:48.011+0000] {logging_mixin.py:188} INFO - [2024-02-13T12:21:48.011+0000] {dag.py:3823} INFO - Setting next_dagrun for example_setup_teardown to 2024-02-12 00:00:00+00:00, run_after=2024-02-13 00:00:00+00:00
[2024-02-13T12:21:48.055+0000] {processor.py:183} INFO - Processing /home/airflow/.local/lib/python3.8/site-packages/airflow/example_dags/example_setup_teardown.py took 0.164 seconds
[2024-02-13T12:22:18.333+0000] {processor.py:161} INFO - Started process (PID=1309) to work on /home/airflow/.local/lib/python3.8/site-packages/airflow/example_dags/example_setup_teardown.py
[2024-02-13T12:22:18.333+0000] {processor.py:830} INFO - Processing file /home/airflow/.local/lib/python3.8/site-packages/airflow/example_dags/example_setup_teardown.py for tasks to queue
[2024-02-13T12:22:18.334+0000] {logging_mixin.py:188} INFO - [2024-02-13T12:22:18.334+0000] {dagbag.py:538} INFO - Filling up the DagBag from /home/airflow/.local/lib/python3.8/site-packages/airflow/example_dags/example_setup_teardown.py
[2024-02-13T12:22:18.342+0000] {processor.py:840} INFO - DAG(s) 'example_setup_teardown' retrieved from /home/airflow/.local/lib/python3.8/site-packages/airflow/example_dags/example_setup_teardown.py
[2024-02-13T12:22:18.362+0000] {logging_mixin.py:188} INFO - [2024-02-13T12:22:18.362+0000] {dag.py:3036} INFO - Sync 1 DAGs
[2024-02-13T12:22:18.384+0000] {logging_mixin.py:188} INFO - [2024-02-13T12:22:18.384+0000] {dag.py:3823} INFO - Setting next_dagrun for example_setup_teardown to 2024-02-12 00:00:00+00:00, run_after=2024-02-13 00:00:00+00:00
[2024-02-13T12:22:18.402+0000] {processor.py:183} INFO - Processing /home/airflow/.local/lib/python3.8/site-packages/airflow/example_dags/example_setup_teardown.py took 0.073 seconds
[2024-02-13T12:22:48.875+0000] {processor.py:161} INFO - Started process (PID=1364) to work on /home/airflow/.local/lib/python3.8/site-packages/airflow/example_dags/example_setup_teardown.py
[2024-02-13T12:22:48.876+0000] {processor.py:830} INFO - Processing file /home/airflow/.local/lib/python3.8/site-packages/airflow/example_dags/example_setup_teardown.py for tasks to queue
[2024-02-13T12:22:48.877+0000] {logging_mixin.py:188} INFO - [2024-02-13T12:22:48.877+0000] {dagbag.py:538} INFO - Filling up the DagBag from /home/airflow/.local/lib/python3.8/site-packages/airflow/example_dags/example_setup_teardown.py
[2024-02-13T12:22:48.885+0000] {processor.py:840} INFO - DAG(s) 'example_setup_teardown' retrieved from /home/airflow/.local/lib/python3.8/site-packages/airflow/example_dags/example_setup_teardown.py
[2024-02-13T12:22:48.905+0000] {logging_mixin.py:188} INFO - [2024-02-13T12:22:48.905+0000] {dag.py:3036} INFO - Sync 1 DAGs
[2024-02-13T12:22:48.927+0000] {logging_mixin.py:188} INFO - [2024-02-13T12:22:48.927+0000] {dag.py:3823} INFO - Setting next_dagrun for example_setup_teardown to 2024-02-12 00:00:00+00:00, run_after=2024-02-13 00:00:00+00:00
[2024-02-13T12:22:48.945+0000] {processor.py:183} INFO - Processing /home/airflow/.local/lib/python3.8/site-packages/airflow/example_dags/example_setup_teardown.py took 0.073 seconds
[2024-02-13T12:23:19.466+0000] {processor.py:161} INFO - Started process (PID=1420) to work on /home/airflow/.local/lib/python3.8/site-packages/airflow/example_dags/example_setup_teardown.py
[2024-02-13T12:23:19.467+0000] {processor.py:830} INFO - Processing file /home/airflow/.local/lib/python3.8/site-packages/airflow/example_dags/example_setup_teardown.py for tasks to queue
[2024-02-13T12:23:19.468+0000] {logging_mixin.py:188} INFO - [2024-02-13T12:23:19.468+0000] {dagbag.py:538} INFO - Filling up the DagBag from /home/airflow/.local/lib/python3.8/site-packages/airflow/example_dags/example_setup_teardown.py
[2024-02-13T12:23:19.477+0000] {processor.py:840} INFO - DAG(s) 'example_setup_teardown' retrieved from /home/airflow/.local/lib/python3.8/site-packages/airflow/example_dags/example_setup_teardown.py
[2024-02-13T12:23:19.497+0000] {logging_mixin.py:188} INFO - [2024-02-13T12:23:19.497+0000] {dag.py:3036} INFO - Sync 1 DAGs
[2024-02-13T12:23:19.520+0000] {logging_mixin.py:188} INFO - [2024-02-13T12:23:19.520+0000] {dag.py:3823} INFO - Setting next_dagrun for example_setup_teardown to 2024-02-12 00:00:00+00:00, run_after=2024-02-13 00:00:00+00:00
[2024-02-13T12:23:19.557+0000] {processor.py:183} INFO - Processing /home/airflow/.local/lib/python3.8/site-packages/airflow/example_dags/example_setup_teardown.py took 0.095 seconds
[2024-02-13T12:23:49.720+0000] {processor.py:161} INFO - Started process (PID=1476) to work on /home/airflow/.local/lib/python3.8/site-packages/airflow/example_dags/example_setup_teardown.py
[2024-02-13T12:23:49.721+0000] {processor.py:830} INFO - Processing file /home/airflow/.local/lib/python3.8/site-packages/airflow/example_dags/example_setup_teardown.py for tasks to queue
[2024-02-13T12:23:49.722+0000] {logging_mixin.py:188} INFO - [2024-02-13T12:23:49.721+0000] {dagbag.py:538} INFO - Filling up the DagBag from /home/airflow/.local/lib/python3.8/site-packages/airflow/example_dags/example_setup_teardown.py
[2024-02-13T12:23:49.728+0000] {processor.py:840} INFO - DAG(s) 'example_setup_teardown' retrieved from /home/airflow/.local/lib/python3.8/site-packages/airflow/example_dags/example_setup_teardown.py
[2024-02-13T12:23:49.747+0000] {logging_mixin.py:188} INFO - [2024-02-13T12:23:49.747+0000] {dag.py:3036} INFO - Sync 1 DAGs
[2024-02-13T12:23:49.772+0000] {logging_mixin.py:188} INFO - [2024-02-13T12:23:49.771+0000] {dag.py:3823} INFO - Setting next_dagrun for example_setup_teardown to 2024-02-12 00:00:00+00:00, run_after=2024-02-13 00:00:00+00:00
[2024-02-13T12:23:49.792+0000] {processor.py:183} INFO - Processing /home/airflow/.local/lib/python3.8/site-packages/airflow/example_dags/example_setup_teardown.py took 0.075 seconds
[2024-02-13T12:24:20.692+0000] {processor.py:161} INFO - Started process (PID=1532) to work on /home/airflow/.local/lib/python3.8/site-packages/airflow/example_dags/example_setup_teardown.py
[2024-02-13T12:24:20.693+0000] {processor.py:830} INFO - Processing file /home/airflow/.local/lib/python3.8/site-packages/airflow/example_dags/example_setup_teardown.py for tasks to queue
[2024-02-13T12:24:20.694+0000] {logging_mixin.py:188} INFO - [2024-02-13T12:24:20.693+0000] {dagbag.py:538} INFO - Filling up the DagBag from /home/airflow/.local/lib/python3.8/site-packages/airflow/example_dags/example_setup_teardown.py
[2024-02-13T12:24:20.706+0000] {processor.py:840} INFO - DAG(s) 'example_setup_teardown' retrieved from /home/airflow/.local/lib/python3.8/site-packages/airflow/example_dags/example_setup_teardown.py
[2024-02-13T12:24:20.745+0000] {logging_mixin.py:188} INFO - [2024-02-13T12:24:20.745+0000] {dag.py:3036} INFO - Sync 1 DAGs
[2024-02-13T12:24:20.784+0000] {logging_mixin.py:188} INFO - [2024-02-13T12:24:20.784+0000] {dag.py:3823} INFO - Setting next_dagrun for example_setup_teardown to 2024-02-12 00:00:00+00:00, run_after=2024-02-13 00:00:00+00:00
[2024-02-13T12:24:20.810+0000] {processor.py:183} INFO - Processing /home/airflow/.local/lib/python3.8/site-packages/airflow/example_dags/example_setup_teardown.py took 0.126 seconds
[2024-02-13T12:24:51.421+0000] {processor.py:161} INFO - Started process (PID=1588) to work on /home/airflow/.local/lib/python3.8/site-packages/airflow/example_dags/example_setup_teardown.py
[2024-02-13T12:24:51.422+0000] {processor.py:830} INFO - Processing file /home/airflow/.local/lib/python3.8/site-packages/airflow/example_dags/example_setup_teardown.py for tasks to queue
[2024-02-13T12:24:51.424+0000] {logging_mixin.py:188} INFO - [2024-02-13T12:24:51.423+0000] {dagbag.py:538} INFO - Filling up the DagBag from /home/airflow/.local/lib/python3.8/site-packages/airflow/example_dags/example_setup_teardown.py
[2024-02-13T12:24:51.439+0000] {processor.py:840} INFO - DAG(s) 'example_setup_teardown' retrieved from /home/airflow/.local/lib/python3.8/site-packages/airflow/example_dags/example_setup_teardown.py
[2024-02-13T12:24:51.473+0000] {logging_mixin.py:188} INFO - [2024-02-13T12:24:51.473+0000] {dag.py:3036} INFO - Sync 1 DAGs
[2024-02-13T12:24:51.513+0000] {logging_mixin.py:188} INFO - [2024-02-13T12:24:51.513+0000] {dag.py:3823} INFO - Setting next_dagrun for example_setup_teardown to 2024-02-12 00:00:00+00:00, run_after=2024-02-13 00:00:00+00:00
[2024-02-13T12:24:51.549+0000] {processor.py:183} INFO - Processing /home/airflow/.local/lib/python3.8/site-packages/airflow/example_dags/example_setup_teardown.py took 0.133 seconds
[2024-02-13T12:25:21.637+0000] {processor.py:161} INFO - Started process (PID=1644) to work on /home/airflow/.local/lib/python3.8/site-packages/airflow/example_dags/example_setup_teardown.py
[2024-02-13T12:25:21.638+0000] {processor.py:830} INFO - Processing file /home/airflow/.local/lib/python3.8/site-packages/airflow/example_dags/example_setup_teardown.py for tasks to queue
[2024-02-13T12:25:21.639+0000] {logging_mixin.py:188} INFO - [2024-02-13T12:25:21.638+0000] {dagbag.py:538} INFO - Filling up the DagBag from /home/airflow/.local/lib/python3.8/site-packages/airflow/example_dags/example_setup_teardown.py
[2024-02-13T12:25:21.647+0000] {processor.py:840} INFO - DAG(s) 'example_setup_teardown' retrieved from /home/airflow/.local/lib/python3.8/site-packages/airflow/example_dags/example_setup_teardown.py
[2024-02-13T12:25:21.669+0000] {logging_mixin.py:188} INFO - [2024-02-13T12:25:21.669+0000] {dag.py:3036} INFO - Sync 1 DAGs
[2024-02-13T12:25:21.694+0000] {logging_mixin.py:188} INFO - [2024-02-13T12:25:21.694+0000] {dag.py:3823} INFO - Setting next_dagrun for example_setup_teardown to 2024-02-12 00:00:00+00:00, run_after=2024-02-13 00:00:00+00:00
[2024-02-13T12:25:21.718+0000] {processor.py:183} INFO - Processing /home/airflow/.local/lib/python3.8/site-packages/airflow/example_dags/example_setup_teardown.py took 0.085 seconds
[2024-02-13T12:25:52.181+0000] {processor.py:161} INFO - Started process (PID=1700) to work on /home/airflow/.local/lib/python3.8/site-packages/airflow/example_dags/example_setup_teardown.py
[2024-02-13T12:25:52.184+0000] {processor.py:830} INFO - Processing file /home/airflow/.local/lib/python3.8/site-packages/airflow/example_dags/example_setup_teardown.py for tasks to queue
[2024-02-13T12:25:52.188+0000] {logging_mixin.py:188} INFO - [2024-02-13T12:25:52.186+0000] {dagbag.py:538} INFO - Filling up the DagBag from /home/airflow/.local/lib/python3.8/site-packages/airflow/example_dags/example_setup_teardown.py
[2024-02-13T12:25:52.204+0000] {processor.py:840} INFO - DAG(s) 'example_setup_teardown' retrieved from /home/airflow/.local/lib/python3.8/site-packages/airflow/example_dags/example_setup_teardown.py
[2024-02-13T12:25:52.231+0000] {logging_mixin.py:188} INFO - [2024-02-13T12:25:52.230+0000] {dag.py:3036} INFO - Sync 1 DAGs
[2024-02-13T12:25:52.256+0000] {logging_mixin.py:188} INFO - [2024-02-13T12:25:52.255+0000] {dag.py:3823} INFO - Setting next_dagrun for example_setup_teardown to 2024-02-12 00:00:00+00:00, run_after=2024-02-13 00:00:00+00:00
[2024-02-13T12:25:52.276+0000] {processor.py:183} INFO - Processing /home/airflow/.local/lib/python3.8/site-packages/airflow/example_dags/example_setup_teardown.py took 0.101 seconds
[2024-02-13T12:26:22.639+0000] {processor.py:161} INFO - Started process (PID=1756) to work on /home/airflow/.local/lib/python3.8/site-packages/airflow/example_dags/example_setup_teardown.py
[2024-02-13T12:26:22.640+0000] {processor.py:830} INFO - Processing file /home/airflow/.local/lib/python3.8/site-packages/airflow/example_dags/example_setup_teardown.py for tasks to queue
[2024-02-13T12:26:22.641+0000] {logging_mixin.py:188} INFO - [2024-02-13T12:26:22.640+0000] {dagbag.py:538} INFO - Filling up the DagBag from /home/airflow/.local/lib/python3.8/site-packages/airflow/example_dags/example_setup_teardown.py
[2024-02-13T12:26:22.649+0000] {processor.py:840} INFO - DAG(s) 'example_setup_teardown' retrieved from /home/airflow/.local/lib/python3.8/site-packages/airflow/example_dags/example_setup_teardown.py
[2024-02-13T12:26:22.669+0000] {logging_mixin.py:188} INFO - [2024-02-13T12:26:22.669+0000] {dag.py:3036} INFO - Sync 1 DAGs
[2024-02-13T12:26:22.690+0000] {logging_mixin.py:188} INFO - [2024-02-13T12:26:22.690+0000] {dag.py:3823} INFO - Setting next_dagrun for example_setup_teardown to 2024-02-12 00:00:00+00:00, run_after=2024-02-13 00:00:00+00:00
[2024-02-13T12:26:22.709+0000] {processor.py:183} INFO - Processing /home/airflow/.local/lib/python3.8/site-packages/airflow/example_dags/example_setup_teardown.py took 0.074 seconds
[2024-02-13T12:26:53.046+0000] {processor.py:161} INFO - Started process (PID=1812) to work on /home/airflow/.local/lib/python3.8/site-packages/airflow/example_dags/example_setup_teardown.py
[2024-02-13T12:26:53.047+0000] {processor.py:830} INFO - Processing file /home/airflow/.local/lib/python3.8/site-packages/airflow/example_dags/example_setup_teardown.py for tasks to queue
[2024-02-13T12:26:53.049+0000] {logging_mixin.py:188} INFO - [2024-02-13T12:26:53.048+0000] {dagbag.py:538} INFO - Filling up the DagBag from /home/airflow/.local/lib/python3.8/site-packages/airflow/example_dags/example_setup_teardown.py
[2024-02-13T12:26:53.058+0000] {processor.py:840} INFO - DAG(s) 'example_setup_teardown' retrieved from /home/airflow/.local/lib/python3.8/site-packages/airflow/example_dags/example_setup_teardown.py
[2024-02-13T12:26:53.078+0000] {logging_mixin.py:188} INFO - [2024-02-13T12:26:53.078+0000] {dag.py:3036} INFO - Sync 1 DAGs
[2024-02-13T12:26:53.100+0000] {logging_mixin.py:188} INFO - [2024-02-13T12:26:53.100+0000] {dag.py:3823} INFO - Setting next_dagrun for example_setup_teardown to 2024-02-12 00:00:00+00:00, run_after=2024-02-13 00:00:00+00:00
[2024-02-13T12:26:53.124+0000] {processor.py:183} INFO - Processing /home/airflow/.local/lib/python3.8/site-packages/airflow/example_dags/example_setup_teardown.py took 0.082 seconds
[2024-02-13T12:27:23.215+0000] {processor.py:161} INFO - Started process (PID=1868) to work on /home/airflow/.local/lib/python3.8/site-packages/airflow/example_dags/example_setup_teardown.py
[2024-02-13T12:27:23.216+0000] {processor.py:830} INFO - Processing file /home/airflow/.local/lib/python3.8/site-packages/airflow/example_dags/example_setup_teardown.py for tasks to queue
[2024-02-13T12:27:23.217+0000] {logging_mixin.py:188} INFO - [2024-02-13T12:27:23.216+0000] {dagbag.py:538} INFO - Filling up the DagBag from /home/airflow/.local/lib/python3.8/site-packages/airflow/example_dags/example_setup_teardown.py
[2024-02-13T12:27:23.223+0000] {processor.py:840} INFO - DAG(s) 'example_setup_teardown' retrieved from /home/airflow/.local/lib/python3.8/site-packages/airflow/example_dags/example_setup_teardown.py
[2024-02-13T12:27:23.241+0000] {logging_mixin.py:188} INFO - [2024-02-13T12:27:23.241+0000] {dag.py:3036} INFO - Sync 1 DAGs
[2024-02-13T12:27:23.262+0000] {logging_mixin.py:188} INFO - [2024-02-13T12:27:23.262+0000] {dag.py:3823} INFO - Setting next_dagrun for example_setup_teardown to 2024-02-12 00:00:00+00:00, run_after=2024-02-13 00:00:00+00:00
[2024-02-13T12:27:23.280+0000] {processor.py:183} INFO - Processing /home/airflow/.local/lib/python3.8/site-packages/airflow/example_dags/example_setup_teardown.py took 0.068 seconds
[2024-02-13T12:27:54.159+0000] {processor.py:161} INFO - Started process (PID=1924) to work on /home/airflow/.local/lib/python3.8/site-packages/airflow/example_dags/example_setup_teardown.py
[2024-02-13T12:27:54.160+0000] {processor.py:830} INFO - Processing file /home/airflow/.local/lib/python3.8/site-packages/airflow/example_dags/example_setup_teardown.py for tasks to queue
[2024-02-13T12:27:54.161+0000] {logging_mixin.py:188} INFO - [2024-02-13T12:27:54.160+0000] {dagbag.py:538} INFO - Filling up the DagBag from /home/airflow/.local/lib/python3.8/site-packages/airflow/example_dags/example_setup_teardown.py
[2024-02-13T12:27:54.168+0000] {processor.py:840} INFO - DAG(s) 'example_setup_teardown' retrieved from /home/airflow/.local/lib/python3.8/site-packages/airflow/example_dags/example_setup_teardown.py
[2024-02-13T12:27:54.191+0000] {logging_mixin.py:188} INFO - [2024-02-13T12:27:54.191+0000] {dag.py:3036} INFO - Sync 1 DAGs
[2024-02-13T12:27:54.213+0000] {logging_mixin.py:188} INFO - [2024-02-13T12:27:54.213+0000] {dag.py:3823} INFO - Setting next_dagrun for example_setup_teardown to 2024-02-12 00:00:00+00:00, run_after=2024-02-13 00:00:00+00:00
[2024-02-13T12:27:54.231+0000] {processor.py:183} INFO - Processing /home/airflow/.local/lib/python3.8/site-packages/airflow/example_dags/example_setup_teardown.py took 0.075 seconds
[2024-02-13T12:28:24.314+0000] {processor.py:161} INFO - Started process (PID=1980) to work on /home/airflow/.local/lib/python3.8/site-packages/airflow/example_dags/example_setup_teardown.py
[2024-02-13T12:28:24.314+0000] {processor.py:830} INFO - Processing file /home/airflow/.local/lib/python3.8/site-packages/airflow/example_dags/example_setup_teardown.py for tasks to queue
[2024-02-13T12:28:24.315+0000] {logging_mixin.py:188} INFO - [2024-02-13T12:28:24.315+0000] {dagbag.py:538} INFO - Filling up the DagBag from /home/airflow/.local/lib/python3.8/site-packages/airflow/example_dags/example_setup_teardown.py
[2024-02-13T12:28:24.321+0000] {processor.py:840} INFO - DAG(s) 'example_setup_teardown' retrieved from /home/airflow/.local/lib/python3.8/site-packages/airflow/example_dags/example_setup_teardown.py
[2024-02-13T12:28:24.344+0000] {logging_mixin.py:188} INFO - [2024-02-13T12:28:24.343+0000] {dag.py:3036} INFO - Sync 1 DAGs
[2024-02-13T12:28:24.370+0000] {logging_mixin.py:188} INFO - [2024-02-13T12:28:24.369+0000] {dag.py:3823} INFO - Setting next_dagrun for example_setup_teardown to 2024-02-12 00:00:00+00:00, run_after=2024-02-13 00:00:00+00:00
[2024-02-13T12:28:24.388+0000] {processor.py:183} INFO - Processing /home/airflow/.local/lib/python3.8/site-packages/airflow/example_dags/example_setup_teardown.py took 0.077 seconds
[2024-02-13T12:28:54.675+0000] {processor.py:161} INFO - Started process (PID=2035) to work on /home/airflow/.local/lib/python3.8/site-packages/airflow/example_dags/example_setup_teardown.py
[2024-02-13T12:28:54.677+0000] {processor.py:830} INFO - Processing file /home/airflow/.local/lib/python3.8/site-packages/airflow/example_dags/example_setup_teardown.py for tasks to queue
[2024-02-13T12:28:54.679+0000] {logging_mixin.py:188} INFO - [2024-02-13T12:28:54.678+0000] {dagbag.py:538} INFO - Filling up the DagBag from /home/airflow/.local/lib/python3.8/site-packages/airflow/example_dags/example_setup_teardown.py
[2024-02-13T12:28:54.694+0000] {processor.py:840} INFO - DAG(s) 'example_setup_teardown' retrieved from /home/airflow/.local/lib/python3.8/site-packages/airflow/example_dags/example_setup_teardown.py
[2024-02-13T12:28:54.732+0000] {logging_mixin.py:188} INFO - [2024-02-13T12:28:54.730+0000] {dag.py:3036} INFO - Sync 1 DAGs
[2024-02-13T12:28:54.774+0000] {logging_mixin.py:188} INFO - [2024-02-13T12:28:54.774+0000] {dag.py:3823} INFO - Setting next_dagrun for example_setup_teardown to 2024-02-12 00:00:00+00:00, run_after=2024-02-13 00:00:00+00:00
[2024-02-13T12:28:54.817+0000] {processor.py:183} INFO - Processing /home/airflow/.local/lib/python3.8/site-packages/airflow/example_dags/example_setup_teardown.py took 0.145 seconds
[2024-02-13T12:29:25.191+0000] {processor.py:161} INFO - Started process (PID=2091) to work on /home/airflow/.local/lib/python3.8/site-packages/airflow/example_dags/example_setup_teardown.py
[2024-02-13T12:29:25.192+0000] {processor.py:830} INFO - Processing file /home/airflow/.local/lib/python3.8/site-packages/airflow/example_dags/example_setup_teardown.py for tasks to queue
[2024-02-13T12:29:25.192+0000] {logging_mixin.py:188} INFO - [2024-02-13T12:29:25.192+0000] {dagbag.py:538} INFO - Filling up the DagBag from /home/airflow/.local/lib/python3.8/site-packages/airflow/example_dags/example_setup_teardown.py
[2024-02-13T12:29:25.199+0000] {processor.py:840} INFO - DAG(s) 'example_setup_teardown' retrieved from /home/airflow/.local/lib/python3.8/site-packages/airflow/example_dags/example_setup_teardown.py
[2024-02-13T12:29:25.217+0000] {logging_mixin.py:188} INFO - [2024-02-13T12:29:25.217+0000] {dag.py:3036} INFO - Sync 1 DAGs
[2024-02-13T12:29:25.239+0000] {logging_mixin.py:188} INFO - [2024-02-13T12:29:25.239+0000] {dag.py:3823} INFO - Setting next_dagrun for example_setup_teardown to 2024-02-12 00:00:00+00:00, run_after=2024-02-13 00:00:00+00:00
[2024-02-13T12:29:25.257+0000] {processor.py:183} INFO - Processing /home/airflow/.local/lib/python3.8/site-packages/airflow/example_dags/example_setup_teardown.py took 0.069 seconds
[2024-02-13T12:29:56.183+0000] {processor.py:161} INFO - Started process (PID=2147) to work on /home/airflow/.local/lib/python3.8/site-packages/airflow/example_dags/example_setup_teardown.py
[2024-02-13T12:29:56.184+0000] {processor.py:830} INFO - Processing file /home/airflow/.local/lib/python3.8/site-packages/airflow/example_dags/example_setup_teardown.py for tasks to queue
[2024-02-13T12:29:56.185+0000] {logging_mixin.py:188} INFO - [2024-02-13T12:29:56.184+0000] {dagbag.py:538} INFO - Filling up the DagBag from /home/airflow/.local/lib/python3.8/site-packages/airflow/example_dags/example_setup_teardown.py
[2024-02-13T12:29:56.193+0000] {processor.py:840} INFO - DAG(s) 'example_setup_teardown' retrieved from /home/airflow/.local/lib/python3.8/site-packages/airflow/example_dags/example_setup_teardown.py
[2024-02-13T12:29:56.220+0000] {logging_mixin.py:188} INFO - [2024-02-13T12:29:56.220+0000] {dag.py:3036} INFO - Sync 1 DAGs
[2024-02-13T12:29:56.246+0000] {logging_mixin.py:188} INFO - [2024-02-13T12:29:56.246+0000] {dag.py:3823} INFO - Setting next_dagrun for example_setup_teardown to 2024-02-12 00:00:00+00:00, run_after=2024-02-13 00:00:00+00:00
[2024-02-13T12:29:56.264+0000] {processor.py:183} INFO - Processing /home/airflow/.local/lib/python3.8/site-packages/airflow/example_dags/example_setup_teardown.py took 0.085 seconds
[2024-02-13T12:30:26.489+0000] {processor.py:161} INFO - Started process (PID=2203) to work on /home/airflow/.local/lib/python3.8/site-packages/airflow/example_dags/example_setup_teardown.py
[2024-02-13T12:30:26.490+0000] {processor.py:830} INFO - Processing file /home/airflow/.local/lib/python3.8/site-packages/airflow/example_dags/example_setup_teardown.py for tasks to queue
[2024-02-13T12:30:26.491+0000] {logging_mixin.py:188} INFO - [2024-02-13T12:30:26.491+0000] {dagbag.py:538} INFO - Filling up the DagBag from /home/airflow/.local/lib/python3.8/site-packages/airflow/example_dags/example_setup_teardown.py
[2024-02-13T12:30:26.498+0000] {processor.py:840} INFO - DAG(s) 'example_setup_teardown' retrieved from /home/airflow/.local/lib/python3.8/site-packages/airflow/example_dags/example_setup_teardown.py
[2024-02-13T12:30:26.518+0000] {logging_mixin.py:188} INFO - [2024-02-13T12:30:26.518+0000] {dag.py:3036} INFO - Sync 1 DAGs
[2024-02-13T12:30:26.539+0000] {logging_mixin.py:188} INFO - [2024-02-13T12:30:26.539+0000] {dag.py:3823} INFO - Setting next_dagrun for example_setup_teardown to 2024-02-12 00:00:00+00:00, run_after=2024-02-13 00:00:00+00:00
[2024-02-13T12:30:26.557+0000] {processor.py:183} INFO - Processing /home/airflow/.local/lib/python3.8/site-packages/airflow/example_dags/example_setup_teardown.py took 0.071 seconds
[2024-02-13T12:30:57.253+0000] {processor.py:161} INFO - Started process (PID=2259) to work on /home/airflow/.local/lib/python3.8/site-packages/airflow/example_dags/example_setup_teardown.py
[2024-02-13T12:30:57.254+0000] {processor.py:830} INFO - Processing file /home/airflow/.local/lib/python3.8/site-packages/airflow/example_dags/example_setup_teardown.py for tasks to queue
[2024-02-13T12:30:57.256+0000] {logging_mixin.py:188} INFO - [2024-02-13T12:30:57.255+0000] {dagbag.py:538} INFO - Filling up the DagBag from /home/airflow/.local/lib/python3.8/site-packages/airflow/example_dags/example_setup_teardown.py
[2024-02-13T12:30:57.266+0000] {processor.py:840} INFO - DAG(s) 'example_setup_teardown' retrieved from /home/airflow/.local/lib/python3.8/site-packages/airflow/example_dags/example_setup_teardown.py
[2024-02-13T12:30:57.286+0000] {logging_mixin.py:188} INFO - [2024-02-13T12:30:57.286+0000] {dag.py:3036} INFO - Sync 1 DAGs
[2024-02-13T12:30:57.311+0000] {logging_mixin.py:188} INFO - [2024-02-13T12:30:57.311+0000] {dag.py:3823} INFO - Setting next_dagrun for example_setup_teardown to 2024-02-12 00:00:00+00:00, run_after=2024-02-13 00:00:00+00:00
[2024-02-13T12:30:57.332+0000] {processor.py:183} INFO - Processing /home/airflow/.local/lib/python3.8/site-packages/airflow/example_dags/example_setup_teardown.py took 0.084 seconds
[2024-02-13T12:31:27.427+0000] {processor.py:161} INFO - Started process (PID=2315) to work on /home/airflow/.local/lib/python3.8/site-packages/airflow/example_dags/example_setup_teardown.py
[2024-02-13T12:31:27.433+0000] {processor.py:830} INFO - Processing file /home/airflow/.local/lib/python3.8/site-packages/airflow/example_dags/example_setup_teardown.py for tasks to queue
[2024-02-13T12:31:27.436+0000] {logging_mixin.py:188} INFO - [2024-02-13T12:31:27.435+0000] {dagbag.py:538} INFO - Filling up the DagBag from /home/airflow/.local/lib/python3.8/site-packages/airflow/example_dags/example_setup_teardown.py
[2024-02-13T12:31:27.456+0000] {processor.py:840} INFO - DAG(s) 'example_setup_teardown' retrieved from /home/airflow/.local/lib/python3.8/site-packages/airflow/example_dags/example_setup_teardown.py
[2024-02-13T12:31:27.497+0000] {logging_mixin.py:188} INFO - [2024-02-13T12:31:27.496+0000] {dag.py:3036} INFO - Sync 1 DAGs
[2024-02-13T12:31:27.560+0000] {logging_mixin.py:188} INFO - [2024-02-13T12:31:27.559+0000] {dag.py:3823} INFO - Setting next_dagrun for example_setup_teardown to 2024-02-12 00:00:00+00:00, run_after=2024-02-13 00:00:00+00:00
[2024-02-13T12:31:27.641+0000] {processor.py:183} INFO - Processing /home/airflow/.local/lib/python3.8/site-packages/airflow/example_dags/example_setup_teardown.py took 0.224 seconds
[2024-02-13T12:31:57.953+0000] {processor.py:161} INFO - Started process (PID=2372) to work on /home/airflow/.local/lib/python3.8/site-packages/airflow/example_dags/example_setup_teardown.py
[2024-02-13T12:31:57.953+0000] {processor.py:830} INFO - Processing file /home/airflow/.local/lib/python3.8/site-packages/airflow/example_dags/example_setup_teardown.py for tasks to queue
[2024-02-13T12:31:57.954+0000] {logging_mixin.py:188} INFO - [2024-02-13T12:31:57.954+0000] {dagbag.py:538} INFO - Filling up the DagBag from /home/airflow/.local/lib/python3.8/site-packages/airflow/example_dags/example_setup_teardown.py
[2024-02-13T12:31:57.962+0000] {processor.py:840} INFO - DAG(s) 'example_setup_teardown' retrieved from /home/airflow/.local/lib/python3.8/site-packages/airflow/example_dags/example_setup_teardown.py
[2024-02-13T12:31:57.984+0000] {logging_mixin.py:188} INFO - [2024-02-13T12:31:57.984+0000] {dag.py:3036} INFO - Sync 1 DAGs
[2024-02-13T12:31:58.171+0000] {logging_mixin.py:188} INFO - [2024-02-13T12:31:58.171+0000] {dag.py:3823} INFO - Setting next_dagrun for example_setup_teardown to 2024-02-12 00:00:00+00:00, run_after=2024-02-13 00:00:00+00:00
[2024-02-13T12:31:58.208+0000] {processor.py:183} INFO - Processing /home/airflow/.local/lib/python3.8/site-packages/airflow/example_dags/example_setup_teardown.py took 0.260 seconds
[2024-02-13T12:32:28.831+0000] {processor.py:161} INFO - Started process (PID=2429) to work on /home/airflow/.local/lib/python3.8/site-packages/airflow/example_dags/example_setup_teardown.py
[2024-02-13T12:32:28.834+0000] {processor.py:830} INFO - Processing file /home/airflow/.local/lib/python3.8/site-packages/airflow/example_dags/example_setup_teardown.py for tasks to queue
[2024-02-13T12:32:28.837+0000] {logging_mixin.py:188} INFO - [2024-02-13T12:32:28.836+0000] {dagbag.py:538} INFO - Filling up the DagBag from /home/airflow/.local/lib/python3.8/site-packages/airflow/example_dags/example_setup_teardown.py
[2024-02-13T12:32:28.866+0000] {processor.py:840} INFO - DAG(s) 'example_setup_teardown' retrieved from /home/airflow/.local/lib/python3.8/site-packages/airflow/example_dags/example_setup_teardown.py
[2024-02-13T12:32:28.946+0000] {logging_mixin.py:188} INFO - [2024-02-13T12:32:28.944+0000] {dag.py:3036} INFO - Sync 1 DAGs
[2024-02-13T12:32:29.386+0000] {logging_mixin.py:188} INFO - [2024-02-13T12:32:29.385+0000] {dag.py:3823} INFO - Setting next_dagrun for example_setup_teardown to 2024-02-12 00:00:00+00:00, run_after=2024-02-13 00:00:00+00:00
[2024-02-13T12:32:29.429+0000] {processor.py:183} INFO - Processing /home/airflow/.local/lib/python3.8/site-packages/airflow/example_dags/example_setup_teardown.py took 0.612 seconds
[2024-02-13T12:32:59.686+0000] {processor.py:161} INFO - Started process (PID=2485) to work on /home/airflow/.local/lib/python3.8/site-packages/airflow/example_dags/example_setup_teardown.py
[2024-02-13T12:32:59.687+0000] {processor.py:830} INFO - Processing file /home/airflow/.local/lib/python3.8/site-packages/airflow/example_dags/example_setup_teardown.py for tasks to queue
[2024-02-13T12:32:59.688+0000] {logging_mixin.py:188} INFO - [2024-02-13T12:32:59.688+0000] {dagbag.py:538} INFO - Filling up the DagBag from /home/airflow/.local/lib/python3.8/site-packages/airflow/example_dags/example_setup_teardown.py
[2024-02-13T12:32:59.696+0000] {processor.py:840} INFO - DAG(s) 'example_setup_teardown' retrieved from /home/airflow/.local/lib/python3.8/site-packages/airflow/example_dags/example_setup_teardown.py
[2024-02-13T12:32:59.716+0000] {logging_mixin.py:188} INFO - [2024-02-13T12:32:59.716+0000] {dag.py:3036} INFO - Sync 1 DAGs
[2024-02-13T12:32:59.740+0000] {logging_mixin.py:188} INFO - [2024-02-13T12:32:59.739+0000] {dag.py:3823} INFO - Setting next_dagrun for example_setup_teardown to 2024-02-12 00:00:00+00:00, run_after=2024-02-13 00:00:00+00:00
[2024-02-13T12:32:59.904+0000] {processor.py:183} INFO - Processing /home/airflow/.local/lib/python3.8/site-packages/airflow/example_dags/example_setup_teardown.py took 0.221 seconds
[2024-02-13T12:33:30.045+0000] {processor.py:161} INFO - Started process (PID=2540) to work on /home/airflow/.local/lib/python3.8/site-packages/airflow/example_dags/example_setup_teardown.py
[2024-02-13T12:33:30.045+0000] {processor.py:830} INFO - Processing file /home/airflow/.local/lib/python3.8/site-packages/airflow/example_dags/example_setup_teardown.py for tasks to queue
[2024-02-13T12:33:30.046+0000] {logging_mixin.py:188} INFO - [2024-02-13T12:33:30.046+0000] {dagbag.py:538} INFO - Filling up the DagBag from /home/airflow/.local/lib/python3.8/site-packages/airflow/example_dags/example_setup_teardown.py
[2024-02-13T12:33:30.055+0000] {processor.py:840} INFO - DAG(s) 'example_setup_teardown' retrieved from /home/airflow/.local/lib/python3.8/site-packages/airflow/example_dags/example_setup_teardown.py
[2024-02-13T12:33:30.080+0000] {logging_mixin.py:188} INFO - [2024-02-13T12:33:30.079+0000] {dag.py:3036} INFO - Sync 1 DAGs
[2024-02-13T12:33:30.107+0000] {logging_mixin.py:188} INFO - [2024-02-13T12:33:30.106+0000] {dag.py:3823} INFO - Setting next_dagrun for example_setup_teardown to 2024-02-12 00:00:00+00:00, run_after=2024-02-13 00:00:00+00:00
[2024-02-13T12:33:30.129+0000] {processor.py:183} INFO - Processing /home/airflow/.local/lib/python3.8/site-packages/airflow/example_dags/example_setup_teardown.py took 0.088 seconds
[2024-02-13T12:34:00.600+0000] {processor.py:161} INFO - Started process (PID=2596) to work on /home/airflow/.local/lib/python3.8/site-packages/airflow/example_dags/example_setup_teardown.py
[2024-02-13T12:34:00.601+0000] {processor.py:830} INFO - Processing file /home/airflow/.local/lib/python3.8/site-packages/airflow/example_dags/example_setup_teardown.py for tasks to queue
[2024-02-13T12:34:00.602+0000] {logging_mixin.py:188} INFO - [2024-02-13T12:34:00.602+0000] {dagbag.py:538} INFO - Filling up the DagBag from /home/airflow/.local/lib/python3.8/site-packages/airflow/example_dags/example_setup_teardown.py
[2024-02-13T12:34:00.611+0000] {processor.py:840} INFO - DAG(s) 'example_setup_teardown' retrieved from /home/airflow/.local/lib/python3.8/site-packages/airflow/example_dags/example_setup_teardown.py
[2024-02-13T12:34:00.631+0000] {logging_mixin.py:188} INFO - [2024-02-13T12:34:00.631+0000] {dag.py:3036} INFO - Sync 1 DAGs
[2024-02-13T12:34:00.654+0000] {logging_mixin.py:188} INFO - [2024-02-13T12:34:00.654+0000] {dag.py:3823} INFO - Setting next_dagrun for example_setup_teardown to 2024-02-12 00:00:00+00:00, run_after=2024-02-13 00:00:00+00:00
[2024-02-13T12:34:00.674+0000] {processor.py:183} INFO - Processing /home/airflow/.local/lib/python3.8/site-packages/airflow/example_dags/example_setup_teardown.py took 0.079 seconds
[2024-02-13T12:34:31.634+0000] {processor.py:161} INFO - Started process (PID=2652) to work on /home/airflow/.local/lib/python3.8/site-packages/airflow/example_dags/example_setup_teardown.py
[2024-02-13T12:34:31.635+0000] {processor.py:830} INFO - Processing file /home/airflow/.local/lib/python3.8/site-packages/airflow/example_dags/example_setup_teardown.py for tasks to queue
[2024-02-13T12:34:31.637+0000] {logging_mixin.py:188} INFO - [2024-02-13T12:34:31.636+0000] {dagbag.py:538} INFO - Filling up the DagBag from /home/airflow/.local/lib/python3.8/site-packages/airflow/example_dags/example_setup_teardown.py
[2024-02-13T12:34:31.646+0000] {processor.py:840} INFO - DAG(s) 'example_setup_teardown' retrieved from /home/airflow/.local/lib/python3.8/site-packages/airflow/example_dags/example_setup_teardown.py
[2024-02-13T12:34:31.667+0000] {logging_mixin.py:188} INFO - [2024-02-13T12:34:31.667+0000] {dag.py:3036} INFO - Sync 1 DAGs
[2024-02-13T12:34:31.690+0000] {logging_mixin.py:188} INFO - [2024-02-13T12:34:31.689+0000] {dag.py:3823} INFO - Setting next_dagrun for example_setup_teardown to 2024-02-12 00:00:00+00:00, run_after=2024-02-13 00:00:00+00:00
[2024-02-13T12:34:31.712+0000] {processor.py:183} INFO - Processing /home/airflow/.local/lib/python3.8/site-packages/airflow/example_dags/example_setup_teardown.py took 0.082 seconds
[2024-02-13T12:35:01.942+0000] {processor.py:161} INFO - Started process (PID=2708) to work on /home/airflow/.local/lib/python3.8/site-packages/airflow/example_dags/example_setup_teardown.py
[2024-02-13T12:35:01.943+0000] {processor.py:830} INFO - Processing file /home/airflow/.local/lib/python3.8/site-packages/airflow/example_dags/example_setup_teardown.py for tasks to queue
[2024-02-13T12:35:01.944+0000] {logging_mixin.py:188} INFO - [2024-02-13T12:35:01.944+0000] {dagbag.py:538} INFO - Filling up the DagBag from /home/airflow/.local/lib/python3.8/site-packages/airflow/example_dags/example_setup_teardown.py
[2024-02-13T12:35:01.957+0000] {processor.py:840} INFO - DAG(s) 'example_setup_teardown' retrieved from /home/airflow/.local/lib/python3.8/site-packages/airflow/example_dags/example_setup_teardown.py
[2024-02-13T12:35:01.994+0000] {logging_mixin.py:188} INFO - [2024-02-13T12:35:01.993+0000] {dag.py:3036} INFO - Sync 1 DAGs
[2024-02-13T12:35:02.034+0000] {logging_mixin.py:188} INFO - [2024-02-13T12:35:02.033+0000] {dag.py:3823} INFO - Setting next_dagrun for example_setup_teardown to 2024-02-12 00:00:00+00:00, run_after=2024-02-13 00:00:00+00:00
[2024-02-13T12:35:02.068+0000] {processor.py:183} INFO - Processing /home/airflow/.local/lib/python3.8/site-packages/airflow/example_dags/example_setup_teardown.py took 0.132 seconds
[2024-02-13T12:35:32.163+0000] {processor.py:161} INFO - Started process (PID=2765) to work on /home/airflow/.local/lib/python3.8/site-packages/airflow/example_dags/example_setup_teardown.py
[2024-02-13T12:35:32.164+0000] {processor.py:830} INFO - Processing file /home/airflow/.local/lib/python3.8/site-packages/airflow/example_dags/example_setup_teardown.py for tasks to queue
[2024-02-13T12:35:32.165+0000] {logging_mixin.py:188} INFO - [2024-02-13T12:35:32.165+0000] {dagbag.py:538} INFO - Filling up the DagBag from /home/airflow/.local/lib/python3.8/site-packages/airflow/example_dags/example_setup_teardown.py
[2024-02-13T12:35:32.177+0000] {processor.py:840} INFO - DAG(s) 'example_setup_teardown' retrieved from /home/airflow/.local/lib/python3.8/site-packages/airflow/example_dags/example_setup_teardown.py
[2024-02-13T12:35:32.214+0000] {logging_mixin.py:188} INFO - [2024-02-13T12:35:32.214+0000] {dag.py:3036} INFO - Sync 1 DAGs
[2024-02-13T12:35:32.248+0000] {logging_mixin.py:188} INFO - [2024-02-13T12:35:32.247+0000] {dag.py:3823} INFO - Setting next_dagrun for example_setup_teardown to 2024-02-12 00:00:00+00:00, run_after=2024-02-13 00:00:00+00:00
[2024-02-13T12:35:32.275+0000] {processor.py:183} INFO - Processing /home/airflow/.local/lib/python3.8/site-packages/airflow/example_dags/example_setup_teardown.py took 0.116 seconds
[2024-02-13T12:36:02.706+0000] {processor.py:161} INFO - Started process (PID=2821) to work on /home/airflow/.local/lib/python3.8/site-packages/airflow/example_dags/example_setup_teardown.py
[2024-02-13T12:36:02.707+0000] {processor.py:830} INFO - Processing file /home/airflow/.local/lib/python3.8/site-packages/airflow/example_dags/example_setup_teardown.py for tasks to queue
[2024-02-13T12:36:02.708+0000] {logging_mixin.py:188} INFO - [2024-02-13T12:36:02.708+0000] {dagbag.py:538} INFO - Filling up the DagBag from /home/airflow/.local/lib/python3.8/site-packages/airflow/example_dags/example_setup_teardown.py
[2024-02-13T12:36:02.718+0000] {processor.py:840} INFO - DAG(s) 'example_setup_teardown' retrieved from /home/airflow/.local/lib/python3.8/site-packages/airflow/example_dags/example_setup_teardown.py
[2024-02-13T12:36:02.759+0000] {logging_mixin.py:188} INFO - [2024-02-13T12:36:02.758+0000] {dag.py:3036} INFO - Sync 1 DAGs
[2024-02-13T12:36:02.797+0000] {logging_mixin.py:188} INFO - [2024-02-13T12:36:02.796+0000] {dag.py:3823} INFO - Setting next_dagrun for example_setup_teardown to 2024-02-12 00:00:00+00:00, run_after=2024-02-13 00:00:00+00:00
[2024-02-13T12:36:02.831+0000] {processor.py:183} INFO - Processing /home/airflow/.local/lib/python3.8/site-packages/airflow/example_dags/example_setup_teardown.py took 0.128 seconds
[2024-02-13T12:36:33.367+0000] {processor.py:161} INFO - Started process (PID=2878) to work on /home/airflow/.local/lib/python3.8/site-packages/airflow/example_dags/example_setup_teardown.py
[2024-02-13T12:36:33.368+0000] {processor.py:830} INFO - Processing file /home/airflow/.local/lib/python3.8/site-packages/airflow/example_dags/example_setup_teardown.py for tasks to queue
[2024-02-13T12:36:33.369+0000] {logging_mixin.py:188} INFO - [2024-02-13T12:36:33.369+0000] {dagbag.py:538} INFO - Filling up the DagBag from /home/airflow/.local/lib/python3.8/site-packages/airflow/example_dags/example_setup_teardown.py
[2024-02-13T12:36:33.376+0000] {processor.py:840} INFO - DAG(s) 'example_setup_teardown' retrieved from /home/airflow/.local/lib/python3.8/site-packages/airflow/example_dags/example_setup_teardown.py
[2024-02-13T12:36:33.402+0000] {logging_mixin.py:188} INFO - [2024-02-13T12:36:33.402+0000] {dag.py:3036} INFO - Sync 1 DAGs
[2024-02-13T12:36:33.429+0000] {logging_mixin.py:188} INFO - [2024-02-13T12:36:33.428+0000] {dag.py:3823} INFO - Setting next_dagrun for example_setup_teardown to 2024-02-12 00:00:00+00:00, run_after=2024-02-13 00:00:00+00:00
[2024-02-13T12:36:33.447+0000] {processor.py:183} INFO - Processing /home/airflow/.local/lib/python3.8/site-packages/airflow/example_dags/example_setup_teardown.py took 0.083 seconds
[2024-02-13T12:37:03.665+0000] {processor.py:161} INFO - Started process (PID=2934) to work on /home/airflow/.local/lib/python3.8/site-packages/airflow/example_dags/example_setup_teardown.py
[2024-02-13T12:37:03.666+0000] {processor.py:830} INFO - Processing file /home/airflow/.local/lib/python3.8/site-packages/airflow/example_dags/example_setup_teardown.py for tasks to queue
[2024-02-13T12:37:03.667+0000] {logging_mixin.py:188} INFO - [2024-02-13T12:37:03.667+0000] {dagbag.py:538} INFO - Filling up the DagBag from /home/airflow/.local/lib/python3.8/site-packages/airflow/example_dags/example_setup_teardown.py
[2024-02-13T12:37:03.677+0000] {processor.py:840} INFO - DAG(s) 'example_setup_teardown' retrieved from /home/airflow/.local/lib/python3.8/site-packages/airflow/example_dags/example_setup_teardown.py
[2024-02-13T12:37:03.697+0000] {logging_mixin.py:188} INFO - [2024-02-13T12:37:03.697+0000] {dag.py:3036} INFO - Sync 1 DAGs
[2024-02-13T12:37:03.721+0000] {logging_mixin.py:188} INFO - [2024-02-13T12:37:03.721+0000] {dag.py:3823} INFO - Setting next_dagrun for example_setup_teardown to 2024-02-12 00:00:00+00:00, run_after=2024-02-13 00:00:00+00:00
[2024-02-13T12:37:03.740+0000] {processor.py:183} INFO - Processing /home/airflow/.local/lib/python3.8/site-packages/airflow/example_dags/example_setup_teardown.py took 0.078 seconds
[2024-02-13T12:37:34.011+0000] {processor.py:161} INFO - Started process (PID=2990) to work on /home/airflow/.local/lib/python3.8/site-packages/airflow/example_dags/example_setup_teardown.py
[2024-02-13T12:37:34.012+0000] {processor.py:830} INFO - Processing file /home/airflow/.local/lib/python3.8/site-packages/airflow/example_dags/example_setup_teardown.py for tasks to queue
[2024-02-13T12:37:34.013+0000] {logging_mixin.py:188} INFO - [2024-02-13T12:37:34.012+0000] {dagbag.py:538} INFO - Filling up the DagBag from /home/airflow/.local/lib/python3.8/site-packages/airflow/example_dags/example_setup_teardown.py
[2024-02-13T12:37:34.020+0000] {processor.py:840} INFO - DAG(s) 'example_setup_teardown' retrieved from /home/airflow/.local/lib/python3.8/site-packages/airflow/example_dags/example_setup_teardown.py
[2024-02-13T12:37:34.041+0000] {logging_mixin.py:188} INFO - [2024-02-13T12:37:34.041+0000] {dag.py:3036} INFO - Sync 1 DAGs
[2024-02-13T12:37:34.065+0000] {logging_mixin.py:188} INFO - [2024-02-13T12:37:34.065+0000] {dag.py:3823} INFO - Setting next_dagrun for example_setup_teardown to 2024-02-12 00:00:00+00:00, run_after=2024-02-13 00:00:00+00:00
[2024-02-13T12:37:34.086+0000] {processor.py:183} INFO - Processing /home/airflow/.local/lib/python3.8/site-packages/airflow/example_dags/example_setup_teardown.py took 0.078 seconds
[2024-02-13T12:38:04.168+0000] {processor.py:161} INFO - Started process (PID=3046) to work on /home/airflow/.local/lib/python3.8/site-packages/airflow/example_dags/example_setup_teardown.py
[2024-02-13T12:38:04.171+0000] {processor.py:830} INFO - Processing file /home/airflow/.local/lib/python3.8/site-packages/airflow/example_dags/example_setup_teardown.py for tasks to queue
[2024-02-13T12:38:04.173+0000] {logging_mixin.py:188} INFO - [2024-02-13T12:38:04.172+0000] {dagbag.py:538} INFO - Filling up the DagBag from /home/airflow/.local/lib/python3.8/site-packages/airflow/example_dags/example_setup_teardown.py
[2024-02-13T12:38:04.195+0000] {processor.py:840} INFO - DAG(s) 'example_setup_teardown' retrieved from /home/airflow/.local/lib/python3.8/site-packages/airflow/example_dags/example_setup_teardown.py
[2024-02-13T12:38:04.235+0000] {logging_mixin.py:188} INFO - [2024-02-13T12:38:04.235+0000] {dag.py:3036} INFO - Sync 1 DAGs
[2024-02-13T12:38:04.285+0000] {logging_mixin.py:188} INFO - [2024-02-13T12:38:04.285+0000] {dag.py:3823} INFO - Setting next_dagrun for example_setup_teardown to 2024-02-12 00:00:00+00:00, run_after=2024-02-13 00:00:00+00:00
[2024-02-13T12:38:04.343+0000] {processor.py:183} INFO - Processing /home/airflow/.local/lib/python3.8/site-packages/airflow/example_dags/example_setup_teardown.py took 0.185 seconds
[2024-02-13T12:38:34.929+0000] {processor.py:161} INFO - Started process (PID=3102) to work on /home/airflow/.local/lib/python3.8/site-packages/airflow/example_dags/example_setup_teardown.py
[2024-02-13T12:38:34.930+0000] {processor.py:830} INFO - Processing file /home/airflow/.local/lib/python3.8/site-packages/airflow/example_dags/example_setup_teardown.py for tasks to queue
[2024-02-13T12:38:34.932+0000] {logging_mixin.py:188} INFO - [2024-02-13T12:38:34.931+0000] {dagbag.py:538} INFO - Filling up the DagBag from /home/airflow/.local/lib/python3.8/site-packages/airflow/example_dags/example_setup_teardown.py
[2024-02-13T12:38:34.942+0000] {processor.py:840} INFO - DAG(s) 'example_setup_teardown' retrieved from /home/airflow/.local/lib/python3.8/site-packages/airflow/example_dags/example_setup_teardown.py
[2024-02-13T12:38:34.962+0000] {logging_mixin.py:188} INFO - [2024-02-13T12:38:34.962+0000] {dag.py:3036} INFO - Sync 1 DAGs
[2024-02-13T12:38:34.983+0000] {logging_mixin.py:188} INFO - [2024-02-13T12:38:34.983+0000] {dag.py:3823} INFO - Setting next_dagrun for example_setup_teardown to 2024-02-12 00:00:00+00:00, run_after=2024-02-13 00:00:00+00:00
[2024-02-13T12:38:35.002+0000] {processor.py:183} INFO - Processing /home/airflow/.local/lib/python3.8/site-packages/airflow/example_dags/example_setup_teardown.py took 0.078 seconds
[2024-02-13T12:39:05.051+0000] {processor.py:161} INFO - Started process (PID=3158) to work on /home/airflow/.local/lib/python3.8/site-packages/airflow/example_dags/example_setup_teardown.py
[2024-02-13T12:39:05.052+0000] {processor.py:830} INFO - Processing file /home/airflow/.local/lib/python3.8/site-packages/airflow/example_dags/example_setup_teardown.py for tasks to queue
[2024-02-13T12:39:05.053+0000] {logging_mixin.py:188} INFO - [2024-02-13T12:39:05.053+0000] {dagbag.py:538} INFO - Filling up the DagBag from /home/airflow/.local/lib/python3.8/site-packages/airflow/example_dags/example_setup_teardown.py
[2024-02-13T12:39:05.061+0000] {processor.py:840} INFO - DAG(s) 'example_setup_teardown' retrieved from /home/airflow/.local/lib/python3.8/site-packages/airflow/example_dags/example_setup_teardown.py
[2024-02-13T12:39:05.088+0000] {logging_mixin.py:188} INFO - [2024-02-13T12:39:05.087+0000] {dag.py:3036} INFO - Sync 1 DAGs
[2024-02-13T12:39:05.117+0000] {logging_mixin.py:188} INFO - [2024-02-13T12:39:05.117+0000] {dag.py:3823} INFO - Setting next_dagrun for example_setup_teardown to 2024-02-12 00:00:00+00:00, run_after=2024-02-13 00:00:00+00:00
[2024-02-13T12:39:05.138+0000] {processor.py:183} INFO - Processing /home/airflow/.local/lib/python3.8/site-packages/airflow/example_dags/example_setup_teardown.py took 0.090 seconds
[2024-02-13T12:39:35.233+0000] {processor.py:161} INFO - Started process (PID=3215) to work on /home/airflow/.local/lib/python3.8/site-packages/airflow/example_dags/example_setup_teardown.py
[2024-02-13T12:39:35.237+0000] {processor.py:830} INFO - Processing file /home/airflow/.local/lib/python3.8/site-packages/airflow/example_dags/example_setup_teardown.py for tasks to queue
[2024-02-13T12:39:35.239+0000] {logging_mixin.py:188} INFO - [2024-02-13T12:39:35.238+0000] {dagbag.py:538} INFO - Filling up the DagBag from /home/airflow/.local/lib/python3.8/site-packages/airflow/example_dags/example_setup_teardown.py
[2024-02-13T12:39:35.256+0000] {processor.py:840} INFO - DAG(s) 'example_setup_teardown' retrieved from /home/airflow/.local/lib/python3.8/site-packages/airflow/example_dags/example_setup_teardown.py
[2024-02-13T12:39:35.291+0000] {logging_mixin.py:188} INFO - [2024-02-13T12:39:35.291+0000] {dag.py:3036} INFO - Sync 1 DAGs
[2024-02-13T12:39:35.320+0000] {logging_mixin.py:188} INFO - [2024-02-13T12:39:35.320+0000] {dag.py:3823} INFO - Setting next_dagrun for example_setup_teardown to 2024-02-12 00:00:00+00:00, run_after=2024-02-13 00:00:00+00:00
[2024-02-13T12:39:35.340+0000] {processor.py:183} INFO - Processing /home/airflow/.local/lib/python3.8/site-packages/airflow/example_dags/example_setup_teardown.py took 0.116 seconds
[2024-02-13T12:40:05.425+0000] {processor.py:161} INFO - Started process (PID=3271) to work on /home/airflow/.local/lib/python3.8/site-packages/airflow/example_dags/example_setup_teardown.py
[2024-02-13T12:40:05.426+0000] {processor.py:830} INFO - Processing file /home/airflow/.local/lib/python3.8/site-packages/airflow/example_dags/example_setup_teardown.py for tasks to queue
[2024-02-13T12:40:05.427+0000] {logging_mixin.py:188} INFO - [2024-02-13T12:40:05.427+0000] {dagbag.py:538} INFO - Filling up the DagBag from /home/airflow/.local/lib/python3.8/site-packages/airflow/example_dags/example_setup_teardown.py
[2024-02-13T12:40:05.438+0000] {processor.py:840} INFO - DAG(s) 'example_setup_teardown' retrieved from /home/airflow/.local/lib/python3.8/site-packages/airflow/example_dags/example_setup_teardown.py
[2024-02-13T12:40:05.468+0000] {logging_mixin.py:188} INFO - [2024-02-13T12:40:05.468+0000] {dag.py:3036} INFO - Sync 1 DAGs
[2024-02-13T12:40:05.492+0000] {logging_mixin.py:188} INFO - [2024-02-13T12:40:05.491+0000] {dag.py:3823} INFO - Setting next_dagrun for example_setup_teardown to 2024-02-12 00:00:00+00:00, run_after=2024-02-13 00:00:00+00:00
[2024-02-13T12:40:05.509+0000] {processor.py:183} INFO - Processing /home/airflow/.local/lib/python3.8/site-packages/airflow/example_dags/example_setup_teardown.py took 0.089 seconds
[2024-02-13T12:40:35.817+0000] {processor.py:161} INFO - Started process (PID=3327) to work on /home/airflow/.local/lib/python3.8/site-packages/airflow/example_dags/example_setup_teardown.py
[2024-02-13T12:40:35.817+0000] {processor.py:830} INFO - Processing file /home/airflow/.local/lib/python3.8/site-packages/airflow/example_dags/example_setup_teardown.py for tasks to queue
[2024-02-13T12:40:35.818+0000] {logging_mixin.py:188} INFO - [2024-02-13T12:40:35.818+0000] {dagbag.py:538} INFO - Filling up the DagBag from /home/airflow/.local/lib/python3.8/site-packages/airflow/example_dags/example_setup_teardown.py
[2024-02-13T12:40:35.825+0000] {processor.py:840} INFO - DAG(s) 'example_setup_teardown' retrieved from /home/airflow/.local/lib/python3.8/site-packages/airflow/example_dags/example_setup_teardown.py
[2024-02-13T12:40:35.847+0000] {logging_mixin.py:188} INFO - [2024-02-13T12:40:35.847+0000] {dag.py:3036} INFO - Sync 1 DAGs
[2024-02-13T12:40:35.884+0000] {logging_mixin.py:188} INFO - [2024-02-13T12:40:35.884+0000] {dag.py:3823} INFO - Setting next_dagrun for example_setup_teardown to 2024-02-12 00:00:00+00:00, run_after=2024-02-13 00:00:00+00:00
[2024-02-13T12:40:35.913+0000] {processor.py:183} INFO - Processing /home/airflow/.local/lib/python3.8/site-packages/airflow/example_dags/example_setup_teardown.py took 0.099 seconds
[2024-02-13T12:41:06.324+0000] {processor.py:161} INFO - Started process (PID=3383) to work on /home/airflow/.local/lib/python3.8/site-packages/airflow/example_dags/example_setup_teardown.py
[2024-02-13T12:41:06.325+0000] {processor.py:830} INFO - Processing file /home/airflow/.local/lib/python3.8/site-packages/airflow/example_dags/example_setup_teardown.py for tasks to queue
[2024-02-13T12:41:06.326+0000] {logging_mixin.py:188} INFO - [2024-02-13T12:41:06.326+0000] {dagbag.py:538} INFO - Filling up the DagBag from /home/airflow/.local/lib/python3.8/site-packages/airflow/example_dags/example_setup_teardown.py
[2024-02-13T12:41:06.333+0000] {processor.py:840} INFO - DAG(s) 'example_setup_teardown' retrieved from /home/airflow/.local/lib/python3.8/site-packages/airflow/example_dags/example_setup_teardown.py
[2024-02-13T12:41:06.355+0000] {logging_mixin.py:188} INFO - [2024-02-13T12:41:06.355+0000] {dag.py:3036} INFO - Sync 1 DAGs
[2024-02-13T12:41:06.377+0000] {logging_mixin.py:188} INFO - [2024-02-13T12:41:06.377+0000] {dag.py:3823} INFO - Setting next_dagrun for example_setup_teardown to 2024-02-12 00:00:00+00:00, run_after=2024-02-13 00:00:00+00:00
[2024-02-13T12:41:06.394+0000] {processor.py:183} INFO - Processing /home/airflow/.local/lib/python3.8/site-packages/airflow/example_dags/example_setup_teardown.py took 0.073 seconds
[2024-02-13T12:41:36.839+0000] {processor.py:161} INFO - Started process (PID=3446) to work on /home/airflow/.local/lib/python3.8/site-packages/airflow/example_dags/example_setup_teardown.py
[2024-02-13T12:41:36.840+0000] {processor.py:830} INFO - Processing file /home/airflow/.local/lib/python3.8/site-packages/airflow/example_dags/example_setup_teardown.py for tasks to queue
[2024-02-13T12:41:36.842+0000] {logging_mixin.py:188} INFO - [2024-02-13T12:41:36.841+0000] {dagbag.py:538} INFO - Filling up the DagBag from /home/airflow/.local/lib/python3.8/site-packages/airflow/example_dags/example_setup_teardown.py
[2024-02-13T12:41:36.858+0000] {processor.py:840} INFO - DAG(s) 'example_setup_teardown' retrieved from /home/airflow/.local/lib/python3.8/site-packages/airflow/example_dags/example_setup_teardown.py
[2024-02-13T12:41:36.896+0000] {logging_mixin.py:188} INFO - [2024-02-13T12:41:36.896+0000] {dag.py:3036} INFO - Sync 1 DAGs
[2024-02-13T12:41:36.930+0000] {logging_mixin.py:188} INFO - [2024-02-13T12:41:36.930+0000] {dag.py:3823} INFO - Setting next_dagrun for example_setup_teardown to 2024-02-12 00:00:00+00:00, run_after=2024-02-13 00:00:00+00:00
[2024-02-13T12:41:36.956+0000] {processor.py:183} INFO - Processing /home/airflow/.local/lib/python3.8/site-packages/airflow/example_dags/example_setup_teardown.py took 0.121 seconds
[2024-02-13T12:42:07.273+0000] {processor.py:161} INFO - Started process (PID=3502) to work on /home/airflow/.local/lib/python3.8/site-packages/airflow/example_dags/example_setup_teardown.py
[2024-02-13T12:42:07.275+0000] {processor.py:830} INFO - Processing file /home/airflow/.local/lib/python3.8/site-packages/airflow/example_dags/example_setup_teardown.py for tasks to queue
[2024-02-13T12:42:07.276+0000] {logging_mixin.py:188} INFO - [2024-02-13T12:42:07.275+0000] {dagbag.py:538} INFO - Filling up the DagBag from /home/airflow/.local/lib/python3.8/site-packages/airflow/example_dags/example_setup_teardown.py
[2024-02-13T12:42:07.287+0000] {processor.py:840} INFO - DAG(s) 'example_setup_teardown' retrieved from /home/airflow/.local/lib/python3.8/site-packages/airflow/example_dags/example_setup_teardown.py
[2024-02-13T12:42:07.321+0000] {logging_mixin.py:188} INFO - [2024-02-13T12:42:07.320+0000] {dag.py:3036} INFO - Sync 1 DAGs
[2024-02-13T12:42:07.348+0000] {logging_mixin.py:188} INFO - [2024-02-13T12:42:07.348+0000] {dag.py:3823} INFO - Setting next_dagrun for example_setup_teardown to 2024-02-12 00:00:00+00:00, run_after=2024-02-13 00:00:00+00:00
[2024-02-13T12:42:07.366+0000] {processor.py:183} INFO - Processing /home/airflow/.local/lib/python3.8/site-packages/airflow/example_dags/example_setup_teardown.py took 0.097 seconds
[2024-02-13T12:42:37.632+0000] {processor.py:161} INFO - Started process (PID=3558) to work on /home/airflow/.local/lib/python3.8/site-packages/airflow/example_dags/example_setup_teardown.py
[2024-02-13T12:42:37.633+0000] {processor.py:830} INFO - Processing file /home/airflow/.local/lib/python3.8/site-packages/airflow/example_dags/example_setup_teardown.py for tasks to queue
[2024-02-13T12:42:37.634+0000] {logging_mixin.py:188} INFO - [2024-02-13T12:42:37.634+0000] {dagbag.py:538} INFO - Filling up the DagBag from /home/airflow/.local/lib/python3.8/site-packages/airflow/example_dags/example_setup_teardown.py
[2024-02-13T12:42:37.648+0000] {processor.py:840} INFO - DAG(s) 'example_setup_teardown' retrieved from /home/airflow/.local/lib/python3.8/site-packages/airflow/example_dags/example_setup_teardown.py
[2024-02-13T12:42:37.687+0000] {logging_mixin.py:188} INFO - [2024-02-13T12:42:37.687+0000] {dag.py:3036} INFO - Sync 1 DAGs
[2024-02-13T12:42:37.738+0000] {logging_mixin.py:188} INFO - [2024-02-13T12:42:37.737+0000] {dag.py:3823} INFO - Setting next_dagrun for example_setup_teardown to 2024-02-12 00:00:00+00:00, run_after=2024-02-13 00:00:00+00:00
[2024-02-13T12:42:37.786+0000] {processor.py:183} INFO - Processing /home/airflow/.local/lib/python3.8/site-packages/airflow/example_dags/example_setup_teardown.py took 0.162 seconds
[2024-02-13T12:43:07.885+0000] {processor.py:161} INFO - Started process (PID=3614) to work on /home/airflow/.local/lib/python3.8/site-packages/airflow/example_dags/example_setup_teardown.py
[2024-02-13T12:43:07.887+0000] {processor.py:830} INFO - Processing file /home/airflow/.local/lib/python3.8/site-packages/airflow/example_dags/example_setup_teardown.py for tasks to queue
[2024-02-13T12:43:07.888+0000] {logging_mixin.py:188} INFO - [2024-02-13T12:43:07.887+0000] {dagbag.py:538} INFO - Filling up the DagBag from /home/airflow/.local/lib/python3.8/site-packages/airflow/example_dags/example_setup_teardown.py
[2024-02-13T12:43:07.900+0000] {processor.py:840} INFO - DAG(s) 'example_setup_teardown' retrieved from /home/airflow/.local/lib/python3.8/site-packages/airflow/example_dags/example_setup_teardown.py
[2024-02-13T12:43:07.933+0000] {logging_mixin.py:188} INFO - [2024-02-13T12:43:07.933+0000] {dag.py:3036} INFO - Sync 1 DAGs
[2024-02-13T12:43:07.978+0000] {logging_mixin.py:188} INFO - [2024-02-13T12:43:07.977+0000] {dag.py:3823} INFO - Setting next_dagrun for example_setup_teardown to 2024-02-12 00:00:00+00:00, run_after=2024-02-13 00:00:00+00:00
[2024-02-13T12:43:08.041+0000] {processor.py:183} INFO - Processing /home/airflow/.local/lib/python3.8/site-packages/airflow/example_dags/example_setup_teardown.py took 0.160 seconds
