[2024-02-13T12:10:51.138+0000] {processor.py:161} INFO - Started process (PID=40) to work on /home/airflow/.local/lib/python3.8/site-packages/airflow/example_dags/example_branch_labels.py
[2024-02-13T12:10:51.140+0000] {processor.py:830} INFO - Processing file /home/airflow/.local/lib/python3.8/site-packages/airflow/example_dags/example_branch_labels.py for tasks to queue
[2024-02-13T12:10:51.141+0000] {logging_mixin.py:188} INFO - [2024-02-13T12:10:51.141+0000] {dagbag.py:538} INFO - Filling up the DagBag from /home/airflow/.local/lib/python3.8/site-packages/airflow/example_dags/example_branch_labels.py
[2024-02-13T12:10:51.161+0000] {processor.py:840} INFO - DAG(s) 'example_branch_labels' retrieved from /home/airflow/.local/lib/python3.8/site-packages/airflow/example_dags/example_branch_labels.py
[2024-02-13T12:10:51.338+0000] {logging_mixin.py:188} INFO - [2024-02-13T12:10:51.337+0000] {dag.py:3036} INFO - Sync 1 DAGs
[2024-02-13T12:10:51.380+0000] {logging_mixin.py:188} INFO - [2024-02-13T12:10:51.379+0000] {dag.py:3823} INFO - Setting next_dagrun for example_branch_labels to 2024-02-12 00:00:00+00:00, run_after=2024-02-13 00:00:00+00:00
[2024-02-13T12:10:51.420+0000] {processor.py:183} INFO - Processing /home/airflow/.local/lib/python3.8/site-packages/airflow/example_dags/example_branch_labels.py took 0.287 seconds
[2024-02-13T12:11:21.842+0000] {processor.py:161} INFO - Started process (PID=96) to work on /home/airflow/.local/lib/python3.8/site-packages/airflow/example_dags/example_branch_labels.py
[2024-02-13T12:11:21.843+0000] {processor.py:830} INFO - Processing file /home/airflow/.local/lib/python3.8/site-packages/airflow/example_dags/example_branch_labels.py for tasks to queue
[2024-02-13T12:11:21.844+0000] {logging_mixin.py:188} INFO - [2024-02-13T12:11:21.843+0000] {dagbag.py:538} INFO - Filling up the DagBag from /home/airflow/.local/lib/python3.8/site-packages/airflow/example_dags/example_branch_labels.py
[2024-02-13T12:11:21.852+0000] {processor.py:840} INFO - DAG(s) 'example_branch_labels' retrieved from /home/airflow/.local/lib/python3.8/site-packages/airflow/example_dags/example_branch_labels.py
[2024-02-13T12:11:21.874+0000] {logging_mixin.py:188} INFO - [2024-02-13T12:11:21.873+0000] {dag.py:3036} INFO - Sync 1 DAGs
[2024-02-13T12:11:21.896+0000] {logging_mixin.py:188} INFO - [2024-02-13T12:11:21.895+0000] {dag.py:3823} INFO - Setting next_dagrun for example_branch_labels to 2024-02-12 00:00:00+00:00, run_after=2024-02-13 00:00:00+00:00
[2024-02-13T12:11:21.914+0000] {processor.py:183} INFO - Processing /home/airflow/.local/lib/python3.8/site-packages/airflow/example_dags/example_branch_labels.py took 0.075 seconds
[2024-02-13T12:11:52.314+0000] {processor.py:161} INFO - Started process (PID=152) to work on /home/airflow/.local/lib/python3.8/site-packages/airflow/example_dags/example_branch_labels.py
[2024-02-13T12:11:52.315+0000] {processor.py:830} INFO - Processing file /home/airflow/.local/lib/python3.8/site-packages/airflow/example_dags/example_branch_labels.py for tasks to queue
[2024-02-13T12:11:52.316+0000] {logging_mixin.py:188} INFO - [2024-02-13T12:11:52.315+0000] {dagbag.py:538} INFO - Filling up the DagBag from /home/airflow/.local/lib/python3.8/site-packages/airflow/example_dags/example_branch_labels.py
[2024-02-13T12:11:52.323+0000] {processor.py:840} INFO - DAG(s) 'example_branch_labels' retrieved from /home/airflow/.local/lib/python3.8/site-packages/airflow/example_dags/example_branch_labels.py
[2024-02-13T12:11:52.343+0000] {logging_mixin.py:188} INFO - [2024-02-13T12:11:52.342+0000] {dag.py:3036} INFO - Sync 1 DAGs
[2024-02-13T12:11:52.364+0000] {logging_mixin.py:188} INFO - [2024-02-13T12:11:52.364+0000] {dag.py:3823} INFO - Setting next_dagrun for example_branch_labels to 2024-02-12 00:00:00+00:00, run_after=2024-02-13 00:00:00+00:00
[2024-02-13T12:11:52.382+0000] {processor.py:183} INFO - Processing /home/airflow/.local/lib/python3.8/site-packages/airflow/example_dags/example_branch_labels.py took 0.070 seconds
[2024-02-13T12:12:24.112+0000] {processor.py:161} INFO - Started process (PID=209) to work on /home/airflow/.local/lib/python3.8/site-packages/airflow/example_dags/example_branch_labels.py
[2024-02-13T12:12:24.121+0000] {processor.py:830} INFO - Processing file /home/airflow/.local/lib/python3.8/site-packages/airflow/example_dags/example_branch_labels.py for tasks to queue
[2024-02-13T12:12:24.127+0000] {logging_mixin.py:188} INFO - [2024-02-13T12:12:24.122+0000] {dagbag.py:538} INFO - Filling up the DagBag from /home/airflow/.local/lib/python3.8/site-packages/airflow/example_dags/example_branch_labels.py
[2024-02-13T12:12:24.188+0000] {processor.py:840} INFO - DAG(s) 'example_branch_labels' retrieved from /home/airflow/.local/lib/python3.8/site-packages/airflow/example_dags/example_branch_labels.py
[2024-02-13T12:12:24.324+0000] {logging_mixin.py:188} INFO - [2024-02-13T12:12:24.323+0000] {dag.py:3036} INFO - Sync 1 DAGs
[2024-02-13T12:12:24.458+0000] {logging_mixin.py:188} INFO - [2024-02-13T12:12:24.458+0000] {dag.py:3823} INFO - Setting next_dagrun for example_branch_labels to 2024-02-12 00:00:00+00:00, run_after=2024-02-13 00:00:00+00:00
[2024-02-13T12:12:24.537+0000] {processor.py:183} INFO - Processing /home/airflow/.local/lib/python3.8/site-packages/airflow/example_dags/example_branch_labels.py took 0.448 seconds
[2024-02-13T12:12:55.127+0000] {processor.py:161} INFO - Started process (PID=264) to work on /home/airflow/.local/lib/python3.8/site-packages/airflow/example_dags/example_branch_labels.py
[2024-02-13T12:12:55.130+0000] {processor.py:830} INFO - Processing file /home/airflow/.local/lib/python3.8/site-packages/airflow/example_dags/example_branch_labels.py for tasks to queue
[2024-02-13T12:12:55.131+0000] {logging_mixin.py:188} INFO - [2024-02-13T12:12:55.130+0000] {dagbag.py:538} INFO - Filling up the DagBag from /home/airflow/.local/lib/python3.8/site-packages/airflow/example_dags/example_branch_labels.py
[2024-02-13T12:12:55.139+0000] {processor.py:840} INFO - DAG(s) 'example_branch_labels' retrieved from /home/airflow/.local/lib/python3.8/site-packages/airflow/example_dags/example_branch_labels.py
[2024-02-13T12:12:55.157+0000] {logging_mixin.py:188} INFO - [2024-02-13T12:12:55.157+0000] {dag.py:3036} INFO - Sync 1 DAGs
[2024-02-13T12:12:55.182+0000] {logging_mixin.py:188} INFO - [2024-02-13T12:12:55.181+0000] {dag.py:3823} INFO - Setting next_dagrun for example_branch_labels to 2024-02-12 00:00:00+00:00, run_after=2024-02-13 00:00:00+00:00
[2024-02-13T12:12:55.201+0000] {processor.py:183} INFO - Processing /home/airflow/.local/lib/python3.8/site-packages/airflow/example_dags/example_branch_labels.py took 0.076 seconds
[2024-02-13T12:13:25.321+0000] {processor.py:161} INFO - Started process (PID=319) to work on /home/airflow/.local/lib/python3.8/site-packages/airflow/example_dags/example_branch_labels.py
[2024-02-13T12:13:25.325+0000] {processor.py:830} INFO - Processing file /home/airflow/.local/lib/python3.8/site-packages/airflow/example_dags/example_branch_labels.py for tasks to queue
[2024-02-13T12:13:25.327+0000] {logging_mixin.py:188} INFO - [2024-02-13T12:13:25.326+0000] {dagbag.py:538} INFO - Filling up the DagBag from /home/airflow/.local/lib/python3.8/site-packages/airflow/example_dags/example_branch_labels.py
[2024-02-13T12:13:25.354+0000] {processor.py:840} INFO - DAG(s) 'example_branch_labels' retrieved from /home/airflow/.local/lib/python3.8/site-packages/airflow/example_dags/example_branch_labels.py
[2024-02-13T12:13:25.488+0000] {logging_mixin.py:188} INFO - [2024-02-13T12:13:25.487+0000] {dag.py:3036} INFO - Sync 1 DAGs
[2024-02-13T12:13:25.600+0000] {logging_mixin.py:188} INFO - [2024-02-13T12:13:25.599+0000] {dag.py:3823} INFO - Setting next_dagrun for example_branch_labels to 2024-02-12 00:00:00+00:00, run_after=2024-02-13 00:00:00+00:00
[2024-02-13T12:13:25.684+0000] {processor.py:183} INFO - Processing /home/airflow/.local/lib/python3.8/site-packages/airflow/example_dags/example_branch_labels.py took 0.371 seconds
[2024-02-13T12:13:56.538+0000] {processor.py:161} INFO - Started process (PID=374) to work on /home/airflow/.local/lib/python3.8/site-packages/airflow/example_dags/example_branch_labels.py
[2024-02-13T12:13:56.544+0000] {processor.py:830} INFO - Processing file /home/airflow/.local/lib/python3.8/site-packages/airflow/example_dags/example_branch_labels.py for tasks to queue
[2024-02-13T12:13:56.550+0000] {logging_mixin.py:188} INFO - [2024-02-13T12:13:56.549+0000] {dagbag.py:538} INFO - Filling up the DagBag from /home/airflow/.local/lib/python3.8/site-packages/airflow/example_dags/example_branch_labels.py
[2024-02-13T12:13:56.578+0000] {processor.py:840} INFO - DAG(s) 'example_branch_labels' retrieved from /home/airflow/.local/lib/python3.8/site-packages/airflow/example_dags/example_branch_labels.py
[2024-02-13T12:13:56.656+0000] {logging_mixin.py:188} INFO - [2024-02-13T12:13:56.655+0000] {dag.py:3036} INFO - Sync 1 DAGs
[2024-02-13T12:13:56.755+0000] {logging_mixin.py:188} INFO - [2024-02-13T12:13:56.754+0000] {dag.py:3823} INFO - Setting next_dagrun for example_branch_labels to 2024-02-12 00:00:00+00:00, run_after=2024-02-13 00:00:00+00:00
[2024-02-13T12:13:56.854+0000] {processor.py:183} INFO - Processing /home/airflow/.local/lib/python3.8/site-packages/airflow/example_dags/example_branch_labels.py took 0.336 seconds
[2024-02-13T12:14:26.974+0000] {processor.py:161} INFO - Started process (PID=430) to work on /home/airflow/.local/lib/python3.8/site-packages/airflow/example_dags/example_branch_labels.py
[2024-02-13T12:14:26.975+0000] {processor.py:830} INFO - Processing file /home/airflow/.local/lib/python3.8/site-packages/airflow/example_dags/example_branch_labels.py for tasks to queue
[2024-02-13T12:14:26.976+0000] {logging_mixin.py:188} INFO - [2024-02-13T12:14:26.976+0000] {dagbag.py:538} INFO - Filling up the DagBag from /home/airflow/.local/lib/python3.8/site-packages/airflow/example_dags/example_branch_labels.py
[2024-02-13T12:14:26.987+0000] {processor.py:840} INFO - DAG(s) 'example_branch_labels' retrieved from /home/airflow/.local/lib/python3.8/site-packages/airflow/example_dags/example_branch_labels.py
[2024-02-13T12:14:27.021+0000] {logging_mixin.py:188} INFO - [2024-02-13T12:14:27.021+0000] {dag.py:3036} INFO - Sync 1 DAGs
[2024-02-13T12:14:27.058+0000] {logging_mixin.py:188} INFO - [2024-02-13T12:14:27.058+0000] {dag.py:3823} INFO - Setting next_dagrun for example_branch_labels to 2024-02-12 00:00:00+00:00, run_after=2024-02-13 00:00:00+00:00
[2024-02-13T12:14:27.083+0000] {processor.py:183} INFO - Processing /home/airflow/.local/lib/python3.8/site-packages/airflow/example_dags/example_branch_labels.py took 0.112 seconds
[2024-02-13T12:14:57.265+0000] {processor.py:161} INFO - Started process (PID=485) to work on /home/airflow/.local/lib/python3.8/site-packages/airflow/example_dags/example_branch_labels.py
[2024-02-13T12:14:57.265+0000] {processor.py:830} INFO - Processing file /home/airflow/.local/lib/python3.8/site-packages/airflow/example_dags/example_branch_labels.py for tasks to queue
[2024-02-13T12:14:57.266+0000] {logging_mixin.py:188} INFO - [2024-02-13T12:14:57.266+0000] {dagbag.py:538} INFO - Filling up the DagBag from /home/airflow/.local/lib/python3.8/site-packages/airflow/example_dags/example_branch_labels.py
[2024-02-13T12:14:57.275+0000] {processor.py:840} INFO - DAG(s) 'example_branch_labels' retrieved from /home/airflow/.local/lib/python3.8/site-packages/airflow/example_dags/example_branch_labels.py
[2024-02-13T12:14:57.299+0000] {logging_mixin.py:188} INFO - [2024-02-13T12:14:57.299+0000] {dag.py:3036} INFO - Sync 1 DAGs
[2024-02-13T12:14:57.323+0000] {logging_mixin.py:188} INFO - [2024-02-13T12:14:57.322+0000] {dag.py:3823} INFO - Setting next_dagrun for example_branch_labels to 2024-02-12 00:00:00+00:00, run_after=2024-02-13 00:00:00+00:00
[2024-02-13T12:14:57.342+0000] {processor.py:183} INFO - Processing /home/airflow/.local/lib/python3.8/site-packages/airflow/example_dags/example_branch_labels.py took 0.080 seconds
[2024-02-13T12:15:28.172+0000] {processor.py:161} INFO - Started process (PID=541) to work on /home/airflow/.local/lib/python3.8/site-packages/airflow/example_dags/example_branch_labels.py
[2024-02-13T12:15:28.173+0000] {processor.py:830} INFO - Processing file /home/airflow/.local/lib/python3.8/site-packages/airflow/example_dags/example_branch_labels.py for tasks to queue
[2024-02-13T12:15:28.174+0000] {logging_mixin.py:188} INFO - [2024-02-13T12:15:28.173+0000] {dagbag.py:538} INFO - Filling up the DagBag from /home/airflow/.local/lib/python3.8/site-packages/airflow/example_dags/example_branch_labels.py
[2024-02-13T12:15:28.181+0000] {processor.py:840} INFO - DAG(s) 'example_branch_labels' retrieved from /home/airflow/.local/lib/python3.8/site-packages/airflow/example_dags/example_branch_labels.py
[2024-02-13T12:15:28.201+0000] {logging_mixin.py:188} INFO - [2024-02-13T12:15:28.201+0000] {dag.py:3036} INFO - Sync 1 DAGs
[2024-02-13T12:15:28.224+0000] {logging_mixin.py:188} INFO - [2024-02-13T12:15:28.224+0000] {dag.py:3823} INFO - Setting next_dagrun for example_branch_labels to 2024-02-12 00:00:00+00:00, run_after=2024-02-13 00:00:00+00:00
[2024-02-13T12:15:28.242+0000] {processor.py:183} INFO - Processing /home/airflow/.local/lib/python3.8/site-packages/airflow/example_dags/example_branch_labels.py took 0.073 seconds
[2024-02-13T12:15:58.922+0000] {processor.py:161} INFO - Started process (PID=597) to work on /home/airflow/.local/lib/python3.8/site-packages/airflow/example_dags/example_branch_labels.py
[2024-02-13T12:15:58.923+0000] {processor.py:830} INFO - Processing file /home/airflow/.local/lib/python3.8/site-packages/airflow/example_dags/example_branch_labels.py for tasks to queue
[2024-02-13T12:15:58.924+0000] {logging_mixin.py:188} INFO - [2024-02-13T12:15:58.924+0000] {dagbag.py:538} INFO - Filling up the DagBag from /home/airflow/.local/lib/python3.8/site-packages/airflow/example_dags/example_branch_labels.py
[2024-02-13T12:15:58.931+0000] {processor.py:840} INFO - DAG(s) 'example_branch_labels' retrieved from /home/airflow/.local/lib/python3.8/site-packages/airflow/example_dags/example_branch_labels.py
[2024-02-13T12:15:58.952+0000] {logging_mixin.py:188} INFO - [2024-02-13T12:15:58.952+0000] {dag.py:3036} INFO - Sync 1 DAGs
[2024-02-13T12:15:58.976+0000] {logging_mixin.py:188} INFO - [2024-02-13T12:15:58.975+0000] {dag.py:3823} INFO - Setting next_dagrun for example_branch_labels to 2024-02-12 00:00:00+00:00, run_after=2024-02-13 00:00:00+00:00
[2024-02-13T12:15:58.992+0000] {processor.py:183} INFO - Processing /home/airflow/.local/lib/python3.8/site-packages/airflow/example_dags/example_branch_labels.py took 0.072 seconds
[2024-02-13T12:16:29.496+0000] {processor.py:161} INFO - Started process (PID=652) to work on /home/airflow/.local/lib/python3.8/site-packages/airflow/example_dags/example_branch_labels.py
[2024-02-13T12:16:29.497+0000] {processor.py:830} INFO - Processing file /home/airflow/.local/lib/python3.8/site-packages/airflow/example_dags/example_branch_labels.py for tasks to queue
[2024-02-13T12:16:29.498+0000] {logging_mixin.py:188} INFO - [2024-02-13T12:16:29.498+0000] {dagbag.py:538} INFO - Filling up the DagBag from /home/airflow/.local/lib/python3.8/site-packages/airflow/example_dags/example_branch_labels.py
[2024-02-13T12:16:29.505+0000] {processor.py:840} INFO - DAG(s) 'example_branch_labels' retrieved from /home/airflow/.local/lib/python3.8/site-packages/airflow/example_dags/example_branch_labels.py
[2024-02-13T12:16:29.525+0000] {logging_mixin.py:188} INFO - [2024-02-13T12:16:29.525+0000] {dag.py:3036} INFO - Sync 1 DAGs
[2024-02-13T12:16:29.549+0000] {logging_mixin.py:188} INFO - [2024-02-13T12:16:29.549+0000] {dag.py:3823} INFO - Setting next_dagrun for example_branch_labels to 2024-02-12 00:00:00+00:00, run_after=2024-02-13 00:00:00+00:00
[2024-02-13T12:16:29.566+0000] {processor.py:183} INFO - Processing /home/airflow/.local/lib/python3.8/site-packages/airflow/example_dags/example_branch_labels.py took 0.072 seconds
[2024-02-13T12:17:00.629+0000] {processor.py:161} INFO - Started process (PID=709) to work on /home/airflow/.local/lib/python3.8/site-packages/airflow/example_dags/example_branch_labels.py
[2024-02-13T12:17:00.631+0000] {processor.py:830} INFO - Processing file /home/airflow/.local/lib/python3.8/site-packages/airflow/example_dags/example_branch_labels.py for tasks to queue
[2024-02-13T12:17:00.634+0000] {logging_mixin.py:188} INFO - [2024-02-13T12:17:00.632+0000] {dagbag.py:538} INFO - Filling up the DagBag from /home/airflow/.local/lib/python3.8/site-packages/airflow/example_dags/example_branch_labels.py
[2024-02-13T12:17:00.662+0000] {processor.py:840} INFO - DAG(s) 'example_branch_labels' retrieved from /home/airflow/.local/lib/python3.8/site-packages/airflow/example_dags/example_branch_labels.py
[2024-02-13T12:17:00.727+0000] {logging_mixin.py:188} INFO - [2024-02-13T12:17:00.726+0000] {dag.py:3036} INFO - Sync 1 DAGs
[2024-02-13T12:17:00.794+0000] {logging_mixin.py:188} INFO - [2024-02-13T12:17:00.794+0000] {dag.py:3823} INFO - Setting next_dagrun for example_branch_labels to 2024-02-12 00:00:00+00:00, run_after=2024-02-13 00:00:00+00:00
[2024-02-13T12:17:00.845+0000] {processor.py:183} INFO - Processing /home/airflow/.local/lib/python3.8/site-packages/airflow/example_dags/example_branch_labels.py took 0.224 seconds
[2024-02-13T12:17:31.546+0000] {processor.py:161} INFO - Started process (PID=779) to work on /home/airflow/.local/lib/python3.8/site-packages/airflow/example_dags/example_branch_labels.py
[2024-02-13T12:17:31.550+0000] {processor.py:830} INFO - Processing file /home/airflow/.local/lib/python3.8/site-packages/airflow/example_dags/example_branch_labels.py for tasks to queue
[2024-02-13T12:17:31.581+0000] {logging_mixin.py:188} INFO - [2024-02-13T12:17:31.580+0000] {dagbag.py:538} INFO - Filling up the DagBag from /home/airflow/.local/lib/python3.8/site-packages/airflow/example_dags/example_branch_labels.py
[2024-02-13T12:17:31.626+0000] {processor.py:840} INFO - DAG(s) 'example_branch_labels' retrieved from /home/airflow/.local/lib/python3.8/site-packages/airflow/example_dags/example_branch_labels.py
[2024-02-13T12:17:31.790+0000] {logging_mixin.py:188} INFO - [2024-02-13T12:17:31.789+0000] {dag.py:3036} INFO - Sync 1 DAGs
[2024-02-13T12:17:31.922+0000] {logging_mixin.py:188} INFO - [2024-02-13T12:17:31.920+0000] {dag.py:3823} INFO - Setting next_dagrun for example_branch_labels to 2024-02-12 00:00:00+00:00, run_after=2024-02-13 00:00:00+00:00
[2024-02-13T12:17:32.001+0000] {processor.py:183} INFO - Processing /home/airflow/.local/lib/python3.8/site-packages/airflow/example_dags/example_branch_labels.py took 0.471 seconds
[2024-02-13T12:18:02.714+0000] {processor.py:161} INFO - Started process (PID=835) to work on /home/airflow/.local/lib/python3.8/site-packages/airflow/example_dags/example_branch_labels.py
[2024-02-13T12:18:02.739+0000] {processor.py:830} INFO - Processing file /home/airflow/.local/lib/python3.8/site-packages/airflow/example_dags/example_branch_labels.py for tasks to queue
[2024-02-13T12:18:02.750+0000] {logging_mixin.py:188} INFO - [2024-02-13T12:18:02.741+0000] {dagbag.py:538} INFO - Filling up the DagBag from /home/airflow/.local/lib/python3.8/site-packages/airflow/example_dags/example_branch_labels.py
[2024-02-13T12:18:02.797+0000] {processor.py:840} INFO - DAG(s) 'example_branch_labels' retrieved from /home/airflow/.local/lib/python3.8/site-packages/airflow/example_dags/example_branch_labels.py
[2024-02-13T12:18:02.929+0000] {logging_mixin.py:188} INFO - [2024-02-13T12:18:02.928+0000] {dag.py:3036} INFO - Sync 1 DAGs
[2024-02-13T12:18:03.035+0000] {logging_mixin.py:188} INFO - [2024-02-13T12:18:03.030+0000] {dag.py:3823} INFO - Setting next_dagrun for example_branch_labels to 2024-02-12 00:00:00+00:00, run_after=2024-02-13 00:00:00+00:00
[2024-02-13T12:18:03.121+0000] {processor.py:183} INFO - Processing /home/airflow/.local/lib/python3.8/site-packages/airflow/example_dags/example_branch_labels.py took 0.426 seconds
[2024-02-13T12:18:33.437+0000] {processor.py:161} INFO - Started process (PID=891) to work on /home/airflow/.local/lib/python3.8/site-packages/airflow/example_dags/example_branch_labels.py
[2024-02-13T12:18:33.439+0000] {processor.py:830} INFO - Processing file /home/airflow/.local/lib/python3.8/site-packages/airflow/example_dags/example_branch_labels.py for tasks to queue
[2024-02-13T12:18:33.440+0000] {logging_mixin.py:188} INFO - [2024-02-13T12:18:33.440+0000] {dagbag.py:538} INFO - Filling up the DagBag from /home/airflow/.local/lib/python3.8/site-packages/airflow/example_dags/example_branch_labels.py
[2024-02-13T12:18:33.458+0000] {processor.py:840} INFO - DAG(s) 'example_branch_labels' retrieved from /home/airflow/.local/lib/python3.8/site-packages/airflow/example_dags/example_branch_labels.py
[2024-02-13T12:18:33.498+0000] {logging_mixin.py:188} INFO - [2024-02-13T12:18:33.498+0000] {dag.py:3036} INFO - Sync 1 DAGs
[2024-02-13T12:18:33.540+0000] {logging_mixin.py:188} INFO - [2024-02-13T12:18:33.540+0000] {dag.py:3823} INFO - Setting next_dagrun for example_branch_labels to 2024-02-12 00:00:00+00:00, run_after=2024-02-13 00:00:00+00:00
[2024-02-13T12:18:33.580+0000] {processor.py:183} INFO - Processing /home/airflow/.local/lib/python3.8/site-packages/airflow/example_dags/example_branch_labels.py took 0.152 seconds
[2024-02-13T12:19:04.424+0000] {processor.py:161} INFO - Started process (PID=948) to work on /home/airflow/.local/lib/python3.8/site-packages/airflow/example_dags/example_branch_labels.py
[2024-02-13T12:19:04.433+0000] {processor.py:830} INFO - Processing file /home/airflow/.local/lib/python3.8/site-packages/airflow/example_dags/example_branch_labels.py for tasks to queue
[2024-02-13T12:19:04.436+0000] {logging_mixin.py:188} INFO - [2024-02-13T12:19:04.435+0000] {dagbag.py:538} INFO - Filling up the DagBag from /home/airflow/.local/lib/python3.8/site-packages/airflow/example_dags/example_branch_labels.py
[2024-02-13T12:19:04.498+0000] {processor.py:840} INFO - DAG(s) 'example_branch_labels' retrieved from /home/airflow/.local/lib/python3.8/site-packages/airflow/example_dags/example_branch_labels.py
[2024-02-13T12:19:04.596+0000] {logging_mixin.py:188} INFO - [2024-02-13T12:19:04.596+0000] {dag.py:3036} INFO - Sync 1 DAGs
[2024-02-13T12:19:04.736+0000] {logging_mixin.py:188} INFO - [2024-02-13T12:19:04.735+0000] {dag.py:3823} INFO - Setting next_dagrun for example_branch_labels to 2024-02-12 00:00:00+00:00, run_after=2024-02-13 00:00:00+00:00
[2024-02-13T12:19:04.827+0000] {processor.py:183} INFO - Processing /home/airflow/.local/lib/python3.8/site-packages/airflow/example_dags/example_branch_labels.py took 0.426 seconds
[2024-02-13T12:19:35.182+0000] {processor.py:161} INFO - Started process (PID=1004) to work on /home/airflow/.local/lib/python3.8/site-packages/airflow/example_dags/example_branch_labels.py
[2024-02-13T12:19:35.185+0000] {processor.py:830} INFO - Processing file /home/airflow/.local/lib/python3.8/site-packages/airflow/example_dags/example_branch_labels.py for tasks to queue
[2024-02-13T12:19:35.187+0000] {logging_mixin.py:188} INFO - [2024-02-13T12:19:35.186+0000] {dagbag.py:538} INFO - Filling up the DagBag from /home/airflow/.local/lib/python3.8/site-packages/airflow/example_dags/example_branch_labels.py
[2024-02-13T12:19:35.209+0000] {processor.py:840} INFO - DAG(s) 'example_branch_labels' retrieved from /home/airflow/.local/lib/python3.8/site-packages/airflow/example_dags/example_branch_labels.py
[2024-02-13T12:19:35.275+0000] {logging_mixin.py:188} INFO - [2024-02-13T12:19:35.274+0000] {dag.py:3036} INFO - Sync 1 DAGs
[2024-02-13T12:19:35.350+0000] {logging_mixin.py:188} INFO - [2024-02-13T12:19:35.349+0000] {dag.py:3823} INFO - Setting next_dagrun for example_branch_labels to 2024-02-12 00:00:00+00:00, run_after=2024-02-13 00:00:00+00:00
[2024-02-13T12:19:35.416+0000] {processor.py:183} INFO - Processing /home/airflow/.local/lib/python3.8/site-packages/airflow/example_dags/example_branch_labels.py took 0.241 seconds
[2024-02-13T12:20:05.611+0000] {processor.py:161} INFO - Started process (PID=1060) to work on /home/airflow/.local/lib/python3.8/site-packages/airflow/example_dags/example_branch_labels.py
[2024-02-13T12:20:05.613+0000] {processor.py:830} INFO - Processing file /home/airflow/.local/lib/python3.8/site-packages/airflow/example_dags/example_branch_labels.py for tasks to queue
[2024-02-13T12:20:05.615+0000] {logging_mixin.py:188} INFO - [2024-02-13T12:20:05.614+0000] {dagbag.py:538} INFO - Filling up the DagBag from /home/airflow/.local/lib/python3.8/site-packages/airflow/example_dags/example_branch_labels.py
[2024-02-13T12:20:05.632+0000] {processor.py:840} INFO - DAG(s) 'example_branch_labels' retrieved from /home/airflow/.local/lib/python3.8/site-packages/airflow/example_dags/example_branch_labels.py
[2024-02-13T12:20:05.673+0000] {logging_mixin.py:188} INFO - [2024-02-13T12:20:05.673+0000] {dag.py:3036} INFO - Sync 1 DAGs
[2024-02-13T12:20:05.719+0000] {logging_mixin.py:188} INFO - [2024-02-13T12:20:05.719+0000] {dag.py:3823} INFO - Setting next_dagrun for example_branch_labels to 2024-02-12 00:00:00+00:00, run_after=2024-02-13 00:00:00+00:00
[2024-02-13T12:20:05.768+0000] {processor.py:183} INFO - Processing /home/airflow/.local/lib/python3.8/site-packages/airflow/example_dags/example_branch_labels.py took 0.168 seconds
[2024-02-13T12:20:36.452+0000] {processor.py:161} INFO - Started process (PID=1116) to work on /home/airflow/.local/lib/python3.8/site-packages/airflow/example_dags/example_branch_labels.py
[2024-02-13T12:20:36.452+0000] {processor.py:830} INFO - Processing file /home/airflow/.local/lib/python3.8/site-packages/airflow/example_dags/example_branch_labels.py for tasks to queue
[2024-02-13T12:20:36.453+0000] {logging_mixin.py:188} INFO - [2024-02-13T12:20:36.453+0000] {dagbag.py:538} INFO - Filling up the DagBag from /home/airflow/.local/lib/python3.8/site-packages/airflow/example_dags/example_branch_labels.py
[2024-02-13T12:20:36.460+0000] {processor.py:840} INFO - DAG(s) 'example_branch_labels' retrieved from /home/airflow/.local/lib/python3.8/site-packages/airflow/example_dags/example_branch_labels.py
[2024-02-13T12:20:36.482+0000] {logging_mixin.py:188} INFO - [2024-02-13T12:20:36.481+0000] {dag.py:3036} INFO - Sync 1 DAGs
[2024-02-13T12:20:36.506+0000] {logging_mixin.py:188} INFO - [2024-02-13T12:20:36.505+0000] {dag.py:3823} INFO - Setting next_dagrun for example_branch_labels to 2024-02-12 00:00:00+00:00, run_after=2024-02-13 00:00:00+00:00
[2024-02-13T12:20:36.524+0000] {processor.py:183} INFO - Processing /home/airflow/.local/lib/python3.8/site-packages/airflow/example_dags/example_branch_labels.py took 0.075 seconds
[2024-02-13T12:21:06.968+0000] {processor.py:161} INFO - Started process (PID=1172) to work on /home/airflow/.local/lib/python3.8/site-packages/airflow/example_dags/example_branch_labels.py
[2024-02-13T12:21:06.970+0000] {processor.py:830} INFO - Processing file /home/airflow/.local/lib/python3.8/site-packages/airflow/example_dags/example_branch_labels.py for tasks to queue
[2024-02-13T12:21:06.971+0000] {logging_mixin.py:188} INFO - [2024-02-13T12:21:06.970+0000] {dagbag.py:538} INFO - Filling up the DagBag from /home/airflow/.local/lib/python3.8/site-packages/airflow/example_dags/example_branch_labels.py
[2024-02-13T12:21:06.982+0000] {processor.py:840} INFO - DAG(s) 'example_branch_labels' retrieved from /home/airflow/.local/lib/python3.8/site-packages/airflow/example_dags/example_branch_labels.py
[2024-02-13T12:21:07.014+0000] {logging_mixin.py:188} INFO - [2024-02-13T12:21:07.013+0000] {dag.py:3036} INFO - Sync 1 DAGs
[2024-02-13T12:21:07.050+0000] {logging_mixin.py:188} INFO - [2024-02-13T12:21:07.050+0000] {dag.py:3823} INFO - Setting next_dagrun for example_branch_labels to 2024-02-12 00:00:00+00:00, run_after=2024-02-13 00:00:00+00:00
[2024-02-13T12:21:07.075+0000] {processor.py:183} INFO - Processing /home/airflow/.local/lib/python3.8/site-packages/airflow/example_dags/example_branch_labels.py took 0.111 seconds
[2024-02-13T12:21:37.108+0000] {processor.py:161} INFO - Started process (PID=1229) to work on /home/airflow/.local/lib/python3.8/site-packages/airflow/example_dags/example_branch_labels.py
[2024-02-13T12:21:37.108+0000] {processor.py:830} INFO - Processing file /home/airflow/.local/lib/python3.8/site-packages/airflow/example_dags/example_branch_labels.py for tasks to queue
[2024-02-13T12:21:37.109+0000] {logging_mixin.py:188} INFO - [2024-02-13T12:21:37.109+0000] {dagbag.py:538} INFO - Filling up the DagBag from /home/airflow/.local/lib/python3.8/site-packages/airflow/example_dags/example_branch_labels.py
[2024-02-13T12:21:37.122+0000] {processor.py:840} INFO - DAG(s) 'example_branch_labels' retrieved from /home/airflow/.local/lib/python3.8/site-packages/airflow/example_dags/example_branch_labels.py
[2024-02-13T12:21:37.156+0000] {logging_mixin.py:188} INFO - [2024-02-13T12:21:37.155+0000] {dag.py:3036} INFO - Sync 1 DAGs
[2024-02-13T12:21:37.187+0000] {logging_mixin.py:188} INFO - [2024-02-13T12:21:37.187+0000] {dag.py:3823} INFO - Setting next_dagrun for example_branch_labels to 2024-02-12 00:00:00+00:00, run_after=2024-02-13 00:00:00+00:00
[2024-02-13T12:21:37.212+0000] {processor.py:183} INFO - Processing /home/airflow/.local/lib/python3.8/site-packages/airflow/example_dags/example_branch_labels.py took 0.110 seconds
[2024-02-13T12:22:07.454+0000] {processor.py:161} INFO - Started process (PID=1286) to work on /home/airflow/.local/lib/python3.8/site-packages/airflow/example_dags/example_branch_labels.py
[2024-02-13T12:22:07.455+0000] {processor.py:830} INFO - Processing file /home/airflow/.local/lib/python3.8/site-packages/airflow/example_dags/example_branch_labels.py for tasks to queue
[2024-02-13T12:22:07.456+0000] {logging_mixin.py:188} INFO - [2024-02-13T12:22:07.455+0000] {dagbag.py:538} INFO - Filling up the DagBag from /home/airflow/.local/lib/python3.8/site-packages/airflow/example_dags/example_branch_labels.py
[2024-02-13T12:22:07.464+0000] {processor.py:840} INFO - DAG(s) 'example_branch_labels' retrieved from /home/airflow/.local/lib/python3.8/site-packages/airflow/example_dags/example_branch_labels.py
[2024-02-13T12:22:07.486+0000] {logging_mixin.py:188} INFO - [2024-02-13T12:22:07.486+0000] {dag.py:3036} INFO - Sync 1 DAGs
[2024-02-13T12:22:07.510+0000] {logging_mixin.py:188} INFO - [2024-02-13T12:22:07.510+0000] {dag.py:3823} INFO - Setting next_dagrun for example_branch_labels to 2024-02-12 00:00:00+00:00, run_after=2024-02-13 00:00:00+00:00
[2024-02-13T12:22:07.527+0000] {processor.py:183} INFO - Processing /home/airflow/.local/lib/python3.8/site-packages/airflow/example_dags/example_branch_labels.py took 0.076 seconds
[2024-02-13T12:22:37.816+0000] {processor.py:161} INFO - Started process (PID=1341) to work on /home/airflow/.local/lib/python3.8/site-packages/airflow/example_dags/example_branch_labels.py
[2024-02-13T12:22:37.817+0000] {processor.py:830} INFO - Processing file /home/airflow/.local/lib/python3.8/site-packages/airflow/example_dags/example_branch_labels.py for tasks to queue
[2024-02-13T12:22:37.817+0000] {logging_mixin.py:188} INFO - [2024-02-13T12:22:37.817+0000] {dagbag.py:538} INFO - Filling up the DagBag from /home/airflow/.local/lib/python3.8/site-packages/airflow/example_dags/example_branch_labels.py
[2024-02-13T12:22:37.824+0000] {processor.py:840} INFO - DAG(s) 'example_branch_labels' retrieved from /home/airflow/.local/lib/python3.8/site-packages/airflow/example_dags/example_branch_labels.py
[2024-02-13T12:22:37.848+0000] {logging_mixin.py:188} INFO - [2024-02-13T12:22:37.848+0000] {dag.py:3036} INFO - Sync 1 DAGs
[2024-02-13T12:22:37.877+0000] {logging_mixin.py:188} INFO - [2024-02-13T12:22:37.877+0000] {dag.py:3823} INFO - Setting next_dagrun for example_branch_labels to 2024-02-12 00:00:00+00:00, run_after=2024-02-13 00:00:00+00:00
[2024-02-13T12:22:37.895+0000] {processor.py:183} INFO - Processing /home/airflow/.local/lib/python3.8/site-packages/airflow/example_dags/example_branch_labels.py took 0.082 seconds
[2024-02-13T12:23:08.499+0000] {processor.py:161} INFO - Started process (PID=1397) to work on /home/airflow/.local/lib/python3.8/site-packages/airflow/example_dags/example_branch_labels.py
[2024-02-13T12:23:08.500+0000] {processor.py:830} INFO - Processing file /home/airflow/.local/lib/python3.8/site-packages/airflow/example_dags/example_branch_labels.py for tasks to queue
[2024-02-13T12:23:08.500+0000] {logging_mixin.py:188} INFO - [2024-02-13T12:23:08.500+0000] {dagbag.py:538} INFO - Filling up the DagBag from /home/airflow/.local/lib/python3.8/site-packages/airflow/example_dags/example_branch_labels.py
[2024-02-13T12:23:08.507+0000] {processor.py:840} INFO - DAG(s) 'example_branch_labels' retrieved from /home/airflow/.local/lib/python3.8/site-packages/airflow/example_dags/example_branch_labels.py
[2024-02-13T12:23:08.529+0000] {logging_mixin.py:188} INFO - [2024-02-13T12:23:08.528+0000] {dag.py:3036} INFO - Sync 1 DAGs
[2024-02-13T12:23:08.557+0000] {logging_mixin.py:188} INFO - [2024-02-13T12:23:08.556+0000] {dag.py:3823} INFO - Setting next_dagrun for example_branch_labels to 2024-02-12 00:00:00+00:00, run_after=2024-02-13 00:00:00+00:00
[2024-02-13T12:23:08.581+0000] {processor.py:183} INFO - Processing /home/airflow/.local/lib/python3.8/site-packages/airflow/example_dags/example_branch_labels.py took 0.085 seconds
[2024-02-13T12:23:38.917+0000] {processor.py:161} INFO - Started process (PID=1453) to work on /home/airflow/.local/lib/python3.8/site-packages/airflow/example_dags/example_branch_labels.py
[2024-02-13T12:23:38.920+0000] {processor.py:830} INFO - Processing file /home/airflow/.local/lib/python3.8/site-packages/airflow/example_dags/example_branch_labels.py for tasks to queue
[2024-02-13T12:23:38.921+0000] {logging_mixin.py:188} INFO - [2024-02-13T12:23:38.921+0000] {dagbag.py:538} INFO - Filling up the DagBag from /home/airflow/.local/lib/python3.8/site-packages/airflow/example_dags/example_branch_labels.py
[2024-02-13T12:23:38.940+0000] {processor.py:840} INFO - DAG(s) 'example_branch_labels' retrieved from /home/airflow/.local/lib/python3.8/site-packages/airflow/example_dags/example_branch_labels.py
[2024-02-13T12:23:38.983+0000] {logging_mixin.py:188} INFO - [2024-02-13T12:23:38.983+0000] {dag.py:3036} INFO - Sync 1 DAGs
[2024-02-13T12:23:39.042+0000] {logging_mixin.py:188} INFO - [2024-02-13T12:23:39.041+0000] {dag.py:3823} INFO - Setting next_dagrun for example_branch_labels to 2024-02-12 00:00:00+00:00, run_after=2024-02-13 00:00:00+00:00
[2024-02-13T12:23:39.084+0000] {processor.py:183} INFO - Processing /home/airflow/.local/lib/python3.8/site-packages/airflow/example_dags/example_branch_labels.py took 0.182 seconds
[2024-02-13T12:24:09.154+0000] {processor.py:161} INFO - Started process (PID=1509) to work on /home/airflow/.local/lib/python3.8/site-packages/airflow/example_dags/example_branch_labels.py
[2024-02-13T12:24:09.156+0000] {processor.py:830} INFO - Processing file /home/airflow/.local/lib/python3.8/site-packages/airflow/example_dags/example_branch_labels.py for tasks to queue
[2024-02-13T12:24:09.158+0000] {logging_mixin.py:188} INFO - [2024-02-13T12:24:09.157+0000] {dagbag.py:538} INFO - Filling up the DagBag from /home/airflow/.local/lib/python3.8/site-packages/airflow/example_dags/example_branch_labels.py
[2024-02-13T12:24:09.170+0000] {processor.py:840} INFO - DAG(s) 'example_branch_labels' retrieved from /home/airflow/.local/lib/python3.8/site-packages/airflow/example_dags/example_branch_labels.py
[2024-02-13T12:24:09.201+0000] {logging_mixin.py:188} INFO - [2024-02-13T12:24:09.201+0000] {dag.py:3036} INFO - Sync 1 DAGs
[2024-02-13T12:24:09.237+0000] {logging_mixin.py:188} INFO - [2024-02-13T12:24:09.237+0000] {dag.py:3823} INFO - Setting next_dagrun for example_branch_labels to 2024-02-12 00:00:00+00:00, run_after=2024-02-13 00:00:00+00:00
[2024-02-13T12:24:09.260+0000] {processor.py:183} INFO - Processing /home/airflow/.local/lib/python3.8/site-packages/airflow/example_dags/example_branch_labels.py took 0.111 seconds
[2024-02-13T12:24:39.920+0000] {processor.py:161} INFO - Started process (PID=1565) to work on /home/airflow/.local/lib/python3.8/site-packages/airflow/example_dags/example_branch_labels.py
[2024-02-13T12:24:39.921+0000] {processor.py:830} INFO - Processing file /home/airflow/.local/lib/python3.8/site-packages/airflow/example_dags/example_branch_labels.py for tasks to queue
[2024-02-13T12:24:39.921+0000] {logging_mixin.py:188} INFO - [2024-02-13T12:24:39.921+0000] {dagbag.py:538} INFO - Filling up the DagBag from /home/airflow/.local/lib/python3.8/site-packages/airflow/example_dags/example_branch_labels.py
[2024-02-13T12:24:39.930+0000] {processor.py:840} INFO - DAG(s) 'example_branch_labels' retrieved from /home/airflow/.local/lib/python3.8/site-packages/airflow/example_dags/example_branch_labels.py
[2024-02-13T12:24:39.954+0000] {logging_mixin.py:188} INFO - [2024-02-13T12:24:39.954+0000] {dag.py:3036} INFO - Sync 1 DAGs
[2024-02-13T12:24:39.979+0000] {logging_mixin.py:188} INFO - [2024-02-13T12:24:39.979+0000] {dag.py:3823} INFO - Setting next_dagrun for example_branch_labels to 2024-02-12 00:00:00+00:00, run_after=2024-02-13 00:00:00+00:00
[2024-02-13T12:24:39.996+0000] {processor.py:183} INFO - Processing /home/airflow/.local/lib/python3.8/site-packages/airflow/example_dags/example_branch_labels.py took 0.080 seconds
[2024-02-13T12:25:10.254+0000] {processor.py:161} INFO - Started process (PID=1621) to work on /home/airflow/.local/lib/python3.8/site-packages/airflow/example_dags/example_branch_labels.py
[2024-02-13T12:25:10.255+0000] {processor.py:830} INFO - Processing file /home/airflow/.local/lib/python3.8/site-packages/airflow/example_dags/example_branch_labels.py for tasks to queue
[2024-02-13T12:25:10.256+0000] {logging_mixin.py:188} INFO - [2024-02-13T12:25:10.255+0000] {dagbag.py:538} INFO - Filling up the DagBag from /home/airflow/.local/lib/python3.8/site-packages/airflow/example_dags/example_branch_labels.py
[2024-02-13T12:25:10.268+0000] {processor.py:840} INFO - DAG(s) 'example_branch_labels' retrieved from /home/airflow/.local/lib/python3.8/site-packages/airflow/example_dags/example_branch_labels.py
[2024-02-13T12:25:10.308+0000] {logging_mixin.py:188} INFO - [2024-02-13T12:25:10.308+0000] {dag.py:3036} INFO - Sync 1 DAGs
[2024-02-13T12:25:10.344+0000] {logging_mixin.py:188} INFO - [2024-02-13T12:25:10.344+0000] {dag.py:3823} INFO - Setting next_dagrun for example_branch_labels to 2024-02-12 00:00:00+00:00, run_after=2024-02-13 00:00:00+00:00
[2024-02-13T12:25:10.363+0000] {processor.py:183} INFO - Processing /home/airflow/.local/lib/python3.8/site-packages/airflow/example_dags/example_branch_labels.py took 0.113 seconds
[2024-02-13T12:25:40.530+0000] {processor.py:161} INFO - Started process (PID=1677) to work on /home/airflow/.local/lib/python3.8/site-packages/airflow/example_dags/example_branch_labels.py
[2024-02-13T12:25:40.531+0000] {processor.py:830} INFO - Processing file /home/airflow/.local/lib/python3.8/site-packages/airflow/example_dags/example_branch_labels.py for tasks to queue
[2024-02-13T12:25:40.532+0000] {logging_mixin.py:188} INFO - [2024-02-13T12:25:40.532+0000] {dagbag.py:538} INFO - Filling up the DagBag from /home/airflow/.local/lib/python3.8/site-packages/airflow/example_dags/example_branch_labels.py
[2024-02-13T12:25:40.541+0000] {processor.py:840} INFO - DAG(s) 'example_branch_labels' retrieved from /home/airflow/.local/lib/python3.8/site-packages/airflow/example_dags/example_branch_labels.py
[2024-02-13T12:25:40.561+0000] {logging_mixin.py:188} INFO - [2024-02-13T12:25:40.561+0000] {dag.py:3036} INFO - Sync 1 DAGs
[2024-02-13T12:25:40.585+0000] {logging_mixin.py:188} INFO - [2024-02-13T12:25:40.584+0000] {dag.py:3823} INFO - Setting next_dagrun for example_branch_labels to 2024-02-12 00:00:00+00:00, run_after=2024-02-13 00:00:00+00:00
[2024-02-13T12:25:40.602+0000] {processor.py:183} INFO - Processing /home/airflow/.local/lib/python3.8/site-packages/airflow/example_dags/example_branch_labels.py took 0.075 seconds
[2024-02-13T12:26:10.717+0000] {processor.py:161} INFO - Started process (PID=1731) to work on /home/airflow/.local/lib/python3.8/site-packages/airflow/example_dags/example_branch_labels.py
[2024-02-13T12:26:10.718+0000] {processor.py:830} INFO - Processing file /home/airflow/.local/lib/python3.8/site-packages/airflow/example_dags/example_branch_labels.py for tasks to queue
[2024-02-13T12:26:10.719+0000] {logging_mixin.py:188} INFO - [2024-02-13T12:26:10.718+0000] {dagbag.py:538} INFO - Filling up the DagBag from /home/airflow/.local/lib/python3.8/site-packages/airflow/example_dags/example_branch_labels.py
[2024-02-13T12:26:10.726+0000] {processor.py:840} INFO - DAG(s) 'example_branch_labels' retrieved from /home/airflow/.local/lib/python3.8/site-packages/airflow/example_dags/example_branch_labels.py
[2024-02-13T12:26:10.747+0000] {logging_mixin.py:188} INFO - [2024-02-13T12:26:10.747+0000] {dag.py:3036} INFO - Sync 1 DAGs
[2024-02-13T12:26:10.773+0000] {logging_mixin.py:188} INFO - [2024-02-13T12:26:10.773+0000] {dag.py:3823} INFO - Setting next_dagrun for example_branch_labels to 2024-02-12 00:00:00+00:00, run_after=2024-02-13 00:00:00+00:00
[2024-02-13T12:26:10.795+0000] {processor.py:183} INFO - Processing /home/airflow/.local/lib/python3.8/site-packages/airflow/example_dags/example_branch_labels.py took 0.081 seconds
[2024-02-13T12:26:41.028+0000] {processor.py:161} INFO - Started process (PID=1787) to work on /home/airflow/.local/lib/python3.8/site-packages/airflow/example_dags/example_branch_labels.py
[2024-02-13T12:26:41.029+0000] {processor.py:830} INFO - Processing file /home/airflow/.local/lib/python3.8/site-packages/airflow/example_dags/example_branch_labels.py for tasks to queue
[2024-02-13T12:26:41.029+0000] {logging_mixin.py:188} INFO - [2024-02-13T12:26:41.029+0000] {dagbag.py:538} INFO - Filling up the DagBag from /home/airflow/.local/lib/python3.8/site-packages/airflow/example_dags/example_branch_labels.py
[2024-02-13T12:26:41.036+0000] {processor.py:840} INFO - DAG(s) 'example_branch_labels' retrieved from /home/airflow/.local/lib/python3.8/site-packages/airflow/example_dags/example_branch_labels.py
[2024-02-13T12:26:41.056+0000] {logging_mixin.py:188} INFO - [2024-02-13T12:26:41.056+0000] {dag.py:3036} INFO - Sync 1 DAGs
[2024-02-13T12:26:41.079+0000] {logging_mixin.py:188} INFO - [2024-02-13T12:26:41.079+0000] {dag.py:3823} INFO - Setting next_dagrun for example_branch_labels to 2024-02-12 00:00:00+00:00, run_after=2024-02-13 00:00:00+00:00
[2024-02-13T12:26:41.097+0000] {processor.py:183} INFO - Processing /home/airflow/.local/lib/python3.8/site-packages/airflow/example_dags/example_branch_labels.py took 0.071 seconds
[2024-02-13T12:27:11.700+0000] {processor.py:161} INFO - Started process (PID=1843) to work on /home/airflow/.local/lib/python3.8/site-packages/airflow/example_dags/example_branch_labels.py
[2024-02-13T12:27:11.700+0000] {processor.py:830} INFO - Processing file /home/airflow/.local/lib/python3.8/site-packages/airflow/example_dags/example_branch_labels.py for tasks to queue
[2024-02-13T12:27:11.701+0000] {logging_mixin.py:188} INFO - [2024-02-13T12:27:11.701+0000] {dagbag.py:538} INFO - Filling up the DagBag from /home/airflow/.local/lib/python3.8/site-packages/airflow/example_dags/example_branch_labels.py
[2024-02-13T12:27:11.709+0000] {processor.py:840} INFO - DAG(s) 'example_branch_labels' retrieved from /home/airflow/.local/lib/python3.8/site-packages/airflow/example_dags/example_branch_labels.py
[2024-02-13T12:27:11.734+0000] {logging_mixin.py:188} INFO - [2024-02-13T12:27:11.734+0000] {dag.py:3036} INFO - Sync 1 DAGs
[2024-02-13T12:27:11.761+0000] {logging_mixin.py:188} INFO - [2024-02-13T12:27:11.761+0000] {dag.py:3823} INFO - Setting next_dagrun for example_branch_labels to 2024-02-12 00:00:00+00:00, run_after=2024-02-13 00:00:00+00:00
[2024-02-13T12:27:11.778+0000] {processor.py:183} INFO - Processing /home/airflow/.local/lib/python3.8/site-packages/airflow/example_dags/example_branch_labels.py took 0.081 seconds
[2024-02-13T12:27:42.534+0000] {processor.py:161} INFO - Started process (PID=1899) to work on /home/airflow/.local/lib/python3.8/site-packages/airflow/example_dags/example_branch_labels.py
[2024-02-13T12:27:42.535+0000] {processor.py:830} INFO - Processing file /home/airflow/.local/lib/python3.8/site-packages/airflow/example_dags/example_branch_labels.py for tasks to queue
[2024-02-13T12:27:42.536+0000] {logging_mixin.py:188} INFO - [2024-02-13T12:27:42.536+0000] {dagbag.py:538} INFO - Filling up the DagBag from /home/airflow/.local/lib/python3.8/site-packages/airflow/example_dags/example_branch_labels.py
[2024-02-13T12:27:42.543+0000] {processor.py:840} INFO - DAG(s) 'example_branch_labels' retrieved from /home/airflow/.local/lib/python3.8/site-packages/airflow/example_dags/example_branch_labels.py
[2024-02-13T12:27:42.563+0000] {logging_mixin.py:188} INFO - [2024-02-13T12:27:42.563+0000] {dag.py:3036} INFO - Sync 1 DAGs
[2024-02-13T12:27:42.586+0000] {logging_mixin.py:188} INFO - [2024-02-13T12:27:42.586+0000] {dag.py:3823} INFO - Setting next_dagrun for example_branch_labels to 2024-02-12 00:00:00+00:00, run_after=2024-02-13 00:00:00+00:00
[2024-02-13T12:27:42.603+0000] {processor.py:183} INFO - Processing /home/airflow/.local/lib/python3.8/site-packages/airflow/example_dags/example_branch_labels.py took 0.071 seconds
[2024-02-13T12:28:12.661+0000] {processor.py:161} INFO - Started process (PID=1955) to work on /home/airflow/.local/lib/python3.8/site-packages/airflow/example_dags/example_branch_labels.py
[2024-02-13T12:28:12.661+0000] {processor.py:830} INFO - Processing file /home/airflow/.local/lib/python3.8/site-packages/airflow/example_dags/example_branch_labels.py for tasks to queue
[2024-02-13T12:28:12.662+0000] {logging_mixin.py:188} INFO - [2024-02-13T12:28:12.662+0000] {dagbag.py:538} INFO - Filling up the DagBag from /home/airflow/.local/lib/python3.8/site-packages/airflow/example_dags/example_branch_labels.py
[2024-02-13T12:28:12.669+0000] {processor.py:840} INFO - DAG(s) 'example_branch_labels' retrieved from /home/airflow/.local/lib/python3.8/site-packages/airflow/example_dags/example_branch_labels.py
[2024-02-13T12:28:12.688+0000] {logging_mixin.py:188} INFO - [2024-02-13T12:28:12.688+0000] {dag.py:3036} INFO - Sync 1 DAGs
[2024-02-13T12:28:12.710+0000] {logging_mixin.py:188} INFO - [2024-02-13T12:28:12.710+0000] {dag.py:3823} INFO - Setting next_dagrun for example_branch_labels to 2024-02-12 00:00:00+00:00, run_after=2024-02-13 00:00:00+00:00
[2024-02-13T12:28:12.727+0000] {processor.py:183} INFO - Processing /home/airflow/.local/lib/python3.8/site-packages/airflow/example_dags/example_branch_labels.py took 0.069 seconds
[2024-02-13T12:28:42.884+0000] {processor.py:161} INFO - Started process (PID=2011) to work on /home/airflow/.local/lib/python3.8/site-packages/airflow/example_dags/example_branch_labels.py
[2024-02-13T12:28:42.886+0000] {processor.py:830} INFO - Processing file /home/airflow/.local/lib/python3.8/site-packages/airflow/example_dags/example_branch_labels.py for tasks to queue
[2024-02-13T12:28:42.889+0000] {logging_mixin.py:188} INFO - [2024-02-13T12:28:42.888+0000] {dagbag.py:538} INFO - Filling up the DagBag from /home/airflow/.local/lib/python3.8/site-packages/airflow/example_dags/example_branch_labels.py
[2024-02-13T12:28:42.904+0000] {processor.py:840} INFO - DAG(s) 'example_branch_labels' retrieved from /home/airflow/.local/lib/python3.8/site-packages/airflow/example_dags/example_branch_labels.py
[2024-02-13T12:28:42.941+0000] {logging_mixin.py:188} INFO - [2024-02-13T12:28:42.940+0000] {dag.py:3036} INFO - Sync 1 DAGs
[2024-02-13T12:28:42.978+0000] {logging_mixin.py:188} INFO - [2024-02-13T12:28:42.977+0000] {dag.py:3823} INFO - Setting next_dagrun for example_branch_labels to 2024-02-12 00:00:00+00:00, run_after=2024-02-13 00:00:00+00:00
[2024-02-13T12:28:43.007+0000] {processor.py:183} INFO - Processing /home/airflow/.local/lib/python3.8/site-packages/airflow/example_dags/example_branch_labels.py took 0.130 seconds
[2024-02-13T12:29:13.066+0000] {processor.py:161} INFO - Started process (PID=2066) to work on /home/airflow/.local/lib/python3.8/site-packages/airflow/example_dags/example_branch_labels.py
[2024-02-13T12:29:13.068+0000] {processor.py:830} INFO - Processing file /home/airflow/.local/lib/python3.8/site-packages/airflow/example_dags/example_branch_labels.py for tasks to queue
[2024-02-13T12:29:13.069+0000] {logging_mixin.py:188} INFO - [2024-02-13T12:29:13.068+0000] {dagbag.py:538} INFO - Filling up the DagBag from /home/airflow/.local/lib/python3.8/site-packages/airflow/example_dags/example_branch_labels.py
[2024-02-13T12:29:13.081+0000] {processor.py:840} INFO - DAG(s) 'example_branch_labels' retrieved from /home/airflow/.local/lib/python3.8/site-packages/airflow/example_dags/example_branch_labels.py
[2024-02-13T12:29:13.111+0000] {logging_mixin.py:188} INFO - [2024-02-13T12:29:13.111+0000] {dag.py:3036} INFO - Sync 1 DAGs
[2024-02-13T12:29:13.142+0000] {logging_mixin.py:188} INFO - [2024-02-13T12:29:13.141+0000] {dag.py:3823} INFO - Setting next_dagrun for example_branch_labels to 2024-02-12 00:00:00+00:00, run_after=2024-02-13 00:00:00+00:00
[2024-02-13T12:29:13.161+0000] {processor.py:183} INFO - Processing /home/airflow/.local/lib/python3.8/site-packages/airflow/example_dags/example_branch_labels.py took 0.098 seconds
[2024-02-13T12:29:43.601+0000] {processor.py:161} INFO - Started process (PID=2123) to work on /home/airflow/.local/lib/python3.8/site-packages/airflow/example_dags/example_branch_labels.py
[2024-02-13T12:29:43.602+0000] {processor.py:830} INFO - Processing file /home/airflow/.local/lib/python3.8/site-packages/airflow/example_dags/example_branch_labels.py for tasks to queue
[2024-02-13T12:29:43.603+0000] {logging_mixin.py:188} INFO - [2024-02-13T12:29:43.603+0000] {dagbag.py:538} INFO - Filling up the DagBag from /home/airflow/.local/lib/python3.8/site-packages/airflow/example_dags/example_branch_labels.py
[2024-02-13T12:29:43.610+0000] {processor.py:840} INFO - DAG(s) 'example_branch_labels' retrieved from /home/airflow/.local/lib/python3.8/site-packages/airflow/example_dags/example_branch_labels.py
[2024-02-13T12:29:43.630+0000] {logging_mixin.py:188} INFO - [2024-02-13T12:29:43.630+0000] {dag.py:3036} INFO - Sync 1 DAGs
[2024-02-13T12:29:43.654+0000] {logging_mixin.py:188} INFO - [2024-02-13T12:29:43.653+0000] {dag.py:3823} INFO - Setting next_dagrun for example_branch_labels to 2024-02-12 00:00:00+00:00, run_after=2024-02-13 00:00:00+00:00
[2024-02-13T12:29:43.671+0000] {processor.py:183} INFO - Processing /home/airflow/.local/lib/python3.8/site-packages/airflow/example_dags/example_branch_labels.py took 0.072 seconds
[2024-02-13T12:30:14.020+0000] {processor.py:161} INFO - Started process (PID=2179) to work on /home/airflow/.local/lib/python3.8/site-packages/airflow/example_dags/example_branch_labels.py
[2024-02-13T12:30:14.020+0000] {processor.py:830} INFO - Processing file /home/airflow/.local/lib/python3.8/site-packages/airflow/example_dags/example_branch_labels.py for tasks to queue
[2024-02-13T12:30:14.021+0000] {logging_mixin.py:188} INFO - [2024-02-13T12:30:14.021+0000] {dagbag.py:538} INFO - Filling up the DagBag from /home/airflow/.local/lib/python3.8/site-packages/airflow/example_dags/example_branch_labels.py
[2024-02-13T12:30:14.028+0000] {processor.py:840} INFO - DAG(s) 'example_branch_labels' retrieved from /home/airflow/.local/lib/python3.8/site-packages/airflow/example_dags/example_branch_labels.py
[2024-02-13T12:30:14.050+0000] {logging_mixin.py:188} INFO - [2024-02-13T12:30:14.050+0000] {dag.py:3036} INFO - Sync 1 DAGs
[2024-02-13T12:30:14.074+0000] {logging_mixin.py:188} INFO - [2024-02-13T12:30:14.074+0000] {dag.py:3823} INFO - Setting next_dagrun for example_branch_labels to 2024-02-12 00:00:00+00:00, run_after=2024-02-13 00:00:00+00:00
[2024-02-13T12:30:14.091+0000] {processor.py:183} INFO - Processing /home/airflow/.local/lib/python3.8/site-packages/airflow/example_dags/example_branch_labels.py took 0.074 seconds
[2024-02-13T12:30:44.257+0000] {processor.py:161} INFO - Started process (PID=2235) to work on /home/airflow/.local/lib/python3.8/site-packages/airflow/example_dags/example_branch_labels.py
[2024-02-13T12:30:44.257+0000] {processor.py:830} INFO - Processing file /home/airflow/.local/lib/python3.8/site-packages/airflow/example_dags/example_branch_labels.py for tasks to queue
[2024-02-13T12:30:44.258+0000] {logging_mixin.py:188} INFO - [2024-02-13T12:30:44.258+0000] {dagbag.py:538} INFO - Filling up the DagBag from /home/airflow/.local/lib/python3.8/site-packages/airflow/example_dags/example_branch_labels.py
[2024-02-13T12:30:44.265+0000] {processor.py:840} INFO - DAG(s) 'example_branch_labels' retrieved from /home/airflow/.local/lib/python3.8/site-packages/airflow/example_dags/example_branch_labels.py
[2024-02-13T12:30:44.285+0000] {logging_mixin.py:188} INFO - [2024-02-13T12:30:44.285+0000] {dag.py:3036} INFO - Sync 1 DAGs
[2024-02-13T12:30:44.315+0000] {logging_mixin.py:188} INFO - [2024-02-13T12:30:44.314+0000] {dag.py:3823} INFO - Setting next_dagrun for example_branch_labels to 2024-02-12 00:00:00+00:00, run_after=2024-02-13 00:00:00+00:00
[2024-02-13T12:30:44.331+0000] {processor.py:183} INFO - Processing /home/airflow/.local/lib/python3.8/site-packages/airflow/example_dags/example_branch_labels.py took 0.077 seconds
[2024-02-13T12:31:14.790+0000] {processor.py:161} INFO - Started process (PID=2291) to work on /home/airflow/.local/lib/python3.8/site-packages/airflow/example_dags/example_branch_labels.py
[2024-02-13T12:31:14.790+0000] {processor.py:830} INFO - Processing file /home/airflow/.local/lib/python3.8/site-packages/airflow/example_dags/example_branch_labels.py for tasks to queue
[2024-02-13T12:31:14.791+0000] {logging_mixin.py:188} INFO - [2024-02-13T12:31:14.791+0000] {dagbag.py:538} INFO - Filling up the DagBag from /home/airflow/.local/lib/python3.8/site-packages/airflow/example_dags/example_branch_labels.py
[2024-02-13T12:31:14.798+0000] {processor.py:840} INFO - DAG(s) 'example_branch_labels' retrieved from /home/airflow/.local/lib/python3.8/site-packages/airflow/example_dags/example_branch_labels.py
[2024-02-13T12:31:14.819+0000] {logging_mixin.py:188} INFO - [2024-02-13T12:31:14.819+0000] {dag.py:3036} INFO - Sync 1 DAGs
[2024-02-13T12:31:14.847+0000] {logging_mixin.py:188} INFO - [2024-02-13T12:31:14.847+0000] {dag.py:3823} INFO - Setting next_dagrun for example_branch_labels to 2024-02-12 00:00:00+00:00, run_after=2024-02-13 00:00:00+00:00
[2024-02-13T12:31:14.873+0000] {processor.py:183} INFO - Processing /home/airflow/.local/lib/python3.8/site-packages/airflow/example_dags/example_branch_labels.py took 0.086 seconds
[2024-02-13T12:31:45.605+0000] {processor.py:161} INFO - Started process (PID=2348) to work on /home/airflow/.local/lib/python3.8/site-packages/airflow/example_dags/example_branch_labels.py
[2024-02-13T12:31:45.606+0000] {processor.py:830} INFO - Processing file /home/airflow/.local/lib/python3.8/site-packages/airflow/example_dags/example_branch_labels.py for tasks to queue
[2024-02-13T12:31:45.607+0000] {logging_mixin.py:188} INFO - [2024-02-13T12:31:45.606+0000] {dagbag.py:538} INFO - Filling up the DagBag from /home/airflow/.local/lib/python3.8/site-packages/airflow/example_dags/example_branch_labels.py
[2024-02-13T12:31:45.614+0000] {processor.py:840} INFO - DAG(s) 'example_branch_labels' retrieved from /home/airflow/.local/lib/python3.8/site-packages/airflow/example_dags/example_branch_labels.py
[2024-02-13T12:31:45.634+0000] {logging_mixin.py:188} INFO - [2024-02-13T12:31:45.634+0000] {dag.py:3036} INFO - Sync 1 DAGs
[2024-02-13T12:31:45.658+0000] {logging_mixin.py:188} INFO - [2024-02-13T12:31:45.658+0000] {dag.py:3823} INFO - Setting next_dagrun for example_branch_labels to 2024-02-12 00:00:00+00:00, run_after=2024-02-13 00:00:00+00:00
[2024-02-13T12:31:45.676+0000] {processor.py:183} INFO - Processing /home/airflow/.local/lib/python3.8/site-packages/airflow/example_dags/example_branch_labels.py took 0.073 seconds
[2024-02-13T12:32:15.789+0000] {processor.py:161} INFO - Started process (PID=2404) to work on /home/airflow/.local/lib/python3.8/site-packages/airflow/example_dags/example_branch_labels.py
[2024-02-13T12:32:15.790+0000] {processor.py:830} INFO - Processing file /home/airflow/.local/lib/python3.8/site-packages/airflow/example_dags/example_branch_labels.py for tasks to queue
[2024-02-13T12:32:15.791+0000] {logging_mixin.py:188} INFO - [2024-02-13T12:32:15.791+0000] {dagbag.py:538} INFO - Filling up the DagBag from /home/airflow/.local/lib/python3.8/site-packages/airflow/example_dags/example_branch_labels.py
[2024-02-13T12:32:15.799+0000] {processor.py:840} INFO - DAG(s) 'example_branch_labels' retrieved from /home/airflow/.local/lib/python3.8/site-packages/airflow/example_dags/example_branch_labels.py
[2024-02-13T12:32:15.839+0000] {logging_mixin.py:188} INFO - [2024-02-13T12:32:15.838+0000] {dag.py:3036} INFO - Sync 1 DAGs
[2024-02-13T12:32:15.893+0000] {logging_mixin.py:188} INFO - [2024-02-13T12:32:15.893+0000] {dag.py:3823} INFO - Setting next_dagrun for example_branch_labels to 2024-02-12 00:00:00+00:00, run_after=2024-02-13 00:00:00+00:00
[2024-02-13T12:32:15.916+0000] {processor.py:183} INFO - Processing /home/airflow/.local/lib/python3.8/site-packages/airflow/example_dags/example_branch_labels.py took 0.129 seconds
[2024-02-13T12:32:46.519+0000] {processor.py:161} INFO - Started process (PID=2461) to work on /home/airflow/.local/lib/python3.8/site-packages/airflow/example_dags/example_branch_labels.py
[2024-02-13T12:32:46.520+0000] {processor.py:830} INFO - Processing file /home/airflow/.local/lib/python3.8/site-packages/airflow/example_dags/example_branch_labels.py for tasks to queue
[2024-02-13T12:32:46.521+0000] {logging_mixin.py:188} INFO - [2024-02-13T12:32:46.521+0000] {dagbag.py:538} INFO - Filling up the DagBag from /home/airflow/.local/lib/python3.8/site-packages/airflow/example_dags/example_branch_labels.py
[2024-02-13T12:32:46.532+0000] {processor.py:840} INFO - DAG(s) 'example_branch_labels' retrieved from /home/airflow/.local/lib/python3.8/site-packages/airflow/example_dags/example_branch_labels.py
[2024-02-13T12:32:46.560+0000] {logging_mixin.py:188} INFO - [2024-02-13T12:32:46.559+0000] {dag.py:3036} INFO - Sync 1 DAGs
[2024-02-13T12:32:46.591+0000] {logging_mixin.py:188} INFO - [2024-02-13T12:32:46.591+0000] {dag.py:3823} INFO - Setting next_dagrun for example_branch_labels to 2024-02-12 00:00:00+00:00, run_after=2024-02-13 00:00:00+00:00
[2024-02-13T12:32:46.610+0000] {processor.py:183} INFO - Processing /home/airflow/.local/lib/python3.8/site-packages/airflow/example_dags/example_branch_labels.py took 0.095 seconds
[2024-02-13T12:33:16.832+0000] {processor.py:161} INFO - Started process (PID=2518) to work on /home/airflow/.local/lib/python3.8/site-packages/airflow/example_dags/example_branch_labels.py
[2024-02-13T12:33:16.833+0000] {processor.py:830} INFO - Processing file /home/airflow/.local/lib/python3.8/site-packages/airflow/example_dags/example_branch_labels.py for tasks to queue
[2024-02-13T12:33:16.833+0000] {logging_mixin.py:188} INFO - [2024-02-13T12:33:16.833+0000] {dagbag.py:538} INFO - Filling up the DagBag from /home/airflow/.local/lib/python3.8/site-packages/airflow/example_dags/example_branch_labels.py
[2024-02-13T12:33:16.840+0000] {processor.py:840} INFO - DAG(s) 'example_branch_labels' retrieved from /home/airflow/.local/lib/python3.8/site-packages/airflow/example_dags/example_branch_labels.py
[2024-02-13T12:33:16.860+0000] {logging_mixin.py:188} INFO - [2024-02-13T12:33:16.860+0000] {dag.py:3036} INFO - Sync 1 DAGs
[2024-02-13T12:33:16.884+0000] {logging_mixin.py:188} INFO - [2024-02-13T12:33:16.883+0000] {dag.py:3823} INFO - Setting next_dagrun for example_branch_labels to 2024-02-12 00:00:00+00:00, run_after=2024-02-13 00:00:00+00:00
[2024-02-13T12:33:16.901+0000] {processor.py:183} INFO - Processing /home/airflow/.local/lib/python3.8/site-packages/airflow/example_dags/example_branch_labels.py took 0.072 seconds
[2024-02-13T12:33:47.481+0000] {processor.py:161} INFO - Started process (PID=2574) to work on /home/airflow/.local/lib/python3.8/site-packages/airflow/example_dags/example_branch_labels.py
[2024-02-13T12:33:47.482+0000] {processor.py:830} INFO - Processing file /home/airflow/.local/lib/python3.8/site-packages/airflow/example_dags/example_branch_labels.py for tasks to queue
[2024-02-13T12:33:47.483+0000] {logging_mixin.py:188} INFO - [2024-02-13T12:33:47.482+0000] {dagbag.py:538} INFO - Filling up the DagBag from /home/airflow/.local/lib/python3.8/site-packages/airflow/example_dags/example_branch_labels.py
[2024-02-13T12:33:47.491+0000] {processor.py:840} INFO - DAG(s) 'example_branch_labels' retrieved from /home/airflow/.local/lib/python3.8/site-packages/airflow/example_dags/example_branch_labels.py
[2024-02-13T12:33:47.670+0000] {logging_mixin.py:188} INFO - [2024-02-13T12:33:47.670+0000] {dag.py:3036} INFO - Sync 1 DAGs
[2024-02-13T12:33:47.696+0000] {logging_mixin.py:188} INFO - [2024-02-13T12:33:47.696+0000] {dag.py:3823} INFO - Setting next_dagrun for example_branch_labels to 2024-02-12 00:00:00+00:00, run_after=2024-02-13 00:00:00+00:00
[2024-02-13T12:33:47.715+0000] {processor.py:183} INFO - Processing /home/airflow/.local/lib/python3.8/site-packages/airflow/example_dags/example_branch_labels.py took 0.238 seconds
[2024-02-13T12:34:18.424+0000] {processor.py:161} INFO - Started process (PID=2630) to work on /home/airflow/.local/lib/python3.8/site-packages/airflow/example_dags/example_branch_labels.py
[2024-02-13T12:34:18.426+0000] {processor.py:830} INFO - Processing file /home/airflow/.local/lib/python3.8/site-packages/airflow/example_dags/example_branch_labels.py for tasks to queue
[2024-02-13T12:34:18.428+0000] {logging_mixin.py:188} INFO - [2024-02-13T12:34:18.427+0000] {dagbag.py:538} INFO - Filling up the DagBag from /home/airflow/.local/lib/python3.8/site-packages/airflow/example_dags/example_branch_labels.py
[2024-02-13T12:34:18.444+0000] {processor.py:840} INFO - DAG(s) 'example_branch_labels' retrieved from /home/airflow/.local/lib/python3.8/site-packages/airflow/example_dags/example_branch_labels.py
[2024-02-13T12:34:18.486+0000] {logging_mixin.py:188} INFO - [2024-02-13T12:34:18.485+0000] {dag.py:3036} INFO - Sync 1 DAGs
[2024-02-13T12:34:18.539+0000] {logging_mixin.py:188} INFO - [2024-02-13T12:34:18.538+0000] {dag.py:3823} INFO - Setting next_dagrun for example_branch_labels to 2024-02-12 00:00:00+00:00, run_after=2024-02-13 00:00:00+00:00
[2024-02-13T12:34:18.576+0000] {processor.py:183} INFO - Processing /home/airflow/.local/lib/python3.8/site-packages/airflow/example_dags/example_branch_labels.py took 0.157 seconds
[2024-02-13T12:34:48.611+0000] {processor.py:161} INFO - Started process (PID=2686) to work on /home/airflow/.local/lib/python3.8/site-packages/airflow/example_dags/example_branch_labels.py
[2024-02-13T12:34:48.612+0000] {processor.py:830} INFO - Processing file /home/airflow/.local/lib/python3.8/site-packages/airflow/example_dags/example_branch_labels.py for tasks to queue
[2024-02-13T12:34:48.613+0000] {logging_mixin.py:188} INFO - [2024-02-13T12:34:48.613+0000] {dagbag.py:538} INFO - Filling up the DagBag from /home/airflow/.local/lib/python3.8/site-packages/airflow/example_dags/example_branch_labels.py
[2024-02-13T12:34:48.623+0000] {processor.py:840} INFO - DAG(s) 'example_branch_labels' retrieved from /home/airflow/.local/lib/python3.8/site-packages/airflow/example_dags/example_branch_labels.py
[2024-02-13T12:34:48.643+0000] {logging_mixin.py:188} INFO - [2024-02-13T12:34:48.643+0000] {dag.py:3036} INFO - Sync 1 DAGs
[2024-02-13T12:34:48.665+0000] {logging_mixin.py:188} INFO - [2024-02-13T12:34:48.664+0000] {dag.py:3823} INFO - Setting next_dagrun for example_branch_labels to 2024-02-12 00:00:00+00:00, run_after=2024-02-13 00:00:00+00:00
[2024-02-13T12:34:48.681+0000] {processor.py:183} INFO - Processing /home/airflow/.local/lib/python3.8/site-packages/airflow/example_dags/example_branch_labels.py took 0.074 seconds
[2024-02-13T12:35:18.784+0000] {processor.py:161} INFO - Started process (PID=2743) to work on /home/airflow/.local/lib/python3.8/site-packages/airflow/example_dags/example_branch_labels.py
[2024-02-13T12:35:18.784+0000] {processor.py:830} INFO - Processing file /home/airflow/.local/lib/python3.8/site-packages/airflow/example_dags/example_branch_labels.py for tasks to queue
[2024-02-13T12:35:18.785+0000] {logging_mixin.py:188} INFO - [2024-02-13T12:35:18.785+0000] {dagbag.py:538} INFO - Filling up the DagBag from /home/airflow/.local/lib/python3.8/site-packages/airflow/example_dags/example_branch_labels.py
[2024-02-13T12:35:18.793+0000] {processor.py:840} INFO - DAG(s) 'example_branch_labels' retrieved from /home/airflow/.local/lib/python3.8/site-packages/airflow/example_dags/example_branch_labels.py
[2024-02-13T12:35:18.818+0000] {logging_mixin.py:188} INFO - [2024-02-13T12:35:18.818+0000] {dag.py:3036} INFO - Sync 1 DAGs
[2024-02-13T12:35:18.845+0000] {logging_mixin.py:188} INFO - [2024-02-13T12:35:18.845+0000] {dag.py:3823} INFO - Setting next_dagrun for example_branch_labels to 2024-02-12 00:00:00+00:00, run_after=2024-02-13 00:00:00+00:00
[2024-02-13T12:35:18.864+0000] {processor.py:183} INFO - Processing /home/airflow/.local/lib/python3.8/site-packages/airflow/example_dags/example_branch_labels.py took 0.083 seconds
[2024-02-13T12:35:48.979+0000] {processor.py:161} INFO - Started process (PID=2799) to work on /home/airflow/.local/lib/python3.8/site-packages/airflow/example_dags/example_branch_labels.py
[2024-02-13T12:35:48.980+0000] {processor.py:830} INFO - Processing file /home/airflow/.local/lib/python3.8/site-packages/airflow/example_dags/example_branch_labels.py for tasks to queue
[2024-02-13T12:35:48.981+0000] {logging_mixin.py:188} INFO - [2024-02-13T12:35:48.981+0000] {dagbag.py:538} INFO - Filling up the DagBag from /home/airflow/.local/lib/python3.8/site-packages/airflow/example_dags/example_branch_labels.py
[2024-02-13T12:35:48.988+0000] {processor.py:840} INFO - DAG(s) 'example_branch_labels' retrieved from /home/airflow/.local/lib/python3.8/site-packages/airflow/example_dags/example_branch_labels.py
[2024-02-13T12:35:49.010+0000] {logging_mixin.py:188} INFO - [2024-02-13T12:35:49.010+0000] {dag.py:3036} INFO - Sync 1 DAGs
[2024-02-13T12:35:49.038+0000] {logging_mixin.py:188} INFO - [2024-02-13T12:35:49.037+0000] {dag.py:3823} INFO - Setting next_dagrun for example_branch_labels to 2024-02-12 00:00:00+00:00, run_after=2024-02-13 00:00:00+00:00
[2024-02-13T12:35:49.061+0000] {processor.py:183} INFO - Processing /home/airflow/.local/lib/python3.8/site-packages/airflow/example_dags/example_branch_labels.py took 0.085 seconds
[2024-02-13T12:36:19.116+0000] {processor.py:161} INFO - Started process (PID=2856) to work on /home/airflow/.local/lib/python3.8/site-packages/airflow/example_dags/example_branch_labels.py
[2024-02-13T12:36:19.117+0000] {processor.py:830} INFO - Processing file /home/airflow/.local/lib/python3.8/site-packages/airflow/example_dags/example_branch_labels.py for tasks to queue
[2024-02-13T12:36:19.118+0000] {logging_mixin.py:188} INFO - [2024-02-13T12:36:19.117+0000] {dagbag.py:538} INFO - Filling up the DagBag from /home/airflow/.local/lib/python3.8/site-packages/airflow/example_dags/example_branch_labels.py
[2024-02-13T12:36:19.125+0000] {processor.py:840} INFO - DAG(s) 'example_branch_labels' retrieved from /home/airflow/.local/lib/python3.8/site-packages/airflow/example_dags/example_branch_labels.py
[2024-02-13T12:36:19.146+0000] {logging_mixin.py:188} INFO - [2024-02-13T12:36:19.146+0000] {dag.py:3036} INFO - Sync 1 DAGs
[2024-02-13T12:36:19.174+0000] {logging_mixin.py:188} INFO - [2024-02-13T12:36:19.173+0000] {dag.py:3823} INFO - Setting next_dagrun for example_branch_labels to 2024-02-12 00:00:00+00:00, run_after=2024-02-13 00:00:00+00:00
[2024-02-13T12:36:19.194+0000] {processor.py:183} INFO - Processing /home/airflow/.local/lib/python3.8/site-packages/airflow/example_dags/example_branch_labels.py took 0.081 seconds
[2024-02-13T12:36:49.361+0000] {processor.py:161} INFO - Started process (PID=2912) to work on /home/airflow/.local/lib/python3.8/site-packages/airflow/example_dags/example_branch_labels.py
[2024-02-13T12:36:49.362+0000] {processor.py:830} INFO - Processing file /home/airflow/.local/lib/python3.8/site-packages/airflow/example_dags/example_branch_labels.py for tasks to queue
[2024-02-13T12:36:49.362+0000] {logging_mixin.py:188} INFO - [2024-02-13T12:36:49.362+0000] {dagbag.py:538} INFO - Filling up the DagBag from /home/airflow/.local/lib/python3.8/site-packages/airflow/example_dags/example_branch_labels.py
[2024-02-13T12:36:49.370+0000] {processor.py:840} INFO - DAG(s) 'example_branch_labels' retrieved from /home/airflow/.local/lib/python3.8/site-packages/airflow/example_dags/example_branch_labels.py
[2024-02-13T12:36:49.391+0000] {logging_mixin.py:188} INFO - [2024-02-13T12:36:49.391+0000] {dag.py:3036} INFO - Sync 1 DAGs
[2024-02-13T12:36:49.418+0000] {logging_mixin.py:188} INFO - [2024-02-13T12:36:49.417+0000] {dag.py:3823} INFO - Setting next_dagrun for example_branch_labels to 2024-02-12 00:00:00+00:00, run_after=2024-02-13 00:00:00+00:00
[2024-02-13T12:36:49.436+0000] {processor.py:183} INFO - Processing /home/airflow/.local/lib/python3.8/site-packages/airflow/example_dags/example_branch_labels.py took 0.078 seconds
[2024-02-13T12:37:19.661+0000] {processor.py:161} INFO - Started process (PID=2968) to work on /home/airflow/.local/lib/python3.8/site-packages/airflow/example_dags/example_branch_labels.py
[2024-02-13T12:37:19.663+0000] {processor.py:830} INFO - Processing file /home/airflow/.local/lib/python3.8/site-packages/airflow/example_dags/example_branch_labels.py for tasks to queue
[2024-02-13T12:37:19.667+0000] {logging_mixin.py:188} INFO - [2024-02-13T12:37:19.666+0000] {dagbag.py:538} INFO - Filling up the DagBag from /home/airflow/.local/lib/python3.8/site-packages/airflow/example_dags/example_branch_labels.py
[2024-02-13T12:37:19.689+0000] {processor.py:840} INFO - DAG(s) 'example_branch_labels' retrieved from /home/airflow/.local/lib/python3.8/site-packages/airflow/example_dags/example_branch_labels.py
[2024-02-13T12:37:19.753+0000] {logging_mixin.py:188} INFO - [2024-02-13T12:37:19.751+0000] {dag.py:3036} INFO - Sync 1 DAGs
[2024-02-13T12:37:19.820+0000] {logging_mixin.py:188} INFO - [2024-02-13T12:37:19.820+0000] {dag.py:3823} INFO - Setting next_dagrun for example_branch_labels to 2024-02-12 00:00:00+00:00, run_after=2024-02-13 00:00:00+00:00
[2024-02-13T12:37:19.857+0000] {processor.py:183} INFO - Processing /home/airflow/.local/lib/python3.8/site-packages/airflow/example_dags/example_branch_labels.py took 0.201 seconds
[2024-02-13T12:37:50.757+0000] {processor.py:161} INFO - Started process (PID=3024) to work on /home/airflow/.local/lib/python3.8/site-packages/airflow/example_dags/example_branch_labels.py
[2024-02-13T12:37:50.757+0000] {processor.py:830} INFO - Processing file /home/airflow/.local/lib/python3.8/site-packages/airflow/example_dags/example_branch_labels.py for tasks to queue
[2024-02-13T12:37:50.758+0000] {logging_mixin.py:188} INFO - [2024-02-13T12:37:50.758+0000] {dagbag.py:538} INFO - Filling up the DagBag from /home/airflow/.local/lib/python3.8/site-packages/airflow/example_dags/example_branch_labels.py
[2024-02-13T12:37:50.765+0000] {processor.py:840} INFO - DAG(s) 'example_branch_labels' retrieved from /home/airflow/.local/lib/python3.8/site-packages/airflow/example_dags/example_branch_labels.py
[2024-02-13T12:37:50.786+0000] {logging_mixin.py:188} INFO - [2024-02-13T12:37:50.786+0000] {dag.py:3036} INFO - Sync 1 DAGs
[2024-02-13T12:37:50.808+0000] {logging_mixin.py:188} INFO - [2024-02-13T12:37:50.808+0000] {dag.py:3823} INFO - Setting next_dagrun for example_branch_labels to 2024-02-12 00:00:00+00:00, run_after=2024-02-13 00:00:00+00:00
[2024-02-13T12:37:50.826+0000] {processor.py:183} INFO - Processing /home/airflow/.local/lib/python3.8/site-packages/airflow/example_dags/example_branch_labels.py took 0.072 seconds
[2024-02-13T12:38:21.603+0000] {processor.py:161} INFO - Started process (PID=3080) to work on /home/airflow/.local/lib/python3.8/site-packages/airflow/example_dags/example_branch_labels.py
[2024-02-13T12:38:21.604+0000] {processor.py:830} INFO - Processing file /home/airflow/.local/lib/python3.8/site-packages/airflow/example_dags/example_branch_labels.py for tasks to queue
[2024-02-13T12:38:21.606+0000] {logging_mixin.py:188} INFO - [2024-02-13T12:38:21.605+0000] {dagbag.py:538} INFO - Filling up the DagBag from /home/airflow/.local/lib/python3.8/site-packages/airflow/example_dags/example_branch_labels.py
[2024-02-13T12:38:21.619+0000] {processor.py:840} INFO - DAG(s) 'example_branch_labels' retrieved from /home/airflow/.local/lib/python3.8/site-packages/airflow/example_dags/example_branch_labels.py
[2024-02-13T12:38:21.645+0000] {logging_mixin.py:188} INFO - [2024-02-13T12:38:21.644+0000] {dag.py:3036} INFO - Sync 1 DAGs
[2024-02-13T12:38:21.667+0000] {logging_mixin.py:188} INFO - [2024-02-13T12:38:21.667+0000] {dag.py:3823} INFO - Setting next_dagrun for example_branch_labels to 2024-02-12 00:00:00+00:00, run_after=2024-02-13 00:00:00+00:00
[2024-02-13T12:38:21.684+0000] {processor.py:183} INFO - Processing /home/airflow/.local/lib/python3.8/site-packages/airflow/example_dags/example_branch_labels.py took 0.086 seconds
[2024-02-13T12:38:51.858+0000] {processor.py:161} INFO - Started process (PID=3136) to work on /home/airflow/.local/lib/python3.8/site-packages/airflow/example_dags/example_branch_labels.py
[2024-02-13T12:38:51.860+0000] {processor.py:830} INFO - Processing file /home/airflow/.local/lib/python3.8/site-packages/airflow/example_dags/example_branch_labels.py for tasks to queue
[2024-02-13T12:38:51.862+0000] {logging_mixin.py:188} INFO - [2024-02-13T12:38:51.861+0000] {dagbag.py:538} INFO - Filling up the DagBag from /home/airflow/.local/lib/python3.8/site-packages/airflow/example_dags/example_branch_labels.py
[2024-02-13T12:38:51.871+0000] {processor.py:840} INFO - DAG(s) 'example_branch_labels' retrieved from /home/airflow/.local/lib/python3.8/site-packages/airflow/example_dags/example_branch_labels.py
[2024-02-13T12:38:51.894+0000] {logging_mixin.py:188} INFO - [2024-02-13T12:38:51.894+0000] {dag.py:3036} INFO - Sync 1 DAGs
[2024-02-13T12:38:51.917+0000] {logging_mixin.py:188} INFO - [2024-02-13T12:38:51.916+0000] {dag.py:3823} INFO - Setting next_dagrun for example_branch_labels to 2024-02-12 00:00:00+00:00, run_after=2024-02-13 00:00:00+00:00
[2024-02-13T12:38:51.933+0000] {processor.py:183} INFO - Processing /home/airflow/.local/lib/python3.8/site-packages/airflow/example_dags/example_branch_labels.py took 0.083 seconds
[2024-02-13T12:39:21.977+0000] {processor.py:161} INFO - Started process (PID=3193) to work on /home/airflow/.local/lib/python3.8/site-packages/airflow/example_dags/example_branch_labels.py
[2024-02-13T12:39:21.978+0000] {processor.py:830} INFO - Processing file /home/airflow/.local/lib/python3.8/site-packages/airflow/example_dags/example_branch_labels.py for tasks to queue
[2024-02-13T12:39:21.980+0000] {logging_mixin.py:188} INFO - [2024-02-13T12:39:21.979+0000] {dagbag.py:538} INFO - Filling up the DagBag from /home/airflow/.local/lib/python3.8/site-packages/airflow/example_dags/example_branch_labels.py
[2024-02-13T12:39:21.989+0000] {processor.py:840} INFO - DAG(s) 'example_branch_labels' retrieved from /home/airflow/.local/lib/python3.8/site-packages/airflow/example_dags/example_branch_labels.py
[2024-02-13T12:39:22.018+0000] {logging_mixin.py:188} INFO - [2024-02-13T12:39:22.017+0000] {dag.py:3036} INFO - Sync 1 DAGs
[2024-02-13T12:39:22.041+0000] {logging_mixin.py:188} INFO - [2024-02-13T12:39:22.041+0000] {dag.py:3823} INFO - Setting next_dagrun for example_branch_labels to 2024-02-12 00:00:00+00:00, run_after=2024-02-13 00:00:00+00:00
[2024-02-13T12:39:22.062+0000] {processor.py:183} INFO - Processing /home/airflow/.local/lib/python3.8/site-packages/airflow/example_dags/example_branch_labels.py took 0.089 seconds
[2024-02-13T12:39:52.262+0000] {processor.py:161} INFO - Started process (PID=3249) to work on /home/airflow/.local/lib/python3.8/site-packages/airflow/example_dags/example_branch_labels.py
[2024-02-13T12:39:52.262+0000] {processor.py:830} INFO - Processing file /home/airflow/.local/lib/python3.8/site-packages/airflow/example_dags/example_branch_labels.py for tasks to queue
[2024-02-13T12:39:52.263+0000] {logging_mixin.py:188} INFO - [2024-02-13T12:39:52.263+0000] {dagbag.py:538} INFO - Filling up the DagBag from /home/airflow/.local/lib/python3.8/site-packages/airflow/example_dags/example_branch_labels.py
[2024-02-13T12:39:52.270+0000] {processor.py:840} INFO - DAG(s) 'example_branch_labels' retrieved from /home/airflow/.local/lib/python3.8/site-packages/airflow/example_dags/example_branch_labels.py
[2024-02-13T12:39:52.295+0000] {logging_mixin.py:188} INFO - [2024-02-13T12:39:52.294+0000] {dag.py:3036} INFO - Sync 1 DAGs
[2024-02-13T12:39:52.320+0000] {logging_mixin.py:188} INFO - [2024-02-13T12:39:52.320+0000] {dag.py:3823} INFO - Setting next_dagrun for example_branch_labels to 2024-02-12 00:00:00+00:00, run_after=2024-02-13 00:00:00+00:00
[2024-02-13T12:39:52.338+0000] {processor.py:183} INFO - Processing /home/airflow/.local/lib/python3.8/site-packages/airflow/example_dags/example_branch_labels.py took 0.080 seconds
[2024-02-13T12:40:22.486+0000] {processor.py:161} INFO - Started process (PID=3305) to work on /home/airflow/.local/lib/python3.8/site-packages/airflow/example_dags/example_branch_labels.py
[2024-02-13T12:40:22.486+0000] {processor.py:830} INFO - Processing file /home/airflow/.local/lib/python3.8/site-packages/airflow/example_dags/example_branch_labels.py for tasks to queue
[2024-02-13T12:40:22.487+0000] {logging_mixin.py:188} INFO - [2024-02-13T12:40:22.487+0000] {dagbag.py:538} INFO - Filling up the DagBag from /home/airflow/.local/lib/python3.8/site-packages/airflow/example_dags/example_branch_labels.py
[2024-02-13T12:40:22.494+0000] {processor.py:840} INFO - DAG(s) 'example_branch_labels' retrieved from /home/airflow/.local/lib/python3.8/site-packages/airflow/example_dags/example_branch_labels.py
[2024-02-13T12:40:22.517+0000] {logging_mixin.py:188} INFO - [2024-02-13T12:40:22.516+0000] {dag.py:3036} INFO - Sync 1 DAGs
[2024-02-13T12:40:22.541+0000] {logging_mixin.py:188} INFO - [2024-02-13T12:40:22.541+0000] {dag.py:3823} INFO - Setting next_dagrun for example_branch_labels to 2024-02-12 00:00:00+00:00, run_after=2024-02-13 00:00:00+00:00
[2024-02-13T12:40:22.558+0000] {processor.py:183} INFO - Processing /home/airflow/.local/lib/python3.8/site-packages/airflow/example_dags/example_branch_labels.py took 0.076 seconds
[2024-02-13T12:40:53.110+0000] {processor.py:161} INFO - Started process (PID=3361) to work on /home/airflow/.local/lib/python3.8/site-packages/airflow/example_dags/example_branch_labels.py
[2024-02-13T12:40:53.111+0000] {processor.py:830} INFO - Processing file /home/airflow/.local/lib/python3.8/site-packages/airflow/example_dags/example_branch_labels.py for tasks to queue
[2024-02-13T12:40:53.112+0000] {logging_mixin.py:188} INFO - [2024-02-13T12:40:53.112+0000] {dagbag.py:538} INFO - Filling up the DagBag from /home/airflow/.local/lib/python3.8/site-packages/airflow/example_dags/example_branch_labels.py
[2024-02-13T12:40:53.123+0000] {processor.py:840} INFO - DAG(s) 'example_branch_labels' retrieved from /home/airflow/.local/lib/python3.8/site-packages/airflow/example_dags/example_branch_labels.py
[2024-02-13T12:40:53.156+0000] {logging_mixin.py:188} INFO - [2024-02-13T12:40:53.156+0000] {dag.py:3036} INFO - Sync 1 DAGs
[2024-02-13T12:40:53.206+0000] {logging_mixin.py:188} INFO - [2024-02-13T12:40:53.204+0000] {dag.py:3823} INFO - Setting next_dagrun for example_branch_labels to 2024-02-12 00:00:00+00:00, run_after=2024-02-13 00:00:00+00:00
[2024-02-13T12:40:53.248+0000] {processor.py:183} INFO - Processing /home/airflow/.local/lib/python3.8/site-packages/airflow/example_dags/example_branch_labels.py took 0.142 seconds
[2024-02-13T12:41:23.629+0000] {processor.py:161} INFO - Started process (PID=3418) to work on /home/airflow/.local/lib/python3.8/site-packages/airflow/example_dags/example_branch_labels.py
[2024-02-13T12:41:23.630+0000] {processor.py:830} INFO - Processing file /home/airflow/.local/lib/python3.8/site-packages/airflow/example_dags/example_branch_labels.py for tasks to queue
[2024-02-13T12:41:23.630+0000] {logging_mixin.py:188} INFO - [2024-02-13T12:41:23.630+0000] {dagbag.py:538} INFO - Filling up the DagBag from /home/airflow/.local/lib/python3.8/site-packages/airflow/example_dags/example_branch_labels.py
[2024-02-13T12:41:23.640+0000] {processor.py:840} INFO - DAG(s) 'example_branch_labels' retrieved from /home/airflow/.local/lib/python3.8/site-packages/airflow/example_dags/example_branch_labels.py
[2024-02-13T12:41:23.663+0000] {logging_mixin.py:188} INFO - [2024-02-13T12:41:23.663+0000] {dag.py:3036} INFO - Sync 1 DAGs
[2024-02-13T12:41:23.696+0000] {logging_mixin.py:188} INFO - [2024-02-13T12:41:23.696+0000] {dag.py:3823} INFO - Setting next_dagrun for example_branch_labels to 2024-02-12 00:00:00+00:00, run_after=2024-02-13 00:00:00+00:00
[2024-02-13T12:41:23.719+0000] {processor.py:183} INFO - Processing /home/airflow/.local/lib/python3.8/site-packages/airflow/example_dags/example_branch_labels.py took 0.092 seconds
[2024-02-13T12:41:54.352+0000] {processor.py:161} INFO - Started process (PID=3474) to work on /home/airflow/.local/lib/python3.8/site-packages/airflow/example_dags/example_branch_labels.py
[2024-02-13T12:41:54.355+0000] {processor.py:830} INFO - Processing file /home/airflow/.local/lib/python3.8/site-packages/airflow/example_dags/example_branch_labels.py for tasks to queue
[2024-02-13T12:41:54.360+0000] {logging_mixin.py:188} INFO - [2024-02-13T12:41:54.359+0000] {dagbag.py:538} INFO - Filling up the DagBag from /home/airflow/.local/lib/python3.8/site-packages/airflow/example_dags/example_branch_labels.py
[2024-02-13T12:41:54.406+0000] {processor.py:840} INFO - DAG(s) 'example_branch_labels' retrieved from /home/airflow/.local/lib/python3.8/site-packages/airflow/example_dags/example_branch_labels.py
[2024-02-13T12:41:54.493+0000] {logging_mixin.py:188} INFO - [2024-02-13T12:41:54.492+0000] {dag.py:3036} INFO - Sync 1 DAGs
[2024-02-13T12:41:54.566+0000] {logging_mixin.py:188} INFO - [2024-02-13T12:41:54.565+0000] {dag.py:3823} INFO - Setting next_dagrun for example_branch_labels to 2024-02-12 00:00:00+00:00, run_after=2024-02-13 00:00:00+00:00
[2024-02-13T12:41:54.611+0000] {processor.py:183} INFO - Processing /home/airflow/.local/lib/python3.8/site-packages/airflow/example_dags/example_branch_labels.py took 0.266 seconds
[2024-02-13T12:42:24.689+0000] {processor.py:161} INFO - Started process (PID=3530) to work on /home/airflow/.local/lib/python3.8/site-packages/airflow/example_dags/example_branch_labels.py
[2024-02-13T12:42:24.692+0000] {processor.py:830} INFO - Processing file /home/airflow/.local/lib/python3.8/site-packages/airflow/example_dags/example_branch_labels.py for tasks to queue
[2024-02-13T12:42:24.693+0000] {logging_mixin.py:188} INFO - [2024-02-13T12:42:24.693+0000] {dagbag.py:538} INFO - Filling up the DagBag from /home/airflow/.local/lib/python3.8/site-packages/airflow/example_dags/example_branch_labels.py
[2024-02-13T12:42:24.706+0000] {processor.py:840} INFO - DAG(s) 'example_branch_labels' retrieved from /home/airflow/.local/lib/python3.8/site-packages/airflow/example_dags/example_branch_labels.py
[2024-02-13T12:42:24.748+0000] {logging_mixin.py:188} INFO - [2024-02-13T12:42:24.748+0000] {dag.py:3036} INFO - Sync 1 DAGs
[2024-02-13T12:42:24.792+0000] {logging_mixin.py:188} INFO - [2024-02-13T12:42:24.791+0000] {dag.py:3823} INFO - Setting next_dagrun for example_branch_labels to 2024-02-12 00:00:00+00:00, run_after=2024-02-13 00:00:00+00:00
[2024-02-13T12:42:24.822+0000] {processor.py:183} INFO - Processing /home/airflow/.local/lib/python3.8/site-packages/airflow/example_dags/example_branch_labels.py took 0.137 seconds
[2024-02-13T12:42:55.402+0000] {processor.py:161} INFO - Started process (PID=3586) to work on /home/airflow/.local/lib/python3.8/site-packages/airflow/example_dags/example_branch_labels.py
[2024-02-13T12:42:55.404+0000] {processor.py:830} INFO - Processing file /home/airflow/.local/lib/python3.8/site-packages/airflow/example_dags/example_branch_labels.py for tasks to queue
[2024-02-13T12:42:55.405+0000] {logging_mixin.py:188} INFO - [2024-02-13T12:42:55.404+0000] {dagbag.py:538} INFO - Filling up the DagBag from /home/airflow/.local/lib/python3.8/site-packages/airflow/example_dags/example_branch_labels.py
[2024-02-13T12:42:55.419+0000] {processor.py:840} INFO - DAG(s) 'example_branch_labels' retrieved from /home/airflow/.local/lib/python3.8/site-packages/airflow/example_dags/example_branch_labels.py
[2024-02-13T12:42:55.464+0000] {logging_mixin.py:188} INFO - [2024-02-13T12:42:55.464+0000] {dag.py:3036} INFO - Sync 1 DAGs
[2024-02-13T12:42:55.506+0000] {logging_mixin.py:188} INFO - [2024-02-13T12:42:55.505+0000] {dag.py:3823} INFO - Setting next_dagrun for example_branch_labels to 2024-02-12 00:00:00+00:00, run_after=2024-02-13 00:00:00+00:00
[2024-02-13T12:42:55.541+0000] {processor.py:183} INFO - Processing /home/airflow/.local/lib/python3.8/site-packages/airflow/example_dags/example_branch_labels.py took 0.144 seconds
