[2024-02-13T12:10:57.877+0000] {processor.py:161} INFO - Started process (PID=79) to work on /home/airflow/.local/lib/python3.8/site-packages/airflow/example_dags/tutorial.py
[2024-02-13T12:10:57.877+0000] {processor.py:830} INFO - Processing file /home/airflow/.local/lib/python3.8/site-packages/airflow/example_dags/tutorial.py for tasks to queue
[2024-02-13T12:10:57.878+0000] {logging_mixin.py:188} INFO - [2024-02-13T12:10:57.878+0000] {dagbag.py:538} INFO - Filling up the DagBag from /home/airflow/.local/lib/python3.8/site-packages/airflow/example_dags/tutorial.py
[2024-02-13T12:10:57.884+0000] {processor.py:840} INFO - DAG(s) 'tutorial' retrieved from /home/airflow/.local/lib/python3.8/site-packages/airflow/example_dags/tutorial.py
[2024-02-13T12:10:58.062+0000] {logging_mixin.py:188} INFO - [2024-02-13T12:10:58.061+0000] {dag.py:3036} INFO - Sync 1 DAGs
[2024-02-13T12:10:58.098+0000] {logging_mixin.py:188} INFO - [2024-02-13T12:10:58.097+0000] {dag.py:3823} INFO - Setting next_dagrun for tutorial to 2024-02-12 00:00:00+00:00, run_after=2024-02-13 00:00:00+00:00
[2024-02-13T12:10:58.148+0000] {processor.py:183} INFO - Processing /home/airflow/.local/lib/python3.8/site-packages/airflow/example_dags/tutorial.py took 0.274 seconds
[2024-02-13T12:11:28.498+0000] {processor.py:161} INFO - Started process (PID=135) to work on /home/airflow/.local/lib/python3.8/site-packages/airflow/example_dags/tutorial.py
[2024-02-13T12:11:28.502+0000] {processor.py:830} INFO - Processing file /home/airflow/.local/lib/python3.8/site-packages/airflow/example_dags/tutorial.py for tasks to queue
[2024-02-13T12:11:28.504+0000] {logging_mixin.py:188} INFO - [2024-02-13T12:11:28.503+0000] {dagbag.py:538} INFO - Filling up the DagBag from /home/airflow/.local/lib/python3.8/site-packages/airflow/example_dags/tutorial.py
[2024-02-13T12:11:28.518+0000] {processor.py:840} INFO - DAG(s) 'tutorial' retrieved from /home/airflow/.local/lib/python3.8/site-packages/airflow/example_dags/tutorial.py
[2024-02-13T12:11:28.565+0000] {logging_mixin.py:188} INFO - [2024-02-13T12:11:28.565+0000] {dag.py:3036} INFO - Sync 1 DAGs
[2024-02-13T12:11:28.618+0000] {logging_mixin.py:188} INFO - [2024-02-13T12:11:28.618+0000] {dag.py:3823} INFO - Setting next_dagrun for tutorial to 2024-02-12 00:00:00+00:00, run_after=2024-02-13 00:00:00+00:00
[2024-02-13T12:11:28.670+0000] {processor.py:183} INFO - Processing /home/airflow/.local/lib/python3.8/site-packages/airflow/example_dags/tutorial.py took 0.178 seconds
[2024-02-13T12:11:59.452+0000] {processor.py:161} INFO - Started process (PID=197) to work on /home/airflow/.local/lib/python3.8/site-packages/airflow/example_dags/tutorial.py
[2024-02-13T12:11:59.456+0000] {processor.py:830} INFO - Processing file /home/airflow/.local/lib/python3.8/site-packages/airflow/example_dags/tutorial.py for tasks to queue
[2024-02-13T12:11:59.458+0000] {logging_mixin.py:188} INFO - [2024-02-13T12:11:59.458+0000] {dagbag.py:538} INFO - Filling up the DagBag from /home/airflow/.local/lib/python3.8/site-packages/airflow/example_dags/tutorial.py
[2024-02-13T12:11:59.468+0000] {processor.py:840} INFO - DAG(s) 'tutorial' retrieved from /home/airflow/.local/lib/python3.8/site-packages/airflow/example_dags/tutorial.py
[2024-02-13T12:11:59.512+0000] {logging_mixin.py:188} INFO - [2024-02-13T12:11:59.512+0000] {dag.py:3036} INFO - Sync 1 DAGs
[2024-02-13T12:11:59.563+0000] {logging_mixin.py:188} INFO - [2024-02-13T12:11:59.562+0000] {dag.py:3823} INFO - Setting next_dagrun for tutorial to 2024-02-12 00:00:00+00:00, run_after=2024-02-13 00:00:00+00:00
[2024-02-13T12:11:59.607+0000] {processor.py:183} INFO - Processing /home/airflow/.local/lib/python3.8/site-packages/airflow/example_dags/tutorial.py took 0.161 seconds
[2024-02-13T12:12:34.475+0000] {processor.py:161} INFO - Started process (PID=254) to work on /home/airflow/.local/lib/python3.8/site-packages/airflow/example_dags/tutorial.py
[2024-02-13T12:12:34.477+0000] {processor.py:830} INFO - Processing file /home/airflow/.local/lib/python3.8/site-packages/airflow/example_dags/tutorial.py for tasks to queue
[2024-02-13T12:12:34.480+0000] {logging_mixin.py:188} INFO - [2024-02-13T12:12:34.479+0000] {dagbag.py:538} INFO - Filling up the DagBag from /home/airflow/.local/lib/python3.8/site-packages/airflow/example_dags/tutorial.py
[2024-02-13T12:12:34.501+0000] {processor.py:840} INFO - DAG(s) 'tutorial' retrieved from /home/airflow/.local/lib/python3.8/site-packages/airflow/example_dags/tutorial.py
[2024-02-13T12:12:34.559+0000] {logging_mixin.py:188} INFO - [2024-02-13T12:12:34.558+0000] {dag.py:3036} INFO - Sync 1 DAGs
[2024-02-13T12:12:34.613+0000] {logging_mixin.py:188} INFO - [2024-02-13T12:12:34.612+0000] {dag.py:3823} INFO - Setting next_dagrun for tutorial to 2024-02-12 00:00:00+00:00, run_after=2024-02-13 00:00:00+00:00
[2024-02-13T12:12:34.675+0000] {processor.py:183} INFO - Processing /home/airflow/.local/lib/python3.8/site-packages/airflow/example_dags/tutorial.py took 0.207 seconds
[2024-02-13T12:13:06.280+0000] {processor.py:161} INFO - Started process (PID=309) to work on /home/airflow/.local/lib/python3.8/site-packages/airflow/example_dags/tutorial.py
[2024-02-13T12:13:06.284+0000] {processor.py:830} INFO - Processing file /home/airflow/.local/lib/python3.8/site-packages/airflow/example_dags/tutorial.py for tasks to queue
[2024-02-13T12:13:06.286+0000] {logging_mixin.py:188} INFO - [2024-02-13T12:13:06.285+0000] {dagbag.py:538} INFO - Filling up the DagBag from /home/airflow/.local/lib/python3.8/site-packages/airflow/example_dags/tutorial.py
[2024-02-13T12:13:06.297+0000] {processor.py:840} INFO - DAG(s) 'tutorial' retrieved from /home/airflow/.local/lib/python3.8/site-packages/airflow/example_dags/tutorial.py
[2024-02-13T12:13:06.349+0000] {logging_mixin.py:188} INFO - [2024-02-13T12:13:06.349+0000] {dag.py:3036} INFO - Sync 1 DAGs
[2024-02-13T12:13:06.414+0000] {logging_mixin.py:188} INFO - [2024-02-13T12:13:06.413+0000] {dag.py:3823} INFO - Setting next_dagrun for tutorial to 2024-02-12 00:00:00+00:00, run_after=2024-02-13 00:00:00+00:00
[2024-02-13T12:13:06.462+0000] {processor.py:183} INFO - Processing /home/airflow/.local/lib/python3.8/site-packages/airflow/example_dags/tutorial.py took 0.186 seconds
[2024-02-13T12:13:39.478+0000] {processor.py:161} INFO - Started process (PID=364) to work on /home/airflow/.local/lib/python3.8/site-packages/airflow/example_dags/tutorial.py
[2024-02-13T12:13:39.481+0000] {processor.py:830} INFO - Processing file /home/airflow/.local/lib/python3.8/site-packages/airflow/example_dags/tutorial.py for tasks to queue
[2024-02-13T12:13:39.486+0000] {logging_mixin.py:188} INFO - [2024-02-13T12:13:39.484+0000] {dagbag.py:538} INFO - Filling up the DagBag from /home/airflow/.local/lib/python3.8/site-packages/airflow/example_dags/tutorial.py
[2024-02-13T12:13:39.499+0000] {processor.py:840} INFO - DAG(s) 'tutorial' retrieved from /home/airflow/.local/lib/python3.8/site-packages/airflow/example_dags/tutorial.py
[2024-02-13T12:13:39.564+0000] {logging_mixin.py:188} INFO - [2024-02-13T12:13:39.563+0000] {dag.py:3036} INFO - Sync 1 DAGs
[2024-02-13T12:13:39.635+0000] {logging_mixin.py:188} INFO - [2024-02-13T12:13:39.635+0000] {dag.py:3823} INFO - Setting next_dagrun for tutorial to 2024-02-12 00:00:00+00:00, run_after=2024-02-13 00:00:00+00:00
[2024-02-13T12:13:39.682+0000] {processor.py:183} INFO - Processing /home/airflow/.local/lib/python3.8/site-packages/airflow/example_dags/tutorial.py took 0.209 seconds
[2024-02-13T12:14:11.353+0000] {processor.py:161} INFO - Started process (PID=421) to work on /home/airflow/.local/lib/python3.8/site-packages/airflow/example_dags/tutorial.py
[2024-02-13T12:14:11.354+0000] {processor.py:830} INFO - Processing file /home/airflow/.local/lib/python3.8/site-packages/airflow/example_dags/tutorial.py for tasks to queue
[2024-02-13T12:14:11.356+0000] {logging_mixin.py:188} INFO - [2024-02-13T12:14:11.355+0000] {dagbag.py:538} INFO - Filling up the DagBag from /home/airflow/.local/lib/python3.8/site-packages/airflow/example_dags/tutorial.py
[2024-02-13T12:14:11.363+0000] {processor.py:840} INFO - DAG(s) 'tutorial' retrieved from /home/airflow/.local/lib/python3.8/site-packages/airflow/example_dags/tutorial.py
[2024-02-13T12:14:11.383+0000] {logging_mixin.py:188} INFO - [2024-02-13T12:14:11.383+0000] {dag.py:3036} INFO - Sync 1 DAGs
[2024-02-13T12:14:11.430+0000] {logging_mixin.py:188} INFO - [2024-02-13T12:14:11.430+0000] {dag.py:3823} INFO - Setting next_dagrun for tutorial to 2024-02-12 00:00:00+00:00, run_after=2024-02-13 00:00:00+00:00
[2024-02-13T12:14:11.471+0000] {processor.py:183} INFO - Processing /home/airflow/.local/lib/python3.8/site-packages/airflow/example_dags/tutorial.py took 0.121 seconds
[2024-02-13T12:14:42.747+0000] {processor.py:161} INFO - Started process (PID=476) to work on /home/airflow/.local/lib/python3.8/site-packages/airflow/example_dags/tutorial.py
[2024-02-13T12:14:42.748+0000] {processor.py:830} INFO - Processing file /home/airflow/.local/lib/python3.8/site-packages/airflow/example_dags/tutorial.py for tasks to queue
[2024-02-13T12:14:42.749+0000] {logging_mixin.py:188} INFO - [2024-02-13T12:14:42.749+0000] {dagbag.py:538} INFO - Filling up the DagBag from /home/airflow/.local/lib/python3.8/site-packages/airflow/example_dags/tutorial.py
[2024-02-13T12:14:42.759+0000] {processor.py:840} INFO - DAG(s) 'tutorial' retrieved from /home/airflow/.local/lib/python3.8/site-packages/airflow/example_dags/tutorial.py
[2024-02-13T12:14:42.796+0000] {logging_mixin.py:188} INFO - [2024-02-13T12:14:42.795+0000] {dag.py:3036} INFO - Sync 1 DAGs
[2024-02-13T12:14:42.844+0000] {logging_mixin.py:188} INFO - [2024-02-13T12:14:42.843+0000] {dag.py:3823} INFO - Setting next_dagrun for tutorial to 2024-02-12 00:00:00+00:00, run_after=2024-02-13 00:00:00+00:00
[2024-02-13T12:14:42.880+0000] {processor.py:183} INFO - Processing /home/airflow/.local/lib/python3.8/site-packages/airflow/example_dags/tutorial.py took 0.139 seconds
[2024-02-13T12:15:13.655+0000] {processor.py:161} INFO - Started process (PID=532) to work on /home/airflow/.local/lib/python3.8/site-packages/airflow/example_dags/tutorial.py
[2024-02-13T12:15:13.657+0000] {processor.py:830} INFO - Processing file /home/airflow/.local/lib/python3.8/site-packages/airflow/example_dags/tutorial.py for tasks to queue
[2024-02-13T12:15:13.659+0000] {logging_mixin.py:188} INFO - [2024-02-13T12:15:13.658+0000] {dagbag.py:538} INFO - Filling up the DagBag from /home/airflow/.local/lib/python3.8/site-packages/airflow/example_dags/tutorial.py
[2024-02-13T12:15:13.679+0000] {processor.py:840} INFO - DAG(s) 'tutorial' retrieved from /home/airflow/.local/lib/python3.8/site-packages/airflow/example_dags/tutorial.py
[2024-02-13T12:15:13.720+0000] {logging_mixin.py:188} INFO - [2024-02-13T12:15:13.719+0000] {dag.py:3036} INFO - Sync 1 DAGs
[2024-02-13T12:15:13.762+0000] {logging_mixin.py:188} INFO - [2024-02-13T12:15:13.762+0000] {dag.py:3823} INFO - Setting next_dagrun for tutorial to 2024-02-12 00:00:00+00:00, run_after=2024-02-13 00:00:00+00:00
[2024-02-13T12:15:13.792+0000] {processor.py:183} INFO - Processing /home/airflow/.local/lib/python3.8/site-packages/airflow/example_dags/tutorial.py took 0.144 seconds
[2024-02-13T12:15:44.516+0000] {processor.py:161} INFO - Started process (PID=587) to work on /home/airflow/.local/lib/python3.8/site-packages/airflow/example_dags/tutorial.py
[2024-02-13T12:15:44.517+0000] {processor.py:830} INFO - Processing file /home/airflow/.local/lib/python3.8/site-packages/airflow/example_dags/tutorial.py for tasks to queue
[2024-02-13T12:15:44.517+0000] {logging_mixin.py:188} INFO - [2024-02-13T12:15:44.517+0000] {dagbag.py:538} INFO - Filling up the DagBag from /home/airflow/.local/lib/python3.8/site-packages/airflow/example_dags/tutorial.py
[2024-02-13T12:15:44.523+0000] {processor.py:840} INFO - DAG(s) 'tutorial' retrieved from /home/airflow/.local/lib/python3.8/site-packages/airflow/example_dags/tutorial.py
[2024-02-13T12:15:44.541+0000] {logging_mixin.py:188} INFO - [2024-02-13T12:15:44.541+0000] {dag.py:3036} INFO - Sync 1 DAGs
[2024-02-13T12:15:44.565+0000] {logging_mixin.py:188} INFO - [2024-02-13T12:15:44.564+0000] {dag.py:3823} INFO - Setting next_dagrun for tutorial to 2024-02-12 00:00:00+00:00, run_after=2024-02-13 00:00:00+00:00
[2024-02-13T12:15:44.589+0000] {processor.py:183} INFO - Processing /home/airflow/.local/lib/python3.8/site-packages/airflow/example_dags/tutorial.py took 0.075 seconds
[2024-02-13T12:16:14.978+0000] {processor.py:161} INFO - Started process (PID=642) to work on /home/airflow/.local/lib/python3.8/site-packages/airflow/example_dags/tutorial.py
[2024-02-13T12:16:14.979+0000] {processor.py:830} INFO - Processing file /home/airflow/.local/lib/python3.8/site-packages/airflow/example_dags/tutorial.py for tasks to queue
[2024-02-13T12:16:14.980+0000] {logging_mixin.py:188} INFO - [2024-02-13T12:16:14.979+0000] {dagbag.py:538} INFO - Filling up the DagBag from /home/airflow/.local/lib/python3.8/site-packages/airflow/example_dags/tutorial.py
[2024-02-13T12:16:14.988+0000] {processor.py:840} INFO - DAG(s) 'tutorial' retrieved from /home/airflow/.local/lib/python3.8/site-packages/airflow/example_dags/tutorial.py
[2024-02-13T12:16:15.008+0000] {logging_mixin.py:188} INFO - [2024-02-13T12:16:15.008+0000] {dag.py:3036} INFO - Sync 1 DAGs
[2024-02-13T12:16:15.030+0000] {logging_mixin.py:188} INFO - [2024-02-13T12:16:15.030+0000] {dag.py:3823} INFO - Setting next_dagrun for tutorial to 2024-02-12 00:00:00+00:00, run_after=2024-02-13 00:00:00+00:00
[2024-02-13T12:16:15.050+0000] {processor.py:183} INFO - Processing /home/airflow/.local/lib/python3.8/site-packages/airflow/example_dags/tutorial.py took 0.075 seconds
[2024-02-13T12:16:45.953+0000] {processor.py:161} INFO - Started process (PID=699) to work on /home/airflow/.local/lib/python3.8/site-packages/airflow/example_dags/tutorial.py
[2024-02-13T12:16:45.954+0000] {processor.py:830} INFO - Processing file /home/airflow/.local/lib/python3.8/site-packages/airflow/example_dags/tutorial.py for tasks to queue
[2024-02-13T12:16:45.955+0000] {logging_mixin.py:188} INFO - [2024-02-13T12:16:45.955+0000] {dagbag.py:538} INFO - Filling up the DagBag from /home/airflow/.local/lib/python3.8/site-packages/airflow/example_dags/tutorial.py
[2024-02-13T12:16:45.963+0000] {processor.py:840} INFO - DAG(s) 'tutorial' retrieved from /home/airflow/.local/lib/python3.8/site-packages/airflow/example_dags/tutorial.py
[2024-02-13T12:16:45.985+0000] {logging_mixin.py:188} INFO - [2024-02-13T12:16:45.985+0000] {dag.py:3036} INFO - Sync 1 DAGs
[2024-02-13T12:16:46.008+0000] {logging_mixin.py:188} INFO - [2024-02-13T12:16:46.008+0000] {dag.py:3823} INFO - Setting next_dagrun for tutorial to 2024-02-12 00:00:00+00:00, run_after=2024-02-13 00:00:00+00:00
[2024-02-13T12:16:46.028+0000] {processor.py:183} INFO - Processing /home/airflow/.local/lib/python3.8/site-packages/airflow/example_dags/tutorial.py took 0.078 seconds
[2024-02-13T12:17:17.295+0000] {processor.py:161} INFO - Started process (PID=759) to work on /home/airflow/.local/lib/python3.8/site-packages/airflow/example_dags/tutorial.py
[2024-02-13T12:17:17.297+0000] {processor.py:830} INFO - Processing file /home/airflow/.local/lib/python3.8/site-packages/airflow/example_dags/tutorial.py for tasks to queue
[2024-02-13T12:17:17.300+0000] {logging_mixin.py:188} INFO - [2024-02-13T12:17:17.298+0000] {dagbag.py:538} INFO - Filling up the DagBag from /home/airflow/.local/lib/python3.8/site-packages/airflow/example_dags/tutorial.py
[2024-02-13T12:17:17.322+0000] {processor.py:840} INFO - DAG(s) 'tutorial' retrieved from /home/airflow/.local/lib/python3.8/site-packages/airflow/example_dags/tutorial.py
[2024-02-13T12:17:17.400+0000] {logging_mixin.py:188} INFO - [2024-02-13T12:17:17.400+0000] {dag.py:3036} INFO - Sync 1 DAGs
[2024-02-13T12:17:17.490+0000] {logging_mixin.py:188} INFO - [2024-02-13T12:17:17.489+0000] {dag.py:3823} INFO - Setting next_dagrun for tutorial to 2024-02-12 00:00:00+00:00, run_after=2024-02-13 00:00:00+00:00
[2024-02-13T12:17:17.571+0000] {processor.py:183} INFO - Processing /home/airflow/.local/lib/python3.8/site-packages/airflow/example_dags/tutorial.py took 0.287 seconds
[2024-02-13T12:17:49.061+0000] {processor.py:161} INFO - Started process (PID=819) to work on /home/airflow/.local/lib/python3.8/site-packages/airflow/example_dags/tutorial.py
[2024-02-13T12:17:49.072+0000] {processor.py:830} INFO - Processing file /home/airflow/.local/lib/python3.8/site-packages/airflow/example_dags/tutorial.py for tasks to queue
[2024-02-13T12:17:49.074+0000] {logging_mixin.py:188} INFO - [2024-02-13T12:17:49.073+0000] {dagbag.py:538} INFO - Filling up the DagBag from /home/airflow/.local/lib/python3.8/site-packages/airflow/example_dags/tutorial.py
[2024-02-13T12:17:49.092+0000] {processor.py:840} INFO - DAG(s) 'tutorial' retrieved from /home/airflow/.local/lib/python3.8/site-packages/airflow/example_dags/tutorial.py
[2024-02-13T12:17:49.147+0000] {logging_mixin.py:188} INFO - [2024-02-13T12:17:49.146+0000] {dag.py:3036} INFO - Sync 1 DAGs
[2024-02-13T12:17:49.228+0000] {logging_mixin.py:188} INFO - [2024-02-13T12:17:49.228+0000] {dag.py:3823} INFO - Setting next_dagrun for tutorial to 2024-02-12 00:00:00+00:00, run_after=2024-02-13 00:00:00+00:00
[2024-02-13T12:17:49.366+0000] {processor.py:183} INFO - Processing /home/airflow/.local/lib/python3.8/site-packages/airflow/example_dags/tutorial.py took 0.307 seconds
[2024-02-13T12:18:19.482+0000] {processor.py:161} INFO - Started process (PID=875) to work on /home/airflow/.local/lib/python3.8/site-packages/airflow/example_dags/tutorial.py
[2024-02-13T12:18:19.488+0000] {processor.py:830} INFO - Processing file /home/airflow/.local/lib/python3.8/site-packages/airflow/example_dags/tutorial.py for tasks to queue
[2024-02-13T12:18:19.490+0000] {logging_mixin.py:188} INFO - [2024-02-13T12:18:19.489+0000] {dagbag.py:538} INFO - Filling up the DagBag from /home/airflow/.local/lib/python3.8/site-packages/airflow/example_dags/tutorial.py
[2024-02-13T12:18:19.511+0000] {processor.py:840} INFO - DAG(s) 'tutorial' retrieved from /home/airflow/.local/lib/python3.8/site-packages/airflow/example_dags/tutorial.py
[2024-02-13T12:18:19.587+0000] {logging_mixin.py:188} INFO - [2024-02-13T12:18:19.586+0000] {dag.py:3036} INFO - Sync 1 DAGs
[2024-02-13T12:18:19.670+0000] {logging_mixin.py:188} INFO - [2024-02-13T12:18:19.670+0000] {dag.py:3823} INFO - Setting next_dagrun for tutorial to 2024-02-12 00:00:00+00:00, run_after=2024-02-13 00:00:00+00:00
[2024-02-13T12:18:19.725+0000] {processor.py:183} INFO - Processing /home/airflow/.local/lib/python3.8/site-packages/airflow/example_dags/tutorial.py took 0.261 seconds
[2024-02-13T12:18:50.662+0000] {processor.py:161} INFO - Started process (PID=932) to work on /home/airflow/.local/lib/python3.8/site-packages/airflow/example_dags/tutorial.py
[2024-02-13T12:18:50.683+0000] {processor.py:830} INFO - Processing file /home/airflow/.local/lib/python3.8/site-packages/airflow/example_dags/tutorial.py for tasks to queue
[2024-02-13T12:18:50.685+0000] {logging_mixin.py:188} INFO - [2024-02-13T12:18:50.684+0000] {dagbag.py:538} INFO - Filling up the DagBag from /home/airflow/.local/lib/python3.8/site-packages/airflow/example_dags/tutorial.py
[2024-02-13T12:18:50.707+0000] {processor.py:840} INFO - DAG(s) 'tutorial' retrieved from /home/airflow/.local/lib/python3.8/site-packages/airflow/example_dags/tutorial.py
[2024-02-13T12:18:50.814+0000] {logging_mixin.py:188} INFO - [2024-02-13T12:18:50.813+0000] {dag.py:3036} INFO - Sync 1 DAGs
[2024-02-13T12:18:50.955+0000] {logging_mixin.py:188} INFO - [2024-02-13T12:18:50.954+0000] {dag.py:3823} INFO - Setting next_dagrun for tutorial to 2024-02-12 00:00:00+00:00, run_after=2024-02-13 00:00:00+00:00
[2024-02-13T12:18:51.134+0000] {processor.py:183} INFO - Processing /home/airflow/.local/lib/python3.8/site-packages/airflow/example_dags/tutorial.py took 0.508 seconds
[2024-02-13T12:19:22.203+0000] {processor.py:161} INFO - Started process (PID=990) to work on /home/airflow/.local/lib/python3.8/site-packages/airflow/example_dags/tutorial.py
[2024-02-13T12:19:22.210+0000] {processor.py:830} INFO - Processing file /home/airflow/.local/lib/python3.8/site-packages/airflow/example_dags/tutorial.py for tasks to queue
[2024-02-13T12:19:22.212+0000] {logging_mixin.py:188} INFO - [2024-02-13T12:19:22.211+0000] {dagbag.py:538} INFO - Filling up the DagBag from /home/airflow/.local/lib/python3.8/site-packages/airflow/example_dags/tutorial.py
[2024-02-13T12:19:22.247+0000] {processor.py:840} INFO - DAG(s) 'tutorial' retrieved from /home/airflow/.local/lib/python3.8/site-packages/airflow/example_dags/tutorial.py
[2024-02-13T12:19:22.360+0000] {logging_mixin.py:188} INFO - [2024-02-13T12:19:22.359+0000] {dag.py:3036} INFO - Sync 1 DAGs
[2024-02-13T12:19:22.423+0000] {logging_mixin.py:188} INFO - [2024-02-13T12:19:22.423+0000] {dag.py:3823} INFO - Setting next_dagrun for tutorial to 2024-02-12 00:00:00+00:00, run_after=2024-02-13 00:00:00+00:00
[2024-02-13T12:19:22.490+0000] {processor.py:183} INFO - Processing /home/airflow/.local/lib/python3.8/site-packages/airflow/example_dags/tutorial.py took 0.299 seconds
[2024-02-13T12:19:52.592+0000] {processor.py:161} INFO - Started process (PID=1046) to work on /home/airflow/.local/lib/python3.8/site-packages/airflow/example_dags/tutorial.py
[2024-02-13T12:19:52.594+0000] {processor.py:830} INFO - Processing file /home/airflow/.local/lib/python3.8/site-packages/airflow/example_dags/tutorial.py for tasks to queue
[2024-02-13T12:19:52.596+0000] {logging_mixin.py:188} INFO - [2024-02-13T12:19:52.595+0000] {dagbag.py:538} INFO - Filling up the DagBag from /home/airflow/.local/lib/python3.8/site-packages/airflow/example_dags/tutorial.py
[2024-02-13T12:19:52.621+0000] {processor.py:840} INFO - DAG(s) 'tutorial' retrieved from /home/airflow/.local/lib/python3.8/site-packages/airflow/example_dags/tutorial.py
[2024-02-13T12:19:52.716+0000] {logging_mixin.py:188} INFO - [2024-02-13T12:19:52.714+0000] {dag.py:3036} INFO - Sync 1 DAGs
[2024-02-13T12:19:52.802+0000] {logging_mixin.py:188} INFO - [2024-02-13T12:19:52.802+0000] {dag.py:3823} INFO - Setting next_dagrun for tutorial to 2024-02-12 00:00:00+00:00, run_after=2024-02-13 00:00:00+00:00
[2024-02-13T12:19:52.875+0000] {processor.py:183} INFO - Processing /home/airflow/.local/lib/python3.8/site-packages/airflow/example_dags/tutorial.py took 0.295 seconds
[2024-02-13T12:20:22.993+0000] {processor.py:161} INFO - Started process (PID=1103) to work on /home/airflow/.local/lib/python3.8/site-packages/airflow/example_dags/tutorial.py
[2024-02-13T12:20:22.994+0000] {processor.py:830} INFO - Processing file /home/airflow/.local/lib/python3.8/site-packages/airflow/example_dags/tutorial.py for tasks to queue
[2024-02-13T12:20:22.995+0000] {logging_mixin.py:188} INFO - [2024-02-13T12:20:22.995+0000] {dagbag.py:538} INFO - Filling up the DagBag from /home/airflow/.local/lib/python3.8/site-packages/airflow/example_dags/tutorial.py
[2024-02-13T12:20:23.003+0000] {processor.py:840} INFO - DAG(s) 'tutorial' retrieved from /home/airflow/.local/lib/python3.8/site-packages/airflow/example_dags/tutorial.py
[2024-02-13T12:20:23.028+0000] {logging_mixin.py:188} INFO - [2024-02-13T12:20:23.028+0000] {dag.py:3036} INFO - Sync 1 DAGs
[2024-02-13T12:20:23.057+0000] {logging_mixin.py:188} INFO - [2024-02-13T12:20:23.057+0000] {dag.py:3823} INFO - Setting next_dagrun for tutorial to 2024-02-12 00:00:00+00:00, run_after=2024-02-13 00:00:00+00:00
[2024-02-13T12:20:23.075+0000] {processor.py:183} INFO - Processing /home/airflow/.local/lib/python3.8/site-packages/airflow/example_dags/tutorial.py took 0.085 seconds
[2024-02-13T12:20:53.432+0000] {processor.py:161} INFO - Started process (PID=1156) to work on /home/airflow/.local/lib/python3.8/site-packages/airflow/example_dags/tutorial.py
[2024-02-13T12:20:53.433+0000] {processor.py:830} INFO - Processing file /home/airflow/.local/lib/python3.8/site-packages/airflow/example_dags/tutorial.py for tasks to queue
[2024-02-13T12:20:53.434+0000] {logging_mixin.py:188} INFO - [2024-02-13T12:20:53.434+0000] {dagbag.py:538} INFO - Filling up the DagBag from /home/airflow/.local/lib/python3.8/site-packages/airflow/example_dags/tutorial.py
[2024-02-13T12:20:53.442+0000] {processor.py:840} INFO - DAG(s) 'tutorial' retrieved from /home/airflow/.local/lib/python3.8/site-packages/airflow/example_dags/tutorial.py
[2024-02-13T12:20:53.468+0000] {logging_mixin.py:188} INFO - [2024-02-13T12:20:53.467+0000] {dag.py:3036} INFO - Sync 1 DAGs
[2024-02-13T12:20:53.498+0000] {logging_mixin.py:188} INFO - [2024-02-13T12:20:53.498+0000] {dag.py:3823} INFO - Setting next_dagrun for tutorial to 2024-02-12 00:00:00+00:00, run_after=2024-02-13 00:00:00+00:00
[2024-02-13T12:20:53.522+0000] {processor.py:183} INFO - Processing /home/airflow/.local/lib/python3.8/site-packages/airflow/example_dags/tutorial.py took 0.093 seconds
[2024-02-13T12:21:23.665+0000] {processor.py:161} INFO - Started process (PID=1212) to work on /home/airflow/.local/lib/python3.8/site-packages/airflow/example_dags/tutorial.py
[2024-02-13T12:21:23.665+0000] {processor.py:830} INFO - Processing file /home/airflow/.local/lib/python3.8/site-packages/airflow/example_dags/tutorial.py for tasks to queue
[2024-02-13T12:21:23.666+0000] {logging_mixin.py:188} INFO - [2024-02-13T12:21:23.666+0000] {dagbag.py:538} INFO - Filling up the DagBag from /home/airflow/.local/lib/python3.8/site-packages/airflow/example_dags/tutorial.py
[2024-02-13T12:21:23.672+0000] {processor.py:840} INFO - DAG(s) 'tutorial' retrieved from /home/airflow/.local/lib/python3.8/site-packages/airflow/example_dags/tutorial.py
[2024-02-13T12:21:23.690+0000] {logging_mixin.py:188} INFO - [2024-02-13T12:21:23.689+0000] {dag.py:3036} INFO - Sync 1 DAGs
[2024-02-13T12:21:23.711+0000] {logging_mixin.py:188} INFO - [2024-02-13T12:21:23.710+0000] {dag.py:3823} INFO - Setting next_dagrun for tutorial to 2024-02-12 00:00:00+00:00, run_after=2024-02-13 00:00:00+00:00
[2024-02-13T12:21:23.729+0000] {processor.py:183} INFO - Processing /home/airflow/.local/lib/python3.8/site-packages/airflow/example_dags/tutorial.py took 0.067 seconds
[2024-02-13T12:21:53.874+0000] {processor.py:161} INFO - Started process (PID=1269) to work on /home/airflow/.local/lib/python3.8/site-packages/airflow/example_dags/tutorial.py
[2024-02-13T12:21:53.875+0000] {processor.py:830} INFO - Processing file /home/airflow/.local/lib/python3.8/site-packages/airflow/example_dags/tutorial.py for tasks to queue
[2024-02-13T12:21:53.876+0000] {logging_mixin.py:188} INFO - [2024-02-13T12:21:53.876+0000] {dagbag.py:538} INFO - Filling up the DagBag from /home/airflow/.local/lib/python3.8/site-packages/airflow/example_dags/tutorial.py
[2024-02-13T12:21:53.882+0000] {processor.py:840} INFO - DAG(s) 'tutorial' retrieved from /home/airflow/.local/lib/python3.8/site-packages/airflow/example_dags/tutorial.py
[2024-02-13T12:21:53.900+0000] {logging_mixin.py:188} INFO - [2024-02-13T12:21:53.899+0000] {dag.py:3036} INFO - Sync 1 DAGs
[2024-02-13T12:21:53.921+0000] {logging_mixin.py:188} INFO - [2024-02-13T12:21:53.921+0000] {dag.py:3823} INFO - Setting next_dagrun for tutorial to 2024-02-12 00:00:00+00:00, run_after=2024-02-13 00:00:00+00:00
[2024-02-13T12:21:53.943+0000] {processor.py:183} INFO - Processing /home/airflow/.local/lib/python3.8/site-packages/airflow/example_dags/tutorial.py took 0.071 seconds
[2024-02-13T12:22:24.341+0000] {processor.py:161} INFO - Started process (PID=1327) to work on /home/airflow/.local/lib/python3.8/site-packages/airflow/example_dags/tutorial.py
[2024-02-13T12:22:24.342+0000] {processor.py:830} INFO - Processing file /home/airflow/.local/lib/python3.8/site-packages/airflow/example_dags/tutorial.py for tasks to queue
[2024-02-13T12:22:24.343+0000] {logging_mixin.py:188} INFO - [2024-02-13T12:22:24.342+0000] {dagbag.py:538} INFO - Filling up the DagBag from /home/airflow/.local/lib/python3.8/site-packages/airflow/example_dags/tutorial.py
[2024-02-13T12:22:24.348+0000] {processor.py:840} INFO - DAG(s) 'tutorial' retrieved from /home/airflow/.local/lib/python3.8/site-packages/airflow/example_dags/tutorial.py
[2024-02-13T12:22:24.365+0000] {logging_mixin.py:188} INFO - [2024-02-13T12:22:24.364+0000] {dag.py:3036} INFO - Sync 1 DAGs
[2024-02-13T12:22:24.387+0000] {logging_mixin.py:188} INFO - [2024-02-13T12:22:24.387+0000] {dag.py:3823} INFO - Setting next_dagrun for tutorial to 2024-02-12 00:00:00+00:00, run_after=2024-02-13 00:00:00+00:00
[2024-02-13T12:22:24.404+0000] {processor.py:183} INFO - Processing /home/airflow/.local/lib/python3.8/site-packages/airflow/example_dags/tutorial.py took 0.065 seconds
[2024-02-13T12:22:54.952+0000] {processor.py:161} INFO - Started process (PID=1382) to work on /home/airflow/.local/lib/python3.8/site-packages/airflow/example_dags/tutorial.py
[2024-02-13T12:22:54.953+0000] {processor.py:830} INFO - Processing file /home/airflow/.local/lib/python3.8/site-packages/airflow/example_dags/tutorial.py for tasks to queue
[2024-02-13T12:22:54.954+0000] {logging_mixin.py:188} INFO - [2024-02-13T12:22:54.953+0000] {dagbag.py:538} INFO - Filling up the DagBag from /home/airflow/.local/lib/python3.8/site-packages/airflow/example_dags/tutorial.py
[2024-02-13T12:22:54.963+0000] {processor.py:840} INFO - DAG(s) 'tutorial' retrieved from /home/airflow/.local/lib/python3.8/site-packages/airflow/example_dags/tutorial.py
[2024-02-13T12:22:54.995+0000] {logging_mixin.py:188} INFO - [2024-02-13T12:22:54.995+0000] {dag.py:3036} INFO - Sync 1 DAGs
[2024-02-13T12:22:55.031+0000] {logging_mixin.py:188} INFO - [2024-02-13T12:22:55.031+0000] {dag.py:3823} INFO - Setting next_dagrun for tutorial to 2024-02-12 00:00:00+00:00, run_after=2024-02-13 00:00:00+00:00
[2024-02-13T12:22:55.064+0000] {processor.py:183} INFO - Processing /home/airflow/.local/lib/python3.8/site-packages/airflow/example_dags/tutorial.py took 0.116 seconds
[2024-02-13T12:23:25.933+0000] {processor.py:161} INFO - Started process (PID=1438) to work on /home/airflow/.local/lib/python3.8/site-packages/airflow/example_dags/tutorial.py
[2024-02-13T12:23:25.935+0000] {processor.py:830} INFO - Processing file /home/airflow/.local/lib/python3.8/site-packages/airflow/example_dags/tutorial.py for tasks to queue
[2024-02-13T12:23:25.939+0000] {logging_mixin.py:188} INFO - [2024-02-13T12:23:25.938+0000] {dagbag.py:538} INFO - Filling up the DagBag from /home/airflow/.local/lib/python3.8/site-packages/airflow/example_dags/tutorial.py
[2024-02-13T12:23:25.955+0000] {processor.py:840} INFO - DAG(s) 'tutorial' retrieved from /home/airflow/.local/lib/python3.8/site-packages/airflow/example_dags/tutorial.py
[2024-02-13T12:23:25.989+0000] {logging_mixin.py:188} INFO - [2024-02-13T12:23:25.988+0000] {dag.py:3036} INFO - Sync 1 DAGs
[2024-02-13T12:23:26.018+0000] {logging_mixin.py:188} INFO - [2024-02-13T12:23:26.018+0000] {dag.py:3823} INFO - Setting next_dagrun for tutorial to 2024-02-12 00:00:00+00:00, run_after=2024-02-13 00:00:00+00:00
[2024-02-13T12:23:26.042+0000] {processor.py:183} INFO - Processing /home/airflow/.local/lib/python3.8/site-packages/airflow/example_dags/tutorial.py took 0.113 seconds
[2024-02-13T12:23:56.276+0000] {processor.py:161} INFO - Started process (PID=1494) to work on /home/airflow/.local/lib/python3.8/site-packages/airflow/example_dags/tutorial.py
[2024-02-13T12:23:56.276+0000] {processor.py:830} INFO - Processing file /home/airflow/.local/lib/python3.8/site-packages/airflow/example_dags/tutorial.py for tasks to queue
[2024-02-13T12:23:56.277+0000] {logging_mixin.py:188} INFO - [2024-02-13T12:23:56.277+0000] {dagbag.py:538} INFO - Filling up the DagBag from /home/airflow/.local/lib/python3.8/site-packages/airflow/example_dags/tutorial.py
[2024-02-13T12:23:56.283+0000] {processor.py:840} INFO - DAG(s) 'tutorial' retrieved from /home/airflow/.local/lib/python3.8/site-packages/airflow/example_dags/tutorial.py
[2024-02-13T12:23:56.302+0000] {logging_mixin.py:188} INFO - [2024-02-13T12:23:56.302+0000] {dag.py:3036} INFO - Sync 1 DAGs
[2024-02-13T12:23:56.334+0000] {logging_mixin.py:188} INFO - [2024-02-13T12:23:56.333+0000] {dag.py:3823} INFO - Setting next_dagrun for tutorial to 2024-02-12 00:00:00+00:00, run_after=2024-02-13 00:00:00+00:00
[2024-02-13T12:23:56.368+0000] {processor.py:183} INFO - Processing /home/airflow/.local/lib/python3.8/site-packages/airflow/example_dags/tutorial.py took 0.095 seconds
[2024-02-13T12:24:26.744+0000] {processor.py:161} INFO - Started process (PID=1550) to work on /home/airflow/.local/lib/python3.8/site-packages/airflow/example_dags/tutorial.py
[2024-02-13T12:24:26.745+0000] {processor.py:830} INFO - Processing file /home/airflow/.local/lib/python3.8/site-packages/airflow/example_dags/tutorial.py for tasks to queue
[2024-02-13T12:24:26.746+0000] {logging_mixin.py:188} INFO - [2024-02-13T12:24:26.746+0000] {dagbag.py:538} INFO - Filling up the DagBag from /home/airflow/.local/lib/python3.8/site-packages/airflow/example_dags/tutorial.py
[2024-02-13T12:24:26.753+0000] {processor.py:840} INFO - DAG(s) 'tutorial' retrieved from /home/airflow/.local/lib/python3.8/site-packages/airflow/example_dags/tutorial.py
[2024-02-13T12:24:26.780+0000] {logging_mixin.py:188} INFO - [2024-02-13T12:24:26.780+0000] {dag.py:3036} INFO - Sync 1 DAGs
[2024-02-13T12:24:26.807+0000] {logging_mixin.py:188} INFO - [2024-02-13T12:24:26.807+0000] {dag.py:3823} INFO - Setting next_dagrun for tutorial to 2024-02-12 00:00:00+00:00, run_after=2024-02-13 00:00:00+00:00
[2024-02-13T12:24:26.833+0000] {processor.py:183} INFO - Processing /home/airflow/.local/lib/python3.8/site-packages/airflow/example_dags/tutorial.py took 0.093 seconds
[2024-02-13T12:24:57.759+0000] {processor.py:161} INFO - Started process (PID=1606) to work on /home/airflow/.local/lib/python3.8/site-packages/airflow/example_dags/tutorial.py
[2024-02-13T12:24:57.759+0000] {processor.py:830} INFO - Processing file /home/airflow/.local/lib/python3.8/site-packages/airflow/example_dags/tutorial.py for tasks to queue
[2024-02-13T12:24:57.760+0000] {logging_mixin.py:188} INFO - [2024-02-13T12:24:57.760+0000] {dagbag.py:538} INFO - Filling up the DagBag from /home/airflow/.local/lib/python3.8/site-packages/airflow/example_dags/tutorial.py
[2024-02-13T12:24:57.770+0000] {processor.py:840} INFO - DAG(s) 'tutorial' retrieved from /home/airflow/.local/lib/python3.8/site-packages/airflow/example_dags/tutorial.py
[2024-02-13T12:24:57.792+0000] {logging_mixin.py:188} INFO - [2024-02-13T12:24:57.791+0000] {dag.py:3036} INFO - Sync 1 DAGs
[2024-02-13T12:24:57.818+0000] {logging_mixin.py:188} INFO - [2024-02-13T12:24:57.818+0000] {dag.py:3823} INFO - Setting next_dagrun for tutorial to 2024-02-12 00:00:00+00:00, run_after=2024-02-13 00:00:00+00:00
[2024-02-13T12:24:57.841+0000] {processor.py:183} INFO - Processing /home/airflow/.local/lib/python3.8/site-packages/airflow/example_dags/tutorial.py took 0.085 seconds
[2024-02-13T12:25:28.012+0000] {processor.py:161} INFO - Started process (PID=1662) to work on /home/airflow/.local/lib/python3.8/site-packages/airflow/example_dags/tutorial.py
[2024-02-13T12:25:28.013+0000] {processor.py:830} INFO - Processing file /home/airflow/.local/lib/python3.8/site-packages/airflow/example_dags/tutorial.py for tasks to queue
[2024-02-13T12:25:28.014+0000] {logging_mixin.py:188} INFO - [2024-02-13T12:25:28.013+0000] {dagbag.py:538} INFO - Filling up the DagBag from /home/airflow/.local/lib/python3.8/site-packages/airflow/example_dags/tutorial.py
[2024-02-13T12:25:28.019+0000] {processor.py:840} INFO - DAG(s) 'tutorial' retrieved from /home/airflow/.local/lib/python3.8/site-packages/airflow/example_dags/tutorial.py
[2024-02-13T12:25:28.038+0000] {logging_mixin.py:188} INFO - [2024-02-13T12:25:28.038+0000] {dag.py:3036} INFO - Sync 1 DAGs
[2024-02-13T12:25:28.061+0000] {logging_mixin.py:188} INFO - [2024-02-13T12:25:28.060+0000] {dag.py:3823} INFO - Setting next_dagrun for tutorial to 2024-02-12 00:00:00+00:00, run_after=2024-02-13 00:00:00+00:00
[2024-02-13T12:25:28.080+0000] {processor.py:183} INFO - Processing /home/airflow/.local/lib/python3.8/site-packages/airflow/example_dags/tutorial.py took 0.070 seconds
[2024-02-13T12:25:58.270+0000] {processor.py:161} INFO - Started process (PID=1718) to work on /home/airflow/.local/lib/python3.8/site-packages/airflow/example_dags/tutorial.py
[2024-02-13T12:25:58.271+0000] {processor.py:830} INFO - Processing file /home/airflow/.local/lib/python3.8/site-packages/airflow/example_dags/tutorial.py for tasks to queue
[2024-02-13T12:25:58.272+0000] {logging_mixin.py:188} INFO - [2024-02-13T12:25:58.271+0000] {dagbag.py:538} INFO - Filling up the DagBag from /home/airflow/.local/lib/python3.8/site-packages/airflow/example_dags/tutorial.py
[2024-02-13T12:25:58.277+0000] {processor.py:840} INFO - DAG(s) 'tutorial' retrieved from /home/airflow/.local/lib/python3.8/site-packages/airflow/example_dags/tutorial.py
[2024-02-13T12:25:58.296+0000] {logging_mixin.py:188} INFO - [2024-02-13T12:25:58.296+0000] {dag.py:3036} INFO - Sync 1 DAGs
[2024-02-13T12:25:58.320+0000] {logging_mixin.py:188} INFO - [2024-02-13T12:25:58.320+0000] {dag.py:3823} INFO - Setting next_dagrun for tutorial to 2024-02-12 00:00:00+00:00, run_after=2024-02-13 00:00:00+00:00
[2024-02-13T12:25:58.340+0000] {processor.py:183} INFO - Processing /home/airflow/.local/lib/python3.8/site-packages/airflow/example_dags/tutorial.py took 0.072 seconds
[2024-02-13T12:26:28.675+0000] {processor.py:161} INFO - Started process (PID=1774) to work on /home/airflow/.local/lib/python3.8/site-packages/airflow/example_dags/tutorial.py
[2024-02-13T12:26:28.676+0000] {processor.py:830} INFO - Processing file /home/airflow/.local/lib/python3.8/site-packages/airflow/example_dags/tutorial.py for tasks to queue
[2024-02-13T12:26:28.677+0000] {logging_mixin.py:188} INFO - [2024-02-13T12:26:28.676+0000] {dagbag.py:538} INFO - Filling up the DagBag from /home/airflow/.local/lib/python3.8/site-packages/airflow/example_dags/tutorial.py
[2024-02-13T12:26:28.682+0000] {processor.py:840} INFO - DAG(s) 'tutorial' retrieved from /home/airflow/.local/lib/python3.8/site-packages/airflow/example_dags/tutorial.py
[2024-02-13T12:26:28.701+0000] {logging_mixin.py:188} INFO - [2024-02-13T12:26:28.701+0000] {dag.py:3036} INFO - Sync 1 DAGs
[2024-02-13T12:26:28.725+0000] {logging_mixin.py:188} INFO - [2024-02-13T12:26:28.724+0000] {dag.py:3823} INFO - Setting next_dagrun for tutorial to 2024-02-12 00:00:00+00:00, run_after=2024-02-13 00:00:00+00:00
[2024-02-13T12:26:28.744+0000] {processor.py:183} INFO - Processing /home/airflow/.local/lib/python3.8/site-packages/airflow/example_dags/tutorial.py took 0.071 seconds
[2024-02-13T12:26:59.325+0000] {processor.py:161} INFO - Started process (PID=1830) to work on /home/airflow/.local/lib/python3.8/site-packages/airflow/example_dags/tutorial.py
[2024-02-13T12:26:59.326+0000] {processor.py:830} INFO - Processing file /home/airflow/.local/lib/python3.8/site-packages/airflow/example_dags/tutorial.py for tasks to queue
[2024-02-13T12:26:59.328+0000] {logging_mixin.py:188} INFO - [2024-02-13T12:26:59.327+0000] {dagbag.py:538} INFO - Filling up the DagBag from /home/airflow/.local/lib/python3.8/site-packages/airflow/example_dags/tutorial.py
[2024-02-13T12:26:59.339+0000] {processor.py:840} INFO - DAG(s) 'tutorial' retrieved from /home/airflow/.local/lib/python3.8/site-packages/airflow/example_dags/tutorial.py
[2024-02-13T12:26:59.369+0000] {logging_mixin.py:188} INFO - [2024-02-13T12:26:59.368+0000] {dag.py:3036} INFO - Sync 1 DAGs
[2024-02-13T12:26:59.400+0000] {logging_mixin.py:188} INFO - [2024-02-13T12:26:59.399+0000] {dag.py:3823} INFO - Setting next_dagrun for tutorial to 2024-02-12 00:00:00+00:00, run_after=2024-02-13 00:00:00+00:00
[2024-02-13T12:26:59.424+0000] {processor.py:183} INFO - Processing /home/airflow/.local/lib/python3.8/site-packages/airflow/example_dags/tutorial.py took 0.104 seconds
[2024-02-13T12:27:30.173+0000] {processor.py:161} INFO - Started process (PID=1886) to work on /home/airflow/.local/lib/python3.8/site-packages/airflow/example_dags/tutorial.py
[2024-02-13T12:27:30.174+0000] {processor.py:830} INFO - Processing file /home/airflow/.local/lib/python3.8/site-packages/airflow/example_dags/tutorial.py for tasks to queue
[2024-02-13T12:27:30.175+0000] {logging_mixin.py:188} INFO - [2024-02-13T12:27:30.174+0000] {dagbag.py:538} INFO - Filling up the DagBag from /home/airflow/.local/lib/python3.8/site-packages/airflow/example_dags/tutorial.py
[2024-02-13T12:27:30.180+0000] {processor.py:840} INFO - DAG(s) 'tutorial' retrieved from /home/airflow/.local/lib/python3.8/site-packages/airflow/example_dags/tutorial.py
[2024-02-13T12:27:30.199+0000] {logging_mixin.py:188} INFO - [2024-02-13T12:27:30.199+0000] {dag.py:3036} INFO - Sync 1 DAGs
[2024-02-13T12:27:30.223+0000] {logging_mixin.py:188} INFO - [2024-02-13T12:27:30.223+0000] {dag.py:3823} INFO - Setting next_dagrun for tutorial to 2024-02-12 00:00:00+00:00, run_after=2024-02-13 00:00:00+00:00
[2024-02-13T12:27:30.247+0000] {processor.py:183} INFO - Processing /home/airflow/.local/lib/python3.8/site-packages/airflow/example_dags/tutorial.py took 0.076 seconds
[2024-02-13T12:28:01.238+0000] {processor.py:161} INFO - Started process (PID=1942) to work on /home/airflow/.local/lib/python3.8/site-packages/airflow/example_dags/tutorial.py
[2024-02-13T12:28:01.238+0000] {processor.py:830} INFO - Processing file /home/airflow/.local/lib/python3.8/site-packages/airflow/example_dags/tutorial.py for tasks to queue
[2024-02-13T12:28:01.239+0000] {logging_mixin.py:188} INFO - [2024-02-13T12:28:01.239+0000] {dagbag.py:538} INFO - Filling up the DagBag from /home/airflow/.local/lib/python3.8/site-packages/airflow/example_dags/tutorial.py
[2024-02-13T12:28:01.245+0000] {processor.py:840} INFO - DAG(s) 'tutorial' retrieved from /home/airflow/.local/lib/python3.8/site-packages/airflow/example_dags/tutorial.py
[2024-02-13T12:28:01.264+0000] {logging_mixin.py:188} INFO - [2024-02-13T12:28:01.263+0000] {dag.py:3036} INFO - Sync 1 DAGs
[2024-02-13T12:28:01.286+0000] {logging_mixin.py:188} INFO - [2024-02-13T12:28:01.286+0000] {dag.py:3823} INFO - Setting next_dagrun for tutorial to 2024-02-12 00:00:00+00:00, run_after=2024-02-13 00:00:00+00:00
[2024-02-13T12:28:01.305+0000] {processor.py:183} INFO - Processing /home/airflow/.local/lib/python3.8/site-packages/airflow/example_dags/tutorial.py took 0.070 seconds
[2024-02-13T12:28:31.405+0000] {processor.py:161} INFO - Started process (PID=1999) to work on /home/airflow/.local/lib/python3.8/site-packages/airflow/example_dags/tutorial.py
[2024-02-13T12:28:31.406+0000] {processor.py:830} INFO - Processing file /home/airflow/.local/lib/python3.8/site-packages/airflow/example_dags/tutorial.py for tasks to queue
[2024-02-13T12:28:31.407+0000] {logging_mixin.py:188} INFO - [2024-02-13T12:28:31.407+0000] {dagbag.py:538} INFO - Filling up the DagBag from /home/airflow/.local/lib/python3.8/site-packages/airflow/example_dags/tutorial.py
[2024-02-13T12:28:31.413+0000] {processor.py:840} INFO - DAG(s) 'tutorial' retrieved from /home/airflow/.local/lib/python3.8/site-packages/airflow/example_dags/tutorial.py
[2024-02-13T12:28:31.432+0000] {logging_mixin.py:188} INFO - [2024-02-13T12:28:31.432+0000] {dag.py:3036} INFO - Sync 1 DAGs
[2024-02-13T12:28:31.462+0000] {logging_mixin.py:188} INFO - [2024-02-13T12:28:31.462+0000] {dag.py:3823} INFO - Setting next_dagrun for tutorial to 2024-02-12 00:00:00+00:00, run_after=2024-02-13 00:00:00+00:00
[2024-02-13T12:28:31.484+0000] {processor.py:183} INFO - Processing /home/airflow/.local/lib/python3.8/site-packages/airflow/example_dags/tutorial.py took 0.082 seconds
[2024-02-13T12:29:01.648+0000] {processor.py:161} INFO - Started process (PID=2056) to work on /home/airflow/.local/lib/python3.8/site-packages/airflow/example_dags/tutorial.py
[2024-02-13T12:29:01.649+0000] {processor.py:830} INFO - Processing file /home/airflow/.local/lib/python3.8/site-packages/airflow/example_dags/tutorial.py for tasks to queue
[2024-02-13T12:29:01.650+0000] {logging_mixin.py:188} INFO - [2024-02-13T12:29:01.649+0000] {dagbag.py:538} INFO - Filling up the DagBag from /home/airflow/.local/lib/python3.8/site-packages/airflow/example_dags/tutorial.py
[2024-02-13T12:29:01.656+0000] {processor.py:840} INFO - DAG(s) 'tutorial' retrieved from /home/airflow/.local/lib/python3.8/site-packages/airflow/example_dags/tutorial.py
[2024-02-13T12:29:01.683+0000] {logging_mixin.py:188} INFO - [2024-02-13T12:29:01.682+0000] {dag.py:3036} INFO - Sync 1 DAGs
[2024-02-13T12:29:01.722+0000] {logging_mixin.py:188} INFO - [2024-02-13T12:29:01.722+0000] {dag.py:3823} INFO - Setting next_dagrun for tutorial to 2024-02-12 00:00:00+00:00, run_after=2024-02-13 00:00:00+00:00
[2024-02-13T12:29:01.741+0000] {processor.py:183} INFO - Processing /home/airflow/.local/lib/python3.8/site-packages/airflow/example_dags/tutorial.py took 0.096 seconds
[2024-02-13T12:29:32.240+0000] {processor.py:161} INFO - Started process (PID=2110) to work on /home/airflow/.local/lib/python3.8/site-packages/airflow/example_dags/tutorial.py
[2024-02-13T12:29:32.241+0000] {processor.py:830} INFO - Processing file /home/airflow/.local/lib/python3.8/site-packages/airflow/example_dags/tutorial.py for tasks to queue
[2024-02-13T12:29:32.242+0000] {logging_mixin.py:188} INFO - [2024-02-13T12:29:32.242+0000] {dagbag.py:538} INFO - Filling up the DagBag from /home/airflow/.local/lib/python3.8/site-packages/airflow/example_dags/tutorial.py
[2024-02-13T12:29:32.249+0000] {processor.py:840} INFO - DAG(s) 'tutorial' retrieved from /home/airflow/.local/lib/python3.8/site-packages/airflow/example_dags/tutorial.py
[2024-02-13T12:29:32.271+0000] {logging_mixin.py:188} INFO - [2024-02-13T12:29:32.271+0000] {dag.py:3036} INFO - Sync 1 DAGs
[2024-02-13T12:29:32.299+0000] {logging_mixin.py:188} INFO - [2024-02-13T12:29:32.299+0000] {dag.py:3823} INFO - Setting next_dagrun for tutorial to 2024-02-12 00:00:00+00:00, run_after=2024-02-13 00:00:00+00:00
[2024-02-13T12:29:32.323+0000] {processor.py:183} INFO - Processing /home/airflow/.local/lib/python3.8/site-packages/airflow/example_dags/tutorial.py took 0.086 seconds
[2024-02-13T12:30:02.587+0000] {processor.py:161} INFO - Started process (PID=2166) to work on /home/airflow/.local/lib/python3.8/site-packages/airflow/example_dags/tutorial.py
[2024-02-13T12:30:02.588+0000] {processor.py:830} INFO - Processing file /home/airflow/.local/lib/python3.8/site-packages/airflow/example_dags/tutorial.py for tasks to queue
[2024-02-13T12:30:02.589+0000] {logging_mixin.py:188} INFO - [2024-02-13T12:30:02.589+0000] {dagbag.py:538} INFO - Filling up the DagBag from /home/airflow/.local/lib/python3.8/site-packages/airflow/example_dags/tutorial.py
[2024-02-13T12:30:02.597+0000] {processor.py:840} INFO - DAG(s) 'tutorial' retrieved from /home/airflow/.local/lib/python3.8/site-packages/airflow/example_dags/tutorial.py
[2024-02-13T12:30:02.631+0000] {logging_mixin.py:188} INFO - [2024-02-13T12:30:02.631+0000] {dag.py:3036} INFO - Sync 1 DAGs
[2024-02-13T12:30:02.665+0000] {logging_mixin.py:188} INFO - [2024-02-13T12:30:02.664+0000] {dag.py:3823} INFO - Setting next_dagrun for tutorial to 2024-02-12 00:00:00+00:00, run_after=2024-02-13 00:00:00+00:00
[2024-02-13T12:30:02.687+0000] {processor.py:183} INFO - Processing /home/airflow/.local/lib/python3.8/site-packages/airflow/example_dags/tutorial.py took 0.103 seconds
[2024-02-13T12:30:32.887+0000] {processor.py:161} INFO - Started process (PID=2222) to work on /home/airflow/.local/lib/python3.8/site-packages/airflow/example_dags/tutorial.py
[2024-02-13T12:30:32.888+0000] {processor.py:830} INFO - Processing file /home/airflow/.local/lib/python3.8/site-packages/airflow/example_dags/tutorial.py for tasks to queue
[2024-02-13T12:30:32.888+0000] {logging_mixin.py:188} INFO - [2024-02-13T12:30:32.888+0000] {dagbag.py:538} INFO - Filling up the DagBag from /home/airflow/.local/lib/python3.8/site-packages/airflow/example_dags/tutorial.py
[2024-02-13T12:30:32.894+0000] {processor.py:840} INFO - DAG(s) 'tutorial' retrieved from /home/airflow/.local/lib/python3.8/site-packages/airflow/example_dags/tutorial.py
[2024-02-13T12:30:32.912+0000] {logging_mixin.py:188} INFO - [2024-02-13T12:30:32.912+0000] {dag.py:3036} INFO - Sync 1 DAGs
[2024-02-13T12:30:32.933+0000] {logging_mixin.py:188} INFO - [2024-02-13T12:30:32.933+0000] {dag.py:3823} INFO - Setting next_dagrun for tutorial to 2024-02-12 00:00:00+00:00, run_after=2024-02-13 00:00:00+00:00
[2024-02-13T12:30:32.950+0000] {processor.py:183} INFO - Processing /home/airflow/.local/lib/python3.8/site-packages/airflow/example_dags/tutorial.py took 0.066 seconds
[2024-02-13T12:31:03.446+0000] {processor.py:161} INFO - Started process (PID=2278) to work on /home/airflow/.local/lib/python3.8/site-packages/airflow/example_dags/tutorial.py
[2024-02-13T12:31:03.447+0000] {processor.py:830} INFO - Processing file /home/airflow/.local/lib/python3.8/site-packages/airflow/example_dags/tutorial.py for tasks to queue
[2024-02-13T12:31:03.447+0000] {logging_mixin.py:188} INFO - [2024-02-13T12:31:03.447+0000] {dagbag.py:538} INFO - Filling up the DagBag from /home/airflow/.local/lib/python3.8/site-packages/airflow/example_dags/tutorial.py
[2024-02-13T12:31:03.453+0000] {processor.py:840} INFO - DAG(s) 'tutorial' retrieved from /home/airflow/.local/lib/python3.8/site-packages/airflow/example_dags/tutorial.py
[2024-02-13T12:31:03.473+0000] {logging_mixin.py:188} INFO - [2024-02-13T12:31:03.473+0000] {dag.py:3036} INFO - Sync 1 DAGs
[2024-02-13T12:31:03.498+0000] {logging_mixin.py:188} INFO - [2024-02-13T12:31:03.498+0000] {dag.py:3823} INFO - Setting next_dagrun for tutorial to 2024-02-12 00:00:00+00:00, run_after=2024-02-13 00:00:00+00:00
[2024-02-13T12:31:03.518+0000] {processor.py:183} INFO - Processing /home/airflow/.local/lib/python3.8/site-packages/airflow/example_dags/tutorial.py took 0.074 seconds
[2024-02-13T12:31:34.138+0000] {processor.py:161} INFO - Started process (PID=2334) to work on /home/airflow/.local/lib/python3.8/site-packages/airflow/example_dags/tutorial.py
[2024-02-13T12:31:34.139+0000] {processor.py:830} INFO - Processing file /home/airflow/.local/lib/python3.8/site-packages/airflow/example_dags/tutorial.py for tasks to queue
[2024-02-13T12:31:34.141+0000] {logging_mixin.py:188} INFO - [2024-02-13T12:31:34.140+0000] {dagbag.py:538} INFO - Filling up the DagBag from /home/airflow/.local/lib/python3.8/site-packages/airflow/example_dags/tutorial.py
[2024-02-13T12:31:34.153+0000] {processor.py:840} INFO - DAG(s) 'tutorial' retrieved from /home/airflow/.local/lib/python3.8/site-packages/airflow/example_dags/tutorial.py
[2024-02-13T12:31:34.195+0000] {logging_mixin.py:188} INFO - [2024-02-13T12:31:34.194+0000] {dag.py:3036} INFO - Sync 1 DAGs
[2024-02-13T12:31:34.258+0000] {logging_mixin.py:188} INFO - [2024-02-13T12:31:34.258+0000] {dag.py:3823} INFO - Setting next_dagrun for tutorial to 2024-02-12 00:00:00+00:00, run_after=2024-02-13 00:00:00+00:00
[2024-02-13T12:31:34.300+0000] {processor.py:183} INFO - Processing /home/airflow/.local/lib/python3.8/site-packages/airflow/example_dags/tutorial.py took 0.166 seconds
[2024-02-13T12:32:04.374+0000] {processor.py:161} INFO - Started process (PID=2391) to work on /home/airflow/.local/lib/python3.8/site-packages/airflow/example_dags/tutorial.py
[2024-02-13T12:32:04.375+0000] {processor.py:830} INFO - Processing file /home/airflow/.local/lib/python3.8/site-packages/airflow/example_dags/tutorial.py for tasks to queue
[2024-02-13T12:32:04.376+0000] {logging_mixin.py:188} INFO - [2024-02-13T12:32:04.375+0000] {dagbag.py:538} INFO - Filling up the DagBag from /home/airflow/.local/lib/python3.8/site-packages/airflow/example_dags/tutorial.py
[2024-02-13T12:32:04.382+0000] {processor.py:840} INFO - DAG(s) 'tutorial' retrieved from /home/airflow/.local/lib/python3.8/site-packages/airflow/example_dags/tutorial.py
[2024-02-13T12:32:04.405+0000] {logging_mixin.py:188} INFO - [2024-02-13T12:32:04.405+0000] {dag.py:3036} INFO - Sync 1 DAGs
[2024-02-13T12:32:04.438+0000] {logging_mixin.py:188} INFO - [2024-02-13T12:32:04.438+0000] {dag.py:3823} INFO - Setting next_dagrun for tutorial to 2024-02-12 00:00:00+00:00, run_after=2024-02-13 00:00:00+00:00
[2024-02-13T12:32:04.462+0000] {processor.py:183} INFO - Processing /home/airflow/.local/lib/python3.8/site-packages/airflow/example_dags/tutorial.py took 0.091 seconds
[2024-02-13T12:32:34.872+0000] {processor.py:161} INFO - Started process (PID=2447) to work on /home/airflow/.local/lib/python3.8/site-packages/airflow/example_dags/tutorial.py
[2024-02-13T12:32:34.873+0000] {processor.py:830} INFO - Processing file /home/airflow/.local/lib/python3.8/site-packages/airflow/example_dags/tutorial.py for tasks to queue
[2024-02-13T12:32:34.874+0000] {logging_mixin.py:188} INFO - [2024-02-13T12:32:34.873+0000] {dagbag.py:538} INFO - Filling up the DagBag from /home/airflow/.local/lib/python3.8/site-packages/airflow/example_dags/tutorial.py
[2024-02-13T12:32:34.880+0000] {processor.py:840} INFO - DAG(s) 'tutorial' retrieved from /home/airflow/.local/lib/python3.8/site-packages/airflow/example_dags/tutorial.py
[2024-02-13T12:32:35.086+0000] {logging_mixin.py:188} INFO - [2024-02-13T12:32:35.085+0000] {dag.py:3036} INFO - Sync 1 DAGs
[2024-02-13T12:32:35.138+0000] {logging_mixin.py:188} INFO - [2024-02-13T12:32:35.137+0000] {dag.py:3823} INFO - Setting next_dagrun for tutorial to 2024-02-12 00:00:00+00:00, run_after=2024-02-13 00:00:00+00:00
[2024-02-13T12:32:35.163+0000] {processor.py:183} INFO - Processing /home/airflow/.local/lib/python3.8/site-packages/airflow/example_dags/tutorial.py took 0.294 seconds
[2024-02-13T12:33:05.291+0000] {processor.py:161} INFO - Started process (PID=2510) to work on /home/airflow/.local/lib/python3.8/site-packages/airflow/example_dags/tutorial.py
[2024-02-13T12:33:05.293+0000] {processor.py:830} INFO - Processing file /home/airflow/.local/lib/python3.8/site-packages/airflow/example_dags/tutorial.py for tasks to queue
[2024-02-13T12:33:05.293+0000] {logging_mixin.py:188} INFO - [2024-02-13T12:33:05.293+0000] {dagbag.py:538} INFO - Filling up the DagBag from /home/airflow/.local/lib/python3.8/site-packages/airflow/example_dags/tutorial.py
[2024-02-13T12:33:05.299+0000] {processor.py:840} INFO - DAG(s) 'tutorial' retrieved from /home/airflow/.local/lib/python3.8/site-packages/airflow/example_dags/tutorial.py
[2024-02-13T12:33:05.317+0000] {logging_mixin.py:188} INFO - [2024-02-13T12:33:05.317+0000] {dag.py:3036} INFO - Sync 1 DAGs
[2024-02-13T12:33:05.502+0000] {logging_mixin.py:188} INFO - [2024-02-13T12:33:05.502+0000] {dag.py:3823} INFO - Setting next_dagrun for tutorial to 2024-02-12 00:00:00+00:00, run_after=2024-02-13 00:00:00+00:00
[2024-02-13T12:33:05.523+0000] {processor.py:183} INFO - Processing /home/airflow/.local/lib/python3.8/site-packages/airflow/example_dags/tutorial.py took 0.236 seconds
[2024-02-13T12:33:35.797+0000] {processor.py:161} INFO - Started process (PID=2566) to work on /home/airflow/.local/lib/python3.8/site-packages/airflow/example_dags/tutorial.py
[2024-02-13T12:33:35.798+0000] {processor.py:830} INFO - Processing file /home/airflow/.local/lib/python3.8/site-packages/airflow/example_dags/tutorial.py for tasks to queue
[2024-02-13T12:33:35.799+0000] {logging_mixin.py:188} INFO - [2024-02-13T12:33:35.799+0000] {dagbag.py:538} INFO - Filling up the DagBag from /home/airflow/.local/lib/python3.8/site-packages/airflow/example_dags/tutorial.py
[2024-02-13T12:33:35.805+0000] {processor.py:840} INFO - DAG(s) 'tutorial' retrieved from /home/airflow/.local/lib/python3.8/site-packages/airflow/example_dags/tutorial.py
[2024-02-13T12:33:35.827+0000] {logging_mixin.py:188} INFO - [2024-02-13T12:33:35.827+0000] {dag.py:3036} INFO - Sync 1 DAGs
[2024-02-13T12:33:35.996+0000] {logging_mixin.py:188} INFO - [2024-02-13T12:33:35.996+0000] {dag.py:3823} INFO - Setting next_dagrun for tutorial to 2024-02-12 00:00:00+00:00, run_after=2024-02-13 00:00:00+00:00
[2024-02-13T12:33:36.024+0000] {processor.py:183} INFO - Processing /home/airflow/.local/lib/python3.8/site-packages/airflow/example_dags/tutorial.py took 0.230 seconds
[2024-02-13T12:34:07.006+0000] {processor.py:161} INFO - Started process (PID=2625) to work on /home/airflow/.local/lib/python3.8/site-packages/airflow/example_dags/tutorial.py
[2024-02-13T12:34:07.008+0000] {processor.py:830} INFO - Processing file /home/airflow/.local/lib/python3.8/site-packages/airflow/example_dags/tutorial.py for tasks to queue
[2024-02-13T12:34:07.009+0000] {logging_mixin.py:188} INFO - [2024-02-13T12:34:07.009+0000] {dagbag.py:538} INFO - Filling up the DagBag from /home/airflow/.local/lib/python3.8/site-packages/airflow/example_dags/tutorial.py
[2024-02-13T12:34:07.016+0000] {processor.py:840} INFO - DAG(s) 'tutorial' retrieved from /home/airflow/.local/lib/python3.8/site-packages/airflow/example_dags/tutorial.py
[2024-02-13T12:34:07.039+0000] {logging_mixin.py:188} INFO - [2024-02-13T12:34:07.039+0000] {dag.py:3036} INFO - Sync 1 DAGs
[2024-02-13T12:34:07.062+0000] {logging_mixin.py:188} INFO - [2024-02-13T12:34:07.062+0000] {dag.py:3823} INFO - Setting next_dagrun for tutorial to 2024-02-12 00:00:00+00:00, run_after=2024-02-13 00:00:00+00:00
[2024-02-13T12:34:07.081+0000] {processor.py:183} INFO - Processing /home/airflow/.local/lib/python3.8/site-packages/airflow/example_dags/tutorial.py took 0.078 seconds
[2024-02-13T12:34:37.167+0000] {processor.py:161} INFO - Started process (PID=2681) to work on /home/airflow/.local/lib/python3.8/site-packages/airflow/example_dags/tutorial.py
[2024-02-13T12:34:37.170+0000] {processor.py:830} INFO - Processing file /home/airflow/.local/lib/python3.8/site-packages/airflow/example_dags/tutorial.py for tasks to queue
[2024-02-13T12:34:37.171+0000] {logging_mixin.py:188} INFO - [2024-02-13T12:34:37.170+0000] {dagbag.py:538} INFO - Filling up the DagBag from /home/airflow/.local/lib/python3.8/site-packages/airflow/example_dags/tutorial.py
[2024-02-13T12:34:37.180+0000] {processor.py:840} INFO - DAG(s) 'tutorial' retrieved from /home/airflow/.local/lib/python3.8/site-packages/airflow/example_dags/tutorial.py
[2024-02-13T12:34:37.205+0000] {logging_mixin.py:188} INFO - [2024-02-13T12:34:37.205+0000] {dag.py:3036} INFO - Sync 1 DAGs
[2024-02-13T12:34:37.226+0000] {logging_mixin.py:188} INFO - [2024-02-13T12:34:37.226+0000] {dag.py:3823} INFO - Setting next_dagrun for tutorial to 2024-02-12 00:00:00+00:00, run_after=2024-02-13 00:00:00+00:00
[2024-02-13T12:34:37.243+0000] {processor.py:183} INFO - Processing /home/airflow/.local/lib/python3.8/site-packages/airflow/example_dags/tutorial.py took 0.082 seconds
[2024-02-13T12:35:07.426+0000] {processor.py:161} INFO - Started process (PID=2738) to work on /home/airflow/.local/lib/python3.8/site-packages/airflow/example_dags/tutorial.py
[2024-02-13T12:35:07.429+0000] {processor.py:830} INFO - Processing file /home/airflow/.local/lib/python3.8/site-packages/airflow/example_dags/tutorial.py for tasks to queue
[2024-02-13T12:35:07.432+0000] {logging_mixin.py:188} INFO - [2024-02-13T12:35:07.431+0000] {dagbag.py:538} INFO - Filling up the DagBag from /home/airflow/.local/lib/python3.8/site-packages/airflow/example_dags/tutorial.py
[2024-02-13T12:35:07.448+0000] {processor.py:840} INFO - DAG(s) 'tutorial' retrieved from /home/airflow/.local/lib/python3.8/site-packages/airflow/example_dags/tutorial.py
[2024-02-13T12:35:07.471+0000] {logging_mixin.py:188} INFO - [2024-02-13T12:35:07.470+0000] {dag.py:3036} INFO - Sync 1 DAGs
[2024-02-13T12:35:07.491+0000] {logging_mixin.py:188} INFO - [2024-02-13T12:35:07.491+0000] {dag.py:3823} INFO - Setting next_dagrun for tutorial to 2024-02-12 00:00:00+00:00, run_after=2024-02-13 00:00:00+00:00
[2024-02-13T12:35:07.508+0000] {processor.py:183} INFO - Processing /home/airflow/.local/lib/python3.8/site-packages/airflow/example_dags/tutorial.py took 0.091 seconds
[2024-02-13T12:35:37.628+0000] {processor.py:161} INFO - Started process (PID=2794) to work on /home/airflow/.local/lib/python3.8/site-packages/airflow/example_dags/tutorial.py
[2024-02-13T12:35:37.629+0000] {processor.py:830} INFO - Processing file /home/airflow/.local/lib/python3.8/site-packages/airflow/example_dags/tutorial.py for tasks to queue
[2024-02-13T12:35:37.630+0000] {logging_mixin.py:188} INFO - [2024-02-13T12:35:37.629+0000] {dagbag.py:538} INFO - Filling up the DagBag from /home/airflow/.local/lib/python3.8/site-packages/airflow/example_dags/tutorial.py
[2024-02-13T12:35:37.637+0000] {processor.py:840} INFO - DAG(s) 'tutorial' retrieved from /home/airflow/.local/lib/python3.8/site-packages/airflow/example_dags/tutorial.py
[2024-02-13T12:35:37.662+0000] {logging_mixin.py:188} INFO - [2024-02-13T12:35:37.661+0000] {dag.py:3036} INFO - Sync 1 DAGs
[2024-02-13T12:35:37.688+0000] {logging_mixin.py:188} INFO - [2024-02-13T12:35:37.688+0000] {dag.py:3823} INFO - Setting next_dagrun for tutorial to 2024-02-12 00:00:00+00:00, run_after=2024-02-13 00:00:00+00:00
[2024-02-13T12:35:37.705+0000] {processor.py:183} INFO - Processing /home/airflow/.local/lib/python3.8/site-packages/airflow/example_dags/tutorial.py took 0.081 seconds
[2024-02-13T12:36:07.786+0000] {processor.py:161} INFO - Started process (PID=2850) to work on /home/airflow/.local/lib/python3.8/site-packages/airflow/example_dags/tutorial.py
[2024-02-13T12:36:07.787+0000] {processor.py:830} INFO - Processing file /home/airflow/.local/lib/python3.8/site-packages/airflow/example_dags/tutorial.py for tasks to queue
[2024-02-13T12:36:07.788+0000] {logging_mixin.py:188} INFO - [2024-02-13T12:36:07.787+0000] {dagbag.py:538} INFO - Filling up the DagBag from /home/airflow/.local/lib/python3.8/site-packages/airflow/example_dags/tutorial.py
[2024-02-13T12:36:07.793+0000] {processor.py:840} INFO - DAG(s) 'tutorial' retrieved from /home/airflow/.local/lib/python3.8/site-packages/airflow/example_dags/tutorial.py
[2024-02-13T12:36:07.812+0000] {logging_mixin.py:188} INFO - [2024-02-13T12:36:07.812+0000] {dag.py:3036} INFO - Sync 1 DAGs
[2024-02-13T12:36:07.834+0000] {logging_mixin.py:188} INFO - [2024-02-13T12:36:07.834+0000] {dag.py:3823} INFO - Setting next_dagrun for tutorial to 2024-02-12 00:00:00+00:00, run_after=2024-02-13 00:00:00+00:00
[2024-02-13T12:36:07.852+0000] {processor.py:183} INFO - Processing /home/airflow/.local/lib/python3.8/site-packages/airflow/example_dags/tutorial.py took 0.070 seconds
[2024-02-13T12:36:38.810+0000] {processor.py:161} INFO - Started process (PID=2904) to work on /home/airflow/.local/lib/python3.8/site-packages/airflow/example_dags/tutorial.py
[2024-02-13T12:36:38.813+0000] {processor.py:830} INFO - Processing file /home/airflow/.local/lib/python3.8/site-packages/airflow/example_dags/tutorial.py for tasks to queue
[2024-02-13T12:36:38.815+0000] {logging_mixin.py:188} INFO - [2024-02-13T12:36:38.815+0000] {dagbag.py:538} INFO - Filling up the DagBag from /home/airflow/.local/lib/python3.8/site-packages/airflow/example_dags/tutorial.py
[2024-02-13T12:36:38.828+0000] {processor.py:840} INFO - DAG(s) 'tutorial' retrieved from /home/airflow/.local/lib/python3.8/site-packages/airflow/example_dags/tutorial.py
[2024-02-13T12:36:38.876+0000] {logging_mixin.py:188} INFO - [2024-02-13T12:36:38.876+0000] {dag.py:3036} INFO - Sync 1 DAGs
[2024-02-13T12:36:38.935+0000] {logging_mixin.py:188} INFO - [2024-02-13T12:36:38.935+0000] {dag.py:3823} INFO - Setting next_dagrun for tutorial to 2024-02-12 00:00:00+00:00, run_after=2024-02-13 00:00:00+00:00
[2024-02-13T12:36:38.989+0000] {processor.py:183} INFO - Processing /home/airflow/.local/lib/python3.8/site-packages/airflow/example_dags/tutorial.py took 0.185 seconds
[2024-02-13T12:37:09.820+0000] {processor.py:161} INFO - Started process (PID=2960) to work on /home/airflow/.local/lib/python3.8/site-packages/airflow/example_dags/tutorial.py
[2024-02-13T12:37:09.824+0000] {processor.py:830} INFO - Processing file /home/airflow/.local/lib/python3.8/site-packages/airflow/example_dags/tutorial.py for tasks to queue
[2024-02-13T12:37:09.826+0000] {logging_mixin.py:188} INFO - [2024-02-13T12:37:09.825+0000] {dagbag.py:538} INFO - Filling up the DagBag from /home/airflow/.local/lib/python3.8/site-packages/airflow/example_dags/tutorial.py
[2024-02-13T12:37:09.843+0000] {processor.py:840} INFO - DAG(s) 'tutorial' retrieved from /home/airflow/.local/lib/python3.8/site-packages/airflow/example_dags/tutorial.py
[2024-02-13T12:37:09.891+0000] {logging_mixin.py:188} INFO - [2024-02-13T12:37:09.890+0000] {dag.py:3036} INFO - Sync 1 DAGs
[2024-02-13T12:37:09.938+0000] {logging_mixin.py:188} INFO - [2024-02-13T12:37:09.937+0000] {dag.py:3823} INFO - Setting next_dagrun for tutorial to 2024-02-12 00:00:00+00:00, run_after=2024-02-13 00:00:00+00:00
[2024-02-13T12:37:09.979+0000] {processor.py:183} INFO - Processing /home/airflow/.local/lib/python3.8/site-packages/airflow/example_dags/tutorial.py took 0.166 seconds
[2024-02-13T12:37:40.392+0000] {processor.py:161} INFO - Started process (PID=3016) to work on /home/airflow/.local/lib/python3.8/site-packages/airflow/example_dags/tutorial.py
[2024-02-13T12:37:40.393+0000] {processor.py:830} INFO - Processing file /home/airflow/.local/lib/python3.8/site-packages/airflow/example_dags/tutorial.py for tasks to queue
[2024-02-13T12:37:40.394+0000] {logging_mixin.py:188} INFO - [2024-02-13T12:37:40.393+0000] {dagbag.py:538} INFO - Filling up the DagBag from /home/airflow/.local/lib/python3.8/site-packages/airflow/example_dags/tutorial.py
[2024-02-13T12:37:40.399+0000] {processor.py:840} INFO - DAG(s) 'tutorial' retrieved from /home/airflow/.local/lib/python3.8/site-packages/airflow/example_dags/tutorial.py
[2024-02-13T12:37:40.417+0000] {logging_mixin.py:188} INFO - [2024-02-13T12:37:40.417+0000] {dag.py:3036} INFO - Sync 1 DAGs
[2024-02-13T12:37:40.437+0000] {logging_mixin.py:188} INFO - [2024-02-13T12:37:40.437+0000] {dag.py:3823} INFO - Setting next_dagrun for tutorial to 2024-02-12 00:00:00+00:00, run_after=2024-02-13 00:00:00+00:00
[2024-02-13T12:37:40.456+0000] {processor.py:183} INFO - Processing /home/airflow/.local/lib/python3.8/site-packages/airflow/example_dags/tutorial.py took 0.067 seconds
[2024-02-13T12:38:11.032+0000] {processor.py:161} INFO - Started process (PID=3072) to work on /home/airflow/.local/lib/python3.8/site-packages/airflow/example_dags/tutorial.py
[2024-02-13T12:38:11.033+0000] {processor.py:830} INFO - Processing file /home/airflow/.local/lib/python3.8/site-packages/airflow/example_dags/tutorial.py for tasks to queue
[2024-02-13T12:38:11.034+0000] {logging_mixin.py:188} INFO - [2024-02-13T12:38:11.034+0000] {dagbag.py:538} INFO - Filling up the DagBag from /home/airflow/.local/lib/python3.8/site-packages/airflow/example_dags/tutorial.py
[2024-02-13T12:38:11.042+0000] {processor.py:840} INFO - DAG(s) 'tutorial' retrieved from /home/airflow/.local/lib/python3.8/site-packages/airflow/example_dags/tutorial.py
[2024-02-13T12:38:11.070+0000] {logging_mixin.py:188} INFO - [2024-02-13T12:38:11.070+0000] {dag.py:3036} INFO - Sync 1 DAGs
[2024-02-13T12:38:11.099+0000] {logging_mixin.py:188} INFO - [2024-02-13T12:38:11.099+0000] {dag.py:3823} INFO - Setting next_dagrun for tutorial to 2024-02-12 00:00:00+00:00, run_after=2024-02-13 00:00:00+00:00
[2024-02-13T12:38:11.122+0000] {processor.py:183} INFO - Processing /home/airflow/.local/lib/python3.8/site-packages/airflow/example_dags/tutorial.py took 0.094 seconds
[2024-02-13T12:38:41.345+0000] {processor.py:161} INFO - Started process (PID=3128) to work on /home/airflow/.local/lib/python3.8/site-packages/airflow/example_dags/tutorial.py
[2024-02-13T12:38:41.346+0000] {processor.py:830} INFO - Processing file /home/airflow/.local/lib/python3.8/site-packages/airflow/example_dags/tutorial.py for tasks to queue
[2024-02-13T12:38:41.347+0000] {logging_mixin.py:188} INFO - [2024-02-13T12:38:41.347+0000] {dagbag.py:538} INFO - Filling up the DagBag from /home/airflow/.local/lib/python3.8/site-packages/airflow/example_dags/tutorial.py
[2024-02-13T12:38:41.353+0000] {processor.py:840} INFO - DAG(s) 'tutorial' retrieved from /home/airflow/.local/lib/python3.8/site-packages/airflow/example_dags/tutorial.py
[2024-02-13T12:38:41.376+0000] {logging_mixin.py:188} INFO - [2024-02-13T12:38:41.376+0000] {dag.py:3036} INFO - Sync 1 DAGs
[2024-02-13T12:38:41.409+0000] {logging_mixin.py:188} INFO - [2024-02-13T12:38:41.408+0000] {dag.py:3823} INFO - Setting next_dagrun for tutorial to 2024-02-12 00:00:00+00:00, run_after=2024-02-13 00:00:00+00:00
[2024-02-13T12:38:41.432+0000] {processor.py:183} INFO - Processing /home/airflow/.local/lib/python3.8/site-packages/airflow/example_dags/tutorial.py took 0.089 seconds
[2024-02-13T12:39:11.483+0000] {processor.py:161} INFO - Started process (PID=3185) to work on /home/airflow/.local/lib/python3.8/site-packages/airflow/example_dags/tutorial.py
[2024-02-13T12:39:11.484+0000] {processor.py:830} INFO - Processing file /home/airflow/.local/lib/python3.8/site-packages/airflow/example_dags/tutorial.py for tasks to queue
[2024-02-13T12:39:11.484+0000] {logging_mixin.py:188} INFO - [2024-02-13T12:39:11.484+0000] {dagbag.py:538} INFO - Filling up the DagBag from /home/airflow/.local/lib/python3.8/site-packages/airflow/example_dags/tutorial.py
[2024-02-13T12:39:11.490+0000] {processor.py:840} INFO - DAG(s) 'tutorial' retrieved from /home/airflow/.local/lib/python3.8/site-packages/airflow/example_dags/tutorial.py
[2024-02-13T12:39:11.509+0000] {logging_mixin.py:188} INFO - [2024-02-13T12:39:11.509+0000] {dag.py:3036} INFO - Sync 1 DAGs
[2024-02-13T12:39:11.533+0000] {logging_mixin.py:188} INFO - [2024-02-13T12:39:11.532+0000] {dag.py:3823} INFO - Setting next_dagrun for tutorial to 2024-02-12 00:00:00+00:00, run_after=2024-02-13 00:00:00+00:00
[2024-02-13T12:39:11.551+0000] {processor.py:183} INFO - Processing /home/airflow/.local/lib/python3.8/site-packages/airflow/example_dags/tutorial.py took 0.071 seconds
[2024-02-13T12:39:41.766+0000] {processor.py:161} INFO - Started process (PID=3241) to work on /home/airflow/.local/lib/python3.8/site-packages/airflow/example_dags/tutorial.py
[2024-02-13T12:39:41.767+0000] {processor.py:830} INFO - Processing file /home/airflow/.local/lib/python3.8/site-packages/airflow/example_dags/tutorial.py for tasks to queue
[2024-02-13T12:39:41.768+0000] {logging_mixin.py:188} INFO - [2024-02-13T12:39:41.768+0000] {dagbag.py:538} INFO - Filling up the DagBag from /home/airflow/.local/lib/python3.8/site-packages/airflow/example_dags/tutorial.py
[2024-02-13T12:39:41.774+0000] {processor.py:840} INFO - DAG(s) 'tutorial' retrieved from /home/airflow/.local/lib/python3.8/site-packages/airflow/example_dags/tutorial.py
[2024-02-13T12:39:41.799+0000] {logging_mixin.py:188} INFO - [2024-02-13T12:39:41.799+0000] {dag.py:3036} INFO - Sync 1 DAGs
[2024-02-13T12:39:41.854+0000] {logging_mixin.py:188} INFO - [2024-02-13T12:39:41.854+0000] {dag.py:3823} INFO - Setting next_dagrun for tutorial to 2024-02-12 00:00:00+00:00, run_after=2024-02-13 00:00:00+00:00
[2024-02-13T12:39:41.884+0000] {processor.py:183} INFO - Processing /home/airflow/.local/lib/python3.8/site-packages/airflow/example_dags/tutorial.py took 0.121 seconds
[2024-02-13T12:40:12.093+0000] {processor.py:161} INFO - Started process (PID=3297) to work on /home/airflow/.local/lib/python3.8/site-packages/airflow/example_dags/tutorial.py
[2024-02-13T12:40:12.094+0000] {processor.py:830} INFO - Processing file /home/airflow/.local/lib/python3.8/site-packages/airflow/example_dags/tutorial.py for tasks to queue
[2024-02-13T12:40:12.095+0000] {logging_mixin.py:188} INFO - [2024-02-13T12:40:12.094+0000] {dagbag.py:538} INFO - Filling up the DagBag from /home/airflow/.local/lib/python3.8/site-packages/airflow/example_dags/tutorial.py
[2024-02-13T12:40:12.100+0000] {processor.py:840} INFO - DAG(s) 'tutorial' retrieved from /home/airflow/.local/lib/python3.8/site-packages/airflow/example_dags/tutorial.py
[2024-02-13T12:40:12.117+0000] {logging_mixin.py:188} INFO - [2024-02-13T12:40:12.117+0000] {dag.py:3036} INFO - Sync 1 DAGs
[2024-02-13T12:40:12.137+0000] {logging_mixin.py:188} INFO - [2024-02-13T12:40:12.137+0000] {dag.py:3823} INFO - Setting next_dagrun for tutorial to 2024-02-12 00:00:00+00:00, run_after=2024-02-13 00:00:00+00:00
[2024-02-13T12:40:12.165+0000] {processor.py:183} INFO - Processing /home/airflow/.local/lib/python3.8/site-packages/airflow/example_dags/tutorial.py took 0.075 seconds
[2024-02-13T12:40:42.613+0000] {processor.py:161} INFO - Started process (PID=3353) to work on /home/airflow/.local/lib/python3.8/site-packages/airflow/example_dags/tutorial.py
[2024-02-13T12:40:42.615+0000] {processor.py:830} INFO - Processing file /home/airflow/.local/lib/python3.8/site-packages/airflow/example_dags/tutorial.py for tasks to queue
[2024-02-13T12:40:42.617+0000] {logging_mixin.py:188} INFO - [2024-02-13T12:40:42.616+0000] {dagbag.py:538} INFO - Filling up the DagBag from /home/airflow/.local/lib/python3.8/site-packages/airflow/example_dags/tutorial.py
[2024-02-13T12:40:42.625+0000] {processor.py:840} INFO - DAG(s) 'tutorial' retrieved from /home/airflow/.local/lib/python3.8/site-packages/airflow/example_dags/tutorial.py
[2024-02-13T12:40:42.661+0000] {logging_mixin.py:188} INFO - [2024-02-13T12:40:42.661+0000] {dag.py:3036} INFO - Sync 1 DAGs
[2024-02-13T12:40:42.705+0000] {logging_mixin.py:188} INFO - [2024-02-13T12:40:42.705+0000] {dag.py:3823} INFO - Setting next_dagrun for tutorial to 2024-02-12 00:00:00+00:00, run_after=2024-02-13 00:00:00+00:00
[2024-02-13T12:40:42.728+0000] {processor.py:183} INFO - Processing /home/airflow/.local/lib/python3.8/site-packages/airflow/example_dags/tutorial.py took 0.121 seconds
[2024-02-13T12:41:13.172+0000] {processor.py:161} INFO - Started process (PID=3410) to work on /home/airflow/.local/lib/python3.8/site-packages/airflow/example_dags/tutorial.py
[2024-02-13T12:41:13.173+0000] {processor.py:830} INFO - Processing file /home/airflow/.local/lib/python3.8/site-packages/airflow/example_dags/tutorial.py for tasks to queue
[2024-02-13T12:41:13.174+0000] {logging_mixin.py:188} INFO - [2024-02-13T12:41:13.173+0000] {dagbag.py:538} INFO - Filling up the DagBag from /home/airflow/.local/lib/python3.8/site-packages/airflow/example_dags/tutorial.py
[2024-02-13T12:41:13.179+0000] {processor.py:840} INFO - DAG(s) 'tutorial' retrieved from /home/airflow/.local/lib/python3.8/site-packages/airflow/example_dags/tutorial.py
[2024-02-13T12:41:13.196+0000] {logging_mixin.py:188} INFO - [2024-02-13T12:41:13.196+0000] {dag.py:3036} INFO - Sync 1 DAGs
[2024-02-13T12:41:13.217+0000] {logging_mixin.py:188} INFO - [2024-02-13T12:41:13.217+0000] {dag.py:3823} INFO - Setting next_dagrun for tutorial to 2024-02-12 00:00:00+00:00, run_after=2024-02-13 00:00:00+00:00
[2024-02-13T12:41:13.236+0000] {processor.py:183} INFO - Processing /home/airflow/.local/lib/python3.8/site-packages/airflow/example_dags/tutorial.py took 0.066 seconds
[2024-02-13T12:41:44.022+0000] {processor.py:161} INFO - Started process (PID=3464) to work on /home/airflow/.local/lib/python3.8/site-packages/airflow/example_dags/tutorial.py
[2024-02-13T12:41:44.023+0000] {processor.py:830} INFO - Processing file /home/airflow/.local/lib/python3.8/site-packages/airflow/example_dags/tutorial.py for tasks to queue
[2024-02-13T12:41:44.027+0000] {logging_mixin.py:188} INFO - [2024-02-13T12:41:44.026+0000] {dagbag.py:538} INFO - Filling up the DagBag from /home/airflow/.local/lib/python3.8/site-packages/airflow/example_dags/tutorial.py
[2024-02-13T12:41:44.047+0000] {processor.py:840} INFO - DAG(s) 'tutorial' retrieved from /home/airflow/.local/lib/python3.8/site-packages/airflow/example_dags/tutorial.py
[2024-02-13T12:41:44.103+0000] {logging_mixin.py:188} INFO - [2024-02-13T12:41:44.102+0000] {dag.py:3036} INFO - Sync 1 DAGs
[2024-02-13T12:41:44.159+0000] {logging_mixin.py:188} INFO - [2024-02-13T12:41:44.158+0000] {dag.py:3823} INFO - Setting next_dagrun for tutorial to 2024-02-12 00:00:00+00:00, run_after=2024-02-13 00:00:00+00:00
[2024-02-13T12:41:44.198+0000] {processor.py:183} INFO - Processing /home/airflow/.local/lib/python3.8/site-packages/airflow/example_dags/tutorial.py took 0.183 seconds
[2024-02-13T12:42:14.727+0000] {processor.py:161} INFO - Started process (PID=3520) to work on /home/airflow/.local/lib/python3.8/site-packages/airflow/example_dags/tutorial.py
[2024-02-13T12:42:14.728+0000] {processor.py:830} INFO - Processing file /home/airflow/.local/lib/python3.8/site-packages/airflow/example_dags/tutorial.py for tasks to queue
[2024-02-13T12:42:14.729+0000] {logging_mixin.py:188} INFO - [2024-02-13T12:42:14.729+0000] {dagbag.py:538} INFO - Filling up the DagBag from /home/airflow/.local/lib/python3.8/site-packages/airflow/example_dags/tutorial.py
[2024-02-13T12:42:14.734+0000] {processor.py:840} INFO - DAG(s) 'tutorial' retrieved from /home/airflow/.local/lib/python3.8/site-packages/airflow/example_dags/tutorial.py
[2024-02-13T12:42:14.754+0000] {logging_mixin.py:188} INFO - [2024-02-13T12:42:14.754+0000] {dag.py:3036} INFO - Sync 1 DAGs
[2024-02-13T12:42:14.779+0000] {logging_mixin.py:188} INFO - [2024-02-13T12:42:14.779+0000] {dag.py:3823} INFO - Setting next_dagrun for tutorial to 2024-02-12 00:00:00+00:00, run_after=2024-02-13 00:00:00+00:00
[2024-02-13T12:42:14.799+0000] {processor.py:183} INFO - Processing /home/airflow/.local/lib/python3.8/site-packages/airflow/example_dags/tutorial.py took 0.074 seconds
[2024-02-13T12:42:45.637+0000] {processor.py:161} INFO - Started process (PID=3576) to work on /home/airflow/.local/lib/python3.8/site-packages/airflow/example_dags/tutorial.py
[2024-02-13T12:42:45.638+0000] {processor.py:830} INFO - Processing file /home/airflow/.local/lib/python3.8/site-packages/airflow/example_dags/tutorial.py for tasks to queue
[2024-02-13T12:42:45.639+0000] {logging_mixin.py:188} INFO - [2024-02-13T12:42:45.639+0000] {dagbag.py:538} INFO - Filling up the DagBag from /home/airflow/.local/lib/python3.8/site-packages/airflow/example_dags/tutorial.py
[2024-02-13T12:42:45.652+0000] {processor.py:840} INFO - DAG(s) 'tutorial' retrieved from /home/airflow/.local/lib/python3.8/site-packages/airflow/example_dags/tutorial.py
[2024-02-13T12:42:45.687+0000] {logging_mixin.py:188} INFO - [2024-02-13T12:42:45.687+0000] {dag.py:3036} INFO - Sync 1 DAGs
[2024-02-13T12:42:45.735+0000] {logging_mixin.py:188} INFO - [2024-02-13T12:42:45.735+0000] {dag.py:3823} INFO - Setting next_dagrun for tutorial to 2024-02-12 00:00:00+00:00, run_after=2024-02-13 00:00:00+00:00
[2024-02-13T12:42:45.774+0000] {processor.py:183} INFO - Processing /home/airflow/.local/lib/python3.8/site-packages/airflow/example_dags/tutorial.py took 0.140 seconds
