[2024-02-13T12:10:53.215+0000] {processor.py:161} INFO - Started process (PID=48) to work on /home/airflow/.local/lib/python3.8/site-packages/airflow/example_dags/tutorial_objectstorage.py
[2024-02-13T12:10:53.217+0000] {processor.py:830} INFO - Processing file /home/airflow/.local/lib/python3.8/site-packages/airflow/example_dags/tutorial_objectstorage.py for tasks to queue
[2024-02-13T12:10:53.219+0000] {logging_mixin.py:188} INFO - [2024-02-13T12:10:53.218+0000] {dagbag.py:538} INFO - Filling up the DagBag from /home/airflow/.local/lib/python3.8/site-packages/airflow/example_dags/tutorial_objectstorage.py
[2024-02-13T12:10:53.242+0000] {processor.py:840} INFO - DAG(s) 'tutorial_objectstorage' retrieved from /home/airflow/.local/lib/python3.8/site-packages/airflow/example_dags/tutorial_objectstorage.py
[2024-02-13T12:10:53.465+0000] {logging_mixin.py:188} INFO - [2024-02-13T12:10:53.465+0000] {dag.py:3036} INFO - Sync 1 DAGs
[2024-02-13T12:10:53.489+0000] {logging_mixin.py:188} INFO - [2024-02-13T12:10:53.488+0000] {dag.py:3823} INFO - Setting next_dagrun for tutorial_objectstorage to None, run_after=None
[2024-02-13T12:10:53.529+0000] {processor.py:183} INFO - Processing /home/airflow/.local/lib/python3.8/site-packages/airflow/example_dags/tutorial_objectstorage.py took 0.319 seconds
[2024-02-13T12:11:24.273+0000] {processor.py:161} INFO - Started process (PID=104) to work on /home/airflow/.local/lib/python3.8/site-packages/airflow/example_dags/tutorial_objectstorage.py
[2024-02-13T12:11:24.274+0000] {processor.py:830} INFO - Processing file /home/airflow/.local/lib/python3.8/site-packages/airflow/example_dags/tutorial_objectstorage.py for tasks to queue
[2024-02-13T12:11:24.275+0000] {logging_mixin.py:188} INFO - [2024-02-13T12:11:24.275+0000] {dagbag.py:538} INFO - Filling up the DagBag from /home/airflow/.local/lib/python3.8/site-packages/airflow/example_dags/tutorial_objectstorage.py
[2024-02-13T12:11:24.285+0000] {processor.py:840} INFO - DAG(s) 'tutorial_objectstorage' retrieved from /home/airflow/.local/lib/python3.8/site-packages/airflow/example_dags/tutorial_objectstorage.py
[2024-02-13T12:11:24.332+0000] {logging_mixin.py:188} INFO - [2024-02-13T12:11:24.331+0000] {dag.py:3036} INFO - Sync 1 DAGs
[2024-02-13T12:11:24.351+0000] {logging_mixin.py:188} INFO - [2024-02-13T12:11:24.351+0000] {dag.py:3823} INFO - Setting next_dagrun for tutorial_objectstorage to None, run_after=None
[2024-02-13T12:11:24.379+0000] {processor.py:183} INFO - Processing /home/airflow/.local/lib/python3.8/site-packages/airflow/example_dags/tutorial_objectstorage.py took 0.115 seconds
[2024-02-13T12:11:54.782+0000] {processor.py:161} INFO - Started process (PID=160) to work on /home/airflow/.local/lib/python3.8/site-packages/airflow/example_dags/tutorial_objectstorage.py
[2024-02-13T12:11:54.783+0000] {processor.py:830} INFO - Processing file /home/airflow/.local/lib/python3.8/site-packages/airflow/example_dags/tutorial_objectstorage.py for tasks to queue
[2024-02-13T12:11:54.784+0000] {logging_mixin.py:188} INFO - [2024-02-13T12:11:54.784+0000] {dagbag.py:538} INFO - Filling up the DagBag from /home/airflow/.local/lib/python3.8/site-packages/airflow/example_dags/tutorial_objectstorage.py
[2024-02-13T12:11:54.796+0000] {processor.py:840} INFO - DAG(s) 'tutorial_objectstorage' retrieved from /home/airflow/.local/lib/python3.8/site-packages/airflow/example_dags/tutorial_objectstorage.py
[2024-02-13T12:11:54.823+0000] {logging_mixin.py:188} INFO - [2024-02-13T12:11:54.822+0000] {dag.py:3036} INFO - Sync 1 DAGs
[2024-02-13T12:11:54.839+0000] {logging_mixin.py:188} INFO - [2024-02-13T12:11:54.839+0000] {dag.py:3823} INFO - Setting next_dagrun for tutorial_objectstorage to None, run_after=None
[2024-02-13T12:11:54.867+0000] {processor.py:183} INFO - Processing /home/airflow/.local/lib/python3.8/site-packages/airflow/example_dags/tutorial_objectstorage.py took 0.091 seconds
[2024-02-13T12:12:26.626+0000] {processor.py:161} INFO - Started process (PID=217) to work on /home/airflow/.local/lib/python3.8/site-packages/airflow/example_dags/tutorial_objectstorage.py
[2024-02-13T12:12:26.628+0000] {processor.py:830} INFO - Processing file /home/airflow/.local/lib/python3.8/site-packages/airflow/example_dags/tutorial_objectstorage.py for tasks to queue
[2024-02-13T12:12:26.630+0000] {logging_mixin.py:188} INFO - [2024-02-13T12:12:26.629+0000] {dagbag.py:538} INFO - Filling up the DagBag from /home/airflow/.local/lib/python3.8/site-packages/airflow/example_dags/tutorial_objectstorage.py
[2024-02-13T12:12:26.655+0000] {processor.py:840} INFO - DAG(s) 'tutorial_objectstorage' retrieved from /home/airflow/.local/lib/python3.8/site-packages/airflow/example_dags/tutorial_objectstorage.py
[2024-02-13T12:12:26.730+0000] {logging_mixin.py:188} INFO - [2024-02-13T12:12:26.730+0000] {dag.py:3036} INFO - Sync 1 DAGs
[2024-02-13T12:12:26.773+0000] {logging_mixin.py:188} INFO - [2024-02-13T12:12:26.773+0000] {dag.py:3823} INFO - Setting next_dagrun for tutorial_objectstorage to None, run_after=None
[2024-02-13T12:12:26.869+0000] {processor.py:183} INFO - Processing /home/airflow/.local/lib/python3.8/site-packages/airflow/example_dags/tutorial_objectstorage.py took 0.251 seconds
[2024-02-13T12:12:56.937+0000] {processor.py:161} INFO - Started process (PID=272) to work on /home/airflow/.local/lib/python3.8/site-packages/airflow/example_dags/tutorial_objectstorage.py
[2024-02-13T12:12:56.946+0000] {processor.py:830} INFO - Processing file /home/airflow/.local/lib/python3.8/site-packages/airflow/example_dags/tutorial_objectstorage.py for tasks to queue
[2024-02-13T12:12:56.948+0000] {logging_mixin.py:188} INFO - [2024-02-13T12:12:56.948+0000] {dagbag.py:538} INFO - Filling up the DagBag from /home/airflow/.local/lib/python3.8/site-packages/airflow/example_dags/tutorial_objectstorage.py
[2024-02-13T12:12:56.974+0000] {processor.py:840} INFO - DAG(s) 'tutorial_objectstorage' retrieved from /home/airflow/.local/lib/python3.8/site-packages/airflow/example_dags/tutorial_objectstorage.py
[2024-02-13T12:12:57.005+0000] {logging_mixin.py:188} INFO - [2024-02-13T12:12:57.004+0000] {dag.py:3036} INFO - Sync 1 DAGs
[2024-02-13T12:12:57.044+0000] {logging_mixin.py:188} INFO - [2024-02-13T12:12:57.043+0000] {dag.py:3823} INFO - Setting next_dagrun for tutorial_objectstorage to None, run_after=None
[2024-02-13T12:12:57.084+0000] {processor.py:183} INFO - Processing /home/airflow/.local/lib/python3.8/site-packages/airflow/example_dags/tutorial_objectstorage.py took 0.150 seconds
[2024-02-13T12:13:29.686+0000] {processor.py:161} INFO - Started process (PID=328) to work on /home/airflow/.local/lib/python3.8/site-packages/airflow/example_dags/tutorial_objectstorage.py
[2024-02-13T12:13:29.701+0000] {processor.py:830} INFO - Processing file /home/airflow/.local/lib/python3.8/site-packages/airflow/example_dags/tutorial_objectstorage.py for tasks to queue
[2024-02-13T12:13:29.706+0000] {logging_mixin.py:188} INFO - [2024-02-13T12:13:29.704+0000] {dagbag.py:538} INFO - Filling up the DagBag from /home/airflow/.local/lib/python3.8/site-packages/airflow/example_dags/tutorial_objectstorage.py
[2024-02-13T12:13:29.780+0000] {processor.py:840} INFO - DAG(s) 'tutorial_objectstorage' retrieved from /home/airflow/.local/lib/python3.8/site-packages/airflow/example_dags/tutorial_objectstorage.py
[2024-02-13T12:13:29.898+0000] {logging_mixin.py:188} INFO - [2024-02-13T12:13:29.894+0000] {dag.py:3036} INFO - Sync 1 DAGs
[2024-02-13T12:13:29.974+0000] {logging_mixin.py:188} INFO - [2024-02-13T12:13:29.973+0000] {dag.py:3823} INFO - Setting next_dagrun for tutorial_objectstorage to None, run_after=None
[2024-02-13T12:13:30.141+0000] {processor.py:183} INFO - Processing /home/airflow/.local/lib/python3.8/site-packages/airflow/example_dags/tutorial_objectstorage.py took 0.509 seconds
[2024-02-13T12:14:00.757+0000] {processor.py:161} INFO - Started process (PID=389) to work on /home/airflow/.local/lib/python3.8/site-packages/airflow/example_dags/tutorial_objectstorage.py
[2024-02-13T12:14:00.759+0000] {processor.py:830} INFO - Processing file /home/airflow/.local/lib/python3.8/site-packages/airflow/example_dags/tutorial_objectstorage.py for tasks to queue
[2024-02-13T12:14:00.761+0000] {logging_mixin.py:188} INFO - [2024-02-13T12:14:00.760+0000] {dagbag.py:538} INFO - Filling up the DagBag from /home/airflow/.local/lib/python3.8/site-packages/airflow/example_dags/tutorial_objectstorage.py
[2024-02-13T12:14:00.778+0000] {processor.py:840} INFO - DAG(s) 'tutorial_objectstorage' retrieved from /home/airflow/.local/lib/python3.8/site-packages/airflow/example_dags/tutorial_objectstorage.py
[2024-02-13T12:14:00.816+0000] {logging_mixin.py:188} INFO - [2024-02-13T12:14:00.815+0000] {dag.py:3036} INFO - Sync 1 DAGs
[2024-02-13T12:14:00.834+0000] {logging_mixin.py:188} INFO - [2024-02-13T12:14:00.833+0000] {dag.py:3823} INFO - Setting next_dagrun for tutorial_objectstorage to None, run_after=None
[2024-02-13T12:14:00.868+0000] {processor.py:183} INFO - Processing /home/airflow/.local/lib/python3.8/site-packages/airflow/example_dags/tutorial_objectstorage.py took 0.117 seconds
[2024-02-13T12:14:31.008+0000] {processor.py:161} INFO - Started process (PID=444) to work on /home/airflow/.local/lib/python3.8/site-packages/airflow/example_dags/tutorial_objectstorage.py
[2024-02-13T12:14:31.009+0000] {processor.py:830} INFO - Processing file /home/airflow/.local/lib/python3.8/site-packages/airflow/example_dags/tutorial_objectstorage.py for tasks to queue
[2024-02-13T12:14:31.010+0000] {logging_mixin.py:188} INFO - [2024-02-13T12:14:31.010+0000] {dagbag.py:538} INFO - Filling up the DagBag from /home/airflow/.local/lib/python3.8/site-packages/airflow/example_dags/tutorial_objectstorage.py
[2024-02-13T12:14:31.017+0000] {processor.py:840} INFO - DAG(s) 'tutorial_objectstorage' retrieved from /home/airflow/.local/lib/python3.8/site-packages/airflow/example_dags/tutorial_objectstorage.py
[2024-02-13T12:14:31.038+0000] {logging_mixin.py:188} INFO - [2024-02-13T12:14:31.038+0000] {dag.py:3036} INFO - Sync 1 DAGs
[2024-02-13T12:14:31.060+0000] {logging_mixin.py:188} INFO - [2024-02-13T12:14:31.059+0000] {dag.py:3823} INFO - Setting next_dagrun for tutorial_objectstorage to None, run_after=None
[2024-02-13T12:14:31.089+0000] {processor.py:183} INFO - Processing /home/airflow/.local/lib/python3.8/site-packages/airflow/example_dags/tutorial_objectstorage.py took 0.084 seconds
[2024-02-13T12:15:01.861+0000] {processor.py:161} INFO - Started process (PID=500) to work on /home/airflow/.local/lib/python3.8/site-packages/airflow/example_dags/tutorial_objectstorage.py
[2024-02-13T12:15:01.862+0000] {processor.py:830} INFO - Processing file /home/airflow/.local/lib/python3.8/site-packages/airflow/example_dags/tutorial_objectstorage.py for tasks to queue
[2024-02-13T12:15:01.862+0000] {logging_mixin.py:188} INFO - [2024-02-13T12:15:01.862+0000] {dagbag.py:538} INFO - Filling up the DagBag from /home/airflow/.local/lib/python3.8/site-packages/airflow/example_dags/tutorial_objectstorage.py
[2024-02-13T12:15:01.868+0000] {processor.py:840} INFO - DAG(s) 'tutorial_objectstorage' retrieved from /home/airflow/.local/lib/python3.8/site-packages/airflow/example_dags/tutorial_objectstorage.py
[2024-02-13T12:15:01.888+0000] {logging_mixin.py:188} INFO - [2024-02-13T12:15:01.888+0000] {dag.py:3036} INFO - Sync 1 DAGs
[2024-02-13T12:15:01.903+0000] {logging_mixin.py:188} INFO - [2024-02-13T12:15:01.903+0000] {dag.py:3823} INFO - Setting next_dagrun for tutorial_objectstorage to None, run_after=None
[2024-02-13T12:15:01.925+0000] {processor.py:183} INFO - Processing /home/airflow/.local/lib/python3.8/site-packages/airflow/example_dags/tutorial_objectstorage.py took 0.067 seconds
[2024-02-13T12:15:32.801+0000] {processor.py:161} INFO - Started process (PID=556) to work on /home/airflow/.local/lib/python3.8/site-packages/airflow/example_dags/tutorial_objectstorage.py
[2024-02-13T12:15:32.803+0000] {processor.py:830} INFO - Processing file /home/airflow/.local/lib/python3.8/site-packages/airflow/example_dags/tutorial_objectstorage.py for tasks to queue
[2024-02-13T12:15:32.806+0000] {logging_mixin.py:188} INFO - [2024-02-13T12:15:32.804+0000] {dagbag.py:538} INFO - Filling up the DagBag from /home/airflow/.local/lib/python3.8/site-packages/airflow/example_dags/tutorial_objectstorage.py
[2024-02-13T12:15:32.821+0000] {processor.py:840} INFO - DAG(s) 'tutorial_objectstorage' retrieved from /home/airflow/.local/lib/python3.8/site-packages/airflow/example_dags/tutorial_objectstorage.py
[2024-02-13T12:15:32.867+0000] {logging_mixin.py:188} INFO - [2024-02-13T12:15:32.866+0000] {dag.py:3036} INFO - Sync 1 DAGs
[2024-02-13T12:15:32.897+0000] {logging_mixin.py:188} INFO - [2024-02-13T12:15:32.896+0000] {dag.py:3823} INFO - Setting next_dagrun for tutorial_objectstorage to None, run_after=None
[2024-02-13T12:15:32.937+0000] {processor.py:183} INFO - Processing /home/airflow/.local/lib/python3.8/site-packages/airflow/example_dags/tutorial_objectstorage.py took 0.141 seconds
[2024-02-13T12:16:03.416+0000] {processor.py:161} INFO - Started process (PID=611) to work on /home/airflow/.local/lib/python3.8/site-packages/airflow/example_dags/tutorial_objectstorage.py
[2024-02-13T12:16:03.418+0000] {processor.py:830} INFO - Processing file /home/airflow/.local/lib/python3.8/site-packages/airflow/example_dags/tutorial_objectstorage.py for tasks to queue
[2024-02-13T12:16:03.421+0000] {logging_mixin.py:188} INFO - [2024-02-13T12:16:03.420+0000] {dagbag.py:538} INFO - Filling up the DagBag from /home/airflow/.local/lib/python3.8/site-packages/airflow/example_dags/tutorial_objectstorage.py
[2024-02-13T12:16:03.430+0000] {processor.py:840} INFO - DAG(s) 'tutorial_objectstorage' retrieved from /home/airflow/.local/lib/python3.8/site-packages/airflow/example_dags/tutorial_objectstorage.py
[2024-02-13T12:16:03.464+0000] {logging_mixin.py:188} INFO - [2024-02-13T12:16:03.464+0000] {dag.py:3036} INFO - Sync 1 DAGs
[2024-02-13T12:16:03.488+0000] {logging_mixin.py:188} INFO - [2024-02-13T12:16:03.488+0000] {dag.py:3823} INFO - Setting next_dagrun for tutorial_objectstorage to None, run_after=None
[2024-02-13T12:16:03.522+0000] {processor.py:183} INFO - Processing /home/airflow/.local/lib/python3.8/site-packages/airflow/example_dags/tutorial_objectstorage.py took 0.112 seconds
[2024-02-13T12:16:34.177+0000] {processor.py:161} INFO - Started process (PID=668) to work on /home/airflow/.local/lib/python3.8/site-packages/airflow/example_dags/tutorial_objectstorage.py
[2024-02-13T12:16:34.177+0000] {processor.py:830} INFO - Processing file /home/airflow/.local/lib/python3.8/site-packages/airflow/example_dags/tutorial_objectstorage.py for tasks to queue
[2024-02-13T12:16:34.178+0000] {logging_mixin.py:188} INFO - [2024-02-13T12:16:34.178+0000] {dagbag.py:538} INFO - Filling up the DagBag from /home/airflow/.local/lib/python3.8/site-packages/airflow/example_dags/tutorial_objectstorage.py
[2024-02-13T12:16:34.184+0000] {processor.py:840} INFO - DAG(s) 'tutorial_objectstorage' retrieved from /home/airflow/.local/lib/python3.8/site-packages/airflow/example_dags/tutorial_objectstorage.py
[2024-02-13T12:16:34.202+0000] {logging_mixin.py:188} INFO - [2024-02-13T12:16:34.202+0000] {dag.py:3036} INFO - Sync 1 DAGs
[2024-02-13T12:16:34.216+0000] {logging_mixin.py:188} INFO - [2024-02-13T12:16:34.216+0000] {dag.py:3823} INFO - Setting next_dagrun for tutorial_objectstorage to None, run_after=None
[2024-02-13T12:16:34.236+0000] {processor.py:183} INFO - Processing /home/airflow/.local/lib/python3.8/site-packages/airflow/example_dags/tutorial_objectstorage.py took 0.062 seconds
[2024-02-13T12:17:04.389+0000] {processor.py:161} INFO - Started process (PID=724) to work on /home/airflow/.local/lib/python3.8/site-packages/airflow/example_dags/tutorial_objectstorage.py
[2024-02-13T12:17:04.390+0000] {processor.py:830} INFO - Processing file /home/airflow/.local/lib/python3.8/site-packages/airflow/example_dags/tutorial_objectstorage.py for tasks to queue
[2024-02-13T12:17:04.390+0000] {logging_mixin.py:188} INFO - [2024-02-13T12:17:04.390+0000] {dagbag.py:538} INFO - Filling up the DagBag from /home/airflow/.local/lib/python3.8/site-packages/airflow/example_dags/tutorial_objectstorage.py
[2024-02-13T12:17:04.397+0000] {processor.py:840} INFO - DAG(s) 'tutorial_objectstorage' retrieved from /home/airflow/.local/lib/python3.8/site-packages/airflow/example_dags/tutorial_objectstorage.py
[2024-02-13T12:17:04.417+0000] {logging_mixin.py:188} INFO - [2024-02-13T12:17:04.417+0000] {dag.py:3036} INFO - Sync 1 DAGs
[2024-02-13T12:17:04.430+0000] {logging_mixin.py:188} INFO - [2024-02-13T12:17:04.430+0000] {dag.py:3823} INFO - Setting next_dagrun for tutorial_objectstorage to None, run_after=None
[2024-02-13T12:17:04.449+0000] {processor.py:183} INFO - Processing /home/airflow/.local/lib/python3.8/site-packages/airflow/example_dags/tutorial_objectstorage.py took 0.063 seconds
[2024-02-13T12:17:35.538+0000] {processor.py:161} INFO - Started process (PID=788) to work on /home/airflow/.local/lib/python3.8/site-packages/airflow/example_dags/tutorial_objectstorage.py
[2024-02-13T12:17:35.543+0000] {processor.py:830} INFO - Processing file /home/airflow/.local/lib/python3.8/site-packages/airflow/example_dags/tutorial_objectstorage.py for tasks to queue
[2024-02-13T12:17:35.545+0000] {logging_mixin.py:188} INFO - [2024-02-13T12:17:35.544+0000] {dagbag.py:538} INFO - Filling up the DagBag from /home/airflow/.local/lib/python3.8/site-packages/airflow/example_dags/tutorial_objectstorage.py
[2024-02-13T12:17:35.586+0000] {processor.py:840} INFO - DAG(s) 'tutorial_objectstorage' retrieved from /home/airflow/.local/lib/python3.8/site-packages/airflow/example_dags/tutorial_objectstorage.py
[2024-02-13T12:17:35.681+0000] {logging_mixin.py:188} INFO - [2024-02-13T12:17:35.681+0000] {dag.py:3036} INFO - Sync 1 DAGs
[2024-02-13T12:17:35.728+0000] {logging_mixin.py:188} INFO - [2024-02-13T12:17:35.727+0000] {dag.py:3823} INFO - Setting next_dagrun for tutorial_objectstorage to None, run_after=None
[2024-02-13T12:17:35.804+0000] {processor.py:183} INFO - Processing /home/airflow/.local/lib/python3.8/site-packages/airflow/example_dags/tutorial_objectstorage.py took 0.277 seconds
[2024-02-13T12:18:06.584+0000] {processor.py:161} INFO - Started process (PID=844) to work on /home/airflow/.local/lib/python3.8/site-packages/airflow/example_dags/tutorial_objectstorage.py
[2024-02-13T12:18:06.594+0000] {processor.py:830} INFO - Processing file /home/airflow/.local/lib/python3.8/site-packages/airflow/example_dags/tutorial_objectstorage.py for tasks to queue
[2024-02-13T12:18:06.598+0000] {logging_mixin.py:188} INFO - [2024-02-13T12:18:06.596+0000] {dagbag.py:538} INFO - Filling up the DagBag from /home/airflow/.local/lib/python3.8/site-packages/airflow/example_dags/tutorial_objectstorage.py
[2024-02-13T12:18:06.621+0000] {processor.py:840} INFO - DAG(s) 'tutorial_objectstorage' retrieved from /home/airflow/.local/lib/python3.8/site-packages/airflow/example_dags/tutorial_objectstorage.py
[2024-02-13T12:18:06.669+0000] {logging_mixin.py:188} INFO - [2024-02-13T12:18:06.668+0000] {dag.py:3036} INFO - Sync 1 DAGs
[2024-02-13T12:18:06.695+0000] {logging_mixin.py:188} INFO - [2024-02-13T12:18:06.695+0000] {dag.py:3823} INFO - Setting next_dagrun for tutorial_objectstorage to None, run_after=None
[2024-02-13T12:18:06.780+0000] {processor.py:183} INFO - Processing /home/airflow/.local/lib/python3.8/site-packages/airflow/example_dags/tutorial_objectstorage.py took 0.202 seconds
[2024-02-13T12:18:37.750+0000] {processor.py:161} INFO - Started process (PID=901) to work on /home/airflow/.local/lib/python3.8/site-packages/airflow/example_dags/tutorial_objectstorage.py
[2024-02-13T12:18:37.764+0000] {processor.py:830} INFO - Processing file /home/airflow/.local/lib/python3.8/site-packages/airflow/example_dags/tutorial_objectstorage.py for tasks to queue
[2024-02-13T12:18:37.767+0000] {logging_mixin.py:188} INFO - [2024-02-13T12:18:37.766+0000] {dagbag.py:538} INFO - Filling up the DagBag from /home/airflow/.local/lib/python3.8/site-packages/airflow/example_dags/tutorial_objectstorage.py
[2024-02-13T12:18:37.813+0000] {processor.py:840} INFO - DAG(s) 'tutorial_objectstorage' retrieved from /home/airflow/.local/lib/python3.8/site-packages/airflow/example_dags/tutorial_objectstorage.py
[2024-02-13T12:18:37.926+0000] {logging_mixin.py:188} INFO - [2024-02-13T12:18:37.924+0000] {dag.py:3036} INFO - Sync 1 DAGs
[2024-02-13T12:18:37.997+0000] {logging_mixin.py:188} INFO - [2024-02-13T12:18:37.996+0000] {dag.py:3823} INFO - Setting next_dagrun for tutorial_objectstorage to None, run_after=None
[2024-02-13T12:18:38.071+0000] {processor.py:183} INFO - Processing /home/airflow/.local/lib/python3.8/site-packages/airflow/example_dags/tutorial_objectstorage.py took 0.345 seconds
[2024-02-13T12:19:08.325+0000] {processor.py:161} INFO - Started process (PID=956) to work on /home/airflow/.local/lib/python3.8/site-packages/airflow/example_dags/tutorial_objectstorage.py
[2024-02-13T12:19:08.327+0000] {processor.py:830} INFO - Processing file /home/airflow/.local/lib/python3.8/site-packages/airflow/example_dags/tutorial_objectstorage.py for tasks to queue
[2024-02-13T12:19:08.329+0000] {logging_mixin.py:188} INFO - [2024-02-13T12:19:08.328+0000] {dagbag.py:538} INFO - Filling up the DagBag from /home/airflow/.local/lib/python3.8/site-packages/airflow/example_dags/tutorial_objectstorage.py
[2024-02-13T12:19:08.343+0000] {processor.py:840} INFO - DAG(s) 'tutorial_objectstorage' retrieved from /home/airflow/.local/lib/python3.8/site-packages/airflow/example_dags/tutorial_objectstorage.py
[2024-02-13T12:19:08.377+0000] {logging_mixin.py:188} INFO - [2024-02-13T12:19:08.377+0000] {dag.py:3036} INFO - Sync 1 DAGs
[2024-02-13T12:19:08.403+0000] {logging_mixin.py:188} INFO - [2024-02-13T12:19:08.403+0000] {dag.py:3823} INFO - Setting next_dagrun for tutorial_objectstorage to None, run_after=None
[2024-02-13T12:19:08.455+0000] {processor.py:183} INFO - Processing /home/airflow/.local/lib/python3.8/site-packages/airflow/example_dags/tutorial_objectstorage.py took 0.137 seconds
[2024-02-13T12:19:38.528+0000] {processor.py:161} INFO - Started process (PID=1012) to work on /home/airflow/.local/lib/python3.8/site-packages/airflow/example_dags/tutorial_objectstorage.py
[2024-02-13T12:19:38.529+0000] {processor.py:830} INFO - Processing file /home/airflow/.local/lib/python3.8/site-packages/airflow/example_dags/tutorial_objectstorage.py for tasks to queue
[2024-02-13T12:19:38.530+0000] {logging_mixin.py:188} INFO - [2024-02-13T12:19:38.530+0000] {dagbag.py:538} INFO - Filling up the DagBag from /home/airflow/.local/lib/python3.8/site-packages/airflow/example_dags/tutorial_objectstorage.py
[2024-02-13T12:19:38.540+0000] {processor.py:840} INFO - DAG(s) 'tutorial_objectstorage' retrieved from /home/airflow/.local/lib/python3.8/site-packages/airflow/example_dags/tutorial_objectstorage.py
[2024-02-13T12:19:38.570+0000] {logging_mixin.py:188} INFO - [2024-02-13T12:19:38.569+0000] {dag.py:3036} INFO - Sync 1 DAGs
[2024-02-13T12:19:38.590+0000] {logging_mixin.py:188} INFO - [2024-02-13T12:19:38.590+0000] {dag.py:3823} INFO - Setting next_dagrun for tutorial_objectstorage to None, run_after=None
[2024-02-13T12:19:38.620+0000] {processor.py:183} INFO - Processing /home/airflow/.local/lib/python3.8/site-packages/airflow/example_dags/tutorial_objectstorage.py took 0.097 seconds
[2024-02-13T12:20:08.731+0000] {processor.py:161} INFO - Started process (PID=1067) to work on /home/airflow/.local/lib/python3.8/site-packages/airflow/example_dags/tutorial_objectstorage.py
[2024-02-13T12:20:08.732+0000] {processor.py:830} INFO - Processing file /home/airflow/.local/lib/python3.8/site-packages/airflow/example_dags/tutorial_objectstorage.py for tasks to queue
[2024-02-13T12:20:08.733+0000] {logging_mixin.py:188} INFO - [2024-02-13T12:20:08.732+0000] {dagbag.py:538} INFO - Filling up the DagBag from /home/airflow/.local/lib/python3.8/site-packages/airflow/example_dags/tutorial_objectstorage.py
[2024-02-13T12:20:08.740+0000] {processor.py:840} INFO - DAG(s) 'tutorial_objectstorage' retrieved from /home/airflow/.local/lib/python3.8/site-packages/airflow/example_dags/tutorial_objectstorage.py
[2024-02-13T12:20:08.770+0000] {logging_mixin.py:188} INFO - [2024-02-13T12:20:08.769+0000] {dag.py:3036} INFO - Sync 1 DAGs
[2024-02-13T12:20:08.791+0000] {logging_mixin.py:188} INFO - [2024-02-13T12:20:08.790+0000] {dag.py:3823} INFO - Setting next_dagrun for tutorial_objectstorage to None, run_after=None
[2024-02-13T12:20:08.816+0000] {processor.py:183} INFO - Processing /home/airflow/.local/lib/python3.8/site-packages/airflow/example_dags/tutorial_objectstorage.py took 0.089 seconds
[2024-02-13T12:20:39.814+0000] {processor.py:161} INFO - Started process (PID=1124) to work on /home/airflow/.local/lib/python3.8/site-packages/airflow/example_dags/tutorial_objectstorage.py
[2024-02-13T12:20:39.816+0000] {processor.py:830} INFO - Processing file /home/airflow/.local/lib/python3.8/site-packages/airflow/example_dags/tutorial_objectstorage.py for tasks to queue
[2024-02-13T12:20:39.818+0000] {logging_mixin.py:188} INFO - [2024-02-13T12:20:39.818+0000] {dagbag.py:538} INFO - Filling up the DagBag from /home/airflow/.local/lib/python3.8/site-packages/airflow/example_dags/tutorial_objectstorage.py
[2024-02-13T12:20:39.835+0000] {processor.py:840} INFO - DAG(s) 'tutorial_objectstorage' retrieved from /home/airflow/.local/lib/python3.8/site-packages/airflow/example_dags/tutorial_objectstorage.py
[2024-02-13T12:20:39.882+0000] {logging_mixin.py:188} INFO - [2024-02-13T12:20:39.881+0000] {dag.py:3036} INFO - Sync 1 DAGs
[2024-02-13T12:20:39.908+0000] {logging_mixin.py:188} INFO - [2024-02-13T12:20:39.908+0000] {dag.py:3823} INFO - Setting next_dagrun for tutorial_objectstorage to None, run_after=None
[2024-02-13T12:20:39.955+0000] {processor.py:183} INFO - Processing /home/airflow/.local/lib/python3.8/site-packages/airflow/example_dags/tutorial_objectstorage.py took 0.147 seconds
[2024-02-13T12:21:10.465+0000] {processor.py:161} INFO - Started process (PID=1180) to work on /home/airflow/.local/lib/python3.8/site-packages/airflow/example_dags/tutorial_objectstorage.py
[2024-02-13T12:21:10.468+0000] {processor.py:830} INFO - Processing file /home/airflow/.local/lib/python3.8/site-packages/airflow/example_dags/tutorial_objectstorage.py for tasks to queue
[2024-02-13T12:21:10.469+0000] {logging_mixin.py:188} INFO - [2024-02-13T12:21:10.469+0000] {dagbag.py:538} INFO - Filling up the DagBag from /home/airflow/.local/lib/python3.8/site-packages/airflow/example_dags/tutorial_objectstorage.py
[2024-02-13T12:21:10.479+0000] {processor.py:840} INFO - DAG(s) 'tutorial_objectstorage' retrieved from /home/airflow/.local/lib/python3.8/site-packages/airflow/example_dags/tutorial_objectstorage.py
[2024-02-13T12:21:10.523+0000] {logging_mixin.py:188} INFO - [2024-02-13T12:21:10.522+0000] {dag.py:3036} INFO - Sync 1 DAGs
[2024-02-13T12:21:10.543+0000] {logging_mixin.py:188} INFO - [2024-02-13T12:21:10.543+0000] {dag.py:3823} INFO - Setting next_dagrun for tutorial_objectstorage to None, run_after=None
[2024-02-13T12:21:10.577+0000] {processor.py:183} INFO - Processing /home/airflow/.local/lib/python3.8/site-packages/airflow/example_dags/tutorial_objectstorage.py took 0.117 seconds
[2024-02-13T12:21:40.708+0000] {processor.py:161} INFO - Started process (PID=1236) to work on /home/airflow/.local/lib/python3.8/site-packages/airflow/example_dags/tutorial_objectstorage.py
[2024-02-13T12:21:40.711+0000] {processor.py:830} INFO - Processing file /home/airflow/.local/lib/python3.8/site-packages/airflow/example_dags/tutorial_objectstorage.py for tasks to queue
[2024-02-13T12:21:40.712+0000] {logging_mixin.py:188} INFO - [2024-02-13T12:21:40.712+0000] {dagbag.py:538} INFO - Filling up the DagBag from /home/airflow/.local/lib/python3.8/site-packages/airflow/example_dags/tutorial_objectstorage.py
[2024-02-13T12:21:40.726+0000] {processor.py:840} INFO - DAG(s) 'tutorial_objectstorage' retrieved from /home/airflow/.local/lib/python3.8/site-packages/airflow/example_dags/tutorial_objectstorage.py
[2024-02-13T12:21:40.755+0000] {logging_mixin.py:188} INFO - [2024-02-13T12:21:40.755+0000] {dag.py:3036} INFO - Sync 1 DAGs
[2024-02-13T12:21:40.774+0000] {logging_mixin.py:188} INFO - [2024-02-13T12:21:40.774+0000] {dag.py:3823} INFO - Setting next_dagrun for tutorial_objectstorage to None, run_after=None
[2024-02-13T12:21:40.804+0000] {processor.py:183} INFO - Processing /home/airflow/.local/lib/python3.8/site-packages/airflow/example_dags/tutorial_objectstorage.py took 0.101 seconds
[2024-02-13T12:22:10.900+0000] {processor.py:161} INFO - Started process (PID=1293) to work on /home/airflow/.local/lib/python3.8/site-packages/airflow/example_dags/tutorial_objectstorage.py
[2024-02-13T12:22:10.902+0000] {processor.py:830} INFO - Processing file /home/airflow/.local/lib/python3.8/site-packages/airflow/example_dags/tutorial_objectstorage.py for tasks to queue
[2024-02-13T12:22:10.903+0000] {logging_mixin.py:188} INFO - [2024-02-13T12:22:10.903+0000] {dagbag.py:538} INFO - Filling up the DagBag from /home/airflow/.local/lib/python3.8/site-packages/airflow/example_dags/tutorial_objectstorage.py
[2024-02-13T12:22:10.911+0000] {processor.py:840} INFO - DAG(s) 'tutorial_objectstorage' retrieved from /home/airflow/.local/lib/python3.8/site-packages/airflow/example_dags/tutorial_objectstorage.py
[2024-02-13T12:22:10.932+0000] {logging_mixin.py:188} INFO - [2024-02-13T12:22:10.931+0000] {dag.py:3036} INFO - Sync 1 DAGs
[2024-02-13T12:22:10.946+0000] {logging_mixin.py:188} INFO - [2024-02-13T12:22:10.946+0000] {dag.py:3823} INFO - Setting next_dagrun for tutorial_objectstorage to None, run_after=None
[2024-02-13T12:22:10.970+0000] {processor.py:183} INFO - Processing /home/airflow/.local/lib/python3.8/site-packages/airflow/example_dags/tutorial_objectstorage.py took 0.077 seconds
[2024-02-13T12:22:41.166+0000] {processor.py:161} INFO - Started process (PID=1348) to work on /home/airflow/.local/lib/python3.8/site-packages/airflow/example_dags/tutorial_objectstorage.py
[2024-02-13T12:22:41.167+0000] {processor.py:830} INFO - Processing file /home/airflow/.local/lib/python3.8/site-packages/airflow/example_dags/tutorial_objectstorage.py for tasks to queue
[2024-02-13T12:22:41.168+0000] {logging_mixin.py:188} INFO - [2024-02-13T12:22:41.168+0000] {dagbag.py:538} INFO - Filling up the DagBag from /home/airflow/.local/lib/python3.8/site-packages/airflow/example_dags/tutorial_objectstorage.py
[2024-02-13T12:22:41.176+0000] {processor.py:840} INFO - DAG(s) 'tutorial_objectstorage' retrieved from /home/airflow/.local/lib/python3.8/site-packages/airflow/example_dags/tutorial_objectstorage.py
[2024-02-13T12:22:41.197+0000] {logging_mixin.py:188} INFO - [2024-02-13T12:22:41.197+0000] {dag.py:3036} INFO - Sync 1 DAGs
[2024-02-13T12:22:41.210+0000] {logging_mixin.py:188} INFO - [2024-02-13T12:22:41.210+0000] {dag.py:3823} INFO - Setting next_dagrun for tutorial_objectstorage to None, run_after=None
[2024-02-13T12:22:41.229+0000] {processor.py:183} INFO - Processing /home/airflow/.local/lib/python3.8/site-packages/airflow/example_dags/tutorial_objectstorage.py took 0.067 seconds
[2024-02-13T12:23:11.987+0000] {processor.py:161} INFO - Started process (PID=1404) to work on /home/airflow/.local/lib/python3.8/site-packages/airflow/example_dags/tutorial_objectstorage.py
[2024-02-13T12:23:11.988+0000] {processor.py:830} INFO - Processing file /home/airflow/.local/lib/python3.8/site-packages/airflow/example_dags/tutorial_objectstorage.py for tasks to queue
[2024-02-13T12:23:11.991+0000] {logging_mixin.py:188} INFO - [2024-02-13T12:23:11.990+0000] {dagbag.py:538} INFO - Filling up the DagBag from /home/airflow/.local/lib/python3.8/site-packages/airflow/example_dags/tutorial_objectstorage.py
[2024-02-13T12:23:12.010+0000] {processor.py:840} INFO - DAG(s) 'tutorial_objectstorage' retrieved from /home/airflow/.local/lib/python3.8/site-packages/airflow/example_dags/tutorial_objectstorage.py
[2024-02-13T12:23:12.050+0000] {logging_mixin.py:188} INFO - [2024-02-13T12:23:12.049+0000] {dag.py:3036} INFO - Sync 1 DAGs
[2024-02-13T12:23:12.079+0000] {logging_mixin.py:188} INFO - [2024-02-13T12:23:12.078+0000] {dag.py:3823} INFO - Setting next_dagrun for tutorial_objectstorage to None, run_after=None
[2024-02-13T12:23:12.132+0000] {processor.py:183} INFO - Processing /home/airflow/.local/lib/python3.8/site-packages/airflow/example_dags/tutorial_objectstorage.py took 0.152 seconds
[2024-02-13T12:23:42.671+0000] {processor.py:161} INFO - Started process (PID=1460) to work on /home/airflow/.local/lib/python3.8/site-packages/airflow/example_dags/tutorial_objectstorage.py
[2024-02-13T12:23:42.673+0000] {processor.py:830} INFO - Processing file /home/airflow/.local/lib/python3.8/site-packages/airflow/example_dags/tutorial_objectstorage.py for tasks to queue
[2024-02-13T12:23:42.674+0000] {logging_mixin.py:188} INFO - [2024-02-13T12:23:42.674+0000] {dagbag.py:538} INFO - Filling up the DagBag from /home/airflow/.local/lib/python3.8/site-packages/airflow/example_dags/tutorial_objectstorage.py
[2024-02-13T12:23:42.681+0000] {processor.py:840} INFO - DAG(s) 'tutorial_objectstorage' retrieved from /home/airflow/.local/lib/python3.8/site-packages/airflow/example_dags/tutorial_objectstorage.py
[2024-02-13T12:23:42.701+0000] {logging_mixin.py:188} INFO - [2024-02-13T12:23:42.700+0000] {dag.py:3036} INFO - Sync 1 DAGs
[2024-02-13T12:23:42.714+0000] {logging_mixin.py:188} INFO - [2024-02-13T12:23:42.714+0000] {dag.py:3823} INFO - Setting next_dagrun for tutorial_objectstorage to None, run_after=None
[2024-02-13T12:23:42.732+0000] {processor.py:183} INFO - Processing /home/airflow/.local/lib/python3.8/site-packages/airflow/example_dags/tutorial_objectstorage.py took 0.065 seconds
[2024-02-13T12:24:13.567+0000] {processor.py:161} INFO - Started process (PID=1516) to work on /home/airflow/.local/lib/python3.8/site-packages/airflow/example_dags/tutorial_objectstorage.py
[2024-02-13T12:24:13.570+0000] {processor.py:830} INFO - Processing file /home/airflow/.local/lib/python3.8/site-packages/airflow/example_dags/tutorial_objectstorage.py for tasks to queue
[2024-02-13T12:24:13.571+0000] {logging_mixin.py:188} INFO - [2024-02-13T12:24:13.571+0000] {dagbag.py:538} INFO - Filling up the DagBag from /home/airflow/.local/lib/python3.8/site-packages/airflow/example_dags/tutorial_objectstorage.py
[2024-02-13T12:24:13.581+0000] {processor.py:840} INFO - DAG(s) 'tutorial_objectstorage' retrieved from /home/airflow/.local/lib/python3.8/site-packages/airflow/example_dags/tutorial_objectstorage.py
[2024-02-13T12:24:13.606+0000] {logging_mixin.py:188} INFO - [2024-02-13T12:24:13.606+0000] {dag.py:3036} INFO - Sync 1 DAGs
[2024-02-13T12:24:13.623+0000] {logging_mixin.py:188} INFO - [2024-02-13T12:24:13.623+0000] {dag.py:3823} INFO - Setting next_dagrun for tutorial_objectstorage to None, run_after=None
[2024-02-13T12:24:13.646+0000] {processor.py:183} INFO - Processing /home/airflow/.local/lib/python3.8/site-packages/airflow/example_dags/tutorial_objectstorage.py took 0.083 seconds
[2024-02-13T12:24:44.319+0000] {processor.py:161} INFO - Started process (PID=1572) to work on /home/airflow/.local/lib/python3.8/site-packages/airflow/example_dags/tutorial_objectstorage.py
[2024-02-13T12:24:44.324+0000] {processor.py:830} INFO - Processing file /home/airflow/.local/lib/python3.8/site-packages/airflow/example_dags/tutorial_objectstorage.py for tasks to queue
[2024-02-13T12:24:44.325+0000] {logging_mixin.py:188} INFO - [2024-02-13T12:24:44.324+0000] {dagbag.py:538} INFO - Filling up the DagBag from /home/airflow/.local/lib/python3.8/site-packages/airflow/example_dags/tutorial_objectstorage.py
[2024-02-13T12:24:44.336+0000] {processor.py:840} INFO - DAG(s) 'tutorial_objectstorage' retrieved from /home/airflow/.local/lib/python3.8/site-packages/airflow/example_dags/tutorial_objectstorage.py
[2024-02-13T12:24:44.359+0000] {logging_mixin.py:188} INFO - [2024-02-13T12:24:44.358+0000] {dag.py:3036} INFO - Sync 1 DAGs
[2024-02-13T12:24:44.372+0000] {logging_mixin.py:188} INFO - [2024-02-13T12:24:44.372+0000] {dag.py:3823} INFO - Setting next_dagrun for tutorial_objectstorage to None, run_after=None
[2024-02-13T12:24:44.390+0000] {processor.py:183} INFO - Processing /home/airflow/.local/lib/python3.8/site-packages/airflow/example_dags/tutorial_objectstorage.py took 0.078 seconds
[2024-02-13T12:25:14.675+0000] {processor.py:161} INFO - Started process (PID=1628) to work on /home/airflow/.local/lib/python3.8/site-packages/airflow/example_dags/tutorial_objectstorage.py
[2024-02-13T12:25:14.676+0000] {processor.py:830} INFO - Processing file /home/airflow/.local/lib/python3.8/site-packages/airflow/example_dags/tutorial_objectstorage.py for tasks to queue
[2024-02-13T12:25:14.678+0000] {logging_mixin.py:188} INFO - [2024-02-13T12:25:14.677+0000] {dagbag.py:538} INFO - Filling up the DagBag from /home/airflow/.local/lib/python3.8/site-packages/airflow/example_dags/tutorial_objectstorage.py
[2024-02-13T12:25:14.694+0000] {processor.py:840} INFO - DAG(s) 'tutorial_objectstorage' retrieved from /home/airflow/.local/lib/python3.8/site-packages/airflow/example_dags/tutorial_objectstorage.py
[2024-02-13T12:25:14.732+0000] {logging_mixin.py:188} INFO - [2024-02-13T12:25:14.730+0000] {dag.py:3036} INFO - Sync 1 DAGs
[2024-02-13T12:25:14.757+0000] {logging_mixin.py:188} INFO - [2024-02-13T12:25:14.756+0000] {dag.py:3823} INFO - Setting next_dagrun for tutorial_objectstorage to None, run_after=None
[2024-02-13T12:25:14.780+0000] {processor.py:183} INFO - Processing /home/airflow/.local/lib/python3.8/site-packages/airflow/example_dags/tutorial_objectstorage.py took 0.113 seconds
[2024-02-13T12:25:45.044+0000] {processor.py:161} INFO - Started process (PID=1684) to work on /home/airflow/.local/lib/python3.8/site-packages/airflow/example_dags/tutorial_objectstorage.py
[2024-02-13T12:25:45.046+0000] {processor.py:830} INFO - Processing file /home/airflow/.local/lib/python3.8/site-packages/airflow/example_dags/tutorial_objectstorage.py for tasks to queue
[2024-02-13T12:25:45.048+0000] {logging_mixin.py:188} INFO - [2024-02-13T12:25:45.047+0000] {dagbag.py:538} INFO - Filling up the DagBag from /home/airflow/.local/lib/python3.8/site-packages/airflow/example_dags/tutorial_objectstorage.py
[2024-02-13T12:25:45.068+0000] {processor.py:840} INFO - DAG(s) 'tutorial_objectstorage' retrieved from /home/airflow/.local/lib/python3.8/site-packages/airflow/example_dags/tutorial_objectstorage.py
[2024-02-13T12:25:45.132+0000] {logging_mixin.py:188} INFO - [2024-02-13T12:25:45.131+0000] {dag.py:3036} INFO - Sync 1 DAGs
[2024-02-13T12:25:45.166+0000] {logging_mixin.py:188} INFO - [2024-02-13T12:25:45.166+0000] {dag.py:3823} INFO - Setting next_dagrun for tutorial_objectstorage to None, run_after=None
[2024-02-13T12:25:45.225+0000] {processor.py:183} INFO - Processing /home/airflow/.local/lib/python3.8/site-packages/airflow/example_dags/tutorial_objectstorage.py took 0.189 seconds
[2024-02-13T12:26:15.646+0000] {processor.py:161} INFO - Started process (PID=1740) to work on /home/airflow/.local/lib/python3.8/site-packages/airflow/example_dags/tutorial_objectstorage.py
[2024-02-13T12:26:15.650+0000] {processor.py:830} INFO - Processing file /home/airflow/.local/lib/python3.8/site-packages/airflow/example_dags/tutorial_objectstorage.py for tasks to queue
[2024-02-13T12:26:15.651+0000] {logging_mixin.py:188} INFO - [2024-02-13T12:26:15.651+0000] {dagbag.py:538} INFO - Filling up the DagBag from /home/airflow/.local/lib/python3.8/site-packages/airflow/example_dags/tutorial_objectstorage.py
[2024-02-13T12:26:15.668+0000] {processor.py:840} INFO - DAG(s) 'tutorial_objectstorage' retrieved from /home/airflow/.local/lib/python3.8/site-packages/airflow/example_dags/tutorial_objectstorage.py
[2024-02-13T12:26:15.715+0000] {logging_mixin.py:188} INFO - [2024-02-13T12:26:15.714+0000] {dag.py:3036} INFO - Sync 1 DAGs
[2024-02-13T12:26:15.738+0000] {logging_mixin.py:188} INFO - [2024-02-13T12:26:15.737+0000] {dag.py:3823} INFO - Setting next_dagrun for tutorial_objectstorage to None, run_after=None
[2024-02-13T12:26:15.774+0000] {processor.py:183} INFO - Processing /home/airflow/.local/lib/python3.8/site-packages/airflow/example_dags/tutorial_objectstorage.py took 0.138 seconds
[2024-02-13T12:26:45.845+0000] {processor.py:161} INFO - Started process (PID=1796) to work on /home/airflow/.local/lib/python3.8/site-packages/airflow/example_dags/tutorial_objectstorage.py
[2024-02-13T12:26:45.850+0000] {processor.py:830} INFO - Processing file /home/airflow/.local/lib/python3.8/site-packages/airflow/example_dags/tutorial_objectstorage.py for tasks to queue
[2024-02-13T12:26:45.851+0000] {logging_mixin.py:188} INFO - [2024-02-13T12:26:45.850+0000] {dagbag.py:538} INFO - Filling up the DagBag from /home/airflow/.local/lib/python3.8/site-packages/airflow/example_dags/tutorial_objectstorage.py
[2024-02-13T12:26:45.860+0000] {processor.py:840} INFO - DAG(s) 'tutorial_objectstorage' retrieved from /home/airflow/.local/lib/python3.8/site-packages/airflow/example_dags/tutorial_objectstorage.py
[2024-02-13T12:26:45.889+0000] {logging_mixin.py:188} INFO - [2024-02-13T12:26:45.889+0000] {dag.py:3036} INFO - Sync 1 DAGs
[2024-02-13T12:26:45.910+0000] {logging_mixin.py:188} INFO - [2024-02-13T12:26:45.909+0000] {dag.py:3823} INFO - Setting next_dagrun for tutorial_objectstorage to None, run_after=None
[2024-02-13T12:26:45.933+0000] {processor.py:183} INFO - Processing /home/airflow/.local/lib/python3.8/site-packages/airflow/example_dags/tutorial_objectstorage.py took 0.093 seconds
[2024-02-13T12:27:16.103+0000] {processor.py:161} INFO - Started process (PID=1852) to work on /home/airflow/.local/lib/python3.8/site-packages/airflow/example_dags/tutorial_objectstorage.py
[2024-02-13T12:27:16.105+0000] {processor.py:830} INFO - Processing file /home/airflow/.local/lib/python3.8/site-packages/airflow/example_dags/tutorial_objectstorage.py for tasks to queue
[2024-02-13T12:27:16.106+0000] {logging_mixin.py:188} INFO - [2024-02-13T12:27:16.106+0000] {dagbag.py:538} INFO - Filling up the DagBag from /home/airflow/.local/lib/python3.8/site-packages/airflow/example_dags/tutorial_objectstorage.py
[2024-02-13T12:27:16.113+0000] {processor.py:840} INFO - DAG(s) 'tutorial_objectstorage' retrieved from /home/airflow/.local/lib/python3.8/site-packages/airflow/example_dags/tutorial_objectstorage.py
[2024-02-13T12:27:16.132+0000] {logging_mixin.py:188} INFO - [2024-02-13T12:27:16.131+0000] {dag.py:3036} INFO - Sync 1 DAGs
[2024-02-13T12:27:16.144+0000] {logging_mixin.py:188} INFO - [2024-02-13T12:27:16.144+0000] {dag.py:3823} INFO - Setting next_dagrun for tutorial_objectstorage to None, run_after=None
[2024-02-13T12:27:16.164+0000] {processor.py:183} INFO - Processing /home/airflow/.local/lib/python3.8/site-packages/airflow/example_dags/tutorial_objectstorage.py took 0.063 seconds
[2024-02-13T12:27:46.305+0000] {processor.py:161} INFO - Started process (PID=1908) to work on /home/airflow/.local/lib/python3.8/site-packages/airflow/example_dags/tutorial_objectstorage.py
[2024-02-13T12:27:46.307+0000] {processor.py:830} INFO - Processing file /home/airflow/.local/lib/python3.8/site-packages/airflow/example_dags/tutorial_objectstorage.py for tasks to queue
[2024-02-13T12:27:46.308+0000] {logging_mixin.py:188} INFO - [2024-02-13T12:27:46.308+0000] {dagbag.py:538} INFO - Filling up the DagBag from /home/airflow/.local/lib/python3.8/site-packages/airflow/example_dags/tutorial_objectstorage.py
[2024-02-13T12:27:46.316+0000] {processor.py:840} INFO - DAG(s) 'tutorial_objectstorage' retrieved from /home/airflow/.local/lib/python3.8/site-packages/airflow/example_dags/tutorial_objectstorage.py
[2024-02-13T12:27:46.339+0000] {logging_mixin.py:188} INFO - [2024-02-13T12:27:46.339+0000] {dag.py:3036} INFO - Sync 1 DAGs
[2024-02-13T12:27:46.352+0000] {logging_mixin.py:188} INFO - [2024-02-13T12:27:46.351+0000] {dag.py:3823} INFO - Setting next_dagrun for tutorial_objectstorage to None, run_after=None
[2024-02-13T12:27:46.369+0000] {processor.py:183} INFO - Processing /home/airflow/.local/lib/python3.8/site-packages/airflow/example_dags/tutorial_objectstorage.py took 0.068 seconds
[2024-02-13T12:28:16.402+0000] {processor.py:161} INFO - Started process (PID=1964) to work on /home/airflow/.local/lib/python3.8/site-packages/airflow/example_dags/tutorial_objectstorage.py
[2024-02-13T12:28:16.405+0000] {processor.py:830} INFO - Processing file /home/airflow/.local/lib/python3.8/site-packages/airflow/example_dags/tutorial_objectstorage.py for tasks to queue
[2024-02-13T12:28:16.406+0000] {logging_mixin.py:188} INFO - [2024-02-13T12:28:16.405+0000] {dagbag.py:538} INFO - Filling up the DagBag from /home/airflow/.local/lib/python3.8/site-packages/airflow/example_dags/tutorial_objectstorage.py
[2024-02-13T12:28:16.416+0000] {processor.py:840} INFO - DAG(s) 'tutorial_objectstorage' retrieved from /home/airflow/.local/lib/python3.8/site-packages/airflow/example_dags/tutorial_objectstorage.py
[2024-02-13T12:28:16.438+0000] {logging_mixin.py:188} INFO - [2024-02-13T12:28:16.437+0000] {dag.py:3036} INFO - Sync 1 DAGs
[2024-02-13T12:28:16.450+0000] {logging_mixin.py:188} INFO - [2024-02-13T12:28:16.450+0000] {dag.py:3823} INFO - Setting next_dagrun for tutorial_objectstorage to None, run_after=None
[2024-02-13T12:28:16.468+0000] {processor.py:183} INFO - Processing /home/airflow/.local/lib/python3.8/site-packages/airflow/example_dags/tutorial_objectstorage.py took 0.071 seconds
[2024-02-13T12:28:46.748+0000] {processor.py:161} INFO - Started process (PID=2020) to work on /home/airflow/.local/lib/python3.8/site-packages/airflow/example_dags/tutorial_objectstorage.py
[2024-02-13T12:28:46.749+0000] {processor.py:830} INFO - Processing file /home/airflow/.local/lib/python3.8/site-packages/airflow/example_dags/tutorial_objectstorage.py for tasks to queue
[2024-02-13T12:28:46.749+0000] {logging_mixin.py:188} INFO - [2024-02-13T12:28:46.749+0000] {dagbag.py:538} INFO - Filling up the DagBag from /home/airflow/.local/lib/python3.8/site-packages/airflow/example_dags/tutorial_objectstorage.py
[2024-02-13T12:28:46.756+0000] {processor.py:840} INFO - DAG(s) 'tutorial_objectstorage' retrieved from /home/airflow/.local/lib/python3.8/site-packages/airflow/example_dags/tutorial_objectstorage.py
[2024-02-13T12:28:46.774+0000] {logging_mixin.py:188} INFO - [2024-02-13T12:28:46.774+0000] {dag.py:3036} INFO - Sync 1 DAGs
[2024-02-13T12:28:46.788+0000] {logging_mixin.py:188} INFO - [2024-02-13T12:28:46.787+0000] {dag.py:3823} INFO - Setting next_dagrun for tutorial_objectstorage to None, run_after=None
[2024-02-13T12:28:46.805+0000] {processor.py:183} INFO - Processing /home/airflow/.local/lib/python3.8/site-packages/airflow/example_dags/tutorial_objectstorage.py took 0.060 seconds
[2024-02-13T12:29:17.560+0000] {processor.py:161} INFO - Started process (PID=2074) to work on /home/airflow/.local/lib/python3.8/site-packages/airflow/example_dags/tutorial_objectstorage.py
[2024-02-13T12:29:17.563+0000] {processor.py:830} INFO - Processing file /home/airflow/.local/lib/python3.8/site-packages/airflow/example_dags/tutorial_objectstorage.py for tasks to queue
[2024-02-13T12:29:17.564+0000] {logging_mixin.py:188} INFO - [2024-02-13T12:29:17.563+0000] {dagbag.py:538} INFO - Filling up the DagBag from /home/airflow/.local/lib/python3.8/site-packages/airflow/example_dags/tutorial_objectstorage.py
[2024-02-13T12:29:17.571+0000] {processor.py:840} INFO - DAG(s) 'tutorial_objectstorage' retrieved from /home/airflow/.local/lib/python3.8/site-packages/airflow/example_dags/tutorial_objectstorage.py
[2024-02-13T12:29:17.591+0000] {logging_mixin.py:188} INFO - [2024-02-13T12:29:17.591+0000] {dag.py:3036} INFO - Sync 1 DAGs
[2024-02-13T12:29:17.604+0000] {logging_mixin.py:188} INFO - [2024-02-13T12:29:17.604+0000] {dag.py:3823} INFO - Setting next_dagrun for tutorial_objectstorage to None, run_after=None
[2024-02-13T12:29:17.622+0000] {processor.py:183} INFO - Processing /home/airflow/.local/lib/python3.8/site-packages/airflow/example_dags/tutorial_objectstorage.py took 0.065 seconds
[2024-02-13T12:29:47.979+0000] {processor.py:161} INFO - Started process (PID=2130) to work on /home/airflow/.local/lib/python3.8/site-packages/airflow/example_dags/tutorial_objectstorage.py
[2024-02-13T12:29:47.981+0000] {processor.py:830} INFO - Processing file /home/airflow/.local/lib/python3.8/site-packages/airflow/example_dags/tutorial_objectstorage.py for tasks to queue
[2024-02-13T12:29:47.982+0000] {logging_mixin.py:188} INFO - [2024-02-13T12:29:47.981+0000] {dagbag.py:538} INFO - Filling up the DagBag from /home/airflow/.local/lib/python3.8/site-packages/airflow/example_dags/tutorial_objectstorage.py
[2024-02-13T12:29:47.989+0000] {processor.py:840} INFO - DAG(s) 'tutorial_objectstorage' retrieved from /home/airflow/.local/lib/python3.8/site-packages/airflow/example_dags/tutorial_objectstorage.py
[2024-02-13T12:29:48.011+0000] {logging_mixin.py:188} INFO - [2024-02-13T12:29:48.011+0000] {dag.py:3036} INFO - Sync 1 DAGs
[2024-02-13T12:29:48.024+0000] {logging_mixin.py:188} INFO - [2024-02-13T12:29:48.023+0000] {dag.py:3823} INFO - Setting next_dagrun for tutorial_objectstorage to None, run_after=None
[2024-02-13T12:29:48.042+0000] {processor.py:183} INFO - Processing /home/airflow/.local/lib/python3.8/site-packages/airflow/example_dags/tutorial_objectstorage.py took 0.067 seconds
[2024-02-13T12:30:18.404+0000] {processor.py:161} INFO - Started process (PID=2186) to work on /home/airflow/.local/lib/python3.8/site-packages/airflow/example_dags/tutorial_objectstorage.py
[2024-02-13T12:30:18.406+0000] {processor.py:830} INFO - Processing file /home/airflow/.local/lib/python3.8/site-packages/airflow/example_dags/tutorial_objectstorage.py for tasks to queue
[2024-02-13T12:30:18.408+0000] {logging_mixin.py:188} INFO - [2024-02-13T12:30:18.407+0000] {dagbag.py:538} INFO - Filling up the DagBag from /home/airflow/.local/lib/python3.8/site-packages/airflow/example_dags/tutorial_objectstorage.py
[2024-02-13T12:30:18.416+0000] {processor.py:840} INFO - DAG(s) 'tutorial_objectstorage' retrieved from /home/airflow/.local/lib/python3.8/site-packages/airflow/example_dags/tutorial_objectstorage.py
[2024-02-13T12:30:18.438+0000] {logging_mixin.py:188} INFO - [2024-02-13T12:30:18.438+0000] {dag.py:3036} INFO - Sync 1 DAGs
[2024-02-13T12:30:18.450+0000] {logging_mixin.py:188} INFO - [2024-02-13T12:30:18.450+0000] {dag.py:3823} INFO - Setting next_dagrun for tutorial_objectstorage to None, run_after=None
[2024-02-13T12:30:18.468+0000] {processor.py:183} INFO - Processing /home/airflow/.local/lib/python3.8/site-packages/airflow/example_dags/tutorial_objectstorage.py took 0.070 seconds
[2024-02-13T12:30:48.633+0000] {processor.py:161} INFO - Started process (PID=2242) to work on /home/airflow/.local/lib/python3.8/site-packages/airflow/example_dags/tutorial_objectstorage.py
[2024-02-13T12:30:48.635+0000] {processor.py:830} INFO - Processing file /home/airflow/.local/lib/python3.8/site-packages/airflow/example_dags/tutorial_objectstorage.py for tasks to queue
[2024-02-13T12:30:48.636+0000] {logging_mixin.py:188} INFO - [2024-02-13T12:30:48.635+0000] {dagbag.py:538} INFO - Filling up the DagBag from /home/airflow/.local/lib/python3.8/site-packages/airflow/example_dags/tutorial_objectstorage.py
[2024-02-13T12:30:48.643+0000] {processor.py:840} INFO - DAG(s) 'tutorial_objectstorage' retrieved from /home/airflow/.local/lib/python3.8/site-packages/airflow/example_dags/tutorial_objectstorage.py
[2024-02-13T12:30:48.662+0000] {logging_mixin.py:188} INFO - [2024-02-13T12:30:48.661+0000] {dag.py:3036} INFO - Sync 1 DAGs
[2024-02-13T12:30:48.674+0000] {logging_mixin.py:188} INFO - [2024-02-13T12:30:48.674+0000] {dag.py:3823} INFO - Setting next_dagrun for tutorial_objectstorage to None, run_after=None
[2024-02-13T12:30:48.692+0000] {processor.py:183} INFO - Processing /home/airflow/.local/lib/python3.8/site-packages/airflow/example_dags/tutorial_objectstorage.py took 0.062 seconds
[2024-02-13T12:31:19.110+0000] {processor.py:161} INFO - Started process (PID=2298) to work on /home/airflow/.local/lib/python3.8/site-packages/airflow/example_dags/tutorial_objectstorage.py
[2024-02-13T12:31:19.113+0000] {processor.py:830} INFO - Processing file /home/airflow/.local/lib/python3.8/site-packages/airflow/example_dags/tutorial_objectstorage.py for tasks to queue
[2024-02-13T12:31:19.114+0000] {logging_mixin.py:188} INFO - [2024-02-13T12:31:19.114+0000] {dagbag.py:538} INFO - Filling up the DagBag from /home/airflow/.local/lib/python3.8/site-packages/airflow/example_dags/tutorial_objectstorage.py
[2024-02-13T12:31:19.122+0000] {processor.py:840} INFO - DAG(s) 'tutorial_objectstorage' retrieved from /home/airflow/.local/lib/python3.8/site-packages/airflow/example_dags/tutorial_objectstorage.py
[2024-02-13T12:31:19.147+0000] {logging_mixin.py:188} INFO - [2024-02-13T12:31:19.147+0000] {dag.py:3036} INFO - Sync 1 DAGs
[2024-02-13T12:31:19.161+0000] {logging_mixin.py:188} INFO - [2024-02-13T12:31:19.161+0000] {dag.py:3823} INFO - Setting next_dagrun for tutorial_objectstorage to None, run_after=None
[2024-02-13T12:31:19.179+0000] {processor.py:183} INFO - Processing /home/airflow/.local/lib/python3.8/site-packages/airflow/example_dags/tutorial_objectstorage.py took 0.072 seconds
[2024-02-13T12:31:49.992+0000] {processor.py:161} INFO - Started process (PID=2355) to work on /home/airflow/.local/lib/python3.8/site-packages/airflow/example_dags/tutorial_objectstorage.py
[2024-02-13T12:31:49.993+0000] {processor.py:830} INFO - Processing file /home/airflow/.local/lib/python3.8/site-packages/airflow/example_dags/tutorial_objectstorage.py for tasks to queue
[2024-02-13T12:31:49.994+0000] {logging_mixin.py:188} INFO - [2024-02-13T12:31:49.994+0000] {dagbag.py:538} INFO - Filling up the DagBag from /home/airflow/.local/lib/python3.8/site-packages/airflow/example_dags/tutorial_objectstorage.py
[2024-02-13T12:31:50.002+0000] {processor.py:840} INFO - DAG(s) 'tutorial_objectstorage' retrieved from /home/airflow/.local/lib/python3.8/site-packages/airflow/example_dags/tutorial_objectstorage.py
[2024-02-13T12:31:50.027+0000] {logging_mixin.py:188} INFO - [2024-02-13T12:31:50.026+0000] {dag.py:3036} INFO - Sync 1 DAGs
[2024-02-13T12:31:50.043+0000] {logging_mixin.py:188} INFO - [2024-02-13T12:31:50.043+0000] {dag.py:3823} INFO - Setting next_dagrun for tutorial_objectstorage to None, run_after=None
[2024-02-13T12:31:50.067+0000] {processor.py:183} INFO - Processing /home/airflow/.local/lib/python3.8/site-packages/airflow/example_dags/tutorial_objectstorage.py took 0.079 seconds
[2024-02-13T12:32:20.405+0000] {processor.py:161} INFO - Started process (PID=2412) to work on /home/airflow/.local/lib/python3.8/site-packages/airflow/example_dags/tutorial_objectstorage.py
[2024-02-13T12:32:20.408+0000] {processor.py:830} INFO - Processing file /home/airflow/.local/lib/python3.8/site-packages/airflow/example_dags/tutorial_objectstorage.py for tasks to queue
[2024-02-13T12:32:20.409+0000] {logging_mixin.py:188} INFO - [2024-02-13T12:32:20.409+0000] {dagbag.py:538} INFO - Filling up the DagBag from /home/airflow/.local/lib/python3.8/site-packages/airflow/example_dags/tutorial_objectstorage.py
[2024-02-13T12:32:20.422+0000] {processor.py:840} INFO - DAG(s) 'tutorial_objectstorage' retrieved from /home/airflow/.local/lib/python3.8/site-packages/airflow/example_dags/tutorial_objectstorage.py
[2024-02-13T12:32:20.446+0000] {logging_mixin.py:188} INFO - [2024-02-13T12:32:20.445+0000] {dag.py:3036} INFO - Sync 1 DAGs
[2024-02-13T12:32:20.459+0000] {logging_mixin.py:188} INFO - [2024-02-13T12:32:20.458+0000] {dag.py:3823} INFO - Setting next_dagrun for tutorial_objectstorage to None, run_after=None
[2024-02-13T12:32:20.480+0000] {processor.py:183} INFO - Processing /home/airflow/.local/lib/python3.8/site-packages/airflow/example_dags/tutorial_objectstorage.py took 0.080 seconds
[2024-02-13T12:32:50.899+0000] {processor.py:161} INFO - Started process (PID=2468) to work on /home/airflow/.local/lib/python3.8/site-packages/airflow/example_dags/tutorial_objectstorage.py
[2024-02-13T12:32:50.901+0000] {processor.py:830} INFO - Processing file /home/airflow/.local/lib/python3.8/site-packages/airflow/example_dags/tutorial_objectstorage.py for tasks to queue
[2024-02-13T12:32:50.903+0000] {logging_mixin.py:188} INFO - [2024-02-13T12:32:50.902+0000] {dagbag.py:538} INFO - Filling up the DagBag from /home/airflow/.local/lib/python3.8/site-packages/airflow/example_dags/tutorial_objectstorage.py
[2024-02-13T12:32:50.918+0000] {processor.py:840} INFO - DAG(s) 'tutorial_objectstorage' retrieved from /home/airflow/.local/lib/python3.8/site-packages/airflow/example_dags/tutorial_objectstorage.py
[2024-02-13T12:32:50.961+0000] {logging_mixin.py:188} INFO - [2024-02-13T12:32:50.960+0000] {dag.py:3036} INFO - Sync 1 DAGs
[2024-02-13T12:32:50.991+0000] {logging_mixin.py:188} INFO - [2024-02-13T12:32:50.990+0000] {dag.py:3823} INFO - Setting next_dagrun for tutorial_objectstorage to None, run_after=None
[2024-02-13T12:32:51.063+0000] {processor.py:183} INFO - Processing /home/airflow/.local/lib/python3.8/site-packages/airflow/example_dags/tutorial_objectstorage.py took 0.169 seconds
[2024-02-13T12:33:21.259+0000] {processor.py:161} INFO - Started process (PID=2525) to work on /home/airflow/.local/lib/python3.8/site-packages/airflow/example_dags/tutorial_objectstorage.py
[2024-02-13T12:33:21.261+0000] {processor.py:830} INFO - Processing file /home/airflow/.local/lib/python3.8/site-packages/airflow/example_dags/tutorial_objectstorage.py for tasks to queue
[2024-02-13T12:33:21.262+0000] {logging_mixin.py:188} INFO - [2024-02-13T12:33:21.262+0000] {dagbag.py:538} INFO - Filling up the DagBag from /home/airflow/.local/lib/python3.8/site-packages/airflow/example_dags/tutorial_objectstorage.py
[2024-02-13T12:33:21.273+0000] {processor.py:840} INFO - DAG(s) 'tutorial_objectstorage' retrieved from /home/airflow/.local/lib/python3.8/site-packages/airflow/example_dags/tutorial_objectstorage.py
[2024-02-13T12:33:21.311+0000] {logging_mixin.py:188} INFO - [2024-02-13T12:33:21.310+0000] {dag.py:3036} INFO - Sync 1 DAGs
[2024-02-13T12:33:21.337+0000] {logging_mixin.py:188} INFO - [2024-02-13T12:33:21.337+0000] {dag.py:3823} INFO - Setting next_dagrun for tutorial_objectstorage to None, run_after=None
[2024-02-13T12:33:21.373+0000] {processor.py:183} INFO - Processing /home/airflow/.local/lib/python3.8/site-packages/airflow/example_dags/tutorial_objectstorage.py took 0.121 seconds
[2024-02-13T12:33:51.518+0000] {processor.py:161} INFO - Started process (PID=2581) to work on /home/airflow/.local/lib/python3.8/site-packages/airflow/example_dags/tutorial_objectstorage.py
[2024-02-13T12:33:51.520+0000] {processor.py:830} INFO - Processing file /home/airflow/.local/lib/python3.8/site-packages/airflow/example_dags/tutorial_objectstorage.py for tasks to queue
[2024-02-13T12:33:51.521+0000] {logging_mixin.py:188} INFO - [2024-02-13T12:33:51.521+0000] {dagbag.py:538} INFO - Filling up the DagBag from /home/airflow/.local/lib/python3.8/site-packages/airflow/example_dags/tutorial_objectstorage.py
[2024-02-13T12:33:51.703+0000] {processor.py:840} INFO - DAG(s) 'tutorial_objectstorage' retrieved from /home/airflow/.local/lib/python3.8/site-packages/airflow/example_dags/tutorial_objectstorage.py
[2024-02-13T12:33:51.721+0000] {logging_mixin.py:188} INFO - [2024-02-13T12:33:51.721+0000] {dag.py:3036} INFO - Sync 1 DAGs
[2024-02-13T12:33:51.733+0000] {logging_mixin.py:188} INFO - [2024-02-13T12:33:51.733+0000] {dag.py:3823} INFO - Setting next_dagrun for tutorial_objectstorage to None, run_after=None
[2024-02-13T12:33:51.752+0000] {processor.py:183} INFO - Processing /home/airflow/.local/lib/python3.8/site-packages/airflow/example_dags/tutorial_objectstorage.py took 0.239 seconds
[2024-02-13T12:34:21.858+0000] {processor.py:161} INFO - Started process (PID=2637) to work on /home/airflow/.local/lib/python3.8/site-packages/airflow/example_dags/tutorial_objectstorage.py
[2024-02-13T12:34:21.860+0000] {processor.py:830} INFO - Processing file /home/airflow/.local/lib/python3.8/site-packages/airflow/example_dags/tutorial_objectstorage.py for tasks to queue
[2024-02-13T12:34:21.861+0000] {logging_mixin.py:188} INFO - [2024-02-13T12:34:21.861+0000] {dagbag.py:538} INFO - Filling up the DagBag from /home/airflow/.local/lib/python3.8/site-packages/airflow/example_dags/tutorial_objectstorage.py
[2024-02-13T12:34:21.869+0000] {processor.py:840} INFO - DAG(s) 'tutorial_objectstorage' retrieved from /home/airflow/.local/lib/python3.8/site-packages/airflow/example_dags/tutorial_objectstorage.py
[2024-02-13T12:34:21.889+0000] {logging_mixin.py:188} INFO - [2024-02-13T12:34:21.889+0000] {dag.py:3036} INFO - Sync 1 DAGs
[2024-02-13T12:34:21.902+0000] {logging_mixin.py:188} INFO - [2024-02-13T12:34:21.901+0000] {dag.py:3823} INFO - Setting next_dagrun for tutorial_objectstorage to None, run_after=None
[2024-02-13T12:34:21.920+0000] {processor.py:183} INFO - Processing /home/airflow/.local/lib/python3.8/site-packages/airflow/example_dags/tutorial_objectstorage.py took 0.065 seconds
[2024-02-13T12:34:52.097+0000] {processor.py:161} INFO - Started process (PID=2693) to work on /home/airflow/.local/lib/python3.8/site-packages/airflow/example_dags/tutorial_objectstorage.py
[2024-02-13T12:34:52.099+0000] {processor.py:830} INFO - Processing file /home/airflow/.local/lib/python3.8/site-packages/airflow/example_dags/tutorial_objectstorage.py for tasks to queue
[2024-02-13T12:34:52.100+0000] {logging_mixin.py:188} INFO - [2024-02-13T12:34:52.099+0000] {dagbag.py:538} INFO - Filling up the DagBag from /home/airflow/.local/lib/python3.8/site-packages/airflow/example_dags/tutorial_objectstorage.py
[2024-02-13T12:34:52.111+0000] {processor.py:840} INFO - DAG(s) 'tutorial_objectstorage' retrieved from /home/airflow/.local/lib/python3.8/site-packages/airflow/example_dags/tutorial_objectstorage.py
[2024-02-13T12:34:52.161+0000] {logging_mixin.py:188} INFO - [2024-02-13T12:34:52.160+0000] {dag.py:3036} INFO - Sync 1 DAGs
[2024-02-13T12:34:52.199+0000] {logging_mixin.py:188} INFO - [2024-02-13T12:34:52.198+0000] {dag.py:3823} INFO - Setting next_dagrun for tutorial_objectstorage to None, run_after=None
[2024-02-13T12:34:52.247+0000] {processor.py:183} INFO - Processing /home/airflow/.local/lib/python3.8/site-packages/airflow/example_dags/tutorial_objectstorage.py took 0.158 seconds
[2024-02-13T12:35:22.323+0000] {processor.py:161} INFO - Started process (PID=2750) to work on /home/airflow/.local/lib/python3.8/site-packages/airflow/example_dags/tutorial_objectstorage.py
[2024-02-13T12:35:22.325+0000] {processor.py:830} INFO - Processing file /home/airflow/.local/lib/python3.8/site-packages/airflow/example_dags/tutorial_objectstorage.py for tasks to queue
[2024-02-13T12:35:22.326+0000] {logging_mixin.py:188} INFO - [2024-02-13T12:35:22.325+0000] {dagbag.py:538} INFO - Filling up the DagBag from /home/airflow/.local/lib/python3.8/site-packages/airflow/example_dags/tutorial_objectstorage.py
[2024-02-13T12:35:22.332+0000] {processor.py:840} INFO - DAG(s) 'tutorial_objectstorage' retrieved from /home/airflow/.local/lib/python3.8/site-packages/airflow/example_dags/tutorial_objectstorage.py
[2024-02-13T12:35:22.350+0000] {logging_mixin.py:188} INFO - [2024-02-13T12:35:22.350+0000] {dag.py:3036} INFO - Sync 1 DAGs
[2024-02-13T12:35:22.363+0000] {logging_mixin.py:188} INFO - [2024-02-13T12:35:22.363+0000] {dag.py:3823} INFO - Setting next_dagrun for tutorial_objectstorage to None, run_after=None
[2024-02-13T12:35:22.385+0000] {processor.py:183} INFO - Processing /home/airflow/.local/lib/python3.8/site-packages/airflow/example_dags/tutorial_objectstorage.py took 0.066 seconds
[2024-02-13T12:35:52.422+0000] {processor.py:161} INFO - Started process (PID=2806) to work on /home/airflow/.local/lib/python3.8/site-packages/airflow/example_dags/tutorial_objectstorage.py
[2024-02-13T12:35:52.423+0000] {processor.py:830} INFO - Processing file /home/airflow/.local/lib/python3.8/site-packages/airflow/example_dags/tutorial_objectstorage.py for tasks to queue
[2024-02-13T12:35:52.424+0000] {logging_mixin.py:188} INFO - [2024-02-13T12:35:52.424+0000] {dagbag.py:538} INFO - Filling up the DagBag from /home/airflow/.local/lib/python3.8/site-packages/airflow/example_dags/tutorial_objectstorage.py
[2024-02-13T12:35:52.432+0000] {processor.py:840} INFO - DAG(s) 'tutorial_objectstorage' retrieved from /home/airflow/.local/lib/python3.8/site-packages/airflow/example_dags/tutorial_objectstorage.py
[2024-02-13T12:35:52.451+0000] {logging_mixin.py:188} INFO - [2024-02-13T12:35:52.451+0000] {dag.py:3036} INFO - Sync 1 DAGs
[2024-02-13T12:35:52.463+0000] {logging_mixin.py:188} INFO - [2024-02-13T12:35:52.463+0000] {dag.py:3823} INFO - Setting next_dagrun for tutorial_objectstorage to None, run_after=None
[2024-02-13T12:35:52.484+0000] {processor.py:183} INFO - Processing /home/airflow/.local/lib/python3.8/site-packages/airflow/example_dags/tutorial_objectstorage.py took 0.065 seconds
[2024-02-13T12:36:22.590+0000] {processor.py:161} INFO - Started process (PID=2863) to work on /home/airflow/.local/lib/python3.8/site-packages/airflow/example_dags/tutorial_objectstorage.py
[2024-02-13T12:36:22.591+0000] {processor.py:830} INFO - Processing file /home/airflow/.local/lib/python3.8/site-packages/airflow/example_dags/tutorial_objectstorage.py for tasks to queue
[2024-02-13T12:36:22.592+0000] {logging_mixin.py:188} INFO - [2024-02-13T12:36:22.592+0000] {dagbag.py:538} INFO - Filling up the DagBag from /home/airflow/.local/lib/python3.8/site-packages/airflow/example_dags/tutorial_objectstorage.py
[2024-02-13T12:36:22.599+0000] {processor.py:840} INFO - DAG(s) 'tutorial_objectstorage' retrieved from /home/airflow/.local/lib/python3.8/site-packages/airflow/example_dags/tutorial_objectstorage.py
[2024-02-13T12:36:22.617+0000] {logging_mixin.py:188} INFO - [2024-02-13T12:36:22.617+0000] {dag.py:3036} INFO - Sync 1 DAGs
[2024-02-13T12:36:22.629+0000] {logging_mixin.py:188} INFO - [2024-02-13T12:36:22.629+0000] {dag.py:3823} INFO - Setting next_dagrun for tutorial_objectstorage to None, run_after=None
[2024-02-13T12:36:22.647+0000] {processor.py:183} INFO - Processing /home/airflow/.local/lib/python3.8/site-packages/airflow/example_dags/tutorial_objectstorage.py took 0.060 seconds
[2024-02-13T12:36:52.788+0000] {processor.py:161} INFO - Started process (PID=2919) to work on /home/airflow/.local/lib/python3.8/site-packages/airflow/example_dags/tutorial_objectstorage.py
[2024-02-13T12:36:52.789+0000] {processor.py:830} INFO - Processing file /home/airflow/.local/lib/python3.8/site-packages/airflow/example_dags/tutorial_objectstorage.py for tasks to queue
[2024-02-13T12:36:52.789+0000] {logging_mixin.py:188} INFO - [2024-02-13T12:36:52.789+0000] {dagbag.py:538} INFO - Filling up the DagBag from /home/airflow/.local/lib/python3.8/site-packages/airflow/example_dags/tutorial_objectstorage.py
[2024-02-13T12:36:52.796+0000] {processor.py:840} INFO - DAG(s) 'tutorial_objectstorage' retrieved from /home/airflow/.local/lib/python3.8/site-packages/airflow/example_dags/tutorial_objectstorage.py
[2024-02-13T12:36:52.813+0000] {logging_mixin.py:188} INFO - [2024-02-13T12:36:52.812+0000] {dag.py:3036} INFO - Sync 1 DAGs
[2024-02-13T12:36:52.832+0000] {logging_mixin.py:188} INFO - [2024-02-13T12:36:52.832+0000] {dag.py:3823} INFO - Setting next_dagrun for tutorial_objectstorage to None, run_after=None
[2024-02-13T12:36:52.859+0000] {processor.py:183} INFO - Processing /home/airflow/.local/lib/python3.8/site-packages/airflow/example_dags/tutorial_objectstorage.py took 0.073 seconds
[2024-02-13T12:37:23.122+0000] {processor.py:161} INFO - Started process (PID=2975) to work on /home/airflow/.local/lib/python3.8/site-packages/airflow/example_dags/tutorial_objectstorage.py
[2024-02-13T12:37:23.122+0000] {processor.py:830} INFO - Processing file /home/airflow/.local/lib/python3.8/site-packages/airflow/example_dags/tutorial_objectstorage.py for tasks to queue
[2024-02-13T12:37:23.123+0000] {logging_mixin.py:188} INFO - [2024-02-13T12:37:23.123+0000] {dagbag.py:538} INFO - Filling up the DagBag from /home/airflow/.local/lib/python3.8/site-packages/airflow/example_dags/tutorial_objectstorage.py
[2024-02-13T12:37:23.130+0000] {processor.py:840} INFO - DAG(s) 'tutorial_objectstorage' retrieved from /home/airflow/.local/lib/python3.8/site-packages/airflow/example_dags/tutorial_objectstorage.py
[2024-02-13T12:37:23.147+0000] {logging_mixin.py:188} INFO - [2024-02-13T12:37:23.146+0000] {dag.py:3036} INFO - Sync 1 DAGs
[2024-02-13T12:37:23.158+0000] {logging_mixin.py:188} INFO - [2024-02-13T12:37:23.158+0000] {dag.py:3823} INFO - Setting next_dagrun for tutorial_objectstorage to None, run_after=None
[2024-02-13T12:37:23.176+0000] {processor.py:183} INFO - Processing /home/airflow/.local/lib/python3.8/site-packages/airflow/example_dags/tutorial_objectstorage.py took 0.059 seconds
[2024-02-13T12:37:54.031+0000] {processor.py:161} INFO - Started process (PID=3031) to work on /home/airflow/.local/lib/python3.8/site-packages/airflow/example_dags/tutorial_objectstorage.py
[2024-02-13T12:37:54.032+0000] {processor.py:830} INFO - Processing file /home/airflow/.local/lib/python3.8/site-packages/airflow/example_dags/tutorial_objectstorage.py for tasks to queue
[2024-02-13T12:37:54.033+0000] {logging_mixin.py:188} INFO - [2024-02-13T12:37:54.033+0000] {dagbag.py:538} INFO - Filling up the DagBag from /home/airflow/.local/lib/python3.8/site-packages/airflow/example_dags/tutorial_objectstorage.py
[2024-02-13T12:37:54.046+0000] {processor.py:840} INFO - DAG(s) 'tutorial_objectstorage' retrieved from /home/airflow/.local/lib/python3.8/site-packages/airflow/example_dags/tutorial_objectstorage.py
[2024-02-13T12:37:54.074+0000] {logging_mixin.py:188} INFO - [2024-02-13T12:37:54.073+0000] {dag.py:3036} INFO - Sync 1 DAGs
[2024-02-13T12:37:54.095+0000] {logging_mixin.py:188} INFO - [2024-02-13T12:37:54.095+0000] {dag.py:3823} INFO - Setting next_dagrun for tutorial_objectstorage to None, run_after=None
[2024-02-13T12:37:54.121+0000] {processor.py:183} INFO - Processing /home/airflow/.local/lib/python3.8/site-packages/airflow/example_dags/tutorial_objectstorage.py took 0.093 seconds
[2024-02-13T12:38:24.911+0000] {processor.py:161} INFO - Started process (PID=3087) to work on /home/airflow/.local/lib/python3.8/site-packages/airflow/example_dags/tutorial_objectstorage.py
[2024-02-13T12:38:24.912+0000] {processor.py:830} INFO - Processing file /home/airflow/.local/lib/python3.8/site-packages/airflow/example_dags/tutorial_objectstorage.py for tasks to queue
[2024-02-13T12:38:24.913+0000] {logging_mixin.py:188} INFO - [2024-02-13T12:38:24.913+0000] {dagbag.py:538} INFO - Filling up the DagBag from /home/airflow/.local/lib/python3.8/site-packages/airflow/example_dags/tutorial_objectstorage.py
[2024-02-13T12:38:24.921+0000] {processor.py:840} INFO - DAG(s) 'tutorial_objectstorage' retrieved from /home/airflow/.local/lib/python3.8/site-packages/airflow/example_dags/tutorial_objectstorage.py
[2024-02-13T12:38:24.941+0000] {logging_mixin.py:188} INFO - [2024-02-13T12:38:24.940+0000] {dag.py:3036} INFO - Sync 1 DAGs
[2024-02-13T12:38:24.955+0000] {logging_mixin.py:188} INFO - [2024-02-13T12:38:24.955+0000] {dag.py:3823} INFO - Setting next_dagrun for tutorial_objectstorage to None, run_after=None
[2024-02-13T12:38:24.972+0000] {processor.py:183} INFO - Processing /home/airflow/.local/lib/python3.8/site-packages/airflow/example_dags/tutorial_objectstorage.py took 0.065 seconds
[2024-02-13T12:38:55.158+0000] {processor.py:161} INFO - Started process (PID=3143) to work on /home/airflow/.local/lib/python3.8/site-packages/airflow/example_dags/tutorial_objectstorage.py
[2024-02-13T12:38:55.158+0000] {processor.py:830} INFO - Processing file /home/airflow/.local/lib/python3.8/site-packages/airflow/example_dags/tutorial_objectstorage.py for tasks to queue
[2024-02-13T12:38:55.159+0000] {logging_mixin.py:188} INFO - [2024-02-13T12:38:55.159+0000] {dagbag.py:538} INFO - Filling up the DagBag from /home/airflow/.local/lib/python3.8/site-packages/airflow/example_dags/tutorial_objectstorage.py
[2024-02-13T12:38:55.165+0000] {processor.py:840} INFO - DAG(s) 'tutorial_objectstorage' retrieved from /home/airflow/.local/lib/python3.8/site-packages/airflow/example_dags/tutorial_objectstorage.py
[2024-02-13T12:38:55.181+0000] {logging_mixin.py:188} INFO - [2024-02-13T12:38:55.181+0000] {dag.py:3036} INFO - Sync 1 DAGs
[2024-02-13T12:38:55.193+0000] {logging_mixin.py:188} INFO - [2024-02-13T12:38:55.193+0000] {dag.py:3823} INFO - Setting next_dagrun for tutorial_objectstorage to None, run_after=None
[2024-02-13T12:38:55.211+0000] {processor.py:183} INFO - Processing /home/airflow/.local/lib/python3.8/site-packages/airflow/example_dags/tutorial_objectstorage.py took 0.056 seconds
[2024-02-13T12:39:25.334+0000] {processor.py:161} INFO - Started process (PID=3200) to work on /home/airflow/.local/lib/python3.8/site-packages/airflow/example_dags/tutorial_objectstorage.py
[2024-02-13T12:39:25.335+0000] {processor.py:830} INFO - Processing file /home/airflow/.local/lib/python3.8/site-packages/airflow/example_dags/tutorial_objectstorage.py for tasks to queue
[2024-02-13T12:39:25.336+0000] {logging_mixin.py:188} INFO - [2024-02-13T12:39:25.336+0000] {dagbag.py:538} INFO - Filling up the DagBag from /home/airflow/.local/lib/python3.8/site-packages/airflow/example_dags/tutorial_objectstorage.py
[2024-02-13T12:39:25.343+0000] {processor.py:840} INFO - DAG(s) 'tutorial_objectstorage' retrieved from /home/airflow/.local/lib/python3.8/site-packages/airflow/example_dags/tutorial_objectstorage.py
[2024-02-13T12:39:25.362+0000] {logging_mixin.py:188} INFO - [2024-02-13T12:39:25.362+0000] {dag.py:3036} INFO - Sync 1 DAGs
[2024-02-13T12:39:25.374+0000] {logging_mixin.py:188} INFO - [2024-02-13T12:39:25.374+0000] {dag.py:3823} INFO - Setting next_dagrun for tutorial_objectstorage to None, run_after=None
[2024-02-13T12:39:25.392+0000] {processor.py:183} INFO - Processing /home/airflow/.local/lib/python3.8/site-packages/airflow/example_dags/tutorial_objectstorage.py took 0.062 seconds
[2024-02-13T12:39:55.568+0000] {processor.py:161} INFO - Started process (PID=3256) to work on /home/airflow/.local/lib/python3.8/site-packages/airflow/example_dags/tutorial_objectstorage.py
[2024-02-13T12:39:55.568+0000] {processor.py:830} INFO - Processing file /home/airflow/.local/lib/python3.8/site-packages/airflow/example_dags/tutorial_objectstorage.py for tasks to queue
[2024-02-13T12:39:55.569+0000] {logging_mixin.py:188} INFO - [2024-02-13T12:39:55.569+0000] {dagbag.py:538} INFO - Filling up the DagBag from /home/airflow/.local/lib/python3.8/site-packages/airflow/example_dags/tutorial_objectstorage.py
[2024-02-13T12:39:55.576+0000] {processor.py:840} INFO - DAG(s) 'tutorial_objectstorage' retrieved from /home/airflow/.local/lib/python3.8/site-packages/airflow/example_dags/tutorial_objectstorage.py
[2024-02-13T12:39:55.594+0000] {logging_mixin.py:188} INFO - [2024-02-13T12:39:55.593+0000] {dag.py:3036} INFO - Sync 1 DAGs
[2024-02-13T12:39:55.606+0000] {logging_mixin.py:188} INFO - [2024-02-13T12:39:55.605+0000] {dag.py:3823} INFO - Setting next_dagrun for tutorial_objectstorage to None, run_after=None
[2024-02-13T12:39:55.626+0000] {processor.py:183} INFO - Processing /home/airflow/.local/lib/python3.8/site-packages/airflow/example_dags/tutorial_objectstorage.py took 0.061 seconds
[2024-02-13T12:40:25.866+0000] {processor.py:161} INFO - Started process (PID=3312) to work on /home/airflow/.local/lib/python3.8/site-packages/airflow/example_dags/tutorial_objectstorage.py
[2024-02-13T12:40:25.868+0000] {processor.py:830} INFO - Processing file /home/airflow/.local/lib/python3.8/site-packages/airflow/example_dags/tutorial_objectstorage.py for tasks to queue
[2024-02-13T12:40:25.873+0000] {logging_mixin.py:188} INFO - [2024-02-13T12:40:25.871+0000] {dagbag.py:538} INFO - Filling up the DagBag from /home/airflow/.local/lib/python3.8/site-packages/airflow/example_dags/tutorial_objectstorage.py
[2024-02-13T12:40:25.891+0000] {processor.py:840} INFO - DAG(s) 'tutorial_objectstorage' retrieved from /home/airflow/.local/lib/python3.8/site-packages/airflow/example_dags/tutorial_objectstorage.py
[2024-02-13T12:40:25.934+0000] {logging_mixin.py:188} INFO - [2024-02-13T12:40:25.934+0000] {dag.py:3036} INFO - Sync 1 DAGs
[2024-02-13T12:40:25.965+0000] {logging_mixin.py:188} INFO - [2024-02-13T12:40:25.965+0000] {dag.py:3823} INFO - Setting next_dagrun for tutorial_objectstorage to None, run_after=None
[2024-02-13T12:40:26.003+0000] {processor.py:183} INFO - Processing /home/airflow/.local/lib/python3.8/site-packages/airflow/example_dags/tutorial_objectstorage.py took 0.145 seconds
[2024-02-13T12:40:56.552+0000] {processor.py:161} INFO - Started process (PID=3368) to work on /home/airflow/.local/lib/python3.8/site-packages/airflow/example_dags/tutorial_objectstorage.py
[2024-02-13T12:40:56.553+0000] {processor.py:830} INFO - Processing file /home/airflow/.local/lib/python3.8/site-packages/airflow/example_dags/tutorial_objectstorage.py for tasks to queue
[2024-02-13T12:40:56.554+0000] {logging_mixin.py:188} INFO - [2024-02-13T12:40:56.554+0000] {dagbag.py:538} INFO - Filling up the DagBag from /home/airflow/.local/lib/python3.8/site-packages/airflow/example_dags/tutorial_objectstorage.py
[2024-02-13T12:40:56.562+0000] {processor.py:840} INFO - DAG(s) 'tutorial_objectstorage' retrieved from /home/airflow/.local/lib/python3.8/site-packages/airflow/example_dags/tutorial_objectstorage.py
[2024-02-13T12:40:56.582+0000] {logging_mixin.py:188} INFO - [2024-02-13T12:40:56.581+0000] {dag.py:3036} INFO - Sync 1 DAGs
[2024-02-13T12:40:56.597+0000] {logging_mixin.py:188} INFO - [2024-02-13T12:40:56.597+0000] {dag.py:3823} INFO - Setting next_dagrun for tutorial_objectstorage to None, run_after=None
[2024-02-13T12:40:56.620+0000] {processor.py:183} INFO - Processing /home/airflow/.local/lib/python3.8/site-packages/airflow/example_dags/tutorial_objectstorage.py took 0.073 seconds
[2024-02-13T12:41:26.971+0000] {processor.py:161} INFO - Started process (PID=3425) to work on /home/airflow/.local/lib/python3.8/site-packages/airflow/example_dags/tutorial_objectstorage.py
[2024-02-13T12:41:26.971+0000] {processor.py:830} INFO - Processing file /home/airflow/.local/lib/python3.8/site-packages/airflow/example_dags/tutorial_objectstorage.py for tasks to queue
[2024-02-13T12:41:26.972+0000] {logging_mixin.py:188} INFO - [2024-02-13T12:41:26.972+0000] {dagbag.py:538} INFO - Filling up the DagBag from /home/airflow/.local/lib/python3.8/site-packages/airflow/example_dags/tutorial_objectstorage.py
[2024-02-13T12:41:26.979+0000] {processor.py:840} INFO - DAG(s) 'tutorial_objectstorage' retrieved from /home/airflow/.local/lib/python3.8/site-packages/airflow/example_dags/tutorial_objectstorage.py
[2024-02-13T12:41:27.000+0000] {logging_mixin.py:188} INFO - [2024-02-13T12:41:27.000+0000] {dag.py:3036} INFO - Sync 1 DAGs
[2024-02-13T12:41:27.017+0000] {logging_mixin.py:188} INFO - [2024-02-13T12:41:27.017+0000] {dag.py:3823} INFO - Setting next_dagrun for tutorial_objectstorage to None, run_after=None
[2024-02-13T12:41:27.035+0000] {processor.py:183} INFO - Processing /home/airflow/.local/lib/python3.8/site-packages/airflow/example_dags/tutorial_objectstorage.py took 0.068 seconds
[2024-02-13T12:41:57.219+0000] {processor.py:161} INFO - Started process (PID=3481) to work on /home/airflow/.local/lib/python3.8/site-packages/airflow/example_dags/tutorial_objectstorage.py
[2024-02-13T12:41:57.220+0000] {processor.py:830} INFO - Processing file /home/airflow/.local/lib/python3.8/site-packages/airflow/example_dags/tutorial_objectstorage.py for tasks to queue
[2024-02-13T12:41:57.220+0000] {logging_mixin.py:188} INFO - [2024-02-13T12:41:57.220+0000] {dagbag.py:538} INFO - Filling up the DagBag from /home/airflow/.local/lib/python3.8/site-packages/airflow/example_dags/tutorial_objectstorage.py
[2024-02-13T12:41:57.228+0000] {processor.py:840} INFO - DAG(s) 'tutorial_objectstorage' retrieved from /home/airflow/.local/lib/python3.8/site-packages/airflow/example_dags/tutorial_objectstorage.py
[2024-02-13T12:41:57.251+0000] {logging_mixin.py:188} INFO - [2024-02-13T12:41:57.251+0000] {dag.py:3036} INFO - Sync 1 DAGs
[2024-02-13T12:41:57.269+0000] {logging_mixin.py:188} INFO - [2024-02-13T12:41:57.269+0000] {dag.py:3823} INFO - Setting next_dagrun for tutorial_objectstorage to None, run_after=None
[2024-02-13T12:41:57.296+0000] {processor.py:183} INFO - Processing /home/airflow/.local/lib/python3.8/site-packages/airflow/example_dags/tutorial_objectstorage.py took 0.081 seconds
[2024-02-13T12:42:28.106+0000] {processor.py:161} INFO - Started process (PID=3537) to work on /home/airflow/.local/lib/python3.8/site-packages/airflow/example_dags/tutorial_objectstorage.py
[2024-02-13T12:42:28.108+0000] {processor.py:830} INFO - Processing file /home/airflow/.local/lib/python3.8/site-packages/airflow/example_dags/tutorial_objectstorage.py for tasks to queue
[2024-02-13T12:42:28.110+0000] {logging_mixin.py:188} INFO - [2024-02-13T12:42:28.110+0000] {dagbag.py:538} INFO - Filling up the DagBag from /home/airflow/.local/lib/python3.8/site-packages/airflow/example_dags/tutorial_objectstorage.py
[2024-02-13T12:42:28.128+0000] {processor.py:840} INFO - DAG(s) 'tutorial_objectstorage' retrieved from /home/airflow/.local/lib/python3.8/site-packages/airflow/example_dags/tutorial_objectstorage.py
[2024-02-13T12:42:28.170+0000] {logging_mixin.py:188} INFO - [2024-02-13T12:42:28.170+0000] {dag.py:3036} INFO - Sync 1 DAGs
[2024-02-13T12:42:28.204+0000] {logging_mixin.py:188} INFO - [2024-02-13T12:42:28.203+0000] {dag.py:3823} INFO - Setting next_dagrun for tutorial_objectstorage to None, run_after=None
[2024-02-13T12:42:28.252+0000] {processor.py:183} INFO - Processing /home/airflow/.local/lib/python3.8/site-packages/airflow/example_dags/tutorial_objectstorage.py took 0.151 seconds
[2024-02-13T12:42:59.120+0000] {processor.py:161} INFO - Started process (PID=3593) to work on /home/airflow/.local/lib/python3.8/site-packages/airflow/example_dags/tutorial_objectstorage.py
[2024-02-13T12:42:59.121+0000] {processor.py:830} INFO - Processing file /home/airflow/.local/lib/python3.8/site-packages/airflow/example_dags/tutorial_objectstorage.py for tasks to queue
[2024-02-13T12:42:59.122+0000] {logging_mixin.py:188} INFO - [2024-02-13T12:42:59.122+0000] {dagbag.py:538} INFO - Filling up the DagBag from /home/airflow/.local/lib/python3.8/site-packages/airflow/example_dags/tutorial_objectstorage.py
[2024-02-13T12:42:59.135+0000] {processor.py:840} INFO - DAG(s) 'tutorial_objectstorage' retrieved from /home/airflow/.local/lib/python3.8/site-packages/airflow/example_dags/tutorial_objectstorage.py
[2024-02-13T12:42:59.170+0000] {logging_mixin.py:188} INFO - [2024-02-13T12:42:59.170+0000] {dag.py:3036} INFO - Sync 1 DAGs
[2024-02-13T12:42:59.205+0000] {logging_mixin.py:188} INFO - [2024-02-13T12:42:59.204+0000] {dag.py:3823} INFO - Setting next_dagrun for tutorial_objectstorage to None, run_after=None
[2024-02-13T12:42:59.255+0000] {processor.py:183} INFO - Processing /home/airflow/.local/lib/python3.8/site-packages/airflow/example_dags/tutorial_objectstorage.py took 0.140 seconds
