[2024-02-13T12:12:34.117+0000] {taskinstance.py:1956} INFO - Dependencies all met for dep_context=non-requeueable deps ti=<TaskInstance: baserowdata.consumer_task scheduled__2024-02-12T02:10:00+00:00 [queued]>
[2024-02-13T12:12:34.165+0000] {taskinstance.py:1956} INFO - Dependencies all met for dep_context=requeueable deps ti=<TaskInstance: baserowdata.consumer_task scheduled__2024-02-12T02:10:00+00:00 [queued]>
[2024-02-13T12:12:34.166+0000] {taskinstance.py:2170} INFO - Starting attempt 1 of 1
[2024-02-13T12:12:34.246+0000] {taskinstance.py:2191} INFO - Executing <Task(PythonOperator): consumer_task> on 2024-02-12 02:10:00+00:00
[2024-02-13T12:12:34.263+0000] {standard_task_runner.py:60} INFO - Started process 121 to run task
[2024-02-13T12:12:34.321+0000] {standard_task_runner.py:87} INFO - Running: ['***', 'tasks', 'run', 'baserowdata', 'consumer_task', 'scheduled__2024-02-12T02:10:00+00:00', '--job-id', '22', '--raw', '--subdir', 'DAGS_FOLDER/consumer_dag.py', '--cfg-path', '/tmp/tmpywr2mj7q']
[2024-02-13T12:12:34.337+0000] {standard_task_runner.py:88} INFO - Job 22: Subtask consumer_task
[2024-02-13T12:12:34.570+0000] {task_command.py:423} INFO - Running <TaskInstance: baserowdata.consumer_task scheduled__2024-02-12T02:10:00+00:00 [running]> on host b9c9154d9bc2
[2024-02-13T12:12:34.891+0000] {taskinstance.py:2480} INFO - Exporting env vars: AIRFLOW_CTX_DAG_OWNER='***' AIRFLOW_CTX_DAG_ID='baserowdata' AIRFLOW_CTX_TASK_ID='consumer_task' AIRFLOW_CTX_EXECUTION_DATE='2024-02-12T02:10:00+00:00' AIRFLOW_CTX_TRY_NUMBER='1' AIRFLOW_CTX_DAG_RUN_ID='scheduled__2024-02-12T02:10:00+00:00'
[2024-02-13T12:12:35.600+0000] {logging_mixin.py:188} INFO - İstek başarılı.
[2024-02-13T12:12:36.374+0000] {logging_mixin.py:188} INFO - İstek başarılı.
[2024-02-13T12:12:37.106+0000] {logging_mixin.py:188} INFO - İstek başarılı.
[2024-02-13T12:12:37.674+0000] {logging_mixin.py:188} INFO - İstek başarılı.
[2024-02-13T12:12:38.262+0000] {logging_mixin.py:188} INFO - İstek başarılı.
[2024-02-13T12:12:38.946+0000] {logging_mixin.py:188} INFO - İstek başarılı.
[2024-02-13T12:12:39.775+0000] {logging_mixin.py:188} INFO - İstek başarılı.
[2024-02-13T12:12:40.587+0000] {logging_mixin.py:188} INFO - İstek başarılı.
[2024-02-13T12:12:41.194+0000] {logging_mixin.py:188} INFO - İstek başarılı.
[2024-02-13T12:12:41.827+0000] {logging_mixin.py:188} INFO - İstek başarılı.
[2024-02-13T12:12:42.672+0000] {logging_mixin.py:188} INFO - İstek başarılı.
[2024-02-13T12:12:43.293+0000] {logging_mixin.py:188} INFO - İstek başarılı.
[2024-02-13T12:12:44.941+0000] {logging_mixin.py:188} INFO - İstek başarılı.
[2024-02-13T12:12:46.761+0000] {logging_mixin.py:188} INFO - İstek başarılı.
[2024-02-13T12:12:47.299+0000] {logging_mixin.py:188} INFO - İstek başarılı.
[2024-02-13T12:12:47.850+0000] {logging_mixin.py:188} INFO - İstek başarılı.
[2024-02-13T12:12:48.373+0000] {logging_mixin.py:188} INFO - İstek başarılı.
[2024-02-13T12:12:48.874+0000] {logging_mixin.py:188} INFO - İstek başarılı.
[2024-02-13T12:12:49.564+0000] {logging_mixin.py:188} INFO - İstek başarılı.
[2024-02-13T12:12:49.636+0000] {logging_mixin.py:188} INFO - CSV dosyasında veri bulunmuyor. 10 dakika sonra tekrar kontrol edilecek.
[2024-02-13T12:12:49.638+0000] {logging_mixin.py:188} INFO - CSV dosyasında veri bulunmuyor. 10 dakika sonra tekrar kontrol edilecek.
[2024-02-13T12:12:50.235+0000] {logging_mixin.py:188} INFO - İstek başarılı.
[2024-02-13T12:12:50.241+0000] {logging_mixin.py:188} INFO - CSV dosyasında veri bulunmuyor. 10 dakika sonra tekrar kontrol edilecek.
[2024-02-13T12:12:50.241+0000] {logging_mixin.py:188} INFO - CSV dosyasında veri bulunmuyor. 10 dakika sonra tekrar kontrol edilecek.
[2024-02-13T12:12:50.242+0000] {logging_mixin.py:188} INFO - CSV dosyasında veri bulunmuyor. 10 dakika sonra tekrar kontrol edilecek.
[2024-02-13T12:12:50.242+0000] {logging_mixin.py:188} INFO - CSV dosyasında veri bulunmuyor. 10 dakika sonra tekrar kontrol edilecek.
[2024-02-13T12:12:50.242+0000] {logging_mixin.py:188} INFO - CSV dosyasında veri bulunmuyor. 10 dakika sonra tekrar kontrol edilecek.
[2024-02-13T12:12:50.243+0000] {logging_mixin.py:188} INFO - CSV dosyasında veri bulunmuyor. 10 dakika sonra tekrar kontrol edilecek.
[2024-02-13T12:12:50.243+0000] {logging_mixin.py:188} INFO - CSV dosyasında veri bulunmuyor. 10 dakika sonra tekrar kontrol edilecek.
[2024-02-13T12:12:50.243+0000] {logging_mixin.py:188} INFO - CSV dosyasında veri bulunmuyor. 10 dakika sonra tekrar kontrol edilecek.
[2024-02-13T12:12:50.244+0000] {logging_mixin.py:188} INFO - CSV dosyasında veri bulunmuyor. 10 dakika sonra tekrar kontrol edilecek.
[2024-02-13T12:12:50.244+0000] {logging_mixin.py:188} INFO - CSV dosyasında veri bulunmuyor. 10 dakika sonra tekrar kontrol edilecek.
[2024-02-13T12:12:50.245+0000] {logging_mixin.py:188} INFO - CSV dosyasında veri bulunmuyor. 10 dakika sonra tekrar kontrol edilecek.
[2024-02-13T12:12:50.703+0000] {logging_mixin.py:188} INFO - İstek başarılı.
[2024-02-13T12:12:51.317+0000] {logging_mixin.py:188} INFO - İstek başarılı.
[2024-02-13T12:12:51.786+0000] {logging_mixin.py:188} INFO - İstek başarılı.
[2024-02-13T12:12:52.319+0000] {logging_mixin.py:188} INFO - İstek başarılı.
[2024-02-13T12:12:52.868+0000] {logging_mixin.py:188} INFO - İstek başarılı.
[2024-02-13T12:12:53.493+0000] {logging_mixin.py:188} INFO - İstek başarılı.
[2024-02-13T12:12:54.147+0000] {logging_mixin.py:188} INFO - İstek başarılı.
[2024-02-13T12:12:55.086+0000] {logging_mixin.py:188} INFO - İstek başarılı.
[2024-02-13T12:12:55.559+0000] {logging_mixin.py:188} INFO - İstek başarılı.
[2024-02-13T12:12:56.121+0000] {logging_mixin.py:188} INFO - İstek başarılı.
[2024-02-13T12:12:56.680+0000] {logging_mixin.py:188} INFO - İstek başarılı.
[2024-02-13T12:12:57.189+0000] {logging_mixin.py:188} INFO - İstek başarılı.
[2024-02-13T12:12:57.902+0000] {logging_mixin.py:188} INFO - İstek başarılı.
[2024-02-13T12:12:58.743+0000] {logging_mixin.py:188} INFO - İstek başarılı.
[2024-02-13T12:12:59.538+0000] {logging_mixin.py:188} INFO - İstek başarılı.
[2024-02-13T12:13:00.365+0000] {logging_mixin.py:188} INFO - İstek başarılı.
[2024-02-13T12:13:01.098+0000] {logging_mixin.py:188} INFO - İstek başarılı.
[2024-02-13T12:13:01.851+0000] {logging_mixin.py:188} INFO - İstek başarılı.
[2024-02-13T12:13:02.745+0000] {logging_mixin.py:188} INFO - İstek başarılı.
[2024-02-13T12:13:03.433+0000] {logging_mixin.py:188} INFO - İstek başarılı.
[2024-02-13T12:13:04.110+0000] {logging_mixin.py:188} INFO - İstek başarılı.
[2024-02-13T12:13:05.761+0000] {logging_mixin.py:188} INFO - İstek başarılı.
[2024-02-13T12:13:06.716+0000] {logging_mixin.py:188} INFO - İstek başarılı.
[2024-02-13T12:13:06.724+0000] {taskinstance.py:2698} ERROR - Task failed with exception
Traceback (most recent call last):
  File "/home/airflow/.local/lib/python3.8/site-packages/airflow/models/taskinstance.py", line 433, in _execute_task
    result = execute_callable(context=context, **execute_callable_kwargs)
  File "/home/airflow/.local/lib/python3.8/site-packages/airflow/operators/python.py", line 199, in execute
    return_value = self.execute_callable()
  File "/home/airflow/.local/lib/python3.8/site-packages/airflow/operators/python.py", line 216, in execute_callable
    return self.python_callable(*self.op_args, **self.op_kwargs)
  File "/opt/airflow/dags/consumer_dag.py", line 66, in main
    writer.writerows(rows)
  File "/usr/local/lib/python3.8/csv.py", line 157, in writerows
    return self.writer.writerows(map(self._dict_to_list, rowdicts))
  File "/usr/local/lib/python3.8/csv.py", line 149, in _dict_to_list
    raise ValueError("dict contains fields not in fieldnames: "
ValueError: dict contains fields not in fieldnames: None
[2024-02-13T12:13:06.776+0000] {taskinstance.py:1138} INFO - Marking task as FAILED. dag_id=baserowdata, task_id=consumer_task, execution_date=20240212T021000, start_date=20240213T121234, end_date=20240213T121306
[2024-02-13T12:13:07.110+0000] {standard_task_runner.py:107} ERROR - Failed to execute job 22 for task consumer_task (dict contains fields not in fieldnames: None; 121)
[2024-02-13T12:13:07.195+0000] {local_task_job_runner.py:234} INFO - Task exited with return code 1
[2024-02-13T12:13:07.259+0000] {taskinstance.py:3280} INFO - 0 downstream tasks scheduled from follow-on schedule check
