[2024-02-13T12:13:02.306+0000] {taskinstance.py:1956} INFO - Dependencies all met for dep_context=non-requeueable deps ti=<TaskInstance: baserowdata.consumer_task scheduled__2024-02-12T03:20:00+00:00 [queued]>
[2024-02-13T12:13:02.327+0000] {taskinstance.py:1956} INFO - Dependencies all met for dep_context=requeueable deps ti=<TaskInstance: baserowdata.consumer_task scheduled__2024-02-12T03:20:00+00:00 [queued]>
[2024-02-13T12:13:02.328+0000] {taskinstance.py:2170} INFO - Starting attempt 1 of 1
[2024-02-13T12:13:02.366+0000] {taskinstance.py:2191} INFO - Executing <Task(PythonOperator): consumer_task> on 2024-02-12 03:20:00+00:00
[2024-02-13T12:13:02.376+0000] {standard_task_runner.py:60} INFO - Started process 152 to run task
[2024-02-13T12:13:02.382+0000] {standard_task_runner.py:87} INFO - Running: ['***', 'tasks', 'run', 'baserowdata', 'consumer_task', 'scheduled__2024-02-12T03:20:00+00:00', '--job-id', '29', '--raw', '--subdir', 'DAGS_FOLDER/consumer_dag.py', '--cfg-path', '/tmp/tmph_zmajhr']
[2024-02-13T12:13:02.385+0000] {standard_task_runner.py:88} INFO - Job 29: Subtask consumer_task
[2024-02-13T12:13:02.476+0000] {task_command.py:423} INFO - Running <TaskInstance: baserowdata.consumer_task scheduled__2024-02-12T03:20:00+00:00 [running]> on host b9c9154d9bc2
[2024-02-13T12:13:02.673+0000] {taskinstance.py:2480} INFO - Exporting env vars: AIRFLOW_CTX_DAG_OWNER='***' AIRFLOW_CTX_DAG_ID='baserowdata' AIRFLOW_CTX_TASK_ID='consumer_task' AIRFLOW_CTX_EXECUTION_DATE='2024-02-12T03:20:00+00:00' AIRFLOW_CTX_TRY_NUMBER='1' AIRFLOW_CTX_DAG_RUN_ID='scheduled__2024-02-12T03:20:00+00:00'
[2024-02-13T12:13:03.370+0000] {logging_mixin.py:188} INFO - İstek başarılı.
[2024-02-13T12:13:04.063+0000] {logging_mixin.py:188} INFO - İstek başarılı.
[2024-02-13T12:13:05.791+0000] {logging_mixin.py:188} INFO - İstek başarılı.
[2024-02-13T12:13:06.779+0000] {logging_mixin.py:188} INFO - İstek başarılı.
[2024-02-13T12:13:07.721+0000] {logging_mixin.py:188} INFO - İstek başarılı.
[2024-02-13T12:13:08.699+0000] {logging_mixin.py:188} INFO - İstek başarılı.
[2024-02-13T12:13:09.545+0000] {logging_mixin.py:188} INFO - İstek başarılı.
[2024-02-13T12:13:10.137+0000] {logging_mixin.py:188} INFO - İstek başarılı.
[2024-02-13T12:13:10.962+0000] {logging_mixin.py:188} INFO - İstek başarılı.
[2024-02-13T12:13:11.634+0000] {logging_mixin.py:188} INFO - İstek başarılı.
[2024-02-13T12:13:12.214+0000] {logging_mixin.py:188} INFO - İstek başarılı.
[2024-02-13T12:13:12.820+0000] {logging_mixin.py:188} INFO - İstek başarılı.
[2024-02-13T12:13:13.541+0000] {logging_mixin.py:188} INFO - İstek başarılı.
[2024-02-13T12:13:14.056+0000] {logging_mixin.py:188} INFO - İstek başarılı.
[2024-02-13T12:13:14.681+0000] {logging_mixin.py:188} INFO - İstek başarılı.
[2024-02-13T12:13:15.453+0000] {logging_mixin.py:188} INFO - İstek başarılı.
[2024-02-13T12:13:15.991+0000] {logging_mixin.py:188} INFO - İstek başarılı.
[2024-02-13T12:13:16.740+0000] {logging_mixin.py:188} INFO - İstek başarılı.
[2024-02-13T12:13:17.373+0000] {logging_mixin.py:188} INFO - İstek başarılı.
[2024-02-13T12:13:18.125+0000] {logging_mixin.py:188} INFO - İstek başarılı.
[2024-02-13T12:13:18.733+0000] {logging_mixin.py:188} INFO - İstek başarılı.
[2024-02-13T12:13:19.292+0000] {logging_mixin.py:188} INFO - İstek başarılı.
[2024-02-13T12:13:19.861+0000] {logging_mixin.py:188} INFO - İstek başarılı.
[2024-02-13T12:13:20.334+0000] {logging_mixin.py:188} INFO - İstek başarılı.
[2024-02-13T12:13:20.834+0000] {logging_mixin.py:188} INFO - İstek başarılı.
[2024-02-13T12:13:21.428+0000] {logging_mixin.py:188} INFO - İstek başarılı.
[2024-02-13T12:13:22.078+0000] {logging_mixin.py:188} INFO - İstek başarılı.
[2024-02-13T12:13:22.830+0000] {logging_mixin.py:188} INFO - İstek başarılı.
[2024-02-13T12:13:23.581+0000] {logging_mixin.py:188} INFO - İstek başarılı.
[2024-02-13T12:13:24.607+0000] {logging_mixin.py:188} INFO - İstek başarılı.
[2024-02-13T12:13:26.142+0000] {logging_mixin.py:188} INFO - İstek başarılı.
[2024-02-13T12:13:26.895+0000] {logging_mixin.py:188} INFO - İstek başarılı.
[2024-02-13T12:13:27.966+0000] {logging_mixin.py:188} INFO - İstek başarılı.
[2024-02-13T12:13:28.748+0000] {logging_mixin.py:188} INFO - İstek başarılı.
[2024-02-13T12:13:29.936+0000] {logging_mixin.py:188} INFO - İstek başarılı.
[2024-02-13T12:13:30.857+0000] {logging_mixin.py:188} INFO - İstek başarılı.
[2024-02-13T12:13:31.922+0000] {logging_mixin.py:188} INFO - İstek başarılı.
[2024-02-13T12:13:32.852+0000] {logging_mixin.py:188} INFO - İstek başarılı.
[2024-02-13T12:13:34.165+0000] {logging_mixin.py:188} INFO - İstek başarılı.
[2024-02-13T12:13:35.262+0000] {logging_mixin.py:188} INFO - İstek başarılı.
[2024-02-13T12:13:36.361+0000] {logging_mixin.py:188} INFO - İstek başarılı.
[2024-02-13T12:13:37.179+0000] {logging_mixin.py:188} INFO - İstek başarılı.
[2024-02-13T12:13:38.211+0000] {logging_mixin.py:188} INFO - İstek başarılı.
[2024-02-13T12:13:39.043+0000] {logging_mixin.py:188} INFO - İstek başarılı.
[2024-02-13T12:13:39.757+0000] {logging_mixin.py:188} INFO - İstek başarılı.
[2024-02-13T12:13:40.201+0000] {logging_mixin.py:188} INFO - İstek başarılı.
[2024-02-13T12:13:40.748+0000] {logging_mixin.py:188} INFO - İstek başarılı.
[2024-02-13T12:13:41.263+0000] {logging_mixin.py:188} INFO - İstek başarılı.
[2024-02-13T12:13:41.936+0000] {logging_mixin.py:188} INFO - İstek başarılı.
[2024-02-13T12:13:42.357+0000] {logging_mixin.py:188} INFO - İstek başarılı.
[2024-02-13T12:13:42.996+0000] {logging_mixin.py:188} INFO - İstek başarılı.
[2024-02-13T12:13:44.000+0000] {logging_mixin.py:188} INFO - İstek başarılı.
[2024-02-13T12:13:44.992+0000] {logging_mixin.py:188} INFO - İstek başarılı.
[2024-02-13T12:13:45.680+0000] {logging_mixin.py:188} INFO - İstek başarılı.
[2024-02-13T12:13:46.256+0000] {logging_mixin.py:188} INFO - İstek başarılı.
[2024-02-13T12:13:46.888+0000] {logging_mixin.py:188} INFO - İstek başarılı.
[2024-02-13T12:13:47.473+0000] {logging_mixin.py:188} INFO - İstek başarılı.
[2024-02-13T12:13:48.403+0000] {logging_mixin.py:188} INFO - İstek başarılı.
[2024-02-13T12:13:48.908+0000] {logging_mixin.py:188} INFO - İstek başarılı.
[2024-02-13T12:13:49.524+0000] {logging_mixin.py:188} INFO - İstek başarılı.
[2024-02-13T12:13:51.821+0000] {logging_mixin.py:188} INFO - İstek başarılı.
[2024-02-13T12:13:52.645+0000] {logging_mixin.py:188} INFO - İstek başarılı.
[2024-02-13T12:13:53.251+0000] {logging_mixin.py:188} INFO - İstek başarılı.
[2024-02-13T12:13:53.800+0000] {logging_mixin.py:188} INFO - İstek başarılı.
[2024-02-13T12:13:54.397+0000] {logging_mixin.py:188} INFO - İstek başarılı.
[2024-02-13T12:13:55.090+0000] {logging_mixin.py:188} INFO - İstek başarılı.
[2024-02-13T12:13:55.845+0000] {logging_mixin.py:188} INFO - İstek başarılı.
[2024-02-13T12:13:55.851+0000] {logging_mixin.py:188} INFO - CSV dosyasında veri bulunmuyor. 10 dakika sonra tekrar kontrol edilecek.
[2024-02-13T12:13:55.853+0000] {logging_mixin.py:188} INFO - CSV dosyasında veri bulunmuyor. 10 dakika sonra tekrar kontrol edilecek.
[2024-02-13T12:13:55.855+0000] {logging_mixin.py:188} INFO - CSV dosyasında veri bulunmuyor. 10 dakika sonra tekrar kontrol edilecek.
[2024-02-13T12:13:55.856+0000] {logging_mixin.py:188} INFO - CSV dosyasında veri bulunmuyor. 10 dakika sonra tekrar kontrol edilecek.
[2024-02-13T12:13:56.336+0000] {logging_mixin.py:188} INFO - İstek başarılı.
[2024-02-13T12:13:57.120+0000] {logging_mixin.py:188} INFO - İstek başarılı.
[2024-02-13T12:13:57.791+0000] {logging_mixin.py:188} INFO - İstek başarılı.
[2024-02-13T12:13:58.092+0000] {logging_mixin.py:188} INFO - İstek başarısız. HTTP yanıt kodu: 429
[2024-02-13T12:13:58.093+0000] {logging_mixin.py:188} INFO - {"detail":"Request was throttled. Expected available in 29 seconds."}
[2024-02-13T12:13:58.741+0000] {logging_mixin.py:188} INFO - İstek başarılı.
[2024-02-13T12:13:59.359+0000] {logging_mixin.py:188} INFO - İstek başarılı.
[2024-02-13T12:13:59.898+0000] {logging_mixin.py:188} INFO - İstek başarılı.
[2024-02-13T12:14:00.562+0000] {logging_mixin.py:188} INFO - İstek başarılı.
[2024-02-13T12:14:01.187+0000] {logging_mixin.py:188} INFO - İstek başarılı.
[2024-02-13T12:14:01.985+0000] {logging_mixin.py:188} INFO - İstek başarılı.
[2024-02-13T12:14:02.923+0000] {logging_mixin.py:188} INFO - İstek başarılı.
[2024-02-13T12:14:03.732+0000] {logging_mixin.py:188} INFO - İstek başarılı.
[2024-02-13T12:14:04.388+0000] {logging_mixin.py:188} INFO - İstek başarılı.
[2024-02-13T12:14:04.926+0000] {logging_mixin.py:188} INFO - İstek başarılı.
[2024-02-13T12:14:06.687+0000] {logging_mixin.py:188} INFO - İstek başarılı.
[2024-02-13T12:14:08.292+0000] {logging_mixin.py:188} INFO - İstek başarılı.
[2024-02-13T12:14:08.324+0000] {logging_mixin.py:188} INFO - CSV dosyasında veri bulunmuyor. 10 dakika sonra tekrar kontrol edilecek.
[2024-02-13T12:14:09.662+0000] {logging_mixin.py:188} INFO - İstek başarılı.
[2024-02-13T12:14:10.895+0000] {logging_mixin.py:188} INFO - İstek başarılı.
[2024-02-13T12:14:11.714+0000] {logging_mixin.py:188} INFO - İstek başarılı.
[2024-02-13T12:14:12.525+0000] {logging_mixin.py:188} INFO - İstek başarılı.
[2024-02-13T12:14:13.360+0000] {logging_mixin.py:188} INFO - İstek başarılı.
[2024-02-13T12:14:14.085+0000] {logging_mixin.py:188} INFO - İstek başarılı.
[2024-02-13T12:14:14.775+0000] {logging_mixin.py:188} INFO - İstek başarılı.
[2024-02-13T12:14:15.391+0000] {logging_mixin.py:188} INFO - İstek başarılı.
[2024-02-13T12:14:16.083+0000] {logging_mixin.py:188} INFO - İstek başarılı.
[2024-02-13T12:14:16.885+0000] {logging_mixin.py:188} INFO - İstek başarılı.
[2024-02-13T12:14:17.496+0000] {logging_mixin.py:188} INFO - İstek başarılı.
[2024-02-13T12:14:18.070+0000] {logging_mixin.py:188} INFO - İstek başarılı.
[2024-02-13T12:14:18.576+0000] {logging_mixin.py:188} INFO - İstek başarılı.
[2024-02-13T12:14:19.110+0000] {logging_mixin.py:188} INFO - İstek başarılı.
[2024-02-13T12:14:19.607+0000] {logging_mixin.py:188} INFO - İstek başarılı.
[2024-02-13T12:14:20.237+0000] {logging_mixin.py:188} INFO - İstek başarılı.
[2024-02-13T12:14:20.775+0000] {logging_mixin.py:188} INFO - İstek başarılı.
[2024-02-13T12:14:21.278+0000] {logging_mixin.py:188} INFO - İstek başarılı.
[2024-02-13T12:14:21.787+0000] {logging_mixin.py:188} INFO - İstek başarılı.
[2024-02-13T12:14:22.343+0000] {logging_mixin.py:188} INFO - İstek başarılı.
[2024-02-13T12:14:22.918+0000] {logging_mixin.py:188} INFO - İstek başarılı.
[2024-02-13T12:14:23.773+0000] {logging_mixin.py:188} INFO - İstek başarılı.
[2024-02-13T12:14:24.313+0000] {logging_mixin.py:188} INFO - İstek başarılı.
[2024-02-13T12:14:24.897+0000] {logging_mixin.py:188} INFO - İstek başarılı.
[2024-02-13T12:14:26.003+0000] {logging_mixin.py:188} INFO - İstek başarılı.
[2024-02-13T12:14:26.625+0000] {logging_mixin.py:188} INFO - İstek başarılı.
[2024-02-13T12:14:27.227+0000] {logging_mixin.py:188} INFO - İstek başarılı.
[2024-02-13T12:14:27.853+0000] {logging_mixin.py:188} INFO - İstek başarılı.
[2024-02-13T12:14:28.313+0000] {logging_mixin.py:188} INFO - İstek başarılı.
[2024-02-13T12:14:28.784+0000] {logging_mixin.py:188} INFO - İstek başarılı.
[2024-02-13T12:14:29.479+0000] {logging_mixin.py:188} INFO - İstek başarılı.
[2024-02-13T12:14:30.134+0000] {logging_mixin.py:188} INFO - İstek başarılı.
[2024-02-13T12:14:30.680+0000] {logging_mixin.py:188} INFO - İstek başarılı.
[2024-02-13T12:14:31.510+0000] {logging_mixin.py:188} INFO - İstek başarılı.
[2024-02-13T12:14:32.025+0000] {logging_mixin.py:188} INFO - İstek başarılı.
[2024-02-13T12:14:32.501+0000] {logging_mixin.py:188} INFO - İstek başarılı.
[2024-02-13T12:14:33.023+0000] {logging_mixin.py:188} INFO - İstek başarılı.
[2024-02-13T12:14:33.533+0000] {logging_mixin.py:188} INFO - İstek başarılı.
[2024-02-13T12:14:34.068+0000] {logging_mixin.py:188} INFO - İstek başarılı.
[2024-02-13T12:14:34.154+0000] {local_task_job_runner.py:302} WARNING - State of this instance has been externally set to None. Terminating instance.
[2024-02-13T12:14:34.160+0000] {process_utils.py:131} INFO - Sending 15 to group 152. PIDs of all processes in the group: [152]
[2024-02-13T12:14:34.160+0000] {process_utils.py:86} INFO - Sending the signal 15 to group 152
[2024-02-13T12:14:34.196+0000] {taskinstance.py:2450} ERROR - Received SIGTERM. Terminating subprocesses.
[2024-02-13T12:14:34.206+0000] {taskinstance.py:2698} ERROR - Task failed with exception
Traceback (most recent call last):
  File "/home/airflow/.local/lib/python3.8/site-packages/airflow/models/taskinstance.py", line 433, in _execute_task
    result = execute_callable(context=context, **execute_callable_kwargs)
  File "/home/airflow/.local/lib/python3.8/site-packages/airflow/operators/python.py", line 199, in execute
    return_value = self.execute_callable()
  File "/home/airflow/.local/lib/python3.8/site-packages/airflow/operators/python.py", line 216, in execute_callable
    return self.python_callable(*self.op_args, **self.op_kwargs)
  File "/opt/airflow/dags/consumer_dag.py", line 57, in main
    add_row_to_baserow(record, token)
  File "/opt/airflow/dags/consumer_dag.py", line 16, in add_row_to_baserow
    response = requests.post(
  File "/home/airflow/.local/lib/python3.8/site-packages/requests/api.py", line 115, in post
    return request("post", url, data=data, json=json, **kwargs)
  File "/home/airflow/.local/lib/python3.8/site-packages/requests/api.py", line 59, in request
    return session.request(method=method, url=url, **kwargs)
  File "/home/airflow/.local/lib/python3.8/site-packages/requests/sessions.py", line 589, in request
    resp = self.send(prep, **send_kwargs)
  File "/home/airflow/.local/lib/python3.8/site-packages/requests/sessions.py", line 703, in send
    r = adapter.send(request, **kwargs)
  File "/home/airflow/.local/lib/python3.8/site-packages/requests/adapters.py", line 486, in send
    resp = conn.urlopen(
  File "/home/airflow/.local/lib/python3.8/site-packages/urllib3/connectionpool.py", line 715, in urlopen
    httplib_response = self._make_request(
  File "/home/airflow/.local/lib/python3.8/site-packages/urllib3/connectionpool.py", line 404, in _make_request
    self._validate_conn(conn)
  File "/home/airflow/.local/lib/python3.8/site-packages/urllib3/connectionpool.py", line 1058, in _validate_conn
    conn.connect()
  File "/home/airflow/.local/lib/python3.8/site-packages/urllib3/connection.py", line 419, in connect
    self.sock = ssl_wrap_socket(
  File "/home/airflow/.local/lib/python3.8/site-packages/urllib3/util/ssl_.py", line 402, in ssl_wrap_socket
    context.load_verify_locations(ca_certs, ca_cert_dir, ca_cert_data)
  File "/home/airflow/.local/lib/python3.8/site-packages/airflow/models/taskinstance.py", line 2452, in signal_handler
    raise AirflowException("Task received SIGTERM signal")
airflow.exceptions.AirflowException: Task received SIGTERM signal
[2024-02-13T12:14:34.210+0000] {taskinstance.py:1138} INFO - Marking task as FAILED. dag_id=baserowdata, task_id=consumer_task, execution_date=20240212T032000, start_date=20240213T121302, end_date=20240213T121434
[2024-02-13T12:14:34.228+0000] {standard_task_runner.py:107} ERROR - Failed to execute job 29 for task consumer_task ((psycopg2.errors.ForeignKeyViolation) insert or update on table "task_fail" violates foreign key constraint "task_fail_ti_fkey"
DETAIL:  Key (dag_id, task_id, run_id, map_index)=(baserowdata, consumer_task, scheduled__2024-02-12T03:20:00+00:00, -1) is not present in table "task_instance".

[SQL: INSERT INTO task_fail (task_id, dag_id, run_id, map_index, start_date, end_date, duration) VALUES (%(task_id)s, %(dag_id)s, %(run_id)s, %(map_index)s, %(start_date)s, %(end_date)s, %(duration)s) RETURNING task_fail.id]
[parameters: {'task_id': 'consumer_task', 'dag_id': 'baserowdata', 'run_id': 'scheduled__2024-02-12T03:20:00+00:00', 'map_index': -1, 'start_date': datetime.datetime(2024, 2, 13, 12, 13, 2, 307283, tzinfo=Timezone('UTC')), 'end_date': datetime.datetime(2024, 2, 13, 12, 14, 34, 210266, tzinfo=Timezone('UTC')), 'duration': 91}]
(Background on this error at: https://sqlalche.me/e/14/gkpj); 152)
[2024-02-13T12:14:34.253+0000] {process_utils.py:79} INFO - Process psutil.Process(pid=152, status='terminated', exitcode=1, started='12:13:02') (152) terminated with exit code 1
