[2024-02-13T12:13:01.743+0000] {taskinstance.py:1956} INFO - Dependencies all met for dep_context=non-requeueable deps ti=<TaskInstance: baserowdata.consumer_task scheduled__2024-02-12T03:10:00+00:00 [queued]>
[2024-02-13T12:13:01.784+0000] {taskinstance.py:1956} INFO - Dependencies all met for dep_context=requeueable deps ti=<TaskInstance: baserowdata.consumer_task scheduled__2024-02-12T03:10:00+00:00 [queued]>
[2024-02-13T12:13:01.785+0000] {taskinstance.py:2170} INFO - Starting attempt 1 of 1
[2024-02-13T12:13:01.831+0000] {taskinstance.py:2191} INFO - Executing <Task(PythonOperator): consumer_task> on 2024-02-12 03:10:00+00:00
[2024-02-13T12:13:01.858+0000] {standard_task_runner.py:60} INFO - Started process 150 to run task
[2024-02-13T12:13:01.891+0000] {standard_task_runner.py:87} INFO - Running: ['***', 'tasks', 'run', 'baserowdata', 'consumer_task', 'scheduled__2024-02-12T03:10:00+00:00', '--job-id', '28', '--raw', '--subdir', 'DAGS_FOLDER/consumer_dag.py', '--cfg-path', '/tmp/tmpudfucwq_']
[2024-02-13T12:13:01.903+0000] {standard_task_runner.py:88} INFO - Job 28: Subtask consumer_task
[2024-02-13T12:13:02.115+0000] {task_command.py:423} INFO - Running <TaskInstance: baserowdata.consumer_task scheduled__2024-02-12T03:10:00+00:00 [running]> on host b9c9154d9bc2
[2024-02-13T12:13:02.344+0000] {taskinstance.py:2480} INFO - Exporting env vars: AIRFLOW_CTX_DAG_OWNER='***' AIRFLOW_CTX_DAG_ID='baserowdata' AIRFLOW_CTX_TASK_ID='consumer_task' AIRFLOW_CTX_EXECUTION_DATE='2024-02-12T03:10:00+00:00' AIRFLOW_CTX_TRY_NUMBER='1' AIRFLOW_CTX_DAG_RUN_ID='scheduled__2024-02-12T03:10:00+00:00'
[2024-02-13T12:13:03.049+0000] {logging_mixin.py:188} INFO - İstek başarılı.
[2024-02-13T12:13:03.675+0000] {logging_mixin.py:188} INFO - İstek başarılı.
[2024-02-13T12:13:04.477+0000] {logging_mixin.py:188} INFO - İstek başarılı.
[2024-02-13T12:13:06.408+0000] {logging_mixin.py:188} INFO - İstek başarılı.
[2024-02-13T12:13:07.587+0000] {logging_mixin.py:188} INFO - İstek başarılı.
[2024-02-13T12:13:08.501+0000] {logging_mixin.py:188} INFO - İstek başarılı.
[2024-02-13T12:13:09.207+0000] {logging_mixin.py:188} INFO - İstek başarılı.
[2024-02-13T12:13:09.824+0000] {logging_mixin.py:188} INFO - İstek başarılı.
[2024-02-13T12:13:10.562+0000] {logging_mixin.py:188} INFO - İstek başarılı.
[2024-02-13T12:13:11.159+0000] {logging_mixin.py:188} INFO - İstek başarılı.
[2024-02-13T12:13:11.948+0000] {logging_mixin.py:188} INFO - İstek başarılı.
[2024-02-13T12:13:12.661+0000] {logging_mixin.py:188} INFO - İstek başarılı.
[2024-02-13T12:13:13.382+0000] {logging_mixin.py:188} INFO - İstek başarılı.
[2024-02-13T12:13:13.967+0000] {logging_mixin.py:188} INFO - İstek başarılı.
[2024-02-13T12:13:14.571+0000] {logging_mixin.py:188} INFO - İstek başarılı.
[2024-02-13T12:13:15.146+0000] {logging_mixin.py:188} INFO - İstek başarılı.
[2024-02-13T12:13:15.720+0000] {logging_mixin.py:188} INFO - İstek başarılı.
[2024-02-13T12:13:16.227+0000] {logging_mixin.py:188} INFO - İstek başarılı.
[2024-02-13T12:13:16.763+0000] {logging_mixin.py:188} INFO - İstek başarılı.
[2024-02-13T12:13:17.348+0000] {logging_mixin.py:188} INFO - İstek başarılı.
[2024-02-13T12:13:18.135+0000] {logging_mixin.py:188} INFO - İstek başarılı.
[2024-02-13T12:13:18.693+0000] {logging_mixin.py:188} INFO - İstek başarılı.
[2024-02-13T12:13:19.244+0000] {logging_mixin.py:188} INFO - İstek başarılı.
[2024-02-13T12:13:19.800+0000] {logging_mixin.py:188} INFO - İstek başarılı.
[2024-02-13T12:13:20.281+0000] {logging_mixin.py:188} INFO - İstek başarılı.
[2024-02-13T12:13:20.821+0000] {logging_mixin.py:188} INFO - İstek başarılı.
[2024-02-13T12:13:21.556+0000] {logging_mixin.py:188} INFO - İstek başarılı.
[2024-02-13T12:13:22.182+0000] {logging_mixin.py:188} INFO - İstek başarılı.
[2024-02-13T12:13:22.967+0000] {logging_mixin.py:188} INFO - İstek başarılı.
[2024-02-13T12:13:23.885+0000] {logging_mixin.py:188} INFO - İstek başarılı.
[2024-02-13T12:13:24.740+0000] {logging_mixin.py:188} INFO - İstek başarılı.
[2024-02-13T12:13:25.813+0000] {logging_mixin.py:188} INFO - İstek başarılı.
[2024-02-13T12:13:26.881+0000] {logging_mixin.py:188} INFO - İstek başarılı.
[2024-02-13T12:13:26.925+0000] {taskinstance.py:2698} ERROR - Task failed with exception
Traceback (most recent call last):
  File "/home/airflow/.local/lib/python3.8/site-packages/airflow/models/taskinstance.py", line 433, in _execute_task
    result = execute_callable(context=context, **execute_callable_kwargs)
  File "/home/airflow/.local/lib/python3.8/site-packages/airflow/operators/python.py", line 199, in execute
    return_value = self.execute_callable()
  File "/home/airflow/.local/lib/python3.8/site-packages/airflow/operators/python.py", line 216, in execute_callable
    return self.python_callable(*self.op_args, **self.op_kwargs)
  File "/opt/airflow/dags/consumer_dag.py", line 38, in main
    rows = list(reader)  # CSV dosyasındaki tüm satırları al
  File "/usr/local/lib/python3.8/csv.py", line 110, in __next__
    self.fieldnames
  File "/usr/local/lib/python3.8/csv.py", line 97, in fieldnames
    self._fieldnames = next(self.reader)
_csv.Error: line contains NUL
[2024-02-13T12:13:27.023+0000] {taskinstance.py:1138} INFO - Marking task as FAILED. dag_id=baserowdata, task_id=consumer_task, execution_date=20240212T031000, start_date=20240213T121301, end_date=20240213T121327
[2024-02-13T12:13:27.181+0000] {standard_task_runner.py:107} ERROR - Failed to execute job 28 for task consumer_task (line contains NUL; 150)
[2024-02-13T12:13:27.315+0000] {local_task_job_runner.py:234} INFO - Task exited with return code 1
[2024-02-13T12:13:27.626+0000] {taskinstance.py:3280} INFO - 0 downstream tasks scheduled from follow-on schedule check
