[2024-02-13T12:12:43.727+0000] {taskinstance.py:1956} INFO - Dependencies all met for dep_context=non-requeueable deps ti=<TaskInstance: baserowdata.consumer_task scheduled__2024-02-12T02:40:00+00:00 [queued]>
[2024-02-13T12:12:43.760+0000] {taskinstance.py:1956} INFO - Dependencies all met for dep_context=requeueable deps ti=<TaskInstance: baserowdata.consumer_task scheduled__2024-02-12T02:40:00+00:00 [queued]>
[2024-02-13T12:12:43.761+0000] {taskinstance.py:2170} INFO - Starting attempt 1 of 1
[2024-02-13T12:12:43.806+0000] {taskinstance.py:2191} INFO - Executing <Task(PythonOperator): consumer_task> on 2024-02-12 02:40:00+00:00
[2024-02-13T12:12:43.826+0000] {standard_task_runner.py:60} INFO - Started process 134 to run task
[2024-02-13T12:12:43.843+0000] {standard_task_runner.py:87} INFO - Running: ['***', 'tasks', 'run', 'baserowdata', 'consumer_task', 'scheduled__2024-02-12T02:40:00+00:00', '--job-id', '25', '--raw', '--subdir', 'DAGS_FOLDER/consumer_dag.py', '--cfg-path', '/tmp/tmp68j1c1xv']
[2024-02-13T12:12:43.851+0000] {standard_task_runner.py:88} INFO - Job 25: Subtask consumer_task
[2024-02-13T12:12:44.100+0000] {task_command.py:423} INFO - Running <TaskInstance: baserowdata.consumer_task scheduled__2024-02-12T02:40:00+00:00 [running]> on host b9c9154d9bc2
[2024-02-13T12:12:44.443+0000] {taskinstance.py:2480} INFO - Exporting env vars: AIRFLOW_CTX_DAG_OWNER='***' AIRFLOW_CTX_DAG_ID='baserowdata' AIRFLOW_CTX_TASK_ID='consumer_task' AIRFLOW_CTX_EXECUTION_DATE='2024-02-12T02:40:00+00:00' AIRFLOW_CTX_TRY_NUMBER='1' AIRFLOW_CTX_DAG_RUN_ID='scheduled__2024-02-12T02:40:00+00:00'
[2024-02-13T12:12:44.989+0000] {logging_mixin.py:188} INFO - İstek başarılı.
[2024-02-13T12:12:45.517+0000] {logging_mixin.py:188} INFO - İstek başarılı.
[2024-02-13T12:12:46.068+0000] {logging_mixin.py:188} INFO - İstek başarılı.
[2024-02-13T12:12:46.657+0000] {logging_mixin.py:188} INFO - İstek başarılı.
[2024-02-13T12:12:47.245+0000] {logging_mixin.py:188} INFO - İstek başarılı.
[2024-02-13T12:12:47.763+0000] {logging_mixin.py:188} INFO - İstek başarılı.
[2024-02-13T12:12:48.387+0000] {logging_mixin.py:188} INFO - İstek başarılı.
[2024-02-13T12:12:48.901+0000] {logging_mixin.py:188} INFO - İstek başarılı.
[2024-02-13T12:12:49.609+0000] {logging_mixin.py:188} INFO - İstek başarılı.
[2024-02-13T12:12:50.242+0000] {logging_mixin.py:188} INFO - İstek başarılı.
[2024-02-13T12:12:50.745+0000] {logging_mixin.py:188} INFO - İstek başarılı.
[2024-02-13T12:12:51.340+0000] {logging_mixin.py:188} INFO - İstek başarılı.
[2024-02-13T12:12:51.825+0000] {logging_mixin.py:188} INFO - İstek başarılı.
[2024-02-13T12:12:52.333+0000] {logging_mixin.py:188} INFO - İstek başarılı.
[2024-02-13T12:12:52.858+0000] {logging_mixin.py:188} INFO - İstek başarılı.
[2024-02-13T12:12:53.603+0000] {logging_mixin.py:188} INFO - İstek başarılı.
[2024-02-13T12:12:54.207+0000] {logging_mixin.py:188} INFO - İstek başarılı.
[2024-02-13T12:12:54.800+0000] {logging_mixin.py:188} INFO - İstek başarılı.
[2024-02-13T12:12:55.334+0000] {logging_mixin.py:188} INFO - İstek başarılı.
[2024-02-13T12:12:55.813+0000] {logging_mixin.py:188} INFO - İstek başarılı.
[2024-02-13T12:12:56.320+0000] {logging_mixin.py:188} INFO - İstek başarılı.
[2024-02-13T12:12:56.857+0000] {logging_mixin.py:188} INFO - İstek başarılı.
[2024-02-13T12:12:57.389+0000] {logging_mixin.py:188} INFO - İstek başarılı.
[2024-02-13T12:12:57.981+0000] {logging_mixin.py:188} INFO - İstek başarılı.
[2024-02-13T12:12:58.862+0000] {logging_mixin.py:188} INFO - İstek başarılı.
[2024-02-13T12:12:59.932+0000] {logging_mixin.py:188} INFO - İstek başarılı.
[2024-02-13T12:13:00.753+0000] {logging_mixin.py:188} INFO - İstek başarılı.
[2024-02-13T12:13:01.717+0000] {logging_mixin.py:188} INFO - İstek başarılı.
[2024-02-13T12:13:02.608+0000] {logging_mixin.py:188} INFO - İstek başarılı.
[2024-02-13T12:13:03.227+0000] {logging_mixin.py:188} INFO - İstek başarılı.
[2024-02-13T12:13:03.847+0000] {logging_mixin.py:188} INFO - İstek başarılı.
[2024-02-13T12:13:04.563+0000] {logging_mixin.py:188} INFO - İstek başarılı.
[2024-02-13T12:13:05.817+0000] {logging_mixin.py:188} INFO - İstek başarılı.
[2024-02-13T12:13:06.693+0000] {logging_mixin.py:188} INFO - İstek başarılı.
[2024-02-13T12:13:07.532+0000] {logging_mixin.py:188} INFO - İstek başarılı.
[2024-02-13T12:13:08.558+0000] {logging_mixin.py:188} INFO - İstek başarılı.
[2024-02-13T12:13:09.536+0000] {logging_mixin.py:188} INFO - İstek başarılı.
[2024-02-13T12:13:10.143+0000] {logging_mixin.py:188} INFO - İstek başarılı.
[2024-02-13T12:13:10.835+0000] {logging_mixin.py:188} INFO - İstek başarılı.
[2024-02-13T12:13:11.357+0000] {logging_mixin.py:188} INFO - İstek başarılı.
[2024-02-13T12:13:12.099+0000] {logging_mixin.py:188} INFO - İstek başarılı.
[2024-02-13T12:13:12.730+0000] {logging_mixin.py:188} INFO - İstek başarılı.
[2024-02-13T12:13:13.455+0000] {logging_mixin.py:188} INFO - İstek başarılı.
[2024-02-13T12:13:14.049+0000] {logging_mixin.py:188} INFO - İstek başarılı.
[2024-02-13T12:13:14.695+0000] {logging_mixin.py:188} INFO - İstek başarılı.
[2024-02-13T12:13:15.201+0000] {logging_mixin.py:188} INFO - İstek başarılı.
[2024-02-13T12:13:15.750+0000] {logging_mixin.py:188} INFO - İstek başarılı.
[2024-02-13T12:13:16.269+0000] {logging_mixin.py:188} INFO - İstek başarılı.
[2024-02-13T12:13:16.810+0000] {logging_mixin.py:188} INFO - İstek başarılı.
[2024-02-13T12:13:17.396+0000] {logging_mixin.py:188} INFO - İstek başarılı.
[2024-02-13T12:13:17.974+0000] {logging_mixin.py:188} INFO - İstek başarılı.
[2024-02-13T12:13:18.527+0000] {logging_mixin.py:188} INFO - İstek başarılı.
[2024-02-13T12:13:18.984+0000] {logging_mixin.py:188} INFO - İstek başarılı.
[2024-02-13T12:13:19.613+0000] {logging_mixin.py:188} INFO - İstek başarılı.
[2024-02-13T12:13:20.126+0000] {logging_mixin.py:188} INFO - İstek başarılı.
[2024-02-13T12:13:20.623+0000] {logging_mixin.py:188} INFO - İstek başarılı.
[2024-02-13T12:13:21.104+0000] {logging_mixin.py:188} INFO - İstek başarılı.
[2024-02-13T12:13:21.686+0000] {logging_mixin.py:188} INFO - İstek başarılı.
[2024-02-13T12:13:22.331+0000] {logging_mixin.py:188} INFO - İstek başarılı.
[2024-02-13T12:13:22.351+0000] {taskinstance.py:2698} ERROR - Task failed with exception
Traceback (most recent call last):
  File "/home/airflow/.local/lib/python3.8/site-packages/airflow/models/taskinstance.py", line 433, in _execute_task
    result = execute_callable(context=context, **execute_callable_kwargs)
  File "/home/airflow/.local/lib/python3.8/site-packages/airflow/operators/python.py", line 199, in execute
    return_value = self.execute_callable()
  File "/home/airflow/.local/lib/python3.8/site-packages/airflow/operators/python.py", line 216, in execute_callable
    return self.python_callable(*self.op_args, **self.op_kwargs)
  File "/opt/airflow/dags/consumer_dag.py", line 66, in main
    writer.writerows(rows)
  File "/usr/local/lib/python3.8/csv.py", line 157, in writerows
    return self.writer.writerows(map(self._dict_to_list, rowdicts))
  File "/usr/local/lib/python3.8/csv.py", line 149, in _dict_to_list
    raise ValueError("dict contains fields not in fieldnames: "
ValueError: dict contains fields not in fieldnames: None
[2024-02-13T12:13:22.427+0000] {taskinstance.py:1138} INFO - Marking task as FAILED. dag_id=baserowdata, task_id=consumer_task, execution_date=20240212T024000, start_date=20240213T121243, end_date=20240213T121322
[2024-02-13T12:13:22.495+0000] {standard_task_runner.py:107} ERROR - Failed to execute job 25 for task consumer_task (dict contains fields not in fieldnames: None; 134)
[2024-02-13T12:13:22.538+0000] {local_task_job_runner.py:234} INFO - Task exited with return code 1
[2024-02-13T12:13:22.618+0000] {taskinstance.py:3280} INFO - 0 downstream tasks scheduled from follow-on schedule check
